==> load train data
Files already downloaded and verified
Files already downloaded and verified
Files already downloaded and verified
Files already downloaded and verified
Files already downloaded and verified
Files already downloaded and verified
Files already downloaded and verified
Files already downloaded and verified
==> load test data
Files already downloaded and verified
Files already downloaded and verified
Files already downloaded and verified
Files already downloaded and verified
Files already downloaded and verified
Files already downloaded and verified
Files already downloaded and verified
Files already downloaded and verified
rank: 2, epoch: 0.000, loss: 2.083, train_acc: 21.664, test_acc: 24.540 epoch time: 4.015
rank: 0, epoch: 0.000, loss: 2.108, train_acc: 19.136, test_acc: 23.560 epoch time: 4.015
comp_time: 3.416, comm_time: 0.599, comp_time_budget: 0.851, comm_time_budget: 0.149
rank: 6, epoch: 0.000, loss: 2.056, train_acc: 22.592, test_acc: 27.570 epoch time: 4.072
rank: 4, epoch: 0.000, loss: 2.115, train_acc: 19.152, test_acc: 24.570 epoch time: 3.975
rank: 3, epoch: 0.000, loss: 2.053, train_acc: 22.176, test_acc: 26.390 epoch time: 4.095
rank: 5, epoch: 0.000, loss: 2.094, train_acc: 20.912, test_acc: 28.090 epoch time: 4.130
rank: 1, epoch: 0.000, loss: 2.060, train_acc: 21.920, test_acc: 29.860 epoch time: 4.982
rank: 7, epoch: 0.000, loss: 2.046, train_acc: 22.448, test_acc: 30.300 epoch time: 4.072
rank: 6, epoch: 1.000, loss: 1.772, train_acc: 33.392, test_acc: 38.200 epoch time: 3.518
rank: 0, epoch: 1.000, loss: 1.902, train_acc: 26.624, test_acc: 33.300 epoch time: 3.463
comp_time: 2.829, comm_time: 0.634, comp_time_budget: 0.817, comm_time_budget: 0.183
rank: 5, epoch: 1.000, loss: 1.841, train_acc: 29.520, test_acc: 25.880 epoch time: 3.571
rank: 3, epoch: 1.000, loss: 1.778, train_acc: 32.192, test_acc: 32.510 epoch time: 3.545
rank: 4, epoch: 1.000, loss: 1.891, train_acc: 27.248, test_acc: 31.590 epoch time: 3.443
rank: 2, epoch: 1.000, loss: 1.833, train_acc: 30.336, test_acc: 36.650 epoch time: 3.519
rank: 1, epoch: 1.000, loss: 1.807, train_acc: 31.344, test_acc: 27.740 epoch time: 3.564
rank: 7, epoch: 1.000, loss: 1.762, train_acc: 33.792, test_acc: 38.050 epoch time: 4.420
rank: 2, epoch: 2.000, loss: 1.664, train_acc: 36.800, test_acc: 34.130 epoch time: 3.520
rank: 0, epoch: 2.000, loss: 1.770, train_acc: 32.576, test_acc: 34.770 epoch time: 3.505
comp_time: 2.876, comm_time: 0.629, comp_time_budget: 0.820, comm_time_budget: 0.180
rank: 7, epoch: 2.000, loss: 1.573, train_acc: 41.936, test_acc: 37.900 epoch time: 3.561
rank: 6, epoch: 2.000, loss: 1.600, train_acc: 39.840, test_acc: 39.830 epoch time: 3.539
rank: 4, epoch: 2.000, loss: 1.775, train_acc: 33.088, test_acc: 25.360 epoch time: 3.473
rank: 1, epoch: 2.000, loss: 1.607, train_acc: 39.872, test_acc: 36.230 epoch time: 4.536
rank: 3, epoch: 2.000, loss: 1.579, train_acc: 42.032, test_acc: 37.790 epoch time: 3.567
rank: 5, epoch: 2.000, loss: 1.669, train_acc: 37.408, test_acc: 32.820 epoch time: 3.592
rank: 4, epoch: 3.000, loss: 1.640, train_acc: 39.472, test_acc: 32.230 epoch time: 3.487
rank: 2, epoch: 3.000, loss: 1.488, train_acc: 45.888, test_acc: 44.100 epoch time: 3.527
rank: 0, epoch: 3.000, loss: 1.650, train_acc: 38.080, test_acc: 34.970 epoch time: 3.498
comp_time: 2.866, comm_time: 0.633, comp_time_budget: 0.819, comm_time_budget: 0.181
rank: 3, epoch: 3.000, loss: 1.434, train_acc: 47.056, test_acc: 55.580 epoch time: 3.582
rank: 6, epoch: 3.000, loss: 1.421, train_acc: 48.320, test_acc: 41.900 epoch time: 3.562
rank: 5, epoch: 3.000, loss: 1.488, train_acc: 45.616, test_acc: 44.940 epoch time: 4.541
rank: 7, epoch: 3.000, loss: 1.386, train_acc: 49.648, test_acc: 44.910 epoch time: 3.570
rank: 1, epoch: 3.000, loss: 1.443, train_acc: 47.856, test_acc: 40.080 epoch time: 3.624
rank: 2, epoch: 4.000, loss: 1.384, train_acc: 50.480, test_acc: 52.070 epoch time: 3.486
rank: 3, epoch: 4.000, loss: 1.288, train_acc: 53.968, test_acc: 46.350 epoch time: 3.530
rank: 0, epoch: 4.000, loss: 1.530, train_acc: 43.760, test_acc: 38.370 epoch time: 3.445
comp_time: 2.823, comm_time: 0.622, comp_time_budget: 0.819, comm_time_budget: 0.181
rank: 7, epoch: 4.000, loss: 1.255, train_acc: 55.120, test_acc: 56.250 epoch time: 3.506
rank: 6, epoch: 4.000, loss: 1.289, train_acc: 53.600, test_acc: 43.570 epoch time: 3.500
rank: 4, epoch: 4.000, loss: 1.530, train_acc: 44.288, test_acc: 33.160 epoch time: 3.434
rank: 5, epoch: 4.000, loss: 1.389, train_acc: 49.696, test_acc: 49.370 epoch time: 4.454
rank: 1, epoch: 4.000, loss: 1.295, train_acc: 53.376, test_acc: 53.340 epoch time: 3.544
rank: 0, epoch: 5.000, loss: 1.426, train_acc: 48.096, test_acc: 49.160 epoch time: 3.447
comp_time: 2.822, comm_time: 0.625, comp_time_budget: 0.819, comm_time_budget: 0.181
rank: 4, epoch: 5.000, loss: 1.408, train_acc: 48.784, test_acc: 41.080 epoch time: 3.417
rank: 5, epoch: 5.000, loss: 1.266, train_acc: 55.440, test_acc: 47.740 epoch time: 3.554
rank: 3, epoch: 5.000, loss: 1.191, train_acc: 57.456, test_acc: 43.760 epoch time: 3.533
rank: 6, epoch: 5.000, loss: 1.185, train_acc: 57.664, test_acc: 50.290 epoch time: 3.522
rank: 2, epoch: 5.000, loss: 1.271, train_acc: 54.800, test_acc: 44.860 epoch time: 3.488
rank: 7, epoch: 5.000, loss: 1.159, train_acc: 58.992, test_acc: 52.040 epoch time: 3.508
rank: 1, epoch: 5.000, loss: 1.187, train_acc: 57.984, test_acc: 47.840 epoch time: 4.475
rank: 2, epoch: 6.000, loss: 1.203, train_acc: 57.776, test_acc: 37.320 epoch time: 3.480
rank: 1, epoch: 6.000, loss: 1.116, train_acc: 60.736, test_acc: 44.310 epoch time: 4.467
rank: 0, epoch: 6.000, loss: 1.349, train_acc: 51.600, test_acc: 47.860 epoch time: 3.452
comp_time: 2.827, comm_time: 0.624, comp_time_budget: 0.819, comm_time_budget: 0.181
rank: 4, epoch: 6.000, loss: 1.321, train_acc: 51.968, test_acc: 34.590 epoch time: 3.435
rank: 6, epoch: 6.000, loss: 1.097, train_acc: 60.928, test_acc: 50.210 epoch time: 3.496
rank: 3, epoch: 6.000, loss: 1.107, train_acc: 61.376, test_acc: 45.430 epoch time: 3.531
rank: 5, epoch: 6.000, loss: 1.198, train_acc: 57.552, test_acc: 21.350 epoch time: 3.549
rank: 7, epoch: 6.000, loss: 1.063, train_acc: 62.752, test_acc: 55.160 epoch time: 3.504
rank: 0, epoch: 7.000, loss: 1.279, train_acc: 54.464, test_acc: 29.730 epoch time: 3.495
comp_time: 2.858, comm_time: 0.636, comp_time_budget: 0.818, comm_time_budget: 0.182
rank: 4, epoch: 7.000, loss: 1.249, train_acc: 55.056, test_acc: 34.250 epoch time: 3.478
rank: 6, epoch: 7.000, loss: 1.015, train_acc: 64.864, test_acc: 53.940 epoch time: 3.544
rank: 1, epoch: 7.000, loss: 1.036, train_acc: 63.344, test_acc: 50.600 epoch time: 3.617
rank: 2, epoch: 7.000, loss: 1.143, train_acc: 60.576, test_acc: 22.740 epoch time: 3.525
rank: 7, epoch: 7.000, loss: 1.011, train_acc: 63.968, test_acc: 60.240 epoch time: 4.479
rank: 3, epoch: 7.000, loss: 1.013, train_acc: 64.864, test_acc: 37.900 epoch time: 3.605
rank: 5, epoch: 7.000, loss: 1.123, train_acc: 60.912, test_acc: 42.470 epoch time: 3.596
rank: 0, epoch: 8.000, loss: 1.204, train_acc: 57.264, test_acc: 36.370 epoch time: 3.455
comp_time: 2.830, comm_time: 0.625, comp_time_budget: 0.819, comm_time_budget: 0.181
rank: 5, epoch: 8.000, loss: 1.072, train_acc: 62.128, test_acc: 55.600 epoch time: 4.483
rank: 2, epoch: 8.000, loss: 1.068, train_acc: 62.656, test_acc: 30.030 epoch time: 3.463
rank: 6, epoch: 8.000, loss: 0.950, train_acc: 66.480, test_acc: 70.000 epoch time: 3.496
rank: 1, epoch: 8.000, loss: 0.999, train_acc: 64.736, test_acc: 47.650 epoch time: 3.538
rank: 4, epoch: 8.000, loss: 1.184, train_acc: 57.936, test_acc: 27.640 epoch time: 3.424
rank: 3, epoch: 8.000, loss: 0.959, train_acc: 66.800, test_acc: 62.030 epoch time: 3.530
rank: 7, epoch: 8.000, loss: 0.938, train_acc: 67.280, test_acc: 54.890 epoch time: 3.498
rank: 0, epoch: 9.000, loss: 1.140, train_acc: 59.664, test_acc: 30.570 epoch time: 3.497
comp_time: 2.867, comm_time: 0.630, comp_time_budget: 0.820, comm_time_budget: 0.180
rank: 5, epoch: 9.000, loss: 1.038, train_acc: 64.272, test_acc: 56.490 epoch time: 3.608
rank: 4, epoch: 9.000, loss: 1.143, train_acc: 59.968, test_acc: 55.910 epoch time: 3.478
rank: 3, epoch: 9.000, loss: 0.918, train_acc: 67.856, test_acc: 36.440 epoch time: 3.594
rank: 6, epoch: 9.000, loss: 0.915, train_acc: 68.256, test_acc: 69.030 epoch time: 3.548
rank: 2, epoch: 9.000, loss: 1.049, train_acc: 63.952, test_acc: 41.190 epoch time: 3.532
rank: 7, epoch: 9.000, loss: 0.914, train_acc: 67.952, test_acc: 65.140 epoch time: 3.569
rank: 1, epoch: 9.000, loss: 0.913, train_acc: 68.528, test_acc: 59.490 epoch time: 4.537
rank: 1, epoch: 10.000, loss: 0.903, train_acc: 68.384, test_acc: 68.360 epoch time: 3.584
rank: 6, epoch: 10.000, loss: 0.892, train_acc: 69.120, test_acc: 55.030 epoch time: 3.532
rank: 4, epoch: 10.000, loss: 1.113, train_acc: 61.008, test_acc: 50.440 epoch time: 3.460
rank: 0, epoch: 10.000, loss: 1.128, train_acc: 60.272, test_acc: 52.420 epoch time: 3.476
comp_time: 2.839, comm_time: 0.638, comp_time_budget: 0.817, comm_time_budget: 0.183
rank: 2, epoch: 10.000, loss: 0.994, train_acc: 66.016, test_acc: 56.540 epoch time: 3.520
rank: 3, epoch: 10.000, loss: 0.863, train_acc: 69.840, test_acc: 69.230 epoch time: 4.518
rank: 7, epoch: 10.000, loss: 0.859, train_acc: 70.208, test_acc: 67.930 epoch time: 3.545
rank: 5, epoch: 10.000, loss: 1.030, train_acc: 64.032, test_acc: 57.860 epoch time: 3.583
rank: 2, epoch: 11.000, loss: 0.983, train_acc: 65.984, test_acc: 39.170 epoch time: 3.551
rank: 7, epoch: 11.000, loss: 0.839, train_acc: 71.184, test_acc: 55.780 epoch time: 4.501
rank: 0, epoch: 11.000, loss: 1.061, train_acc: 63.184, test_acc: 50.440 epoch time: 3.508
comp_time: 2.870, comm_time: 0.638, comp_time_budget: 0.818, comm_time_budget: 0.182
rank: 4, epoch: 11.000, loss: 1.078, train_acc: 62.672, test_acc: 54.830 epoch time: 3.490
rank: 6, epoch: 11.000, loss: 0.862, train_acc: 70.608, test_acc: 50.810 epoch time: 3.568
rank: 1, epoch: 11.000, loss: 0.883, train_acc: 69.488, test_acc: 54.830 epoch time: 3.614
rank: 5, epoch: 11.000, loss: 0.966, train_acc: 66.800, test_acc: 52.260 epoch time: 3.621
rank: 3, epoch: 11.000, loss: 0.854, train_acc: 70.592, test_acc: 55.450 epoch time: 3.625
rank: 1, epoch: 12.000, loss: 0.837, train_acc: 71.840, test_acc: 68.200 epoch time: 3.622
rank: 6, epoch: 12.000, loss: 0.838, train_acc: 71.264, test_acc: 71.780 epoch time: 3.556
rank: 3, epoch: 12.000, loss: 0.822, train_acc: 72.416, test_acc: 65.090 epoch time: 4.528
rank: 4, epoch: 12.000, loss: 1.052, train_acc: 63.200, test_acc: 28.950 epoch time: 3.479
rank: 0, epoch: 12.000, loss: 1.029, train_acc: 63.952, test_acc: 44.860 epoch time: 3.512
comp_time: 2.870, comm_time: 0.643, comp_time_budget: 0.817, comm_time_budget: 0.183
rank: 2, epoch: 12.000, loss: 0.947, train_acc: 67.152, test_acc: 46.070 epoch time: 3.529
rank: 7, epoch: 12.000, loss: 0.831, train_acc: 71.280, test_acc: 66.530 epoch time: 3.561
rank: 5, epoch: 12.000, loss: 0.969, train_acc: 66.688, test_acc: 38.080 epoch time: 3.608
rank: 2, epoch: 13.000, loss: 0.957, train_acc: 67.120, test_acc: 60.500 epoch time: 3.529
rank: 4, epoch: 13.000, loss: 1.000, train_acc: 65.360, test_acc: 56.240 epoch time: 3.478
rank: 6, epoch: 13.000, loss: 0.831, train_acc: 71.152, test_acc: 65.910 epoch time: 3.542
rank: 1, epoch: 13.000, loss: 0.840, train_acc: 71.616, test_acc: 56.530 epoch time: 3.627
rank: 5, epoch: 13.000, loss: 0.940, train_acc: 67.344, test_acc: 57.890 epoch time: 4.522
rank: 0, epoch: 13.000, loss: 1.014, train_acc: 64.272, test_acc: 58.730 epoch time: 3.497
comp_time: 2.865, comm_time: 0.633, comp_time_budget: 0.819, comm_time_budget: 0.181
rank: 7, epoch: 13.000, loss: 0.803, train_acc: 72.688, test_acc: 58.470 epoch time: 3.562
rank: 3, epoch: 13.000, loss: 0.822, train_acc: 72.176, test_acc: 51.930 epoch time: 3.599
rank: 4, epoch: 14.000, loss: 0.977, train_acc: 65.872, test_acc: 43.130 epoch time: 3.488
rank: 2, epoch: 14.000, loss: 0.920, train_acc: 68.224, test_acc: 32.000 epoch time: 3.535
rank: 6, epoch: 14.000, loss: 0.796, train_acc: 72.608, test_acc: 72.790 epoch time: 3.551
rank: 3, epoch: 14.000, loss: 0.793, train_acc: 72.272, test_acc: 69.420 epoch time: 4.524
rank: 7, epoch: 14.000, loss: 0.795, train_acc: 72.672, test_acc: 49.130 epoch time: 3.562
rank: 0, epoch: 14.000, loss: 0.983, train_acc: 66.448, test_acc: 58.840 epoch time: 3.501
comp_time: 2.863, comm_time: 0.638, comp_time_budget: 0.818, comm_time_budget: 0.182
rank: 1, epoch: 14.000, loss: 0.796, train_acc: 72.688, test_acc: 63.750 epoch time: 3.611
rank: 5, epoch: 14.000, loss: 0.929, train_acc: 67.552, test_acc: 42.000 epoch time: 3.612
rank: 7, epoch: 15.000, loss: 0.778, train_acc: 73.120, test_acc: 62.230 epoch time: 3.575
rank: 4, epoch: 15.000, loss: 0.944, train_acc: 67.216, test_acc: 65.850 epoch time: 3.484
rank: 2, epoch: 15.000, loss: 0.902, train_acc: 69.152, test_acc: 43.920 epoch time: 3.527
rank: 3, epoch: 15.000, loss: 0.786, train_acc: 73.024, test_acc: 50.620 epoch time: 3.584
rank: 0, epoch: 15.000, loss: 0.960, train_acc: 66.848, test_acc: 58.670 epoch time: 3.503
comp_time: 2.867, comm_time: 0.636, comp_time_budget: 0.819, comm_time_budget: 0.181
rank: 6, epoch: 15.000, loss: 0.786, train_acc: 73.472, test_acc: 54.540 epoch time: 3.556
rank: 1, epoch: 15.000, loss: 0.810, train_acc: 72.448, test_acc: 69.030 epoch time: 4.557
rank: 5, epoch: 15.000, loss: 0.937, train_acc: 68.048, test_acc: 62.770 epoch time: 3.602
rank: 2, epoch: 16.000, loss: 0.882, train_acc: 69.792, test_acc: 48.950 epoch time: 3.465
rank: 6, epoch: 16.000, loss: 0.798, train_acc: 72.752, test_acc: 65.790 epoch time: 3.498
rank: 3, epoch: 16.000, loss: 0.770, train_acc: 73.904, test_acc: 61.530 epoch time: 3.521
rank: 0, epoch: 16.000, loss: 0.964, train_acc: 66.416, test_acc: 56.060 epoch time: 3.456
comp_time: 2.831, comm_time: 0.625, comp_time_budget: 0.819, comm_time_budget: 0.181
rank: 4, epoch: 16.000, loss: 0.944, train_acc: 66.880, test_acc: 35.840 epoch time: 3.418
rank: 5, epoch: 16.000, loss: 0.906, train_acc: 68.640, test_acc: 45.730 epoch time: 4.453
rank: 7, epoch: 16.000, loss: 0.762, train_acc: 74.080, test_acc: 50.640 epoch time: 3.507
rank: 1, epoch: 16.000, loss: 0.768, train_acc: 73.696, test_acc: 63.360 epoch time: 3.539
rank: 5, epoch: 17.000, loss: 0.885, train_acc: 69.744, test_acc: 70.320 epoch time: 4.541
rank: 0, epoch: 17.000, loss: 0.924, train_acc: 68.368, test_acc: 61.640 epoch time: 3.504
comp_time: 2.865, comm_time: 0.639, comp_time_budget: 0.818, comm_time_budget: 0.182
rank: 2, epoch: 17.000, loss: 0.895, train_acc: 69.488, test_acc: 45.320 epoch time: 3.552
rank: 1, epoch: 17.000, loss: 0.789, train_acc: 72.880, test_acc: 60.570 epoch time: 3.626
rank: 6, epoch: 17.000, loss: 0.769, train_acc: 74.368, test_acc: 70.220 epoch time: 3.566
rank: 7, epoch: 17.000, loss: 0.743, train_acc: 74.240, test_acc: 69.800 epoch time: 3.570
rank: 4, epoch: 17.000, loss: 0.941, train_acc: 67.648, test_acc: 57.760 epoch time: 3.493
rank: 3, epoch: 17.000, loss: 0.755, train_acc: 73.968, test_acc: 69.220 epoch time: 3.604
rank: 6, epoch: 18.000, loss: 0.735, train_acc: 74.704, test_acc: 71.360 epoch time: 3.524
rank: 2, epoch: 18.000, loss: 0.859, train_acc: 70.496, test_acc: 45.600 epoch time: 3.517
rank: 5, epoch: 18.000, loss: 0.887, train_acc: 69.760, test_acc: 60.440 epoch time: 3.583
rank: 0, epoch: 18.000, loss: 0.942, train_acc: 67.264, test_acc: 51.130 epoch time: 3.471
comp_time: 2.834, comm_time: 0.638, comp_time_budget: 0.816, comm_time_budget: 0.184
rank: 7, epoch: 18.000, loss: 0.763, train_acc: 73.904, test_acc: 65.680 epoch time: 3.537
rank: 4, epoch: 18.000, loss: 0.916, train_acc: 68.112, test_acc: 53.770 epoch time: 3.456
rank: 1, epoch: 18.000, loss: 0.777, train_acc: 73.088, test_acc: 48.510 epoch time: 3.586
rank: 3, epoch: 18.000, loss: 0.746, train_acc: 74.064, test_acc: 63.540 epoch time: 4.499
rank: 2, epoch: 19.000, loss: 0.867, train_acc: 70.496, test_acc: 70.530 epoch time: 3.532
rank: 5, epoch: 19.000, loss: 0.878, train_acc: 70.096, test_acc: 55.330 epoch time: 3.611
rank: 6, epoch: 19.000, loss: 0.751, train_acc: 74.800, test_acc: 68.410 epoch time: 3.608
rank: 0, epoch: 19.000, loss: 0.920, train_acc: 68.208, test_acc: 55.090 epoch time: 3.495
comp_time: 2.859, comm_time: 0.636, comp_time_budget: 0.818, comm_time_budget: 0.182
rank: 4, epoch: 19.000, loss: 0.899, train_acc: 68.368, test_acc: 54.980 epoch time: 3.489
rank: 3, epoch: 19.000, loss: 0.756, train_acc: 74.224, test_acc: 70.050 epoch time: 3.586
rank: 1, epoch: 19.000, loss: 0.773, train_acc: 73.600, test_acc: 61.570 epoch time: 4.551
rank: 7, epoch: 19.000, loss: 0.746, train_acc: 74.016, test_acc: 54.970 epoch time: 3.586
rank: 2, epoch: 20.000, loss: 0.878, train_acc: 70.480, test_acc: 24.770 epoch time: 3.525
rank: 4, epoch: 20.000, loss: 0.897, train_acc: 69.072, test_acc: 47.050 epoch time: 3.481
rank: 6, epoch: 20.000, loss: 0.731, train_acc: 75.040, test_acc: 75.340 epoch time: 3.542
rank: 0, epoch: 20.000, loss: 0.888, train_acc: 68.688, test_acc: 50.130 epoch time: 3.501
comp_time: 2.871, comm_time: 0.630, comp_time_budget: 0.820, comm_time_budget: 0.180
rank: 5, epoch: 20.000, loss: 0.852, train_acc: 70.336, test_acc: 46.030 epoch time: 3.655
rank: 1, epoch: 20.000, loss: 0.765, train_acc: 74.480, test_acc: 67.650 epoch time: 4.545
rank: 3, epoch: 20.000, loss: 0.744, train_acc: 74.816, test_acc: 74.310 epoch time: 3.603
rank: 7, epoch: 20.000, loss: 0.729, train_acc: 75.104, test_acc: 59.950 epoch time: 3.565
rank: 6, epoch: 21.000, loss: 0.718, train_acc: 75.312, test_acc: 61.130 epoch time: 3.566
rank: 2, epoch: 21.000, loss: 0.835, train_acc: 71.056, test_acc: 55.590 epoch time: 3.559
rank: 7, epoch: 21.000, loss: 0.727, train_acc: 75.424, test_acc: 59.380 epoch time: 3.577
rank: 4, epoch: 21.000, loss: 0.899, train_acc: 69.664, test_acc: 50.860 epoch time: 3.488
rank: 1, epoch: 21.000, loss: 0.747, train_acc: 74.480, test_acc: 51.420 epoch time: 3.621
rank: 5, epoch: 21.000, loss: 0.839, train_acc: 70.848, test_acc: 49.260 epoch time: 4.543
rank: 0, epoch: 21.000, loss: 0.902, train_acc: 68.736, test_acc: 67.870 epoch time: 3.506
comp_time: 2.868, comm_time: 0.638, comp_time_budget: 0.818, comm_time_budget: 0.182
rank: 3, epoch: 21.000, loss: 0.740, train_acc: 74.800, test_acc: 63.080 epoch time: 3.596
rank: 0, epoch: 22.000, loss: 0.866, train_acc: 70.032, test_acc: 57.380 epoch time: 3.510
comp_time: 2.872, comm_time: 0.638, comp_time_budget: 0.818, comm_time_budget: 0.182
rank: 2, epoch: 22.000, loss: 0.870, train_acc: 70.528, test_acc: 32.250 epoch time: 3.539
rank: 1, epoch: 22.000, loss: 0.749, train_acc: 73.904, test_acc: 58.590 epoch time: 3.614
rank: 4, epoch: 22.000, loss: 0.886, train_acc: 69.904, test_acc: 32.690 epoch time: 3.492
rank: 6, epoch: 22.000, loss: 0.709, train_acc: 76.080, test_acc: 63.570 epoch time: 3.581
rank: 3, epoch: 22.000, loss: 0.727, train_acc: 75.488, test_acc: 62.070 epoch time: 4.524
rank: 7, epoch: 22.000, loss: 0.710, train_acc: 76.112, test_acc: 68.220 epoch time: 3.562
rank: 5, epoch: 22.000, loss: 0.868, train_acc: 70.256, test_acc: 58.380 epoch time: 3.624
rank: 0, epoch: 23.000, loss: 0.866, train_acc: 69.840, test_acc: 32.210 epoch time: 3.516
comp_time: 2.873, comm_time: 0.643, comp_time_budget: 0.817, comm_time_budget: 0.183
rank: 2, epoch: 23.000, loss: 0.856, train_acc: 70.544, test_acc: 59.030 epoch time: 3.541
rank: 1, epoch: 23.000, loss: 0.738, train_acc: 74.352, test_acc: 57.190 epoch time: 3.617
rank: 4, epoch: 23.000, loss: 0.872, train_acc: 69.536, test_acc: 45.700 epoch time: 3.485
rank: 3, epoch: 23.000, loss: 0.704, train_acc: 76.800, test_acc: 47.990 epoch time: 3.598
rank: 7, epoch: 23.000, loss: 0.704, train_acc: 75.664, test_acc: 57.970 epoch time: 4.509
rank: 6, epoch: 23.000, loss: 0.713, train_acc: 75.904, test_acc: 57.120 epoch time: 3.557
rank: 5, epoch: 23.000, loss: 0.847, train_acc: 71.392, test_acc: 52.120 epoch time: 3.603
rank: 2, epoch: 24.000, loss: 0.815, train_acc: 72.464, test_acc: 25.450 epoch time: 3.552
rank: 4, epoch: 24.000, loss: 0.870, train_acc: 70.448, test_acc: 59.130 epoch time: 3.498
rank: 5, epoch: 24.000, loss: 0.859, train_acc: 70.528, test_acc: 50.650 epoch time: 4.555
rank: 0, epoch: 24.000, loss: 0.862, train_acc: 69.728, test_acc: 61.310 epoch time: 3.508
comp_time: 2.865, comm_time: 0.643, comp_time_budget: 0.817, comm_time_budget: 0.183
rank: 1, epoch: 24.000, loss: 0.737, train_acc: 74.352, test_acc: 60.070 epoch time: 3.623
rank: 3, epoch: 24.000, loss: 0.691, train_acc: 76.320, test_acc: 54.150 epoch time: 3.603
rank: 6, epoch: 24.000, loss: 0.700, train_acc: 75.616, test_acc: 62.590 epoch time: 3.569
rank: 7, epoch: 24.000, loss: 0.704, train_acc: 75.424, test_acc: 66.510 epoch time: 3.588
rank: 0, epoch: 25.000, loss: 0.860, train_acc: 70.624, test_acc: 57.940 epoch time: 3.540
comp_time: 2.901, comm_time: 0.638, comp_time_budget: 0.820, comm_time_budget: 0.180
rank: 4, epoch: 25.000, loss: 0.855, train_acc: 70.640, test_acc: 60.900 epoch time: 3.475
rank: 3, epoch: 25.000, loss: 0.724, train_acc: 75.600, test_acc: 67.050 epoch time: 4.506
rank: 6, epoch: 25.000, loss: 0.689, train_acc: 76.224, test_acc: 68.970 epoch time: 3.535
rank: 5, epoch: 25.000, loss: 0.836, train_acc: 71.200, test_acc: 48.780 epoch time: 3.593
rank: 2, epoch: 25.000, loss: 0.835, train_acc: 71.632, test_acc: 53.170 epoch time: 3.535
rank: 1, epoch: 25.000, loss: 0.744, train_acc: 74.448, test_acc: 47.680 epoch time: 3.596
rank: 7, epoch: 25.000, loss: 0.682, train_acc: 77.120, test_acc: 69.960 epoch time: 3.556
rank: 2, epoch: 26.000, loss: 0.828, train_acc: 71.664, test_acc: 13.330 epoch time: 3.483
rank: 7, epoch: 26.000, loss: 0.695, train_acc: 76.144, test_acc: 65.100 epoch time: 3.510
rank: 0, epoch: 26.000, loss: 0.854, train_acc: 71.008, test_acc: 60.730 epoch time: 3.453
comp_time: 2.821, comm_time: 0.632, comp_time_budget: 0.817, comm_time_budget: 0.183
rank: 6, epoch: 26.000, loss: 0.712, train_acc: 75.744, test_acc: 60.070 epoch time: 3.521
rank: 5, epoch: 26.000, loss: 0.834, train_acc: 71.168, test_acc: 51.460 epoch time: 3.564
rank: 4, epoch: 26.000, loss: 0.842, train_acc: 71.056, test_acc: 57.260 epoch time: 3.498
rank: 3, epoch: 26.000, loss: 0.700, train_acc: 76.112, test_acc: 45.460 epoch time: 3.537
rank: 1, epoch: 26.000, loss: 0.707, train_acc: 75.968, test_acc: 69.110 epoch time: 4.484
rank: 2, epoch: 27.000, loss: 0.843, train_acc: 70.912, test_acc: 56.170 epoch time: 3.525
rank: 5, epoch: 27.000, loss: 0.825, train_acc: 72.016, test_acc: 70.450 epoch time: 3.605
rank: 4, epoch: 27.000, loss: 0.834, train_acc: 71.472, test_acc: 63.440 epoch time: 3.472
rank: 0, epoch: 27.000, loss: 0.860, train_acc: 70.288, test_acc: 58.240 epoch time: 3.487
comp_time: 2.855, comm_time: 0.632, comp_time_budget: 0.819, comm_time_budget: 0.181
rank: 6, epoch: 27.000, loss: 0.685, train_acc: 76.880, test_acc: 50.540 epoch time: 3.550
rank: 1, epoch: 27.000, loss: 0.719, train_acc: 75.232, test_acc: 68.760 epoch time: 4.535
rank: 7, epoch: 27.000, loss: 0.701, train_acc: 76.464, test_acc: 71.590 epoch time: 3.553
rank: 3, epoch: 27.000, loss: 0.697, train_acc: 76.512, test_acc: 69.540 epoch time: 3.574
rank: 6, epoch: 28.000, loss: 0.689, train_acc: 76.064, test_acc: 55.010 epoch time: 3.507
rank: 1, epoch: 28.000, loss: 0.709, train_acc: 75.760, test_acc: 62.040 epoch time: 4.474
rank: 4, epoch: 28.000, loss: 0.864, train_acc: 69.840, test_acc: 68.890 epoch time: 3.431
rank: 5, epoch: 28.000, loss: 0.813, train_acc: 72.320, test_acc: 11.740 epoch time: 3.540
rank: 0, epoch: 28.000, loss: 0.835, train_acc: 71.136, test_acc: 51.750 epoch time: 3.444
comp_time: 2.814, comm_time: 0.629, comp_time_budget: 0.817, comm_time_budget: 0.183
rank: 2, epoch: 28.000, loss: 0.814, train_acc: 71.808, test_acc: 47.350 epoch time: 3.467
rank: 7, epoch: 28.000, loss: 0.685, train_acc: 76.816, test_acc: 54.580 epoch time: 3.556
rank: 3, epoch: 28.000, loss: 0.694, train_acc: 75.920, test_acc: 50.710 epoch time: 3.525
rank: 0, epoch: 29.000, loss: 0.856, train_acc: 70.336, test_acc: 60.930 epoch time: 3.493
comp_time: 2.860, comm_time: 0.632, comp_time_budget: 0.819, comm_time_budget: 0.181
rank: 4, epoch: 29.000, loss: 0.828, train_acc: 71.664, test_acc: 67.090 epoch time: 3.562
rank: 3, epoch: 29.000, loss: 0.687, train_acc: 76.400, test_acc: 70.330 epoch time: 3.584
rank: 2, epoch: 29.000, loss: 0.817, train_acc: 72.144, test_acc: 60.560 epoch time: 3.535
rank: 1, epoch: 29.000, loss: 0.689, train_acc: 76.592, test_acc: 61.170 epoch time: 4.539
rank: 7, epoch: 29.000, loss: 0.678, train_acc: 77.168, test_acc: 58.810 epoch time: 3.572
rank: 6, epoch: 29.000, loss: 0.692, train_acc: 76.256, test_acc: 71.190 epoch time: 3.551
rank: 5, epoch: 29.000, loss: 0.838, train_acc: 71.760, test_acc: 59.190 epoch time: 3.600
rank: 6, epoch: 30.000, loss: 0.686, train_acc: 76.400, test_acc: 76.480 epoch time: 3.517
rank: 4, epoch: 30.000, loss: 0.833, train_acc: 72.144, test_acc: 51.730 epoch time: 3.434
rank: 2, epoch: 30.000, loss: 0.801, train_acc: 72.704, test_acc: 21.850 epoch time: 3.490
rank: 0, epoch: 30.000, loss: 0.837, train_acc: 70.368, test_acc: 52.270 epoch time: 3.449
comp_time: 2.813, comm_time: 0.636, comp_time_budget: 0.816, comm_time_budget: 0.184
rank: 5, epoch: 30.000, loss: 0.851, train_acc: 70.752, test_acc: 59.070 epoch time: 3.544
rank: 7, epoch: 30.000, loss: 0.675, train_acc: 77.168, test_acc: 53.120 epoch time: 4.455
rank: 3, epoch: 30.000, loss: 0.696, train_acc: 76.384, test_acc: 70.070 epoch time: 3.537
rank: 1, epoch: 30.000, loss: 0.699, train_acc: 76.160, test_acc: 46.290 epoch time: 3.547
rank: 4, epoch: 31.000, loss: 0.837, train_acc: 71.296, test_acc: 62.530 epoch time: 3.482
rank: 1, epoch: 31.000, loss: 0.709, train_acc: 76.048, test_acc: 67.230 epoch time: 3.610
rank: 0, epoch: 31.000, loss: 0.839, train_acc: 71.488, test_acc: 54.290 epoch time: 3.497
comp_time: 2.857, comm_time: 0.640, comp_time_budget: 0.817, comm_time_budget: 0.183
rank: 6, epoch: 31.000, loss: 0.666, train_acc: 77.488, test_acc: 53.810 epoch time: 3.557
rank: 7, epoch: 31.000, loss: 0.677, train_acc: 76.896, test_acc: 68.760 epoch time: 3.557
rank: 2, epoch: 31.000, loss: 0.827, train_acc: 71.872, test_acc: 55.350 epoch time: 3.532
rank: 5, epoch: 31.000, loss: 0.817, train_acc: 72.176, test_acc: 57.560 epoch time: 3.607
rank: 3, epoch: 31.000, loss: 0.662, train_acc: 77.776, test_acc: 71.860 epoch time: 4.532
rank: 2, epoch: 32.000, loss: 0.824, train_acc: 71.504, test_acc: 28.710 epoch time: 3.523
rank: 0, epoch: 32.000, loss: 0.843, train_acc: 71.360, test_acc: 63.860 epoch time: 3.494
comp_time: 2.862, comm_time: 0.632, comp_time_budget: 0.819, comm_time_budget: 0.181
rank: 7, epoch: 32.000, loss: 0.673, train_acc: 77.728, test_acc: 53.820 epoch time: 3.564
rank: 6, epoch: 32.000, loss: 0.676, train_acc: 77.680, test_acc: 72.360 epoch time: 3.563
rank: 5, epoch: 32.000, loss: 0.825, train_acc: 71.824, test_acc: 44.540 epoch time: 3.595
rank: 4, epoch: 32.000, loss: 0.821, train_acc: 71.600, test_acc: 52.810 epoch time: 3.480
rank: 3, epoch: 32.000, loss: 0.680, train_acc: 77.072, test_acc: 79.390 epoch time: 3.577
rank: 1, epoch: 32.000, loss: 0.695, train_acc: 76.576, test_acc: 69.030 epoch time: 4.537
rank: 4, epoch: 33.000, loss: 0.818, train_acc: 72.240, test_acc: 60.070 epoch time: 3.478
rank: 5, epoch: 33.000, loss: 0.813, train_acc: 72.256, test_acc: 54.770 epoch time: 3.604
rank: 1, epoch: 33.000, loss: 0.689, train_acc: 76.512, test_acc: 67.740 epoch time: 4.535
rank: 6, epoch: 33.000, loss: 0.660, train_acc: 76.832, test_acc: 69.790 epoch time: 3.552
rank: 0, epoch: 33.000, loss: 0.818, train_acc: 71.904, test_acc: 51.420 epoch time: 3.493
comp_time: 2.864, comm_time: 0.629, comp_time_budget: 0.820, comm_time_budget: 0.180
rank: 2, epoch: 33.000, loss: 0.784, train_acc: 73.536, test_acc: 52.620 epoch time: 3.528
rank: 3, epoch: 33.000, loss: 0.672, train_acc: 77.040, test_acc: 54.370 epoch time: 3.577
rank: 7, epoch: 33.000, loss: 0.680, train_acc: 76.944, test_acc: 55.830 epoch time: 3.573
rank: 2, epoch: 34.000, loss: 0.807, train_acc: 72.528, test_acc: 56.870 epoch time: 3.541
rank: 7, epoch: 34.000, loss: 0.669, train_acc: 76.944, test_acc: 44.090 epoch time: 4.485
rank: 1, epoch: 34.000, loss: 0.694, train_acc: 76.160, test_acc: 60.910 epoch time: 3.589
rank: 0, epoch: 34.000, loss: 0.813, train_acc: 72.080, test_acc: 41.880 epoch time: 3.499
comp_time: 2.866, comm_time: 0.633, comp_time_budget: 0.819, comm_time_budget: 0.181
rank: 6, epoch: 34.000, loss: 0.651, train_acc: 78.192, test_acc: 45.850 epoch time: 3.552
rank: 4, epoch: 34.000, loss: 0.833, train_acc: 70.928, test_acc: 44.710 epoch time: 3.508
rank: 5, epoch: 34.000, loss: 0.825, train_acc: 72.016, test_acc: 51.220 epoch time: 3.605
rank: 3, epoch: 34.000, loss: 0.680, train_acc: 77.184, test_acc: 69.400 epoch time: 3.604
rank: 2, epoch: 35.000, loss: 0.796, train_acc: 72.736, test_acc: 56.410 epoch time: 3.519
rank: 0, epoch: 35.000, loss: 0.823, train_acc: 71.808, test_acc: 49.210 epoch time: 3.494
comp_time: 2.859, comm_time: 0.635, comp_time_budget: 0.818, comm_time_budget: 0.182
rank: 4, epoch: 35.000, loss: 0.812, train_acc: 71.952, test_acc: 62.790 epoch time: 3.462
rank: 5, epoch: 35.000, loss: 0.813, train_acc: 72.240, test_acc: 34.900 epoch time: 3.601
rank: 6, epoch: 35.000, loss: 0.663, train_acc: 77.600, test_acc: 74.690 epoch time: 3.552
rank: 3, epoch: 35.000, loss: 0.677, train_acc: 77.728, test_acc: 70.330 epoch time: 3.583
rank: 1, epoch: 35.000, loss: 0.692, train_acc: 76.416, test_acc: 63.960 epoch time: 3.596
rank: 7, epoch: 35.000, loss: 0.690, train_acc: 76.688, test_acc: 77.570 epoch time: 4.482
rank: 3, epoch: 36.000, loss: 0.668, train_acc: 77.088, test_acc: 73.270 epoch time: 3.604
rank: 2, epoch: 36.000, loss: 0.809, train_acc: 72.640, test_acc: 34.570 epoch time: 3.539
rank: 0, epoch: 36.000, loss: 0.818, train_acc: 72.208, test_acc: 52.580 epoch time: 3.492
comp_time: 2.858, comm_time: 0.635, comp_time_budget: 0.818, comm_time_budget: 0.182
rank: 6, epoch: 36.000, loss: 0.649, train_acc: 78.064, test_acc: 76.900 epoch time: 3.558
rank: 4, epoch: 36.000, loss: 0.823, train_acc: 71.472, test_acc: 40.360 epoch time: 3.485
rank: 5, epoch: 36.000, loss: 0.817, train_acc: 72.256, test_acc: 24.580 epoch time: 3.617
rank: 1, epoch: 36.000, loss: 0.702, train_acc: 75.792, test_acc: 61.570 epoch time: 3.595
rank: 7, epoch: 36.000, loss: 0.655, train_acc: 77.408, test_acc: 55.790 epoch time: 4.479
rank: 2, epoch: 37.000, loss: 0.813, train_acc: 72.336, test_acc: 49.010 epoch time: 3.517
rank: 6, epoch: 37.000, loss: 0.648, train_acc: 78.096, test_acc: 71.350 epoch time: 3.538
rank: 0, epoch: 37.000, loss: 0.817, train_acc: 72.192, test_acc: 72.180 epoch time: 3.500
comp_time: 2.867, comm_time: 0.633, comp_time_budget: 0.819, comm_time_budget: 0.181
rank: 4, epoch: 37.000, loss: 0.803, train_acc: 72.256, test_acc: 74.480 epoch time: 3.475
rank: 1, epoch: 37.000, loss: 0.684, train_acc: 77.152, test_acc: 60.760 epoch time: 3.590
rank: 5, epoch: 37.000, loss: 0.799, train_acc: 72.528, test_acc: 55.540 epoch time: 3.608
rank: 7, epoch: 37.000, loss: 0.671, train_acc: 76.624, test_acc: 67.410 epoch time: 3.552
rank: 3, epoch: 37.000, loss: 0.669, train_acc: 77.792, test_acc: 61.590 epoch time: 4.500
rank: 0, epoch: 38.000, loss: 0.816, train_acc: 71.936, test_acc: 59.120 epoch time: 3.447
comp_time: 2.819, comm_time: 0.628, comp_time_budget: 0.818, comm_time_budget: 0.182
rank: 6, epoch: 38.000, loss: 0.664, train_acc: 77.600, test_acc: 70.070 epoch time: 3.502
rank: 2, epoch: 38.000, loss: 0.794, train_acc: 73.424, test_acc: 48.760 epoch time: 3.491
rank: 3, epoch: 38.000, loss: 0.654, train_acc: 77.568, test_acc: 55.000 epoch time: 3.539
rank: 4, epoch: 38.000, loss: 0.810, train_acc: 72.016, test_acc: 59.760 epoch time: 3.440
rank: 1, epoch: 38.000, loss: 0.687, train_acc: 76.032, test_acc: 59.240 epoch time: 3.543
rank: 5, epoch: 38.000, loss: 0.795, train_acc: 72.928, test_acc: 53.180 epoch time: 4.451
rank: 7, epoch: 38.000, loss: 0.653, train_acc: 77.568, test_acc: 60.060 epoch time: 3.507
rank: 4, epoch: 39.000, loss: 0.810, train_acc: 72.880, test_acc: 61.900 epoch time: 3.464
rank: 3, epoch: 39.000, loss: 0.658, train_acc: 77.616, test_acc: 64.450 epoch time: 3.578
rank: 0, epoch: 39.000, loss: 0.790, train_acc: 72.336, test_acc: 61.100 epoch time: 3.498
comp_time: 2.871, comm_time: 0.627, comp_time_budget: 0.821, comm_time_budget: 0.179
rank: 1, epoch: 39.000, loss: 0.679, train_acc: 76.544, test_acc: 66.270 epoch time: 3.620
rank: 2, epoch: 39.000, loss: 0.810, train_acc: 72.784, test_acc: 56.110 epoch time: 3.519
rank: 5, epoch: 39.000, loss: 0.822, train_acc: 72.016, test_acc: 57.890 epoch time: 4.525
rank: 6, epoch: 39.000, loss: 0.661, train_acc: 77.488, test_acc: 59.800 epoch time: 3.538
rank: 7, epoch: 39.000, loss: 0.648, train_acc: 77.824, test_acc: 68.200 epoch time: 3.553
rank: 2, epoch: 40.000, loss: 0.777, train_acc: 73.872, test_acc: 58.730 epoch time: 3.497
rank: 5, epoch: 40.000, loss: 0.800, train_acc: 72.688, test_acc: 27.530 epoch time: 4.529
rank: 4, epoch: 40.000, loss: 0.812, train_acc: 72.224, test_acc: 62.540 epoch time: 3.451
rank: 6, epoch: 40.000, loss: 0.658, train_acc: 76.944, test_acc: 68.280 epoch time: 3.520
rank: 0, epoch: 40.000, loss: 0.805, train_acc: 72.672, test_acc: 64.790 epoch time: 3.493
comp_time: 2.865, comm_time: 0.628, comp_time_budget: 0.820, comm_time_budget: 0.180
rank: 7, epoch: 40.000, loss: 0.657, train_acc: 77.888, test_acc: 59.920 epoch time: 3.535
rank: 3, epoch: 40.000, loss: 0.636, train_acc: 78.528, test_acc: 63.260 epoch time: 3.559
rank: 1, epoch: 40.000, loss: 0.671, train_acc: 77.168, test_acc: 61.720 epoch time: 3.585
rank: 3, epoch: 41.000, loss: 0.657, train_acc: 78.208, test_acc: 75.900 epoch time: 3.581
rank: 2, epoch: 41.000, loss: 0.763, train_acc: 73.520, test_acc: 51.750 epoch time: 3.509
rank: 6, epoch: 41.000, loss: 0.648, train_acc: 77.728, test_acc: 75.030 epoch time: 3.525
rank: 4, epoch: 41.000, loss: 0.799, train_acc: 72.528, test_acc: 58.060 epoch time: 3.464
rank: 0, epoch: 41.000, loss: 0.795, train_acc: 72.832, test_acc: 55.180 epoch time: 3.483
comp_time: 2.851, comm_time: 0.633, comp_time_budget: 0.818, comm_time_budget: 0.182
rank: 5, epoch: 41.000, loss: 0.777, train_acc: 73.008, test_acc: 61.140 epoch time: 3.604
rank: 1, epoch: 41.000, loss: 0.673, train_acc: 76.960, test_acc: 70.150 epoch time: 3.584
rank: 7, epoch: 41.000, loss: 0.648, train_acc: 78.416, test_acc: 76.020 epoch time: 4.475
rank: 2, epoch: 42.000, loss: 0.800, train_acc: 73.008, test_acc: 47.520 epoch time: 3.528
rank: 7, epoch: 42.000, loss: 0.640, train_acc: 77.808, test_acc: 60.440 epoch time: 4.478
rank: 6, epoch: 42.000, loss: 0.638, train_acc: 78.384, test_acc: 66.560 epoch time: 3.576
rank: 0, epoch: 42.000, loss: 0.798, train_acc: 73.120, test_acc: 47.680 epoch time: 3.488
comp_time: 2.858, comm_time: 0.631, comp_time_budget: 0.819, comm_time_budget: 0.181
rank: 4, epoch: 42.000, loss: 0.802, train_acc: 72.208, test_acc: 46.430 epoch time: 3.472
rank: 5, epoch: 42.000, loss: 0.806, train_acc: 72.304, test_acc: 20.980 epoch time: 3.602
rank: 1, epoch: 42.000, loss: 0.681, train_acc: 76.688, test_acc: 64.440 epoch time: 3.600
rank: 3, epoch: 42.000, loss: 0.645, train_acc: 77.696, test_acc: 73.970 epoch time: 3.589
rank: 2, epoch: 43.000, loss: 0.784, train_acc: 72.960, test_acc: 33.560 epoch time: 3.530
rank: 4, epoch: 43.000, loss: 0.790, train_acc: 71.856, test_acc: 66.230 epoch time: 3.473
rank: 0, epoch: 43.000, loss: 0.801, train_acc: 73.824, test_acc: 70.460 epoch time: 3.497
comp_time: 2.865, comm_time: 0.632, comp_time_budget: 0.819, comm_time_budget: 0.181
rank: 3, epoch: 43.000, loss: 0.649, train_acc: 77.680, test_acc: 58.720 epoch time: 4.504
rank: 1, epoch: 43.000, loss: 0.673, train_acc: 76.752, test_acc: 52.970 epoch time: 3.595
rank: 5, epoch: 43.000, loss: 0.798, train_acc: 73.248, test_acc: 43.690 epoch time: 3.610
rank: 6, epoch: 43.000, loss: 0.666, train_acc: 77.232, test_acc: 76.510 epoch time: 3.544
rank: 7, epoch: 43.000, loss: 0.641, train_acc: 78.048, test_acc: 74.540 epoch time: 3.538
rank: 0, epoch: 44.000, loss: 0.800, train_acc: 72.160, test_acc: 51.950 epoch time: 3.486
comp_time: 2.856, comm_time: 0.631, comp_time_budget: 0.819, comm_time_budget: 0.181
rank: 3, epoch: 44.000, loss: 0.635, train_acc: 78.672, test_acc: 71.150 epoch time: 3.584
rank: 6, epoch: 44.000, loss: 0.635, train_acc: 78.160, test_acc: 71.500 epoch time: 3.533
rank: 2, epoch: 44.000, loss: 0.776, train_acc: 73.120, test_acc: 60.190 epoch time: 3.522
rank: 1, epoch: 44.000, loss: 0.659, train_acc: 77.552, test_acc: 56.720 epoch time: 3.589
rank: 5, epoch: 44.000, loss: 0.825, train_acc: 72.016, test_acc: 44.870 epoch time: 3.611
rank: 4, epoch: 44.000, loss: 0.810, train_acc: 72.032, test_acc: 56.050 epoch time: 3.461
rank: 7, epoch: 44.000, loss: 0.640, train_acc: 77.760, test_acc: 71.770 epoch time: 4.466
rank: 0, epoch: 45.000, loss: 0.810, train_acc: 72.720, test_acc: 66.340 epoch time: 3.489
comp_time: 2.860, comm_time: 0.629, comp_time_budget: 0.820, comm_time_budget: 0.180
rank: 3, epoch: 45.000, loss: 0.656, train_acc: 77.488, test_acc: 69.800 epoch time: 3.584
rank: 6, epoch: 45.000, loss: 0.645, train_acc: 77.680, test_acc: 61.090 epoch time: 3.543
rank: 4, epoch: 45.000, loss: 0.792, train_acc: 72.368, test_acc: 60.420 epoch time: 3.469
rank: 1, epoch: 45.000, loss: 0.681, train_acc: 76.848, test_acc: 74.020 epoch time: 3.590
rank: 5, epoch: 45.000, loss: 0.780, train_acc: 73.472, test_acc: 47.420 epoch time: 3.600
rank: 2, epoch: 45.000, loss: 0.798, train_acc: 73.392, test_acc: 56.890 epoch time: 3.534
rank: 7, epoch: 45.000, loss: 0.637, train_acc: 78.336, test_acc: 57.130 epoch time: 4.466
rank: 2, epoch: 46.000, loss: 0.805, train_acc: 73.152, test_acc: 48.320 epoch time: 3.515
rank: 1, epoch: 46.000, loss: 0.686, train_acc: 76.128, test_acc: 71.650 epoch time: 3.577
rank: 0, epoch: 46.000, loss: 0.790, train_acc: 72.720, test_acc: 52.800 epoch time: 3.486
comp_time: 2.859, comm_time: 0.627, comp_time_budget: 0.820, comm_time_budget: 0.180
rank: 4, epoch: 46.000, loss: 0.814, train_acc: 71.952, test_acc: 62.100 epoch time: 3.492
rank: 6, epoch: 46.000, loss: 0.629, train_acc: 78.384, test_acc: 74.650 epoch time: 3.540
rank: 7, epoch: 46.000, loss: 0.642, train_acc: 78.208, test_acc: 77.830 epoch time: 4.468
rank: 3, epoch: 46.000, loss: 0.641, train_acc: 78.192, test_acc: 62.650 epoch time: 3.578
rank: 5, epoch: 46.000, loss: 0.804, train_acc: 72.960, test_acc: 25.300 epoch time: 3.588
rank: 4, epoch: 47.000, loss: 0.790, train_acc: 72.992, test_acc: 39.400 epoch time: 3.424
rank: 0, epoch: 47.000, loss: 0.789, train_acc: 72.976, test_acc: 26.060 epoch time: 3.451
comp_time: 2.830, comm_time: 0.621, comp_time_budget: 0.820, comm_time_budget: 0.180
rank: 2, epoch: 47.000, loss: 0.770, train_acc: 73.584, test_acc: 52.720 epoch time: 3.474
rank: 7, epoch: 47.000, loss: 0.648, train_acc: 77.760, test_acc: 70.760 epoch time: 3.497
rank: 1, epoch: 47.000, loss: 0.665, train_acc: 76.992, test_acc: 69.670 epoch time: 3.551
rank: 3, epoch: 47.000, loss: 0.649, train_acc: 78.336, test_acc: 64.970 epoch time: 3.529
rank: 5, epoch: 47.000, loss: 0.813, train_acc: 72.608, test_acc: 60.360 epoch time: 4.460
rank: 6, epoch: 47.000, loss: 0.634, train_acc: 78.224, test_acc: 22.720 epoch time: 3.501
rank: 6, epoch: 48.000, loss: 0.631, train_acc: 78.336, test_acc: 41.710 epoch time: 3.520
rank: 0, epoch: 48.000, loss: 0.774, train_acc: 73.920, test_acc: 64.580 epoch time: 3.466
comp_time: 2.845, comm_time: 0.621, comp_time_budget: 0.821, comm_time_budget: 0.179
rank: 1, epoch: 48.000, loss: 0.653, train_acc: 77.648, test_acc: 72.170 epoch time: 3.582
rank: 2, epoch: 48.000, loss: 0.789, train_acc: 73.104, test_acc: 51.580 epoch time: 3.498
rank: 4, epoch: 48.000, loss: 0.795, train_acc: 72.976, test_acc: 63.800 epoch time: 3.469
rank: 7, epoch: 48.000, loss: 0.643, train_acc: 77.808, test_acc: 68.160 epoch time: 3.524
rank: 5, epoch: 48.000, loss: 0.777, train_acc: 73.360, test_acc: 25.690 epoch time: 4.503
rank: 3, epoch: 48.000, loss: 0.617, train_acc: 78.320, test_acc: 57.950 epoch time: 3.563
rank: 5, epoch: 49.000, loss: 0.760, train_acc: 74.560, test_acc: 56.900 epoch time: 3.580
rank: 2, epoch: 49.000, loss: 0.763, train_acc: 73.840, test_acc: 64.010 epoch time: 3.507
rank: 4, epoch: 49.000, loss: 0.798, train_acc: 72.624, test_acc: 64.170 epoch time: 3.461
rank: 0, epoch: 49.000, loss: 0.777, train_acc: 73.024, test_acc: 49.970 epoch time: 3.482
comp_time: 2.847, comm_time: 0.635, comp_time_budget: 0.818, comm_time_budget: 0.182
rank: 6, epoch: 49.000, loss: 0.637, train_acc: 78.544, test_acc: 57.370 epoch time: 3.535
rank: 7, epoch: 49.000, loss: 0.653, train_acc: 77.392, test_acc: 50.740 epoch time: 3.548
rank: 3, epoch: 49.000, loss: 0.665, train_acc: 77.744, test_acc: 67.230 epoch time: 4.479
rank: 1, epoch: 49.000, loss: 0.669, train_acc: 76.480, test_acc: 67.990 epoch time: 3.573
