2.678961753845214844e+00
1.969916343688964844e+00
1.977687835693359375e+00
1.981336116790771484e+00
1.963131904602050781e+00
1.982530355453491211e+00
1.970749139785766602e+00
1.959163665771484375e+00
1.965976476669311523e+00
1.979629039764404297e+00
1.974637985229492188e+00
1.964668035507202148e+00
1.967900276184082031e+00
1.971396684646606445e+00
1.959833383560180664e+00
1.947396755218505859e+00
1.954853296279907227e+00
1.957738876342773438e+00
1.984568119049072266e+00
1.989835977554321289e+00
1.977215290069580078e+00
1.956633329391479492e+00
1.975994586944580078e+00
1.968360900878906250e+00
1.996279478073120117e+00
1.977062940597534180e+00
1.951805114746093750e+00
1.958392620086669922e+00
1.965651273727416992e+00
1.970830678939819336e+00
1.998087167739868164e+00
1.972394227981567383e+00
1.968003511428833008e+00
1.969089508056640625e+00
1.973310470581054688e+00
1.973184823989868164e+00
1.957804679870605469e+00
1.960318088531494141e+00
1.960323572158813477e+00
1.954376697540283203e+00
1.953076601028442383e+00
1.975525617599487305e+00
1.967134475708007812e+00
1.981383562088012695e+00
1.967153787612915039e+00
1.972136974334716797e+00
2.003617048263549805e+00
1.975824117660522461e+00
1.971838474273681641e+00
1.971244096755981445e+00
1.972023963928222656e+00
1.962072372436523438e+00
1.974519491195678711e+00
1.966333866119384766e+00
1.972282648086547852e+00
1.969177722930908203e+00
1.964811086654663086e+00
1.969865322113037109e+00
1.971194028854370117e+00
1.976671695709228516e+00
1.982290744781494141e+00
1.988329172134399414e+00
1.978091001510620117e+00
1.975418567657470703e+00
1.966194152832031250e+00
1.982250452041625977e+00
1.980771303176879883e+00
2.013559818267822266e+00
1.956147193908691406e+00
1.955716371536254883e+00
1.956643819808959961e+00
1.947646856307983398e+00
1.961108684539794922e+00
1.975108623504638672e+00
1.952679634094238281e+00
1.952456474304199219e+00
1.955363988876342773e+00
1.957263469696044922e+00
1.951314449310302734e+00
1.953287839889526367e+00
1.955041646957397461e+00
1.960108280181884766e+00
2.101554155349731445e+00
1.948707818984985352e+00
1.956333637237548828e+00
1.954821348190307617e+00
1.980916500091552734e+00
1.973128557205200195e+00
1.981383085250854492e+00
1.972835779190063477e+00
1.976329326629638672e+00
1.969197034835815430e+00
1.988370418548583984e+00
1.974079847335815430e+00
2.019594192504882812e+00
1.977873325347900391e+00
2.004246473312377930e+00
1.964340209960937500e+00
1.955126762390136719e+00
1.969715595245361328e+00
1.972393512725830078e+00
1.976422071456909180e+00
1.985861539840698242e+00
1.971858024597167969e+00
1.974627971649169922e+00
1.979511976242065430e+00
1.973198175430297852e+00
1.982807874679565430e+00
1.964078187942504883e+00
1.963119506835937500e+00
1.961282253265380859e+00
1.962817668914794922e+00
1.978200197219848633e+00
1.958912134170532227e+00
1.977708578109741211e+00
1.961956262588500977e+00
1.968629598617553711e+00
1.983057737350463867e+00
1.974363088607788086e+00
1.980084896087646484e+00
2.020403146743774414e+00
2.012488126754760742e+00
1.974383592605590820e+00
1.971931934356689453e+00
1.974431514739990234e+00
1.984505891799926758e+00
1.975643157958984375e+00
1.972196340560913086e+00
1.976177930831909180e+00
1.970170497894287109e+00
1.973040819168090820e+00
1.981476783752441406e+00
1.977785348892211914e+00
1.981553077697753906e+00
1.969903945922851562e+00
1.965935230255126953e+00
1.951983213424682617e+00
1.951647281646728516e+00
1.974990606307983398e+00
1.973167896270751953e+00
1.970708847045898438e+00
1.987398147583007812e+00
1.979750394821166992e+00
1.974303007125854492e+00
1.975692749023437500e+00
1.985707998275756836e+00
1.965170860290527344e+00
2.001108884811401367e+00
1.966617107391357422e+00
1.971329212188720703e+00
1.984753608703613281e+00
1.993705034255981445e+00
1.968494415283203125e+00
1.974078178405761719e+00
1.973742485046386719e+00
2.005662918090820312e+00
1.955303668975830078e+00
1.957225561141967773e+00
1.967993974685668945e+00
1.959496021270751953e+00
1.967651128768920898e+00
1.960295438766479492e+00
1.959726810455322266e+00
1.963339567184448242e+00
1.979206323623657227e+00
1.971510648727416992e+00
1.985888481140136719e+00
1.993606328964233398e+00
2.014307260513305664e+00
1.984469175338745117e+00
2.001377105712890625e+00
1.999500751495361328e+00
2.000524997711181641e+00
2.001275539398193359e+00
2.000133752822875977e+00
2.005370378494262695e+00
2.011293649673461914e+00
1.988446712493896484e+00
1.990775823593139648e+00
1.990170955657958984e+00
2.025120735168457031e+00
1.974196195602416992e+00
1.976684808731079102e+00
1.972379922866821289e+00
1.976953744888305664e+00
1.982158660888671875e+00
1.968911409378051758e+00
1.987081050872802734e+00
1.970321178436279297e+00
1.987650632858276367e+00
1.988968133926391602e+00
1.975051164627075195e+00
1.978793621063232422e+00
1.990108966827392578e+00
1.995700120925903320e+00
1.980057477951049805e+00
1.985999107360839844e+00
1.985219955444335938e+00
1.977103948593139648e+00
1.997387170791625977e+00
