2.785949233436584294e+00
1.999761401138305583e+00
1.871532994651794457e+00
1.796467399559021016e+00
1.706070371475219671e+00
1.633669272804260331e+00
1.573815877342224168e+00
1.519081596908569365e+00
1.442730389747619579e+00
1.359417094726562469e+00
1.293680766296386730e+00
1.226310772972106999e+00
1.144539613151550395e+00
1.100965722522735613e+00
1.049032882957458446e+00
9.982220056915283024e-01
9.674297305679321335e-01
9.331076194572448523e-01
8.910158733177184764e-01
8.677117433547973935e-01
8.274979565429687600e-01
7.712046313858031965e-01
7.618278369903564995e-01
7.300721681594848356e-01
7.163488405418395599e-01
6.884958031463622730e-01
6.655094923782348681e-01
6.444378445243835740e-01
6.241487155151367316e-01
6.081660361862182285e-01
6.069907725334167115e-01
5.933419865036010377e-01
5.816173377990723203e-01
5.754064685249328237e-01
5.573371471595763849e-01
5.514086091232299758e-01
5.260524956893920523e-01
5.354311245727538804e-01
5.088008860969543967e-01
5.057734636497497327e-01
4.955093835639953759e-01
4.900308834648132161e-01
5.140613244819640659e-01
4.978561243057251229e-01
4.775950374221801797e-01
4.789579251480102773e-01
4.863617641639709221e-01
4.668701797866821046e-01
4.701904734325408897e-01
4.408907732582092454e-01
4.437323659896850736e-01
4.547597260093688698e-01
4.417289911651611223e-01
4.366504428672790539e-01
4.328423946094512864e-01
4.242334022998809906e-01
4.299979250240326123e-01
4.245570610046386917e-01
4.227358152389526502e-01
4.275603612995147462e-01
4.107599017906188865e-01
4.108251152229309144e-01
4.171432845687866320e-01
4.058886561298370443e-01
4.167154117393493395e-01
4.044551774597168192e-01
3.966545255184173446e-01
3.745103495979308916e-01
4.001932592105865716e-01
3.765936573791504038e-01
3.951065272235870229e-01
3.812354740047455004e-01
3.760504607391357279e-01
3.941120334768295486e-01
3.771825123500823773e-01
3.833158809661865174e-01
3.730663300895690759e-01
3.810471204566955317e-01
3.657253891372680421e-01
3.835808145046233908e-01
3.818766572093963418e-01
3.886143768405914134e-01
3.522036288452148334e-01
3.507352233123779417e-01
3.595187957572936743e-01
3.578856127738952453e-01
3.508252551889419757e-01
3.565057482910156117e-01
3.620522331142425609e-01
3.371020706748962259e-01
3.536269715785980150e-01
3.429291272926330292e-01
3.454002692604065117e-01
3.434398848676681326e-01
3.375480375671386923e-01
3.549995653152465680e-01
3.438300207042694345e-01
3.314039515924454005e-01
3.387541132068633831e-01
3.338356426429748280e-01
1.953842726278305075e-01
1.672244422531127817e-01
1.487516094303130976e-01
1.415366277408599827e-01
1.351824233484268112e-01
1.367576607656478815e-01
1.254049616050720295e-01
1.280157379555702246e-01
1.237444630670547496e-01
1.169029154562950118e-01
1.068641525232791878e-01
1.128399833679199216e-01
1.047139078187942496e-01
1.071638613939285278e-01
1.034387506771087678e-01
1.015031622171402026e-01
9.391988827466964118e-02
9.154218670845032380e-02
8.648154979228973860e-02
9.123880376100540479e-02
8.832805327415466090e-02
7.981025408029555901e-02
8.566106532096862125e-02
8.019713713645934550e-02
7.761602017879486171e-02
8.337532349348068805e-02
7.640193571090697633e-02
7.584189931809902363e-02
7.417622324705124004e-02
7.179466813892125543e-02
6.912877346754074670e-02
6.534404131650924097e-02
6.723079857826233519e-02
6.281347916722297697e-02
5.823705313205718853e-02
6.459407592773437623e-02
6.343228194475174220e-02
6.128846976280212522e-02
6.003813791513443188e-02
5.617336245059967315e-02
5.763382939577102460e-02
5.572886772274970868e-02
5.380047446846961817e-02
5.076803705215453960e-02
5.297159488499164626e-02
5.236064831137657305e-02
5.228382783144712442e-02
4.594477410048246335e-02
4.919958932280540237e-02
4.726809895277023221e-02
3.764870453596114858e-02
3.838820989668369210e-02
3.752089037597179655e-02
3.877958110451698581e-02
3.529620271682739480e-02
3.418660891652107459e-02
3.683217864513397416e-02
3.517278644084930600e-02
3.494475160002708664e-02
3.440384608209132861e-02
3.309516244053840872e-02
3.366352173447609286e-02
3.247506709694862603e-02
3.182616680145263638e-02
3.594486122190952010e-02
3.339343298882246208e-02
3.244996027052402671e-02
3.255859525680541988e-02
3.425791298508644445e-02
2.972899471044540554e-02
3.104133920848369671e-02
3.017425834178924515e-02
3.060658504366874783e-02
3.442794256210326975e-02
2.923700013518333585e-02
3.070548174977302466e-02
3.123436187505721981e-02
3.155113498330116423e-02
2.804110540509223773e-02
3.329684748768806796e-02
2.918458386898040852e-02
3.036557419776916497e-02
3.108738099634647534e-02
3.276769971013069466e-02
2.953643116593360901e-02
2.982448406815528877e-02
3.037158894419670144e-02
3.058964493304491133e-02
3.250909379959106282e-02
3.159808722555637606e-02
2.821401132404804252e-02
2.700338398575782839e-02
2.899893142700195325e-02
2.815947321176529017e-02
3.025216298937797449e-02
3.100892004489898615e-02
3.038328828811645566e-02
2.735234585642814728e-02
2.428971086382866046e-02
3.004655126750469321e-02
