1.453230667114257812e+01
1.397927665710449219e+01
1.404672384262084961e+01
1.430685305595397949e+01
1.397198152542114258e+01
1.406013798713684082e+01
1.415209650993347168e+01
1.411513853073120117e+01
1.412606501579284668e+01
1.387048602104187012e+01
1.409013342857360840e+01
1.410706830024719238e+01
1.410338354110717773e+01
1.386512732505798340e+01
1.384868907928466797e+01
1.417360925674438477e+01
1.379836726188659668e+01
1.379330897331237793e+01
1.393582129478454590e+01
1.423803710937500000e+01
1.393371605873107910e+01
1.409937024116516113e+01
1.384833240509033203e+01
1.383287835121154785e+01
1.418731427192687988e+01
1.409300637245178223e+01
1.394709658622741699e+01
1.418133091926574707e+01
1.390214014053344727e+01
1.391858530044555664e+01
1.391725277900695801e+01
1.388469290733337402e+01
1.406708908081054688e+01
1.402394652366638184e+01
1.418035626411437988e+01
1.416522669792175293e+01
1.418121170997619629e+01
1.432542967796325684e+01
1.397612237930297852e+01
1.380978226661682129e+01
1.389139747619628906e+01
1.413381123542785645e+01
1.439758753776550293e+01
1.403808951377868652e+01
1.410760474205017090e+01
1.420831227302551270e+01
1.406887102127075195e+01
1.388673281669616699e+01
1.387666344642639160e+01
1.463646197319030762e+01
1.442692136764526367e+01
1.389897608757019043e+01
1.433104252815246582e+01
1.427032327651977539e+01
1.432433009147644043e+01
1.398373460769653320e+01
1.405932712554931641e+01
1.398693227767944336e+01
1.422512125968933105e+01
1.404515290260314941e+01
1.388231730461120605e+01
1.404164409637451172e+01
1.422348570823669434e+01
1.445008111000061035e+01
1.387732052803039551e+01
1.427995181083679199e+01
1.424138164520263672e+01
1.401734590530395508e+01
1.415890407562255859e+01
1.385744976997375488e+01
1.377394175529479980e+01
1.397660827636718750e+01
1.445486497879028320e+01
1.431731319427490234e+01
1.406207847595214844e+01
1.400301957130432129e+01
1.419310879707336426e+01
1.413540291786193848e+01
1.436453914642333984e+01
1.379784631729125977e+01
1.384014225006103516e+01
1.406528639793395996e+01
1.387718343734741211e+01
1.419139003753662109e+01
1.401365375518798828e+01
1.398630332946777344e+01
1.408280682563781738e+01
1.401523089408874512e+01
1.397202420234680176e+01
1.399089002609252930e+01
1.420211601257324219e+01
1.394035196304321289e+01
1.413553786277770996e+01
1.413419318199157715e+01
1.421785712242126465e+01
1.420788002014160156e+01
1.429447031021118164e+01
1.452117681503295898e+01
1.391077232360839844e+01
1.413839912414550781e+01
1.389205336570739746e+01
1.392903065681457520e+01
1.446196174621582031e+01
1.394474720954895020e+01
1.466367316246032715e+01
1.426711153984069824e+01
1.388574886322021484e+01
1.422743201255798340e+01
1.393647766113281250e+01
1.458200359344482422e+01
1.433741688728332520e+01
1.389503097534179688e+01
1.437110376358032227e+01
1.398637890815734863e+01
1.439855718612670898e+01
1.417284178733825684e+01
1.415104222297668457e+01
1.430047678947448730e+01
1.430044865608215332e+01
1.421145057678222656e+01
1.440264415740966797e+01
1.403507208824157715e+01
1.385693597793579102e+01
1.432628512382507324e+01
1.426249837875366211e+01
1.390324711799621582e+01
1.398025155067443848e+01
1.418378162384033203e+01
1.410012769699096680e+01
1.442342782020568848e+01
1.430516576766967773e+01
1.394060015678405762e+01
1.402001929283142090e+01
1.422179436683654785e+01
1.388958954811096191e+01
1.393273401260375977e+01
1.379494476318359375e+01
1.379758167266845703e+01
1.418475079536437988e+01
1.422432851791381836e+01
1.397289323806762695e+01
1.419803690910339355e+01
1.425907707214355469e+01
1.437054634094238281e+01
1.433419179916381836e+01
1.412129426002502441e+01
1.400610852241516113e+01
1.390091967582702637e+01
1.430595064163208008e+01
1.478228425979614258e+01
1.495009255409240723e+01
1.389081263542175293e+01
1.424050712585449219e+01
1.446946692466735840e+01
1.435298395156860352e+01
1.393582034111022949e+01
1.384348130226135254e+01
1.384287786483764648e+01
1.420126056671142578e+01
1.384250521659851074e+01
1.400630092620849609e+01
1.383700180053710938e+01
1.398477673530578613e+01
1.414542365074157715e+01
1.393073368072509766e+01
1.427322053909301758e+01
1.430804800987243652e+01
1.408112049102783203e+01
1.439059281349182129e+01
1.426370596885681152e+01
1.416795444488525391e+01
1.402684831619262695e+01
1.400161600112915039e+01
1.478402733802795410e+01
1.406694269180297852e+01
1.446269392967224121e+01
1.466215395927429199e+01
1.430381536483764648e+01
1.400195932388305664e+01
1.425365734100341797e+01
1.395366168022155762e+01
1.422438073158264160e+01
1.445352053642272949e+01
1.469013071060180664e+01
1.450825929641723633e+01
1.429902982711791992e+01
1.431427693367004395e+01
1.391716742515563965e+01
1.401294112205505371e+01
1.399921989440917969e+01
1.455104947090148926e+01
1.397790122032165527e+01
1.428459310531616211e+01
1.433025598526000977e+01
1.458095598220825195e+01
1.414017534255981445e+01
1.423360610008239746e+01
1.413016891479492188e+01
1.405334496498107910e+01
1.430925107002258301e+01
