2.638740062713623047e+00
1.922474145889282227e+00
1.929872751235961914e+00
1.924247503280639648e+00
1.929490327835083008e+00
1.957519292831420898e+00
1.986455202102661133e+00
1.958657741546630859e+00
1.911299467086791992e+00
1.923905849456787109e+00
1.920349121093750000e+00
1.919206142425537109e+00
1.917257308959960938e+00
1.912806272506713867e+00
1.924619436264038086e+00
1.910632133483886719e+00
1.904637098312377930e+00
1.905642986297607422e+00
1.937043428421020508e+00
1.906661033630371094e+00
1.914572954177856445e+00
1.920642137527465820e+00
1.907926559448242188e+00
1.921631574630737305e+00
1.916100025177001953e+00
1.910835027694702148e+00
1.908560514450073242e+00
1.941542148590087891e+00
1.915728807449340820e+00
1.925831079483032227e+00
1.932119131088256836e+00
1.927004575729370117e+00
1.976782083511352539e+00
1.929577350616455078e+00
1.926839590072631836e+00
1.918802499771118164e+00
1.948739290237426758e+00
1.910356760025024414e+00
1.907199621200561523e+00
1.900633573532104492e+00
1.903896570205688477e+00
1.932517766952514648e+00
1.918264627456665039e+00
1.920834541320800781e+00
1.926984071731567383e+00
1.924750089645385742e+00
1.922762870788574219e+00
1.916011810302734375e+00
1.916980981826782227e+00
1.941193342208862305e+00
1.920734643936157227e+00
1.915476322174072266e+00
1.927057266235351562e+00
1.975188493728637695e+00
1.939786672592163086e+00
1.928051233291625977e+00
1.921687126159667969e+00
1.918945789337158203e+00
1.921814203262329102e+00
1.947391748428344727e+00
1.925665855407714844e+00
1.914177179336547852e+00
1.922915935516357422e+00
1.920768022537231445e+00
1.930680513381958008e+00
1.934834003448486328e+00
1.927176237106323242e+00
1.914026021957397461e+00
1.920133829116821289e+00
1.907070636749267578e+00
1.901588201522827148e+00
1.904868125915527344e+00
1.903623342514038086e+00
1.911212444305419922e+00
1.914514064788818359e+00
1.913290262222290039e+00
1.911044597625732422e+00
1.929550409317016602e+00
1.914714336395263672e+00
1.899131536483764648e+00
1.901142597198486328e+00
1.906355381011962891e+00
1.911651849746704102e+00
1.904022693634033203e+00
1.912440538406372070e+00
1.905912876129150391e+00
1.929143667221069336e+00
1.938946723937988281e+00
1.931614875793457031e+00
1.983035802841186523e+00
1.936801910400390625e+00
1.917350292205810547e+00
1.931771278381347656e+00
1.927078247070312500e+00
1.935108423233032227e+00
1.941043376922607422e+00
1.920286893844604492e+00
1.916199922561645508e+00
1.919341087341308594e+00
1.919255733489990234e+00
1.920035839080810547e+00
1.932621479034423828e+00
1.925107717514038086e+00
1.932290315628051758e+00
1.929224729537963867e+00
1.927474498748779297e+00
1.926283836364746094e+00
1.936817407608032227e+00
1.924170732498168945e+00
1.922818899154663086e+00
1.916939258575439453e+00
1.916925191879272461e+00
1.914590597152709961e+00
1.914803981781005859e+00
1.950551748275756836e+00
1.909027814865112305e+00
1.910072803497314453e+00
1.935702562332153320e+00
1.950359582901000977e+00
1.951112508773803711e+00
1.979018211364746094e+00
1.923772811889648438e+00
1.926607131958007812e+00
1.923462152481079102e+00
1.931923389434814453e+00
1.931192159652709961e+00
1.931562185287475586e+00
1.924335002899169922e+00
1.910507678985595703e+00
1.920453548431396484e+00
1.925675392150878906e+00
1.935612678527832031e+00
1.938891410827636719e+00
1.927834272384643555e+00
1.934426546096801758e+00
1.930112600326538086e+00
1.905888557434082031e+00
1.907422542572021484e+00
1.931446552276611328e+00
1.920843839645385742e+00
1.963870763778686523e+00
1.933090925216674805e+00
1.968133449554443359e+00
1.925597906112670898e+00
1.925085783004760742e+00
1.932568788528442383e+00
1.920565605163574219e+00
1.921010971069335938e+00
1.913381576538085938e+00
1.925374031066894531e+00
1.934000968933105469e+00
1.929805278778076172e+00
1.917822599411010742e+00
1.933066606521606445e+00
1.928378105163574219e+00
1.927297115325927734e+00
1.906038761138916016e+00
1.907213687896728516e+00
1.904141187667846680e+00
1.909521818161010742e+00
1.940117835998535156e+00
1.917955636978149414e+00
1.928106307983398438e+00
1.911480426788330078e+00
1.934098243713378906e+00
1.996222734451293945e+00
1.944419145584106445e+00
1.965249300003051758e+00
1.946319818496704102e+00
1.931854248046875000e+00
1.967196464538574219e+00
1.947980880737304688e+00
1.949167490005493164e+00
1.935060024261474609e+00
1.992649316787719727e+00
1.954591035842895508e+00
1.966776132583618164e+00
1.947018623352050781e+00
1.932618141174316406e+00
1.932770729064941406e+00
1.929861068725585938e+00
1.935950040817260742e+00
1.943670034408569336e+00
1.944860935211181641e+00
1.932026386260986328e+00
1.928532838821411133e+00
1.919482707977294922e+00
1.919087409973144531e+00
1.921110153198242188e+00
1.949953556060791016e+00
1.936526060104370117e+00
1.925292968750000000e+00
1.955089569091796875e+00
1.926452636718750000e+00
1.957766771316528320e+00
1.935259580612182617e+00
1.918152093887329102e+00
1.920112371444702148e+00
1.971616268157958984e+00
1.932536125183105469e+00
