1.603199999511718588e+01
2.356799999816894697e+01
2.857599999877929520e+01
3.203199999511718943e+01
3.435199999023437556e+01
3.732799999755859233e+01
3.947199999267578363e+01
4.321600000000000108e+01
4.624000000000000199e+01
4.916799999267578158e+01
5.331199998657226757e+01
5.617599999267578426e+01
5.843199999633789332e+01
6.075199998657226530e+01
6.169599998657226791e+01
6.369599999633788912e+01
6.531200001464843297e+01
6.695999999633788491e+01
6.703999999267577437e+01
6.879999999267577948e+01
7.083199999511718659e+01
7.184000000610350867e+01
7.244799998535155794e+01
7.329599997314453219e+01
7.473600000488281125e+01
7.609599997558593998e+01
7.585600000732421222e+01
7.716799999511718511e+01
7.793599997558594339e+01
7.844800001464844286e+01
7.902400001708984689e+01
8.035199998291015788e+01
8.009599997558593998e+01
7.995199998535156283e+01
8.014399999267578778e+01
8.081599999511718124e+01
8.132799998779296402e+01
8.203199997558593282e+01
8.208000001708984428e+01
8.156800001708984382e+01
8.232000001708983916e+01
8.299200000732422211e+01
8.239999998779296675e+01
8.297599998779297437e+01
8.315200001464843638e+01
8.305600001464843274e+01
8.385599997802734151e+01
8.420799999511719136e+01
8.459200000488280580e+01
8.467199997558593338e+01
8.444799997558594384e+01
8.449600001708984109e+01
8.495999999511718670e+01
8.467200001708984303e+01
8.555199999755859608e+01
8.518400001708984348e+01
8.556799999755858721e+01
8.491200001464844149e+01
8.547200001464844377e+01
8.500799997802734254e+01
8.571200000732422097e+01
8.579199997558593793e+01
8.515199998535156567e+01
8.574399999511719273e+01
8.680000000732421483e+01
8.625600001708984621e+01
8.680000001708984314e+01
8.640000000732422336e+01
8.616000000732421427e+01
8.622400001708984973e+01
8.678400000732422370e+01
8.695999999755859733e+01
8.655999998535156692e+01
8.743999997558593407e+01
8.692799997558593361e+01
8.747199998779296948e+01
8.727999999755859051e+01
8.756799998779297312e+01
8.771199998535156794e+01
8.729600000732422416e+01
8.779200001953124399e+01
8.743999999755858710e+01
8.817599999755859130e+01
8.784000000732422109e+01
8.819200000732422495e+01
8.807999999755858767e+01
8.835199998779296493e+01
8.792000001708984769e+01
8.809599998779296470e+01
8.780799999755859631e+01
8.830399998779296311e+01
8.806399997802733992e+01
8.814400001708983723e+01
8.811200000732421245e+01
8.836799999755859858e+01
8.849599999755859869e+01
8.854400001708984291e+01
8.902399999755859028e+01
8.819199998779296834e+01
8.912000000732422222e+01
9.393599998779296811e+01
9.508799999999999386e+01
9.540799997802734822e+01
9.600000000976562831e+01
9.584000000976563172e+01
9.588800000976561932e+01
9.608000000976562660e+01
9.627199998779296664e+01
9.639999997802733844e+01
9.683200001953125025e+01
9.670400000976562183e+01
9.692799997802734424e+01
9.679999997802734413e+01
9.672000000976562717e+01
9.681600000976563081e+01
9.708800000976562217e+01
9.751999999999999602e+01
9.736000000976562774e+01
9.739199999999999591e+01
9.758400000976563149e+01
9.720000000976563115e+01
9.769600000976562626e+01
9.809600001953124604e+01
9.782399999999999807e+01
9.756799997802734481e+01
9.787199999999999989e+01
9.799999997802734697e+01
9.780800000000000693e+01
9.822400000000000375e+01
9.784000000976563172e+01
9.803199999999999648e+01
9.811200001953125138e+01
9.814400001953124786e+01
9.838400000976562865e+01
9.828800001953125332e+01
9.819199999999999307e+01
9.817600000976563024e+01
9.824000001953125150e+01
9.827200000976561967e+01
9.852800000000000580e+01
9.876800000000000068e+01
9.886400000000000432e+01
9.841600000976562512e+01
9.851200001953125707e+01
9.849599999999999511e+01
9.854400000976562524e+01
9.844800001953124990e+01
9.894400001953124502e+01
9.868800000000000239e+01
9.884799999999999898e+01
9.907200000000000273e+01
9.915200000000000102e+01
9.915200000976562933e+01
9.908800000976562217e+01
9.900800000976562387e+01
9.934399999999999409e+01
9.913599999999999568e+01
9.908799999999999386e+01
9.932800000000000296e+01
9.923199999999999932e+01
9.948799999999999955e+01
9.931199999999999761e+01
9.918399999999999750e+01
9.921600000976562228e+01
9.940800000976562956e+01
9.916800000000000637e+01
9.921600000976562228e+01
9.940800000976562956e+01
9.929600000000000648e+01
9.923200000976562762e+01
9.943999999999999773e+01
9.939200000976562421e+01
9.939199999999999591e+01
9.943999999999999773e+01
9.958400000000000318e+01
9.931200000976562592e+01
9.907200000000000273e+01
9.947199999999999420e+01
9.934399999999999409e+01
9.928000000976562944e+01
9.942400000976562069e+01
9.942400000000000659e+01
9.940800000000000125e+01
9.942400000976562069e+01
9.956799999999999784e+01
9.937600001953124718e+01
9.947199999999999420e+01
9.948799999999999955e+01
9.937600000976561887e+01
9.932800000976563126e+01
9.937600000000000477e+01
9.940800000000000125e+01
9.935999999999999943e+01
9.947199999999999420e+01
9.932799998779296402e+01
9.958400000000000318e+01
9.953600000000000136e+01
9.939199999999999591e+01
9.940800000000000125e+01
9.936000000976562774e+01
