3.137330770492553711e+00
2.419935941696166992e+00
2.437615156173706055e+00
2.430489540100097656e+00
2.414616584777832031e+00
2.445999622344970703e+00
2.420373201370239258e+00
2.409765958786010742e+00
2.424949645996093750e+00
2.434444904327392578e+00
2.422717332839965820e+00
2.414003372192382812e+00
2.429592609405517578e+00
2.420305967330932617e+00
2.408852815628051758e+00
2.410515308380126953e+00
2.403565883636474609e+00
2.402824401855468750e+00
2.438790798187255859e+00
2.449810028076171875e+00
2.424928426742553711e+00
2.403018474578857422e+00
2.435016632080078125e+00
2.423731327056884766e+00
2.443958997726440430e+00
2.428982019424438477e+00
2.410098075866699219e+00
2.411910533905029297e+00
2.417219638824462891e+00
2.425038099288940430e+00
2.455343961715698242e+00
2.423127651214599609e+00
2.424682617187500000e+00
2.421529054641723633e+00
2.425875902175903320e+00
2.425604820251464844e+00
2.410978078842163086e+00
2.410759449005126953e+00
2.413151502609252930e+00
2.407700061798095703e+00
2.406620025634765625e+00
2.430481672286987305e+00
2.424559593200683594e+00
2.431150913238525391e+00
2.422676801681518555e+00
2.423661708831787109e+00
2.456517934799194336e+00
2.426747798919677734e+00
2.423698186874389648e+00
2.430596351623535156e+00
2.423553943634033203e+00
2.413800001144409180e+00
2.427608489990234375e+00
2.424769639968872070e+00
2.421476364135742188e+00
2.420238018035888672e+00
2.424322843551635742e+00
2.421569347381591797e+00
2.421547889709472656e+00
2.434625148773193359e+00
2.439460754394531250e+00
2.438637018203735352e+00
2.430163621902465820e+00
2.434551715850830078e+00
2.423267126083374023e+00
2.432153463363647461e+00
2.438097000122070312e+00
2.466336250305175781e+00
2.405956983566284180e+00
2.405011892318725586e+00
2.413598537445068359e+00
2.402516603469848633e+00
2.406750917434692383e+00
2.429738759994506836e+00
2.401339769363403320e+00
2.404290914535522461e+00
2.409036636352539062e+00
2.412741422653198242e+00
2.404023647308349609e+00
2.403985977172851562e+00
2.407014131546020508e+00
2.411168575286865234e+00
2.552592277526855469e+00
2.400759696960449219e+00
2.405085086822509766e+00
2.405149698257446289e+00
2.440420150756835938e+00
2.432060956954956055e+00
2.431830167770385742e+00
2.424557924270629883e+00
2.440322160720825195e+00
2.420206308364868164e+00
2.440814495086669922e+00
2.428666114807128906e+00
2.474605083465576172e+00
2.428830385208129883e+00
2.455413341522216797e+00
2.424710750579833984e+00
2.404793977737426758e+00
2.420727968215942383e+00
2.426345825195312500e+00
2.432663917541503906e+00
2.433921337127685547e+00
2.426071166992187500e+00
2.435806035995483398e+00
2.430446147918701172e+00
2.426040887832641602e+00
2.436985254287719727e+00
2.418351411819458008e+00
2.415929555892944336e+00
2.413923978805541992e+00
2.416934490203857422e+00
2.430893421173095703e+00
2.406068086624145508e+00
2.441384315490722656e+00
2.418390274047851562e+00
2.421839237213134766e+00
2.439967393875122070e+00
2.431978702545166016e+00
2.432470560073852539e+00
2.478223800659179688e+00
2.472121238708496094e+00
2.426428079605102539e+00
2.429816722869873047e+00
2.427536010742187500e+00
2.441848039627075195e+00
2.427764415740966797e+00
2.427390336990356445e+00
2.430369138717651367e+00
2.422621488571166992e+00
2.423343181610107422e+00
2.440331935882568359e+00
2.433748483657836914e+00
2.433779478073120117e+00
2.422539472579956055e+00
2.423264503479003906e+00
2.399578571319580078e+00
2.403791189193725586e+00
2.436450242996215820e+00
2.422870635986328125e+00
2.422279596328735352e+00
2.443683624267578125e+00
2.436597347259521484e+00
2.427137613296508789e+00
2.429135322570800781e+00
2.443969726562500000e+00
2.417752504348754883e+00
2.451277256011962891e+00
2.423361778259277344e+00
2.428439378738403320e+00
2.442178487777709961e+00
2.447130203247070312e+00
2.425704717636108398e+00
2.424865007400512695e+00
2.427001476287841797e+00
2.463254928588867188e+00
2.405825376510620117e+00
2.407911062240600586e+00
2.418933391571044922e+00
2.414597034454345703e+00
2.418092012405395508e+00
2.409293174743652344e+00
2.417816638946533203e+00
2.417900800704956055e+00
2.429698467254638672e+00
2.434477567672729492e+00
2.448395013809204102e+00
2.453457355499267578e+00
2.473678112030029297e+00
2.449140071868896484e+00
2.458346128463745117e+00
2.458938598632812500e+00
2.465607404708862305e+00
2.459895849227905273e+00
2.458129405975341797e+00
2.466885089874267578e+00
2.481840610504150391e+00
2.446947813034057617e+00
2.454267740249633789e+00
2.460011482238769531e+00
2.482755422592163086e+00
2.430924415588378906e+00
2.437576293945312500e+00
2.444430112838745117e+00
2.433958530426025391e+00
2.442325115203857422e+00
2.431111574172973633e+00
2.441792964935302734e+00
2.427034616470336914e+00
2.453861951828002930e+00
2.449568986892700195e+00
2.435103654861450195e+00
2.441487550735473633e+00
2.456547260284423828e+00
2.459382295608520508e+00
2.434746980667114258e+00
2.453314304351806641e+00
2.445828199386596680e+00
2.436199903488159180e+00
2.459111928939819336e+00
