1.453006386756896973e+01
1.399796867370605469e+01
1.410563516616821289e+01
1.432950162887573242e+01
1.385020017623901367e+01
1.389123511314392090e+01
1.383105921745300293e+01
1.386571526527404785e+01
1.383217024803161621e+01
1.405791831016540527e+01
1.394069170951843262e+01
1.409751367568969727e+01
1.401732254028320312e+01
1.384057807922363281e+01
1.381006813049316406e+01
1.421920514106750488e+01
1.405246686935424805e+01
1.431059956550598145e+01
1.394493007659912109e+01
1.436994409561157227e+01
1.380250549316406250e+01
1.382571434974670410e+01
1.381896352767944336e+01
1.387144303321838379e+01
1.403708481788635254e+01
1.408943819999694824e+01
1.388218212127685547e+01
1.432945704460144043e+01
1.402096223831176758e+01
1.416202712059020996e+01
1.419976663589477539e+01
1.389562702178955078e+01
1.392760848999023438e+01
1.403253459930419922e+01
1.421430659294128418e+01
1.424271655082702637e+01
1.425074219703674316e+01
1.425412631034851074e+01
1.403805756568908691e+01
1.405856990814208984e+01
1.400361990928649902e+01
1.410276699066162109e+01
1.421938300132751465e+01
1.384899020195007324e+01
1.386668539047241211e+01
1.408247804641723633e+01
1.423660445213317871e+01
1.385262727737426758e+01
1.416343498229980469e+01
1.386239123344421387e+01
1.417395925521850586e+01
1.389186525344848633e+01
1.420753455162048340e+01
1.422363305091857910e+01
1.442742204666137695e+01
1.423708868026733398e+01
1.391188144683837891e+01
1.389094567298889160e+01
1.386487746238708496e+01
1.416708636283874512e+01
1.436005306243896484e+01
1.408002758026123047e+01
1.392210483551025391e+01
1.416531801223754883e+01
1.428571796417236328e+01
1.389444780349731445e+01
1.401331591606140137e+01
1.384266781806945801e+01
1.380453467369079590e+01
1.390439486503601074e+01
1.437435293197631836e+01
1.398952507972717285e+01
1.382387304306030273e+01
1.392010164260864258e+01
1.409700393676757812e+01
1.405466914176940918e+01
1.393732357025146484e+01
1.425377917289733887e+01
1.453871178627014160e+01
1.379679608345031738e+01
1.424862289428710938e+01
1.410794711112976074e+01
1.389499855041503906e+01
1.431438517570495605e+01
1.407550621032714844e+01
1.396780514717102051e+01
1.423487854003906250e+01
1.417874193191528320e+01
1.390087342262268066e+01
1.443828582763671875e+01
1.393145823478698730e+01
1.388787126541137695e+01
1.407174301147460938e+01
1.385402798652648926e+01
1.386699557304382324e+01
1.450011682510375977e+01
1.406979942321777344e+01
1.422132539749145508e+01
1.381857419013977051e+01
1.408984088897705078e+01
1.393064641952514648e+01
1.392044591903686523e+01
1.389387702941894531e+01
1.385687923431396484e+01
1.442109322547912598e+01
1.398478460311889648e+01
1.388795828819274902e+01
1.395326161384582520e+01
1.400605106353759766e+01
1.403095221519470215e+01
1.426230072975158691e+01
1.389803576469421387e+01
1.393532180786132812e+01
1.389046239852905273e+01
1.396506929397583008e+01
1.413895750045776367e+01
1.410658550262451172e+01
1.388100576400756836e+01
1.435924553871154785e+01
1.392133426666259766e+01
1.393735814094543457e+01
1.409868836402893066e+01
1.394193100929260254e+01
1.410961151123046875e+01
1.453356790542602539e+01
1.415053892135620117e+01
1.398110032081604004e+01
1.425044703483581543e+01
1.432316207885742188e+01
1.418629384040832520e+01
1.400878548622131348e+01
1.392913985252380371e+01
1.390419483184814453e+01
1.421840190887451172e+01
1.395975661277770996e+01
1.387401533126831055e+01
1.407079291343688965e+01
1.379491376876831055e+01
1.448685860633850098e+01
1.388282704353332520e+01
1.424363517761230469e+01
1.415653824806213379e+01
1.428790760040283203e+01
1.392610478401184082e+01
1.437643814086914062e+01
1.410424733161926270e+01
1.391675925254821777e+01
1.388779115676879883e+01
1.424541068077087402e+01
1.413348436355590820e+01
1.447498679161071777e+01
1.415130305290222168e+01
1.420982861518859863e+01
1.387880253791809082e+01
1.405677223205566406e+01
1.387908482551574707e+01
1.417554759979248047e+01
1.384571456909179688e+01
1.402143955230712891e+01
1.385111546516418457e+01
1.415058088302612305e+01
1.403225159645080566e+01
1.383877968788146973e+01
1.395252966880798340e+01
1.389505171775817871e+01
1.393551468849182129e+01
1.402688503265380859e+01
1.423054242134094238e+01
1.448064017295837402e+01
1.395696163177490234e+01
1.405463314056396484e+01
1.401827192306518555e+01
1.444639754295349121e+01
1.405537557601928711e+01
1.407860374450683594e+01
1.401614332199096680e+01
1.484009170532226562e+01
1.432849216461181641e+01
1.398611187934875488e+01
1.482212448120117188e+01
1.411204433441162109e+01
1.397074031829833984e+01
1.463828539848327637e+01
1.452828001976013184e+01
1.458951473236083984e+01
1.423365926742553711e+01
1.416776013374328613e+01
1.463305854797363281e+01
1.407030510902404785e+01
1.426743125915527344e+01
1.434745693206787109e+01
1.403325891494750977e+01
1.396369004249572754e+01
1.445787286758422852e+01
1.448328423500061035e+01
1.405089354515075684e+01
1.418399453163146973e+01
1.393924307823181152e+01
1.397811698913574219e+01
1.439423799514770508e+01
