2.678904771804809570e+00
1.922339916229248047e+00
1.919417619705200195e+00
1.942720174789428711e+00
1.915085315704345703e+00
1.919699668884277344e+00
1.914232015609741211e+00
1.915144205093383789e+00
1.913306236267089844e+00
1.945818424224853516e+00
1.925895929336547852e+00
1.917104482650756836e+00
1.913791894912719727e+00
1.912328243255615234e+00
1.903459310531616211e+00
1.904376506805419922e+00
1.910732984542846680e+00
1.907620429992675781e+00
1.931703805923461914e+00
1.923658370971679688e+00
1.915799140930175781e+00
1.913837909698486328e+00
1.913176059722900391e+00
1.919114112854003906e+00
1.940543174743652344e+00
1.916184902191162109e+00
1.913005352020263672e+00
1.907749652862548828e+00
1.922938823699951172e+00
1.922106504440307617e+00
1.923684597015380859e+00
1.932527780532836914e+00
1.929920434951782227e+00
1.930001497268676758e+00
1.914989471435546875e+00
1.924510955810546875e+00
1.917953968048095703e+00
1.911268234252929688e+00
1.933928489685058594e+00
1.902514696121215820e+00
1.906359910964965820e+00
1.929963588714599609e+00
1.944669723510742188e+00
1.923965692520141602e+00
1.925256252288818359e+00
1.918401241302490234e+00
1.927257776260375977e+00
1.931295871734619141e+00
1.914149999618530273e+00
1.923281192779541016e+00
1.920994281768798828e+00
1.919240474700927734e+00
1.934301137924194336e+00
1.924894809722900391e+00
1.923926591873168945e+00
1.925287961959838867e+00
1.923167467117309570e+00
1.921036481857299805e+00
1.922857522964477539e+00
1.925581455230712891e+00
1.927520036697387695e+00
1.952740192413330078e+00
1.922157049179077148e+00
1.985887289047241211e+00
1.922143220901489258e+00
1.934828996658325195e+00
1.924428701400756836e+00
1.909997701644897461e+00
1.913471460342407227e+00
1.904742240905761719e+00
1.931743383407592773e+00
1.904289960861206055e+00
1.903082132339477539e+00
1.904618740081787109e+00
1.915497064590454102e+00
1.914859294891357422e+00
1.903846979141235352e+00
1.913300275802612305e+00
1.902266025543212891e+00
1.904941558837890625e+00
1.907297849655151367e+00
1.904103994369506836e+00
1.942374706268310547e+00
1.908733367919921875e+00
1.906778573989868164e+00
1.907409906387329102e+00
1.956675052642822266e+00
1.924985885620117188e+00
1.932915925979614258e+00
1.928943634033203125e+00
1.927829980850219727e+00
1.922484397888183594e+00
1.927711725234985352e+00
1.928281307220458984e+00
1.916599512100219727e+00
1.948913335800170898e+00
1.921204328536987305e+00
1.944934368133544922e+00
1.914867639541625977e+00
1.906249523162841797e+00
1.920156955718994141e+00
1.928911447525024414e+00
1.925463199615478516e+00
1.931230545043945312e+00
1.933168172836303711e+00
1.924286603927612305e+00
1.923787832260131836e+00
1.929747343063354492e+00
1.918488502502441406e+00
1.908360719680786133e+00
1.920895338058471680e+00
1.921931982040405273e+00
1.922773599624633789e+00
1.922208309173583984e+00
1.935005903244018555e+00
1.925139427185058594e+00
1.912252902984619141e+00
1.945139646530151367e+00
1.929789781570434570e+00
1.929161071777343750e+00
1.941216945648193359e+00
1.929193258285522461e+00
1.926293373107910156e+00
1.929456233978271484e+00
1.911826133728027344e+00
1.950010776519775391e+00
1.939459800720214844e+00
1.928746223449707031e+00
1.911915540695190430e+00
1.924889326095581055e+00
1.929691314697265625e+00
1.930889606475830078e+00
1.937027931213378906e+00
1.926523447036743164e+00
1.926564931869506836e+00
1.917103767395019531e+00
1.924811601638793945e+00
1.902423381805419922e+00
1.923616409301757812e+00
1.917341470718383789e+00
1.921589851379394531e+00
1.966568946838378906e+00
1.932539224624633789e+00
1.918186664581298828e+00
1.930680513381958008e+00
1.934400081634521484e+00
1.917139768600463867e+00
1.928635358810424805e+00
1.916038513183593750e+00
1.922549247741699219e+00
1.942209959030151367e+00
1.974107742309570312e+00
1.918943166732788086e+00
1.925419569015502930e+00
1.934314727783203125e+00
1.923930644989013672e+00
1.916048288345336914e+00
1.912858963012695312e+00
1.901011705398559570e+00
1.915244579315185547e+00
1.930672645568847656e+00
1.911096334457397461e+00
1.913223981857299805e+00
1.914520502090454102e+00
1.930372476577758789e+00
1.924057483673095703e+00
1.945712089538574219e+00
1.949056625366210938e+00
1.959697723388671875e+00
1.940983772277832031e+00
1.949222087860107422e+00
1.948333740234375000e+00
1.951319217681884766e+00
1.939855337142944336e+00
1.945116281509399414e+00
1.946118116378784180e+00
1.971083879470825195e+00
1.961538076400756836e+00
1.935408830642700195e+00
1.940220355987548828e+00
1.938071250915527344e+00
1.929936647415161133e+00
1.932790517807006836e+00
1.988874673843383789e+00
1.935368776321411133e+00
1.929497718811035156e+00
1.919827222824096680e+00
1.924964666366577148e+00
1.922413825988769531e+00
1.932514429092407227e+00
1.957765817642211914e+00
1.931094646453857422e+00
1.926459550857543945e+00
1.947027444839477539e+00
1.929047584533691406e+00
1.924554109573364258e+00
1.927183389663696289e+00
1.933361291885375977e+00
1.934050559997558594e+00
1.940787315368652344e+00
