4.588584899902343750e-01
4.504835605621337891e-01
4.605197906494140625e-01
4.496052265167236328e-01
4.511511325836181641e-01
4.636197090148925781e-01
4.476964473724365234e-01
4.508721828460693359e-01
4.593532085418701172e-01
4.546043872833251953e-01
4.481403827667236328e-01
4.494004249572753906e-01
4.615688323974609375e-01
4.484171867370605469e-01
4.494769573211669922e-01
4.632802009582519531e-01
4.486014842987060547e-01
4.451873302459716797e-01
4.535105228424072266e-01
4.598217010498046875e-01
4.477105140686035156e-01
4.463157653808593750e-01
4.590055942535400391e-01
4.555649757385253906e-01
4.473924636840820312e-01
4.517691135406494141e-01
4.580769538879394531e-01
4.536592960357666016e-01
4.516243934631347656e-01
4.541234970092773438e-01
4.569230079650878906e-01
4.504272937774658203e-01
4.565825462341308594e-01
4.521512985229492188e-01
4.526984691619873047e-01
4.524424076080322266e-01
4.525899887084960938e-01
4.502716064453125000e-01
4.526722431182861328e-01
4.532871246337890625e-01
4.537894725799560547e-01
4.550738334655761719e-01
4.579722881317138672e-01
4.494202136993408203e-01
4.553155899047851562e-01
4.512593746185302734e-01
4.526522159576416016e-01
4.512567520141601562e-01
4.519515037536621094e-01
4.592120647430419922e-01
4.512329101562500000e-01
4.530346393585205078e-01
4.535567760467529297e-01
4.587211608886718750e-01
4.489004611968994141e-01
4.515349864959716797e-01
4.599463939666748047e-01
4.518971443176269531e-01
4.503140449523925781e-01
4.582049846649169922e-01
4.575283527374267578e-01
4.507393836975097656e-01
4.523096084594726562e-01
4.594061374664306641e-01
4.568140506744384766e-01
4.497992992401123047e-01
4.572660923004150391e-01
4.528706073760986328e-01
4.500384330749511719e-01
4.492843151092529297e-01
4.567627906799316406e-01
4.549405574798583984e-01
4.457101821899414062e-01
4.542534351348876953e-01
4.487988948822021484e-01
4.515218734741210938e-01
4.531536102294921875e-01
4.551777839660644531e-01
4.524047374725341797e-01
4.504845142364501953e-01
4.517545700073242188e-01
4.507665634155273438e-01
4.521758556365966797e-01
4.528522491455078125e-01
4.484868049621582031e-01
4.499216079711914062e-01
4.598529338836669922e-01
4.586343765258789062e-01
4.500377178192138672e-01
4.514107704162597656e-01
4.637207984924316406e-01
4.504265785217285156e-01
4.520130157470703125e-01
4.542703628540039062e-01
4.545271396636962891e-01
4.505457878112792969e-01
4.516885280609130859e-01
4.603617191314697266e-01
4.498896598815917969e-01
4.513733386993408203e-01
4.543077945709228516e-01
4.568276405334472656e-01
4.484350681304931641e-01
4.543385505676269531e-01
4.608526229858398438e-01
4.515275955200195312e-01
4.528770446777343750e-01
4.539251327514648438e-01
4.545254707336425781e-01
4.524762630462646484e-01
4.530539512634277344e-01
4.538421630859375000e-01
4.531407356262207031e-01
4.474430084228515625e-01
4.638063907623291016e-01
4.552698135375976562e-01
4.535281658172607422e-01
4.565768241882324219e-01
4.574267864227294922e-01
4.523358345031738281e-01
4.576542377471923828e-01
4.596400260925292969e-01
4.521601200103759766e-01
4.580497741699218750e-01
4.526989459991455078e-01
4.578003883361816406e-01
4.524471759796142578e-01
4.556009769439697266e-01
4.546437263488769531e-01
4.528110027313232422e-01
4.512598514556884766e-01
4.589788913726806641e-01
4.564392566680908203e-01
4.522686004638671875e-01
4.533755779266357422e-01
4.577376842498779297e-01
4.476292133331298828e-01
4.523136615753173828e-01
4.609546661376953125e-01
4.499557018280029297e-01
4.518530368804931641e-01
4.566900730133056641e-01
4.574737548828125000e-01
4.532227516174316406e-01
4.534416198730468750e-01
4.584326744079589844e-01
4.531016349792480469e-01
4.500882625579833984e-01
4.569337368011474609e-01
4.574046134948730469e-01
4.574835300445556641e-01
4.534807205200195312e-01
4.577000141143798828e-01
4.511842727661132812e-01
4.536530971527099609e-01
4.582016468048095703e-01
4.504303932189941406e-01
4.508652687072753906e-01
4.509675502777099609e-01
4.549951553344726562e-01
4.504969120025634766e-01
4.491760730743408203e-01
4.585726261138916016e-01
4.548699855804443359e-01
4.509546756744384766e-01
4.634685516357421875e-01
4.628093242645263672e-01
4.599711894989013672e-01
4.597551822662353516e-01
4.651162624359130859e-01
4.573965072631835938e-01
4.595046043395996094e-01
4.653918743133544922e-01
4.588882923126220703e-01
4.583833217620849609e-01
4.619467258453369141e-01
4.705755710601806641e-01
4.588389396667480469e-01
4.638295173645019531e-01
4.701859951019287109e-01
4.579458236694335938e-01
4.571795463562011719e-01
4.611134529113769531e-01
4.725720882415771484e-01
4.574608802795410156e-01
4.609065055847167969e-01
4.627377986907958984e-01
4.550755023956298828e-01
4.568974971771240234e-01
4.664785861968994141e-01
4.609103202819824219e-01
4.603197574615478516e-01
4.630663394927978516e-01
4.668083190917968750e-01
4.638972282409667969e-01
4.550423622131347656e-01
4.674258232116699219e-01
4.606699943542480469e-01
4.594521522521972656e-01
4.621362686157226562e-01
