2.654823064804077148e+00
1.958705425262451172e+00
1.959372758865356445e+00
1.969461917877197266e+00
1.993196964263916016e+00
1.962560176849365234e+00
1.959912300109863281e+00
1.951585531234741211e+00
1.952855110168457031e+00
1.952377080917358398e+00
2.015128850936889648e+00
1.970845460891723633e+00
1.954945564270019531e+00
1.956365585327148438e+00
1.953962326049804688e+00
1.946144342422485352e+00
1.947889804840087891e+00
1.944086551666259766e+00
1.963921070098876953e+00
1.958175420761108398e+00
1.952794790267944336e+00
1.961281776428222656e+00
1.946568012237548828e+00
1.950173854827880859e+00
1.989909887313842773e+00
1.948128938674926758e+00
1.946987867355346680e+00
1.981949090957641602e+00
1.953248500823974609e+00
1.959796428680419922e+00
1.971088409423828125e+00
1.966177225112915039e+00
1.961154222488403320e+00
1.966699123382568359e+00
1.966403961181640625e+00
1.984033346176147461e+00
1.948295354843139648e+00
1.948387145996093750e+00
1.948128223419189453e+00
1.971190690994262695e+00
1.954585790634155273e+00
1.973736286163330078e+00
1.958067417144775391e+00
1.954032659530639648e+00
1.958554267883300781e+00
1.971333265304565430e+00
1.967385292053222656e+00
1.966856718063354492e+00
2.014276266098022461e+00
1.959539175033569336e+00
1.961875915527343750e+00
1.964637517929077148e+00
1.971961975097656250e+00
1.957561016082763672e+00
1.964705944061279297e+00
1.966913461685180664e+00
1.964875221252441406e+00
1.965003013610839844e+00
1.961298942565917969e+00
1.962576389312744141e+00
1.962264299392700195e+00
2.003403186798095703e+00
1.968658447265625000e+00
1.981035232543945312e+00
1.961318254470825195e+00
1.978237152099609375e+00
1.976869821548461914e+00
1.945056438446044922e+00
1.945757865905761719e+00
1.958944082260131836e+00
1.956779003143310547e+00
1.952913999557495117e+00
1.943046808242797852e+00
1.944587230682373047e+00
1.949119806289672852e+00
1.954467296600341797e+00
1.940351009368896484e+00
1.975737571716308594e+00
1.957464933395385742e+00
1.962227106094360352e+00
1.959878921508789062e+00
1.995096921920776367e+00
1.954679489135742188e+00
1.958268404006958008e+00
1.938829660415649414e+00
1.949036598205566406e+00
1.981229543685913086e+00
1.967087507247924805e+00
1.970197916030883789e+00
1.972193479537963867e+00
1.968806028366088867e+00
1.961486339569091797e+00
1.973650932312011719e+00
1.993834257125854492e+00
1.970622539520263672e+00
1.983485460281372070e+00
1.975001811981201172e+00
1.964157819747924805e+00
1.952079534530639648e+00
1.974677562713623047e+00
1.958192348480224609e+00
1.962881803512573242e+00
1.979488849639892578e+00
1.962952613830566406e+00
1.968900918960571289e+00
1.973149299621582031e+00
1.964874982833862305e+00
1.962022066116333008e+00
1.959945678710937500e+00
1.956014871597290039e+00
1.965431928634643555e+00
1.958215951919555664e+00
1.972240209579467773e+00
1.945770502090454102e+00
1.998989820480346680e+00
1.944474935531616211e+00
1.946225643157958984e+00
1.985819578170776367e+00
1.965225934982299805e+00
1.970729351043701172e+00
1.973867177963256836e+00
2.021838188171386719e+00
1.976959228515625000e+00
1.968904018402099609e+00
1.965566873550415039e+00
1.969395637512207031e+00
1.980881452560424805e+00
1.968724727630615234e+00
1.948142290115356445e+00
2.039824247360229492e+00
1.973336219787597656e+00
1.971081256866455078e+00
1.980504274368286133e+00
1.971742153167724609e+00
2.008369445800781250e+00
1.959177494049072266e+00
2.008490085601806641e+00
1.955577373504638672e+00
1.966447830200195312e+00
1.959238290786743164e+00
1.964287996292114258e+00
1.983129262924194336e+00
1.979665517807006836e+00
1.965229749679565430e+00
1.964677333831787109e+00
1.964676856994628906e+00
1.968986988067626953e+00
1.965959548950195312e+00
1.946660757064819336e+00
1.955122709274291992e+00
1.979640483856201172e+00
1.973157882690429688e+00
1.967818021774291992e+00
1.965973138809204102e+00
1.984307050704956055e+00
1.977690696716308594e+00
1.974146366119384766e+00
1.955565452575683594e+00
1.946616888046264648e+00
1.950607776641845703e+00
1.964283704757690430e+00
1.951075792312622070e+00
1.957123517990112305e+00
1.947146654129028320e+00
1.966844797134399414e+00
1.973599672317504883e+00
1.986665010452270508e+00
2.014589548110961914e+00
1.982704639434814453e+00
1.996166229248046875e+00
2.022884368896484375e+00
1.982832193374633789e+00
1.985867023468017578e+00
1.975538015365600586e+00
1.992068767547607422e+00
1.977155447006225586e+00
2.003756523132324219e+00
1.983485460281372070e+00
1.983964920043945312e+00
1.971507310867309570e+00
1.970685958862304688e+00
1.981643676757812500e+00
1.982587337493896484e+00
1.965109586715698242e+00
1.988791227340698242e+00
1.965937137603759766e+00
1.965548276901245117e+00
1.965306520462036133e+00
1.975238561630249023e+00
1.977888345718383789e+00
1.985870361328125000e+00
1.976554632186889648e+00
1.968026161193847656e+00
1.982491016387939453e+00
1.988728523254394531e+00
1.993081569671630859e+00
1.980228185653686523e+00
2.022199153900146484e+00
1.970955133438110352e+00
1.979173421859741211e+00
