4.583733081817626953e-01
4.500513076782226562e-01
4.599330425262451172e-01
4.491453170776367188e-01
4.514946937561035156e-01
4.635057449340820312e-01
4.496350288391113281e-01
4.505743980407714844e-01
4.590280055999755859e-01
4.548194408416748047e-01
4.480893611907958984e-01
4.493474960327148438e-01
4.617228507995605469e-01
4.489359855651855469e-01
4.490232467651367188e-01
4.631624221801757812e-01
4.487390518188476562e-01
4.451010227203369141e-01
4.542708396911621094e-01
4.599986076354980469e-01
4.477417469024658203e-01
4.463996887207031250e-01
4.590499401092529297e-01
4.553837776184082031e-01
4.477162361145019531e-01
4.519419670104980469e-01
4.583010673522949219e-01
4.535369873046875000e-01
4.516320228576660156e-01
4.542500972747802734e-01
4.573259353637695312e-01
4.507937431335449219e-01
4.567201137542724609e-01
4.524993896484375000e-01
4.525845050811767578e-01
4.524202346801757812e-01
4.531888961791992188e-01
4.504520893096923828e-01
4.528372287750244141e-01
4.532749652862548828e-01
4.535701274871826172e-01
4.550058841705322266e-01
4.574768543243408203e-01
4.497990608215332031e-01
4.555523395538330078e-01
4.515662193298339844e-01
4.529585838317871094e-01
4.509749412536621094e-01
4.518721103668212891e-01
4.594025611877441406e-01
4.515972137451171875e-01
4.527244567871093750e-01
4.531304836273193359e-01
4.584684371948242188e-01
4.492182731628417969e-01
4.510974884033203125e-01
4.595303535461425781e-01
4.517626762390136719e-01
4.503905773162841797e-01
4.579818248748779297e-01
4.572019577026367188e-01
4.503469467163085938e-01
4.521234035491943359e-01
4.591770172119140625e-01
4.570999145507812500e-01
4.499208927154541016e-01
4.573569297790527344e-01
4.528126716613769531e-01
4.498579502105712891e-01
4.493157863616943359e-01
4.570107460021972656e-01
4.549150466918945312e-01
4.456455707550048828e-01
4.546437263488769531e-01
4.486942291259765625e-01
4.518804550170898438e-01
4.537050724029541016e-01
4.555237293243408203e-01
4.527361392974853516e-01
4.508759975433349609e-01
4.520497322082519531e-01
4.511070251464843750e-01
4.510920047760009766e-01
4.520981311798095703e-01
4.487664699554443359e-01
4.503047466278076172e-01
4.595341682434082031e-01
4.589922428131103516e-01
4.504556655883789062e-01
4.517769813537597656e-01
4.640061855316162109e-01
4.510450363159179688e-01
4.525208473205566406e-01
4.546017646789550781e-01
4.550538063049316406e-01
4.510097503662109375e-01
4.512276649475097656e-01
4.603786468505859375e-01
4.496908187866210938e-01
4.510595798492431641e-01
4.539628028869628906e-01
4.563057422637939453e-01
4.480962753295898438e-01
4.542269706726074219e-01
4.611907005310058594e-01
4.509372711181640625e-01
4.528553485870361328e-01
4.542179107666015625e-01
4.543075561523437500e-01
4.528484344482421875e-01
4.526803493499755859e-01
4.541690349578857422e-01
4.527502059936523438e-01
4.471986293792724609e-01
4.637022018432617188e-01
4.564602375030517578e-01
4.532094001770019531e-01
4.569611549377441406e-01
4.576220512390136719e-01
4.524054527282714844e-01
4.578557014465332031e-01
4.596214294433593750e-01
4.520821571350097656e-01
4.579608440399169922e-01
4.531548023223876953e-01
4.573574066162109375e-01
4.521594047546386719e-01
4.552009105682373047e-01
4.542503356933593750e-01
4.524483680725097656e-01
4.503457546234130859e-01
4.588840007781982422e-01
4.560015201568603516e-01
4.522745609283447266e-01
4.526724815368652344e-01
4.573531150817871094e-01
4.476096630096435547e-01
4.521744251251220703e-01
4.614644050598144531e-01
4.497225284576416016e-01
4.516043663024902344e-01
4.563226699829101562e-01
4.568712711334228516e-01
4.528379440307617188e-01
4.534683227539062500e-01
4.582710266113281250e-01
4.525833129882812500e-01
4.502215385437011719e-01
4.568128585815429688e-01
4.571564197540283203e-01
4.574699401855468750e-01
4.534430503845214844e-01
4.572541713714599609e-01
4.508292675018310547e-01
4.532976150512695312e-01
4.575824737548828125e-01
4.505779743194580078e-01
4.507329463958740234e-01
4.509298801422119141e-01
4.551129341125488281e-01
4.505002498626708984e-01
4.490673542022705078e-01
4.581291675567626953e-01
4.545910358428955078e-01
4.505245685577392578e-01
4.629647731781005859e-01
4.625327587127685547e-01
4.598731994628906250e-01
4.593849182128906250e-01
4.647095203399658203e-01
4.569995403289794922e-01
4.594662189483642578e-01
4.650938510894775391e-01
4.586966037750244141e-01
4.580330848693847656e-01
4.615032672882080078e-01
4.705936908721923828e-01
4.585175514221191406e-01
4.634842872619628906e-01
4.698643684387207031e-01
4.576497077941894531e-01
4.567298889160156250e-01
4.609093666076660156e-01
4.720387458801269531e-01
4.570333957672119141e-01
4.605708122253417969e-01
4.622435569763183594e-01
4.548082351684570312e-01
4.567093849182128906e-01
4.662604331970214844e-01
4.606583118438720703e-01
4.600701332092285156e-01
4.627060890197753906e-01
4.654781818389892578e-01
4.637136459350585938e-01
4.547052383422851562e-01
4.673473834991455078e-01
4.606757164001464844e-01
4.591188430786132812e-01
4.617156982421875000e-01
