2.044999885559082031e+01
2.398999977111816406e+01
2.239999961853027344e+01
3.387999725341796875e+01
3.009999847412109375e+01
3.400999832153320312e+01
3.400999832153320312e+01
4.270000076293945312e+01
4.348999786376953125e+01
5.106999969482421875e+01
3.859999847412109375e+01
3.693999862670898438e+01
4.645999908447265625e+01
5.456999969482421875e+01
5.929999923706054688e+01
5.293000030517578125e+01
4.970999908447265625e+01
5.603999710083007812e+01
5.926999664306640625e+01
6.359999847412109375e+01
6.658000183105468750e+01
6.293999862670898438e+01
6.666999816894531250e+01
6.531999969482421875e+01
5.606999969482421875e+01
6.153999710083007812e+01
6.765000152587890625e+01
6.398999786376953125e+01
7.205999755859375000e+01
6.761000061035156250e+01
5.816999816894531250e+01
6.516999816894531250e+01
7.034999847412109375e+01
6.350000000000000000e+01
5.975999832153320312e+01
6.822000122070312500e+01
6.422999572753906250e+01
5.938999938964843750e+01
5.172999954223632812e+01
6.429999542236328125e+01
6.355999755859375000e+01
6.737999725341796875e+01
6.936999511718750000e+01
5.737999725341796875e+01
7.212999725341796875e+01
6.651999664306640625e+01
7.415999603271484375e+01
6.540999603271484375e+01
4.789999771118164062e+01
5.748999786376953125e+01
7.558000183105468750e+01
7.279999542236328125e+01
6.311999893188476562e+01
5.059000015258789062e+01
6.986000061035156250e+01
5.470999908447265625e+01
6.991999816894531250e+01
7.461000061035156250e+01
7.125999450683593750e+01
6.975000000000000000e+01
6.604000091552734375e+01
5.920999908447265625e+01
5.806999969482421875e+01
7.072000122070312500e+01
6.927999877929687500e+01
7.006999969482421875e+01
7.463999938964843750e+01
4.878999710083007812e+01
5.516999816894531250e+01
4.509999847412109375e+01
5.855999755859375000e+01
6.251999664306640625e+01
3.871999740600585938e+01
5.413999938964843750e+01
7.950999450683593750e+01
7.480999755859375000e+01
6.763999938964843750e+01
6.000000000000000000e+01
7.156999969482421875e+01
4.437999725341796875e+01
6.750999450683593750e+01
7.686000061035156250e+01
7.787999725341796875e+01
7.080999755859375000e+01
6.608999633789062500e+01
4.559999847412109375e+01
6.289999771118164062e+01
6.869999694824218750e+01
7.552999877929687500e+01
7.012999725341796875e+01
6.337999725341796875e+01
8.148999786376953125e+01
5.250000000000000000e+01
6.922999572753906250e+01
6.566999816894531250e+01
7.176999664306640625e+01
6.847999572753906250e+01
7.022000122070312500e+01
5.265999984741210938e+01
6.491999816894531250e+01
9.156999969482421875e+01
9.173999786376953125e+01
9.190999603271484375e+01
9.200999450683593750e+01
9.183999633789062500e+01
9.197999572753906250e+01
9.202999877929687500e+01
9.200000000000000000e+01
9.213999938964843750e+01
9.118999481201171875e+01
9.172999572753906250e+01
9.208999633789062500e+01
9.206999969482421875e+01
9.222000122070312500e+01
9.247000122070312500e+01
9.201999664306640625e+01
9.211999511718750000e+01
9.206999969482421875e+01
9.200000000000000000e+01
9.207999420166015625e+01
9.201999664306640625e+01
9.186000061035156250e+01
9.220999908447265625e+01
9.206999969482421875e+01
9.214999389648437500e+01
9.182999420166015625e+01
9.212999725341796875e+01
9.201999664306640625e+01
9.159999847412109375e+01
9.194999694824218750e+01
9.226999664306640625e+01
9.122999572753906250e+01
9.176999664306640625e+01
9.223999786376953125e+01
9.193999481201171875e+01
9.126999664306640625e+01
9.211000061035156250e+01
9.147999572753906250e+01
9.172999572753906250e+01
9.168000030517578125e+01
9.201999664306640625e+01
9.227999877929687500e+01
9.131999969482421875e+01
9.198999786376953125e+01
9.125000000000000000e+01
9.222999572753906250e+01
9.208999633789062500e+01
9.129999542236328125e+01
9.168999481201171875e+01
9.150999450683593750e+01
9.238999938964843750e+01
9.238999938964843750e+01
9.236999511718750000e+01
9.233999633789062500e+01
9.237999725341796875e+01
9.229999542236328125e+01
9.243000030517578125e+01
9.241999816894531250e+01
9.236999511718750000e+01
9.248999786376953125e+01
9.241999816894531250e+01
9.250999450683593750e+01
9.243000030517578125e+01
9.236999511718750000e+01
9.250000000000000000e+01
9.243999481201171875e+01
9.238999938964843750e+01
9.238999938964843750e+01
9.236000061035156250e+01
9.230999755859375000e+01
9.231999969482421875e+01
9.216999816894531250e+01
9.237999725341796875e+01
9.247000122070312500e+01
9.234999847412109375e+01
9.236999511718750000e+01
9.245999908447265625e+01
9.236999511718750000e+01
9.219999694824218750e+01
9.250000000000000000e+01
9.239999389648437500e+01
9.234999847412109375e+01
9.238999938964843750e+01
9.251999664306640625e+01
9.247999572753906250e+01
9.251999664306640625e+01
9.245999908447265625e+01
9.244999694824218750e+01
9.232999420166015625e+01
9.250000000000000000e+01
9.243999481201171875e+01
9.232999420166015625e+01
9.245999908447265625e+01
9.244999694824218750e+01
9.233999633789062500e+01
9.229999542236328125e+01
9.231999969482421875e+01
9.247000122070312500e+01
9.243000030517578125e+01
9.247999572753906250e+01
