1.852000045776367188e+01
2.082999992370605469e+01
2.411999893188476562e+01
2.948999977111816406e+01
3.604999923706054688e+01
3.297999954223632812e+01
3.702999877929687500e+01
4.089999771118164062e+01
3.000999832153320312e+01
3.005999946594238281e+01
4.711999893188476562e+01
4.898999786376953125e+01
5.125000000000000000e+01
4.852999877929687500e+01
5.502999877929687500e+01
5.384999847412109375e+01
5.670999908447265625e+01
5.440999984741210938e+01
5.307999801635742188e+01
4.743999862670898438e+01
5.018000030517578125e+01
5.359999847412109375e+01
4.072999954223632812e+01
4.875000000000000000e+01
7.348999786376953125e+01
6.752999877929687500e+01
6.209000015258789062e+01
6.134999847412109375e+01
6.791999816894531250e+01
5.464999771118164062e+01
7.025999450683593750e+01
6.544999694824218750e+01
5.322999954223632812e+01
6.631999969482421875e+01
5.884000015258789062e+01
6.191999816894531250e+01
7.626999664306640625e+01
6.947999572753906250e+01
7.468999481201171875e+01
6.736000061035156250e+01
7.698999786376953125e+01
5.984000015258789062e+01
6.328999710083007812e+01
6.516999816894531250e+01
7.162999725341796875e+01
5.156999969482421875e+01
6.041999816894531250e+01
5.237999725341796875e+01
5.606999969482421875e+01
5.725000000000000000e+01
4.800999832153320312e+01
5.440999984741210938e+01
6.111999893188476562e+01
6.128999710083007812e+01
8.100999450683593750e+01
6.920999908447265625e+01
6.658999633789062500e+01
7.693999481201171875e+01
7.390999603271484375e+01
7.065000152587890625e+01
7.719999694824218750e+01
5.823999786376953125e+01
7.080999755859375000e+01
7.961000061035156250e+01
6.007999801635742188e+01
6.334000015258789062e+01
7.040000152587890625e+01
7.797999572753906250e+01
7.227999877929687500e+01
6.972000122070312500e+01
5.734000015258789062e+01
6.572000122070312500e+01
6.096999740600585938e+01
7.915000152587890625e+01
6.637999725341796875e+01
5.575000000000000000e+01
6.656999969482421875e+01
7.098999786376953125e+01
4.895999908447265625e+01
7.011999511718750000e+01
5.934000015258789062e+01
6.950000000000000000e+01
5.188999938964843750e+01
6.247999954223632812e+01
6.490999603271484375e+01
8.054000091552734375e+01
7.429000091552734375e+01
5.162999725341796875e+01
8.384999847412109375e+01
6.747999572753906250e+01
7.933999633789062500e+01
7.562999725341796875e+01
6.929999542236328125e+01
6.729999542236328125e+01
4.327000045776367188e+01
5.529999923706054688e+01
6.933000183105468750e+01
6.851999664306640625e+01
7.327999877929687500e+01
5.093000030517578125e+01
9.158999633789062500e+01
9.191999816894531250e+01
9.180999755859375000e+01
9.189999389648437500e+01
9.200999450683593750e+01
9.212999725341796875e+01
9.193999481201171875e+01
9.170999908447265625e+01
9.213999938964843750e+01
9.209999847412109375e+01
9.222000122070312500e+01
9.204999542236328125e+01
9.197999572753906250e+01
9.220999908447265625e+01
9.207999420166015625e+01
9.200000000000000000e+01
9.211999511718750000e+01
9.214999389648437500e+01
9.175000000000000000e+01
9.220999908447265625e+01
9.201999664306640625e+01
9.195999908447265625e+01
9.172999572753906250e+01
9.234999847412109375e+01
9.193000030517578125e+01
9.197000122070312500e+01
9.222000122070312500e+01
9.208999633789062500e+01
9.163999938964843750e+01
9.207999420166015625e+01
9.211000061035156250e+01
9.208999633789062500e+01
9.140999603271484375e+01
9.211000061035156250e+01
9.184999847412109375e+01
9.184999847412109375e+01
9.164999389648437500e+01
9.195999908447265625e+01
9.193999481201171875e+01
9.150000000000000000e+01
9.218999481201171875e+01
9.147999572753906250e+01
9.163999938964843750e+01
9.154000091552734375e+01
9.189999389648437500e+01
9.201999664306640625e+01
9.150999450683593750e+01
9.176999664306640625e+01
9.225000000000000000e+01
9.075999450683593750e+01
9.254999542236328125e+01
9.243999481201171875e+01
9.239999389648437500e+01
9.238999938964843750e+01
9.241999816894531250e+01
9.232999420166015625e+01
9.231999969482421875e+01
9.234999847412109375e+01
9.227999877929687500e+01
9.232999420166015625e+01
9.241999816894531250e+01
9.229000091552734375e+01
9.243000030517578125e+01
9.245999908447265625e+01
9.243000030517578125e+01
9.240999603271484375e+01
9.232999420166015625e+01
9.237999725341796875e+01
9.227999877929687500e+01
9.234999847412109375e+01
9.243999481201171875e+01
9.234999847412109375e+01
9.237999725341796875e+01
9.243000030517578125e+01
9.231999969482421875e+01
9.238999938964843750e+01
9.241999816894531250e+01
9.209999847412109375e+01
9.255999755859375000e+01
9.229999542236328125e+01
9.237999725341796875e+01
9.243000030517578125e+01
9.232999420166015625e+01
9.256999969482421875e+01
9.236999511718750000e+01
9.231999969482421875e+01
9.237999725341796875e+01
9.237999725341796875e+01
9.229999542236328125e+01
9.247999572753906250e+01
9.231999969482421875e+01
9.241999816894531250e+01
9.240999603271484375e+01
9.237999725341796875e+01
9.219999694824218750e+01
9.254999542236328125e+01
9.245999908447265625e+01
9.251999664306640625e+01
9.245999908447265625e+01
9.239999389648437500e+01
