2.654359340667724609e+00
1.918118476867675781e+00
1.915369510650634766e+00
1.916168212890625000e+00
1.906536817550659180e+00
1.947128772735595703e+00
1.915564537048339844e+00
1.908799409866333008e+00
1.915813922882080078e+00
1.914042711257934570e+00
1.910079479217529297e+00
1.916321754455566406e+00
1.911192893981933594e+00
1.903031349182128906e+00
1.900141954421997070e+00
1.897235870361328125e+00
1.894223928451538086e+00
1.895453453063964844e+00
1.906910657882690430e+00
1.906137704849243164e+00
1.910104513168334961e+00
1.906544446945190430e+00
1.902821302413940430e+00
1.917192697525024414e+00
1.966256856918334961e+00
1.912507534027099609e+00
1.904247045516967773e+00
1.904284238815307617e+00
1.916356325149536133e+00
1.932380199432373047e+00
1.917828321456909180e+00
1.925883531570434570e+00
1.920153141021728516e+00
1.915029525756835938e+00
1.926425695419311523e+00
1.931815862655639648e+00
1.898572921752929688e+00
1.900477170944213867e+00
1.912938594818115234e+00
1.898983955383300781e+00
1.902544260025024414e+00
1.922431230545043945e+00
1.918622255325317383e+00
1.915795087814331055e+00
1.933890104293823242e+00
1.947777748107910156e+00
1.924289703369140625e+00
1.923776865005493164e+00
1.915766239166259766e+00
1.958648204803466797e+00
1.910961627960205078e+00
1.912071228027343750e+00
1.922351121902465820e+00
1.919042587280273438e+00
1.933592081069946289e+00
1.919281244277954102e+00
1.936391353607177734e+00
1.916286945343017578e+00
1.916338920593261719e+00
1.919430255889892578e+00
1.927834272384643555e+00
1.906492710113525391e+00
1.911437273025512695e+00
1.919767618179321289e+00
1.917172908782958984e+00
1.930779695510864258e+00
1.920240879058837891e+00
1.907121896743774414e+00
1.906079530715942383e+00
1.903019428253173828e+00
1.898834466934204102e+00
1.903075933456420898e+00
1.900440454483032227e+00
1.902440786361694336e+00
1.905455589294433594e+00
1.902559757232666016e+00
1.899090051651000977e+00
1.909666061401367188e+00
1.900881290435791016e+00
1.908979177474975586e+00
1.902298927307128906e+00
1.897748470306396484e+00
1.899491310119628906e+00
1.908250331878662109e+00
1.897840976715087891e+00
1.898247957229614258e+00
1.939879417419433594e+00
1.920579433441162109e+00
1.929371118545532227e+00
1.924776077270507812e+00
1.954180240631103516e+00
1.912201404571533203e+00
1.975864171981811523e+00
1.978975057601928711e+00
1.924794673919677734e+00
1.976623058319091797e+00
1.923457860946655273e+00
1.907561063766479492e+00
1.904589891433715820e+00
1.913969993591308594e+00
1.932641506195068359e+00
1.924729824066162109e+00
1.922046661376953125e+00
1.928526401519775391e+00
1.950387001037597656e+00
1.921411752700805664e+00
1.926728010177612305e+00
1.936683177947998047e+00
1.910472869873046875e+00
1.905996799468994141e+00
1.912427186965942383e+00
1.907545804977416992e+00
1.924621343612670898e+00
1.907361984252929688e+00
1.941075325012207031e+00
1.940437793731689453e+00
1.906045675277709961e+00
1.921455383300781250e+00
1.921369075775146484e+00
1.922422409057617188e+00
1.933720350265502930e+00
1.947646617889404297e+00
1.920157909393310547e+00
1.930513858795166016e+00
1.908258914947509766e+00
1.925849914550781250e+00
1.922864913940429688e+00
1.927204847335815430e+00
1.908376932144165039e+00
1.925770759582519531e+00
1.933347463607788086e+00
1.925828218460083008e+00
1.939995050430297852e+00
1.922966480255126953e+00
1.918074131011962891e+00
1.909785509109497070e+00
1.905326366424560547e+00
1.908644914627075195e+00
1.921626567840576172e+00
1.914543390274047852e+00
1.917451858520507812e+00
1.926905155181884766e+00
1.924398422241210938e+00
1.936307191848754883e+00
1.917443275451660156e+00
1.927302837371826172e+00
1.914039611816406250e+00
1.919465541839599609e+00
1.906624794006347656e+00
2.033571243286132812e+00
1.934082269668579102e+00
1.930875539779663086e+00
1.921365022659301758e+00
1.927917957305908203e+00
1.925027847290039062e+00
1.914781570434570312e+00
1.906560897827148438e+00
1.910201787948608398e+00
1.906203269958496094e+00
2.003698110580444336e+00
1.923330068588256836e+00
1.903839588165283203e+00
1.909525632858276367e+00
1.908943653106689453e+00
1.931623697280883789e+00
1.923219919204711914e+00
1.941479921340942383e+00
1.938119411468505859e+00
1.983142614364624023e+00
1.936996936798095703e+00
1.945683240890502930e+00
1.943393230438232422e+00
1.943516731262207031e+00
1.941799640655517578e+00
1.941478729248046875e+00
1.932563066482543945e+00
1.963329553604125977e+00
1.936694860458374023e+00
1.934911012649536133e+00
1.930152177810668945e+00
1.932449817657470703e+00
1.935893297195434570e+00
1.941597938537597656e+00
1.920763254165649414e+00
1.919295787811279297e+00
1.983120441436767578e+00
1.925277948379516602e+00
1.922961235046386719e+00
1.914313316345214844e+00
1.931637048721313477e+00
1.928051710128784180e+00
1.924283742904663086e+00
1.938555479049682617e+00
1.923125267028808594e+00
1.934490919113159180e+00
1.937891006469726562e+00
1.926014184951782227e+00
1.927041292190551758e+00
1.927534818649291992e+00
1.928739786148071289e+00
