1.579200000122070335e+01
2.353599999816894695e+01
2.822400000183105462e+01
3.291200000366210787e+01
3.422399999023437545e+01
3.715200000610351339e+01
4.059200000976562706e+01
4.289600000976562200e+01
4.555199999389648724e+01
4.945600000610351543e+01
5.356800000610351731e+01
5.601599999999999824e+01
5.849600000610351458e+01
6.025599999389648787e+01
6.268799998291015640e+01
6.372799997314453435e+01
6.564799999267577846e+01
6.630400001464843740e+01
6.697600000488280614e+01
6.969599999511719091e+01
7.100799997314453549e+01
7.233599997314452423e+01
7.345600001464843842e+01
7.478399999511718477e+01
7.505599997314453731e+01
7.545600001708984905e+01
7.681599997558593884e+01
7.760000000732421199e+01
7.855999998779296334e+01
7.868799998779296345e+01
7.918399999267577982e+01
8.049599998535155976e+01
7.999999997558593634e+01
8.091199998535155657e+01
8.108799998535155851e+01
8.105599998535156203e+01
8.224000001464844445e+01
8.241600001464843217e+01
8.220800001464843376e+01
8.255999997558593861e+01
8.316799998535155680e+01
8.279999999755860074e+01
8.283199998535155828e+01
8.355199999755859608e+01
8.364800001953125275e+01
8.369599999755858732e+01
8.425600001708984621e+01
8.481599997314452821e+01
8.343999998535156237e+01
8.435200001464843922e+01
8.497599999755858846e+01
8.448000000732422166e+01
8.463999999511719352e+01
8.454399997314453685e+01
8.448000000732422166e+01
8.496000000488281501e+01
8.472000000732421654e+01
8.531200000732421529e+01
8.580800001708983871e+01
8.611199998779297005e+01
8.532799998779296402e+01
8.500799999755859915e+01
8.657599997558594396e+01
8.575999997802733787e+01
8.667200001708984303e+01
8.572799999755859801e+01
8.676800000732421836e+01
8.590400001708984234e+01
8.540800001708984723e+01
8.663999999755858994e+01
8.649599999755859869e+01
8.606399998779296823e+01
8.647999998535156863e+01
8.667199997558593338e+01
8.697600001953125570e+01
8.668799998779296345e+01
8.707199998779296379e+01
8.777599997314453617e+01
8.753599998779296243e+01
8.761599998535156431e+01
8.716799998535155680e+01
8.723199999755858869e+01
8.750399998779296595e+01
8.785600001953125116e+01
8.771200001708984928e+01
8.719999997558593918e+01
8.798399998779296993e+01
8.825600000732421790e+01
8.761599997802734663e+01
8.836799997802734197e+01
8.751999997802734299e+01
8.796800000976563183e+01
8.795199999755858755e+01
8.817600001708984792e+01
8.814399997802733822e+01
8.814400000732422313e+01
8.833599998779297380e+01
8.848000000732422166e+01
8.827199999755859494e+01
8.889599999755859017e+01
9.377599997802734322e+01
9.499199997802733719e+01
9.529600000976562058e+01
9.531199999999999761e+01
9.571200001953124570e+01
9.556800000976562615e+01
9.588800001953124763e+01
9.612800001953125673e+01
9.620800001953125502e+01
9.595199997802734515e+01
9.651200001953125707e+01
9.619199999999999307e+01
9.689600000976562910e+01
9.672000001953125548e+01
9.680000000976562546e+01
9.699200000976561853e+01
9.689600000000000080e+01
9.651200000000000045e+01
9.737600000976561887e+01
9.728000000000000114e+01
9.758400001953124558e+01
9.760000001953125093e+01
9.774400000976562808e+01
9.768000000000000682e+01
9.758400000976563149e+01
9.772799998779296970e+01
9.759999999999999432e+01
9.793600000976562114e+01
9.827200000976561967e+01
9.755200001953124911e+01
9.809600000000000364e+01
9.824000000976562319e+01
9.824000001953125150e+01
9.801600000000000534e+01
9.830400000976563035e+01
9.827199997802733833e+01
9.825600000976562853e+01
9.823999999999999488e+01
9.852800000000000580e+01
9.833600001953125513e+01
9.836799999999999500e+01
9.857600000976562171e+01
9.841600000976562512e+01
9.854400000976562524e+01
9.857600000976562171e+01
9.871999999999999886e+01
9.880000000976562546e+01
9.859200000976562706e+01
9.872000000976562717e+01
9.891200001953124854e+01
9.891200000000000614e+01
9.910400001953125582e+01
9.907199997802734970e+01
9.918400000976562580e+01
9.929600000000000648e+01
9.928000000000000114e+01
9.920000000976563115e+01
9.918400000976562580e+01
9.923200000976562762e+01
9.934400001953125070e+01
9.921599999999999397e+01
9.920000000000000284e+01
9.926399999999999579e+01
9.910399999999999920e+01
9.931200001953125422e+01
9.918400001953125411e+01
9.939199999999999591e+01
9.920000000000000284e+01
9.918399999999999750e+01
9.935999999999999943e+01
9.900799999999999557e+01
9.932800000000000296e+01
9.939199999999999591e+01
9.934399999999999409e+01
9.928000000000000114e+01
9.943999999999999773e+01
9.934400000976562239e+01
9.912000000000000455e+01
9.939199999999999591e+01
9.932800000976563126e+01
9.915200000976562933e+01
9.934399999999999409e+01
9.932800000000000296e+01
9.945600000976563138e+01
9.913599999999999568e+01
9.937600000976561887e+01
9.928000000000000114e+01
9.944000000976562603e+01
9.926399999999999579e+01
9.942400000000000659e+01
9.944000000976562603e+01
9.951999999999999602e+01
9.945600000976563138e+01
9.958400000000000318e+01
9.944000000976562603e+01
9.934400000976562239e+01
9.945600000976563138e+01
9.947199999999999420e+01
9.943999999999999773e+01
9.943999999999999773e+01
