3.071761369705200195e+00
2.372058629989624023e+00
2.390187978744506836e+00
2.374829530715942383e+00
2.374522209167480469e+00
2.390360832214355469e+00
2.369953870773315430e+00
2.380342483520507812e+00
2.385358572006225586e+00
2.395885229110717773e+00
2.365004301071166992e+00
2.370186567306518555e+00
2.398899793624877930e+00
2.359743118286132812e+00
2.376299619674682617e+00
2.386099815368652344e+00
2.369569301605224609e+00
2.353177309036254883e+00
2.369323492050170898e+00
2.371822834014892578e+00
2.367518901824951172e+00
2.361167192459106445e+00
2.399418592453002930e+00
2.373153924942016602e+00
2.379692554473876953e+00
2.357544183731079102e+00
2.392092227935791016e+00
2.361252784729003906e+00
2.374255180358886719e+00
2.382171392440795898e+00
2.385740995407104492e+00
2.388925075531005859e+00
2.392398834228515625e+00
2.374715089797973633e+00
2.375758171081542969e+00
2.387187719345092773e+00
2.366301536560058594e+00
2.356853246688842773e+00
2.365736484527587891e+00
2.363647699356079102e+00
2.358772039413452148e+00
2.381685018539428711e+00
2.385140895843505859e+00
2.364410161972045898e+00
2.388146162033081055e+00
2.371742010116577148e+00
2.378183603286743164e+00
2.372451543807983398e+00
2.383795499801635742e+00
2.376763105392456055e+00
2.372792720794677734e+00
2.372472286224365234e+00
2.375708341598510742e+00
2.380348682403564453e+00
2.371253013610839844e+00
2.371524810791015625e+00
2.405563116073608398e+00
2.387718677520751953e+00
2.383366823196411133e+00
2.397219419479370117e+00
2.384820461273193359e+00
2.396924972534179688e+00
2.382111787796020508e+00
2.385723114013671875e+00
2.377091407775878906e+00
2.395951509475708008e+00
2.384154319763183594e+00
2.361064195632934570e+00
2.357436895370483398e+00
2.369293928146362305e+00
2.369861125946044922e+00
2.370716810226440430e+00
2.366466522216796875e+00
2.361153602600097656e+00
2.367288827896118164e+00
2.361945390701293945e+00
2.363703489303588867e+00
2.361631393432617188e+00
2.368647575378417969e+00
2.355733156204223633e+00
2.359463214874267578e+00
2.359566688537597656e+00
2.356111288070678711e+00
2.366241455078125000e+00
2.354542493820190430e+00
2.367463827133178711e+00
2.418454170227050781e+00
2.416953325271606445e+00
2.383353948593139648e+00
2.384068965911865234e+00
2.417627811431884766e+00
2.369275569915771484e+00
2.395520210266113281e+00
2.381226539611816406e+00
2.384154558181762695e+00
2.382732391357421875e+00
2.394546508789062500e+00
2.413867235183715820e+00
2.364747047424316406e+00
2.399032592773437500e+00
2.398049831390380859e+00
2.388184070587158203e+00
2.392773389816284180e+00
2.381988525390625000e+00
2.411555290222167969e+00
2.390374183654785156e+00
2.391023397445678711e+00
2.389591217041015625e+00
2.371478796005249023e+00
2.364989280700683594e+00
2.379504203796386719e+00
2.374181747436523438e+00
2.393541812896728516e+00
2.356462717056274414e+00
2.402618646621704102e+00
2.374907732009887695e+00
2.378235101699829102e+00
2.409704446792602539e+00
2.384485483169555664e+00
2.380599021911621094e+00
2.398423433303833008e+00
2.386962413787841797e+00
2.390570163726806641e+00
2.381437301635742188e+00
2.383274078369140625e+00
2.397168397903442383e+00
2.388664722442626953e+00
2.393488645553588867e+00
2.379789829254150391e+00
2.394055366516113281e+00
2.381641864776611328e+00
2.388846158981323242e+00
2.385365486145019531e+00
2.374706983566284180e+00
2.385823249816894531e+00
2.386994600296020508e+00
2.361527204513549805e+00
2.372287273406982422e+00
2.409359931945800781e+00
2.370949029922485352e+00
2.375661849975585938e+00
2.393742561340332031e+00
2.439630508422851562e+00
2.394713163375854492e+00
2.375303506851196289e+00
2.390075206756591797e+00
2.385746240615844727e+00
2.384708404541015625e+00
2.375121355056762695e+00
2.391376018524169922e+00
2.401767253875732422e+00
2.391558170318603516e+00
2.378973484039306641e+00
2.383455753326416016e+00
2.389786720275878906e+00
2.393233299255371094e+00
2.365407705307006836e+00
2.357910633087158203e+00
2.367640972137451172e+00
2.366049528121948242e+00
2.370586633682250977e+00
2.359398126602172852e+00
2.371194601058959961e+00
2.372676610946655273e+00
2.397312641143798828e+00
2.400791883468627930e+00
2.411318063735961914e+00
2.419077873229980469e+00
2.405703306198120117e+00
2.459006786346435547e+00
2.402566194534301758e+00
2.441316127777099609e+00
2.428284883499145508e+00
2.415079593658447266e+00
2.407195806503295898e+00
2.413426637649536133e+00
2.476618051528930664e+00
2.401342868804931641e+00
2.408697843551635742e+00
2.410841941833496094e+00
2.457671403884887695e+00
2.389188289642333984e+00
2.384843111038208008e+00
2.418060064315795898e+00
2.409389495849609375e+00
2.390532493591308594e+00
2.388741016387939453e+00
2.386789560317993164e+00
2.382396221160888672e+00
2.432311058044433594e+00
2.389614105224609375e+00
2.406159877777099609e+00
2.416945934295654297e+00
2.403571605682373047e+00
2.413022518157958984e+00
2.405302286148071289e+00
2.421519756317138672e+00
2.409506320953369141e+00
2.396879196166992188e+00
2.401677131652832031e+00
