4.588289260864257812e-01
4.504292011260986328e-01
4.604749679565429688e-01
4.496083259582519531e-01
4.511089324951171875e-01
4.635424613952636719e-01
4.476647377014160156e-01
4.508836269378662109e-01
4.592964649200439453e-01
4.545948505401611328e-01
4.481110572814941406e-01
4.493789672851562500e-01
4.615609645843505859e-01
4.484038352966308594e-01
4.494600296020507812e-01
4.632680416107177734e-01
4.485471248626708984e-01
4.451563358306884766e-01
4.534947872161865234e-01
4.597964286804199219e-01
4.476776123046875000e-01
4.462933540344238281e-01
4.590051174163818359e-01
4.555428028106689453e-01
4.473671913146972656e-01
4.517471790313720703e-01
4.580554962158203125e-01
4.536430835723876953e-01
4.515550136566162109e-01
4.540972709655761719e-01
4.568307399749755859e-01
4.503717422485351562e-01
4.565083980560302734e-01
4.521298408508300781e-01
4.526610374450683594e-01
4.524290561676025391e-01
4.525511264801025391e-01
4.502823352813720703e-01
4.526622295379638672e-01
4.532549381256103516e-01
4.537663459777832031e-01
4.550209045410156250e-01
4.572267532348632812e-01
4.493989944458007812e-01
4.552695751190185547e-01
4.512228965759277344e-01
4.525842666625976562e-01
4.512271881103515625e-01
4.519512653350830078e-01
4.591708183288574219e-01
4.512081146240234375e-01
4.530270099639892578e-01
4.535100460052490234e-01
4.587023258209228516e-01
4.489028453826904297e-01
4.515078067779541016e-01
4.599218368530273438e-01
4.518373012542724609e-01
4.502840042114257812e-01
4.581754207611083984e-01
4.575433731079101562e-01
4.507169723510742188e-01
4.522707462310791016e-01
4.593648910522460938e-01
4.567837715148925781e-01
4.497878551483154297e-01
4.572141170501708984e-01
4.528367519378662109e-01
4.499838352203369141e-01
4.492790699005126953e-01
4.567172527313232422e-01
4.549081325531005859e-01
4.457163810729980469e-01
4.542248249053955078e-01
4.486954212188720703e-01
4.514937400817871094e-01
4.531142711639404297e-01
4.551239013671875000e-01
4.524025917053222656e-01
4.504454135894775391e-01
4.516882896423339844e-01
4.507608413696289062e-01
4.521429538726806641e-01
4.528377056121826172e-01
4.484591484069824219e-01
4.499356746673583984e-01
4.598526954650878906e-01
4.585847854614257812e-01
4.500246047973632812e-01
4.513750076293945312e-01
4.637148380279541016e-01
4.504070281982421875e-01
4.519972801208496094e-01
4.542505741119384766e-01
4.544894695281982422e-01
4.505004882812500000e-01
4.516723155975341797e-01
4.604063034057617188e-01
4.498441219329833984e-01
4.513516426086425781e-01
4.542915821075439453e-01
4.567492008209228516e-01
4.483969211578369141e-01
4.543094635009765625e-01
4.608438014984130859e-01
4.515030384063720703e-01
4.523394107818603516e-01
4.538941383361816406e-01
4.544851779937744141e-01
4.524240493774414062e-01
4.530863761901855469e-01
4.538254737854003906e-01
4.530639648437500000e-01
4.473762512207031250e-01
4.637789726257324219e-01
4.552471637725830078e-01
4.535348415374755859e-01
4.565355777740478516e-01
4.573941230773925781e-01
4.523241519927978516e-01
4.576296806335449219e-01
4.596452713012695312e-01
4.521319866180419922e-01
4.580211639404296875e-01
4.526855945587158203e-01
4.577472209930419922e-01
4.523918628692626953e-01
4.555675983428955078e-01
4.546031951904296875e-01
4.528236389160156250e-01
4.512162208557128906e-01
4.589498043060302734e-01
4.563651084899902344e-01
4.522294998168945312e-01
4.533505439758300781e-01
4.577116966247558594e-01
4.476253986358642578e-01
4.522933959960937500e-01
4.609391689300537109e-01
4.499113559722900391e-01
4.518206119537353516e-01
4.566469192504882812e-01
4.574232101440429688e-01
4.531981945037841797e-01
4.534254074096679688e-01
4.584436416625976562e-01
4.531197547912597656e-01
4.500479698181152344e-01
4.568831920623779297e-01
4.573948383331298828e-01
4.574618339538574219e-01
4.534699916839599609e-01
4.576447010040283203e-01
4.511566162109375000e-01
4.528203010559082031e-01
4.582121372222900391e-01
4.503898620605468750e-01
4.508297443389892578e-01
4.509778022766113281e-01
4.549622535705566406e-01
4.504389762878417969e-01
4.491338729858398438e-01
4.585249423980712891e-01
4.548499584197998047e-01
4.509143829345703125e-01
4.634604454040527344e-01
4.627416133880615234e-01
4.599511623382568359e-01
4.597008228302001953e-01
4.650921821594238281e-01
4.573493003845214844e-01
4.594888687133789062e-01
4.653909206390380859e-01
4.588596820831298828e-01
4.583425521850585938e-01
4.619498252868652344e-01
4.705288410186767578e-01
4.587876796722412109e-01
4.638457298278808594e-01
4.701611995697021484e-01
4.579579830169677734e-01
4.571983814239501953e-01
4.610919952392578125e-01
4.725854396820068359e-01
4.574329853057861328e-01
4.608922004699707031e-01
4.626793861389160156e-01
4.550495147705078125e-01
4.569010734558105469e-01
4.664897918701171875e-01
4.608759880065917969e-01
4.602885246276855469e-01
4.630136489868164062e-01
4.666485786437988281e-01
4.638586044311523438e-01
4.550151824951171875e-01
4.674291610717773438e-01
4.605970382690429688e-01
4.594013690948486328e-01
4.621193408966064453e-01
