3.077199220657348633e+00
2.343934535980224609e+00
2.393997669219970703e+00
2.342737913131713867e+00
2.346307754516601562e+00
2.366325855255126953e+00
2.354573249816894531e+00
2.339022397994995117e+00
2.351583003997802734e+00
2.398272514343261719e+00
2.377655029296875000e+00
2.340933799743652344e+00
2.356883287429809570e+00
2.344645500183105469e+00
2.347117900848388672e+00
2.376893520355224609e+00
2.360179185867309570e+00
2.327798604965209961e+00
2.342388391494750977e+00
2.346041917800903320e+00
2.338307857513427734e+00
2.352347135543823242e+00
2.382076740264892578e+00
2.351770401000976562e+00
2.348653316497802734e+00
2.336307048797607422e+00
2.341383934020996094e+00
2.398409843444824219e+00
2.350811719894409180e+00
2.378318786621093750e+00
2.431256771087646484e+00
2.353826045989990234e+00
2.356864690780639648e+00
2.346703767776489258e+00
2.355335474014282227e+00
2.350971937179565430e+00
2.335266828536987305e+00
2.342805385589599609e+00
2.335975170135498047e+00
2.333460807800292969e+00
2.335400581359863281e+00
2.364860057830810547e+00
2.355724334716796875e+00
2.356952667236328125e+00
2.352309942245483398e+00
2.358553647994995117e+00
2.398507595062255859e+00
2.351481437683105469e+00
2.348518133163452148e+00
2.358139514923095703e+00
2.348243474960327148e+00
2.349375724792480469e+00
2.350363492965698242e+00
2.358930349349975586e+00
2.347748756408691406e+00
2.377197504043579102e+00
2.370460033416748047e+00
2.364023208618164062e+00
2.351413488388061523e+00
2.380796194076538086e+00
2.360653400421142578e+00
2.351379394531250000e+00
2.349258184432983398e+00
2.372099876403808594e+00
2.356081962585449219e+00
2.363661050796508789e+00
2.402548074722290039e+00
2.346035957336425781e+00
2.341903209686279297e+00
2.330373048782348633e+00
2.338639259338378906e+00
2.333049774169921875e+00
2.332532644271850586e+00
2.344007492065429688e+00
2.332331895828247070e+00
2.332654953002929688e+00
2.338581323623657227e+00
2.348717927932739258e+00
2.369564294815063477e+00
2.331609249114990234e+00
2.345727920532226562e+00
2.338276147842407227e+00
2.355512857437133789e+00
2.363535404205322266e+00
2.334816217422485352e+00
2.363469362258911133e+00
2.379452705383300781e+00
2.373764276504516602e+00
2.353428125381469727e+00
2.355895757675170898e+00
2.384033918380737305e+00
2.365184307098388672e+00
2.355267286300659180e+00
2.374247789382934570e+00
2.372675180435180664e+00
2.359317541122436523e+00
2.359208106994628906e+00
2.358758449554443359e+00
2.341207027435302734e+00
2.343363046646118164e+00
2.353462696075439453e+00
2.361376047134399414e+00
2.351610183715820312e+00
2.352715492248535156e+00
2.367089748382568359e+00
2.359922647476196289e+00
2.349192857742309570e+00
2.359892368316650391e+00
2.355643272399902344e+00
2.347348451614379883e+00
2.345314025878906250e+00
2.349273681640625000e+00
2.337348461151123047e+00
2.331972837448120117e+00
2.381004333496093750e+00
2.373466014862060547e+00
2.342607259750366211e+00
2.363021373748779297e+00
2.364688873291015625e+00
2.394796609878540039e+00
2.378005027770996094e+00
2.361381053924560547e+00
2.367728233337402344e+00
2.362723112106323242e+00
2.349378824234008789e+00
2.364508390426635742e+00
2.376914978027343750e+00
2.367442131042480469e+00
2.345332622528076172e+00
2.351240396499633789e+00
2.353043794631958008e+00
2.367334842681884766e+00
2.394225835800170898e+00
2.350625276565551758e+00
2.370323657989501953e+00
2.362177371978759766e+00
2.342975139617919922e+00
2.332975625991821289e+00
2.377423524856567383e+00
2.353883981704711914e+00
2.356397151947021484e+00
2.363694667816162109e+00
2.395637273788452148e+00
2.356581211090087891e+00
2.353775262832641602e+00
2.388546943664550781e+00
2.358033418655395508e+00
2.357946157455444336e+00
2.351482868194580078e+00
2.354975938796997070e+00
2.374155044555664062e+00
2.370941400527954102e+00
2.354917287826538086e+00
2.353398799896240234e+00
2.352002859115600586e+00
2.358538627624511719e+00
2.341241598129272461e+00
2.336761713027954102e+00
2.343118667602539062e+00
2.345752000808715820e+00
2.344384670257568359e+00
2.341667413711547852e+00
2.342869758605957031e+00
2.350757837295532227e+00
2.377027750015258789e+00
2.363542318344116211e+00
2.395497560501098633e+00
2.398605108261108398e+00
2.389389991760253906e+00
2.427175045013427734e+00
2.430124282836914062e+00
2.390294790267944336e+00
2.396284818649291992e+00
2.384710788726806641e+00
2.381804943084716797e+00
2.383050203323364258e+00
2.432326316833496094e+00
2.382670879364013672e+00
2.378573179244995117e+00
2.409211158752441406e+00
2.373107910156250000e+00
2.366145610809326172e+00
2.372771024703979492e+00
2.375447034835815430e+00
2.371579647064208984e+00
2.376395940780639648e+00
2.361231327056884766e+00
2.352195978164672852e+00
2.359860420227050781e+00
2.383219957351684570e+00
2.403800725936889648e+00
2.373451471328735352e+00
2.383172035217285156e+00
2.382472753524780273e+00
2.396241426467895508e+00
2.367718458175659180e+00
2.373973131179809570e+00
2.366991043090820312e+00
2.360043287277221680e+00
2.377893209457397461e+00
