3.113681554794311523e+00
2.409188985824584961e+00
2.419892549514770508e+00
2.419067144393920898e+00
2.444348096847534180e+00
2.426179885864257812e+00
2.407608747482299805e+00
2.402457714080810547e+00
2.412208318710327148e+00
2.406981468200683594e+00
2.463269233703613281e+00
2.420245885848999023e+00
2.416514396667480469e+00
2.404782772064208984e+00
2.403439283370971680e+00
2.409424543380737305e+00
2.396491289138793945e+00
2.389273881912231445e+00
2.417431592941284180e+00
2.417997121810913086e+00
2.400505304336547852e+00
2.407597541809082031e+00
2.405573606491088867e+00
2.405738830566406250e+00
2.437302350997924805e+00
2.399898052215576172e+00
2.405064821243286133e+00
2.435608386993408203e+00
2.404872894287109375e+00
2.413919925689697266e+00
2.428011417388916016e+00
2.416604518890380859e+00
2.417736768722534180e+00
2.418850421905517578e+00
2.419102430343627930e+00
2.436475753784179688e+00
2.400885343551635742e+00
2.398658752441406250e+00
2.400800466537475586e+00
2.424477815628051758e+00
2.408375263214111328e+00
2.428810119628906250e+00
2.416039705276489258e+00
2.403452873229980469e+00
2.413869857788085938e+00
2.422592639923095703e+00
2.420037508010864258e+00
2.418113470077514648e+00
2.466227769851684570e+00
2.418751239776611328e+00
2.413108825683593750e+00
2.417672157287597656e+00
2.425518751144409180e+00
2.416282176971435547e+00
2.413606405258178711e+00
2.418448448181152344e+00
2.424821615219116211e+00
2.416900157928466797e+00
2.411612987518310547e+00
2.420781373977661133e+00
2.419792652130126953e+00
2.454142570495605469e+00
2.420968055725097656e+00
2.440441370010375977e+00
2.418132305145263672e+00
2.428036451339721680e+00
2.434135913848876953e+00
2.397927045822143555e+00
2.395796298980712891e+00
2.408228397369384766e+00
2.413541793823242188e+00
2.407854557037353516e+00
2.388756990432739258e+00
2.398840665817260742e+00
2.397918701171875000e+00
2.405989170074462891e+00
2.393504619598388672e+00
2.430915355682373047e+00
2.409869670867919922e+00
2.412711620330810547e+00
2.411633491516113281e+00
2.445863485336303711e+00
2.406855344772338867e+00
2.411120653152465820e+00
2.387316465377807617e+00
2.398958206176757812e+00
2.441082477569580078e+00
2.425721883773803711e+00
2.420235633850097656e+00
2.423604249954223633e+00
2.432526826858520508e+00
2.411912918090820312e+00
2.425663948059082031e+00
2.448104619979858398e+00
2.425149679183959961e+00
2.434031248092651367e+00
2.426690340042114258e+00
2.424519538879394531e+00
2.401969194412231445e+00
2.426050901412963867e+00
2.412500143051147461e+00
2.419709444046020508e+00
2.427923917770385742e+00
2.417291164398193359e+00
2.429753541946411133e+00
2.424676895141601562e+00
2.417752027511596680e+00
2.415947198867797852e+00
2.414471149444580078e+00
2.408491134643554688e+00
2.418485879898071289e+00
2.412058115005493164e+00
2.425380945205688477e+00
2.393213510513305664e+00
2.462796211242675781e+00
2.399744749069213867e+00
2.399753808975219727e+00
2.442396402359008789e+00
2.422652721405029297e+00
2.423065185546875000e+00
2.431521415710449219e+00
2.481478214263916016e+00
2.429119348526000977e+00
2.426953792572021484e+00
2.418265819549560547e+00
2.427196025848388672e+00
2.433328628540039062e+00
2.424325704574584961e+00
2.402786016464233398e+00
2.492635250091552734e+00
2.424596071243286133e+00
2.430060148239135742e+00
2.436943531036376953e+00
2.424010753631591797e+00
2.461745023727416992e+00
2.416915178298950195e+00
2.456119298934936523e+00
2.407891035079956055e+00
2.427402496337890625e+00
2.409193992614746094e+00
2.416141033172607422e+00
2.439819335937500000e+00
2.437139272689819336e+00
2.418452501296997070e+00
2.418118953704833984e+00
2.423109531402587891e+00
2.422088623046875000e+00
2.416047811508178711e+00
2.403594493865966797e+00
2.412527322769165039e+00
2.437124013900756836e+00
2.426638603210449219e+00
2.425518035888671875e+00
2.417157411575317383e+00
2.437960147857666016e+00
2.435892343521118164e+00
2.424576759338378906e+00
2.406430721282958984e+00
2.397584438323974609e+00
2.405602931976318359e+00
2.414780616760253906e+00
2.400251865386962891e+00
2.415696144104003906e+00
2.402016639709472656e+00
2.417799472808837891e+00
2.437068223953247070e+00
2.449474334716796875e+00
2.474560737609863281e+00
2.442459821701049805e+00
2.461282491683959961e+00
2.480280876159667969e+00
2.442336797714233398e+00
2.451258897781372070e+00
2.434426307678222656e+00
2.450452089309692383e+00
2.439102172851562500e+00
2.474332094192504883e+00
2.442324399948120117e+00
2.447794437408447266e+00
2.441693305969238281e+00
2.428631782531738281e+00
2.438823223114013672e+00
2.443700790405273438e+00
2.437681674957275391e+00
2.446252107620239258e+00
2.426843643188476562e+00
2.428286075592041016e+00
2.420382022857666016e+00
2.432136058807373047e+00
2.444366931915283203e+00
2.446780681610107422e+00
2.436874389648437500e+00
2.431092500686645508e+00
2.449299335479736328e+00
2.452625751495361328e+00
2.448123931884765625e+00
2.447654008865356445e+00
2.482869148254394531e+00
2.430407285690307617e+00
2.441309690475463867e+00
