2.103999900817871094e+01
1.990999984741210938e+01
2.838999938964843750e+01
3.252000045776367188e+01
2.997999954223632812e+01
3.171999931335449219e+01
3.845000076293945312e+01
4.668000030517578125e+01
4.232999801635742188e+01
4.400999832153320312e+01
4.912999725341796875e+01
5.114999771118164062e+01
5.453999710083007812e+01
5.475000000000000000e+01
5.834000015258789062e+01
4.932999801635742188e+01
5.631999969482421875e+01
6.368999862670898438e+01
6.160999679565429688e+01
5.473999786376953125e+01
5.293000030517578125e+01
5.994999694824218750e+01
6.916999816894531250e+01
4.944999694824218750e+01
6.077999877929687500e+01
5.831999969482421875e+01
7.104999542236328125e+01
6.475000000000000000e+01
6.633000183105468750e+01
6.409999847412109375e+01
7.393999481201171875e+01
6.043000030517578125e+01
5.430999755859375000e+01
6.259000015258789062e+01
6.297999954223632812e+01
6.873999786376953125e+01
6.788999938964843750e+01
5.986999893188476562e+01
7.500999450683593750e+01
6.506999969482421875e+01
7.219999694824218750e+01
6.972000122070312500e+01
7.318000030517578125e+01
6.096999740600585938e+01
6.386999893188476562e+01
7.869999694824218750e+01
5.566999816894531250e+01
7.022999572753906250e+01
6.344999694824218750e+01
5.925999832153320312e+01
6.273999786376953125e+01
6.993000030517578125e+01
6.669999694824218750e+01
7.534999847412109375e+01
7.836000061035156250e+01
7.361000061035156250e+01
7.354000091552734375e+01
7.126999664306640625e+01
6.662999725341796875e+01
6.836999511718750000e+01
7.347000122070312500e+01
7.263999938964843750e+01
7.511999511718750000e+01
6.786000061035156250e+01
6.186999893188476562e+01
6.868000030517578125e+01
6.101999664306640625e+01
6.515000152587890625e+01
8.176999664306640625e+01
7.569999694824218750e+01
7.222999572753906250e+01
6.991999816894531250e+01
6.563999938964843750e+01
6.737999725341796875e+01
7.180999755859375000e+01
7.691999816894531250e+01
7.972000122070312500e+01
4.366999816894531250e+01
6.911999511718750000e+01
7.620999908447265625e+01
6.868000030517578125e+01
8.065000152587890625e+01
5.527000045776367188e+01
5.915999984741210938e+01
7.616999816894531250e+01
6.113999938964843750e+01
7.951999664306640625e+01
4.943999862670898438e+01
6.406999969482421875e+01
8.257999420166015625e+01
6.680999755859375000e+01
6.540000152587890625e+01
4.863999938964843750e+01
7.459999847412109375e+01
5.687999725341796875e+01
5.802999877929687500e+01
6.825000000000000000e+01
6.236999893188476562e+01
7.166999816894531250e+01
7.100000000000000000e+01
9.169999694824218750e+01
9.172999572753906250e+01
9.161000061035156250e+01
9.175999450683593750e+01
9.201999664306640625e+01
9.186000061035156250e+01
9.193999481201171875e+01
9.195999908447265625e+01
9.218999481201171875e+01
9.179999542236328125e+01
9.218000030517578125e+01
9.172000122070312500e+01
9.208999633789062500e+01
9.200000000000000000e+01
9.238999938964843750e+01
9.225999450683593750e+01
9.223999786376953125e+01
9.143999481201171875e+01
9.207999420166015625e+01
9.191999816894531250e+01
9.213999938964843750e+01
9.176999664306640625e+01
9.218000030517578125e+01
9.184999847412109375e+01
9.197000122070312500e+01
9.198999786376953125e+01
9.181999969482421875e+01
9.166999816894531250e+01
9.188999938964843750e+01
9.170999908447265625e+01
9.195999908447265625e+01
9.193999481201171875e+01
9.177999877929687500e+01
9.189999389648437500e+01
9.188999938964843750e+01
9.197999572753906250e+01
9.172999572753906250e+01
9.179999542236328125e+01
9.200000000000000000e+01
9.155999755859375000e+01
9.177999877929687500e+01
9.123999786376953125e+01
9.197000122070312500e+01
9.170999908447265625e+01
9.195999908447265625e+01
9.211000061035156250e+01
9.162999725341796875e+01
9.201999664306640625e+01
9.222999572753906250e+01
9.155999755859375000e+01
9.241999816894531250e+01
9.231999969482421875e+01
9.254999542236328125e+01
9.229000091552734375e+01
9.250000000000000000e+01
9.237999725341796875e+01
9.239999389648437500e+01
9.234999847412109375e+01
9.236999511718750000e+01
9.236999511718750000e+01
9.229999542236328125e+01
9.232999420166015625e+01
9.241999816894531250e+01
9.234999847412109375e+01
9.232999420166015625e+01
9.229999542236328125e+01
9.247000122070312500e+01
9.248999786376953125e+01
9.227999877929687500e+01
9.230999755859375000e+01
9.250000000000000000e+01
9.244999694824218750e+01
9.229999542236328125e+01
9.227999877929687500e+01
9.236000061035156250e+01
9.243000030517578125e+01
9.233999633789062500e+01
9.237999725341796875e+01
9.245999908447265625e+01
9.234999847412109375e+01
9.231999969482421875e+01
9.244999694824218750e+01
9.250000000000000000e+01
9.240999603271484375e+01
9.237999725341796875e+01
9.225999450683593750e+01
9.234999847412109375e+01
9.247000122070312500e+01
9.233999633789062500e+01
9.237999725341796875e+01
9.243999481201171875e+01
9.233999633789062500e+01
9.234999847412109375e+01
9.241999816894531250e+01
9.239999389648437500e+01
9.236000061035156250e+01
9.243999481201171875e+01
9.245999908447265625e+01
9.250000000000000000e+01
9.243000030517578125e+01
