3.036785125732421875e+00
2.364345073699951172e+00
2.399022579193115234e+00
2.371739625930786133e+00
2.394037485122680664e+00
2.388666629791259766e+00
2.375037670135498047e+00
2.362941741943359375e+00
2.381060361862182617e+00
2.418372869491577148e+00
2.404612302780151367e+00
2.375171899795532227e+00
2.385698795318603516e+00
2.419604301452636719e+00
2.366958141326904297e+00
2.372034072875976562e+00
2.355587244033813477e+00
2.352996587753295898e+00
2.367495298385620117e+00
2.393107652664184570e+00
2.365318775177001953e+00
2.362368822097778320e+00
2.400096654891967773e+00
2.378545284271240234e+00
2.369661808013916016e+00
2.359132766723632812e+00
2.372461795806884766e+00
2.404993295669555664e+00
2.374496459960937500e+00
2.376615762710571289e+00
2.377187252044677734e+00
2.378677606582641602e+00
2.400324583053588867e+00
2.379155397415161133e+00
2.373783111572265625e+00
2.390425443649291992e+00
2.388561248779296875e+00
2.370309352874755859e+00
2.358456850051879883e+00
2.366158008575439453e+00
2.367950439453125000e+00
2.389144182205200195e+00
2.384972810745239258e+00
2.371471881866455078e+00
2.377869606018066406e+00
2.402750253677368164e+00
2.378922700881958008e+00
2.398389577865600586e+00
2.372536897659301758e+00
2.397275924682617188e+00
2.379011154174804688e+00
2.373577356338500977e+00
2.375803232192993164e+00
2.384785413742065430e+00
2.376141786575317383e+00
2.372755050659179688e+00
2.407298326492309570e+00
2.380366802215576172e+00
2.407586336135864258e+00
2.391360521316528320e+00
2.381984472274780273e+00
2.378791093826293945e+00
2.380234479904174805e+00
2.377468585968017578e+00
2.384627103805541992e+00
2.390058994293212891e+00
2.377858638763427734e+00
2.382192134857177734e+00
2.358125209808349609e+00
2.355178356170654297e+00
2.360770463943481445e+00
2.358653306961059570e+00
2.357466220855712891e+00
2.375837326049804688e+00
2.371992349624633789e+00
2.361788988113403320e+00
2.354590415954589844e+00
2.362083911895751953e+00
2.367783546447753906e+00
2.367701053619384766e+00
2.359202623367309570e+00
2.361841917037963867e+00
2.366887331008911133e+00
2.359887361526489258e+00
2.360805988311767578e+00
2.362916469573974609e+00
2.400551080703735352e+00
2.388959169387817383e+00
2.375737428665161133e+00
2.373434066772460938e+00
2.405473470687866211e+00
2.367262601852416992e+00
2.385595321655273438e+00
2.376696825027465820e+00
2.373279809951782227e+00
2.373983144760131836e+00
2.381477117538452148e+00
2.379583120346069336e+00
2.358491659164428711e+00
2.365042209625244141e+00
2.381018638610839844e+00
2.395921945571899414e+00
2.375157833099365234e+00
2.387355566024780273e+00
2.381956100463867188e+00
2.380657672882080078e+00
2.381587028503417969e+00
2.384540796279907227e+00
2.405841112136840820e+00
2.368856668472290039e+00
2.367146730422973633e+00
2.374452590942382812e+00
2.389648675918579102e+00
2.359088659286499023e+00
2.406228542327880859e+00
2.373393297195434570e+00
2.371512651443481445e+00
2.397126913070678711e+00
2.379813194274902344e+00
2.378234863281250000e+00
2.386857748031616211e+00
2.395001173019409180e+00
2.371310949325561523e+00
2.398479700088500977e+00
2.373031616210937500e+00
2.391291856765747070e+00
2.387156009674072266e+00
2.379921197891235352e+00
2.397452116012573242e+00
2.372610092163085938e+00
2.379931688308715820e+00
2.397359132766723633e+00
2.393484592437744141e+00
2.390486955642700195e+00
2.379900455474853516e+00
2.375715970993041992e+00
2.363425731658935547e+00
2.373644828796386719e+00
2.384136676788330078e+00
2.371510505676269531e+00
2.372863531112670898e+00
2.446784019470214844e+00
2.393963575363159180e+00
2.380476951599121094e+00
2.390945672988891602e+00
2.393836975097656250e+00
2.377606868743896484e+00
2.398512125015258789e+00
2.371104717254638672e+00
2.414556980133056641e+00
2.396668434143066406e+00
2.388636112213134766e+00
2.383037328720092773e+00
2.385290861129760742e+00
2.380728006362915039e+00
2.383214712142944336e+00
2.376938819885253906e+00
2.368820428848266602e+00
2.362494945526123047e+00
2.371625900268554688e+00
2.368805646896362305e+00
2.359158992767333984e+00
2.370229005813598633e+00
2.361226797103881836e+00
2.383355379104614258e+00
2.402296066284179688e+00
2.411858081817626953e+00
2.420874834060668945e+00
2.400517940521240234e+00
2.401134014129638672e+00
2.425413608551025391e+00
2.415098667144775391e+00
2.419957876205444336e+00
2.400985717773437500e+00
2.406482219696044922e+00
2.406231880187988281e+00
2.441556453704833984e+00
2.398581981658935547e+00
2.399605751037597656e+00
2.409849882125854492e+00
2.389575958251953125e+00
2.386940002441406250e+00
2.399847030639648438e+00
2.415066003799438477e+00
2.391289949417114258e+00
2.404607772827148438e+00
2.399186134338378906e+00
2.376573562622070312e+00
2.376651763916015625e+00
2.403100252151489258e+00
2.397050380706787109e+00
2.403214693069458008e+00
2.413667678833007812e+00
2.408388614654541016e+00
2.423121690750122070e+00
2.394564867019653320e+00
2.430780172348022461e+00
2.392585754394531250e+00
2.388272285461425781e+00
2.398720026016235352e+00
