2.846715861968994066e+00
1.978923423004150361e+00
1.861857113990783796e+00
1.760375170898437425e+00
1.706508823242187445e+00
1.645167596778869701e+00
1.567074825134277427e+00
1.501599214744567812e+00
1.426369282951355011e+00
1.355237069091796975e+00
1.289355751419067442e+00
1.228713839874267633e+00
1.135163997936248670e+00
1.107716845722198418e+00
1.054788772811889652e+00
1.012640046539306615e+00
9.728406791496276851e-01
9.329767000579833880e-01
8.939629638290405023e-01
8.740579553031921911e-01
8.179764912796020360e-01
7.999599600791931220e-01
7.598382009124755587e-01
7.394020404434203941e-01
7.084760017585753911e-01
6.959256694030762080e-01
6.815293504142760916e-01
6.460733119201660379e-01
6.557361870574951457e-01
6.305409903144836292e-01
6.074155044174194273e-01
6.074253302288055156e-01
5.922873232364654905e-01
5.864960403251647802e-01
5.740714583683014238e-01
5.719213580799102914e-01
5.420475911140442138e-01
5.502162029552459810e-01
5.279387121009826433e-01
5.142444202804565823e-01
5.305315850925446108e-01
5.004736240959167803e-01
5.079421069908142128e-01
4.930032715797424414e-01
5.125622652721405492e-01
4.927154814147949313e-01
4.815576171112060377e-01
4.880538750839233386e-01
4.733851365661621013e-01
4.842332010746002169e-01
4.789278478240966974e-01
4.708057201480865261e-01
4.616825427055358810e-01
4.651596781349182086e-01
4.440148263835906883e-01
4.415355637073516970e-01
4.316801034927368330e-01
4.374778419685363962e-01
4.395806197309494179e-01
4.360902665996551630e-01
4.346729767894744745e-01
4.376789014053344973e-01
4.115769123172760002e-01
4.342466450309753201e-01
4.093529974174499597e-01
4.070162648677825845e-01
4.062733482360839643e-01
4.096206960582733370e-01
4.087124304580688205e-01
4.148263756752014197e-01
3.973428444862365794e-01
4.162415463447570740e-01
3.900981170320511060e-01
3.961793835830688670e-01
3.893485538673400748e-01
3.634575005245208601e-01
3.845981294250488403e-01
3.802403316307068071e-01
4.012187764072417950e-01
3.764026307439803931e-01
3.910915227699279795e-01
3.864802581501007306e-01
3.642343666934966806e-01
3.685338923501968456e-01
3.514150920867920025e-01
3.677825669097900541e-01
3.672983478116988998e-01
3.667027173614502145e-01
3.813437733650207329e-01
3.491170676326751932e-01
3.581676417160034043e-01
3.647073845672607617e-01
3.563022609806060781e-01
3.480455845260619907e-01
3.434116987991333025e-01
3.532463506507873552e-01
3.444007397270202886e-01
3.729943415069579826e-01
3.660409274101257271e-01
3.323349666690826321e-01
1.856334963750839173e-01
1.588324418640136848e-01
1.448514540386199867e-01
1.347314674639701892e-01
1.280916772365570111e-01
1.232031651735305822e-01
1.204604537153244059e-01
1.152278453660011276e-01
1.120157303380966141e-01
1.116319338846206710e-01
1.096670151233673091e-01
1.046777372288703878e-01
1.051281804358959182e-01
9.935027401208877673e-02
9.306565192699432776e-02
9.416536793112754988e-02
9.101652903079986145e-02
8.633721934556960742e-02
8.100922971963882280e-02
8.673874851703643196e-02
7.872405456781386701e-02
8.296203299522400543e-02
8.066234438896179026e-02
7.938278163075447591e-02
7.547522007942199240e-02
7.182575114965439322e-02
7.227274065017699756e-02
6.736772725105286130e-02
7.106295020580291610e-02
7.035058151364326218e-02
5.941411614418029563e-02
5.748705878078937820e-02
6.005315367817878891e-02
5.530393989443779107e-02
6.086875201106071304e-02
6.131463807582854947e-02
5.416850747704506086e-02
5.505376884698867657e-02
5.276449402332306082e-02
5.501301011562347715e-02
5.879507404685020699e-02
5.291421686172485123e-02
4.891863535881042779e-02
5.007228371620178059e-02
5.309547652006148949e-02
5.067459865331649937e-02
4.655999086380004787e-02
5.040400122463702809e-02
5.274437058448791515e-02
4.740280780553817602e-02
3.657938944548368154e-02
3.506404491901397857e-02
3.145025676906108847e-02
3.717144727230071999e-02
3.317445008993148703e-02
3.390908194899559108e-02
3.069242219865322280e-02
3.208505837202071942e-02
3.456709666967391903e-02
3.395141775131225309e-02
3.254182762384414535e-02
3.099282095193862940e-02
2.868880749881267539e-02
3.171564612388610982e-02
3.425645122051239333e-02
3.133453224956989080e-02
3.385860832452774333e-02
2.988826216220855786e-02
2.751977089464664392e-02
3.166622946143150125e-02
2.890867642283439717e-02
3.170320391654968262e-02
3.093073861360549903e-02
3.097295164495706549e-02
3.175764185696840214e-02
2.826099938929080985e-02
2.954647159636020551e-02
2.861804507240653037e-02
2.962042271912097846e-02
2.665759616613387964e-02
3.020465160489082396e-02
2.936077659249305624e-02
2.834547858715057503e-02
3.047494641065597379e-02
2.632422293841838942e-02
2.895784353494644178e-02
2.912701405286789030e-02
2.856400105595588781e-02
3.035090785026550372e-02
2.800529928803443744e-02
2.916523191928863459e-02
2.603213922858238147e-02
2.780438444852828886e-02
3.032083335399627516e-02
3.004313695788383629e-02
2.891871710181236413e-02
2.876311337232589568e-02
2.633367457687854629e-02
2.678206044018268533e-02
2.858592279553413482e-02
