2.811428462905883663e+00
1.994207065200805706e+00
1.895401034812927321e+00
1.800498946228027419e+00
1.716675056266784738e+00
1.667997714195251557e+00
1.584301596603393536e+00
1.531254908447265528e+00
1.440835282363891690e+00
1.387503414192199802e+00
1.312601127052307026e+00
1.228434148330688425e+00
1.168535526275634728e+00
1.104181811256408796e+00
1.081813636169433490e+00
1.036914233360290538e+00
9.769696432495117433e-01
9.306875803947448622e-01
9.265579771995544611e-01
8.929872151565552141e-01
8.420807096672058289e-01
8.023783319091797317e-01
7.743403739547729536e-01
7.628156800842285090e-01
7.226091831588744574e-01
7.035127519607543567e-01
6.814401201629638472e-01
6.532404808235168225e-01
6.268176794147491959e-01
6.510580849075316978e-01
6.070057312297820751e-01
5.991048973751068596e-01
5.818982172775268857e-01
5.857189898300171338e-01
5.614584856796264178e-01
5.674663648605346999e-01
5.394177579593658622e-01
5.523662360382080028e-01
5.424156123161315568e-01
5.424613164710998525e-01
5.181029980468749851e-01
5.000292521095275333e-01
5.283763813400268461e-01
4.846119317436218266e-01
4.854029857063293374e-01
4.781611328125000004e-01
4.721481162452697555e-01
4.834929820442199766e-01
4.702846327400207471e-01
4.710401218795776113e-01
4.590114962863922066e-01
4.456542746448516890e-01
4.586136340236663944e-01
4.587019682121276642e-01
4.224371067619323572e-01
4.633343517589569305e-01
4.373526118278503461e-01
4.321729228878021245e-01
4.150899161100387591e-01
4.162514940452575751e-01
4.274139252281188850e-01
4.135490743064880181e-01
4.204608855247497501e-01
4.203167988443374803e-01
3.889707596683502078e-01
4.107793509292602674e-01
4.069067440319061313e-01
4.102920643043518334e-01
4.058775813770293950e-01
3.972065185356140060e-01
3.865175031089782554e-01
3.811758802986144890e-01
4.013271870994568058e-01
3.669849966430663857e-01
4.059609112453460567e-01
3.882331752395629665e-01
3.776446960163116207e-01
3.812281651544570660e-01
3.578314227962494098e-01
3.974561579704284919e-01
3.602142908954620304e-01
3.648735792541503709e-01
3.593223455619812268e-01
3.553299706840515326e-01
3.685773251247406179e-01
3.603195229911804187e-01
3.620839267539978090e-01
3.501306086921691652e-01
3.467658025693893253e-01
3.530679089927673542e-01
3.563487481451034777e-01
3.383336066150665067e-01
3.512004025077820057e-01
3.548057711219787524e-01
3.582492394924163825e-01
3.474017953109741486e-01
3.499669765186309567e-01
3.168410101222992048e-01
3.426530658626556480e-01
3.248099766635894614e-01
1.934954425430297775e-01
1.645380500268936175e-01
1.521280085468292298e-01
1.510917679309844996e-01
1.384265442419052028e-01
1.343777116775512759e-01
1.259225739789009146e-01
1.300826061189174765e-01
1.219690409326553288e-01
1.179213963770866375e-01
1.153403879022598250e-01
1.115350821065902720e-01
9.997107598781586335e-02
1.043129460716247514e-01
1.040989479708671617e-01
9.923503308773040654e-02
9.692297492742538156e-02
9.738906322598457621e-02
9.078143851041793611e-02
8.661710862934589306e-02
9.023364953041076997e-02
8.296452013731002439e-02
9.051365807175636158e-02
7.913457065343856844e-02
8.026729895353316990e-02
8.288912209987640833e-02
7.768622817516326884e-02
7.626850835800171036e-02
7.098105989933013726e-02
7.556871637344360348e-02
6.709251276493072291e-02
7.158109125018119467e-02
6.783788425803184696e-02
6.971573309898376758e-02
6.740929244995116920e-02
6.230182164430618508e-02
6.222024755597114348e-02
5.981039289236068923e-02
6.885308360815048379e-02
5.602294499039649905e-02
5.404712864160537977e-02
5.303736045360565171e-02
5.022811747550964129e-02
5.103155831813812465e-02
4.930247732996940330e-02
5.399717854022979824e-02
4.747013385981321137e-02
5.279443694353103816e-02
4.745145053982734867e-02
5.048844696760177581e-02
4.302935067415237375e-02
3.663984186649322378e-02
3.824655506849288650e-02
3.966438574910163828e-02
3.391419801533222117e-02
3.693166667759418403e-02
3.731672636032104529e-02
3.629518480479717452e-02
3.697404880523681714e-02
3.550880984067916746e-02
3.657680880069732327e-02
3.566639066576957756e-02
3.753244212865829155e-02
3.462158895015716303e-02
3.439428496778011018e-02
3.364434842824935712e-02
3.273156228542328100e-02
3.271953823864459654e-02
3.288739819645881968e-02
3.072749503374099661e-02
3.226542563080787851e-02
3.170673635363578657e-02
3.305375146806240061e-02
3.125559099137783375e-02
3.098170859396457560e-02
3.418704932451248346e-02
2.840637496709823642e-02
3.109022177934646705e-02
3.001319443702697709e-02
3.125226819992065613e-02
3.112600708067417288e-02
2.853018110036849991e-02
3.095239297032356326e-02
2.923486317992210481e-02
3.365696620345115520e-02
3.042961763054132310e-02
2.876426461338996848e-02
3.081153712749481327e-02
3.039432768419384964e-02
3.035475968122482160e-02
3.139634849488735086e-02
2.842338731408119296e-02
3.245482481837272393e-02
3.031630575418472334e-02
2.691616731137037172e-02
2.551871760845184425e-02
2.967521968126296886e-02
2.621466194629669053e-02
2.998417415380478027e-02
2.756506057739257706e-02
