2.648468117294311419e+00
1.984152685317993159e+00
1.864609121780395506e+00
1.763156777420043841e+00
1.705564619102478030e+00
1.627362463111877489e+00
1.562527501258850204e+00
1.482439981384277239e+00
1.422079382133483838e+00
1.345626894683837893e+00
1.274175635147094754e+00
1.211489953727722169e+00
1.130784494209289504e+00
1.093428693733215384e+00
1.006567449493408262e+00
9.911779622268677148e-01
9.553274303054809513e-01
9.214775105094910046e-01
8.874508202743530694e-01
8.577181118774414026e-01
8.283679891204833723e-01
7.996840966415404983e-01
7.667464982223510805e-01
7.441464620971679489e-01
7.227961350440978983e-01
7.031744165039062189e-01
6.716463273239136056e-01
6.440058279514312423e-01
6.554223672294616776e-01
6.094518583106994791e-01
6.111467795467376840e-01
5.979010319137573193e-01
5.876101887893676601e-01
5.763751914787292874e-01
5.645153084468841342e-01
5.635920537757873605e-01
5.414379693222045598e-01
5.355514743804931088e-01
5.469169145202636972e-01
5.446515945148467930e-01
5.204695400905609004e-01
5.076167086029053088e-01
5.002526054191589466e-01
5.037029475021361780e-01
4.910469203376769953e-01
4.904354525852203106e-01
4.736911636257171709e-01
4.767103752517700133e-01
4.655954792213439775e-01
4.577138583087921320e-01
4.670761537551879616e-01
4.752711228942871347e-01
4.693348360252380114e-01
4.606460697937011517e-01
4.475314736270904481e-01
4.413488430786132732e-01
4.401346102333069110e-01
4.311905925655364902e-01
4.410744472074508704e-01
4.322116354942321936e-01
4.450781442546844491e-01
4.306902272987365721e-01
4.140882370567322002e-01
4.111648030948639176e-01
4.116468953800201391e-01
4.197473849773407095e-01
3.966779347038268955e-01
4.295064824676513848e-01
4.012406487369537533e-01
4.214673887157440180e-01
3.848255324745178396e-01
4.079864210653305068e-01
4.106834475326537892e-01
3.997286462116241279e-01
3.751922714519500546e-01
3.840094012165069515e-01
3.821119955825805770e-01
3.719300818729400770e-01
3.889361333751678584e-01
3.827786529350280520e-01
4.002040211391448832e-01
3.869867853355407616e-01
3.850969071197509752e-01
3.747118862724304056e-01
3.974589689302444606e-01
3.672374199104309067e-01
3.493937536811828615e-01
3.660270083618163972e-01
3.732107725048064983e-01
3.693334368705749604e-01
3.798441972732544136e-01
3.709512367630005136e-01
3.652980212354660083e-01
3.637124832057953006e-01
3.349856296157837088e-01
3.558991220951080447e-01
3.614127389430999981e-01
3.438899345302581789e-01
3.667085999155044740e-01
3.539633702850341623e-01
2.051242731237411521e-01
1.655784767580032457e-01
1.553484866905212314e-01
1.397331693053245616e-01
1.394637406778335698e-01
1.355024343895912253e-01
1.287542791748046977e-01
1.203239790630340617e-01
1.202432221937179552e-01
1.123510994601249757e-01
1.132732939910888609e-01
1.128924706697463920e-01
1.061145431804657036e-01
1.081341170024871789e-01
1.000552084136009240e-01
9.067382527589798458e-02
9.177012362360954800e-02
9.004830336093902488e-02
8.877410423517227700e-02
8.810670723438263074e-02
8.280636273622513088e-02
8.543856634855270804e-02
8.475497487545013975e-02
8.047558374643325185e-02
7.176037092685699781e-02
7.273465752243996052e-02
7.569074858069420320e-02
7.184281518936157240e-02
6.897515371561049879e-02
6.367566743731498113e-02
7.193000831425190589e-02
6.189333715915679851e-02
6.612103088140487694e-02
6.292927359104157070e-02
6.522309482216835652e-02
6.120482307434082364e-02
6.481521963357925187e-02
5.797090651929378419e-02
5.574671259641647558e-02
5.187044442772865277e-02
5.612175224542617635e-02
5.462533470332622820e-02
4.851952750384807417e-02
4.720992794513702295e-02
5.685621480941772249e-02
5.121976092100143096e-02
4.640160802304744980e-02
5.169234818220138500e-02
5.472583537101745332e-02
4.842541362404823024e-02
4.040828802943229742e-02
3.655889512062072966e-02
3.792534594297409384e-02
3.844186461329460180e-02
3.595766452431678473e-02
3.547783394932747109e-02
3.337336315155029626e-02
3.412989964246750108e-02
3.303137740433215869e-02
3.340863534450531219e-02
3.137695252895355419e-02
3.352692038774490041e-02
3.066200921058654869e-02
3.349490966081618976e-02
3.212395968854427075e-02
3.244130711436271630e-02
3.309041434288025052e-02
2.940292717576026976e-02
3.195654365062713942e-02
3.099795019447803418e-02
3.681893372774124040e-02
3.102337838828563704e-02
2.900558973550796532e-02
2.926672888278961104e-02
3.150646176934242260e-02
2.806421173810958944e-02
3.024618384003639054e-02
3.063741212129592745e-02
3.240202196061611056e-02
2.981442834973335385e-02
2.881514957487583267e-02
2.890310391306877280e-02
2.973174914956092790e-02
2.916468218088150155e-02
2.809971289396286098e-02
3.137737593770027061e-02
2.974459386050701259e-02
3.148887729704379773e-02
2.651516613364219774e-02
2.970357342720031726e-02
2.982394030332565296e-02
2.775995795965194649e-02
2.884099823653698061e-02
2.724178484141826645e-02
3.095421411991119282e-02
2.668213861942291334e-02
2.656637905955314474e-02
2.520014805853366957e-02
2.510554937660694139e-02
2.952639592766761675e-02
