4.589219093322753906e-01
4.504570960998535156e-01
4.605932235717773438e-01
4.496612548828125000e-01
4.512166976928710938e-01
4.636127948760986328e-01
4.497911930084228516e-01
4.509692192077636719e-01
4.593806266784667969e-01
4.546880722045898438e-01
4.482262134552001953e-01
4.493880271911621094e-01
4.612069129943847656e-01
4.484703540802001953e-01
4.495844841003417969e-01
4.633460044860839844e-01
4.486525058746337891e-01
4.452433586120605469e-01
4.539709091186523438e-01
4.595327377319335938e-01
4.478166103363037109e-01
4.462754726409912109e-01
4.590315818786621094e-01
4.556193351745605469e-01
4.474267959594726562e-01
4.517819881439208984e-01
4.580793380737304688e-01
4.537217617034912109e-01
4.516613483428955078e-01
4.541997909545898438e-01
4.570157527923583984e-01
4.504566192626953125e-01
4.565982818603515625e-01
4.521338939666748047e-01
4.528064727783203125e-01
4.524292945861816406e-01
4.526576995849609375e-01
4.503307342529296875e-01
4.526700973510742188e-01
4.532401561737060547e-01
4.538428783416748047e-01
4.550721645355224609e-01
4.572515487670898438e-01
4.494576454162597656e-01
4.553966522216796875e-01
4.512648582458496094e-01
4.526290893554687500e-01
4.513568878173828125e-01
4.520206451416015625e-01
4.592525959014892578e-01
4.513072967529296875e-01
4.531533718109130859e-01
4.536182880401611328e-01
4.587731361389160156e-01
4.489495754241943359e-01
4.516310691833496094e-01
4.598917961120605469e-01
4.519047737121582031e-01
4.503977298736572266e-01
4.582324028015136719e-01
4.575765132904052734e-01
4.507539272308349609e-01
4.522871971130371094e-01
4.594624042510986328e-01
4.568471908569335938e-01
4.497945308685302734e-01
4.573037624359130859e-01
4.528944492340087891e-01
4.500446319580078125e-01
4.493117332458496094e-01
4.567515850067138672e-01
4.550244808197021484e-01
4.457373619079589844e-01
4.542746543884277344e-01
4.487893581390380859e-01
4.515390396118164062e-01
4.543235301971435547e-01
4.551703929901123047e-01
4.523985385894775391e-01
4.504365921020507812e-01
4.517908096313476562e-01
4.507513046264648438e-01
4.511873722076416016e-01
4.528651237487792969e-01
4.485359191894531250e-01
4.499139785766601562e-01
4.599287509918212891e-01
4.586687088012695312e-01
4.500904083251953125e-01
4.514727592468261719e-01
4.637484550476074219e-01
4.504761695861816406e-01
4.520056247711181641e-01
4.543294906616210938e-01
4.545660018920898438e-01
4.507343769073486328e-01
4.516906738281250000e-01
4.603106975555419922e-01
4.499773979187011719e-01
4.513413906097412109e-01
4.543716907501220703e-01
4.567863941192626953e-01
4.484131336212158203e-01
4.543063640594482422e-01
4.608914852142333984e-01
4.514908790588378906e-01
4.529337882995605469e-01
4.539411067962646484e-01
4.544978141784667969e-01
4.524819850921630859e-01
4.531087875366210938e-01
4.538726806640625000e-01
4.531579017639160156e-01
4.474568367004394531e-01
4.638819694519042969e-01
4.553048610687255859e-01
4.535834789276123047e-01
4.566576480865478516e-01
4.574563503265380859e-01
4.523339271545410156e-01
4.577286243438720703e-01
4.596703052520751953e-01
4.521980285644531250e-01
4.580421447753906250e-01
4.526968002319335938e-01
4.578199386596679688e-01
4.524857997894287109e-01
4.555761814117431641e-01
4.546036720275878906e-01
4.528865814208984375e-01
4.512724876403808594e-01
4.590487480163574219e-01
4.564082622528076172e-01
4.522936344146728516e-01
4.534378051757812500e-01
4.578464031219482422e-01
4.476649761199951172e-01
4.523670673370361328e-01
4.609136581420898438e-01
4.500670433044433594e-01
4.518849849700927734e-01
4.567799568176269531e-01
4.574847221374511719e-01
4.531407356262207031e-01
4.534399509429931641e-01
4.585676193237304688e-01
4.531536102294921875e-01
4.501352310180664062e-01
4.570057392120361328e-01
4.574334621429443359e-01
4.575693607330322266e-01
4.535026550292968750e-01
4.576678276062011719e-01
4.511692523956298828e-01
4.536919593811035156e-01
4.582340717315673828e-01
4.504404067993164062e-01
4.508683681488037109e-01
4.510588645935058594e-01
4.550285339355468750e-01
4.505178928375244141e-01
4.492406845092773438e-01
4.586129188537597656e-01
4.549379348754882812e-01
4.509003162384033203e-01
4.635019302368164062e-01
4.628007411956787109e-01
4.600570201873779297e-01
4.597179889678955078e-01
4.651641845703125000e-01
4.573466777801513672e-01
4.594986438751220703e-01
4.654157161712646484e-01
4.588708877563476562e-01
4.583573341369628906e-01
4.619841575622558594e-01
4.705982208251953125e-01
4.588584899902343750e-01
4.638538360595703125e-01
4.701948165893554688e-01
4.579997062683105469e-01
4.572956562042236328e-01
4.612314701080322266e-01
4.726288318634033203e-01
4.574775695800781250e-01
4.609344005584716797e-01
4.627144336700439453e-01
4.550890922546386719e-01
4.569356441497802734e-01
4.665868282318115234e-01
4.609603881835937500e-01
4.603979587554931641e-01
4.623768329620361328e-01
4.666600227355957031e-01
4.638535976409912109e-01
4.550743103027343750e-01
4.674341678619384766e-01
4.607255458831787109e-01
4.595248699188232422e-01
4.621291160583496094e-01
