1.540800000183105389e+01
2.295999999908447364e+01
2.764799999908447248e+01
3.262399999816894791e+01
3.503999999816894473e+01
3.908799999755859034e+01
4.172799998779296970e+01
4.593599998779296811e+01
4.790400000732422114e+01
5.147200000000000131e+01
5.351999999389648366e+01
5.655999998657226513e+01
5.974399999633789093e+01
6.121600000366210992e+01
6.399999998291015402e+01
6.497599999999999909e+01
6.566399997314452719e+01
6.758399997314452889e+01
6.908799999511718681e+01
7.012799997558593645e+01
7.099199998657226729e+01
7.188799999511718397e+01
7.337600001464844013e+01
7.369600001708984394e+01
7.499199999511718318e+01
7.508800000488281512e+01
7.622399999511718249e+01
7.774399999755858914e+01
7.694399998535156726e+01
7.921600001464844354e+01
7.849599999755859869e+01
7.943999998291015174e+01
7.947200000488281546e+01
8.012800001464843547e+01
8.068799999755859176e+01
8.022399997558594009e+01
8.075200001464843069e+01
8.119999999755859221e+01
8.135999997558593577e+01
8.089599999755859017e+01
8.196800001708984951e+01
8.260799997558594043e+01
8.283199999755859722e+01
8.286399999511718306e+01
8.292799998535156192e+01
8.308799999755859744e+01
8.355200000732422438e+01
8.369599998535156260e+01
8.395200001708984416e+01
8.406399997558594350e+01
8.356800000488281910e+01
8.323200001464843467e+01
8.320000001708984882e+01
8.368000001708983859e+01
8.422400001708984973e+01
8.460799997802733685e+01
8.471999999511719182e+01
8.550399999755859426e+01
8.508799997802734083e+01
8.524799999755859403e+01
8.472000001953125548e+01
8.499200001708985042e+01
8.542399997558594293e+01
8.620800000732421609e+01
8.534399999755859767e+01
8.529600001708983825e+01
8.627200001708983734e+01
8.516799998535155680e+01
8.577600001708984223e+01
8.547199998779296948e+01
8.673599997802733697e+01
8.582399997802734504e+01
8.563199999511718374e+01
8.620799998535156305e+01
8.678399997802733878e+01
8.672000001953125548e+01
8.655999997802734924e+01
8.694400001708984860e+01
8.628799999755860028e+01
8.681599999755859187e+01
8.585599999755859812e+01
8.662399998779297050e+01
8.619199999755859665e+01
8.715199998535156567e+01
8.651199998779297573e+01
8.721599997802734094e+01
8.819200001708983905e+01
8.748800000732421722e+01
8.662399999755859881e+01
8.700799999511718852e+01
8.667199998779297232e+01
8.684799997558593532e+01
8.723199998779297459e+01
8.742399997558594293e+01
8.856000001953124467e+01
8.748800001708984553e+01
8.737599997558594112e+01
8.815999997802734356e+01
8.727999998779296220e+01
8.793600000732422473e+01
9.299200000976561853e+01
9.448000000976561807e+01
9.484799997802734595e+01
9.542400001953124900e+01
9.526400000976562410e+01
9.547200001953125081e+01
9.598400001953125127e+01
9.617600000000000193e+01
9.611200001953125138e+01
9.633600000976562683e+01
9.620800001953125502e+01
9.628800000976562501e+01
9.635199998779296493e+01
9.643200000976563047e+01
9.684800000976562728e+01
9.731199999999999761e+01
9.726399999999999579e+01
9.697600001953125570e+01
9.723200000976562762e+01
9.745600000000000307e+01
9.732800001953124536e+01
9.747200000976562251e+01
9.740800001953124365e+01
9.763199997802733776e+01
9.792000000976563001e+01
9.787199999999999989e+01
9.771200000976563160e+01
9.798400000976562296e+01
9.782399999999999807e+01
9.815999999999999659e+01
9.780800000000000693e+01
9.817600000976563024e+01
9.793600000976562114e+01
9.798400000976562296e+01
9.804800000976563013e+01
9.807999997802734526e+01
9.804799998779296288e+01
9.815999999999999659e+01
9.840000000976561978e+01
9.844800000976562160e+01
9.836800000976562330e+01
9.851200000000000045e+01
9.883199999999999363e+01
9.875200001953125195e+01
9.828800000976562501e+01
9.856000000976563058e+01
9.867199999999999704e+01
9.852800000976561989e+01
9.825600000976562853e+01
9.860800001953124649e+01
9.889600000000000080e+01
9.905599997802734435e+01
9.905600000976562569e+01
9.891200000000000614e+01
9.916800000976562046e+01
9.907200000976563103e+01
9.928000000976562944e+01
9.910400000976562751e+01
9.924800000000000466e+01
9.920000000000000284e+01
9.926399999999999579e+01
9.921600000976562228e+01
9.939199999999999591e+01
9.928000000000000114e+01
9.918400000976562580e+01
9.929600000000000648e+01
9.934400000976562239e+01
9.934399999999999409e+01
9.924800000000000466e+01
9.926399999999999579e+01
9.905600001953125400e+01
9.934399999999999409e+01
9.939200000976562421e+01
9.934400000976562239e+01
9.921599999999999397e+01
9.948799999999999955e+01
9.934400000976562239e+01
9.939199999999999591e+01
9.923200000976562762e+01
9.921599999999999397e+01
9.939199999999999591e+01
9.934399999999999409e+01
9.943999999999999773e+01
9.928000000976562944e+01
9.937600000976561887e+01
9.920000000000000284e+01
9.929600000000000648e+01
9.935999999999999943e+01
9.943999999999999773e+01
9.936000001953125604e+01
9.926400000976562410e+01
9.943999999999999773e+01
9.939199999999999591e+01
9.951999999999999602e+01
9.924800000976561876e+01
9.948800000976562785e+01
9.952000000976562433e+01
9.959999999999999432e+01
9.950400000000000489e+01
9.937600000000000477e+01
