2.120999908447265625e+01
2.288999938964843750e+01
2.492000007629394531e+01
3.070999908447265625e+01
3.705999755859375000e+01
2.911999893188476562e+01
3.078999900817871094e+01
4.339999771118164062e+01
1.827999877929687500e+01
3.511000061035156250e+01
3.993000030517578125e+01
4.225000000000000000e+01
4.514999771118164062e+01
5.831999969482421875e+01
5.566999816894531250e+01
3.646999740600585938e+01
6.141999816894531250e+01
6.009999847412109375e+01
5.097999954223632812e+01
6.375000000000000000e+01
5.388999938964843750e+01
6.444999694824218750e+01
6.501999664306640625e+01
6.175999832153320312e+01
5.771999740600585938e+01
6.447000122070312500e+01
5.889999771118164062e+01
6.988999938964843750e+01
5.606999969482421875e+01
6.104999923706054688e+01
7.129999542236328125e+01
7.356999969482421875e+01
4.202999877929687500e+01
5.980999755859375000e+01
6.700999450683593750e+01
6.479999542236328125e+01
5.939999771118164062e+01
6.405999755859375000e+01
6.366999816894531250e+01
6.862999725341796875e+01
7.690999603271484375e+01
6.039999771118164062e+01
5.743000030517578125e+01
6.977999877929687500e+01
7.062999725341796875e+01
5.611999893188476562e+01
6.587999725341796875e+01
5.785999679565429688e+01
6.968999481201171875e+01
7.004999542236328125e+01
6.638999938964843750e+01
6.328999710083007812e+01
5.764999771118164062e+01
7.368999481201171875e+01
7.888999938964843750e+01
7.495999908447265625e+01
6.293000030517578125e+01
7.565999603271484375e+01
7.940000152587890625e+01
5.585999679565429688e+01
7.830999755859375000e+01
6.271999740600585938e+01
4.713999938964843750e+01
5.395999908447265625e+01
6.861000061035156250e+01
7.493000030517578125e+01
6.121999740600585938e+01
5.185999679565429688e+01
6.576999664306640625e+01
6.640999603271484375e+01
6.805999755859375000e+01
6.923999786376953125e+01
6.737999725341796875e+01
7.518000030517578125e+01
7.529000091552734375e+01
7.608999633789062500e+01
6.923999786376953125e+01
5.213999938964843750e+01
7.015999603271484375e+01
7.175000000000000000e+01
5.930999755859375000e+01
6.279999923706054688e+01
5.219999694824218750e+01
6.497999572753906250e+01
7.633999633789062500e+01
7.783000183105468750e+01
7.468000030517578125e+01
5.307999801635742188e+01
6.371999740600585938e+01
5.527999877929687500e+01
4.472999954223632812e+01
4.239999771118164062e+01
8.154000091552734375e+01
5.713999938964843750e+01
8.130999755859375000e+01
6.018999862670898438e+01
5.661999893188476562e+01
6.494999694824218750e+01
7.745999908447265625e+01
5.202000045776367188e+01
9.156999969482421875e+01
9.177999877929687500e+01
9.177999877929687500e+01
9.186999511718750000e+01
9.162999725341796875e+01
9.190999603271484375e+01
9.200999450683593750e+01
9.208999633789062500e+01
9.218999481201171875e+01
9.205999755859375000e+01
9.212999725341796875e+01
9.191999816894531250e+01
9.218000030517578125e+01
9.169999694824218750e+01
9.212999725341796875e+01
9.208999633789062500e+01
9.222000122070312500e+01
9.209999847412109375e+01
9.208999633789062500e+01
9.191999816894531250e+01
9.214999389648437500e+01
9.204000091552734375e+01
9.120999908447265625e+01
9.175000000000000000e+01
9.172999572753906250e+01
9.219999694824218750e+01
9.179999542236328125e+01
9.188999938964843750e+01
9.208999633789062500e+01
9.219999694824218750e+01
9.213999938964843750e+01
9.218000030517578125e+01
9.176999664306640625e+01
9.234999847412109375e+01
9.197000122070312500e+01
9.068000030517578125e+01
9.168000030517578125e+01
9.183999633789062500e+01
9.187999725341796875e+01
9.163999938964843750e+01
9.225999450683593750e+01
9.208999633789062500e+01
9.194999694824218750e+01
9.089999389648437500e+01
9.147999572753906250e+01
9.136000061035156250e+01
9.204999542236328125e+01
9.227999877929687500e+01
9.150999450683593750e+01
9.114999389648437500e+01
9.234999847412109375e+01
9.250000000000000000e+01
9.250999450683593750e+01
9.244999694824218750e+01
9.237999725341796875e+01
9.244999694824218750e+01
9.236000061035156250e+01
9.256999969482421875e+01
9.251999664306640625e+01
9.243000030517578125e+01
9.243999481201171875e+01
9.239999389648437500e+01
9.250000000000000000e+01
9.233999633789062500e+01
9.243000030517578125e+01
9.241999816894531250e+01
9.243000030517578125e+01
9.239999389648437500e+01
9.237999725341796875e+01
9.234999847412109375e+01
9.247999572753906250e+01
9.250000000000000000e+01
9.243999481201171875e+01
9.227999877929687500e+01
9.236999511718750000e+01
9.239999389648437500e+01
9.233999633789062500e+01
9.247000122070312500e+01
9.243000030517578125e+01
9.238999938964843750e+01
9.247000122070312500e+01
9.236999511718750000e+01
9.244999694824218750e+01
9.254999542236328125e+01
9.237999725341796875e+01
9.250999450683593750e+01
9.239999389648437500e+01
9.234999847412109375e+01
9.225000000000000000e+01
9.243000030517578125e+01
9.236000061035156250e+01
9.230999755859375000e+01
9.241999816894531250e+01
9.244999694824218750e+01
9.248999786376953125e+01
9.245999908447265625e+01
9.225000000000000000e+01
9.236000061035156250e+01
9.243999481201171875e+01
9.250000000000000000e+01
