4.584152698516845703e-01
4.499402046203613281e-01
4.600365161895751953e-01
4.491369724273681641e-01
4.515051841735839844e-01
4.634349346160888672e-01
4.495978355407714844e-01
4.506852626800537109e-01
4.590177536010742188e-01
4.548127651214599609e-01
4.481008052825927734e-01
4.492819309234619141e-01
4.616394042968750000e-01
4.489374160766601562e-01
4.490382671356201172e-01
4.631531238555908203e-01
4.487054347991943359e-01
4.451010227203369141e-01
4.542791843414306641e-01
4.600467681884765625e-01
4.477756023406982422e-01
4.463143348693847656e-01
4.589958190917968750e-01
4.553706645965576172e-01
4.476637840270996094e-01
4.519093036651611328e-01
4.582209587097167969e-01
4.535396099090576172e-01
4.515941143035888672e-01
4.542706012725830078e-01
4.573605060577392578e-01
4.507539272308349609e-01
4.566693305969238281e-01
4.524135589599609375e-01
4.526493549346923828e-01
4.523694515228271484e-01
4.532177448272705078e-01
4.511427879333496094e-01
4.527676105499267578e-01
4.532573223114013672e-01
4.535605907440185547e-01
4.549648761749267578e-01
4.571065902709960938e-01
4.497644901275634766e-01
4.555878639221191406e-01
4.515054225921630859e-01
4.528558254241943359e-01
4.509820938110351562e-01
4.518847465515136719e-01
4.593746662139892578e-01
4.515454769134521484e-01
4.527680873870849609e-01
4.531054496765136719e-01
4.584522247314453125e-01
4.491994380950927734e-01
4.511404037475585938e-01
4.594335556030273438e-01
4.517068862915039062e-01
4.503865242004394531e-01
4.579391479492187500e-01
4.573447704315185547e-01
4.502665996551513672e-01
4.520189762115478516e-01
4.591872692108154297e-01
4.570682048797607422e-01
4.497790336608886719e-01
4.573431015014648438e-01
4.527566432952880859e-01
4.498085975646972656e-01
4.492797851562500000e-01
4.569058418273925781e-01
4.549162387847900391e-01
4.455974102020263672e-01
4.546177387237548828e-01
4.486372470855712891e-01
4.518175125122070312e-01
4.536471366882324219e-01
4.554767608642578125e-01
4.526181221008300781e-01
4.508099555969238281e-01
4.519948959350585938e-01
4.510369300842285156e-01
4.510595798492431641e-01
4.516417980194091797e-01
4.487731456756591797e-01
4.502429962158203125e-01
4.595353603363037109e-01
4.589447975158691406e-01
4.499831199645996094e-01
4.517228603363037109e-01
4.639732837677001953e-01
4.510066509246826172e-01
4.524061679840087891e-01
4.545505046844482422e-01
4.550335407257080078e-01
4.509866237640380859e-01
4.518198966979980469e-01
4.603087902069091797e-01
4.496622085571289062e-01
4.509446620941162109e-01
4.539306163787841797e-01
4.562020301818847656e-01
4.480051994323730469e-01
4.541535377502441406e-01
4.612052440643310547e-01
4.508483409881591797e-01
4.528267383575439453e-01
4.541449546813964844e-01
4.542751312255859375e-01
4.528157711029052734e-01
4.526596069335937500e-01
4.540941715240478516e-01
4.527144432067871094e-01
4.471392631530761719e-01
4.637370109558105469e-01
4.564065933227539062e-01
4.531698226928710938e-01
4.569444656372070312e-01
4.587037563323974609e-01
4.523227214813232422e-01
4.577984809875488281e-01
4.595835208892822266e-01
4.520318508148193359e-01
4.579067230224609375e-01
4.530787467956542969e-01
4.573597908020019531e-01
4.521074295043945312e-01
4.551429748535156250e-01
4.541380405426025391e-01
4.524552822113037109e-01
4.507615566253662109e-01
4.588856697082519531e-01
4.549283981323242188e-01
4.522223472595214844e-01
4.529423713684082031e-01
4.573745727539062500e-01
4.475889205932617188e-01
4.521603584289550781e-01
4.613885879516601562e-01
4.498257637023925781e-01
4.515409469604492188e-01
4.563386440277099609e-01
4.568326473236083984e-01
4.527299404144287109e-01
4.534134864807128906e-01
4.582993984222412109e-01
4.525787830352783203e-01
4.501779079437255859e-01
4.567861557006835938e-01
4.571142196655273438e-01
4.574635028839111328e-01
4.534306526184082031e-01
4.571447372436523438e-01
4.507775306701660156e-01
4.532883167266845703e-01
4.575738906860351562e-01
4.504835605621337891e-01
4.506542682647705078e-01
4.509708881378173828e-01
4.551060199737548828e-01
4.504625797271728516e-01
4.490587711334228516e-01
4.580981731414794922e-01
4.545674324035644531e-01
4.504268169403076172e-01
4.629836082458496094e-01
4.624512195587158203e-01
4.599032402038574219e-01
4.593098163604736328e-01
4.646716117858886719e-01
4.568889141082763672e-01
4.593787193298339844e-01
4.650018215179443359e-01
4.585921764373779297e-01
4.579374790191650391e-01
4.614927768707275391e-01
4.705710411071777344e-01
4.585232734680175781e-01
4.634447097778320312e-01
4.697985649108886719e-01
4.575703144073486328e-01
4.567897319793701172e-01
4.609670639038085938e-01
4.720327854156494141e-01
4.569993019104003906e-01
4.605755805969238281e-01
4.622566699981689453e-01
4.547648429870605469e-01
4.566800594329833984e-01
4.663176536560058594e-01
4.606149196624755859e-01
4.600746631622314453e-01
4.626238346099853516e-01
4.663858413696289062e-01
4.636533260345458984e-01
4.546775817871093750e-01
4.672408103942871094e-01
4.606392383575439453e-01
4.591393470764160156e-01
4.616665840148925781e-01
