2.612891674041748047e+00
1.921636819839477539e+00
1.929677963256835938e+00
1.925236463546752930e+00
1.923362493515014648e+00
1.926754951477050781e+00
1.920214891433715820e+00
1.929403305053710938e+00
1.925993919372558594e+00
1.941267013549804688e+00
1.916832685470581055e+00
1.920828104019165039e+00
1.937730312347412109e+00
1.911342144012451172e+00
1.926804542541503906e+00
1.922824382781982422e+00
1.920984506607055664e+00
1.908010244369506836e+00
1.915436029434204102e+00
1.912404775619506836e+00
1.919780969619750977e+00
1.914934158325195312e+00
1.940448522567749023e+00
1.917612075805664062e+00
1.932315587997436523e+00
1.905804634094238281e+00
1.934085130691528320e+00
1.907600164413452148e+00
1.922624826431274414e+00
1.928038120269775391e+00
1.928788185119628906e+00
1.938491344451904297e+00
1.935834646224975586e+00
1.922616481781005859e+00
1.923010587692260742e+00
1.934820413589477539e+00
1.913716077804565430e+00
1.906586885452270508e+00
1.913126707077026367e+00
1.910413503646850586e+00
1.904994010925292969e+00
1.926661968231201172e+00
1.927921533584594727e+00
1.915030717849731445e+00
1.932804346084594727e+00
1.920532703399658203e+00
1.925585269927978516e+00
1.921144962310791016e+00
1.931853294372558594e+00
1.917554855346679688e+00
1.921518325805664062e+00
1.919412612915039062e+00
1.922143936157226562e+00
1.921648263931274414e+00
1.922365427017211914e+00
1.919960737228393555e+00
1.945716381072998047e+00
1.935848474502563477e+00
1.933032989501953125e+00
1.939056634902954102e+00
1.927302360534667969e+00
1.946231365203857422e+00
1.929879665374755859e+00
1.926301956176757812e+00
1.920299291610717773e+00
1.946211576461791992e+00
1.926891565322875977e+00
1.908207893371582031e+00
1.907419681549072266e+00
1.920050144195556641e+00
1.913148164749145508e+00
1.915764808654785156e+00
1.920790910720825195e+00
1.906946182250976562e+00
1.918549537658691406e+00
1.910445690155029297e+00
1.910649776458740234e+00
1.906514167785644531e+00
1.916299104690551758e+00
1.905324697494506836e+00
1.907703638076782227e+00
1.908852338790893555e+00
1.903956651687622070e+00
1.913418292999267578e+00
1.906061887741088867e+00
1.917639970779418945e+00
1.958601474761962891e+00
1.958325624465942383e+00
1.933332204818725586e+00
1.932648897171020508e+00
1.953952312469482422e+00
1.918835401535034180e+00
1.943542957305908203e+00
1.926973104476928711e+00
1.929648876190185547e+00
1.932150602340698242e+00
1.942880868911743164e+00
1.953603029251098633e+00
1.914829730987548828e+00
1.947731733322143555e+00
1.943748712539672852e+00
1.931399345397949219e+00
1.944398880004882812e+00
1.927720308303833008e+00
1.950729370117187500e+00
1.938945293426513672e+00
1.938175439834594727e+00
1.935701608657836914e+00
1.917013883590698242e+00
1.912538766860961914e+00
1.926452398300170898e+00
1.920368671417236328e+00
1.940386295318603516e+00
1.909055709838867188e+00
1.938810110092163086e+00
1.919661521911621094e+00
1.924736976623535156e+00
1.953115701675415039e+00
1.927073478698730469e+00
1.928305864334106445e+00
1.940790891647338867e+00
1.927370071411132812e+00
1.938442468643188477e+00
1.923469543457031250e+00
1.930634975433349609e+00
1.939414978027343750e+00
1.936240673065185547e+00
1.937946319580078125e+00
1.925221681594848633e+00
1.941268444061279297e+00
1.930391788482666016e+00
1.929861545562744141e+00
1.928984165191650391e+00
1.922454118728637695e+00
1.932439565658569336e+00
1.929212808609008789e+00
1.913920640945434570e+00
1.919998407363891602e+00
1.948518753051757812e+00
1.920947551727294922e+00
1.923876285552978516e+00
1.937024354934692383e+00
1.982185840606689453e+00
1.941655874252319336e+00
1.921913146972656250e+00
1.931599617004394531e+00
1.932658195495605469e+00
1.934633016586303711e+00
1.918140649795532227e+00
1.934001207351684570e+00
1.944276332855224609e+00
1.938111305236816406e+00
1.921332359313964844e+00
1.932310342788696289e+00
1.936138868331909180e+00
1.935049057006835938e+00
1.915009975433349609e+00
1.907090425491333008e+00
1.916660070419311523e+00
1.911087751388549805e+00
1.920071840286254883e+00
1.910186767578125000e+00
1.912603855133056641e+00
1.917822599411010742e+00
1.946430683135986328e+00
1.937357664108276367e+00
1.948568820953369141e+00
1.959090232849121094e+00
1.946001768112182617e+00
1.993897914886474609e+00
1.945251941680908203e+00
1.981871366500854492e+00
1.962936639785766602e+00
1.956269979476928711e+00
1.948848724365234375e+00
1.951523780822753906e+00
2.006057977676391602e+00
1.942528247833251953e+00
1.944934606552124023e+00
1.940705537796020508e+00
1.999753952026367188e+00
1.931978225708007812e+00
1.923675060272216797e+00
1.945543050765991211e+00
1.951937198638916016e+00
1.929633617401123047e+00
1.926064491271972656e+00
1.931761741638183594e+00
1.925535202026367188e+00
1.965758085250854492e+00
1.928714752197265625e+00
1.945828437805175781e+00
1.953975439071655273e+00
1.936930894851684570e+00
1.949203729629516602e+00
1.950305700302124023e+00
1.954139471054077148e+00
1.948815345764160156e+00
1.937395334243774414e+00
1.939619541168212891e+00
