1.575999999877929625e+01
2.271999999816894444e+01
2.716800000488281341e+01
3.081599999877929719e+01
3.366400000976562268e+01
3.670400000732421830e+01
4.019200000366210901e+01
4.183999998779297158e+01
4.705600001464843984e+01
5.025600000976562853e+01
5.224000000244140551e+01
5.536000000244140296e+01
5.783999999633788747e+01
6.078399998657226888e+01
6.089599998657226365e+01
6.335999999999999943e+01
6.502399999267578323e+01
6.697599997314452480e+01
6.668800001464843774e+01
6.830400001464843740e+01
7.012799998535156476e+01
7.199999998657226286e+01
7.239999997314453140e+01
7.339199999511718886e+01
7.508799997314453378e+01
7.566399997314452719e+01
7.564799998535156078e+01
7.700800001464843092e+01
7.811200000732421245e+01
7.734399999511718704e+01
7.923199997558593566e+01
7.974400001708984576e+01
8.008000001708984428e+01
7.942400001708983837e+01
8.051200001708984644e+01
8.078399997558594237e+01
8.119999999755859221e+01
8.075200000488281660e+01
8.110399997314452492e+01
8.126400000488281705e+01
8.251200000732421813e+01
8.284800001708984496e+01
8.132799999511718170e+01
8.281600000244141313e+01
8.295999998535155839e+01
8.313599997558593202e+01
8.383999998779296448e+01
8.339200000732421358e+01
8.356799998535156249e+01
8.417600001708984792e+01
8.438400001708984632e+01
8.499199997802733719e+01
8.388799999755859460e+01
8.425600000488280727e+01
8.537599997558594112e+01
8.379200001708984757e+01
8.488000001708984144e+01
8.457600000732422529e+01
8.537600000976561887e+01
8.536000001708984541e+01
8.475199997558593168e+01
8.524799999511718340e+01
8.550400001708983666e+01
8.507199998779296379e+01
8.673600001708985019e+01
8.544000001708984371e+01
8.598399997802734163e+01
8.571200001708984928e+01
8.598399997802734163e+01
8.635199998535156851e+01
8.715199999755859039e+01
8.667200001708984303e+01
8.603199998535156112e+01
8.707200001708984871e+01
8.553599999755859074e+01
8.641599999755860040e+01
8.742400000732422427e+01
8.623999997802734185e+01
8.764800001708984212e+01
8.614399998535155589e+01
8.724799997802733742e+01
8.750399999755859426e+01
8.724799998779296573e+01
8.771200001708984928e+01
8.740800001708984723e+01
8.759999998779296959e+01
8.748799997558593589e+01
8.808000001953125491e+01
8.804800001953124422e+01
8.740799998779296232e+01
8.779200001953124399e+01
8.846399997802734561e+01
8.785600000488281580e+01
8.755199998535155714e+01
8.758399997802735015e+01
8.816000001708984257e+01
8.806399998535155760e+01
8.903999999755859562e+01
8.809599998535156828e+01
8.847999998779296504e+01
9.375999997802733787e+01
9.444800001953124990e+01
9.502399998779296197e+01
9.492800000732421495e+01
9.545600000976563138e+01
9.579200000000000159e+01
9.588800000000000523e+01
9.585600000976562285e+01
9.606400001953124956e+01
9.604800000976563013e+01
9.619200000976562137e+01
9.649600001953125172e+01
9.670400000976562183e+01
9.668800001953124479e+01
9.662399999999999523e+01
9.676799998779296175e+01
9.699199997802733719e+01
9.671999999999999886e+01
9.712000000976561864e+01
9.728000000000000114e+01
9.713600000976562399e+01
9.734399999999999409e+01
9.708799999999999386e+01
9.748800000976562785e+01
9.748800000976562785e+01
9.724800000000000466e+01
9.769599997802734492e+01
9.761600000976562796e+01
9.791999997802734867e+01
9.755199997802733947e+01
9.792000000000000171e+01
9.785599999999999454e+01
9.790399999999999636e+01
9.766400000000000148e+01
9.806400000976562126e+01
9.808000001953125491e+01
9.792000000000000171e+01
9.827200000976561967e+01
9.776000000976561921e+01
9.835200000000000387e+01
9.856000000976563058e+01
9.848000000000000398e+01
9.854400000976562524e+01
9.862400001953125184e+01
9.884800000976562728e+01
9.843200000976563047e+01
9.871999999999999886e+01
9.843200001953124456e+01
9.867200001953125366e+01
9.852800001953124820e+01
9.883200000976562194e+01
9.896000000976562205e+01
9.896000000976562205e+01
9.912000000976561864e+01
9.916800000000000637e+01
9.897599999999999909e+01
9.905600000976562569e+01
9.899200000000000443e+01
9.915200000976562933e+01
9.908799999999999386e+01
9.915200000976562933e+01
9.920000000000000284e+01
9.902399997802734788e+01
9.931199999999999761e+01
9.904000000000000625e+01
9.921599999999999397e+01
9.926400001953125241e+01
9.921599999999999397e+01
9.913600000976562399e+01
9.924800000976561876e+01
9.918399999999999750e+01
9.924800000000000466e+01
9.921599999999999397e+01
9.932800000000000296e+01
9.926399999999999579e+01
9.905600001953125400e+01
9.937600000976561887e+01
9.929600001953124888e+01
9.935999999999999943e+01
9.935999999999999943e+01
9.934399999999999409e+01
9.932800000000000296e+01
9.935999999999999943e+01
9.939199999999999591e+01
9.926400000976562410e+01
9.923199999999999932e+01
9.934399999999999409e+01
9.928000000976562944e+01
9.929600000000000648e+01
9.947199999999999420e+01
9.923199999999999932e+01
9.924800000000000466e+01
9.928000000000000114e+01
9.939199999999999591e+01
9.940800000000000125e+01
9.950400000000000489e+01
9.931199997802734458e+01
9.942400000000000659e+01
9.936000000976562774e+01
9.942400000976562069e+01
