2.898027915802002141e+00
1.980267910423278765e+00
1.884791380767822266e+00
1.778786869163513140e+00
1.705681418647766012e+00
1.634717910919189388e+00
1.569794014015197803e+00
1.497316598167419466e+00
1.412292098121643136e+00
1.355194024887085069e+00
1.285333073387145975e+00
1.196157171936035102e+00
1.127454831657409562e+00
1.077337887573242226e+00
1.020764883956909230e+00
9.961746246337890298e-01
9.578512097167968253e-01
9.159797918510437231e-01
8.742458705520630424e-01
8.470411394691467200e-01
8.271460563850402403e-01
7.986529820251464518e-01
7.375620384025574072e-01
7.072084973716735723e-01
6.831058656501769466e-01
6.613983149147033558e-01
6.272397057151793964e-01
6.136114125442504452e-01
6.027241425323486279e-01
5.936077200317382285e-01
5.901982700538634941e-01
5.742526232528686325e-01
5.435078535842895464e-01
5.359007147216796607e-01
5.255178358459472454e-01
5.336221018981933684e-01
5.269706129455566934e-01
5.153999756240844610e-01
5.068468739318847671e-01
4.922156357765197776e-01
5.001395712661743653e-01
4.719912361907959153e-01
4.704393530559539682e-01
4.686177244377136009e-01
4.552021724224090682e-01
4.589062537288665644e-01
4.607641846752166814e-01
4.515318381404876957e-01
4.362301930332183608e-01
4.241061190700530781e-01
4.299951637649536140e-01
4.386880414199829104e-01
4.387757849502563201e-01
4.282379355430602774e-01
4.269430852699279688e-01
4.347784017276764001e-01
4.228675129890441808e-01
4.016066062259673886e-01
4.210477730464935453e-01
4.056344029188156397e-01
3.927568868541717606e-01
3.882450561141967960e-01
3.911748013877868746e-01
3.885346796321869078e-01
3.878399698448181110e-01
3.645819719982147378e-01
3.823885446548461742e-01
3.706704223251342523e-01
3.754025015068054305e-01
3.715048320579528718e-01
3.805839107608794958e-01
3.802946654701233054e-01
3.672664665603637690e-01
3.750947850036621123e-01
3.882219295215606492e-01
3.416728221130371224e-01
3.616968465232849317e-01
3.607716185379028495e-01
3.621853547859191780e-01
3.614822912025451584e-01
3.621957120037078703e-01
3.478405459785461340e-01
3.492039771842956331e-01
3.427665028285979965e-01
3.536576904582977021e-01
3.460656107330322140e-01
3.430002291297912786e-01
3.248750391483307132e-01
3.524289826583862362e-01
3.467067987728119083e-01
3.256277643680572376e-01
3.350626886940002436e-01
3.312636364746093798e-01
3.394508877563476301e-01
3.256730532503128162e-01
3.432330772590637125e-01
3.387921080303192278e-01
3.194737764644622890e-01
3.163241918754577386e-01
3.156514679622650088e-01
1.875506131768226725e-01
1.584707923769950733e-01
1.444785892963409424e-01
1.314318583059310985e-01
1.289837498354911849e-01
1.243446972131729139e-01
1.248062196636199883e-01
1.058778892111778280e-01
1.047722785663604689e-01
1.099901134729385360e-01
1.093888646697998013e-01
1.031719240355491590e-01
9.615308570861816340e-02
9.891142028808594389e-02
9.530845231294632347e-02
9.324043057203293405e-02
8.652867671608924227e-02
8.254277390956878124e-02
8.107636264443397744e-02
8.455285883665085434e-02
8.498932379245757729e-02
7.894405457496643519e-02
7.009706845760345362e-02
7.144028317928313720e-02
7.097447349548340056e-02
6.982789374828338169e-02
6.968901058197021769e-02
6.906592370629310862e-02
7.254636980295181559e-02
6.499339501142502307e-02
6.926639730930328476e-02
6.265440185546874985e-02
6.087083498239517082e-02
5.793826220989227449e-02
5.809436488032340695e-02
5.576062916040420286e-02
5.367046283006668417e-02
5.376273585319518711e-02
5.789592678546905818e-02
5.408996551990508800e-02
4.980388930797576691e-02
5.325612445801496814e-02
5.365414363622665606e-02
4.655484983801841392e-02
5.105233909964561334e-02
4.274171334803104211e-02
4.352835594266653285e-02
4.739934381306171174e-02
4.640560052275657932e-02
4.456907764196395977e-02
3.678342431545257585e-02
3.816745382189750541e-02
3.626289869904518459e-02
3.787709387183189197e-02
3.291395921587943890e-02
3.494640206217766026e-02
3.288870088517666102e-02
3.165525318145751693e-02
3.454836848855018933e-02
3.355396701604127646e-02
3.254561959713697661e-02
3.170324695110320751e-02
2.907556018471717935e-02
3.328363409996032418e-02
3.446303168952465079e-02
3.084623019695282090e-02
3.455439060926437239e-02
2.836928389966487940e-02
3.132137727737426686e-02
3.581669869989156929e-02
2.885805348634720019e-02
3.169434638619422762e-02
2.822784321427345214e-02
2.923298755466938181e-02
3.041559731036424727e-02
2.770612828105688263e-02
2.998784787297248747e-02
2.752555126488208728e-02
2.863321610599756095e-02
2.930200669527053756e-02
2.719060683608055112e-02
2.907219357132911561e-02
2.771629361331462774e-02
2.704515363812446532e-02
3.192245250165462456e-02
2.923008252322673722e-02
2.794879602313041569e-02
2.841544940590858340e-02
3.008800009489059554e-02
2.686190055042505381e-02
2.690242985010147039e-02
2.622051293790340562e-02
2.908492523252963896e-02
2.902693414330482363e-02
2.859102989792823915e-02
2.570534899711609048e-02
2.729350025653838954e-02
2.648800180375576047e-02
2.935971283435821408e-02
2.831030542850494422e-02
