2.106999969482421875e+01
2.596999931335449219e+01
2.629999923706054688e+01
3.152999877929687500e+01
3.734000015258789062e+01
2.934999847412109375e+01
3.213999938964843750e+01
4.272999954223632812e+01
2.348999977111816406e+01
4.202000045776367188e+01
4.009000015258789062e+01
4.630999755859375000e+01
4.636999893188476562e+01
6.104999923706054688e+01
5.445999908447265625e+01
4.100000000000000000e+01
6.081999969482421875e+01
5.573999786376953125e+01
5.435999679565429688e+01
6.690999603271484375e+01
5.850999832153320312e+01
6.000000000000000000e+01
6.164999771118164062e+01
6.238999938964843750e+01
5.840999984741210938e+01
6.154999923706054688e+01
6.173999786376953125e+01
6.837999725341796875e+01
5.543999862670898438e+01
6.640999603271484375e+01
7.002999877929687500e+01
7.150999450683593750e+01
4.623999786376953125e+01
6.155999755859375000e+01
6.908000183105468750e+01
6.920999908447265625e+01
6.118999862670898438e+01
6.643999481201171875e+01
6.126999664306640625e+01
6.547000122070312500e+01
7.533000183105468750e+01
5.680999755859375000e+01
5.490999984741210938e+01
6.768999481201171875e+01
6.936000061035156250e+01
5.393000030517578125e+01
6.555999755859375000e+01
6.266999816894531250e+01
6.280999755859375000e+01
7.459999847412109375e+01
6.625000000000000000e+01
7.158000183105468750e+01
5.502000045776367188e+01
7.243999481201171875e+01
8.018000030517578125e+01
7.125999450683593750e+01
6.512999725341796875e+01
6.944999694824218750e+01
7.701999664306640625e+01
6.243000030517578125e+01
7.700000000000000000e+01
5.968000030517578125e+01
5.344999694824218750e+01
5.798999786376953125e+01
6.415999603271484375e+01
7.602999877929687500e+01
6.968999481201171875e+01
5.263999938964843750e+01
6.866999816894531250e+01
6.608000183105468750e+01
5.989999771118164062e+01
6.125000000000000000e+01
7.247999572753906250e+01
7.884999847412109375e+01
7.018999481201171875e+01
7.886999511718750000e+01
6.815000152587890625e+01
5.079999923706054688e+01
7.129999542236328125e+01
6.898999786376953125e+01
6.465000152587890625e+01
6.141999816894531250e+01
5.718000030517578125e+01
7.068999481201171875e+01
7.626999664306640625e+01
7.094999694824218750e+01
7.793999481201171875e+01
4.684999847412109375e+01
6.250000000000000000e+01
6.629999542236328125e+01
4.036000061035156250e+01
3.286999893188476562e+01
8.162999725341796875e+01
5.325999832153320312e+01
8.090000152587890625e+01
5.959000015258789062e+01
4.891999816894531250e+01
5.693999862670898438e+01
7.851999664306640625e+01
4.950000000000000000e+01
9.152999877929687500e+01
9.182999420166015625e+01
9.162999725341796875e+01
9.186999511718750000e+01
9.176999664306640625e+01
9.204999542236328125e+01
9.198999786376953125e+01
9.195999908447265625e+01
9.222000122070312500e+01
9.206999969482421875e+01
9.200000000000000000e+01
9.197000122070312500e+01
9.229999542236328125e+01
9.179999542236328125e+01
9.231999969482421875e+01
9.229000091552734375e+01
9.222999572753906250e+01
9.222000122070312500e+01
9.186999511718750000e+01
9.193999481201171875e+01
9.218999481201171875e+01
9.211999511718750000e+01
9.147000122070312500e+01
9.190999603271484375e+01
9.161000061035156250e+01
9.200999450683593750e+01
9.170999908447265625e+01
9.195999908447265625e+01
9.194999694824218750e+01
9.200999450683593750e+01
9.218000030517578125e+01
9.231999969482421875e+01
9.172999572753906250e+01
9.206999969482421875e+01
9.175999450683593750e+01
9.123999786376953125e+01
9.180999755859375000e+01
9.164999389648437500e+01
9.168999481201171875e+01
9.165999603271484375e+01
9.234999847412109375e+01
9.211999511718750000e+01
9.201999664306640625e+01
9.179000091552734375e+01
9.143000030517578125e+01
9.166999816894531250e+01
9.194999694824218750e+01
9.222000122070312500e+01
9.061999511718750000e+01
9.143000030517578125e+01
9.239999389648437500e+01
9.227999877929687500e+01
9.236999511718750000e+01
9.236000061035156250e+01
9.232999420166015625e+01
9.236000061035156250e+01
9.237999725341796875e+01
9.236999511718750000e+01
9.223999786376953125e+01
9.233999633789062500e+01
9.245999908447265625e+01
9.236999511718750000e+01
9.236000061035156250e+01
9.241999816894531250e+01
9.238999938964843750e+01
9.241999816894531250e+01
9.252999877929687500e+01
9.247000122070312500e+01
9.236000061035156250e+01
9.237999725341796875e+01
9.237999725341796875e+01
9.241999816894531250e+01
9.240999603271484375e+01
9.236999511718750000e+01
9.232999420166015625e+01
9.244999694824218750e+01
9.232999420166015625e+01
9.232999420166015625e+01
9.247999572753906250e+01
9.251999664306640625e+01
9.240999603271484375e+01
9.233999633789062500e+01
9.248999786376953125e+01
9.226999664306640625e+01
9.233999633789062500e+01
9.240999603271484375e+01
9.248999786376953125e+01
9.227999877929687500e+01
9.234999847412109375e+01
9.248999786376953125e+01
9.233999633789062500e+01
9.250999450683593750e+01
9.237999725341796875e+01
9.248999786376953125e+01
9.234999847412109375e+01
9.243000030517578125e+01
9.233999633789062500e+01
9.247000122070312500e+01
9.250999450683593750e+01
9.231999969482421875e+01
