2.586018834152221668e+00
1.972943882675170846e+00
1.855481677055358825e+00
1.775565606575012279e+00
1.704179165382385230e+00
1.641270119667053162e+00
1.577286521987915080e+00
1.507796808166503855e+00
1.440322393798828093e+00
1.371487444229126051e+00
1.284899356384277436e+00
1.226063599205017063e+00
1.157726193847656182e+00
1.099799701919555561e+00
1.056987522354126074e+00
9.985818869400024944e-01
9.804631464195251445e-01
9.398129344940185925e-01
9.222139124298095458e-01
8.841305138397216323e-01
8.388407346916199048e-01
8.052655746078490884e-01
7.779159357261657970e-01
7.494913934898376207e-01
7.200119429397583426e-01
6.897183702087402724e-01
6.843247119903564935e-01
6.620755210113525857e-01
6.270248787689208791e-01
6.186546534156799337e-01
5.933963042640686414e-01
5.741611599922180620e-01
5.788107563018798363e-01
5.665719885063171812e-01
5.608844629669189619e-01
5.553287858963013024e-01
5.439478540992737088e-01
5.347682827472687306e-01
5.195943944644928481e-01
5.190351216506957632e-01
5.079365606498718044e-01
4.893876702785491806e-01
5.069317171478271433e-01
4.906843407535552704e-01
4.816757524299621340e-01
4.816242221832275350e-01
4.782793478536606080e-01
4.642781049919128544e-01
4.616623703575134519e-01
4.436545552825927885e-01
4.491060268211364837e-01
4.415772583580017119e-01
4.250508465194702268e-01
4.404110019588470259e-01
4.178196673583984277e-01
4.190860485649108846e-01
4.250760370922088693e-01
4.265387034606933359e-01
4.165581871795654423e-01
4.361716090059280515e-01
4.108140169620513871e-01
4.094108151435851828e-01
4.237013830757140886e-01
4.066404404067993084e-01
3.894410399436950554e-01
4.002465645027160623e-01
3.808649282264709446e-01
3.784892145347595327e-01
3.861151929664611848e-01
3.882491508579254402e-01
3.850477177810668894e-01
3.801801169776916622e-01
3.838319237709045262e-01
3.631789724731445124e-01
3.777993876934051531e-01
3.592460784912109295e-01
3.564688099861145210e-01
3.563223533821106015e-01
3.599666932296752830e-01
3.596233535194396924e-01
3.535537247896194391e-01
3.590075764179229689e-01
3.614616551685333468e-01
3.447518904495239234e-01
3.407731867885589461e-01
3.435961556243896653e-01
3.433379306125640684e-01
3.496918945503235121e-01
3.421342281913757333e-01
3.449950798797607465e-01
3.301665873289108544e-01
3.367808676338195917e-01
3.399450754451751600e-01
3.414623609924316572e-01
3.333863552856445311e-01
3.411506675815582090e-01
3.370126361370086587e-01
3.287075658988952709e-01
3.264443166637420735e-01
3.249697345542907900e-01
1.807849564838409362e-01
1.539926365900039784e-01
1.423692943906784136e-01
1.316876103425025923e-01
1.295554426670074422e-01
1.233771182680129946e-01
1.235134376811981155e-01
1.133126892662048302e-01
1.128633115911483742e-01
1.038236649990081778e-01
1.009707175016403141e-01
9.731045329093933327e-02
9.733384287834168092e-02
9.901756518840790222e-02
9.613786898374557244e-02
8.895838046312332104e-02
8.415147826313972013e-02
8.813845891952515332e-02
8.056234769105911908e-02
7.693875736951827360e-02
8.630046157836913923e-02
7.552829500675201091e-02
6.979696711063385073e-02
7.075325260758399959e-02
7.704407320022582661e-02
7.041629437506198574e-02
6.812839268684386940e-02
7.119026469945907709e-02
6.471155925989151292e-02
6.820017225146293716e-02
6.387687954545021030e-02
6.121665167331695467e-02
6.305157688617706035e-02
5.695406900405883960e-02
5.873460948705673534e-02
5.706006395280361493e-02
6.047021846771240272e-02
5.892833597660064593e-02
5.313857664346694626e-02
4.994465510845184225e-02
4.576954155087471082e-02
4.773789980053901733e-02
5.090777600765228339e-02
4.916823710441589612e-02
5.080437902271747741e-02
4.684521679401397465e-02
5.014045837640762615e-02
4.172602894783020155e-02
4.312210124969482333e-02
4.146121167898177834e-02
3.559778453230857953e-02
3.472385810762643882e-02
3.543883161544799515e-02
3.511639027476310543e-02
3.477592377185821648e-02
3.230679273962974718e-02
3.237860547542571743e-02
3.366021669089794277e-02
3.069753583386540530e-02
3.074196063280105681e-02
2.823781302332878038e-02
2.966657440483570080e-02
3.251190824642777311e-02
3.172807554483413756e-02
3.025413955807685837e-02
3.058644979774952088e-02
3.209156466722488249e-02
2.771207323431968544e-02
3.108281471490860134e-02
3.105923693180084183e-02
2.741061056137085103e-02
2.894105478167533982e-02
2.954330430462956403e-02
2.901541254758834704e-02
2.657819252252578701e-02
2.889002941966056781e-02
3.194366006910800970e-02
2.767864424228668255e-02
2.958395329713821298e-02
3.124683204889297516e-02
2.672802495956420887e-02
2.758528407812118471e-02
2.986755633920431044e-02
2.739433145999908489e-02
2.574976270198821998e-02
2.905307116985321111e-02
2.866581845879554585e-02
2.680072882294654707e-02
2.813348698377609106e-02
2.898188206911087028e-02
2.809280301392078419e-02
2.642582840323448243e-02
2.699120087116956695e-02
2.456627569198608502e-02
2.763989079475402677e-02
2.491788673371076596e-02
2.628028474807739268e-02
2.733423767983913372e-02
2.738024017393589013e-02
2.737501170396804823e-02
