4.584274291992187500e-01
4.499862194061279297e-01
4.600603580474853516e-01
4.491496086120605469e-01
4.515321254730224609e-01
4.634921550750732422e-01
4.496271610260009766e-01
4.506511688232421875e-01
4.590339660644531250e-01
4.548125267028808594e-01
4.481084346771240234e-01
4.493157863616943359e-01
4.616479873657226562e-01
4.489195346832275391e-01
4.490330219268798828e-01
4.631505012512207031e-01
4.487295150756835938e-01
4.451084136962890625e-01
4.542956352233886719e-01
4.600346088409423828e-01
4.477832317352294922e-01
4.463548660278320312e-01
4.590284824371337891e-01
4.553687572479248047e-01
4.476928710937500000e-01
4.519472122192382812e-01
4.582445621490478516e-01
4.535391330718994141e-01
4.516534805297851562e-01
4.542491436004638672e-01
4.573898315429687500e-01
4.507730007171630859e-01
4.567210674285888672e-01
4.524314403533935547e-01
4.526255130767822266e-01
4.523756504058837891e-01
4.532186985015869141e-01
4.511501789093017578e-01
4.527735710144042969e-01
4.533007144927978516e-01
4.535822868347167969e-01
4.550085067749023438e-01
4.571356773376464844e-01
4.497623443603515625e-01
4.555954933166503906e-01
4.515287876129150391e-01
4.529070854187011719e-01
4.509894847869873047e-01
4.518718719482421875e-01
4.593863487243652344e-01
4.515819549560546875e-01
4.527392387390136719e-01
4.531266689300537109e-01
4.584696292877197266e-01
4.491894245147705078e-01
4.511177539825439453e-01
4.594464302062988281e-01
4.517529010772705078e-01
4.504089355468750000e-01
4.579923152923583984e-01
4.573168754577636719e-01
4.503033161163330078e-01
4.520468711853027344e-01
4.591963291168212891e-01
4.570882320404052734e-01
4.497513771057128906e-01
4.573707580566406250e-01
4.528157711029052734e-01
4.498481750488281250e-01
4.492931365966796875e-01
4.569790363311767578e-01
4.549560546875000000e-01
4.456052780151367188e-01
4.546213150024414062e-01
4.486706256866455078e-01
4.518647193908691406e-01
4.536921977996826172e-01
4.555203914642333984e-01
4.526264667510986328e-01
4.508538246154785156e-01
4.520401954650878906e-01
4.510636329650878906e-01
4.510829448699951172e-01
4.517004489898681641e-01
4.487872123718261719e-01
4.502329826354980469e-01
4.595310688018798828e-01
4.590117931365966797e-01
4.499616622924804688e-01
4.517953395843505859e-01
4.639871120452880859e-01
4.510459899902343750e-01
4.524357318878173828e-01
4.545586109161376953e-01
4.550542831420898438e-01
4.510257244110107422e-01
4.518401622772216797e-01
4.603378772735595703e-01
4.497177600860595703e-01
4.509811401367187500e-01
4.539420604705810547e-01
4.562551975250244141e-01
4.480371475219726562e-01
4.541850090026855469e-01
4.611895084381103516e-01
4.508926868438720703e-01
4.528517723083496094e-01
4.541687965393066406e-01
4.543037414550781250e-01
4.528491497039794922e-01
4.526717662811279297e-01
4.541075229644775391e-01
4.527359008789062500e-01
4.471867084503173828e-01
4.636857509613037109e-01
4.564218521118164062e-01
4.531500339508056641e-01
4.569795131683349609e-01
4.575934410095214844e-01
4.523494243621826172e-01
4.578132629394531250e-01
4.595713615417480469e-01
4.520442485809326172e-01
4.579236507415771484e-01
4.530920982360839844e-01
4.573354721069335938e-01
4.521393775939941406e-01
4.551587104797363281e-01
4.541769027709960938e-01
4.524507522583007812e-01
4.507958889007568359e-01
4.588530063629150391e-01
4.549653530120849609e-01
4.522621631622314453e-01
4.529342651367187500e-01
4.573664665222167969e-01
4.475736618041992188e-01
4.521741867065429688e-01
4.614248275756835938e-01
4.497702121734619141e-01
4.515759944915771484e-01
4.563462734222412109e-01
4.568614959716796875e-01
4.527583122253417969e-01
4.534528255462646484e-01
4.583132266998291016e-01
4.525728225708007812e-01
4.502139091491699219e-01
4.568066596984863281e-01
4.571242332458496094e-01
4.574556350708007812e-01
4.534490108489990234e-01
4.571919441223144531e-01
4.508223533630371094e-01
4.533002376556396484e-01
4.575681686401367188e-01
4.505300521850585938e-01
4.506928920745849609e-01
4.509556293487548828e-01
4.550967216491699219e-01
4.505155086517333984e-01
4.490849971771240234e-01
4.581279754638671875e-01
4.545869827270507812e-01
4.504528045654296875e-01
4.629349708557128906e-01
4.624917507171630859e-01
4.599063396453857422e-01
4.594295024871826172e-01
4.646980762481689453e-01
4.569201469421386719e-01
4.594266414642333984e-01
4.650087356567382812e-01
4.586172103881835938e-01
4.579834938049316406e-01
4.614589214324951172e-01
4.705860614776611328e-01
4.585430622100830078e-01
4.634292125701904297e-01
4.698235988616943359e-01
4.575755596160888672e-01
4.567742347717285156e-01
4.609744548797607422e-01
4.720084667205810547e-01
4.570295810699462891e-01
4.605677127838134766e-01
4.622564315795898438e-01
4.547753334045410156e-01
4.566731452941894531e-01
4.663491249084472656e-01
4.606652259826660156e-01
4.600799083709716797e-01
4.627377986907958984e-01
4.664168357849121094e-01
4.636793136596679688e-01
4.546680450439453125e-01
4.672615528106689453e-01
4.606802463531494141e-01
4.591472148895263672e-01
4.616658687591552734e-01
