1.453265547752380371e+01
1.399365019798278809e+01
1.382669425010681152e+01
1.423646092414855957e+01
1.380190443992614746e+01
1.409813690185546875e+01
1.399600744247436523e+01
1.417805767059326172e+01
1.425027632713317871e+01
1.419687342643737793e+01
1.430090045928955078e+01
1.410424613952636719e+01
1.405657100677490234e+01
1.444723963737487793e+01
1.379258799552917480e+01
1.437742710113525391e+01
1.378704285621643066e+01
1.408290314674377441e+01
1.401376771926879883e+01
1.387536263465881348e+01
1.395190119743347168e+01
1.380320763587951660e+01
1.381806850433349609e+01
1.421902394294738770e+01
1.420091867446899414e+01
1.385097002983093262e+01
1.389034318923950195e+01
1.382602763175964355e+01
1.385121679306030273e+01
1.396435117721557617e+01
1.396350431442260742e+01
1.389412546157836914e+01
1.383821582794189453e+01
1.395240116119384766e+01
1.399294018745422363e+01
1.402879428863525391e+01
1.431168937683105469e+01
1.453184556961059570e+01
1.388513565063476562e+01
1.382692551612854004e+01
1.401558136940002441e+01
1.387686491012573242e+01
1.418321919441223145e+01
1.403444147109985352e+01
1.423970127105712891e+01
1.398496055603027344e+01
1.389765644073486328e+01
1.394222950935363770e+01
1.394542622566223145e+01
1.452854847908020020e+01
1.422092103958129883e+01
1.389415574073791504e+01
1.386163210868835449e+01
1.394894123077392578e+01
1.426629447937011719e+01
1.397987866401672363e+01
1.400549793243408203e+01
1.392178058624267578e+01
1.466512393951416016e+01
1.389341545104980469e+01
1.439133477210998535e+01
1.384199380874633789e+01
1.385135412216186523e+01
1.386645364761352539e+01
1.391065406799316406e+01
1.428770923614501953e+01
1.402032494544982910e+01
1.420907545089721680e+01
1.406804847717285156e+01
1.398348951339721680e+01
1.411720848083496094e+01
1.397663211822509766e+01
1.412773871421813965e+01
1.384911847114562988e+01
1.412941217422485352e+01
1.394042611122131348e+01
1.378880858421325684e+01
1.428237700462341309e+01
1.426148200035095215e+01
1.385951495170593262e+01
1.390466737747192383e+01
1.379924559593200684e+01
1.379428720474243164e+01
1.447535419464111328e+01
1.397265362739562988e+01
1.413387870788574219e+01
1.405049443244934082e+01
1.385334324836730957e+01
1.407840490341186523e+01
1.391791844367980957e+01
1.395464944839477539e+01
1.411882567405700684e+01
1.403167176246643066e+01
1.442156291007995605e+01
1.393869090080261230e+01
1.433468246459960938e+01
1.425818300247192383e+01
1.426453232765197754e+01
1.384405803680419922e+01
1.401669287681579590e+01
1.419947767257690430e+01
1.390525650978088379e+01
1.430191016197204590e+01
1.400501298904418945e+01
1.483620810508728027e+01
1.409985804557800293e+01
1.395317983627319336e+01
1.400621223449707031e+01
1.392963099479675293e+01
1.387090897560119629e+01
1.398718380928039551e+01
1.390761303901672363e+01
1.401428270339965820e+01
1.380321049690246582e+01
1.449604249000549316e+01
1.443170666694641113e+01
1.431191730499267578e+01
1.439380955696105957e+01
1.385211491584777832e+01
1.403114128112792969e+01
1.406949138641357422e+01
1.400618529319763184e+01
1.439530897140502930e+01
1.445989251136779785e+01
1.391392779350280762e+01
1.407554173469543457e+01
1.394664001464843750e+01
1.393497896194458008e+01
1.385756158828735352e+01
1.409021806716918945e+01
1.393488383293151855e+01
1.392169761657714844e+01
1.407151293754577637e+01
1.433439660072326660e+01
1.392322516441345215e+01
1.397660088539123535e+01
1.384340214729309082e+01
1.398090529441833496e+01
1.427595829963684082e+01
1.426342320442199707e+01
1.397620105743408203e+01
1.421025681495666504e+01
1.388758921623229980e+01
1.422260856628417969e+01
1.392529201507568359e+01
1.389842653274536133e+01
1.388904595375061035e+01
1.443214416503906250e+01
1.394115138053894043e+01
1.429452753067016602e+01
1.440254902839660645e+01
1.416409111022949219e+01
1.430500411987304688e+01
1.432791972160339355e+01
1.412838172912597656e+01
1.393046879768371582e+01
1.413965249061584473e+01
1.387521815299987793e+01
1.392318153381347656e+01
1.401763701438903809e+01
1.406569123268127441e+01
1.402901244163513184e+01
1.414186549186706543e+01
1.383352327346801758e+01
1.404332160949707031e+01
1.443627738952636719e+01
1.395924973487854004e+01
1.403985095024108887e+01
1.455339312553405762e+01
1.400499320030212402e+01
1.399977564811706543e+01
1.403058362007141113e+01
1.406186223030090332e+01
1.485813736915588379e+01
1.409960389137268066e+01
1.436377978324890137e+01
1.425544142723083496e+01
1.418042397499084473e+01
1.407901835441589355e+01
1.434384155273437500e+01
1.416311264038085938e+01
1.412219095230102539e+01
1.456265068054199219e+01
1.459551119804382324e+01
1.413431763648986816e+01
1.458806943893432617e+01
1.449556565284729004e+01
1.433291864395141602e+01
1.416080570220947266e+01
1.431010580062866211e+01
1.460814332962036133e+01
1.396532845497131348e+01
1.394039440155029297e+01
1.463996481895446777e+01
1.435921716690063477e+01
1.430142140388488770e+01
1.414137411117553711e+01
1.447660875320434570e+01
1.414314413070678711e+01
1.402403640747070312e+01
