3.112786769866943359e+00
2.368104696273803711e+00
2.375429868698120117e+00
2.365317821502685547e+00
2.358068943023681641e+00
2.410620927810668945e+00
2.365191698074340820e+00
2.359450578689575195e+00
2.374847888946533203e+00
2.368855237960815430e+00
2.358187913894653320e+00
2.365637540817260742e+00
2.372840881347656250e+00
2.351950883865356445e+00
2.349174976348876953e+00
2.360386371612548828e+00
2.342953443527221680e+00
2.340561866760253906e+00
2.361206293106079102e+00
2.366172313690185547e+00
2.357887744903564453e+00
2.352899312973022461e+00
2.361849784851074219e+00
2.372561454772949219e+00
2.413949728012084961e+00
2.364454746246337891e+00
2.362491607666015625e+00
2.357823371887207031e+00
2.368009805679321289e+00
2.386629343032836914e+00
2.375218152999877930e+00
2.376656532287597656e+00
2.376874208450317383e+00
2.367460966110229492e+00
2.379051208496093750e+00
2.384191513061523438e+00
2.351791620254516602e+00
2.351627349853515625e+00
2.365712165832519531e+00
2.352284669876098633e+00
2.356126546859741211e+00
2.377439737319946289e+00
2.375757932662963867e+00
2.365557432174682617e+00
2.389485597610473633e+00
2.399306535720825195e+00
2.377196788787841797e+00
2.374766349792480469e+00
2.367638111114501953e+00
2.418034553527832031e+00
2.362543582916259766e+00
2.364810466766357422e+00
2.375477790832519531e+00
2.377512216567993164e+00
2.382781505584716797e+00
2.370398998260498047e+00
2.395837783813476562e+00
2.368039846420288086e+00
2.366747856140136719e+00
2.377422571182250977e+00
2.385151147842407227e+00
2.356796026229858398e+00
2.363484144210815430e+00
2.378963947296142578e+00
2.374261140823364258e+00
2.380531072616577148e+00
2.377611637115478516e+00
2.359937667846679688e+00
2.355927705764770508e+00
2.352312564849853516e+00
2.355813503265380859e+00
2.358031988143920898e+00
2.346045732498168945e+00
2.357062101364135742e+00
2.354126214981079102e+00
2.354424476623535156e+00
2.352782249450683594e+00
2.365186452865600586e+00
2.353507757186889648e+00
2.359833002090454102e+00
2.354339122772216797e+00
2.348812103271484375e+00
2.350574254989624023e+00
2.359950780868530273e+00
2.346628189086914062e+00
2.348480939865112305e+00
2.399410486221313477e+00
2.379591226577758789e+00
2.379332780838012695e+00
2.376571416854858398e+00
2.418167352676391602e+00
2.363247394561767578e+00
2.428299903869628906e+00
2.433533668518066406e+00
2.379848957061767578e+00
2.427648782730102539e+00
2.375298023223876953e+00
2.367898941040039062e+00
2.354307651519775391e+00
2.364951133728027344e+00
2.386583566665649414e+00
2.380985021591186523e+00
2.370083808898925781e+00
2.382711410522460938e+00
2.411576509475708008e+00
2.372304439544677734e+00
2.379579782485961914e+00
2.390851974487304688e+00
2.364776611328125000e+00
2.358845949172973633e+00
2.365098953247070312e+00
2.361653327941894531e+00
2.377357244491577148e+00
2.354548692703247070e+00
2.404761075973510742e+00
2.396859645843505859e+00
2.359195709228515625e+00
2.378434896469116211e+00
2.378962516784667969e+00
2.374771833419799805e+00
2.391533613204956055e+00
2.407217979431152344e+00
2.372202157974243164e+00
2.388437509536743164e+00
2.361351013183593750e+00
2.383185386657714844e+00
2.375004291534423828e+00
2.382363557815551758e+00
2.362553834915161133e+00
2.378221511840820312e+00
2.384143352508544922e+00
2.384681224822998047e+00
2.394960403442382812e+00
2.375228643417358398e+00
2.371008396148681641e+00
2.367151975631713867e+00
2.352900028228759766e+00
2.360819101333618164e+00
2.383051395416259766e+00
2.364313602447509766e+00
2.369027853012084961e+00
2.383251428604125977e+00
2.381259918212890625e+00
2.389065504074096680e+00
2.370896100997924805e+00
2.385616064071655273e+00
2.366612434387207031e+00
2.369679450988769531e+00
2.363431453704833984e+00
2.490695476531982422e+00
2.391537904739379883e+00
2.384324550628662109e+00
2.378556966781616211e+00
2.378740310668945312e+00
2.378328084945678711e+00
2.372349739074707031e+00
2.357090950012207031e+00
2.360894680023193359e+00
2.357158899307250977e+00
2.458794832229614258e+00
2.373845577239990234e+00
2.352924585342407227e+00
2.367653608322143555e+00
2.363530635833740234e+00
2.382076501846313477e+00
2.386154890060424805e+00
2.403971672058105469e+00
2.398025751113891602e+00
2.442572116851806641e+00
2.401695013046264648e+00
2.402603387832641602e+00
2.402819871902465820e+00
2.408525466918945312e+00
2.400416851043701172e+00
2.399462223052978516e+00
2.394021987915039062e+00
2.433915615081787109e+00
2.395237922668457031e+00
2.398340225219726562e+00
2.399975776672363281e+00
2.390025377273559570e+00
2.392667531967163086e+00
2.402572393417358398e+00
2.392771720886230469e+00
2.376325368881225586e+00
2.443688154220581055e+00
2.387534379959106445e+00
2.377736568450927734e+00
2.370986461639404297e+00
2.397986173629760742e+00
2.388716936111450195e+00
2.384363651275634766e+00
2.401293277740478516e+00
2.389542102813720703e+00
2.398170232772827148e+00
2.392559051513671875e+00
2.393275737762451172e+00
2.387721538543701172e+00
2.386682033538818359e+00
2.390405654907226562e+00
