1.577599999511718742e+01
2.254399999908447327e+01
2.863999999816894615e+01
3.079999999877929540e+01
3.443199998779297033e+01
3.718399999755859398e+01
4.033599999633788968e+01
4.286399999267577954e+01
4.710399999999999920e+01
4.979199998657226445e+01
5.214399999023437715e+01
5.628799999267577903e+01
5.948800000610351901e+01
6.062399998657226519e+01
6.273599999511719005e+01
6.356800000610351731e+01
6.515199999267578335e+01
6.683200000244140426e+01
6.755199997314453242e+01
6.987200000244141052e+01
7.028799997314453663e+01
7.153599997314452708e+01
7.337599998291015879e+01
7.475199997314453526e+01
7.497599999511719204e+01
7.556799998291015186e+01
7.587199998535156453e+01
7.686399998535156897e+01
7.785599999511718750e+01
7.876799998779296175e+01
7.831999998535155783e+01
7.931199999511719056e+01
7.926399997558593213e+01
7.955200000732422438e+01
8.084800000488280602e+01
8.059199999511719170e+01
8.134399997558593043e+01
8.118399997558593384e+01
8.190399998779297164e+01
8.191999998535156635e+01
8.272000000732421654e+01
8.294399998779296368e+01
8.252799997558594214e+01
8.264000000732421825e+01
8.233600000488280557e+01
8.291199998779296720e+01
8.326399998535156044e+01
8.323200000732421699e+01
8.414399998779296652e+01
8.384000000732422109e+01
8.375999999511718386e+01
8.399999997558593634e+01
8.415999998779297187e+01
8.456000001708984826e+01
8.452800001708983757e+01
8.428799999755860028e+01
8.500800001708984155e+01
8.489600001708984678e+01
8.569600000732421563e+01
8.508800001708983984e+01
8.492800001708984325e+01
8.551999998779297130e+01
8.638399997802734731e+01
8.595199999755858755e+01
8.571199999755859267e+01
8.593600000732422473e+01
8.494400001708984860e+01
8.609599998535156828e+01
8.574400000732421745e+01
8.545599998779296413e+01
8.643200001708984814e+01
8.655999997802734924e+01
8.643200000732421984e+01
8.638400000732421802e+01
8.662400001708984121e+01
8.691199997802733890e+01
8.700799999755859915e+01
8.718399998535156215e+01
8.715199999755859039e+01
8.647999999755859335e+01
8.702400001953124331e+01
8.622399998779296482e+01
8.766399997802734845e+01
8.683200001708983962e+01
8.713599999755859926e+01
8.716799998779296743e+01
8.641600001953125343e+01
8.756800001708984382e+01
8.724800000732422234e+01
8.809600001953124604e+01
8.782399997802734504e+01
8.689600001708984678e+01
8.745600001708984905e+01
8.721600000976562228e+01
8.822400000732422143e+01
8.737599997558594112e+01
8.790400000732421404e+01
8.811199999755859835e+01
8.753599998535156601e+01
8.833599997802734549e+01
9.383999997802735038e+01
9.492799997802734424e+01
9.508800001953125047e+01
9.540800000976562956e+01
9.545600001953124547e+01
9.555199997802733947e+01
9.590399999999999636e+01
9.574400001708984576e+01
9.593600001953124945e+01
9.600000001953125661e+01
9.649600001953125172e+01
9.633600001953125513e+01
9.593599997802733981e+01
9.691200000976562023e+01
9.704000000976562035e+01
9.704000000976562035e+01
9.691200000976562023e+01
9.699200001953124683e+01
9.740800001953124365e+01
9.718400001953125411e+01
9.726399999999999579e+01
9.705599997802734435e+01
9.739199999999999591e+01
9.755199999755859608e+01
9.758400000976563149e+01
9.755200000000000671e+01
9.771199998779296436e+01
9.788800000976561932e+01
9.811199999999999477e+01
9.814400000976561955e+01
9.779200000000000159e+01
9.795200000976562649e+01
9.790400001953125297e+01
9.824000000976562319e+01
9.806399999999999295e+01
9.809600000976563194e+01
9.846400001953125525e+01
9.841599999999999682e+01
9.824000000976562319e+01
9.836800000976562330e+01
9.854399999999999693e+01
9.806399997802733992e+01
9.854399999999999693e+01
9.827200000976561967e+01
9.840000000000000568e+01
9.830400000000000205e+01
9.872000001953125548e+01
9.844800001953124990e+01
9.860800000976561819e+01
9.857599999999999341e+01
9.873600000000000421e+01
9.926399999999999579e+01
9.920000000976563115e+01
9.924800000000000466e+01
9.924800000000000466e+01
9.926399999999999579e+01
9.916800000000000637e+01
9.907200000000000273e+01
9.928000000976562944e+01
9.908799999999999386e+01
9.918400000976562580e+01
9.921599999999999397e+01
9.904000000000000625e+01
9.929600000000000648e+01
9.924800000976561876e+01
9.915200000976562933e+01
9.928000000000000114e+01
9.929600000976562058e+01
9.936000000976562774e+01
9.921600000976562228e+01
9.921599999999999397e+01
9.934399999999999409e+01
9.932800000000000296e+01
9.915200000000000102e+01
9.931200000976562592e+01
9.910400000976562751e+01
9.921599999999999397e+01
9.934399999999999409e+01
9.932800000976563126e+01
9.947199999999999420e+01
9.926399999999999579e+01
9.951999999999999602e+01
9.948799999999999955e+01
9.928000000000000114e+01
9.921599999999999397e+01
9.926400000976562410e+01
9.920000000000000284e+01
9.931200000976562592e+01
9.936000000976562774e+01
9.937600000976561887e+01
9.931199999999999761e+01
9.948799999999999955e+01
9.945600000000000307e+01
9.934399999999999409e+01
9.935999999999999943e+01
9.924800000000000466e+01
9.950400000000000489e+01
9.934400000976562239e+01
9.923199999999999932e+01
9.923200000976562762e+01
