3.137826681137084961e+00
2.372797012329101562e+00
2.380010843276977539e+00
2.392381429672241211e+00
2.366302013397216797e+00
2.383312463760375977e+00
2.364023208618164062e+00
2.366113424301147461e+00
2.372686862945556641e+00
2.400506496429443359e+00
2.374122142791748047e+00
2.366492509841918945e+00
2.374998807907104492e+00
2.360798597335815430e+00
2.353043794631958008e+00
2.367722511291503906e+00
2.359385490417480469e+00
2.352863788604736328e+00
2.385674715042114258e+00
2.383191108703613281e+00
2.363615751266479492e+00
2.360113382339477539e+00
2.372207641601562500e+00
2.374733448028564453e+00
2.387969970703125000e+00
2.367966890335083008e+00
2.371084690093994141e+00
2.361471414566040039e+00
2.374600172042846680e+00
2.376306295394897461e+00
2.380700349807739258e+00
2.382984399795532227e+00
2.386518716812133789e+00
2.382135391235351562e+00
2.367795944213867188e+00
2.376940250396728516e+00
2.370611667633056641e+00
2.361598968505859375e+00
2.386598587036132812e+00
2.355754852294921875e+00
2.360202789306640625e+00
2.385035753250122070e+00
2.401921272277832031e+00
2.373423337936401367e+00
2.380652904510498047e+00
2.369666099548339844e+00
2.379886865615844727e+00
2.382652759552001953e+00
2.366170644760131836e+00
2.382533788681030273e+00
2.372301578521728516e+00
2.372393846511840820e+00
2.387919425964355469e+00
2.383667945861816406e+00
2.372876167297363281e+00
2.376919031143188477e+00
2.383059263229370117e+00
2.372941255569458008e+00
2.373255252838134766e+00
2.383813858032226562e+00
2.385096549987792969e+00
2.403494119644165039e+00
2.374444246292114258e+00
2.445349693298339844e+00
2.378990411758422852e+00
2.384623527526855469e+00
2.381732463836669922e+00
2.362892150878906250e+00
2.363516092300415039e+00
2.354053974151611328e+00
2.388494968414306641e+00
2.359314441680908203e+00
2.348819494247436523e+00
2.358893394470214844e+00
2.364286422729492188e+00
2.366398334503173828e+00
2.358170509338378906e+00
2.368470668792724609e+00
2.354664564132690430e+00
2.355378150939941406e+00
2.359088659286499023e+00
2.354855298995971680e+00
2.393562078475952148e+00
2.361598491668701172e+00
2.355314493179321289e+00
2.357323884963989258e+00
2.416603803634643555e+00
2.383654594421386719e+00
2.383006334304809570e+00
2.380416393280029297e+00
2.391578435897827148e+00
2.372960567474365234e+00
2.379717350006103516e+00
2.382610797882080078e+00
2.371165513992309570e+00
2.399647712707519531e+00
2.372895002365112305e+00
2.405245065689086914e+00
2.364845037460327148e+00
2.357590913772583008e+00
2.374528646469116211e+00
2.385697841644287109e+00
2.373876333236694336e+00
2.385536909103393555e+00
2.394059658050537109e+00
2.375777482986450195e+00
2.376721620559692383e+00
2.383688449859619141e+00
2.372986316680908203e+00
2.360842704772949219e+00
2.374004125595092773e+00
2.375804662704467773e+00
2.375931501388549805e+00
2.369665145874023438e+00
2.398887872695922852e+00
2.380444288253784180e+00
2.365836381912231445e+00
2.401797294616699219e+00
2.387246131896972656e+00
2.381494998931884766e+00
2.398945569992065430e+00
2.388863563537597656e+00
2.378491401672363281e+00
2.387498378753662109e+00
2.364522933959960938e+00
2.407830715179443359e+00
2.391945600509643555e+00
2.384322404861450195e+00
2.366519212722778320e+00
2.377775907516479492e+00
2.380963802337646484e+00
2.389938354492187500e+00
2.393436193466186523e+00
2.378817081451416016e+00
2.380002737045288086e+00
2.374950170516967773e+00
2.372476577758789062e+00
2.354790449142456055e+00
2.384530067443847656e+00
2.367408514022827148e+00
2.373474836349487305e+00
2.423348903656005859e+00
2.390023946762084961e+00
2.371327400207519531e+00
2.384120464324951172e+00
2.392967700958251953e+00
2.370293378829956055e+00
2.378770589828491211e+00
2.373044252395629883e+00
2.379982709884643555e+00
2.399779319763183594e+00
2.427610397338867188e+00
2.376610994338989258e+00
2.376588821411132812e+00
2.388006687164306641e+00
2.382164716720581055e+00
2.366488695144653320e+00
2.363727331161499023e+00
2.352070569992065430e+00
2.370273113250732422e+00
2.381190538406372070e+00
2.360337018966674805e+00
2.371836900711059570e+00
2.369458436965942383e+00
2.381272792816162109e+00
2.387559413909912109e+00
2.408512830734252930e+00
2.409113645553588867e+00
2.419415712356567383e+00
2.406147956848144531e+00
2.406568765640258789e+00
2.407832384109497070e+00
2.416734933853149414e+00
2.398726224899291992e+00
2.403473615646362305e+00
2.408102273941040039e+00
2.441682100296020508e+00
2.420396566390991211e+00
2.399262666702270508e+00
2.410415172576904297e+00
2.396070957183837891e+00
2.387232303619384766e+00
2.394021987915039062e+00
2.461503505706787109e+00
2.392846345901489258e+00
2.390432119369506836e+00
2.382541656494140625e+00
2.380053758621215820e+00
2.379349470138549805e+00
2.399101257324218750e+00
2.418726205825805664e+00
2.391492605209350586e+00
2.388836383819580078e+00
2.413687467575073242e+00
2.392901182174682617e+00
2.379628419876098633e+00
2.394617557525634766e+00
2.394086837768554688e+00
2.393575429916381836e+00
2.402916431427001953e+00
