3.097113370895385742e+00
2.372525453567504883e+00
2.389805793762207031e+00
2.373392820358276367e+00
2.380985021591186523e+00
2.421025037765502930e+00
2.436090230941772461e+00
2.409232139587402344e+00
2.370327472686767578e+00
2.378725290298461914e+00
2.368438482284545898e+00
2.368553638458251953e+00
2.378980159759521484e+00
2.361742258071899414e+00
2.373642683029174805e+00
2.373794555664062500e+00
2.353376150131225586e+00
2.350744009017944336e+00
2.391314268112182617e+00
2.366659641265869141e+00
2.362314701080322266e+00
2.367041826248168945e+00
2.366976499557495117e+00
2.377015352249145508e+00
2.363816261291503906e+00
2.362776994705200195e+00
2.366861581802368164e+00
2.395079135894775391e+00
2.367360830307006836e+00
2.380081176757812500e+00
2.389445066452026367e+00
2.377798318862915039e+00
2.433502197265625000e+00
2.382076740264892578e+00
2.379424095153808594e+00
2.371222734451293945e+00
2.401928186416625977e+00
2.360808849334716797e+00
2.360036849975585938e+00
2.353908538818359375e+00
2.357466697692871094e+00
2.387523651123046875e+00
2.375741481781005859e+00
2.370633602142333984e+00
2.382536411285400391e+00
2.376316308975219727e+00
2.375721454620361328e+00
2.366986751556396484e+00
2.368853092193603516e+00
2.400595903396606445e+00
2.372331857681274414e+00
2.368200778961181641e+00
2.380187749862670898e+00
2.433656930923461914e+00
2.389004945755004883e+00
2.379148721694946289e+00
2.381217479705810547e+00
2.370708465576171875e+00
2.372204780578613281e+00
2.405373573303222656e+00
2.382867813110351562e+00
2.364524126052856445e+00
2.375039339065551758e+00
2.379945039749145508e+00
2.387780427932739258e+00
2.384754896163940430e+00
2.384533166885375977e+00
2.366838693618774414e+00
2.369991779327392578e+00
2.356386423110961914e+00
2.358598947525024414e+00
2.359783172607421875e+00
2.349268913269042969e+00
2.365856170654296875e+00
2.363208293914794922e+00
2.365170717239379883e+00
2.364749670028686523e+00
2.385074138641357422e+00
2.367450475692749023e+00
2.350007534027099609e+00
2.353192329406738281e+00
2.357462406158447266e+00
2.362743854522705078e+00
2.356120824813842773e+00
2.361207008361816406e+00
2.356217622756958008e+00
2.388677835464477539e+00
2.397938966751098633e+00
2.382070541381835938e+00
2.434812784194946289e+00
2.400808095932006836e+00
2.368395328521728516e+00
2.384292125701904297e+00
2.381680011749267578e+00
2.390162229537963867e+00
2.392053127288818359e+00
2.371514558792114258e+00
2.376578569412231445e+00
2.369031906127929688e+00
2.370315313339233398e+00
2.373998641967773438e+00
2.388927221298217773e+00
2.373203992843627930e+00
2.386517286300659180e+00
2.390415430068969727e+00
2.378411769866943359e+00
2.379139184951782227e+00
2.391035318374633789e+00
2.378478288650512695e+00
2.375667333602905273e+00
2.369619607925415039e+00
2.371094226837158203e+00
2.367340803146362305e+00
2.362002611160278320e+00
2.414253950119018555e+00
2.365488052368164062e+00
2.363282203674316406e+00
2.392663717269897461e+00
2.407981634140014648e+00
2.403517961502075195e+00
2.436873912811279297e+00
2.383394241333007812e+00
2.378689289093017578e+00
2.381422996520996094e+00
2.385078191757202148e+00
2.388549566268920898e+00
2.383721590042114258e+00
2.379535913467407227e+00
2.364758014678955078e+00
2.372901916503906250e+00
2.376021146774291992e+00
2.394496679306030273e+00
2.394892930984497070e+00
2.380108833312988281e+00
2.387099027633666992e+00
2.387465715408325195e+00
2.353498220443725586e+00
2.359596967697143555e+00
2.392910957336425781e+00
2.370566368103027344e+00
2.415475130081176758e+00
2.389413595199584961e+00
2.425004720687866211e+00
2.378435850143432617e+00
2.378554105758666992e+00
2.390839815139770508e+00
2.373148918151855469e+00
2.371232509613037109e+00
2.370194435119628906e+00
2.382530450820922852e+00
2.391470909118652344e+00
2.383248329162597656e+00
2.375076770782470703e+00
2.383895874023437500e+00
2.381675720214843750e+00
2.384879589080810547e+00
2.356616735458374023e+00
2.357946634292602539e+00
2.355071067810058594e+00
2.364634752273559570e+00
2.390618085861206055e+00
2.367022991180419922e+00
2.386235475540161133e+00
2.366071462631225586e+00
2.384622812271118164e+00
2.459187507629394531e+00
2.406951904296875000e+00
2.425122499465942383e+00
2.405704736709594727e+00
2.396563768386840820e+00
2.424196004867553711e+00
2.407447099685668945e+00
2.414261341094970703e+00
2.393756628036499023e+00
2.450682401657104492e+00
2.416094303131103516e+00
2.437369823455810547e+00
2.405536174774169922e+00
2.396102428436279297e+00
2.402635097503662109e+00
2.387510776519775391e+00
2.392679929733276367e+00
2.404579401016235352e+00
2.416899681091308594e+00
2.389059782028198242e+00
2.389103651046752930e+00
2.381726264953613281e+00
2.373895645141601562e+00
2.377819538116455078e+00
2.416213989257812500e+00
2.397184371948242188e+00
2.385363101959228516e+00
2.417795658111572266e+00
2.391930818557739258e+00
2.421480417251586914e+00
2.389964818954467773e+00
2.385499477386474609e+00
2.380788087844848633e+00
2.430735111236572266e+00
2.394251823425292969e+00
