2.618783950805664062e+00
1.893994331359863281e+00
1.933961153030395508e+00
1.893600940704345703e+00
1.894802570343017578e+00
1.902890920639038086e+00
1.904975414276123047e+00
1.888337135314941406e+00
1.892565250396728516e+00
1.943459749221801758e+00
1.929554224014282227e+00
1.891651868820190430e+00
1.895243883132934570e+00
1.895708084106445312e+00
1.898079633712768555e+00
1.913740396499633789e+00
1.911473751068115234e+00
1.882697582244873047e+00
1.888109207153320312e+00
1.885995149612426758e+00
1.890532255172729492e+00
1.906032800674438477e+00
1.923080921173095703e+00
1.896399736404418945e+00
1.900989532470703125e+00
1.884397745132446289e+00
1.883162975311279297e+00
1.944870233535766602e+00
1.899217605590820312e+00
1.924048185348510742e+00
1.973896265029907227e+00
1.903072118759155273e+00
1.900195360183715820e+00
1.894290208816528320e+00
1.902686119079589844e+00
1.898602485656738281e+00
1.882049083709716797e+00
1.891662597656250000e+00
1.883207559585571289e+00
1.880203485488891602e+00
1.881839990615844727e+00
1.909895181655883789e+00
1.898617744445800781e+00
1.907188177108764648e+00
1.896722078323364258e+00
1.907048225402832031e+00
1.945651769638061523e+00
1.900499343872070312e+00
1.896633386611938477e+00
1.898764848709106445e+00
1.896697998046875000e+00
1.896607637405395508e+00
1.897258043289184570e+00
1.900478124618530273e+00
1.898549318313598633e+00
1.926057100296020508e+00
1.911026477813720703e+00
1.912316322326660156e+00
1.901026964187622070e+00
1.922857046127319336e+00
1.903308629989624023e+00
1.901112794876098633e+00
1.897239208221435547e+00
1.912912607192993164e+00
1.899013757705688477e+00
1.913882017135620117e+00
1.945204973220825195e+00
1.893279314041137695e+00
1.892094612121582031e+00
1.881093263626098633e+00
1.881733417510986328e+00
1.878133535385131836e+00
1.886935234069824219e+00
1.889389753341674805e+00
1.883694648742675781e+00
1.880837440490722656e+00
1.884934186935424805e+00
1.893241167068481445e+00
1.916946172714233398e+00
1.880799293518066406e+00
1.893733024597167969e+00
1.887239217758178711e+00
1.904453277587890625e+00
1.911893606185913086e+00
1.886043071746826172e+00
1.913226366043090820e+00
1.919917345046997070e+00
1.914819478988647461e+00
1.903445005416870117e+00
1.904172897338867188e+00
1.920060634613037109e+00
1.914177656173706055e+00
1.902861118316650391e+00
1.919697284698486328e+00
1.917641639709472656e+00
1.908330917358398438e+00
1.907388210296630859e+00
1.898449659347534180e+00
1.891544818878173828e+00
1.892418384552001953e+00
1.899532079696655273e+00
1.905174016952514648e+00
1.903604984283447266e+00
1.898561954498291016e+00
1.905884504318237305e+00
1.909074306488037109e+00
1.896366119384765625e+00
1.905747413635253906e+00
1.901368141174316406e+00
1.894532680511474609e+00
1.892654418945312500e+00
1.895179510116577148e+00
1.884634017944335938e+00
1.884833574295043945e+00
1.917267322540283203e+00
1.917059421539306641e+00
1.889437437057495117e+00
1.906076908111572266e+00
1.905985116958618164e+00
1.942473888397216797e+00
1.920206546783447266e+00
1.901797533035278320e+00
1.915696382522583008e+00
1.904816389083862305e+00
1.896300077438354492e+00
1.907148599624633789e+00
1.924807548522949219e+00
1.912299156188964844e+00
1.891194581985473633e+00
1.898785114288330078e+00
1.902282238006591797e+00
1.908449172973632812e+00
1.939297437667846680e+00
1.898402929306030273e+00
1.917381286621093750e+00
1.904802799224853516e+00
1.895386219024658203e+00
1.880815267562866211e+00
1.916034936904907227e+00
1.904058218002319336e+00
1.904856204986572266e+00
1.907356023788452148e+00
1.938804626464843750e+00
1.903851270675659180e+00
1.900361776351928711e+00
1.930247545242309570e+00
1.905454635620117188e+00
1.907768249511718750e+00
1.894696712493896484e+00
1.897861719131469727e+00
1.916691541671752930e+00
1.917510747909545898e+00
1.897772550582885742e+00
1.902621269226074219e+00
1.898714542388916016e+00
1.900964736938476562e+00
1.890758037567138672e+00
1.886107444763183594e+00
1.892147779464721680e+00
1.890645980834960938e+00
1.893922090530395508e+00
1.892608642578125000e+00
1.884771585464477539e+00
1.896190404891967773e+00
1.926600933074951172e+00
1.900558710098266602e+00
1.933046340942382812e+00
1.938701868057250977e+00
1.930080175399780273e+00
1.962503433227539062e+00
1.973235368728637695e+00
1.930916070938110352e+00
1.931282997131347656e+00
1.926118612289428711e+00
1.923867464065551758e+00
1.921557426452636719e+00
1.961755275726318359e+00
1.924147605895996094e+00
1.915128469467163086e+00
1.939412593841552734e+00
1.915537595748901367e+00
1.909355878829956055e+00
1.911803960800170898e+00
1.903414249420166016e+00
1.914580345153808594e+00
1.915820360183715820e+00
1.898974657058715820e+00
1.897431135177612305e+00
1.903180360794067383e+00
1.916902303695678711e+00
1.943185806274414062e+00
1.913376808166503906e+00
1.920548200607299805e+00
1.916086912155151367e+00
1.932588100433349609e+00
1.913040876388549805e+00
1.906732320785522461e+00
1.906351804733276367e+00
1.900903940200805664e+00
1.916226625442504883e+00
