1.992000007629394531e+01
2.547999954223632812e+01
2.519999885559082031e+01
3.400000000000000000e+01
3.069999885559082031e+01
3.491999816894531250e+01
3.239999771118164062e+01
4.189999771118164062e+01
4.693000030517578125e+01
5.029999923706054688e+01
3.971999740600585938e+01
3.772999954223632812e+01
4.731999969482421875e+01
5.420999908447265625e+01
5.928999710083007812e+01
5.202000045776367188e+01
5.125999832153320312e+01
5.809000015258789062e+01
5.873999786376953125e+01
6.385999679565429688e+01
6.708999633789062500e+01
6.103999710083007812e+01
6.228999710083007812e+01
6.458000183105468750e+01
5.147999954223632812e+01
6.761000061035156250e+01
6.954999542236328125e+01
6.302999877929687500e+01
7.008000183105468750e+01
6.788999938964843750e+01
6.107999801635742188e+01
6.245999908447265625e+01
7.008999633789062500e+01
6.483999633789062500e+01
5.686999893188476562e+01
6.733999633789062500e+01
6.440999603271484375e+01
5.575000000000000000e+01
4.802999877929687500e+01
6.436000061035156250e+01
6.436999511718750000e+01
6.444999694824218750e+01
6.619999694824218750e+01
5.425000000000000000e+01
6.748999786376953125e+01
6.825999450683593750e+01
7.452999877929687500e+01
6.740000152587890625e+01
5.837999725341796875e+01
6.164999771118164062e+01
7.633999633789062500e+01
7.555999755859375000e+01
5.738999938964843750e+01
5.479999923706054688e+01
6.630999755859375000e+01
6.093999862670898438e+01
6.945999908447265625e+01
7.118000030517578125e+01
7.344999694824218750e+01
7.108999633789062500e+01
6.240999984741210938e+01
5.287999725341796875e+01
5.727999877929687500e+01
7.090999603271484375e+01
6.654999542236328125e+01
7.247999572753906250e+01
7.697000122070312500e+01
4.473999786376953125e+01
5.505999755859375000e+01
3.866999816894531250e+01
5.225000000000000000e+01
5.740999984741210938e+01
4.086000061035156250e+01
4.965999984741210938e+01
7.844999694824218750e+01
7.556999969482421875e+01
6.221999740600585938e+01
7.090999603271484375e+01
7.495999908447265625e+01
5.488999938964843750e+01
6.904000091552734375e+01
7.636000061035156250e+01
7.658999633789062500e+01
5.984000015258789062e+01
6.722000122070312500e+01
6.540999603271484375e+01
6.169999694824218750e+01
7.066999816894531250e+01
8.034999847412109375e+01
6.422000122070312500e+01
6.261999893188476562e+01
7.893999481201171875e+01
5.161999893188476562e+01
6.491999816894531250e+01
6.066999816894531250e+01
7.483999633789062500e+01
6.313999938964843750e+01
7.306999969482421875e+01
5.935999679565429688e+01
6.815999603271484375e+01
9.168999481201171875e+01
9.168000030517578125e+01
9.175999450683593750e+01
9.183999633789062500e+01
9.170999908447265625e+01
9.194999694824218750e+01
9.189999389648437500e+01
9.200999450683593750e+01
9.198999786376953125e+01
9.161000061035156250e+01
9.207999420166015625e+01
9.236000061035156250e+01
9.218000030517578125e+01
9.213999938964843750e+01
9.229999542236328125e+01
9.189999389648437500e+01
9.204999542236328125e+01
9.200000000000000000e+01
9.207999420166015625e+01
9.201999664306640625e+01
9.226999664306640625e+01
9.182999420166015625e+01
9.209999847412109375e+01
9.229000091552734375e+01
9.206999969482421875e+01
9.197000122070312500e+01
9.212999725341796875e+01
9.197000122070312500e+01
9.134999847412109375e+01
9.200000000000000000e+01
9.240999603271484375e+01
9.148999786376953125e+01
9.183999633789062500e+01
9.201999664306640625e+01
9.193999481201171875e+01
9.132999420166015625e+01
9.183999633789062500e+01
9.075999450683593750e+01
9.191999816894531250e+01
9.172999572753906250e+01
9.201999664306640625e+01
9.236000061035156250e+01
9.132999420166015625e+01
9.164999389648437500e+01
9.161000061035156250e+01
9.213999938964843750e+01
9.195999908447265625e+01
9.150000000000000000e+01
9.158999633789062500e+01
9.154999542236328125e+01
9.241999816894531250e+01
9.236000061035156250e+01
9.232999420166015625e+01
9.223999786376953125e+01
9.236999511718750000e+01
9.219999694824218750e+01
9.243000030517578125e+01
9.240999603271484375e+01
9.244999694824218750e+01
9.232999420166015625e+01
9.236999511718750000e+01
9.241999816894531250e+01
9.248999786376953125e+01
9.243000030517578125e+01
9.250000000000000000e+01
9.230999755859375000e+01
9.241999816894531250e+01
9.222000122070312500e+01
9.225999450683593750e+01
9.243000030517578125e+01
9.248999786376953125e+01
9.234999847412109375e+01
9.237999725341796875e+01
9.232999420166015625e+01
9.240999603271484375e+01
9.229000091552734375e+01
9.207999420166015625e+01
9.240999603271484375e+01
9.229999542236328125e+01
9.238999938964843750e+01
9.239999389648437500e+01
9.237999725341796875e+01
9.244999694824218750e+01
9.256999969482421875e+01
9.247999572753906250e+01
9.244999694824218750e+01
9.239999389648437500e+01
9.248999786376953125e+01
9.240999603271484375e+01
9.229000091552734375e+01
9.238999938964843750e+01
9.233999633789062500e+01
9.243999481201171875e+01
9.243000030517578125e+01
9.231999969482421875e+01
9.243000030517578125e+01
9.250000000000000000e+01
9.243000030517578125e+01
9.230999755859375000e+01
9.250000000000000000e+01
