1.532800000183105382e+01
2.156800000488281199e+01
2.764799999816894527e+01
3.116799999145507982e+01
3.465599999389648644e+01
3.740799999755859062e+01
4.129599998779296754e+01
4.316799999999999926e+01
4.585599999633789281e+01
5.041599999816894240e+01
5.273600000244140773e+01
5.550399999633788894e+01
5.881600000000000250e+01
6.023999998291015601e+01
6.259199999023437755e+01
6.499199999267578676e+01
6.529599998657226934e+01
6.712000001464843990e+01
6.825600000488280727e+01
6.878399998535155646e+01
7.073600000610350946e+01
7.294399997314452833e+01
7.332799998535156760e+01
7.417599999511718067e+01
7.547200000488281546e+01
7.625600000488280727e+01
7.679999999755860074e+01
7.729599999267577459e+01
7.811199999267577709e+01
7.907200001708984871e+01
7.913600001464843103e+01
7.987200001708984587e+01
7.969599997314453788e+01
7.993599998535155748e+01
8.059199999267578107e+01
8.127999998779296220e+01
8.182400001708984405e+01
8.131200001708984360e+01
8.212799999511719307e+01
8.308799998535155851e+01
8.303999997558594259e+01
8.315199999511719398e+01
8.217600000488280898e+01
8.295999999511718670e+01
8.377599998535156089e+01
8.390400001464843172e+01
8.334400001708984007e+01
8.398400000732421233e+01
8.371199999755859267e+01
8.457599999511718636e+01
8.446399999511719159e+01
8.444799997558594384e+01
8.468800001708984837e+01
8.534399999755859767e+01
8.492799998779297255e+01
8.529600000732422416e+01
8.531199997558593395e+01
8.552000001708984200e+01
8.539199999755859949e+01
8.524800001708985064e+01
8.560000000732421199e+01
8.598400001708984064e+01
8.582399998779297334e+01
8.612800000732421779e+01
8.534399999511718704e+01
8.604800001708984780e+01
8.665599998779296698e+01
8.767999997802733958e+01
8.630399999755859142e+01
8.743999999755858710e+01
8.630400000732421972e+01
8.692800001708984325e+01
8.715199997558593736e+01
8.662400000976562353e+01
8.684799999755858835e+01
8.707199997802734970e+01
8.728000001708984712e+01
8.663999997802734754e+01
8.737599998535156942e+01
8.672000000732421654e+01
8.700799998535156021e+01
8.625599998779297550e+01
8.804800000732421950e+01
8.791999997558593805e+01
8.772799998535155908e+01
8.774400001953125638e+01
8.817599998779296300e+01
8.756799999755858721e+01
8.788800001953124763e+01
8.827200000732422325e+01
8.788799998779296629e+01
8.819200000732422495e+01
8.800000000732421768e+01
8.854399998779297221e+01
8.801600001464844070e+01
8.748799998535156419e+01
8.804799999755859119e+01
8.873599997802733697e+01
8.833599999755858789e+01
8.868799998779296345e+01
9.358400001953124558e+01
9.443200000976563047e+01
9.511999998779296561e+01
9.537599999755859415e+01
9.580800001953124934e+01
9.572799999999999443e+01
9.593600001953124945e+01
9.566400000976562978e+01
9.609600001953124604e+01
9.632000000976562148e+01
9.680000000976562546e+01
9.643200000976563047e+01
9.672000001953125548e+01
9.651200000000000045e+01
9.695999999999999375e+01
9.662399997802734219e+01
9.710400000976562751e+01
9.705599999999999739e+01
9.720000001953124524e+01
9.718400001953125411e+01
9.732799997802734993e+01
9.737600000976561887e+01
9.734400001953125070e+01
9.753599997802734833e+01
9.772800001953125104e+01
9.734400001953125070e+01
9.758400000976563149e+01
9.766400000000000148e+01
9.784000000976563172e+01
9.776000000000000512e+01
9.793600000976562114e+01
9.809600000000000364e+01
9.801599997802733810e+01
9.809600000000000364e+01
9.830400000976563035e+01
9.793600000976562114e+01
9.793600000976562114e+01
9.801600000000000534e+01
9.803200000976562478e+01
9.824000000976562319e+01
9.828800000976562501e+01
9.840000000976561978e+01
9.843200000976563047e+01
9.854400001953125354e+01
9.840000000000000568e+01
9.852800000000000580e+01
9.828799999999999670e+01
9.870399999999999352e+01
9.860800000976561819e+01
9.854399997802734390e+01
9.895999999999999375e+01
9.900799999999999557e+01
9.905599999999999739e+01
9.897599999999999909e+01
9.913600000976562399e+01
9.921599999999999397e+01
9.910400000976562751e+01
9.918399999999999750e+01
9.918399999999999750e+01
9.923199999999999932e+01
9.920000000000000284e+01
9.921600000976562228e+01
9.937600000000000477e+01
9.932800000976563126e+01
9.899200000000000443e+01
9.915200000000000102e+01
9.915200000000000102e+01
9.923200000976562762e+01
9.913600000976562399e+01
9.934399999999999409e+01
9.931199999999999761e+01
9.929600000976562058e+01
9.920000000976563115e+01
9.915200000976562933e+01
9.935999999999999943e+01
9.926399999999999579e+01
9.929600000976562058e+01
9.910399999999999920e+01
9.937600000000000477e+01
9.924800000000000466e+01
9.929600000000000648e+01
9.931199999999999761e+01
9.929600000000000648e+01
9.916800000000000637e+01
9.929600000000000648e+01
9.932800000976563126e+01
9.929600000000000648e+01
9.926399999999999579e+01
9.926400000976562410e+01
9.918399999999999750e+01
9.928000000976562944e+01
9.932800000976563126e+01
9.936000000976562774e+01
9.928000000976562944e+01
9.940800000000000125e+01
9.932800000000000296e+01
9.929600000000000648e+01
9.931200000976562592e+01
9.958400000000000318e+01
9.928000000000000114e+01
