2.971189488410949764e+00
1.993027342758178611e+00
1.857552270164489761e+00
1.785451435356140149e+00
1.721922930068969793e+00
1.657283443717956439e+00
1.582707302017211992e+00
1.517306666183471764e+00
1.442159771232605081e+00
1.364494886665344131e+00
1.304790332069396985e+00
1.203680242347717311e+00
1.140696561050414948e+00
1.112346719589233368e+00
1.053408596076965242e+00
1.020037108459472597e+00
9.806334254074097201e-01
9.270068235397338485e-01
9.118967456436156693e-01
8.605187086105346994e-01
8.406647495841980122e-01
8.021858122062682783e-01
7.748381011009216612e-01
7.208891379928589194e-01
7.090944069671630823e-01
7.142107841682434621e-01
6.752444928455352269e-01
6.568901890945434419e-01
6.408110166740417224e-01
6.163963904285431061e-01
6.327453868484497201e-01
6.021395139312744060e-01
5.780662842941284296e-01
5.894425587081909557e-01
5.645804727172851756e-01
5.551515205383300566e-01
5.396273794746399011e-01
5.452479207038879450e-01
5.250018411159514953e-01
5.085599849891662139e-01
5.003374643707275693e-01
5.016629078292846877e-01
5.065104188537598029e-01
5.002616020870208624e-01
5.033211192321777050e-01
4.833901024532318291e-01
4.880822754478454373e-01
4.822302338600158444e-01
4.610198544216155825e-01
4.705141245269775507e-01
4.525623284721374540e-01
4.608457682228088159e-01
4.550639558410644603e-01
4.410554665565490917e-01
4.443447219085693289e-01
4.506433401870727495e-01
4.247809001350402736e-01
4.373405727386474595e-01
4.167886115360259769e-01
4.256682060050964167e-01
4.306973304939269998e-01
4.264370524358749304e-01
3.994143858909606770e-01
4.092806327056884852e-01
4.119865114974975429e-01
4.049170182228088444e-01
4.258711832332611191e-01
4.016341195869445602e-01
3.988076307201385284e-01
4.053829845333099535e-01
3.886454561996460222e-01
3.899891727066039926e-01
3.898945702075958253e-01
3.902588643074035857e-01
3.842920973396301010e-01
3.865412483406067135e-01
3.773883814668655412e-01
3.696995100784301602e-01
3.768597646331787177e-01
3.817857189273834440e-01
3.722371251678466830e-01
3.859438469743728395e-01
3.566614613008499135e-01
3.754240906429290869e-01
3.635834224033355766e-01
3.642557873630523635e-01
3.845070341777801493e-01
3.571998425006866484e-01
3.686111969757079887e-01
3.534429790163040042e-01
3.458189977359771849e-01
3.696963356685638580e-01
3.538384180355071962e-01
3.632815158462524563e-01
3.429067561340332082e-01
3.604804942512512267e-01
3.439488810157775855e-01
3.413707305526733626e-01
3.594763622283935756e-01
3.421008706998824866e-01
1.939398176956176889e-01
1.586420398998260595e-01
1.534881173062324633e-01
1.445567550611495944e-01
1.368248485517501722e-01
1.364488640213012693e-01
1.286279406738281283e-01
1.252564489173889073e-01
1.220597119998931834e-01
1.198200347328186033e-01
1.106792277288436849e-01
1.121462434959411558e-01
1.188622961711883613e-01
1.047997045707702579e-01
9.754507059097290711e-02
9.641349758625029909e-02
9.603826279163360513e-02
9.296875799179077360e-02
8.806960498809814075e-02
9.034888491392135956e-02
8.886927338480948846e-02
8.757945815086365382e-02
8.257858070135117023e-02
7.954466753482818120e-02
7.913857721567153780e-02
8.082510998845100769e-02
7.422704586029052476e-02
7.010099432229995042e-02
6.639450963497162128e-02
6.895357268810271834e-02
7.058286010742187422e-02
6.505247863888741211e-02
6.347600052118301805e-02
6.128388253688812209e-02
6.432881436705589762e-02
6.272834778904914921e-02
5.431808844566345107e-02
5.564846431136131338e-02
5.930464947462081582e-02
5.715138235569000580e-02
5.766375349164008790e-02
6.342825376510620450e-02
5.307526476144790867e-02
5.829294589519500719e-02
5.228612309306859829e-02
4.963518267810344831e-02
4.554007925987243327e-02
5.134142643213272100e-02
4.859797915577888233e-02
4.839193905830383585e-02
4.501480713367462388e-02
3.595100724816322618e-02
3.602482617139816240e-02
3.522829745471477841e-02
3.374623297154903667e-02
3.087335726797580879e-02
3.457608317971229417e-02
3.514965287804603516e-02
3.217613131284714073e-02
3.576381082177162302e-02
3.322636959552764668e-02
3.329578472614288381e-02
3.420413750588893742e-02
3.238461567223072102e-02
3.363196133375168095e-02
3.292451199650764382e-02
3.182143335610627954e-02
3.283440987110138043e-02
3.189084041833877697e-02
3.140970232009887564e-02
3.320204814434051660e-02
3.195025581717491486e-02
3.003915291190147399e-02
3.312865491509437571e-02
3.114100806593895002e-02
3.421712136387825010e-02
2.991396999180316943e-02
3.087729479074478173e-02
3.073821990847587504e-02
3.026473126173019265e-02
3.218808367729186770e-02
2.767098599672317485e-02
2.774254747569561072e-02
3.097516483664512765e-02
3.079829157322645089e-02
2.974105804204940640e-02
3.286873782038688546e-02
3.056192593216896028e-02
2.994490632295608579e-02
2.794609796762466403e-02
2.958310744643211435e-02
2.949450101584196252e-02
2.830583845376968485e-02
2.884720535039901612e-02
2.748250276803970368e-02
2.927057332038879300e-02
2.837525769412517496e-02
2.793674560070037727e-02
3.113274797797203203e-02
3.055751768827438472e-02
