2.010999870300292969e+01
1.851000022888183594e+01
2.723999977111816406e+01
3.202999877929687500e+01
2.856999969482421875e+01
3.206999969482421875e+01
3.886999893188476562e+01
4.511999893188476562e+01
4.053999710083007812e+01
4.268000030517578125e+01
4.694999694824218750e+01
5.025000000000000000e+01
5.466999816894531250e+01
5.498999786376953125e+01
5.718999862670898438e+01
4.678999710083007812e+01
5.414999771118164062e+01
6.591999816894531250e+01
6.204999923706054688e+01
5.444999694824218750e+01
5.814999771118164062e+01
5.611999893188476562e+01
6.876999664306640625e+01
5.054999923706054688e+01
5.735999679565429688e+01
5.430999755859375000e+01
7.151999664306640625e+01
6.073999786376953125e+01
6.625000000000000000e+01
5.993999862670898438e+01
7.386999511718750000e+01
5.978999710083007812e+01
5.486999893188476562e+01
6.188999938964843750e+01
6.488999938964843750e+01
7.143999481201171875e+01
6.783999633789062500e+01
5.559999847412109375e+01
7.125000000000000000e+01
5.813999938964843750e+01
7.073999786376953125e+01
7.211999511718750000e+01
7.176999664306640625e+01
6.145999908447265625e+01
7.293000030517578125e+01
7.844999694824218750e+01
5.950999832153320312e+01
7.247000122070312500e+01
5.582999801635742188e+01
6.303999710083007812e+01
7.090999603271484375e+01
6.811999511718750000e+01
6.775000000000000000e+01
7.543000030517578125e+01
7.872999572753906250e+01
7.343999481201171875e+01
7.622999572753906250e+01
7.390000152587890625e+01
7.016999816894531250e+01
7.088999938964843750e+01
7.383999633789062500e+01
6.840999603271484375e+01
7.538999938964843750e+01
6.736999511718750000e+01
5.928999710083007812e+01
7.234999847412109375e+01
5.528999710083007812e+01
6.168999862670898438e+01
8.232999420166015625e+01
7.602999877929687500e+01
7.665000152587890625e+01
6.459999847412109375e+01
5.920999908447265625e+01
7.265000152587890625e+01
7.601999664306640625e+01
6.663999938964843750e+01
7.581999969482421875e+01
5.197999954223632812e+01
7.256999969482421875e+01
7.454000091552734375e+01
6.801999664306640625e+01
8.075000000000000000e+01
4.782999801635742188e+01
5.360999679565429688e+01
7.627999877929687500e+01
5.231999969482421875e+01
7.681999969482421875e+01
5.600000000000000000e+01
6.733000183105468750e+01
8.450000000000000000e+01
6.488999938964843750e+01
6.501000213623046875e+01
5.179999923706054688e+01
6.840000152587890625e+01
6.547000122070312500e+01
5.663999938964843750e+01
7.154000091552734375e+01
5.846999740600585938e+01
7.422000122070312500e+01
6.811999511718750000e+01
9.154000091552734375e+01
9.168000030517578125e+01
9.186999511718750000e+01
9.202999877929687500e+01
9.184999847412109375e+01
9.189999389648437500e+01
9.198999786376953125e+01
9.164999389648437500e+01
9.211000061035156250e+01
9.193999481201171875e+01
9.225000000000000000e+01
9.177999877929687500e+01
9.222999572753906250e+01
9.204999542236328125e+01
9.243000030517578125e+01
9.211000061035156250e+01
9.209999847412109375e+01
9.170999908447265625e+01
9.212999725341796875e+01
9.186000061035156250e+01
9.182999420166015625e+01
9.176999664306640625e+01
9.236000061035156250e+01
9.172999572753906250e+01
9.197999572753906250e+01
9.188999938964843750e+01
9.212999725341796875e+01
9.211999511718750000e+01
9.193000030517578125e+01
9.150999450683593750e+01
9.202999877929687500e+01
9.219999694824218750e+01
9.184999847412109375e+01
9.189999389648437500e+01
9.181999969482421875e+01
9.181999969482421875e+01
9.147000122070312500e+01
9.106999969482421875e+01
9.189999389648437500e+01
9.169999694824218750e+01
9.175999450683593750e+01
9.172999572753906250e+01
9.206999969482421875e+01
9.187999725341796875e+01
9.197999572753906250e+01
9.204999542236328125e+01
9.197999572753906250e+01
9.226999664306640625e+01
9.209999847412109375e+01
9.113999938964843750e+01
9.251999664306640625e+01
9.243000030517578125e+01
9.247000122070312500e+01
9.247000122070312500e+01
9.238999938964843750e+01
9.240999603271484375e+01
9.240999603271484375e+01
9.232999420166015625e+01
9.236999511718750000e+01
9.245999908447265625e+01
9.252999877929687500e+01
9.247000122070312500e+01
9.239999389648437500e+01
9.250999450683593750e+01
9.239999389648437500e+01
9.247999572753906250e+01
9.247999572753906250e+01
9.241999816894531250e+01
9.225999450683593750e+01
9.225000000000000000e+01
9.226999664306640625e+01
9.243999481201171875e+01
9.232999420166015625e+01
9.238999938964843750e+01
9.244999694824218750e+01
9.238999938964843750e+01
9.231999969482421875e+01
9.240999603271484375e+01
9.247000122070312500e+01
9.229000091552734375e+01
9.243999481201171875e+01
9.241999816894531250e+01
9.247999572753906250e+01
9.247999572753906250e+01
9.247999572753906250e+01
9.250999450683593750e+01
9.232999420166015625e+01
9.240999603271484375e+01
9.234999847412109375e+01
9.231999969482421875e+01
9.244999694824218750e+01
9.243000030517578125e+01
9.247999572753906250e+01
9.250000000000000000e+01
9.244999694824218750e+01
9.239999389648437500e+01
9.233999633789062500e+01
9.243000030517578125e+01
9.243999481201171875e+01
9.239999389648437500e+01
