1.990999984741210938e+01
1.962999916076660156e+01
2.469999885559082031e+01
2.912999916076660156e+01
3.627999877929687500e+01
3.477999877929687500e+01
3.595000076293945312e+01
4.177999877929687500e+01
3.088999938964843750e+01
3.621999740600585938e+01
4.559000015258789062e+01
4.853999710083007812e+01
4.968000030517578125e+01
4.787999725341796875e+01
5.750999832153320312e+01
5.293000030517578125e+01
5.662999725341796875e+01
5.118999862670898438e+01
5.430999755859375000e+01
4.337999725341796875e+01
5.646999740600585938e+01
5.063999938964843750e+01
4.261000061035156250e+01
4.427999877929687500e+01
7.466999816894531250e+01
6.718999481201171875e+01
5.630999755859375000e+01
6.922000122070312500e+01
6.595999908447265625e+01
5.179999923706054688e+01
7.111000061035156250e+01
6.150000000000000000e+01
6.109999847412109375e+01
6.734999847412109375e+01
5.652000045776367188e+01
6.640999603271484375e+01
7.784999847412109375e+01
6.729999542236328125e+01
7.430999755859375000e+01
6.475000000000000000e+01
7.731999969482421875e+01
6.306999969482421875e+01
6.886000061035156250e+01
7.173999786376953125e+01
7.231999969482421875e+01
5.384000015258789062e+01
6.745999908447265625e+01
5.200000000000000000e+01
5.218999862670898438e+01
5.879999923706054688e+01
3.711999893188476562e+01
5.909000015258789062e+01
6.213999938964843750e+01
6.476999664306640625e+01
7.661999511718750000e+01
7.237999725341796875e+01
6.620999908447265625e+01
7.583999633789062500e+01
6.993999481201171875e+01
7.754000091552734375e+01
7.854000091552734375e+01
6.520999908447265625e+01
6.588999938964843750e+01
7.622000122070312500e+01
7.298999786376953125e+01
6.416999816894531250e+01
6.945999908447265625e+01
7.686999511718750000e+01
6.837999725341796875e+01
7.347999572753906250e+01
5.581999969482421875e+01
6.683999633789062500e+01
6.086999893188476562e+01
7.523999786376953125e+01
6.740000152587890625e+01
6.484999847412109375e+01
6.205999755859375000e+01
7.394999694824218750e+01
5.638999938964843750e+01
7.490999603271484375e+01
6.392999649047851562e+01
7.256999969482421875e+01
5.370999908447265625e+01
6.533000183105468750e+01
6.554000091552734375e+01
7.544999694824218750e+01
7.322999572753906250e+01
4.620999908447265625e+01
8.248999786376953125e+01
6.970999908447265625e+01
8.187999725341796875e+01
7.861000061035156250e+01
7.284999847412109375e+01
6.797000122070312500e+01
5.321999740600585938e+01
5.868000030517578125e+01
6.477999877929687500e+01
5.898999786376953125e+01
7.527999877929687500e+01
6.954000091552734375e+01
9.143999481201171875e+01
9.181999969482421875e+01
9.184999847412109375e+01
9.197999572753906250e+01
9.200999450683593750e+01
9.188999938964843750e+01
9.186999511718750000e+01
9.136000061035156250e+01
9.197999572753906250e+01
9.208999633789062500e+01
9.218999481201171875e+01
9.200999450683593750e+01
9.183999633789062500e+01
9.197000122070312500e+01
9.207999420166015625e+01
9.204000091552734375e+01
9.219999694824218750e+01
9.215999603271484375e+01
9.170999908447265625e+01
9.223999786376953125e+01
9.198999786376953125e+01
9.195999908447265625e+01
9.188999938964843750e+01
9.236000061035156250e+01
9.190999603271484375e+01
9.200999450683593750e+01
9.197999572753906250e+01
9.213999938964843750e+01
9.190999603271484375e+01
9.201999664306640625e+01
9.219999694824218750e+01
9.222000122070312500e+01
9.165999603271484375e+01
9.204000091552734375e+01
9.198999786376953125e+01
9.181999969482421875e+01
9.182999420166015625e+01
9.197999572753906250e+01
9.218000030517578125e+01
9.193000030517578125e+01
9.214999389648437500e+01
9.161999511718750000e+01
9.166999816894531250e+01
9.156999969482421875e+01
9.180999755859375000e+01
9.197000122070312500e+01
9.152999877929687500e+01
9.175000000000000000e+01
9.225999450683593750e+01
9.133999633789062500e+01
9.245999908447265625e+01
9.238999938964843750e+01
9.257999420166015625e+01
9.256999969482421875e+01
9.231999969482421875e+01
9.230999755859375000e+01
9.237999725341796875e+01
9.245999908447265625e+01
9.229999542236328125e+01
9.247000122070312500e+01
9.250999450683593750e+01
9.240999603271484375e+01
9.251999664306640625e+01
9.256999969482421875e+01
9.256999969482421875e+01
9.247000122070312500e+01
9.241999816894531250e+01
9.236999511718750000e+01
9.231999969482421875e+01
9.226999664306640625e+01
9.238999938964843750e+01
9.243999481201171875e+01
9.243999481201171875e+01
9.243999481201171875e+01
9.243999481201171875e+01
9.244999694824218750e+01
9.238999938964843750e+01
9.236999511718750000e+01
9.240999603271484375e+01
9.247000122070312500e+01
9.233999633789062500e+01
9.244999694824218750e+01
9.250999450683593750e+01
9.255999755859375000e+01
9.243999481201171875e+01
9.237999725341796875e+01
9.225000000000000000e+01
9.254000091552734375e+01
9.234999847412109375e+01
9.244999694824218750e+01
9.255999755859375000e+01
9.243000030517578125e+01
9.243999481201171875e+01
9.258999633789062500e+01
9.255999755859375000e+01
9.239999389648437500e+01
9.247000122070312500e+01
9.254999542236328125e+01
9.238999938964843750e+01
9.255999755859375000e+01
