4.583690166473388672e-01
4.500195980072021484e-01
4.599273204803466797e-01
4.491534233093261719e-01
4.514846801757812500e-01
4.634692668914794922e-01
4.496240615844726562e-01
4.506022930145263672e-01
4.589731693267822266e-01
4.548158645629882812e-01
4.480793476104736328e-01
4.493353366851806641e-01
4.616923332214355469e-01
4.489092826843261719e-01
4.490194320678710938e-01
4.631185531616210938e-01
4.487125873565673828e-01
4.450855255126953125e-01
4.542226791381835938e-01
4.599740505218505859e-01
4.477131366729736328e-01
4.463851451873779297e-01
4.590220451354980469e-01
4.553704261779785156e-01
4.476795196533203125e-01
4.519190788269042969e-01
4.582929611206054688e-01
4.535179138183593750e-01
4.515683650970458984e-01
4.542074203491210938e-01
4.572567939758300781e-01
4.507334232330322266e-01
4.566791057586669922e-01
4.524395465850830078e-01
4.525654315948486328e-01
4.524199962615966797e-01
4.531733989715576172e-01
4.504413604736328125e-01
4.528279304504394531e-01
4.533233642578125000e-01
4.535434246063232422e-01
4.549560546875000000e-01
4.574251174926757812e-01
4.497673511505126953e-01
4.555230140686035156e-01
4.515247344970703125e-01
4.529008865356445312e-01
4.509236812591552734e-01
4.518597126007080078e-01
4.593522548675537109e-01
4.515299797058105469e-01
4.517276287078857422e-01
4.530889987945556641e-01
4.584357738494873047e-01
4.491937160491943359e-01
4.510602951049804688e-01
4.595117568969726562e-01
4.517040252685546875e-01
4.503538608551025391e-01
4.579534530639648438e-01
4.571700096130371094e-01
4.503078460693359375e-01
4.520726203918457031e-01
4.591331481933593750e-01
4.570729732513427734e-01
4.499030113220214844e-01
4.573256969451904297e-01
4.527764320373535156e-01
4.498097896575927734e-01
4.492955207824707031e-01
4.569547176361083984e-01
4.548697471618652344e-01
4.456422328948974609e-01
4.546301364898681641e-01
4.486601352691650391e-01
4.518344402313232422e-01
4.536726474761962891e-01
4.554779529571533203e-01
4.527091979980468750e-01
4.506981372833251953e-01
4.519724845886230469e-01
4.510602951049804688e-01
4.510381221771240234e-01
4.520518779754638672e-01
4.487514495849609375e-01
4.503283500671386719e-01
4.595036506652832031e-01
4.589323997497558594e-01
4.504470825195312500e-01
4.517221450805664062e-01
4.639928340911865234e-01
4.510092735290527344e-01
4.524440765380859375e-01
4.545862674713134766e-01
4.550108909606933594e-01
4.509570598602294922e-01
4.511668682098388672e-01
4.603705406188964844e-01
4.496672153472900391e-01
4.510123729705810547e-01
4.539523124694824219e-01
4.562418460845947266e-01
4.480597972869873047e-01
4.542131423950195312e-01
4.611780643463134766e-01
4.509341716766357422e-01
4.528427124023437500e-01
4.541773796081542969e-01
4.542732238769531250e-01
4.528100490570068359e-01
4.526417255401611328e-01
4.541168212890625000e-01
4.526932239532470703e-01
4.471559524536132812e-01
4.636757373809814453e-01
4.564340114593505859e-01
4.532096385955810547e-01
4.569096565246582031e-01
4.576156139373779297e-01
4.523856639862060547e-01
4.578206539154052734e-01
4.596331119537353516e-01
4.520444869995117188e-01
4.578847885131835938e-01
4.531044960021972656e-01
4.573421478271484375e-01
4.521212577819824219e-01
4.551939964294433594e-01
4.541912078857421875e-01
4.524509906768798828e-01
4.503023624420166016e-01
4.588551521301269531e-01
4.559631347656250000e-01
4.522264003753662109e-01
4.526355266571044922e-01
4.573292732238769531e-01
4.475953578948974609e-01
4.521439075469970703e-01
4.614596366882324219e-01
4.497027397155761719e-01
4.515707492828369141e-01
4.562854766845703125e-01
4.568469524383544922e-01
4.528346061706542969e-01
4.534425735473632812e-01
4.582617282867431641e-01
4.525816440582275391e-01
4.501683712005615234e-01
4.567446708679199219e-01
4.571101665496826172e-01
4.574248790740966797e-01
4.534251689910888672e-01
4.572103023529052734e-01
4.507868289947509766e-01
4.532589912414550781e-01
4.575920104980468750e-01
4.505217075347900391e-01
4.506855010986328125e-01
4.509394168853759766e-01
4.551010131835937500e-01
4.504408836364746094e-01
4.489977359771728516e-01
4.580898284912109375e-01
4.545612335205078125e-01
4.504921436309814453e-01
4.629669189453125000e-01
4.625065326690673828e-01
4.598510265350341797e-01
4.593708515167236328e-01
4.646708965301513672e-01
4.569690227508544922e-01
4.594378471374511719e-01
4.650824069976806641e-01
4.586203098297119141e-01
4.579956531524658203e-01
4.615147113800048828e-01
4.705469608306884766e-01
4.585011005401611328e-01
4.634919166564941406e-01
4.698405265808105469e-01
4.576346874237060547e-01
4.567282199859619141e-01
4.608914852142333984e-01
4.720501899719238281e-01
4.570047855377197266e-01
4.601664543151855469e-01
4.622001647949218750e-01
4.547119140625000000e-01
4.567134380340576172e-01
4.662113189697265625e-01
4.606008529663085938e-01
4.600524902343750000e-01
4.626939296722412109e-01
4.664382934570312500e-01
4.636821746826171875e-01
4.546895027160644531e-01
4.673151969909667969e-01
4.606082439422607422e-01
4.590959548950195312e-01
4.617247581481933594e-01
