2.577956199645996094e+00
1.913915872573852539e+00
1.938547611236572266e+00
1.922131299972534180e+00
1.942928552627563477e+00
1.925124168395996094e+00
1.927372932434082031e+00
1.912058115005493164e+00
1.921763896942138672e+00
1.963778018951416016e+00
1.956501245498657227e+00
1.925792932510375977e+00
1.924137830734252930e+00
1.971200466156005859e+00
1.917498111724853516e+00
1.908766031265258789e+00
1.907040119171142578e+00
1.907840251922607422e+00
1.914000511169433594e+00
1.933311223983764648e+00
1.917641162872314453e+00
1.916075468063354492e+00
1.941091537475585938e+00
1.923002481460571289e+00
1.922294616699218750e+00
1.907385587692260742e+00
1.914406299591064453e+00
1.951350212097167969e+00
1.922941446304321289e+00
1.922518491744995117e+00
1.920356512069702148e+00
1.928305864334106445e+00
1.943816184997558594e+00
1.927025556564331055e+00
1.921122074127197266e+00
1.937996387481689453e+00
1.936010122299194336e+00
1.920027017593383789e+00
1.905794620513916016e+00
1.912903070449829102e+00
1.914184093475341797e+00
1.934123277664184570e+00
1.927746057510375977e+00
1.922072887420654297e+00
1.922600030899047852e+00
1.951527357101440430e+00
1.926338434219360352e+00
1.947162389755249023e+00
1.920585632324218750e+00
1.938105106353759766e+00
1.927803039550781250e+00
1.920550346374511719e+00
1.922293186187744141e+00
1.926083087921142578e+00
1.927238941192626953e+00
1.921247243881225586e+00
1.947376489639282227e+00
1.928529500961303711e+00
1.957302331924438477e+00
1.933185100555419922e+00
1.924441099166870117e+00
1.928074121475219727e+00
1.927963733673095703e+00
1.918103694915771484e+00
1.927843332290649414e+00
1.940271139144897461e+00
1.920644521713256836e+00
1.929355382919311523e+00
1.908141374588012695e+00
1.905899286270141602e+00
1.904053211212158203e+00
1.903745174407958984e+00
1.911749839782714844e+00
1.921612501144409180e+00
1.923296928405761719e+00
1.910295248031616211e+00
1.901476144790649414e+00
1.906960010528564453e+00
1.915380954742431641e+00
1.917255640029907227e+00
1.907514333724975586e+00
1.911081075668334961e+00
1.914744377136230469e+00
1.907049655914306641e+00
1.912346839904785156e+00
1.912980794906616211e+00
1.940698385238647461e+00
1.930374383926391602e+00
1.925712823867797852e+00
1.922059059143066406e+00
1.941758632659912109e+00
1.916855573654174805e+00
1.933598041534423828e+00
1.922446250915527344e+00
1.918790340423583984e+00
1.923482656478881836e+00
1.929804801940917969e+00
1.919176816940307617e+00
1.908647537231445312e+00
1.913690567016601562e+00
1.926727056503295898e+00
1.939172744750976562e+00
1.926760911941528320e+00
1.933046102523803711e+00
1.921112298965454102e+00
1.929154634475708008e+00
1.929247617721557617e+00
1.930646657943725586e+00
1.951355934143066406e+00
1.916432619094848633e+00
1.914060354232788086e+00
1.920627117156982422e+00
1.936584711074829102e+00
1.911712408065795898e+00
1.942449569702148438e+00
1.918146133422851562e+00
1.917977809906005859e+00
1.940591335296630859e+00
1.922419071197509766e+00
1.925910711288452148e+00
1.929228067398071289e+00
1.935355901718139648e+00
1.919178962707519531e+00
1.940458536148071289e+00
1.920346021652221680e+00
1.933544635772705078e+00
1.934764146804809570e+00
1.924353599548339844e+00
1.942848920822143555e+00
1.919786453247070312e+00
1.928715467453002930e+00
1.938409328460693359e+00
1.937119483947753906e+00
1.938257455825805664e+00
1.926549911499023438e+00
1.918004274368286133e+00
1.915800333023071289e+00
1.921351432800292969e+00
1.923197507858276367e+00
1.921599149703979492e+00
1.921042919158935547e+00
1.990137100219726562e+00
1.936540365219116211e+00
1.927278757095336914e+00
1.937520265579223633e+00
1.935393333435058594e+00
1.924487113952636719e+00
1.948464155197143555e+00
1.914221525192260742e+00
1.957162141799926758e+00
1.939206600189208984e+00
1.935166120529174805e+00
1.925392627716064453e+00
1.934134244918823242e+00
1.927907705307006836e+00
1.925002574920654297e+00
1.926548957824707031e+00
1.917990684509277344e+00
1.911517143249511719e+00
1.916663646697998047e+00
1.918366670608520508e+00
1.910025119781494141e+00
1.911704063415527344e+00
1.906376838684082031e+00
1.932440996170043945e+00
1.938835620880126953e+00
1.949116468429565430e+00
1.960923671722412109e+00
1.940817117691040039e+00
1.936041831970214844e+00
1.968064308166503906e+00
1.955609798431396484e+00
1.954566955566406250e+00
1.942126035690307617e+00
1.948139667510986328e+00
1.944282054901123047e+00
1.971027612686157227e+00
1.939794301986694336e+00
1.935760021209716797e+00
1.939688682556152344e+00
1.931617975234985352e+00
1.929741621017456055e+00
1.938755035400390625e+00
1.942480564117431641e+00
1.933856964111328125e+00
1.943715572357177734e+00
1.936506748199462891e+00
1.921524047851562500e+00
1.919750690460205078e+00
1.936610460281372070e+00
1.936174392700195312e+00
1.942926168441772461e+00
1.950654029846191406e+00
1.941740036010742188e+00
1.959263086318969727e+00
1.939549684524536133e+00
1.963351011276245117e+00
1.931988716125488281e+00
1.928870916366577148e+00
1.936600685119628906e+00
