1.596800000183105439e+01
2.388799999877929636e+01
2.862400000122070409e+01
3.201600000732421591e+01
3.455999998779297044e+01
3.646399999145507564e+01
4.095999998779296902e+01
4.347200000366211015e+01
4.753600000976562256e+01
5.004800000610351418e+01
5.310400000610351867e+01
5.465599999633788997e+01
5.900800001708984155e+01
5.951999999267577834e+01
6.278400000610351839e+01
6.344000000610351719e+01
6.475200000244140597e+01
6.646399999633788980e+01
6.873599997558594055e+01
6.916800001464844172e+01
7.080000001708984314e+01
7.177599999511718920e+01
7.283199997558594418e+01
7.433599998291015254e+01
7.467199997314453697e+01
7.568000000488281387e+01
7.599999997558593634e+01
7.724800000488281171e+01
7.771200001464843865e+01
7.841599999511718977e+01
7.849599999511718806e+01
7.860800000732422177e+01
7.984000000732422109e+01
7.963199999511718374e+01
8.024000000732421256e+01
7.992000000732421938e+01
8.163200001708983677e+01
8.081600000732422018e+01
8.198399999511718761e+01
8.209599998535156828e+01
8.155200001708983848e+01
8.283200000732422552e+01
8.201600000488281239e+01
8.287999998535156010e+01
8.195199998535156283e+01
8.275199999511718829e+01
8.340799998779296232e+01
8.289599997558593714e+01
8.392000001464843706e+01
8.347199999755859778e+01
8.318399998535156215e+01
8.326400000732421347e+01
8.393600000732422473e+01
8.371200001708984928e+01
8.452800000732422347e+01
8.484800001708984496e+01
8.481599998535156715e+01
8.443199998535156681e+01
8.508799997802734083e+01
8.491199998779296720e+01
8.532799998779296402e+01
8.489600000732421847e+01
8.576000000732422279e+01
8.507199997558593907e+01
8.569600000488281921e+01
8.551999999755859960e+01
8.590400001953125297e+01
8.588800001708983700e+01
8.606399998779296823e+01
8.590400000732421404e+01
8.593599998535155748e+01
8.548799999511719250e+01
8.654399998779297221e+01
8.635200001953124627e+01
8.673599999511718295e+01
8.707199997802734970e+01
8.649599998779297039e+01
8.724799997558594100e+01
8.598400001708984064e+01
8.676799998779296175e+01
8.668800000732422006e+01
8.635199997802735083e+01
8.710399997802734617e+01
8.724800001953124706e+01
8.796799999755859290e+01
8.743999998535156237e+01
8.705600000976562569e+01
8.750399997558594123e+01
8.627200001464844092e+01
8.792000000732421938e+01
8.750399997314453060e+01
8.710399998535156385e+01
8.767999997802733958e+01
8.761599999511719261e+01
8.755199998779296777e+01
8.767999998535155726e+01
8.812800001708984610e+01
8.731199998535156226e+01
8.705599998779297266e+01
8.820800001708984439e+01
9.411199997802734174e+01
9.526400000976562410e+01
9.537600001953124718e+01
9.577600000976562455e+01
9.616000001953125320e+01
9.620799997802734538e+01
9.614400001953124786e+01
9.643200000976563047e+01
9.640000000976561978e+01
9.632000000976562148e+01
9.647999997802733674e+01
9.692800000976562558e+01
9.668800000000000239e+01
9.713600001953125229e+01
9.696000001953125036e+01
9.708799999999999386e+01
9.736000000976562774e+01
9.737600000976561887e+01
9.747200000976562251e+01
9.711999997802733731e+01
9.742400000976562069e+01
9.723199999999999932e+01
9.756799997802734481e+01
9.755200000976562080e+01
9.777599997802734322e+01
9.790400000976562467e+01
9.787200000976562819e+01
9.795199999999999818e+01
9.776000001953124752e+01
9.787200000976562819e+01
9.846400000976562694e+01
9.836799999999999500e+01
9.824000000976562319e+01
9.831999999999999318e+01
9.807999999999999829e+01
9.806400001953124956e+01
9.856000000976563058e+01
9.838400000976562865e+01
9.862399999999999523e+01
9.840000000976561978e+01
9.823999999999999488e+01
9.841599999999999682e+01
9.871999999999999886e+01
9.851200000000000045e+01
9.830400000976563035e+01
9.859199999999999875e+01
9.872000000976562717e+01
9.859199999999999875e+01
9.841600001953125343e+01
9.870399999999999352e+01
9.913599999999999568e+01
9.913600000976562399e+01
9.923199999999999932e+01
9.908800000976562217e+01
9.918399999999999750e+01
9.928000000000000114e+01
9.932800000000000296e+01
9.928000000000000114e+01
9.915200000976562933e+01
9.918400000976562580e+01
9.931200001953125422e+01
9.926400000976562410e+01
9.945600000000000307e+01
9.931200000976562592e+01
9.921599999999999397e+01
9.931199999999999761e+01
9.926399999999999579e+01
9.932800000000000296e+01
9.947199999999999420e+01
9.920000000000000284e+01
9.943999999999999773e+01
9.924800000000000466e+01
9.936000000976562774e+01
9.931199999999999761e+01
9.921599999999999397e+01
9.940800000000000125e+01
9.945600000000000307e+01
9.951999999999999602e+01
9.937600000000000477e+01
9.940800000976562956e+01
9.934399999999999409e+01
9.937600000000000477e+01
9.937600000976561887e+01
9.928000000976562944e+01
9.948799999999999955e+01
9.931200001953125422e+01
9.926400000976562410e+01
9.937600000000000477e+01
9.932800000976563126e+01
9.936000000976562774e+01
9.944000000976562603e+01
9.959999999999999432e+01
9.945600000976563138e+01
9.924800001953124706e+01
9.921599999999999397e+01
9.939199999999999591e+01
9.937600000000000477e+01
9.953600000000000136e+01
9.942400000000000659e+01
9.937600000000000477e+01
