2.726515544319152884e+00
1.988367159156799291e+00
1.869950545921325702e+00
1.768563310203552286e+00
1.704433432540893634e+00
1.645521297225952084e+00
1.571206883430480872e+00
1.515046653022766199e+00
1.442090933990478607e+00
1.371372076339721691e+00
1.281039569053649796e+00
1.225459418029785086e+00
1.163473607711791979e+00
1.091053529777526787e+00
1.051449723396301161e+00
1.010759880981445313e+00
9.803427264022827048e-01
9.325194664001464906e-01
9.068818811035156413e-01
8.612275782585143702e-01
8.334484066390991375e-01
7.842968993186950621e-01
7.508078806686401263e-01
7.262288251304626074e-01
7.144966059875488273e-01
6.997351069831848625e-01
6.633341230201721395e-01
6.305755437755584669e-01
6.138908762550353559e-01
6.194473455333709966e-01
5.930322124481200996e-01
5.749286171340942664e-01
5.811315541458129674e-01
5.448520667839050757e-01
5.436911609649658361e-01
5.577926899528503624e-01
5.251207174110412712e-01
5.133803402709961050e-01
5.118182540130614688e-01
5.047229353427886700e-01
4.879804756927490494e-01
4.943260384559631238e-01
4.898967040824890318e-01
4.744538120937347170e-01
4.825189098787307507e-01
4.675958298015594483e-01
4.618837007713317844e-01
4.494440404319763327e-01
4.730929568481445080e-01
4.530803791236877598e-01
4.472166849613189443e-01
4.515800608158111462e-01
4.478682764625549484e-01
4.558806870460510030e-01
4.370350223541260015e-01
4.326467817687988382e-01
4.335379865741729732e-01
4.255021613693237281e-01
4.262817645835876301e-01
4.139388627052307257e-01
4.190270687389373583e-01
4.279971190834045425e-01
3.980760390853881892e-01
4.056445586681365900e-01
3.778297149085998452e-01
4.023716406536102519e-01
3.924508028030395668e-01
4.040088399982452172e-01
4.290038558387756495e-01
3.876039023780822879e-01
3.934855801963806354e-01
4.004407740306853980e-01
3.928527600097656003e-01
3.897503638076782462e-01
3.846672189664840924e-01
3.801153961944579995e-01
3.670964841175079485e-01
3.607651591682434211e-01
3.578698731517791498e-01
3.634428730773925920e-01
3.645284340190887429e-01
3.704843227672576789e-01
3.573226472854614255e-01
3.445980949401855620e-01
3.644350245285034040e-01
3.722838969230651829e-01
3.456068088150024420e-01
3.399853610897063949e-01
3.604553597736358528e-01
3.334767828941345158e-01
3.512718611621856724e-01
3.522392061281204301e-01
3.425104835319519037e-01
3.411250324058532901e-01
3.412554205799102625e-01
3.409979105472564775e-01
3.248387677764892345e-01
3.367169459533691511e-01
3.450011597537994135e-01
3.249335099887847855e-01
1.879183295726776226e-01
1.581847733736038153e-01
1.474973993873596179e-01
1.420865878868103060e-01
1.392748054218292120e-01
1.298632121372222947e-01
1.329243679571151804e-01
1.196510119032859754e-01
1.162576026153564479e-01
1.218153791379928547e-01
1.115241242265701260e-01
1.117664078044891401e-01
9.946340457677840807e-02
1.010253160142898510e-01
9.564745791316033030e-02
9.513120654463767811e-02
9.464436389207840639e-02
1.005150056171417172e-01
8.037615630149841373e-02
8.888713378667831289e-02
8.370447362899779975e-02
7.812159282684326411e-02
7.304656432390213561e-02
7.572577720224857312e-02
7.548710713386536098e-02
7.232159552574157768e-02
7.472656884670257627e-02
7.106782554388046957e-02
6.681832815647124890e-02
7.611871700763701842e-02
6.267683142483233827e-02
6.221392273426055997e-02
6.141452747344970653e-02
6.391056170940399850e-02
5.792431728243827710e-02
5.929593314647674251e-02
5.779328276991844288e-02
5.656670284271240329e-02
5.756105541825294603e-02
5.698650690317153683e-02
5.082655791223049391e-02
5.168304132342338431e-02
5.283302043676376542e-02
5.169092099905014254e-02
4.999759142875671164e-02
4.722733072757721168e-02
4.476013446509838345e-02
4.863448514342307710e-02
4.621932646274566625e-02
4.108713582277297854e-02
4.132197641983628017e-02
3.558660516977309868e-02
3.633151901245117166e-02
3.291871041774750012e-02
3.380856175541877701e-02
3.333121342793107095e-02
3.241774489879608451e-02
3.334498270511627310e-02
3.347006401300429979e-02
3.152665707111358684e-02
3.222844230532646154e-02
3.272105109661817279e-02
3.037370693802833588e-02
3.333636372536420700e-02
3.072100007534027052e-02
3.414382424592971726e-02
3.028208216845989370e-02
3.159062751710414729e-02
3.114888121604919569e-02
3.031447768330574125e-02
3.502948905915021643e-02
3.080473525047302402e-02
2.782483825743198302e-02
3.055879258394241307e-02
3.033181273996830157e-02
2.765162728726863750e-02
3.125373816967010748e-02
3.469783138394355593e-02
2.811335617661476008e-02
3.220067262768745719e-02
3.160796673893928599e-02
2.921767754912376475e-02
2.766145778805017413e-02
2.634106437325477515e-02
3.213963227570056785e-02
2.714446912169456508e-02
3.081002279281616282e-02
2.697273412466049194e-02
3.053628525972366253e-02
2.819296535313129543e-02
2.791429160714149413e-02
2.485704776063561369e-02
2.628718924880027799e-02
2.431304402589798061e-02
2.621321587800979486e-02
2.807859525203704881e-02
2.671850761175155811e-02
2.692405662119388629e-02
2.829922054529190184e-02
2.746909679591655676e-02
