4.588696956634521484e-01
4.504218101501464844e-01
4.605100154876708984e-01
4.495930671691894531e-01
4.511597156524658203e-01
4.636058807373046875e-01
4.497389793395996094e-01
4.509391784667968750e-01
4.593646526336669922e-01
4.546182155609130859e-01
4.481716156005859375e-01
4.493584632873535156e-01
4.611694812774658203e-01
4.484009742736816406e-01
4.494950771331787109e-01
4.632754325866699219e-01
4.485847949981689453e-01
4.451670646667480469e-01
4.538874626159667969e-01
4.594180583953857422e-01
4.477379322052001953e-01
4.462330341339111328e-01
4.589700698852539062e-01
4.555418491363525391e-01
4.473769664764404297e-01
4.517395496368408203e-01
4.580070972442626953e-01
4.536526203155517578e-01
4.516303539276123047e-01
4.541332721710205078e-01
4.569528102874755859e-01
4.504337310791015625e-01
4.565641880035400391e-01
4.520986080169677734e-01
4.527475833892822266e-01
4.523673057556152344e-01
4.525854587554931641e-01
4.502663612365722656e-01
4.526097774505615234e-01
4.532341957092285156e-01
4.537780284881591797e-01
4.550230503082275391e-01
4.572193622589111328e-01
4.493794441223144531e-01
4.553418159484863281e-01
4.512093067169189453e-01
4.525983333587646484e-01
4.513065814971923828e-01
4.519422054290771484e-01
4.592082500457763672e-01
4.512743949890136719e-01
4.530596733093261719e-01
4.535644054412841797e-01
4.587004184722900391e-01
4.488875865936279297e-01
4.515640735626220703e-01
4.598467350006103516e-01
4.518702030181884766e-01
4.503338336944580078e-01
4.581627845764160156e-01
4.575181007385253906e-01
4.506936073303222656e-01
4.522321224212646484e-01
4.594211578369140625e-01
4.567921161651611328e-01
4.497399330139160156e-01
4.572627544403076172e-01
4.528563022613525391e-01
4.500172138214111328e-01
4.492437839508056641e-01
4.567129611968994141e-01
4.549520015716552734e-01
4.456756114959716797e-01
4.542074203491210938e-01
4.487392902374267578e-01
4.514997005462646484e-01
4.530537128448486328e-01
4.551172256469726562e-01
4.523484706878662109e-01
4.504084587097167969e-01
4.517595767974853516e-01
4.507143497467041016e-01
4.521546363830566406e-01
4.528231620788574219e-01
4.484806060791015625e-01
4.498238563537597656e-01
4.598526954650878906e-01
4.586277008056640625e-01
4.500217437744140625e-01
4.514200687408447266e-01
4.636754989624023438e-01
4.504401683807373047e-01
4.519772529602050781e-01
4.542534351348876953e-01
4.545056819915771484e-01
4.505817890167236328e-01
4.516656398773193359e-01
4.602642059326171875e-01
4.499173164367675781e-01
4.513008594512939453e-01
4.543011188507080078e-01
4.567847251892089844e-01
4.483745098114013672e-01
4.542682170867919922e-01
4.608259201049804688e-01
4.514288902282714844e-01
4.528479576110839844e-01
4.538896083831787109e-01
4.544649124145507812e-01
4.524505138397216797e-01
4.530518054962158203e-01
4.538130760192871094e-01
4.531555175781250000e-01
4.474070072174072266e-01
4.638085365295410156e-01
4.552462100982666016e-01
4.534981250762939453e-01
4.565887451171875000e-01
4.574120044708251953e-01
4.522931575775146484e-01
4.576325416564941406e-01
4.595923423767089844e-01
4.521276950836181641e-01
4.579677581787109375e-01
4.526391029357910156e-01
4.577534198760986328e-01
4.524240493774414062e-01
4.555423259735107422e-01
4.545681476593017578e-01
4.527869224548339844e-01
4.512500762939453125e-01
4.589846134185791016e-01
4.563813209533691406e-01
4.522528648376464844e-01
4.533836841583251953e-01
4.577817916870117188e-01
4.476065635681152344e-01
4.522888660430908203e-01
4.608411788940429688e-01
4.500014781951904297e-01
4.517855644226074219e-01
4.567182064056396484e-01
4.574446678161621094e-01
4.530572891235351562e-01
4.533903598785400391e-01
4.584755897521972656e-01
4.530880451202392578e-01
4.500753879547119141e-01
4.569807052612304688e-01
4.573748111724853516e-01
4.574909210205078125e-01
4.534468650817871094e-01
4.576411247253417969e-01
4.511454105377197266e-01
4.536478519439697266e-01
4.581842422485351562e-01
4.503977298736572266e-01
4.508202075958251953e-01
4.509809017181396484e-01
4.549617767333984375e-01
4.505147933959960938e-01
4.492113590240478516e-01
4.585907459259033203e-01
4.548540115356445312e-01
4.508819580078125000e-01
4.634342193603515625e-01
4.627492427825927734e-01
4.599876403808593750e-01
4.597015380859375000e-01
4.651088714599609375e-01
4.573142528533935547e-01
4.594447612762451172e-01
4.653482437133789062e-01
4.588096141815185547e-01
4.583470821380615234e-01
4.619028568267822266e-01
4.705600738525390625e-01
4.588146209716796875e-01
4.637632369995117188e-01
4.701364040374755859e-01
4.579174518585205078e-01
4.572100639343261719e-01
4.611680507659912109e-01
4.725170135498046875e-01
4.574522972106933594e-01
4.608988761901855469e-01
4.626765251159667969e-01
4.550278186798095703e-01
4.568610191345214844e-01
4.665529727935791016e-01
4.608993530273437500e-01
4.603314399719238281e-01
4.629704952239990234e-01
4.666407108306884766e-01
4.638187885284423828e-01
4.549965858459472656e-01
4.673802852630615234e-01
4.606909751892089844e-01
4.594838619232177734e-01
4.620575904846191406e-01
