1.453261947631835938e+01
1.395074939727783203e+01
1.391415643692016602e+01
1.431097769737243652e+01
1.384354496002197266e+01
1.415799140930175781e+01
1.394047641754150391e+01
1.417799329757690430e+01
1.428644537925720215e+01
1.394068980216979980e+01
1.389306759834289551e+01
1.409476184844970703e+01
1.384682798385620117e+01
1.390261459350585938e+01
1.396282768249511719e+01
1.411393380165100098e+01
1.384478998184204102e+01
1.407644033432006836e+01
1.423583555221557617e+01
1.437404894828796387e+01
1.387693285942077637e+01
1.382260656356811523e+01
1.425822782516479492e+01
1.386530637741088867e+01
1.392442202568054199e+01
1.411849141120910645e+01
1.379360938072204590e+01
1.409591674804687500e+01
1.383504605293273926e+01
1.430566430091857910e+01
1.394081997871398926e+01
1.388786339759826660e+01
1.410388493537902832e+01
1.384787344932556152e+01
1.393433070182800293e+01
1.385370850563049316e+01
1.414292812347412109e+01
1.381613397598266602e+01
1.403696799278259277e+01
1.381569814682006836e+01
1.402111172676086426e+01
1.411966347694396973e+01
1.405355763435363770e+01
1.401865863800048828e+01
1.384533834457397461e+01
1.399506044387817383e+01
1.418091893196105957e+01
1.428457427024841309e+01
1.402680087089538574e+01
1.483603692054748535e+01
1.428952836990356445e+01
1.390151548385620117e+01
1.438879513740539551e+01
1.417529821395874023e+01
1.407369971275329590e+01
1.416342782974243164e+01
1.388248252868652344e+01
1.440028953552246094e+01
1.407192564010620117e+01
1.392334580421447754e+01
1.428242635726928711e+01
1.407333588600158691e+01
1.400462031364440918e+01
1.436065196990966797e+01
1.409400177001953125e+01
1.426002621650695801e+01
1.389500904083251953e+01
1.403660941123962402e+01
1.404569268226623535e+01
1.384831738471984863e+01
1.417897963523864746e+01
1.397758316993713379e+01
1.412204670906066895e+01
1.399489450454711914e+01
1.379857254028320312e+01
1.425120639801025391e+01
1.426438593864440918e+01
1.379875779151916504e+01
1.408816790580749512e+01
1.404489588737487793e+01
1.388118815422058105e+01
1.406856513023376465e+01
1.409842777252197266e+01
1.409192919731140137e+01
1.390164446830749512e+01
1.393771243095397949e+01
1.386466336250305176e+01
1.455132317543029785e+01
1.388627457618713379e+01
1.385970044136047363e+01
1.391491055488586426e+01
1.397438669204711914e+01
1.416597056388854980e+01
1.412332677841186523e+01
1.415809774398803711e+01
1.436570739746093750e+01
1.443173289299011230e+01
1.394741678237915039e+01
1.387585115432739258e+01
1.440621948242187500e+01
1.419503378868103027e+01
1.398636245727539062e+01
1.422933864593505859e+01
1.392722868919372559e+01
1.417420744895935059e+01
1.403987574577331543e+01
1.392993235588073730e+01
1.404464530944824219e+01
1.386908984184265137e+01
1.438434362411499023e+01
1.399950766563415527e+01
1.389586329460144043e+01
1.391872572898864746e+01
1.429325079917907715e+01
1.390545463562011719e+01
1.387652158737182617e+01
1.442834258079528809e+01
1.423106908798217773e+01
1.421347045898437500e+01
1.389763307571411133e+01
1.425612473487854004e+01
1.423078560829162598e+01
1.439832329750061035e+01
1.388160300254821777e+01
1.392042803764343262e+01
1.419616293907165527e+01
1.415740561485290527e+01
1.430065965652465820e+01
1.418982338905334473e+01
1.404750084877014160e+01
1.388015961647033691e+01
1.396821856498718262e+01
1.401479077339172363e+01
1.388037657737731934e+01
1.396240854263305664e+01
1.391426897048950195e+01
1.393635630607604980e+01
1.386305284500122070e+01
1.385255718231201172e+01
1.424426698684692383e+01
1.396742224693298340e+01
1.416859960556030273e+01
1.423894572257995605e+01
1.423647141456604004e+01
1.390675878524780273e+01
1.393809556961059570e+01
1.397208476066589355e+01
1.425330853462219238e+01
1.394221210479736328e+01
1.411013984680175781e+01
1.398803424835205078e+01
1.416899299621582031e+01
1.392922496795654297e+01
1.411067056655883789e+01
1.413393115997314453e+01
1.427613091468811035e+01
1.395099854469299316e+01
1.432918834686279297e+01
1.388130855560302734e+01
1.427737998962402344e+01
1.461058068275451660e+01
1.401798939704895020e+01
1.408220052719116211e+01
1.424752569198608398e+01
1.422676587104797363e+01
1.393476057052612305e+01
1.437855529785156250e+01
1.398839807510375977e+01
1.406286096572875977e+01
1.455439090728759766e+01
1.419886612892150879e+01
1.403440070152282715e+01
1.434674191474914551e+01
1.444246482849121094e+01
1.440839219093322754e+01
1.465714025497436523e+01
1.404115796089172363e+01
1.425988459587097168e+01
1.424322533607482910e+01
1.442422008514404297e+01
1.419722437858581543e+01
1.422150945663452148e+01
1.432721471786499023e+01
1.395544123649597168e+01
1.403377962112426758e+01
1.477293133735656738e+01
1.421007394790649414e+01
1.390448856353759766e+01
1.393779277801513672e+01
1.436929273605346680e+01
1.490227293968200684e+01
1.393824648857116699e+01
1.407474112510681152e+01
1.440459680557250977e+01
1.427069807052612305e+01
1.397228264808654785e+01
1.411535263061523438e+01
1.440603780746459961e+01
1.407600331306457520e+01
1.437271404266357422e+01
