1.453042721748352051e+01
1.442132782936096191e+01
1.417204880714416504e+01
1.383141827583312988e+01
1.380628919601440430e+01
1.384950327873229980e+01
1.421554017066955566e+01
1.400086808204650879e+01
1.434934043884277344e+01
1.406138944625854492e+01
1.383188295364379883e+01
1.410691070556640625e+01
1.391729903221130371e+01
1.387854313850402832e+01
1.382681012153625488e+01
1.381038975715637207e+01
1.387502264976501465e+01
1.437980747222900391e+01
1.417623233795166016e+01
1.382805037498474121e+01
1.383041906356811523e+01
1.383155727386474609e+01
1.398937296867370605e+01
1.409260702133178711e+01
1.381966066360473633e+01
1.380135655403137207e+01
1.394305992126464844e+01
1.403291034698486328e+01
1.409793663024902344e+01
1.395351576805114746e+01
1.394624114036560059e+01
1.387584328651428223e+01
1.388688755035400391e+01
1.385088038444519043e+01
1.393159723281860352e+01
1.391640233993530273e+01
1.382648181915283203e+01
1.433181500434875488e+01
1.380347299575805664e+01
1.381889533996582031e+01
1.421312761306762695e+01
1.412197279930114746e+01
1.387234330177307129e+01
1.386870813369750977e+01
1.429912805557250977e+01
1.384968781471252441e+01
1.421351766586303711e+01
1.416001820564270020e+01
1.404402041435241699e+01
1.458103680610656738e+01
1.386216139793395996e+01
1.389627599716186523e+01
1.416255187988281250e+01
1.406970238685607910e+01
1.443357944488525391e+01
1.387474894523620605e+01
1.410287690162658691e+01
1.397444891929626465e+01
1.449731111526489258e+01
1.430927824974060059e+01
1.418942523002624512e+01
1.396390724182128906e+01
1.428712630271911621e+01
1.421807074546813965e+01
1.431307744979858398e+01
1.424478220939636230e+01
1.387228775024414062e+01
1.384641695022583008e+01
1.406174015998840332e+01
1.380530667304992676e+01
1.406586670875549316e+01
1.377998781204223633e+01
1.378498268127441406e+01
1.380806207656860352e+01
1.402588558197021484e+01
1.395629620552062988e+01
1.379331994056701660e+01
1.386148548126220703e+01
1.469049358367919922e+01
1.417102503776550293e+01
1.407844161987304688e+01
1.405677986145019531e+01
1.379031538963317871e+01
1.378687214851379395e+01
1.385390424728393555e+01
1.412941455841064453e+01
1.393848180770874023e+01
1.444694399833679199e+01
1.395234394073486328e+01
1.397124814987182617e+01
1.412051153182983398e+01
1.388385534286499023e+01
1.410395860671997070e+01
1.390176296234130859e+01
1.444091272354125977e+01
1.383722949028015137e+01
1.424658179283142090e+01
1.406133961677551270e+01
1.387369441986083984e+01
1.411539721488952637e+01
1.434273457527160645e+01
1.389818882942199707e+01
1.410736274719238281e+01
1.402457141876220703e+01
1.485218191146850586e+01
1.402200770378112793e+01
1.388807487487792969e+01
1.389359331130981445e+01
1.443202614784240723e+01
1.421220541000366211e+01
1.386585450172424316e+01
1.392170572280883789e+01
1.392857503890991211e+01
1.424454259872436523e+01
1.420567584037780762e+01
1.407859325408935547e+01
1.453282785415649414e+01
1.424571108818054199e+01
1.409290695190429688e+01
1.394164752960205078e+01
1.438374114036560059e+01
1.402998661994934082e+01
1.406785368919372559e+01
1.412474155426025391e+01
1.384958934783935547e+01
1.398775672912597656e+01
1.389746260643005371e+01
1.389710545539855957e+01
1.443457269668579102e+01
1.423855614662170410e+01
1.437874722480773926e+01
1.392599344253540039e+01
1.393745207786560059e+01
1.438332056999206543e+01
1.411941337585449219e+01
1.386827301979064941e+01
1.394399237632751465e+01
1.396351099014282227e+01
1.403923702239990234e+01
1.426556205749511719e+01
1.389669275283813477e+01
1.395315098762512207e+01
1.425906825065612793e+01
1.435087585449218750e+01
1.434613513946533203e+01
1.392022037506103516e+01
1.392163562774658203e+01
1.390227556228637695e+01
1.391050291061401367e+01
1.411500287055969238e+01
1.463208246231079102e+01
1.403394842147827148e+01
1.456566452980041504e+01
1.394021892547607422e+01
1.414918732643127441e+01
1.391766524314880371e+01
1.423116803169250488e+01
1.411353850364685059e+01
1.399463009834289551e+01
1.419352102279663086e+01
1.385172963142395020e+01
1.402553391456604004e+01
1.392571306228637695e+01
1.410637331008911133e+01
1.414673590660095215e+01
1.416204762458801270e+01
1.419569897651672363e+01
1.408304286003112793e+01
1.442394828796386719e+01
1.418405628204345703e+01
1.410706520080566406e+01
1.414787578582763672e+01
1.412885284423828125e+01
1.446248221397399902e+01
1.403895139694213867e+01
1.399015784263610840e+01
1.503507733345031738e+01
1.457428550720214844e+01
1.414156842231750488e+01
1.396981501579284668e+01
1.422927594184875488e+01
1.397521591186523438e+01
1.416858124732971191e+01
1.432476496696472168e+01
1.392741918563842773e+01
1.441251039505004883e+01
1.391867423057556152e+01
1.390033578872680664e+01
1.396696400642395020e+01
1.451204609870910645e+01
1.422562837600708008e+01
1.415662884712219238e+01
1.406529045104980469e+01
1.426602554321289062e+01
1.431195640563964844e+01
1.401877784729003906e+01
1.394239497184753418e+01
1.449838304519653320e+01
1.407184171676635742e+01
1.404046249389648438e+01
