1.558399999954223603e+01
2.331200000732421884e+01
2.779199999572754010e+01
3.150400000732421901e+01
3.470400000732421830e+01
3.761599999023437846e+01
4.012799999023437181e+01
4.441599999145508093e+01
4.831999999389648792e+01
4.951999999389648366e+01
5.375999999023437681e+01
5.635200001464843922e+01
5.955199998657226246e+01
6.111999999633788860e+01
6.243199999023437385e+01
6.391999999633789287e+01
6.519999999633789400e+01
6.734400000488281535e+01
6.876799997314452639e+01
6.979199997314452730e+01
7.099199999267578676e+01
7.158400001708984917e+01
7.395199997314453810e+01
7.497599997314452480e+01
7.643199997314452787e+01
7.644799999511718624e+01
7.849599999755859869e+01
7.862400001708984121e+01
7.905599998535156203e+01
7.947199999511718715e+01
7.956800000488281910e+01
8.028800000488281796e+01
8.108799999511718681e+01
8.129599999511718522e+01
8.209599998535156828e+01
8.179199997558593793e+01
8.167999998535155726e+01
8.239999998535155612e+01
8.230399998779296311e+01
8.308799997558594441e+01
8.283199998535155828e+01
8.363199999755859437e+01
8.353600000732421904e+01
8.361600000488280671e+01
8.439999998779296675e+01
8.459199999755858812e+01
8.396799999755859290e+01
8.464000000732421825e+01
8.478399998535155646e+01
8.539200000732421358e+01
8.502399999755859028e+01
8.462400001708984121e+01
8.465600001708983768e+01
8.486400000732422200e+01
8.571200001708984928e+01
8.443199997558593850e+01
8.516800000732422404e+01
8.616000001708984257e+01
8.592000000732421938e+01
8.604799998779296288e+01
8.638399997558593668e+01
8.655999998535156692e+01
8.683199999755859722e+01
8.651200000732421813e+01
8.639999997558594202e+01
8.774399998779297505e+01
8.702399999511719386e+01
8.755199999511718545e+01
8.740799998779296232e+01
8.697599998779297437e+01
8.731199998779297289e+01
8.692800000732421495e+01
8.742399997558594293e+01
8.673599998779296527e+01
8.646399998779297391e+01
8.812800001708984610e+01
8.729600000732422416e+01
8.721599997558594453e+01
8.766400001708984746e+01
8.751999997802734299e+01
8.700800001953125218e+01
8.808000000732421597e+01
8.793600000732422473e+01
8.846400000732421631e+01
8.803199997558593282e+01
8.812800001708984610e+01
8.798400000732421233e+01
8.883199999755859722e+01
8.759999997802734129e+01
8.798400001953125127e+01
8.915199998779296209e+01
8.822399999755859312e+01
8.836799997558593134e+01
8.790400000732421404e+01
8.897600001953125570e+01
8.815999997558593293e+01
8.836799997802734197e+01
8.849599997558593145e+01
8.916799999755859574e+01
8.889599999755859017e+01
9.379200000976562990e+01
9.505599999999999739e+01
9.539199997802734288e+01
9.584000000976563172e+01
9.563200000976561910e+01
9.609599997802735061e+01
9.596800000976563183e+01
9.710399997802734617e+01
9.670400001953125013e+01
9.643200000976563047e+01
9.641600000976562512e+01
9.668800000976563069e+01
9.694400001953124502e+01
9.696000000976562205e+01
9.713599999999999568e+01
9.713599999999999568e+01
9.729600000000000648e+01
9.740799997802734822e+01
9.756800000976562615e+01
9.731200000976562592e+01
9.743999998779297300e+01
9.752000001953125263e+01
9.807999999999999829e+01
9.779200001953124399e+01
9.785599997802734151e+01
9.801600001953124774e+01
9.793600000976562114e+01
9.787200000976562819e+01
9.803199999999999648e+01
9.832000001953124979e+01
9.785600001953125116e+01
9.803200001953125309e+01
9.814400000000000546e+01
9.820799997802734538e+01
9.830400000000000205e+01
9.833600000976562683e+01
9.843199997802734913e+01
9.848000001953124638e+01
9.816000000976562490e+01
9.848000000000000398e+01
9.862400001953125184e+01
9.838400000000000034e+01
9.838400000976562865e+01
9.864000000000000057e+01
9.864000000000000057e+01
9.887999999999999545e+01
9.875199999999999534e+01
9.859199999999999875e+01
9.873600000000000421e+01
9.875200001953125195e+01
9.897599999999999909e+01
9.900799999999999557e+01
9.904000000000000625e+01
9.918399999999999750e+01
9.931199999999999761e+01
9.912000000000000455e+01
9.923199999999999932e+01
9.928000000976562944e+01
9.920000000000000284e+01
9.926399999999999579e+01
9.908799999999999386e+01
9.924800000976561876e+01
9.934400000976562239e+01
9.921600000976562228e+01
9.921599999999999397e+01
9.929600000976562058e+01
9.913599997802734265e+01
9.932800000000000296e+01
9.926400000976562410e+01
9.905599999999999739e+01
9.931200000976562592e+01
9.918399999999999750e+01
9.947200000976562251e+01
9.948799999999999955e+01
9.928000000000000114e+01
9.935999999999999943e+01
9.937600000976561887e+01
9.942400000000000659e+01
9.943999999999999773e+01
9.937600000000000477e+01
9.939199999999999591e+01
9.945600000000000307e+01
9.934399999999999409e+01
9.956800000976562615e+01
9.924800000000000466e+01
9.928000000000000114e+01
9.937600000000000477e+01
9.926399999999999579e+01
9.939200000976562421e+01
9.947199999999999420e+01
9.944000000976562603e+01
9.950400000000000489e+01
9.939199999999999591e+01
9.935999999999999943e+01
9.950400000000000489e+01
9.961600000976562796e+01
9.943999999999999773e+01
9.940800000000000125e+01
9.924799997802733742e+01
9.939199999999999591e+01
