1.453001856803894043e+01
1.399237298965454102e+01
1.408348298072814941e+01
1.435211062431335449e+01
1.428090643882751465e+01
1.396102428436279297e+01
1.397558283805847168e+01
1.424643659591674805e+01
1.385563516616821289e+01
1.419757056236267090e+01
1.418966245651245117e+01
1.411779880523681641e+01
1.388840079307556152e+01
1.431092715263366699e+01
1.383689212799072266e+01
1.434074568748474121e+01
1.419730758666992188e+01
1.406475973129272461e+01
1.381823587417602539e+01
1.437030982971191406e+01
1.407679152488708496e+01
1.381924772262573242e+01
1.414000725746154785e+01
1.416299557685852051e+01
1.422476410865783691e+01
1.406691932678222656e+01
1.416050100326538086e+01
1.397655820846557617e+01
1.437484860420227051e+01
1.384136891365051270e+01
1.388049626350402832e+01
1.386617636680603027e+01
1.411644625663757324e+01
1.420611500740051270e+01
1.428193187713623047e+01
1.402143788337707520e+01
1.417358040809631348e+01
1.411788773536682129e+01
1.411308312416076660e+01
1.389212322235107422e+01
1.384502553939819336e+01
1.422131061553955078e+01
1.390260887145996094e+01
1.390870499610900879e+01
1.437640452384948730e+01
1.396063923835754395e+01
1.425479936599731445e+01
1.440956115722656250e+01
1.428837728500366211e+01
1.421602010726928711e+01
1.433895611763000488e+01
1.391145849227905273e+01
1.449522280693054199e+01
1.389991092681884766e+01
1.386262416839599609e+01
1.386154007911682129e+01
1.422417354583740234e+01
1.400198316574096680e+01
1.416898298263549805e+01
1.442678189277648926e+01
1.411616992950439453e+01
1.397043585777282715e+01
1.394036769866943359e+01
1.402653360366821289e+01
1.393144106864929199e+01
1.389983201026916504e+01
1.407560896873474121e+01
1.397473502159118652e+01
1.453956937789916992e+01
1.405704307556152344e+01
1.414266562461853027e+01
1.400388503074645996e+01
1.379001092910766602e+01
1.390732669830322266e+01
1.395763659477233887e+01
1.379767179489135742e+01
1.378295278549194336e+01
1.382935976982116699e+01
1.383685469627380371e+01
1.394223976135253906e+01
1.397259283065795898e+01
1.406242346763610840e+01
1.384080433845520020e+01
1.412091851234436035e+01
1.395905542373657227e+01
1.378755736351013184e+01
1.400354361534118652e+01
1.432162117958068848e+01
1.392127418518066406e+01
1.425650215148925781e+01
1.404900789260864258e+01
1.391142249107360840e+01
1.386989426612854004e+01
1.418590521812438965e+01
1.445906043052673340e+01
1.459898900985717773e+01
1.429635477066040039e+01
1.383055019378662109e+01
1.392419433593750000e+01
1.384287095069885254e+01
1.437202095985412598e+01
1.432253074645996094e+01
1.429072761535644531e+01
1.395566105842590332e+01
1.387733912467956543e+01
1.413344287872314453e+01
1.418281245231628418e+01
1.421642112731933594e+01
1.398850107192993164e+01
1.444278144836425781e+01
1.435602188110351562e+01
1.390256667137145996e+01
1.400278973579406738e+01
1.393767380714416504e+01
1.395291352272033691e+01
1.405670714378356934e+01
1.409927105903625488e+01
1.420413756370544434e+01
1.417147278785705566e+01
1.438490152359008789e+01
1.386937141418457031e+01
1.404494762420654297e+01
1.409140920639038086e+01
1.421486473083496094e+01
1.387405014038085938e+01
1.401184177398681641e+01
1.393298935890197754e+01
1.431584572792053223e+01
1.418487310409545898e+01
1.387684535980224609e+01
1.407478570938110352e+01
1.394734835624694824e+01
1.399515652656555176e+01
1.414257645606994629e+01
1.425251746177673340e+01
1.389923882484436035e+01
1.399709296226501465e+01
1.394980692863464355e+01
1.411848425865173340e+01
1.427192687988281250e+01
1.393023347854614258e+01
1.413308835029602051e+01
1.412601232528686523e+01
1.446903181076049805e+01
1.433045959472656250e+01
1.424352025985717773e+01
1.415974855422973633e+01
1.398150873184204102e+01
1.437901210784912109e+01
1.431444716453552246e+01
1.443124508857727051e+01
1.415997266769409180e+01
1.422248029708862305e+01
1.437758612632751465e+01
1.408399462699890137e+01
1.411015439033508301e+01
1.404432034492492676e+01
1.397224974632263184e+01
1.427144217491149902e+01
1.414409780502319336e+01
1.408475708961486816e+01
1.402119541168212891e+01
1.408572220802307129e+01
1.451679110527038574e+01
1.465562129020690918e+01
1.428775787353515625e+01
1.425606107711791992e+01
1.407404875755310059e+01
1.414073920249938965e+01
1.399349236488342285e+01
1.428974294662475586e+01
1.404238414764404297e+01
1.442867779731750488e+01
1.464569306373596191e+01
1.438026332855224609e+01
1.455037331581115723e+01
1.459797549247741699e+01
1.419748187065124512e+01
1.398083066940307617e+01
1.429911160469055176e+01
1.454663062095642090e+01
1.397474026679992676e+01
1.394157433509826660e+01
1.471400666236877441e+01
1.408845019340515137e+01
1.394544196128845215e+01
1.425993967056274414e+01
1.441079092025756836e+01
1.390834832191467285e+01
1.394165396690368652e+01
1.394658493995666504e+01
1.404357099533081055e+01
1.418552017211914062e+01
1.428439617156982422e+01
1.401483750343322754e+01
1.441890907287597656e+01
1.420250344276428223e+01
1.430548214912414551e+01
1.408356142044067383e+01
1.396645808219909668e+01
