1.453008699417114258e+01
1.379223871231079102e+01
1.430707478523254395e+01
1.383146977424621582e+01
1.386453962326049805e+01
1.401586031913757324e+01
1.388692831993103027e+01
1.381912374496459961e+01
1.419758629798889160e+01
1.382221984863281250e+01
1.406684541702270508e+01
1.409177780151367188e+01
1.410321497917175293e+01
1.388691973686218262e+01
1.428937959671020508e+01
1.381085181236267090e+01
1.389390540122985840e+01
1.418251800537109375e+01
1.417732238769531250e+01
1.453366875648498535e+01
1.422923374176025391e+01
1.414401459693908691e+01
1.420638108253479004e+01
1.439546704292297363e+01
1.404725289344787598e+01
1.403869462013244629e+01
1.382334208488464355e+01
1.425984358787536621e+01
1.388592958450317383e+01
1.416106963157653809e+01
1.384779763221740723e+01
1.387482404708862305e+01
1.399586272239685059e+01
1.390247988700866699e+01
1.383349728584289551e+01
1.405752468109130859e+01
1.407154464721679688e+01
1.423365378379821777e+01
1.383990764617919922e+01
1.391431546211242676e+01
1.379547286033630371e+01
1.410053658485412598e+01
1.386361217498779297e+01
1.443551969528198242e+01
1.439366340637207031e+01
1.389290928840637207e+01
1.384992408752441406e+01
1.418624544143676758e+01
1.415978908538818359e+01
1.418475151062011719e+01
1.425592589378356934e+01
1.390403771400451660e+01
1.416212105751037598e+01
1.402140307426452637e+01
1.418143510818481445e+01
1.406841969490051270e+01
1.394221138954162598e+01
1.385132694244384766e+01
1.417253494262695312e+01
1.390511775016784668e+01
1.461228871345520020e+01
1.397309970855712891e+01
1.425312089920043945e+01
1.437240505218505859e+01
1.403238344192504883e+01
1.429356765747070312e+01
1.393006062507629395e+01
1.392387676239013672e+01
1.405261158943176270e+01
1.391632580757141113e+01
1.413638687133789062e+01
1.401358962059020996e+01
1.415454363822937012e+01
1.385344958305358887e+01
1.378211236000061035e+01
1.403787612915039062e+01
1.398575401306152344e+01
1.379617834091186523e+01
1.378126215934753418e+01
1.392554640769958496e+01
1.403456258773803711e+01
1.440460562705993652e+01
1.397919201850891113e+01
1.470475316047668457e+01
1.378875827789306641e+01
1.398860692977905273e+01
1.416938805580139160e+01
1.422761154174804688e+01
1.404043865203857422e+01
1.392916154861450195e+01
1.387895131111145020e+01
1.430084943771362305e+01
1.411902213096618652e+01
1.426261353492736816e+01
1.434306693077087402e+01
1.431060028076171875e+01
1.406691431999206543e+01
1.432656049728393555e+01
1.383622884750366211e+01
1.400239610671997070e+01
1.446421694755554199e+01
1.388375926017761230e+01
1.421032643318176270e+01
1.398085737228393555e+01
1.438709831237792969e+01
1.388095974922180176e+01
1.455626726150512695e+01
1.389088153839111328e+01
1.402453398704528809e+01
1.404714345932006836e+01
1.424840903282165527e+01
1.415689778327941895e+01
1.392872118949890137e+01
1.402196311950683594e+01
1.401742339134216309e+01
1.383062338829040527e+01
1.418630790710449219e+01
1.398000407218933105e+01
1.429833793640136719e+01
1.387600755691528320e+01
1.443165707588195801e+01
1.428815960884094238e+01
1.402240204811096191e+01
1.441845059394836426e+01
1.393758797645568848e+01
1.411862421035766602e+01
1.390802025794982910e+01
1.444779610633850098e+01
1.427928376197814941e+01
1.400966429710388184e+01
1.414824652671813965e+01
1.393216609954833984e+01
1.408323121070861816e+01
1.445536947250366211e+01
1.404948806762695312e+01
1.401612639427185059e+01
1.400271320343017578e+01
1.403943800926208496e+01
1.394244718551635742e+01
1.456430983543395996e+01
1.406744122505187988e+01
1.391917634010314941e+01
1.413768720626831055e+01
1.390294361114501953e+01
1.399041461944580078e+01
1.401841783523559570e+01
1.434036040306091309e+01
1.392262744903564453e+01
1.450411224365234375e+01
1.410077333450317383e+01
1.390792322158813477e+01
1.415486955642700195e+01
1.389329266548156738e+01
1.413876175880432129e+01
1.420471429824829102e+01
1.398433279991149902e+01
1.395540118217468262e+01
1.389620685577392578e+01
1.383781957626342773e+01
1.386459851264953613e+01
1.417146039009094238e+01
1.402142381668090820e+01
1.395346212387084961e+01
1.413179206848144531e+01
1.388177227973937988e+01
1.412817549705505371e+01
1.410703134536743164e+01
1.408383226394653320e+01
1.396348643302917480e+01
1.433738780021667480e+01
1.434948968887329102e+01
1.403041028976440430e+01
1.412379789352416992e+01
1.396913933753967285e+01
1.397354745864868164e+01
1.400432991981506348e+01
1.425624847412109375e+01
1.398897504806518555e+01
1.402433633804321289e+01
1.438706541061401367e+01
1.456812262535095215e+01
1.398635387420654297e+01
1.421113967895507812e+01
1.482327342033386230e+01
1.419056892395019531e+01
1.424027061462402344e+01
1.433222293853759766e+01
1.390796160697937012e+01
1.433490943908691406e+01
1.433083987236022949e+01
1.495623636245727539e+01
1.414392542839050293e+01
1.394856953620910645e+01
1.394289541244506836e+01
1.394668078422546387e+01
1.392198991775512695e+01
1.417963862419128418e+01
1.411048555374145508e+01
1.392034029960632324e+01
1.447184967994689941e+01
