1.453215384483337402e+01
1.403724741935729980e+01
1.396880865097045898e+01
1.448637056350708008e+01
1.401043343544006348e+01
1.395870423316955566e+01
1.404945421218872070e+01
1.442672133445739746e+01
1.444989061355590820e+01
1.416017389297485352e+01
1.423352956771850586e+01
1.380675554275512695e+01
1.383870816230773926e+01
1.421683645248413086e+01
1.398326778411865234e+01
1.453393673896789551e+01
1.391801333427429199e+01
1.422397279739379883e+01
1.410842585563659668e+01
1.406978249549865723e+01
1.431213927268981934e+01
1.412538242340087891e+01
1.424755311012268066e+01
1.458156371116638184e+01
1.463543295860290527e+01
1.427525043487548828e+01
1.399195933341979980e+01
1.410994911193847656e+01
1.402456140518188477e+01
1.413915181159973145e+01
1.407721161842346191e+01
1.389126467704772949e+01
1.402275609970092773e+01
1.385036635398864746e+01
1.428727984428405762e+01
1.423620557785034180e+01
1.431188082695007324e+01
1.416265177726745605e+01
1.411851859092712402e+01
1.386237359046936035e+01
1.377665138244628906e+01
1.409981417655944824e+01
1.419088578224182129e+01
1.439307236671447754e+01
1.436121201515197754e+01
1.453709435462951660e+01
1.418940281867980957e+01
1.414242315292358398e+01
1.384233117103576660e+01
1.436442279815673828e+01
1.431482863426208496e+01
1.389168858528137207e+01
1.430996060371398926e+01
1.415346479415893555e+01
1.415985512733459473e+01
1.405808377265930176e+01
1.423607969284057617e+01
1.409606552124023438e+01
1.451719188690185547e+01
1.425867629051208496e+01
1.423723983764648438e+01
1.438517856597900391e+01
1.418235135078430176e+01
1.426121711730957031e+01
1.409132051467895508e+01
1.438712716102600098e+01
1.405312609672546387e+01
1.435041284561157227e+01
1.411389970779418945e+01
1.377534627914428711e+01
1.437040209770202637e+01
1.398375320434570312e+01
1.424013423919677734e+01
1.426459598541259766e+01
1.386492228507995605e+01
1.406969881057739258e+01
1.421715760231018066e+01
1.379596853256225586e+01
1.450641369819641113e+01
1.414721870422363281e+01
1.378978466987609863e+01
1.406478190422058105e+01
1.411891770362854004e+01
1.415792417526245117e+01
1.408442616462707520e+01
1.393338298797607422e+01
1.431687521934509277e+01
1.430031991004943848e+01
1.419315409660339355e+01
1.412182664871215820e+01
1.417010617256164551e+01
1.423082399368286133e+01
1.424272871017456055e+01
1.399370288848876953e+01
1.405073332786560059e+01
1.441659140586853027e+01
1.384526324272155762e+01
1.407882237434387207e+01
1.382119131088256836e+01
1.406963109970092773e+01
1.422276496887207031e+01
1.397130274772644043e+01
1.429161572456359863e+01
1.393886566162109375e+01
1.439195275306701660e+01
1.406750679016113281e+01
1.414947390556335449e+01
1.407792949676513672e+01
1.399840497970581055e+01
1.426754641532897949e+01
1.438174605369567871e+01
1.390182948112487793e+01
1.384195423126220703e+01
1.380720043182373047e+01
1.397544240951538086e+01
1.428524851799011230e+01
1.382946300506591797e+01
1.429761385917663574e+01
1.420643115043640137e+01
1.436504721641540527e+01
1.421697092056274414e+01
1.387313365936279297e+01
1.399004650115966797e+01
1.416905045509338379e+01
1.408396410942077637e+01
1.416950702667236328e+01
1.428492903709411621e+01
1.434026789665222168e+01
1.468675518035888672e+01
1.411702871322631836e+01
1.392476963996887207e+01
1.390993428230285645e+01
1.402495431900024414e+01
1.431534838676452637e+01
1.402803754806518555e+01
1.392711663246154785e+01
1.392070627212524414e+01
1.432257318496704102e+01
1.398291897773742676e+01
1.446666908264160156e+01
1.410048699378967285e+01
1.389071750640869141e+01
1.423497939109802246e+01
1.417400145530700684e+01
1.390852856636047363e+01
1.417447137832641602e+01
1.411029219627380371e+01
1.393970084190368652e+01
1.386445713043212891e+01
1.387553668022155762e+01
1.402057719230651855e+01
1.417293024063110352e+01
1.440454792976379395e+01
1.462188959121704102e+01
1.387081575393676758e+01
1.396409535408020020e+01
1.401445746421813965e+01
1.390433216094970703e+01
1.402789521217346191e+01
1.470215845108032227e+01
1.431996774673461914e+01
1.401482081413269043e+01
1.439823412895202637e+01
1.400723648071289062e+01
1.422924447059631348e+01
1.445527768135070801e+01
1.414633107185363770e+01
1.407060480117797852e+01
1.408230805397033691e+01
1.442661118507385254e+01
1.430766797065734863e+01
1.402602720260620117e+01
1.420042371749877930e+01
1.458145952224731445e+01
1.419793891906738281e+01
1.457683038711547852e+01
1.490140748023986816e+01
1.419627499580383301e+01
1.412537598609924316e+01
1.432923197746276855e+01
1.449794316291809082e+01
1.423709869384765625e+01
1.434008097648620605e+01
1.424797081947326660e+01
1.420082783699035645e+01
1.464666771888732910e+01
1.435537362098693848e+01
1.426101398468017578e+01
1.405987572669982910e+01
1.442930674552917480e+01
1.432919263839721680e+01
1.404875373840332031e+01
1.419907331466674805e+01
1.400666451454162598e+01
1.477697515487670898e+01
1.411551618576049805e+01
1.401030421257019043e+01
1.430875205993652344e+01
1.412836742401123047e+01
1.437083292007446289e+01
