2.019999885559082031e+01
2.790999984741210938e+01
2.594999885559082031e+01
3.715999984741210938e+01
3.568000030517578125e+01
3.475999832153320312e+01
4.255999755859375000e+01
4.765999984741210938e+01
3.468999862670898438e+01
5.350000000000000000e+01
4.796999740600585938e+01
4.871999740600585938e+01
4.953999710083007812e+01
5.197999954223632812e+01
5.254999923706054688e+01
6.011999893188476562e+01
5.973999786376953125e+01
5.143999862670898438e+01
6.335999679565429688e+01
6.562999725341796875e+01
6.412999725341796875e+01
6.357999801635742188e+01
6.658999633789062500e+01
6.218999862670898438e+01
5.693999862670898438e+01
6.363999938964843750e+01
7.230999755859375000e+01
6.459999847412109375e+01
6.681999969482421875e+01
7.451999664306640625e+01
6.443000030517578125e+01
6.630999755859375000e+01
6.250000000000000000e+01
6.543999481201171875e+01
5.434999847412109375e+01
7.090000152587890625e+01
6.658999633789062500e+01
6.879000091552734375e+01
6.886999511718750000e+01
6.969999694824218750e+01
6.765999603271484375e+01
6.284999847412109375e+01
7.181999969482421875e+01
5.175000000000000000e+01
7.561999511718750000e+01
6.434999847412109375e+01
5.972999954223632812e+01
7.283000183105468750e+01
7.534999847412109375e+01
6.270999908447265625e+01
4.393000030517578125e+01
7.105999755859375000e+01
6.890000152587890625e+01
3.630999755859375000e+01
5.659999847412109375e+01
6.154999923706054688e+01
7.108999633789062500e+01
6.726999664306640625e+01
7.479000091552734375e+01
6.105999755859375000e+01
6.433000183105468750e+01
7.712999725341796875e+01
7.104999542236328125e+01
5.681999969482421875e+01
5.363999938964843750e+01
6.741999816894531250e+01
6.831999969482421875e+01
7.236000061035156250e+01
6.380999755859375000e+01
4.225999832153320312e+01
7.251999664306640625e+01
4.427000045776367188e+01
3.727999877929687500e+01
6.285999679565429688e+01
8.122000122070312500e+01
7.372000122070312500e+01
7.716999816894531250e+01
6.392999649047851562e+01
7.150000000000000000e+01
8.032999420166015625e+01
6.411000061035156250e+01
6.915999603271484375e+01
7.347000122070312500e+01
7.805999755859375000e+01
6.336999893188476562e+01
6.298999786376953125e+01
7.318000030517578125e+01
8.438999938964843750e+01
7.888999938964843750e+01
5.256999969482421875e+01
6.902999877929687500e+01
8.182999420166015625e+01
5.643999862670898438e+01
6.686999511718750000e+01
6.961000061035156250e+01
7.950000000000000000e+01
6.368999862670898438e+01
7.119999694824218750e+01
7.325999450683593750e+01
5.565999984741210938e+01
9.129999542236328125e+01
9.170999908447265625e+01
9.170999908447265625e+01
9.177999877929687500e+01
9.184999847412109375e+01
9.188999938964843750e+01
9.161000061035156250e+01
9.205999755859375000e+01
9.193999481201171875e+01
9.186999511718750000e+01
9.194999694824218750e+01
9.193000030517578125e+01
9.219999694824218750e+01
9.209999847412109375e+01
9.190999603271484375e+01
9.159999847412109375e+01
9.169999694824218750e+01
9.186000061035156250e+01
9.186999511718750000e+01
9.189999389648437500e+01
9.175999450683593750e+01
9.134999847412109375e+01
9.197000122070312500e+01
9.200999450683593750e+01
9.187999725341796875e+01
9.173999786376953125e+01
9.204999542236328125e+01
9.162999725341796875e+01
9.131999969482421875e+01
9.177999877929687500e+01
9.206999969482421875e+01
9.164999389648437500e+01
9.172999572753906250e+01
9.195999908447265625e+01
9.137999725341796875e+01
9.188999938964843750e+01
9.186999511718750000e+01
9.161000061035156250e+01
9.168999481201171875e+01
9.170999908447265625e+01
9.205999755859375000e+01
9.173999786376953125e+01
8.927999877929687500e+01
9.187999725341796875e+01
9.159999847412109375e+01
9.194999694824218750e+01
9.218000030517578125e+01
9.190999603271484375e+01
9.137999725341796875e+01
9.129999542236328125e+01
9.229999542236328125e+01
9.236999511718750000e+01
9.243999481201171875e+01
9.248999786376953125e+01
9.254000091552734375e+01
9.241999816894531250e+01
9.244999694824218750e+01
9.244999694824218750e+01
9.241999816894531250e+01
9.245999908447265625e+01
9.243999481201171875e+01
