2.118000030517578125e+01
2.296999931335449219e+01
2.931999969482421875e+01
2.946999931335449219e+01
3.652999877929687500e+01
3.215999984741210938e+01
3.888999938964843750e+01
4.443999862670898438e+01
4.356999969482421875e+01
4.580999755859375000e+01
5.009000015258789062e+01
5.655999755859375000e+01
5.438999938964843750e+01
4.484000015258789062e+01
5.015999984741210938e+01
5.352000045776367188e+01
5.955999755859375000e+01
6.500000000000000000e+01
6.134000015258789062e+01
4.643999862670898438e+01
6.342999649047851562e+01
6.433000183105468750e+01
6.806999969482421875e+01
5.925999832153320312e+01
5.764999771118164062e+01
5.134999847412109375e+01
6.601000213623046875e+01
6.641999816894531250e+01
7.554999542236328125e+01
7.212999725341796875e+01
6.538999938964843750e+01
6.300000000000000000e+01
6.725000000000000000e+01
5.595999908447265625e+01
6.444999694824218750e+01
5.245999908447265625e+01
7.408000183105468750e+01
6.868000030517578125e+01
7.648999786376953125e+01
6.101999664306640625e+01
7.923999786376953125e+01
6.829999542236328125e+01
6.461999511718750000e+01
6.954999542236328125e+01
7.595999908447265625e+01
6.633000183105468750e+01
5.734999847412109375e+01
6.534999847412109375e+01
5.778999710083007812e+01
4.590999984741210938e+01
7.819999694824218750e+01
6.733999633789062500e+01
6.840999603271484375e+01
7.022000122070312500e+01
5.652000045776367188e+01
7.436999511718750000e+01
6.887999725341796875e+01
7.893999481201171875e+01
7.247999572753906250e+01
7.830999755859375000e+01
6.543999481201171875e+01
6.847000122070312500e+01
6.204999923706054688e+01
6.806999969482421875e+01
5.881999969482421875e+01
6.126999664306640625e+01
6.790999603271484375e+01
3.389999771118164062e+01
7.816999816894531250e+01
7.504999542236328125e+01
7.268999481201171875e+01
7.125000000000000000e+01
6.911000061035156250e+01
7.219999694824218750e+01
6.847999572753906250e+01
7.683000183105468750e+01
7.904999542236328125e+01
4.177000045776367188e+01
8.179000091552734375e+01
7.465999603271484375e+01
7.897999572753906250e+01
7.358000183105468750e+01
5.875000000000000000e+01
5.197999954223632812e+01
4.637999725341796875e+01
5.602999877929687500e+01
8.025999450683593750e+01
4.940999984741210938e+01
6.152999877929687500e+01
7.745999908447265625e+01
6.255999755859375000e+01
7.959999847412109375e+01
6.020999908447265625e+01
8.161000061035156250e+01
7.404000091552734375e+01
6.390999984741210938e+01
6.604000091552734375e+01
7.656999969482421875e+01
7.686999511718750000e+01
7.319999694824218750e+01
9.143999481201171875e+01
9.179000091552734375e+01
9.161999511718750000e+01
9.184999847412109375e+01
9.173999786376953125e+01
9.206999969482421875e+01
9.183999633789062500e+01
9.164999389648437500e+01
9.195999908447265625e+01
9.161999511718750000e+01
9.207999420166015625e+01
9.187999725341796875e+01
9.216999816894531250e+01
9.193000030517578125e+01
9.204000091552734375e+01
9.173999786376953125e+01
9.197000122070312500e+01
9.193000030517578125e+01
9.197000122070312500e+01
9.179000091552734375e+01
9.184999847412109375e+01
9.168999481201171875e+01
9.200000000000000000e+01
9.177999877929687500e+01
9.179000091552734375e+01
9.151999664306640625e+01
9.184999847412109375e+01
9.184999847412109375e+01
9.125999450683593750e+01
9.147000122070312500e+01
9.204000091552734375e+01
9.212999725341796875e+01
9.186000061035156250e+01
9.154999542236328125e+01
9.198999786376953125e+01
9.154999542236328125e+01
9.169999694824218750e+01
9.058999633789062500e+01
9.197000122070312500e+01
9.207999420166015625e+01
9.163999938964843750e+01
9.138999938964843750e+01
9.183999633789062500e+01
9.165999603271484375e+01
9.208999633789062500e+01
9.058999633789062500e+01
9.204000091552734375e+01
9.130999755859375000e+01
9.183999633789062500e+01
9.186000061035156250e+01
9.237999725341796875e+01
9.243999481201171875e+01
9.222999572753906250e+01
9.237999725341796875e+01
9.247000122070312500e+01
9.240999603271484375e+01
9.234999847412109375e+01
9.239999389648437500e+01
9.243000030517578125e+01
9.239999389648437500e+01
9.248999786376953125e+01
