3.159596681594848633e+00
2.342809200286865234e+00
2.336020708084106445e+00
2.319160699844360352e+00
2.357243537902832031e+00
2.340766668319702148e+00
2.350678920745849609e+00
2.334743499755859375e+00
2.352606296539306641e+00
2.336251020431518555e+00
2.411752700805664062e+00
2.362987041473388672e+00
2.324228525161743164e+00
2.313958883285522461e+00
2.348657608032226562e+00
2.330935239791870117e+00
2.318020105361938477e+00
2.323026418685913086e+00
2.330467700958251953e+00
2.388909101486206055e+00
2.318102598190307617e+00
2.324826002120971680e+00
2.332536220550537109e+00
2.329531669616699219e+00
2.334832906723022461e+00
2.359315872192382812e+00
2.355490446090698242e+00
2.348527908325195312e+00
2.328086137771606445e+00
2.340936183929443359e+00
2.345730304718017578e+00
2.400735616683959961e+00
2.324656724929809570e+00
2.324305057525634766e+00
2.318977355957031250e+00
2.348636865615844727e+00
2.326082229614257812e+00
2.330180168151855469e+00
2.334947347640991211e+00
2.314526081085205078e+00
2.334634304046630859e+00
2.358430147171020508e+00
2.342658519744873047e+00
2.358342170715332031e+00
2.331879854202270508e+00
2.330996036529541016e+00
2.321889400482177734e+00
2.322217941284179688e+00
2.338922977447509766e+00
2.320302248001098633e+00
2.323405265808105469e+00
2.327006340026855469e+00
2.330776453018188477e+00
2.321460485458374023e+00
2.330657482147216797e+00
2.342989683151245117e+00
2.328633069992065430e+00
2.343793630599975586e+00
2.333350896835327148e+00
2.337026119232177734e+00
2.332162618637084961e+00
2.342020750045776367e+00
2.349906444549560547e+00
2.349282264709472656e+00
2.341664075851440430e+00
2.409133672714233398e+00
2.337021350860595703e+00
2.335021495819091797e+00
2.329267024993896484e+00
2.374942541122436523e+00
2.346776247024536133e+00
2.337666988372802734e+00
2.356059312820434570e+00
2.354465723037719727e+00
2.331289291381835938e+00
2.329370975494384766e+00
2.340026855468750000e+00
2.330368757247924805e+00
2.332726240158081055e+00
2.328763723373413086e+00
2.327064990997314453e+00
2.338800668716430664e+00
2.328372240066528320e+00
2.342498540878295898e+00
2.323866367340087891e+00
2.352138042449951172e+00
2.355944156646728516e+00
2.333580017089843750e+00
2.338059425354003906e+00
2.341400146484375000e+00
2.335767030715942383e+00
2.364294528961181641e+00
2.336561441421508789e+00
2.344569206237792969e+00
2.322325468063354492e+00
2.362782955169677734e+00
2.327620744705200195e+00
2.348839759826660156e+00
2.320321798324584961e+00
2.323752880096435547e+00
2.329183816909790039e+00
2.339252948760986328e+00
2.329077005386352539e+00
2.369579553604125977e+00
2.333965301513671875e+00
2.332875728607177734e+00
2.323071241378784180e+00
2.333462715148925781e+00
2.309857368469238281e+00
2.329474210739135742e+00
2.334462165832519531e+00
2.333089113235473633e+00
2.335328340530395508e+00
2.333452224731445312e+00
2.326191663742065430e+00
2.316617012023925781e+00
2.331165313720703125e+00
2.345418691635131836e+00
2.315141916275024414e+00
2.331550121307373047e+00
2.332995891571044922e+00
2.336661338806152344e+00
2.339740276336669922e+00
2.339099884033203125e+00
2.340057849884033203e+00
2.333715438842773438e+00
2.353732585906982422e+00
2.369499206542968750e+00
2.322030305862426758e+00
2.328147411346435547e+00
2.334839582443237305e+00
2.338709592819213867e+00
2.331197738647460938e+00
2.336978435516357422e+00
2.339059591293334961e+00
2.323185920715332031e+00
2.335087776184082031e+00
2.339402675628662109e+00
2.349141597747802734e+00
2.316528320312500000e+00
2.360405206680297852e+00
2.337673902511596680e+00
2.319098711013793945e+00
2.336592674255371094e+00
2.352217197418212891e+00
2.324899911880493164e+00
2.346296548843383789e+00
2.332065105438232422e+00
2.371711969375610352e+00
2.334953308105468750e+00
2.353307962417602539e+00
2.335125923156738281e+00
2.346991062164306641e+00
2.316722869873046875e+00
2.342979192733764648e+00
2.347355842590332031e+00
2.322746515274047852e+00
2.345283508300781250e+00
2.325348854064941406e+00
2.321835279464721680e+00
2.336926937103271484e+00
