2.824269771575927734e+00
1.951489925384521484e+00
1.937918901443481445e+00
1.923025846481323242e+00
1.915408849716186523e+00
1.951023101806640625e+00
1.974200963973999023e+00
1.926771163940429688e+00
1.968652486801147461e+00
1.920796155929565430e+00
1.931641578674316406e+00
1.939990758895874023e+00
1.950494050979614258e+00
1.930032968521118164e+00
1.930334806442260742e+00
1.924745321273803711e+00
1.930024385452270508e+00
1.937981367111206055e+00
1.938982963562011719e+00
1.944054365158081055e+00
1.939431667327880859e+00
1.988073587417602539e+00
1.943917274475097656e+00
1.941126823425292969e+00
1.979246616363525391e+00
1.960392236709594727e+00
1.967814922332763672e+00
1.943180561065673828e+00
1.958934545516967773e+00
1.946055889129638672e+00
1.941454887390136719e+00
1.925365924835205078e+00
1.950276851654052734e+00
1.926122188568115234e+00
1.926905632019042969e+00
1.925167560577392578e+00
1.927448511123657227e+00
1.932519197463989258e+00
1.941094636917114258e+00
1.920569419860839844e+00
1.937619447708129883e+00
1.920868396759033203e+00
1.914580345153808594e+00
1.940943717956542969e+00
1.937927484512329102e+00
1.918696641921997070e+00
1.925498485565185547e+00
1.917095422744750977e+00
1.933609962463378906e+00
1.914771795272827148e+00
1.921292304992675781e+00
1.926940679550170898e+00
1.931643247604370117e+00
1.924079179763793945e+00
1.920517921447753906e+00
1.924116849899291992e+00
1.930242300033569336e+00
1.954694271087646484e+00
1.935801744461059570e+00
1.923604011535644531e+00
1.913079977035522461e+00
1.933393001556396484e+00
1.942491054534912109e+00
1.942482471466064453e+00
1.944311141967773438e+00
1.940651178359985352e+00
1.912082672119140625e+00
1.926134586334228516e+00
1.927459955215454102e+00
1.935273170471191406e+00
1.947086811065673828e+00
1.954637050628662109e+00
1.920302152633666992e+00
1.917872905731201172e+00
1.968567848205566406e+00
1.930485963821411133e+00
1.948041200637817383e+00
1.939316987991333008e+00
1.926968812942504883e+00
1.960280895233154297e+00
1.955783605575561523e+00
1.928488016128540039e+00
1.917508602142333984e+00
1.930983781814575195e+00
1.943504810333251953e+00
1.961379289627075195e+00
1.948557615280151367e+00
1.930972337722778320e+00
1.947458267211914062e+00
1.935409069061279297e+00
1.931301355361938477e+00
1.939591169357299805e+00
1.943397998809814453e+00
1.926173448562622070e+00
1.947948694229125977e+00
1.950378656387329102e+00
1.927440643310546875e+00
1.923190832138061523e+00
1.941420316696166992e+00
1.926159381866455078e+00
1.931900739669799805e+00
1.938559532165527344e+00
1.921820878982543945e+00
1.922275304794311523e+00
1.985504627227783203e+00
1.948829889297485352e+00
1.924311876296997070e+00
1.933026552200317383e+00
1.928149461746215820e+00
1.919045209884643555e+00
1.943720102310180664e+00
1.938643455505371094e+00
1.934936761856079102e+00
1.971710920333862305e+00
1.917816400527954102e+00
1.916239500045776367e+00
1.911658763885498047e+00
1.928583145141601562e+00
1.912466526031494141e+00
1.937496662139892578e+00
1.925726413726806641e+00
1.909952640533447266e+00
1.910714864730834961e+00
1.940988779067993164e+00
1.933067321777343750e+00
1.915468215942382812e+00
1.932573080062866211e+00
1.925637960433959961e+00
1.923331260681152344e+00
1.915448427200317383e+00
1.940603256225585938e+00
1.938212156295776367e+00
1.925780057907104492e+00
1.911502361297607422e+00
1.924706697463989258e+00
1.948473215103149414e+00
1.940841436386108398e+00
1.924792766571044922e+00
1.946039676666259766e+00
1.933435678482055664e+00
1.947550058364868164e+00
1.940864801406860352e+00
1.924463748931884766e+00
1.956419467926025391e+00
1.928984642028808594e+00
1.934302568435668945e+00
1.945607423782348633e+00
1.935867309570312500e+00
1.947982788085937500e+00
1.932468175888061523e+00
1.944565057754516602e+00
1.940226554870605469e+00
1.931085824966430664e+00
1.939198493957519531e+00
1.943544387817382812e+00
1.956404447555541992e+00
1.927415847778320312e+00
1.960194349288940430e+00
1.923122644424438477e+00
1.942125082015991211e+00
1.938203573226928711e+00
