4.278509616851806641e-01
4.091837406158447266e-01
4.229683876037597656e-01
4.125306606292724609e-01
4.355657100677490234e-01
4.079000949859619141e-01
4.091968536376953125e-01
4.152967929840087891e-01
4.186751842498779297e-01
4.116008281707763672e-01
4.753921031951904297e-01
4.197518825531005859e-01
4.133970737457275391e-01
4.094567298889160156e-01
4.308514595031738281e-01
4.145228862762451172e-01
4.032351970672607422e-01
3.967750072479248047e-01
4.182555675506591797e-01
4.197444915771484375e-01
4.050929546356201172e-01
4.026410579681396484e-01
4.175212383270263672e-01
4.178121089935302734e-01
3.980507850646972656e-01
4.208283424377441406e-01
4.074816703796386719e-01
3.980321884155273438e-01
4.077129364013671875e-01
4.042232036590576172e-01
4.004294872283935547e-01
4.073319435119628906e-01
4.041368961334228516e-01
4.103963375091552734e-01
4.037742614746093750e-01
4.290821552276611328e-01
4.179081916809082031e-01
4.119489192962646484e-01
4.082217216491699219e-01
4.112093448638916016e-01
4.075722694396972656e-01
4.111175537109375000e-01
4.176354408264160156e-01
4.166131019592285156e-01
4.178295135498046875e-01
4.197194576263427734e-01
4.067876338958740234e-01
4.162924289703369141e-01
4.137701988220214844e-01
4.194867610931396484e-01
4.155173301696777344e-01
4.271795749664306641e-01
4.213032722473144531e-01
4.147262573242187500e-01
4.231123924255371094e-01
4.200303554534912109e-01
4.180941581726074219e-01
4.247219562530517578e-01
4.188776016235351562e-01
4.281218051910400391e-01
4.167511463165283203e-01
4.164001941680908203e-01
4.260730743408203125e-01
4.113488197326660156e-01
4.103536605834960938e-01
4.109020233154296875e-01
4.283134937286376953e-01
4.349398612976074219e-01
4.182112216949462891e-01
4.195754528045654297e-01
4.160234928131103516e-01
4.063630104064941406e-01
4.233958721160888672e-01
4.364449977874755859e-01
4.134833812713623047e-01
4.088237285614013672e-01
4.092249870300292969e-01
4.094612598419189453e-01
4.174404144287109375e-01
4.065816402435302734e-01
3.976554870605468750e-01
4.260759353637695312e-01
4.082269668579101562e-01
4.184000492095947266e-01
4.086961746215820312e-01
4.103593826293945312e-01
4.126918315887451172e-01
4.106669425964355469e-01
4.072210788726806641e-01
4.278857707977294922e-01
4.198865890502929688e-01
4.102475643157958984e-01
4.085099697113037109e-01
4.218997955322265625e-01
4.060513973236083984e-01
4.189970493316650391e-01
4.139146804809570312e-01
4.121584892272949219e-01
4.055242538452148438e-01
4.078137874603271484e-01
4.149310588836669922e-01
4.032790660858154297e-01
4.106316566467285156e-01
4.187016487121582031e-01
4.251780509948730469e-01
4.043622016906738281e-01
4.113054275512695312e-01
4.142401218414306641e-01
4.098944664001464844e-01
4.147119522094726562e-01
4.130382537841796875e-01
4.111597537994384766e-01
4.051415920257568359e-01
4.196343421936035156e-01
4.198393821716308594e-01
4.142439365386962891e-01
4.314792156219482422e-01
4.171328544616699219e-01
4.187228679656982422e-01
4.103767871856689453e-01
4.193034172058105469e-01
4.299628734588623047e-01
4.255337715148925781e-01
4.207453727722167969e-01
4.192650318145751953e-01
4.233324527740478516e-01
4.199097156524658203e-01
4.241027832031250000e-01
4.192857742309570312e-01
4.220633506774902344e-01
4.113295078277587891e-01
4.138381481170654297e-01
4.106104373931884766e-01
4.257304668426513672e-01
4.193737506866455078e-01
4.081521034240722656e-01
4.100391864776611328e-01
4.267399311065673828e-01
4.161438941955566406e-01
4.119625091552734375e-01
4.219267368316650391e-01
4.086594581604003906e-01
4.111659526824951172e-01
4.052724838256835938e-01
4.360396862030029297e-01
4.082918167114257812e-01
4.026498794555664062e-01
4.219150543212890625e-01
4.360728263854980469e-01
4.202525615692138672e-01
4.065744876861572266e-01
4.125287532806396484e-01
4.050030708312988281e-01
4.089002609252929688e-01
4.170148372650146484e-01
4.155066013336181641e-01
4.057867527008056641e-01
4.135437011718750000e-01
4.158070087432861328e-01
4.061746597290039062e-01
4.100449085235595703e-01
