2.789101839065551758e+00
1.932242870330810547e+00
1.911391973495483398e+00
1.894958019256591797e+00
1.910988330841064453e+00
1.921833992004394531e+00
1.925445795059204102e+00
1.894388914108276367e+00
1.915291070938110352e+00
1.894067525863647461e+00
1.918839216232299805e+00
1.923280239105224609e+00
1.898534536361694336e+00
1.905424356460571289e+00
1.901158094406127930e+00
1.983860969543457031e+00
1.921604394912719727e+00
1.925552606582641602e+00
1.898993253707885742e+00
1.915191888809204102e+00
1.944421291351318359e+00
1.920359134674072266e+00
1.900969505310058594e+00
1.904568672180175781e+00
1.925642728805541992e+00
1.970369577407836914e+00
1.914594888687133789e+00
1.914062261581420898e+00
1.932443141937255859e+00
1.934881210327148438e+00
1.940301656723022461e+00
1.898221015930175781e+00
1.922452926635742188e+00
1.929430007934570312e+00
1.909301996231079102e+00
1.909023284912109375e+00
1.902155637741088867e+00
1.909091234207153320e+00
1.917042255401611328e+00
1.888822317123413086e+00
1.935481548309326172e+00
1.907680749893188477e+00
1.893484592437744141e+00
1.907994985580444336e+00
1.895877122879028320e+00
1.908595085144042969e+00
1.902351617813110352e+00
1.886429548263549805e+00
1.915682315826416016e+00
1.896441221237182617e+00
1.948614597320556641e+00
1.898394346237182617e+00
1.906180620193481445e+00
1.891602516174316406e+00
1.894051790237426758e+00
1.910651922225952148e+00
1.912591457366943359e+00
1.889043092727661133e+00
1.906365871429443359e+00
1.891589164733886719e+00
1.924468278884887695e+00
1.918707847595214844e+00
1.903093576431274414e+00
1.912734508514404297e+00
1.921253442764282227e+00
1.924104213714599609e+00
1.897477626800537109e+00
1.908225059509277344e+00
1.893530845642089844e+00
1.907148838043212891e+00
1.928701400756835938e+00
1.912647247314453125e+00
1.913060188293457031e+00
1.905083894729614258e+00
1.907635211944580078e+00
1.920531034469604492e+00
1.919934272766113281e+00
1.916386604309082031e+00
1.909196615219116211e+00
1.924688816070556641e+00
1.917746305465698242e+00
1.898476123809814453e+00
1.921875715255737305e+00
1.905874013900756836e+00
1.897180080413818359e+00
1.925545215606689453e+00
1.922622203826904297e+00
1.897281408309936523e+00
1.914172649383544922e+00
1.909715890884399414e+00
1.930754423141479492e+00
1.923340320587158203e+00
1.934790134429931641e+00
1.898414611816406250e+00
1.901815414428710938e+00
1.910130977630615234e+00
1.901531457901000977e+00
1.901977777481079102e+00
1.915415525436401367e+00
1.934630870819091797e+00
1.906033754348754883e+00
1.910764455795288086e+00
1.907000780105590820e+00
1.898053407669067383e+00
1.899733066558837891e+00
1.922421693801879883e+00
1.898430109024047852e+00
1.913877010345458984e+00
1.896401882171630859e+00
1.897192955017089844e+00
1.913773775100708008e+00
1.911778688430786133e+00
1.938335180282592773e+00
1.890779972076416016e+00
1.900648593902587891e+00
1.889752149581909180e+00
1.899198532104492188e+00
1.912065505981445312e+00
1.889182567596435547e+00
1.922955274581909180e+00
1.905563831329345703e+00
1.896035909652709961e+00
1.891887903213500977e+00
1.900252103805541992e+00
1.917089462280273438e+00
1.896625757217407227e+00
1.905848979949951172e+00
1.908156394958496094e+00
1.894671201705932617e+00
1.892016887664794922e+00
1.911017894744873047e+00
1.913067817687988281e+00
1.927446603775024414e+00
1.914093017578125000e+00
1.903664112091064453e+00
1.913674116134643555e+00
1.939117670059204102e+00
1.908425331115722656e+00
1.944680452346801758e+00
1.906602621078491211e+00
1.920668840408325195e+00
1.915155649185180664e+00
1.898000955581665039e+00
1.919874668121337891e+00
1.900755405426025391e+00
1.927675485610961914e+00
1.935338258743286133e+00
1.895919322967529297e+00
1.921934604644775391e+00
1.913916349411010742e+00
1.919572114944458008e+00
1.930813312530517578e+00
1.914618015289306641e+00
1.900468587875366211e+00
1.928047895431518555e+00
1.893299102783203125e+00
1.912288427352905273e+00
1.925443410873413086e+00
1.904586553573608398e+00
1.921522140502929688e+00
1.902859449386596680e+00
