1.482098174095153809e+01
1.388803410530090332e+01
1.437905979156494141e+01
1.393598365783691406e+01
1.402375292778015137e+01
1.423294258117675781e+01
1.435722231864929199e+01
1.414272117614746094e+01
1.399014735221862793e+01
1.413371205329895020e+01
1.413576769828796387e+01
1.404833459854125977e+01
1.421881341934204102e+01
1.406475090980529785e+01
1.400138378143310547e+01
1.420957517623901367e+01
1.399005722999572754e+01
1.413809943199157715e+01
1.428635263442993164e+01
1.407690286636352539e+01
1.419534707069396973e+01
1.414484429359436035e+01
1.424318695068359375e+01
1.415805053710937500e+01
1.425385475158691406e+01
1.452288198471069336e+01
1.392574834823608398e+01
1.414344143867492676e+01
1.411920452117919922e+01
1.417371463775634766e+01
1.416610717773437500e+01
1.415682077407836914e+01
1.415191817283630371e+01
1.458865356445312500e+01
1.418863129615783691e+01
1.399648976325988770e+01
1.437814283370971680e+01
1.406758928298950195e+01
1.457829713821411133e+01
1.394597697257995605e+01
1.395073151588439941e+01
1.400268077850341797e+01
1.428713393211364746e+01
1.407950806617736816e+01
1.400594377517700195e+01
1.410785031318664551e+01
1.416841697692871094e+01
1.403743720054626465e+01
1.426391792297363281e+01
1.450016880035400391e+01
1.437118911743164062e+01
1.432388043403625488e+01
1.401764488220214844e+01
1.428764986991882324e+01
1.411590909957885742e+01
1.417526745796203613e+01
1.423056435585021973e+01
1.430620288848876953e+01
1.418654918670654297e+01
1.437701296806335449e+01
1.448103165626525879e+01
1.455873918533325195e+01
1.402181124687194824e+01
1.418861174583435059e+01
1.402591037750244141e+01
1.399498176574707031e+01
1.406002521514892578e+01
1.430715608596801758e+01
1.411625242233276367e+01
1.429620146751403809e+01
1.406125569343566895e+01
1.420849084854125977e+01
1.415314769744873047e+01
1.402687525749206543e+01
1.435967969894409180e+01
1.416606521606445312e+01
1.418204450607299805e+01
1.403717756271362305e+01
1.417335176467895508e+01
1.456666803359985352e+01
1.410635209083557129e+01
1.429662227630615234e+01
1.393825459480285645e+01
1.425938820838928223e+01
1.396619319915771484e+01
1.403790760040283203e+01
1.399455714225769043e+01
1.419727015495300293e+01
1.411784315109252930e+01
1.452695846557617188e+01
1.421019768714904785e+01
1.399562954902648926e+01
1.413682818412780762e+01
1.411520504951477051e+01
1.399085593223571777e+01
1.430954289436340332e+01
1.419464993476867676e+01
1.397866082191467285e+01
1.422358536720275879e+01
1.429346108436584473e+01
1.422073888778686523e+01
1.408315467834472656e+01
1.397799110412597656e+01
1.400201249122619629e+01
1.423602342605590820e+01
1.428352332115173340e+01
1.447600150108337402e+01
1.407264113426208496e+01
1.423845767974853516e+01
1.436571860313415527e+01
1.430922126770019531e+01
1.425609517097473145e+01
1.402362513542175293e+01
1.430446791648864746e+01
1.399818038940429688e+01
1.439163208007812500e+01
1.399586200714111328e+01
1.413349509239196777e+01
1.399901461601257324e+01
1.397742152214050293e+01
1.417690968513488770e+01
1.411881875991821289e+01
1.432605528831481934e+01
1.418128943443298340e+01
1.414688944816589355e+01
1.403255581855773926e+01
1.405347943305969238e+01
1.424996829032897949e+01
1.403807401657104492e+01
1.417602133750915527e+01
1.401296854019165039e+01
1.399784541130065918e+01
1.398425769805908203e+01
1.422505044937133789e+01
1.416973352432250977e+01
1.399424791336059570e+01
1.409165573120117188e+01
1.436528253555297852e+01
1.395672750473022461e+01
1.437919902801513672e+01
1.409719109535217285e+01
1.411394810676574707e+01
1.403461861610412598e+01
1.400009536743164062e+01
1.436613297462463379e+01
1.421089816093444824e+01
1.436018848419189453e+01
1.403323101997375488e+01
1.403330135345458984e+01
1.424344468116760254e+01
1.457901811599731445e+01
1.408235597610473633e+01
1.489227676391601562e+01
1.411131048202514648e+01
1.401173877716064453e+01
1.423569869995117188e+01
1.397503805160522461e+01
1.393399715423583984e+01
1.406263184547424316e+01
1.403250002861022949e+01
1.418277788162231445e+01
