2.899328912010192827e+00
1.930256117324829157e+00
1.845261740722656141e+00
1.740995459022522063e+00
1.672080890846252332e+00
1.583874381332397441e+00
1.487608471488952588e+00
1.415826372032165548e+00
1.345631966781616118e+00
1.279673329124450643e+00
1.218631184310912996e+00
1.176954647979736368e+00
1.133136788291931207e+00
1.078860915489196826e+00
1.054665369606017977e+00
9.987603796386719246e-01
9.814326022720336606e-01
9.474570329666137658e-01
8.819290476417541713e-01
8.624557606315612635e-01
7.956293276214599919e-01
8.053437296676635437e-01
7.565918982696533401e-01
7.232014817619323299e-01
7.088409394454956436e-01
6.801751962471008772e-01
6.630374026012421096e-01
6.552272271728515340e-01
6.332914874649048231e-01
6.275622589874267909e-01
6.078208066177368529e-01
6.074404473304748642e-01
5.919527141761780076e-01
5.643137504386901426e-01
5.603248823928832500e-01
5.591830717086792024e-01
5.472594659042357979e-01
5.426186139297485278e-01
5.236427615070342600e-01
5.008891084861755161e-01
5.221239175033569602e-01
5.006231214523315654e-01
5.058263946151733137e-01
4.844515925407409940e-01
4.913632891845703399e-01
4.854440531349182297e-01
4.982684980010986253e-01
4.833444161415100249e-01
4.745570741844177265e-01
4.808369915008545159e-01
4.867446978569030525e-01
4.572932747936248599e-01
4.652072828674316263e-01
4.613976082801818923e-01
4.548697609043121370e-01
4.457634531402587807e-01
4.348521044635772492e-01
4.358801158523559760e-01
4.397869260978698458e-01
4.365762336063385152e-01
4.597392968177795303e-01
4.390901359939575199e-01
4.122066473388671937e-01
4.294338645744323890e-01
4.102420372581481733e-01
4.212375476455688661e-01
3.972515501832962204e-01
4.091640234279632637e-01
4.117838734912872556e-01
4.065295860290527585e-01
4.113549519348144723e-01
4.159203272056579692e-01
3.889279195404052869e-01
4.054927448749542362e-01
3.855444053459167741e-01
3.761349126052856429e-01
3.940644699478149660e-01
3.885076716613769521e-01
3.912736704730987447e-01
3.817396281051635976e-01
3.751688490390777675e-01
3.720953213500976520e-01
3.794564351558685211e-01
3.858840252590179376e-01
3.521519050979614041e-01
3.520426205444335821e-01
3.774458757400512843e-01
3.701811009597778535e-01
3.721182131671905702e-01
3.438829641628265432e-01
3.573025755119323965e-01
3.673195436859130747e-01
3.469481766414642121e-01
3.664444470977783475e-01
3.507506860446930053e-01
3.443934608840942269e-01
3.393201293373108163e-01
3.569405804634094292e-01
3.715376949310302823e-01
3.206574923515319586e-01
1.943354401016235411e-01
1.658904137945175217e-01
1.495861258506774871e-01
1.397247849011421239e-01
1.355257455396652322e-01
1.275957684373855705e-01
1.285148672676086345e-01
1.195799719715118364e-01
1.170669860816001828e-01
1.165333551740646428e-01
1.109611078548431440e-01
1.078824339079856864e-01
1.025409811162948659e-01
1.061319895112514539e-01
9.759215619087219240e-02
9.644418408393859443e-02
9.321642985343933652e-02
9.691127168178557960e-02
8.627031237602234004e-02
9.353595804452896623e-02
8.045062588691712091e-02
9.183376011848450038e-02
9.254543388366699708e-02
8.307821363925933789e-02
7.720836292266845813e-02
7.680343467950820346e-02
7.895676664352417606e-02
7.813968283891678523e-02
7.102000647783279774e-02
7.266592088699340424e-02
7.091256574630737386e-02
6.213130259752273898e-02
5.850891069650650256e-02
6.356151978611945808e-02
6.544063008427619677e-02
6.326622325420379334e-02
6.313633189916610655e-02
6.417480349779129678e-02
5.748703429460525621e-02
5.826690722465514838e-02
5.777875523090362370e-02
5.740591283679008505e-02
5.578966313362121454e-02
6.136338454008102156e-02
5.456486588716506769e-02
6.292969096899032888e-02
5.237175456523895239e-02
5.416026261925697277e-02
5.643577194690704152e-02
5.149383705377579001e-02
4.219928757846355682e-02
3.919735444486141529e-02
3.955517642021179336e-02
4.101740930974483168e-02
3.649454354524612337e-02
3.876776894211769048e-02
3.581298338532448028e-02
3.178682583332061856e-02
3.825264759540557974e-02
3.869277550697326762e-02
3.668881723403930734e-02
