1.482183837890625000e+01
1.387491607666015625e+01
1.430708527565002441e+01
1.403922867774963379e+01
1.434877943992614746e+01
1.420133495330810547e+01
1.424733662605285645e+01
1.414743876457214355e+01
1.434531641006469727e+01
1.414219307899475098e+01
1.452190637588500977e+01
1.403923749923706055e+01
1.407566022872924805e+01
1.421912741661071777e+01
1.426068305969238281e+01
1.433173489570617676e+01
1.418470025062561035e+01
1.396978712081909180e+01
1.395970082283020020e+01
1.432472276687622070e+01
1.425877094268798828e+01
1.400572705268859863e+01
1.410352444648742676e+01
1.415727996826171875e+01
1.432725691795349121e+01
1.410364270210266113e+01
1.416335725784301758e+01
1.416826748847961426e+01
1.429178714752197266e+01
1.423612546920776367e+01
1.414748096466064453e+01
1.415772891044616699e+01
1.398463034629821777e+01
1.399577403068542480e+01
1.395795679092407227e+01
1.404707264900207520e+01
1.425395989418029785e+01
1.422361493110656738e+01
1.440645647048950195e+01
1.417763519287109375e+01
1.419258046150207520e+01
1.427802658081054688e+01
1.458503723144531250e+01
1.400765275955200195e+01
1.411515307426452637e+01
1.423321270942687988e+01
1.417218303680419922e+01
1.400461959838867188e+01
1.431209611892700195e+01
1.443748474121093750e+01
1.420759916305541992e+01
1.404258108139038086e+01
1.409796881675720215e+01
1.419946432113647461e+01
1.437520551681518555e+01
1.439175057411193848e+01
1.414900851249694824e+01
1.415178942680358887e+01
1.413283920288085938e+01
1.416636800765991211e+01
1.429798436164855957e+01
1.398984003067016602e+01
1.444997143745422363e+01
1.397318816184997559e+01
1.410034465789794922e+01
1.411067247390747070e+01
1.407230734825134277e+01
1.409619688987731934e+01
1.464388895034790039e+01
1.401288247108459473e+01
1.410315251350402832e+01
1.396264886856079102e+01
1.407683062553405762e+01
1.405504512786865234e+01
1.411484503746032715e+01
1.407856655120849609e+01
1.397963070869445801e+01
1.398198318481445312e+01
1.437735509872436523e+01
1.395989084243774414e+01
1.395788693428039551e+01
1.401356482505798340e+01
1.424808168411254883e+01
1.444921040534973145e+01
1.404933357238769531e+01
1.393163943290710449e+01
1.399397468566894531e+01
1.413490748405456543e+01
1.429045915603637695e+01
1.470385718345642090e+01
1.435254168510437012e+01
1.399577069282531738e+01
1.396204710006713867e+01
1.414686584472656250e+01
1.398941922187805176e+01
1.419383335113525391e+01
1.443916273117065430e+01
1.427122306823730469e+01
1.416200971603393555e+01
1.411939239501953125e+01
1.396017742156982422e+01
1.408323478698730469e+01
1.458528447151184082e+01
1.399218940734863281e+01
1.410741281509399414e+01
1.424196267127990723e+01
1.420672726631164551e+01
1.418318033218383789e+01
1.437704586982727051e+01
1.398128771781921387e+01
1.397526264190673828e+01
1.396589875221252441e+01
1.394402098655700684e+01
1.410720300674438477e+01
1.422323584556579590e+01
1.415637564659118652e+01
1.437123394012451172e+01
1.443520855903625488e+01
1.397633886337280273e+01
1.415609765052795410e+01
1.437014484405517578e+01
1.415195560455322266e+01
1.405731868743896484e+01
1.448815751075744629e+01
1.403252172470092773e+01
1.424014258384704590e+01
1.419521355628967285e+01
1.396098828315734863e+01
1.420829272270202637e+01
1.424782252311706543e+01
1.422627902030944824e+01
1.424342131614685059e+01
1.407214641571044922e+01
1.407382321357727051e+01
1.438503813743591309e+01
1.421328186988830566e+01
1.409729242324829102e+01
1.446931815147399902e+01
1.439395880699157715e+01
1.399154543876647949e+01
1.397304725646972656e+01
1.411651134490966797e+01
1.403383922576904297e+01
1.409180545806884766e+01
1.399435257911682129e+01
1.443914175033569336e+01
1.406135272979736328e+01
1.409998297691345215e+01
1.408264923095703125e+01
1.435900831222534180e+01
1.436126971244812012e+01
1.409073758125305176e+01
1.425510716438293457e+01
1.394021487236022949e+01
1.393557381629943848e+01
1.410140061378479004e+01
1.397802805900573730e+01
1.393255162239074707e+01
1.406306505203247070e+01
1.409417963027954102e+01
1.434156298637390137e+01
