2.844660520553588867e+00
1.902331113815307617e+00
1.886913776397705078e+00
1.889127254486083984e+00
1.893751382827758789e+00
1.928126811981201172e+00
1.931427478790283203e+00
1.885687828063964844e+00
1.903836727142333984e+00
1.924478769302368164e+00
1.923057794570922852e+00
1.919898748397827148e+00
1.887807846069335938e+00
1.915793180465698242e+00
1.891527175903320312e+00
1.927930831909179688e+00
1.891501188278198242e+00
1.904093980789184570e+00
1.891581296920776367e+00
1.896682024002075195e+00
1.895001411437988281e+00
1.902266979217529297e+00
1.887341022491455078e+00
1.902253389358520508e+00
1.926428556442260742e+00
1.933512687683105469e+00
1.920192003250122070e+00
1.915889978408813477e+00
1.910751819610595703e+00
1.912132740020751953e+00
1.913436174392700195e+00
1.887347459793090820e+00
1.903289079666137695e+00
1.908385038375854492e+00
1.896121501922607422e+00
1.883811950683593750e+00
1.882358074188232422e+00
1.906888008117675781e+00
1.904131174087524414e+00
1.886031150817871094e+00
1.910467386245727539e+00
1.896093130111694336e+00
1.898557186126708984e+00
1.886823415756225586e+00
1.879324913024902344e+00
1.949988603591918945e+00
1.892929553985595703e+00
1.898224830627441406e+00
1.895468711853027344e+00
1.876033306121826172e+00
1.884322881698608398e+00
1.875426769256591797e+00
1.887021064758300781e+00
1.879153013229370117e+00
1.874951601028442383e+00
1.895331382751464844e+00
1.884692907333374023e+00
1.879994630813598633e+00
1.886199235916137695e+00
1.880593776702880859e+00
1.884252548217773438e+00
1.904278039932250977e+00
1.881430625915527344e+00
1.903377294540405273e+00
1.908472776412963867e+00
1.901883602142333984e+00
1.888072729110717773e+00
1.884688377380371094e+00
1.892763137817382812e+00
1.898206949234008789e+00
1.903139829635620117e+00
1.908460855484008789e+00
1.904138803482055664e+00
1.886525154113769531e+00
1.931195974349975586e+00
1.910262584686279297e+00
1.916640043258666992e+00
1.907543420791625977e+00
1.889994144439697266e+00
1.903412580490112305e+00
1.918334722518920898e+00
1.886998176574707031e+00
1.927661180496215820e+00
1.896977186203002930e+00
1.887412548065185547e+00
1.912635803222656250e+00
1.911458730697631836e+00
1.888064861297607422e+00
1.912234783172607422e+00
1.888459920883178711e+00
1.892117977142333984e+00
1.906065702438354492e+00
1.910010337829589844e+00
1.893752098083496094e+00
1.974744796752929688e+00
1.902169942855834961e+00
1.887323856353759766e+00
1.894434928894042969e+00
1.890895128250122070e+00
1.886015176773071289e+00
1.915415763854980469e+00
1.897023677825927734e+00
1.887640714645385742e+00
1.913169622421264648e+00
1.884454965591430664e+00
1.907878160476684570e+00
1.891326189041137695e+00
1.901330471038818359e+00
1.881577253341674805e+00
1.894198894500732422e+00
1.912102699279785156e+00
1.892818927764892578e+00
1.905760526657104492e+00
1.884275913238525391e+00
1.880525112152099609e+00
1.880916118621826172e+00
1.879554510116577148e+00
1.895930290222167969e+00
1.883831739425659180e+00
1.899351835250854492e+00
1.897376775741577148e+00
1.884203195571899414e+00
1.883192539215087891e+00
1.878083705902099609e+00
1.896972894668579102e+00
1.883260726928710938e+00
1.888418436050415039e+00
1.893798351287841797e+00
1.876844882965087891e+00
1.886742830276489258e+00
1.895756721496582031e+00
1.907594442367553711e+00
1.894146919250488281e+00
1.894762277603149414e+00
1.904176712036132812e+00
1.903343915939331055e+00
1.898646354675292969e+00
1.886828184127807617e+00
1.914437294006347656e+00
1.901800155639648438e+00
1.911173820495605469e+00
1.901251792907714844e+00
1.892277002334594727e+00
1.903994798660278320e+00
1.882081985473632812e+00
1.895744800567626953e+00
1.906450986862182617e+00
1.889167308807373047e+00
1.924816608428955078e+00
1.897066831588745117e+00
1.906148672103881836e+00
1.903515815734863281e+00
1.936319351196289062e+00
1.888513088226318359e+00
1.937208414077758789e+00
1.893661499023437500e+00
1.898210048675537109e+00
1.911974668502807617e+00
1.886571168899536133e+00
1.889095783233642578e+00
1.942266941070556641e+00
