2.295999908447265625e+01
2.734999847412109375e+01
2.157999992370605469e+01
3.048999977111816406e+01
3.941999816894531250e+01
3.543000030517578125e+01
3.654000091552734375e+01
4.271999740600585938e+01
2.859999847412109375e+01
4.895999908447265625e+01
3.975000000000000000e+01
5.429999923706054688e+01
4.650000000000000000e+01
5.875999832153320312e+01
4.628999710083007812e+01
3.516999816894531250e+01
6.104999923706054688e+01
6.203999710083007812e+01
5.245999908447265625e+01
6.493999481201171875e+01
5.002999877929687500e+01
7.019999694824218750e+01
6.908000183105468750e+01
6.931999969482421875e+01
5.448999786376953125e+01
6.791999816894531250e+01
6.733000183105468750e+01
7.418000030517578125e+01
6.037999725341796875e+01
7.008999633789062500e+01
6.847000122070312500e+01
6.575000000000000000e+01
6.100999832153320312e+01
6.173999786376953125e+01
7.147999572753906250e+01
5.839999771118164062e+01
6.598999786376953125e+01
6.865000152587890625e+01
6.644999694824218750e+01
6.611000061035156250e+01
6.951999664306640625e+01
7.290999603271484375e+01
5.826999664306640625e+01
6.872000122070312500e+01
7.813999938964843750e+01
6.626000213623046875e+01
6.704999542236328125e+01
4.700000000000000000e+01
7.111000061035156250e+01
6.969999694824218750e+01
6.770999908447265625e+01
6.902999877929687500e+01
5.864999771118164062e+01
6.650999450683593750e+01
7.218999481201171875e+01
6.958999633789062500e+01
7.122000122070312500e+01
6.250000000000000000e+01
7.759999847412109375e+01
6.968999481201171875e+01
7.613999938964843750e+01
7.197999572753906250e+01
6.694999694824218750e+01
7.615000152587890625e+01
5.675999832153320312e+01
7.172999572753906250e+01
6.966999816894531250e+01
5.598999786376953125e+01
7.594999694824218750e+01
8.123999786376953125e+01
7.523999786376953125e+01
6.890000152587890625e+01
7.047000122070312500e+01
7.190999603271484375e+01
6.443000030517578125e+01
7.611000061035156250e+01
7.233000183105468750e+01
7.059999847412109375e+01
6.459999847412109375e+01
7.622000122070312500e+01
5.865999984741210938e+01
6.865999603271484375e+01
5.755999755859375000e+01
6.191999816894531250e+01
7.718000030517578125e+01
7.719999694824218750e+01
6.054999923706054688e+01
7.554000091552734375e+01
6.997999572753906250e+01
5.677000045776367188e+01
5.625000000000000000e+01
5.405999755859375000e+01
6.268000030517578125e+01
7.034999847412109375e+01
8.418000030517578125e+01
4.105999755859375000e+01
5.409999847412109375e+01
6.798999786376953125e+01
8.258999633789062500e+01
4.434999847412109375e+01
9.122999572753906250e+01
9.152999877929687500e+01
9.168000030517578125e+01
9.161000061035156250e+01
9.181999969482421875e+01
9.190999603271484375e+01
9.188999938964843750e+01
9.176999664306640625e+01
9.191999816894531250e+01
9.201999664306640625e+01
9.197999572753906250e+01
9.219999694824218750e+01
9.200999450683593750e+01
9.175000000000000000e+01
9.215999603271484375e+01
9.175999450683593750e+01
9.198999786376953125e+01
9.202999877929687500e+01
9.184999847412109375e+01
9.182999420166015625e+01
9.175000000000000000e+01
9.173999786376953125e+01
9.195999908447265625e+01
9.189999389648437500e+01
9.166999816894531250e+01
9.191999816894531250e+01
9.186999511718750000e+01
9.190999603271484375e+01
9.204999542236328125e+01
9.194999694824218750e+01
9.194999694824218750e+01
9.200999450683593750e+01
9.195999908447265625e+01
9.173999786376953125e+01
9.177999877929687500e+01
9.115999603271484375e+01
9.189999389648437500e+01
9.161999511718750000e+01
9.211000061035156250e+01
9.183999633789062500e+01
9.161000061035156250e+01
9.197000122070312500e+01
9.165999603271484375e+01
9.150000000000000000e+01
9.162999725341796875e+01
9.156999969482421875e+01
9.232999420166015625e+01
9.215999603271484375e+01
9.158999633789062500e+01
9.205999755859375000e+01
9.223999786376953125e+01
9.229000091552734375e+01
9.236000061035156250e+01
9.243000030517578125e+01
9.244999694824218750e+01
9.247000122070312500e+01
9.238999938964843750e+01
9.241999816894531250e+01
9.245999908447265625e+01
9.239999389648437500e+01
9.234999847412109375e+01
