2.854560136795043945e+00
1.958353996276855469e+00
1.921215295791625977e+00
1.919873237609863281e+00
1.981342554092407227e+00
1.954911231994628906e+00
1.951997280120849609e+00
1.927990436553955078e+00
1.942629337310791016e+00
1.930991411209106445e+00
1.950376272201538086e+00
1.985177516937255859e+00
1.925411224365234375e+00
1.919231653213500977e+00
1.924509048461914062e+00
1.925866842269897461e+00
1.928205490112304688e+00
1.950536251068115234e+00
1.932087898254394531e+00
1.933910131454467773e+00
1.931490421295166016e+00
1.941015958786010742e+00
1.943635702133178711e+00
1.928812742233276367e+00
1.946319103240966797e+00
1.952995777130126953e+00
1.965945482254028320e+00
1.937376260757446289e+00
1.933713436126708984e+00
1.952790260314941406e+00
1.948900938034057617e+00
1.924252510070800781e+00
1.987097740173339844e+00
1.928420782089233398e+00
1.927870273590087891e+00
1.952474594116210938e+00
1.922487735748291016e+00
1.930305004119873047e+00
1.940264701843261719e+00
1.920142889022827148e+00
1.949920415878295898e+00
1.929073810577392578e+00
1.925728321075439453e+00
1.938921928405761719e+00
1.927423954010009766e+00
1.916385650634765625e+00
1.928654432296752930e+00
1.919475317001342773e+00
1.939126491546630859e+00
1.917534351348876953e+00
1.930476188659667969e+00
1.915625333786010742e+00
1.927304983139038086e+00
1.922763824462890625e+00
1.914355754852294922e+00
1.934426069259643555e+00
1.931645870208740234e+00
1.912721633911132812e+00
1.920664072036743164e+00
1.915122270584106445e+00
1.924459934234619141e+00
1.940808296203613281e+00
1.927063465118408203e+00
1.946976423263549805e+00
1.945326089859008789e+00
1.976859569549560547e+00
1.922579288482666016e+00
1.926660776138305664e+00
1.920663595199584961e+00
1.927949428558349609e+00
1.939657688140869141e+00
1.937861442565917969e+00
1.932428359985351562e+00
1.928209543228149414e+00
1.937767982482910156e+00
1.929974555969238281e+00
1.928177118301391602e+00
1.932869434356689453e+00
1.928295612335205078e+00
1.939994335174560547e+00
1.950833559036254883e+00
1.926431655883789062e+00
1.926002264022827148e+00
1.933350801467895508e+00
1.934899091720581055e+00
1.951828241348266602e+00
1.949439048767089844e+00
1.919245719909667969e+00
1.966042995452880859e+00
1.930711030960083008e+00
1.938486099243164062e+00
2.020704746246337891e+00
1.947660207748413086e+00
1.946457386016845703e+00
1.929801702499389648e+00
1.934762239456176758e+00
1.922824144363403320e+00
1.936847209930419922e+00
1.930417776107788086e+00
1.924500226974487305e+00
1.928746700286865234e+00
1.931099414825439453e+00
1.920085430145263672e+00
1.926493167877197266e+00
1.926975011825561523e+00
1.941638231277465820e+00
1.920055389404296875e+00
1.931634902954101562e+00
1.916180133819580078e+00
1.926169157028198242e+00
1.938481092453002930e+00
1.930256366729736328e+00
1.943228244781494141e+00
1.920355081558227539e+00
1.913637399673461914e+00
1.918441534042358398e+00
1.913275480270385742e+00
1.933611869812011719e+00
1.919663906097412109e+00
1.940414428710937500e+00
1.931346893310546875e+00
1.927762985229492188e+00
1.925723075866699219e+00
1.911537647247314453e+00
1.937545299530029297e+00
1.912762165069580078e+00
1.931307792663574219e+00
1.931582450866699219e+00
1.919285297393798828e+00
1.925515174865722656e+00
1.931760311126708984e+00
1.939748287200927734e+00
1.938920021057128906e+00
1.919285058975219727e+00
1.945210933685302734e+00
1.926996231079101562e+00
1.955733537673950195e+00
1.926754713058471680e+00
1.950963258743286133e+00
1.924461603164672852e+00
1.939547300338745117e+00
1.934383392333984375e+00
1.939532279968261719e+00
1.938593387603759766e+00
1.923603296279907227e+00
1.922942638397216797e+00
1.942484855651855469e+00
1.924555301666259766e+00
1.940499305725097656e+00
1.929011821746826172e+00
1.933834791183471680e+00
1.940365076065063477e+00
1.937286615371704102e+00
1.924212932586669922e+00
1.953545093536376953e+00
1.931143283843994141e+00
1.931542873382568359e+00
1.950592994689941406e+00
1.926429510116577148e+00
1.932313680648803711e+00
1.927845478057861328e+00
