1.482287979125976562e+01
1.423450565338134766e+01
1.405319309234619141e+01
1.405459570884704590e+01
1.404655265808105469e+01
1.427610158920288086e+01
1.391020417213439941e+01
1.415958809852600098e+01
1.394975686073303223e+01
1.434877634048461914e+01
1.417987704277038574e+01
1.406476044654846191e+01
1.404522061347961426e+01
1.394354104995727539e+01
1.418987369537353516e+01
1.408892416954040527e+01
1.400098872184753418e+01
1.395805811882019043e+01
1.402414321899414062e+01
1.403492307662963867e+01
1.424494051933288574e+01
1.431980228424072266e+01
1.413478589057922363e+01
1.464253425598144531e+01
1.439357066154479980e+01
1.452013325691223145e+01
1.415975451469421387e+01
1.395235228538513184e+01
1.409992957115173340e+01
1.396858263015747070e+01
1.419977664947509766e+01
1.417271542549133301e+01
1.444643521308898926e+01
1.410110473632812500e+01
1.403480172157287598e+01
1.406633710861206055e+01
1.417868685722351074e+01
1.462423324584960938e+01
1.439876723289489746e+01
1.413292098045349121e+01
1.413422465324401855e+01
1.420693635940551758e+01
1.467649960517883301e+01
1.411055827140808105e+01
1.401152133941650391e+01
1.452471637725830078e+01
1.395821785926818848e+01
1.420929384231567383e+01
1.407317614555358887e+01
1.478113842010498047e+01
1.399424457550048828e+01
1.404043769836425781e+01
1.454635834693908691e+01
1.421459603309631348e+01
1.459285211563110352e+01
1.448973321914672852e+01
1.399917006492614746e+01
1.405458259582519531e+01
1.432487201690673828e+01
1.429082989692687988e+01
1.412546610832214355e+01
1.419038867950439453e+01
1.439782786369323730e+01
1.413019275665283203e+01
1.396279072761535645e+01
1.425113439559936523e+01
1.415344381332397461e+01
1.453712987899780273e+01
1.432399940490722656e+01
1.420594859123229980e+01
1.414894628524780273e+01
1.400314021110534668e+01
1.410911178588867188e+01
1.406434559822082520e+01
1.413567352294921875e+01
1.414223313331604004e+01
1.450205039978027344e+01
1.421282505989074707e+01
1.399967861175537109e+01
1.437301611900329590e+01
1.404199981689453125e+01
1.431263494491577148e+01
1.411377811431884766e+01
1.435050845146179199e+01
1.422227621078491211e+01
1.401801037788391113e+01
1.414357829093933105e+01
1.431836628913879395e+01
1.423479747772216797e+01
1.401026797294616699e+01
1.428770184516906738e+01
1.402521514892578125e+01
1.411162090301513672e+01
1.431781315803527832e+01
1.410347962379455566e+01
1.400495934486389160e+01
1.426460790634155273e+01
1.426727390289306641e+01
1.422131872177124023e+01
1.414068007469177246e+01
1.423458051681518555e+01
1.397087025642395020e+01
1.401994490623474121e+01
1.405056095123291016e+01
1.417029929161071777e+01
1.406145334243774414e+01
1.412579226493835449e+01
1.417487573623657227e+01
1.434580874443054199e+01
1.404338908195495605e+01
1.426426577568054199e+01
1.398236608505249023e+01
1.408102655410766602e+01
1.417704892158508301e+01
1.402368211746215820e+01
1.425822877883911133e+01
1.441651916503906250e+01
1.433447360992431641e+01
1.415411329269409180e+01
1.397116565704345703e+01
1.399071431159973145e+01
1.405982565879821777e+01
1.406325840950012207e+01
1.406528782844543457e+01
1.439587473869323730e+01
1.441845393180847168e+01
1.399791002273559570e+01
1.416789412498474121e+01
1.403760313987731934e+01
1.442723965644836426e+01
1.401258802413940430e+01
1.404855775833129883e+01
1.412785100936889648e+01
1.412090444564819336e+01
1.425144743919372559e+01
1.418497323989868164e+01
1.405267357826232910e+01
1.430361866950988770e+01
1.450975275039672852e+01
1.401476216316223145e+01
1.401426959037780762e+01
1.399964475631713867e+01
1.395407533645629883e+01
1.426829957962036133e+01
1.399190807342529297e+01
1.396114969253540039e+01
1.404148578643798828e+01
1.394246530532836914e+01
1.410433578491210938e+01
1.440998864173889160e+01
1.394745206832885742e+01
1.394036173820495605e+01
1.458081936836242676e+01
1.425245499610900879e+01
1.435532474517822266e+01
1.404824471473693848e+01
1.397700095176696777e+01
1.391551113128662109e+01
1.405029129981994629e+01
1.399384856224060059e+01
1.395296287536621094e+01
