2.814067602157592773e+00
1.943566083908081055e+00
1.899659395217895508e+00
1.902238130569458008e+00
1.901103496551513672e+00
1.961175918579101562e+00
1.933118581771850586e+00
1.904953479766845703e+00
1.921054124832153320e+00
1.905600070953369141e+00
1.955291986465454102e+00
1.937339544296264648e+00
1.897841215133666992e+00
1.915603876113891602e+00
1.910020589828491211e+00
1.941427469253540039e+00
1.910887002944946289e+00
1.939440011978149414e+00
1.905650854110717773e+00
1.912721157073974609e+00
1.915448188781738281e+00
1.922002792358398438e+00
1.903728723526000977e+00
1.901652812957763672e+00
1.925654411315917969e+00
1.928735733032226562e+00
1.926735639572143555e+00
1.923798084259033203e+00
1.919007062911987305e+00
1.926128625869750977e+00
1.931305885314941406e+00
1.912249565124511719e+00
1.923343181610107422e+00
1.911142349243164062e+00
1.913292407989501953e+00
1.904253482818603516e+00
1.907567262649536133e+00
1.914904594421386719e+00
1.937073945999145508e+00
1.901501178741455078e+00
1.926196336746215820e+00
1.925625324249267578e+00
1.900816440582275391e+00
1.899192571640014648e+00
1.925933361053466797e+00
1.897667169570922852e+00
1.911113977432250977e+00
1.898662805557250977e+00
1.914964199066162109e+00
1.891839265823364258e+00
1.900591135025024414e+00
1.902499198913574219e+00
1.910373449325561523e+00
1.892816066741943359e+00
1.900709867477416992e+00
1.941646337509155273e+00
1.911254167556762695e+00
1.900369882583618164e+00
1.913160324096679688e+00
1.903004646301269531e+00
1.903703451156616211e+00
1.919596910476684570e+00
1.947437286376953125e+00
1.920241594314575195e+00
1.942752838134765625e+00
1.958875656127929688e+00
1.905009031295776367e+00
1.914370536804199219e+00
1.908389091491699219e+00
1.910048007965087891e+00
1.932732582092285156e+00
1.924951553344726562e+00
1.909140586853027344e+00
1.903214216232299805e+00
1.918711662292480469e+00
1.920487642288208008e+00
1.910069227218627930e+00
1.915610313415527344e+00
1.909135818481445312e+00
1.921868085861206055e+00
1.922845363616943359e+00
1.906270742416381836e+00
1.966184139251708984e+00
1.917384147644042969e+00
1.912373781204223633e+00
1.929376125335693359e+00
1.932147264480590820e+00
1.907386302947998047e+00
1.937050342559814453e+00
1.910356521606445312e+00
1.923863649368286133e+00
1.925317525863647461e+00
1.924612045288085938e+00
1.903326272964477539e+00
1.910627365112304688e+00
1.912705659866333008e+00
1.908486604690551758e+00
1.909846782684326172e+00
1.910096406936645508e+00
1.910815954208374023e+00
1.921461820602416992e+00
1.922499895095825195e+00
1.911059856414794922e+00
1.902165412902832031e+00
1.905899286270141602e+00
1.968078613281250000e+00
1.926582574844360352e+00
1.918424606323242188e+00
1.895773887634277344e+00
1.902318716049194336e+00
1.914573431015014648e+00
1.913462877273559570e+00
1.923018217086791992e+00
1.898475646972656250e+00
1.903028488159179688e+00
1.903648614883422852e+00
1.911994934082031250e+00
1.907402276992797852e+00
1.896892070770263672e+00
1.918845653533935547e+00
1.910794496536254883e+00
1.891960620880126953e+00
1.941676378250122070e+00
1.902727842330932617e+00
1.922923326492309570e+00
1.896389007568359375e+00
1.926997423171997070e+00
1.924602746963500977e+00
1.902602910995483398e+00
1.904091119766235352e+00
1.919407606124877930e+00
1.913918018341064453e+00
1.912181138992309570e+00
1.901175498962402344e+00
1.907676219940185547e+00
1.917636156082153320e+00
1.921378374099731445e+00
1.912119626998901367e+00
1.929348707199096680e+00
1.919706583023071289e+00
1.925402641296386719e+00
1.938804149627685547e+00
1.904848814010620117e+00
1.927120923995971680e+00
1.902245283126831055e+00
1.909995079040527344e+00
1.934439420700073242e+00
1.902677774429321289e+00
1.929909706115722656e+00
1.915766000747680664e+00
1.962153434753417969e+00
1.921027660369873047e+00
1.916728973388671875e+00
1.908768653869628906e+00
1.952638864517211914e+00
1.907847881317138672e+00
1.907321214675903320e+00
1.928523302078247070e+00
1.910268306732177734e+00
1.906654357910156250e+00
1.910297870635986328e+00
