3.228430509567260742e+00
2.342040777206420898e+00
2.333863019943237305e+00
2.371294736862182617e+00
2.387155294418334961e+00
2.349282741546630859e+00
2.358459949493408203e+00
2.335043668746948242e+00
2.359089374542236328e+00
2.365874290466308594e+00
2.512021064758300781e+00
2.367737770080566406e+00
2.328576803207397461e+00
2.334117412567138672e+00
2.374115467071533203e+00
2.348222732543945312e+00
2.332438230514526367e+00
2.325698137283325195e+00
2.342748641967773438e+00
2.349477291107177734e+00
2.323042869567871094e+00
2.337396383285522461e+00
2.342363834381103516e+00
2.338650703430175781e+00
2.337862730026245117e+00
2.373972654342651367e+00
2.350040197372436523e+00
2.342186689376831055e+00
2.355942487716674805e+00
2.355804681777954102e+00
2.346235752105712891e+00
2.361256122589111328e+00
2.336728334426879883e+00
2.334748983383178711e+00
2.327788352966308594e+00
2.360080242156982422e+00
2.343792438507080078e+00
2.334094047546386719e+00
2.345449686050415039e+00
2.328469276428222656e+00
2.347371816635131836e+00
2.345986843109130859e+00
2.346951246261596680e+00
2.356523990631103516e+00
2.329887866973876953e+00
2.338750839233398438e+00
2.329510211944580078e+00
2.334793806076049805e+00
2.346351146697998047e+00
2.333718061447143555e+00
2.333943128585815430e+00
2.340508937835693359e+00
2.343923807144165039e+00
2.324026823043823242e+00
2.345668792724609375e+00
2.340204000473022461e+00
2.337746858596801758e+00
2.347266912460327148e+00
2.350103139877319336e+00
2.348056316375732422e+00
2.342127561569213867e+00
2.354093551635742188e+00
2.365876674652099609e+00
2.354921102523803711e+00
2.350263833999633789e+00
2.345562219619750977e+00
2.346552371978759766e+00
2.348976850509643555e+00
2.335693120956420898e+00
2.341838121414184570e+00
2.355858325958251953e+00
2.349227666854858398e+00
2.358651876449584961e+00
2.356319189071655273e+00
2.346653223037719727e+00
2.335296154022216797e+00
2.334691286087036133e+00
2.336749792098999023e+00
2.347565650939941406e+00
2.342358350753784180e+00
2.369813203811645508e+00
2.350343227386474609e+00
2.330528736114501953e+00
2.351345777511596680e+00
2.330489635467529297e+00
2.351839065551757812e+00
2.393405675888061523e+00
2.332481622695922852e+00
2.364569664001464844e+00
2.352233171463012695e+00
2.353290796279907227e+00
2.352632522583007812e+00
2.398061513900756836e+00
2.354951381683349609e+00
2.331182718276977539e+00
2.361492156982421875e+00
2.327165126800537109e+00
2.332925319671630859e+00
2.323987960815429688e+00
2.364028215408325195e+00
2.349552869796752930e+00
2.348389625549316406e+00
2.338560104370117188e+00
2.329147577285766602e+00
2.345242977142333984e+00
2.341172933578491211e+00
2.330897569656372070e+00
2.340000152587890625e+00
2.352843999862670898e+00
2.333777427673339844e+00
2.353767871856689453e+00
2.344994544982910156e+00
2.342270135879516602e+00
2.330780744552612305e+00
2.339336633682250977e+00
2.321375846862792969e+00
2.357948303222656250e+00
2.357597827911376953e+00
2.336850166320800781e+00
2.342250347137451172e+00
2.348566055297851562e+00
2.342365264892578125e+00
2.333110809326171875e+00
2.349106788635253906e+00
2.342366456985473633e+00
2.329299211502075195e+00
2.345797300338745117e+00
2.343530178070068359e+00
2.335385799407958984e+00
2.340189695358276367e+00
2.347776889801025391e+00
2.348174333572387695e+00
2.346284389495849609e+00
2.362177610397338867e+00
2.351830482482910156e+00
2.337859392166137695e+00
2.343979835510253906e+00
2.341920852661132812e+00
2.369790554046630859e+00
2.328843116760253906e+00
2.358608007431030273e+00
2.340094089508056641e+00
2.330200195312500000e+00
2.343580007553100586e+00
2.356686830520629883e+00
2.336431026458740234e+00
2.349251508712768555e+00
2.341422319412231445e+00
2.376043796539306641e+00
2.344302654266357422e+00
2.361122846603393555e+00
2.348593473434448242e+00
2.347446441650390625e+00
2.329965591430664062e+00
2.353238821029663086e+00
2.354011058807373047e+00
2.326150178909301758e+00
2.360053300857543945e+00
2.334190845489501953e+00
2.326896190643310547e+00
2.335659265518188477e+00
