1.482048892974853516e+01
1.402801227569580078e+01
1.396917223930358887e+01
1.395889329910278320e+01
1.407762432098388672e+01
1.463680720329284668e+01
1.431018757820129395e+01
1.420642137527465820e+01
1.398480582237243652e+01
1.422515821456909180e+01
1.462343883514404297e+01
1.405194616317749023e+01
1.431652498245239258e+01
1.411635065078735352e+01
1.424594402313232422e+01
1.428622531890869141e+01
1.400790262222290039e+01
1.439314794540405273e+01
1.417570710182189941e+01
1.409956049919128418e+01
1.451378035545349121e+01
1.390982389450073242e+01
1.424600219726562500e+01
1.443300008773803711e+01
1.393818187713623047e+01
1.419761252403259277e+01
1.425494766235351562e+01
1.401502394676208496e+01
1.394558358192443848e+01
1.396615052223205566e+01
1.414196968078613281e+01
1.415344405174255371e+01
1.402206516265869141e+01
1.422423815727233887e+01
1.414596939086914062e+01
1.406770896911621094e+01
1.422952389717102051e+01
1.433734869956970215e+01
1.394784545898437500e+01
1.413414001464843750e+01
1.429792571067810059e+01
1.427075862884521484e+01
1.423876690864562988e+01
1.427926325798034668e+01
1.439230728149414062e+01
1.436853265762329102e+01
1.409565663337707520e+01
1.403799009323120117e+01
1.397764945030212402e+01
1.428603649139404297e+01
1.407533907890319824e+01
1.405584979057312012e+01
1.410092234611511230e+01
1.402335977554321289e+01
1.440060091018676758e+01
1.425894498825073242e+01
1.414753079414367676e+01
1.437837219238281250e+01
1.439325952529907227e+01
1.412562346458435059e+01
1.422909283638000488e+01
1.422032308578491211e+01
1.426955628395080566e+01
1.407219552993774414e+01
1.441357588768005371e+01
1.404310011863708496e+01
1.412320494651794434e+01
1.418609380722045898e+01
1.449851655960083008e+01
1.466621422767639160e+01
1.395691394805908203e+01
1.398386359214782715e+01
1.413221716880798340e+01
1.403794384002685547e+01
1.426263022422790527e+01
1.401359033584594727e+01
1.443388795852661133e+01
1.439494585990905762e+01
1.435406851768493652e+01
1.449391865730285645e+01
1.394855475425720215e+01
1.398974633216857910e+01
1.440660643577575684e+01
1.450318336486816406e+01
1.460506463050842285e+01
1.435258460044860840e+01
1.397131109237670898e+01
1.417064023017883301e+01
1.408111405372619629e+01
1.401195263862609863e+01
1.419556641578674316e+01
1.399156427383422852e+01
1.414369130134582520e+01
1.413023471832275391e+01
1.415214157104492188e+01
1.415773844718933105e+01
1.413958978652954102e+01
1.458272075653076172e+01
1.417564606666564941e+01
1.420763039588928223e+01
1.431139588356018066e+01
1.406531548500061035e+01
1.413601422309875488e+01
1.406660413742065430e+01
1.400467705726623535e+01
1.389499306678771973e+01
1.395205521583557129e+01
1.398359131813049316e+01
1.413912963867187500e+01
1.403914403915405273e+01
1.398601794242858887e+01
1.424536538124084473e+01
1.422343516349792480e+01
1.416374158859252930e+01
1.400420951843261719e+01
1.422703695297241211e+01
1.400431632995605469e+01
1.403322720527648926e+01
1.420303511619567871e+01
1.433904528617858887e+01
1.457323384284973145e+01
1.414891982078552246e+01
1.434679937362670898e+01
1.406301021575927734e+01
1.402931070327758789e+01
1.402505898475646973e+01
1.405898761749267578e+01
1.453608703613281250e+01
1.404996180534362793e+01
1.416440176963806152e+01
1.404199552536010742e+01
1.397685694694519043e+01
1.439816594123840332e+01
1.414469671249389648e+01
1.407823181152343750e+01
1.435889911651611328e+01
1.400290393829345703e+01
1.429177331924438477e+01
1.499045658111572266e+01
1.430687022209167480e+01
1.418395042419433594e+01
1.411027693748474121e+01
1.449392414093017578e+01
1.456645202636718750e+01
1.423375177383422852e+01
1.413519740104675293e+01
1.398934817314147949e+01
1.401100015640258789e+01
1.412071704864501953e+01
1.428001928329467773e+01
1.418559527397155762e+01
1.409375119209289551e+01
1.458377504348754883e+01
1.405903339385986328e+01
1.408291864395141602e+01
1.400030303001403809e+01
1.407971143722534180e+01
1.403527021408081055e+01
1.405874204635620117e+01
1.407389616966247559e+01
1.430747699737548828e+01
