1.641600000183105479e+01
2.355200000183105402e+01
2.759999999572753993e+01
3.262399999145507934e+01
3.673599999389648474e+01
4.110399998779296737e+01
4.476800000976562188e+01
4.872000000732421654e+01
5.048000000732422166e+01
5.353599999023437306e+01
5.608000000610351776e+01
5.884799999633789014e+01
6.001600000244140887e+01
6.188800000976562643e+01
6.420800000244140904e+01
6.459199999999999875e+01
6.580799998657226979e+01
6.700799998535156021e+01
6.934400001464844365e+01
6.923199998535156396e+01
7.163199998657226786e+01
7.206399997558594350e+01
7.384000000488281046e+01
7.449599999511718806e+01
7.606399999511718590e+01
7.558400000488281023e+01
7.753600001708984735e+01
7.735999998779297471e+01
7.804800000732421950e+01
7.851199998535156510e+01
7.855999999755859164e+01
7.913600001464843103e+01
7.988800000488281228e+01
8.022400001464843911e+01
8.067199999755860063e+01
8.075199999511718829e+01
8.159999998535155896e+01
8.196800000732422120e+01
8.167999997558594316e+01
8.112000000732422222e+01
8.214399997558594180e+01
8.302400001708984689e+01
8.232000001708983916e+01
8.263999997558593691e+01
8.246400001708984462e+01
8.331200001708984360e+01
8.321600000732421165e+01
8.350400000488281194e+01
8.340799998535156590e+01
8.315199999511719398e+01
8.382399999511719102e+01
8.383999997558593975e+01
8.406400000732422484e+01
8.409600000732422131e+01
8.392000001708984769e+01
8.428799999755860028e+01
8.422399999755859312e+01
8.496000001708983973e+01
8.377599997802734322e+01
8.422399998779296482e+01
8.518400000732421518e+01
8.494400000732422029e+01
8.539200000732421358e+01
8.566399997802734845e+01
8.542400000732422427e+01
8.468799999755859176e+01
8.644800000732422518e+01
8.518400000488281876e+01
8.543999999755858710e+01
8.577599998779297152e+01
8.598399999755859824e+01
8.564800001708984212e+01
8.591999997558593805e+01
8.583999998535156806e+01
8.659199997802734572e+01
8.671999999999999886e+01
8.651199998779297573e+01
8.670399999755859710e+01
8.646399999755858801e+01
8.641600001953125343e+01
8.702399999755859028e+01
8.652799999755859517e+01
8.612800001708984610e+01
8.631999998535155783e+01
8.585600001953125116e+01
8.731199997802734458e+01
8.707199997558593907e+01
8.686399998535156897e+01
8.727999997802734811e+01
8.740799998535156590e+01
8.726400000732421347e+01
8.724799998535156931e+01
8.727999997802734811e+01
8.704000000732422393e+01
8.864000000000000057e+01
8.798399997558593100e+01
8.731199999511719056e+01
8.745600001708984905e+01
8.742400001953124900e+01
8.798400000732421233e+01
9.318400001953125411e+01
9.425599997802734720e+01
9.491199997802733890e+01
9.547200001953125081e+01
9.502400000000000091e+01
9.500800001953125218e+01
9.553599997802734833e+01
9.580799998779296800e+01
9.603199997802734345e+01
9.587200001953125650e+01
9.616000001953125320e+01
9.616000000976562490e+01
9.644800001953124990e+01
9.625599997802734720e+01
9.656000001953124467e+01
9.707200000000000273e+01
9.673600000976561830e+01
9.679999999999999716e+01
9.676800000976562899e+01
9.713600000976562399e+01
9.720000001953124524e+01
9.731200001953125422e+01
9.710400000976562751e+01
9.718400000976562580e+01
9.742400000976562069e+01
9.763200000976561910e+01
9.745600000000000307e+01
9.761600000976562796e+01
9.755200000000000671e+01
9.793600000976562114e+01
9.728000000976562944e+01
9.774399997802734674e+01
9.784000000976563172e+01
9.763200000976561910e+01
9.792000000000000171e+01
9.807999997802734526e+01
9.788800000000000523e+01
9.790400001953125297e+01
9.808000000976562660e+01
9.812800000000000011e+01
9.824000000976562319e+01
9.803199999999999648e+01
9.852800000000000580e+01
9.827200000976561967e+01
9.832000000976562148e+01
9.871999999999999886e+01
9.811199999999999477e+01
9.830400000000000205e+01
9.833599999999999852e+01
9.846399999999999864e+01
9.868800000976563069e+01
9.888000000976562376e+01
9.870400000976562183e+01
9.883199999999999363e+01
9.889600000976562910e+01
9.899200000976561853e+01
9.905600000976562569e+01
9.884799999999999898e+01
9.920000000000000284e+01
9.905599999999999739e+01
9.926399999999999579e+01
