2.164999961853027344e+01
2.697999954223632812e+01
2.963999938964843750e+01
2.557999992370605469e+01
3.263000106811523438e+01
4.090999984741210938e+01
4.140999984741210938e+01
4.227999877929687500e+01
3.711999893188476562e+01
4.018999862670898438e+01
4.650000000000000000e+01
5.146999740600585938e+01
4.718000030517578125e+01
5.377000045776367188e+01
5.563999938964843750e+01
5.938999938964843750e+01
6.200999832153320312e+01
5.643000030517578125e+01
5.323999786376953125e+01
6.052999877929687500e+01
5.102999877929687500e+01
6.209000015258789062e+01
3.652000045776367188e+01
6.382999801635742188e+01
6.461000061035156250e+01
6.106999969482421875e+01
7.172999572753906250e+01
6.501000213623046875e+01
6.541999816894531250e+01
6.104999923706054688e+01
6.301999664306640625e+01
6.275999832153320312e+01
6.010999679565429688e+01
5.579999923706054688e+01
7.200000000000000000e+01
6.677999877929687500e+01
7.193999481201171875e+01
6.309000015258789062e+01
6.169999694824218750e+01
7.031999969482421875e+01
7.772999572753906250e+01
5.285999679565429688e+01
6.211999893188476562e+01
5.534000015258789062e+01
6.756999969482421875e+01
3.589999771118164062e+01
6.204999923706054688e+01
2.371999931335449219e+01
6.879999542236328125e+01
6.648999786376953125e+01
6.681999969482421875e+01
7.154999542236328125e+01
7.091999816894531250e+01
7.608000183105468750e+01
6.182999801635742188e+01
7.340000152587890625e+01
7.238999938964843750e+01
7.070999908447265625e+01
7.248999786376953125e+01
5.530999755859375000e+01
7.869999694824218750e+01
6.381999969482421875e+01
7.786000061035156250e+01
4.225999832153320312e+01
7.275000000000000000e+01
5.681999969482421875e+01
6.336999893188476562e+01
6.750999450683593750e+01
7.083000183105468750e+01
4.998999786376953125e+01
7.425000000000000000e+01
6.551000213623046875e+01
7.227999877929687500e+01
7.334999847412109375e+01
7.704999542236328125e+01
7.166999816894531250e+01
5.838999938964843750e+01
7.502999877929687500e+01
6.637999725341796875e+01
6.309000015258789062e+01
7.765000152587890625e+01
6.576000213623046875e+01
6.262999725341796875e+01
6.433999633789062500e+01
6.282999801635742188e+01
8.036000061035156250e+01
5.640999984741210938e+01
5.016999816894531250e+01
7.972999572753906250e+01
7.250999450683593750e+01
7.768999481201171875e+01
3.587999725341796875e+01
8.132999420166015625e+01
5.375000000000000000e+01
5.470999908447265625e+01
5.084999847412109375e+01
7.305999755859375000e+01
5.716999816894531250e+01
7.447999572753906250e+01
7.518999481201171875e+01
9.112999725341796875e+01
9.166999816894531250e+01
9.168000030517578125e+01
9.182999420166015625e+01
9.189999389648437500e+01
9.184999847412109375e+01
9.188999938964843750e+01
9.183999633789062500e+01
9.208999633789062500e+01
9.181999969482421875e+01
9.195999908447265625e+01
9.197999572753906250e+01
9.190999603271484375e+01
9.225999450683593750e+01
9.204999542236328125e+01
9.205999755859375000e+01
9.201999664306640625e+01
9.164999389648437500e+01
9.193000030517578125e+01
9.197000122070312500e+01
9.166999816894531250e+01
9.183999633789062500e+01
9.152999877929687500e+01
9.197999572753906250e+01
9.184999847412109375e+01
9.186999511718750000e+01
9.168000030517578125e+01
9.175000000000000000e+01
9.164999389648437500e+01
9.172999572753906250e+01
9.175000000000000000e+01
9.211000061035156250e+01
9.154999542236328125e+01
9.193000030517578125e+01
9.175000000000000000e+01
9.189999389648437500e+01
9.134999847412109375e+01
9.172000122070312500e+01
9.057999420166015625e+01
9.151999664306640625e+01
9.183999633789062500e+01
9.118000030517578125e+01
9.166999816894531250e+01
9.152999877929687500e+01
9.181999969482421875e+01
9.165999603271484375e+01
9.172999572753906250e+01
9.186999511718750000e+01
9.180999755859375000e+01
9.173999786376953125e+01
9.230999755859375000e+01
9.219999694824218750e+01
9.226999664306640625e+01
9.247999572753906250e+01
9.254000091552734375e+01
9.238999938964843750e+01
9.239999389648437500e+01
9.245999908447265625e+01
9.247000122070312500e+01
9.239999389648437500e+01
9.229000091552734375e+01
