1.482126975059509277e+01
1.391004657745361328e+01
1.446256446838378906e+01
1.390431356430053711e+01
1.391930747032165527e+01
1.413883733749389648e+01
1.444790005683898926e+01
1.421564912796020508e+01
1.403542280197143555e+01
1.430576062202453613e+01
1.433567214012145996e+01
1.413037848472595215e+01
1.409765124320983887e+01
1.394892239570617676e+01
1.416048002243041992e+01
1.397880816459655762e+01
1.402004194259643555e+01
1.394311022758483887e+01
1.417086172103881836e+01
1.404656863212585449e+01
1.433650183677673340e+01
1.409021449089050293e+01
1.450946855545043945e+01
1.395011997222900391e+01
1.394221234321594238e+01
1.419465208053588867e+01
1.395698499679565430e+01
1.399799895286560059e+01
1.419605612754821777e+01
1.395914244651794434e+01
1.391303086280822754e+01
1.411587333679199219e+01
1.405274844169616699e+01
1.436312484741210938e+01
1.401219153404235840e+01
1.402265834808349609e+01
1.463949823379516602e+01
1.404891180992126465e+01
1.445725917816162109e+01
1.395134568214416504e+01
1.402444148063659668e+01
1.403513693809509277e+01
1.399139237403869629e+01
1.415843510627746582e+01
1.427797102928161621e+01
1.430444097518920898e+01
1.435954165458679199e+01
1.402294325828552246e+01
1.427875828742980957e+01
1.420611023902893066e+01
1.411504673957824707e+01
1.405119132995605469e+01
1.399622964859008789e+01
1.402356648445129395e+01
1.447609877586364746e+01
1.428374600410461426e+01
1.429630684852600098e+01
1.432957029342651367e+01
1.438948154449462891e+01
1.402224254608154297e+01
1.453569054603576660e+01
1.421241164207458496e+01
1.439215278625488281e+01
1.398826742172241211e+01
1.423907876014709473e+01
1.408381438255310059e+01
1.402970647811889648e+01
1.405722522735595703e+01
1.432965850830078125e+01
1.440031361579895020e+01
1.410767436027526855e+01
1.421499872207641602e+01
1.403864645957946777e+01
1.406359195709228516e+01
1.404179239273071289e+01
1.403055477142333984e+01
1.404658555984497070e+01
1.410238122940063477e+01
1.424157261848449707e+01
1.414881229400634766e+01
1.395078492164611816e+01
1.402072978019714355e+01
1.427368927001953125e+01
1.398405647277832031e+01
1.404648685455322266e+01
1.399135065078735352e+01
1.409640002250671387e+01
1.403279566764831543e+01
1.418697762489318848e+01
1.443018770217895508e+01
1.399286293983459473e+01
1.400589132308959961e+01
1.398512363433837891e+01
1.419069075584411621e+01
1.405306553840637207e+01
1.413430571556091309e+01
1.395041060447692871e+01
1.427455019950866699e+01
1.422704648971557617e+01
1.398179578781127930e+01
1.431131005287170410e+01
1.398440861701965332e+01
1.429692912101745605e+01
1.412894558906555176e+01
1.410712385177612305e+01
1.394662880897521973e+01
1.408798432350158691e+01
1.431611657142639160e+01
1.428195643424987793e+01
1.405620098114013672e+01
1.424379968643188477e+01
1.427160048484802246e+01
1.417041707038879395e+01
1.433272838592529297e+01
1.403093528747558594e+01
1.405204081535339355e+01
1.414538669586181641e+01
1.399758315086364746e+01
1.433594775199890137e+01
1.399284076690673828e+01
1.416463947296142578e+01
1.400965857505798340e+01
1.401446819305419922e+01
1.401299834251403809e+01
1.408815670013427734e+01
1.451888132095336914e+01
1.422448348999023438e+01
1.404337739944458008e+01
1.400255942344665527e+01
1.411436653137207031e+01
1.401254749298095703e+01
1.404041814804077148e+01
1.422182393074035645e+01
1.457148027420043945e+01
1.401336979866027832e+01
1.400115942955017090e+01
1.402122473716735840e+01
1.401210165023803711e+01
1.460042357444763184e+01
1.423422574996948242e+01
1.431404662132263184e+01
1.399464201927185059e+01
1.412526392936706543e+01
1.414093255996704102e+01
1.396486830711364746e+01
1.425019121170043945e+01
1.405856728553771973e+01
1.407735872268676758e+01
1.404695248603820801e+01
1.398496913909912109e+01
1.418641233444213867e+01
1.397935152053833008e+01
1.401261901855468750e+01
1.396402406692504883e+01
1.418665361404418945e+01
1.397961592674255371e+01
1.397830986976623535e+01
1.440711855888366699e+01
1.405363821983337402e+01
1.411262178421020508e+01
1.452587199211120605e+01
