4.279026985168457031e-01
4.091868400573730469e-01
4.230074882507324219e-01
4.124746322631835938e-01
4.356076717376708984e-01
4.079158306121826172e-01
4.092414379119873047e-01
4.153099060058593750e-01
4.187457561492919922e-01
4.116268157958984375e-01
4.754056930541992188e-01
4.197623729705810547e-01
4.134447574615478516e-01
4.095013141632080078e-01
4.308614730834960938e-01
4.147520065307617188e-01
4.032478332519531250e-01
3.967578411102294922e-01
4.182996749877929688e-01
4.197187423706054688e-01
4.050772190093994141e-01
4.026658535003662109e-01
4.175577163696289062e-01
4.178607463836669922e-01
3.980345726013183594e-01
4.207999706268310547e-01
4.075000286102294922e-01
3.980197906494140625e-01
4.077000617980957031e-01
4.042201042175292969e-01
4.004330635070800781e-01
4.073443412780761719e-01
4.040937423706054688e-01
4.103116989135742188e-01
4.037697315216064453e-01
4.290366172790527344e-01
4.179201126098632812e-01
4.119026660919189453e-01
4.082288742065429688e-01
4.112288951873779297e-01
4.075980186462402344e-01
4.111194610595703125e-01
4.176504611968994141e-01
4.166197776794433594e-01
4.177839756011962891e-01
4.197182655334472656e-01
4.068236351013183594e-01
4.163305759429931641e-01
4.137709140777587891e-01
4.194993972778320312e-01
4.155647754669189453e-01
4.271526336669921875e-01
4.213039875030517578e-01
4.147646427154541016e-01
4.230842590332031250e-01
4.200272560119628906e-01
4.180934429168701172e-01
4.246802330017089844e-01
4.188959598541259766e-01
4.281394481658935547e-01
4.167835712432861328e-01
4.164419174194335938e-01
4.260592460632324219e-01
4.113736152648925781e-01
4.103610515594482422e-01
4.108786582946777344e-01
4.283289909362792969e-01
4.349474906921386719e-01
4.182054996490478516e-01
4.195911884307861328e-01
4.160284996032714844e-01
4.063403606414794922e-01
4.233901500701904297e-01
4.364700317382812500e-01
4.134991168975830078e-01
4.087998867034912109e-01
4.092042446136474609e-01
4.094524383544921875e-01
4.174420833587646484e-01
4.066283702850341797e-01
3.976857662200927734e-01
4.260785579681396484e-01
4.082348346710205078e-01
4.288229942321777344e-01
4.087419509887695312e-01
4.103691577911376953e-01
4.214808940887451172e-01
4.106707572937011719e-01
4.072391986846923828e-01
4.278686046600341797e-01
4.198970794677734375e-01
4.102094173431396484e-01
4.085247516632080078e-01
4.219176769256591797e-01
4.060447216033935547e-01
4.190089702606201172e-01
4.138808250427246094e-01
4.122099876403808594e-01
4.055190086364746094e-01
4.078092575073242188e-01
4.149281978607177734e-01
4.032461643218994141e-01
4.106636047363281250e-01
4.187066555023193359e-01
4.251875877380371094e-01
4.043750762939453125e-01
4.113276004791259766e-01
4.142189025878906250e-01
4.098837375640869141e-01
4.147186279296875000e-01
4.129989147186279297e-01
4.111733436584472656e-01
4.051492214202880859e-01
4.196753501892089844e-01
4.197959899902343750e-01
4.142131805419921875e-01
4.315083026885986328e-01
4.171023368835449219e-01
4.187502861022949219e-01
4.104037284851074219e-01
4.193274974822998047e-01
4.299786090850830078e-01
4.255352020263671875e-01
4.207265377044677734e-01
4.192609786987304688e-01
4.233124256134033203e-01
4.199032783508300781e-01
4.240727424621582031e-01
4.192695617675781250e-01
4.220957756042480469e-01
4.112720489501953125e-01
4.138720035552978516e-01
4.106385707855224609e-01
4.257488250732421875e-01
4.193985462188720703e-01
4.081163406372070312e-01
4.100244045257568359e-01
4.267029762268066406e-01
4.161186218261718750e-01
4.119493961334228516e-01
4.167516231536865234e-01
4.086425304412841797e-01
4.111933708190917969e-01
4.052870273590087891e-01
4.360702037811279297e-01
4.082660675048828125e-01
4.026248455047607422e-01
4.219436645507812500e-01
4.360625743865966797e-01
4.202120304107666016e-01
4.066042900085449219e-01
4.125354290008544922e-01
4.049930572509765625e-01
4.088900089263916016e-01
4.169933795928955078e-01
4.151725769042968750e-01
4.058320522308349609e-01
4.135599136352539062e-01
4.157781600952148438e-01
4.061625003814697266e-01
4.100294113159179688e-01
