2.683897596359253068e+00
1.963972872314453166e+00
1.854047877159118674e+00
1.776610735054016121e+00
1.675252012252807621e+00
1.580701582984924247e+00
1.490023786506652792e+00
1.450267965393066349e+00
1.370366568908691463e+00
1.295094841041565026e+00
1.242280720062255872e+00
1.176893096733093280e+00
1.115557764015197684e+00
1.076948727607726974e+00
1.041531071548461806e+00
9.936695912933349861e-01
9.676599042129516715e-01
9.450555670928955099e-01
8.825153960990905766e-01
8.536102321434021478e-01
8.191743615913391618e-01
7.616614768600463714e-01
7.515610006141663080e-01
7.441397735786438039e-01
7.193241483688354032e-01
6.780718326568603294e-01
6.551932509708404684e-01
6.230462698364257479e-01
6.175638590621947976e-01
5.875857117557525822e-01
6.030848271560669271e-01
5.973813456153869161e-01
6.013961668205261013e-01
5.583850247955322033e-01
5.594666516876221074e-01
5.448629209136962581e-01
5.262036428260803422e-01
5.358815114784241107e-01
5.206888209152221725e-01
5.174514690017699703e-01
4.833450568580627271e-01
4.965655915832519751e-01
4.996814167785644800e-01
4.843552587509155072e-01
4.933266342258453285e-01
4.807300656509399528e-01
4.725616149806976529e-01
4.654914376449584834e-01
4.616479905128478833e-01
4.424373651885986081e-01
4.575194885444641146e-01
4.414245991516113077e-01
4.582036957168579283e-01
4.361077455520629975e-01
4.472292684555053688e-01
4.165210424709320236e-01
4.196893769836425592e-01
4.282838540077209544e-01
4.240086565113067585e-01
4.277432465553283603e-01
4.139746901798248557e-01
4.173188993263244884e-01
4.094234571266174294e-01
4.104319719696045143e-01
4.192857356262206792e-01
3.925749688148498784e-01
3.955253772830963355e-01
3.852343729591369836e-01
3.989166439151763943e-01
3.754889769554138335e-01
3.924824768066406122e-01
3.927819020271301476e-01
3.744640585994720716e-01
3.948553198933601460e-01
3.927292145538330281e-01
3.883233465576171883e-01
3.833620688056945669e-01
3.970467076778411708e-01
3.810407906532287670e-01
3.787910044097900220e-01
3.788004921627044497e-01
3.986658664321899304e-01
3.677280179405212346e-01
3.569062075614929386e-01
3.543410627555846903e-01
3.667394329452514645e-01
3.638712167930602814e-01
3.661191938877105811e-01
3.699758158874511538e-01
3.376850812721252648e-01
3.535754927062988440e-01
3.565298750114441195e-01
3.676746543598174988e-01
3.447959755516052383e-01
3.403506424331664837e-01
3.505633352851867945e-01
3.488946759986877311e-01
3.537898425436019623e-01
3.280505552291870242e-01
3.366234292984008891e-01
1.984487927436828503e-01
1.703464633727073685e-01
1.581457470083236783e-01
1.462575764846801851e-01
1.392578432154655543e-01
1.390568424880504472e-01
1.311600487303733742e-01
1.277803906869888206e-01
1.201350162291526802e-01
1.201763309764862092e-01
1.173635427093505795e-01
1.200426459860801653e-01
1.124911084067821559e-01
1.059815105724334766e-01
1.080653102135658294e-01
1.032733066463470406e-01
1.002725517523288673e-01
9.272120241165161814e-02
9.472884916305542025e-02
9.576324599981307639e-02
9.382063896179199114e-02
8.794877353668212328e-02
8.829454016685485407e-02
8.278027925491332484e-02
8.661772820472717072e-02
8.490910549163818710e-02
7.988859300374984151e-02
7.875737495929002741e-02
7.917486585974693736e-02
7.434977505505084572e-02
7.485887664794921292e-02
7.072990538418293116e-02
7.218604682445525778e-02
6.463168773651123411e-02
6.277464045405388438e-02
6.503403618812561571e-02
7.072680859327316882e-02
6.721712110280990415e-02
6.048198710680007667e-02
6.123457327127456579e-02
6.555768631458282203e-02
5.843832029700279235e-02
6.533423419475554994e-02
5.869154832601547467e-02
5.460567449212073987e-02
5.693105723142623947e-02
5.749358042657375101e-02
5.121457112789153804e-02
5.342435592770576613e-02
5.116573621749877926e-02
4.458020070552826120e-02
4.152142747402191164e-02
3.801673591613769637e-02
4.368362595558166611e-02
3.989002247810363722e-02
3.972581076487898682e-02
4.178432514667510672e-02
3.750183437705040257e-02
3.715510716438293753e-02
3.679581283509731487e-02
3.689695511132478484e-02
