4.272456169128417969e-01
4.091117382049560547e-01
4.229469299316406250e-01
4.125103950500488281e-01
4.356269836425781250e-01
4.079260826110839844e-01
4.092211723327636719e-01
4.152672290802001953e-01
4.170742034912109375e-01
4.116327762603759766e-01
4.695277214050292969e-01
4.197630882263183594e-01
4.134047031402587891e-01
4.095299243927001953e-01
4.182384014129638672e-01
4.147479534149169922e-01
4.032464027404785156e-01
3.967030048370361328e-01
4.182817935943603516e-01
4.196336269378662109e-01
4.050509929656982422e-01
4.026505947113037109e-01
4.175353050231933594e-01
4.178407192230224609e-01
3.980121612548828125e-01
4.113540649414062500e-01
4.075353145599365234e-01
3.980023860931396484e-01
4.077169895172119141e-01
4.042422771453857422e-01
4.004352092742919922e-01
4.073257446289062500e-01
4.040677547454833984e-01
4.102604389190673828e-01
4.037396907806396484e-01
4.290373325347900391e-01
4.082248210906982422e-01
4.118225574493408203e-01
4.081785678863525391e-01
4.112060070037841797e-01
4.076008796691894531e-01
4.110660552978515625e-01
4.175872802734375000e-01
4.166460037231445312e-01
4.177625179290771484e-01
4.197187423706054688e-01
4.067583084106445312e-01
4.163136482238769531e-01
4.137022495269775391e-01
4.194755554199218750e-01
4.155449867248535156e-01
4.271733760833740234e-01
4.213066101074218750e-01
4.147121906280517578e-01
4.231023788452148438e-01
4.199190139770507812e-01
4.180867671966552734e-01
4.246633052825927734e-01
4.189176559448242188e-01
4.281482696533203125e-01
4.168369770050048828e-01
4.164161682128906250e-01
4.260220527648925781e-01
4.179999828338623047e-01
4.104030132293701172e-01
4.108676910400390625e-01
4.282774925231933594e-01
4.198617935180664062e-01
4.181878566741943359e-01
4.196088314056396484e-01
4.160392284393310547e-01
4.063878059387207031e-01
4.233849048614501953e-01
4.363961219787597656e-01
4.134795665740966797e-01
4.087550640106201172e-01
4.092009067535400391e-01
4.094018936157226562e-01
4.173934459686279297e-01
4.066376686096191406e-01
3.976891040802001953e-01
4.164595603942871094e-01
4.082634449005126953e-01
4.183168411254882812e-01
4.087166786193847656e-01
4.104146957397460938e-01
4.214124679565429688e-01
4.106600284576416016e-01
4.072427749633789062e-01
4.279422760009765625e-01
4.199423789978027344e-01
4.102180004119873047e-01
4.085056781768798828e-01
4.219048023223876953e-01
4.060525894165039062e-01
4.189918041229248047e-01
4.139122962951660156e-01
4.121978282928466797e-01
4.054961204528808594e-01
4.077873229980468750e-01
4.149122238159179688e-01
4.166266918182373047e-01
4.106984138488769531e-01
4.186420440673828125e-01
4.251472949981689453e-01
4.043328762054443359e-01
4.113142490386962891e-01
4.142353534698486328e-01
4.098439216613769531e-01
4.146630764007568359e-01
4.131438732147216797e-01
4.111602306365966797e-01
4.051680564880371094e-01
4.196138381958007812e-01
4.198281764984130859e-01
4.141240119934082031e-01
4.315233230590820312e-01
4.170947074890136719e-01
4.187538623809814453e-01
4.104366302490234375e-01
4.193179607391357422e-01
4.299693107604980469e-01
4.232921600341796875e-01
4.308252334594726562e-01
4.192085266113281250e-01
4.232366085052490234e-01
4.199249744415283203e-01
4.240586757659912109e-01
4.193186759948730469e-01
4.221224784851074219e-01
4.112808704376220703e-01
4.138441085815429688e-01
4.106500148773193359e-01
4.257125854492187500e-01
4.193141460418701172e-01
4.081366062164306641e-01
4.100239276885986328e-01
4.266910552978515625e-01
4.161915779113769531e-01
4.119489192962646484e-01
4.219799041748046875e-01
4.086322784423828125e-01
4.112098217010498047e-01
4.052469730377197266e-01
4.244811534881591797e-01
4.082412719726562500e-01
4.025485515594482422e-01
4.219303131103515625e-01
4.361758232116699219e-01
4.202110767364501953e-01
4.066107273101806641e-01
4.125037193298339844e-01
4.049592018127441406e-01
4.088940620422363281e-01
4.170000553131103516e-01
4.154751300811767578e-01
4.057395458221435547e-01
4.136042594909667969e-01
4.157407283782958984e-01
4.060440063476562500e-01
4.100639820098876953e-01
