1.603199999816894561e+01
2.393600000183105436e+01
2.876800000488281128e+01
3.030400000183105291e+01
3.568000000732421739e+01
4.025600000366210907e+01
4.271999999389648650e+01
4.670399998291015464e+01
4.993599999023437164e+01
5.286400000610351668e+01
5.577600000610351572e+01
5.736000000488281358e+01
5.937600000610351714e+01
6.064000000244140409e+01
6.273600001464843956e+01
6.416000000244140722e+01
6.527999999633789230e+01
6.724800001464844001e+01
6.852799997558594214e+01
6.990400000610351583e+01
7.100800001464843092e+01
7.249599997314453503e+01
7.327999997314452685e+01
7.457600000244140404e+01
7.553599997558593770e+01
7.619199999267577539e+01
7.643199999755859153e+01
7.792000001708984769e+01
7.879999999755860074e+01
7.889599998535156544e+01
7.825599997558593657e+01
7.931199997314453753e+01
8.054400000732421461e+01
8.092800000732421495e+01
8.032000000488281444e+01
8.139200000732421358e+01
8.033600001708984450e+01
8.161599999755858903e+01
8.225599998779297550e+01
8.215999999755860017e+01
8.227200000732422325e+01
8.308799998535155851e+01
8.255999998535156692e+01
8.323199999511719227e+01
8.327999999755859051e+01
8.281600001708984848e+01
8.308800000732422575e+01
8.289599997558593714e+01
8.396799999755859290e+01
8.395199998535156283e+01
8.368000000732422450e+01
8.367999997558594316e+01
8.475199999755859892e+01
8.337599998535156942e+01
8.454400000732421461e+01
8.505600001708984337e+01
8.462399999511718818e+01
8.568000001708983859e+01
8.513600001708984166e+01
8.518399997558593384e+01
8.408000000732421597e+01
8.531199999755858698e+01
8.553600001953124377e+01
8.615999997802734356e+01
8.558400000488281023e+01
8.531199999755858698e+01
8.484799999755858835e+01
8.584000001464843876e+01
8.532799998779296402e+01
8.543999998779297300e+01
8.668799997558593873e+01
8.628799998779297198e+01
8.588800000732422291e+01
8.564799999755859972e+01
8.631999999755859676e+01
8.736000001708984541e+01
8.675200000732421302e+01
8.663999997314452628e+01
8.609599997802735061e+01
8.695999999755859733e+01
8.680000000976562546e+01
8.659200001953125536e+01
8.716799997558594271e+01
8.627200000732422325e+01
8.715199998779296209e+01
8.740799997558593759e+01
8.686399998779296538e+01
8.761600001708984564e+01
8.710399997802734617e+01
8.779200001953124399e+01
8.830400001708984803e+01
8.697599998779297437e+01
8.723200001708984530e+01
8.779200000976562990e+01
8.782400000732421574e+01
8.753600000488280841e+01
8.727999998779296220e+01
8.868799999755859176e+01
8.782399999755858744e+01
8.769600001953125457e+01
9.395200000976562649e+01
9.465600001953124831e+01
9.478400000976562012e+01
9.556799998779297312e+01
9.544000001953125434e+01
9.555200001953124911e+01
9.569600001953125457e+01
9.598399999755859824e+01
9.598400001953125127e+01
9.612800001953125673e+01
9.649600000976562342e+01
9.641599997802734379e+01
9.635199997802735083e+01
9.662400001953125184e+01
9.688000001953125206e+01
9.695999997802734072e+01
9.649600001953125172e+01
9.684800001953125559e+01
9.710400001953125582e+01
9.724800000000000466e+01
9.734399999999999409e+01
9.734400001953125070e+01
9.735999999999999943e+01
9.721600000976562228e+01
9.764800001953125275e+01
9.745600000000000307e+01
9.737599997802733753e+01
9.774399999999999977e+01
9.788800000000000523e+01
9.769600001953125457e+01
9.796800000976563183e+01
9.788800000000000523e+01
9.790399998779297164e+01
9.811199999999999477e+01
9.809600000000000364e+01
9.782400000976562637e+01
9.857599999999999341e+01
9.836800001953125161e+01
9.785600000976562285e+01
9.840000000000000568e+01
9.798399999999999466e+01
9.798400000976562296e+01
9.822400000000000375e+01
9.840000000000000568e+01
9.817600000000000193e+01
9.859200001953125536e+01
9.860800000000000409e+01
9.857600001953125002e+01
9.864000000000000057e+01
9.856000000976563058e+01
9.895999999999999375e+01
9.900799999999999557e+01
9.894400000976563092e+01
9.910399999999999920e+01
9.907200000000000273e+01
9.905599999999999739e+01
9.896000000976562205e+01
9.904000000000000625e+01
9.920000000976563115e+01
9.892800000976562558e+01
9.913599999999999568e+01
