2.557028597335815334e+00
1.942170568695068322e+00
1.844088316307067821e+00
1.754888561668396019e+00
1.678330160942077542e+00
1.588904071426391562e+00
1.485915591354370013e+00
1.430703439331054705e+00
1.362417543869018477e+00
1.298731374092102042e+00
1.221149349403381379e+00
1.180188272094726543e+00
1.131989688987731890e+00
1.095457355537414523e+00
1.039310331535339360e+00
1.015758359031677216e+00
9.795059866333007959e-01
9.255871436882019410e-01
8.970186773490905763e-01
8.578379777336120338e-01
8.171619959640502584e-01
7.649888663673400924e-01
7.346925305938720729e-01
7.141350400924683095e-01
6.789528005218505857e-01
6.648653541564941705e-01
6.520493108558654827e-01
6.257067642402649454e-01
6.213627533531188574e-01
6.145115130805969272e-01
5.836957975196838122e-01
5.751505577659606905e-01
5.613720847892761379e-01
5.374158417510985775e-01
5.528305036163330133e-01
5.511302390670775875e-01
5.235489096069335657e-01
5.085464250564575295e-01
5.105970464897156003e-01
4.895121423435211394e-01
5.036991715049743412e-01
4.937384144592285029e-01
4.905393517875671350e-01
4.820906524372101098e-01
4.830831005525588751e-01
4.636528544425964626e-01
4.581040175247192425e-01
4.569097919178009004e-01
4.615339099025726477e-01
4.424957010650634737e-01
4.483188752174377401e-01
4.410019228649139644e-01
4.305636805534363010e-01
4.385493938446045070e-01
4.446808568239212223e-01
4.419268707275390562e-01
4.211878954601288028e-01
4.260434678077697490e-01
4.202702593231201211e-01
4.143460469818115444e-01
4.152669223976135360e-01
4.043533838081360132e-01
4.186520721149444846e-01
4.101258162403106922e-01
3.872374527549743428e-01
4.023943601417541704e-01
3.819310973739624138e-01
3.851585766410827727e-01
4.068557932090759444e-01
3.852847294044494664e-01
3.973769704151153825e-01
3.848092520713806142e-01
3.873245802497863877e-01
3.878089450836181840e-01
3.555124186992645319e-01
3.821110477638244851e-01
3.745854792451858706e-01
3.807214212989807334e-01
3.636616318702697859e-01
3.655216038799286027e-01
3.561634905529021955e-01
3.556488600635528408e-01
3.665721196174621666e-01
3.527902890968322991e-01
3.527678714942932281e-01
3.690026125717162930e-01
3.508161065483093033e-01
3.348293575763702234e-01
3.472881646156311120e-01
3.434678248310089055e-01
3.488718099403381179e-01
3.515980566549301023e-01
3.350929756593704067e-01
3.309356975936889600e-01
3.345005107879638895e-01
3.381357265281677016e-01
3.475590689182281312e-01
3.278257909011840776e-01
3.591224909687042444e-01
3.389238852739334118e-01
1.910718043804168764e-01
1.644691543531417721e-01
1.471640179133415216e-01
1.448130766642093670e-01
1.423927085590362684e-01
1.356219555830955603e-01
1.355353092980384755e-01
1.212426293659210202e-01
1.191073000717163127e-01
1.220977297210693313e-01
1.165645551252365159e-01
1.124247210645675649e-01
1.069144450640678451e-01
1.107650354337692267e-01
1.025507636737823525e-01
1.029083679151535091e-01
1.060957718825340235e-01
9.881794918298721087e-02
9.311349733591080258e-02
8.821594306468963365e-02
9.394991236686706104e-02
8.451646690845489307e-02
8.350661459207535386e-02
8.082392513930797273e-02
8.002167404413222662e-02
7.856886018276214301e-02
8.135968538045883214e-02
7.837147044420242348e-02
7.796009548664092903e-02
7.614634984493255654e-02
7.554813453435897663e-02
6.779747125625609772e-02
6.678472050547600014e-02
7.079806289613246872e-02
7.076487913072108948e-02
6.685448076844215104e-02
6.473450325250625081e-02
6.520944381833077008e-02
6.291547709941863742e-02
6.380188726425170542e-02
5.923020942926406768e-02
5.456123944401741060e-02
6.189617608547210575e-02
5.548215179204940561e-02
5.320071968078613628e-02
5.414501407861709720e-02
5.712145898342132350e-02
5.035118835687637379e-02
5.484839013695717164e-02
5.102505637884140188e-02
4.199542340397834778e-02
4.242083910942077291e-02
4.392162879467010478e-02
3.855843347787857311e-02
4.111131425559520769e-02
4.169123568296432408e-02
3.821198788106441174e-02
3.716276112556457512e-02
3.798351227998733592e-02
3.891677358150482519e-02
3.704191022038459680e-02
