2.661769406661987247e+00
1.945507399864196740e+00
1.846951142120361267e+00
1.745228445014953556e+00
1.672574462661743144e+00
1.560317035293579124e+00
1.476232635650634784e+00
1.401262483901977607e+00
1.348013984375000085e+00
1.270590140151977465e+00
1.220285601615905824e+00
1.169404436378479017e+00
1.120716813926696753e+00
1.075498066062927194e+00
1.007982278861999426e+00
9.982707628250122589e-01
9.531933964347839572e-01
9.190705739021300946e-01
8.787746741676331075e-01
8.627861746978759960e-01
7.999435365676880183e-01
7.896056647872924383e-01
7.479387322807311556e-01
7.312582040977477771e-01
6.983674718093871858e-01
6.946351070785522497e-01
6.457101176643371687e-01
6.477207057380676147e-01
6.395288676834106623e-01
6.134195873451232517e-01
6.163484555339813209e-01
5.923054050827026851e-01
5.749434601783752763e-01
5.789281505203247580e-01
5.625413017654419257e-01
5.511276223468780655e-01
5.395034524345397875e-01
5.329290197944641649e-01
5.365417817115784027e-01
5.466244513225555490e-01
5.279755134201049582e-01
4.968326581668853770e-01
5.193084924602509034e-01
5.103104939651489369e-01
5.045848623275757117e-01
4.855798700714111238e-01
4.935911850643158183e-01
4.750070508575439665e-01
4.809649331951141304e-01
4.879324984645843633e-01
4.740795582771301087e-01
4.676612112236022689e-01
4.693332710266113206e-01
4.579049080657959236e-01
4.598241300773620588e-01
4.509055986118316595e-01
4.514091534137725792e-01
4.383087091255187806e-01
4.762888226413726778e-01
4.499117317676544214e-01
4.298715233612060427e-01
4.304708027172088891e-01
4.226221240234375176e-01
4.158490757560729945e-01
4.168371296882629196e-01
4.433538571834564346e-01
3.959444769954681420e-01
4.256639045524597265e-01
4.104693164253234716e-01
4.195674693012237388e-01
4.080555032920837322e-01
4.106778206634521533e-01
4.131277321243286282e-01
4.071013192081451293e-01
3.798128457450866691e-01
3.821350143337249872e-01
3.872539701175689575e-01
3.793995310592651604e-01
3.752437644958496188e-01
4.046761782932281615e-01
3.787608458137512457e-01
3.879592738342285130e-01
3.919971393966674711e-01
3.904393053817749037e-01
4.011266917228698548e-01
3.642234504270553397e-01
3.707640233135223173e-01
3.849098365974426006e-01
3.659873523712158239e-01
3.600430114364623901e-01
3.644330610942840831e-01
3.718963463020324434e-01
3.696608632087707291e-01
3.758412889480590713e-01
3.338722150588035453e-01
3.507419664382934732e-01
3.638835971736907871e-01
3.534258994388580488e-01
3.468614313030242702e-01
3.461453401947021669e-01
2.017794045877456532e-01
1.717685799741744956e-01
1.549695398616790787e-01
1.435874455499649149e-01
1.454345731210708592e-01
1.412881977415084978e-01
1.363795367288589411e-01
1.291437374925613335e-01
1.271257339286804289e-01
1.206894649839401201e-01
1.191938238668441841e-01
1.169867268991470338e-01
1.088282271289825465e-01
1.092580748510360716e-01
1.068667131233215356e-01
9.689728924989700343e-02
9.918588568449020204e-02
9.937997531652451033e-02
9.759479574680328395e-02
9.370219632148742150e-02
8.953982178688049687e-02
9.300106073379516003e-02
8.633430686950684108e-02
8.895029458165168434e-02
8.113719764947890933e-02
8.122844352483749031e-02
8.155068147897720499e-02
7.740595849752425484e-02
7.239318330883980079e-02
7.067026082754135352e-02
7.840361782312392502e-02
7.125206812381744415e-02
7.264160186052322221e-02
7.379597215771675767e-02
6.968680407285690603e-02
6.514312330245972116e-02
6.986635995388031095e-02
6.380845904827117665e-02
6.305714776039123004e-02
6.045562346816062832e-02
5.964757245302200472e-02
6.273492949247359840e-02
5.307470372557639843e-02
6.011421470999717825e-02
6.050839686393737898e-02
5.051253254681825622e-02
6.025870490431785298e-02
5.661274865627288766e-02
5.204589308500289641e-02
5.193782707780599667e-02
4.740072928190231655e-02
4.381702925682067623e-02
4.786259789228439199e-02
4.128738073587417262e-02
4.223445885419845752e-02
3.798213396310805984e-02
3.877774512529372913e-02
4.238584007740020532e-02
3.523777714967727542e-02
3.606023076891898965e-02
3.463835362434387194e-02
