4.265947341918945312e-01
4.090230464935302734e-01
4.227709770202636719e-01
4.124243259429931641e-01
4.354064464569091797e-01
4.077496528625488281e-01
4.091608524322509766e-01
4.151351451873779297e-01
4.185357093811035156e-01
4.256205558776855469e-01
4.844527244567871094e-01
4.195368289947509766e-01
4.132242202758789062e-01
4.094991683959960938e-01
4.306781291961669922e-01
4.145960807800292969e-01
4.031739234924316406e-01
3.967041969299316406e-01
4.180204868316650391e-01
4.259724617004394531e-01
4.049587249755859375e-01
4.055352210998535156e-01
4.172816276550292969e-01
4.176759719848632812e-01
3.979167938232421875e-01
4.205887317657470703e-01
4.074010848999023438e-01
4.048278331756591797e-01
4.075515270233154297e-01
4.050822257995605469e-01
3.998243808746337891e-01
4.299855232238769531e-01
4.039330482482910156e-01
4.102318286895751953e-01
4.036614894866943359e-01
4.288039207458496094e-01
4.174563884735107422e-01
4.117465019226074219e-01
4.075372219085693359e-01
4.110350608825683594e-01
4.074616432189941406e-01
4.109797477722167969e-01
4.301362037658691406e-01
4.281895160675048828e-01
4.176890850067138672e-01
4.194614887237548828e-01
4.065723419189453125e-01
4.161338806152343750e-01
4.135472774505615234e-01
4.192790985107421875e-01
4.154479503631591797e-01
4.270689487457275391e-01
4.211981296539306641e-01
4.145436286926269531e-01
4.230141639709472656e-01
4.197397232055664062e-01
4.178738594055175781e-01
4.349379539489746094e-01
4.187002182006835938e-01
4.280309677124023438e-01
4.166142940521240234e-01
4.163565635681152344e-01
4.258790016174316406e-01
4.178507328033447266e-01
4.103424549102783203e-01
4.107694625854492188e-01
4.283189773559570312e-01
4.197361469268798828e-01
4.181208610534667969e-01
4.194285869598388672e-01
4.158890247344970703e-01
4.062979221343994141e-01
4.329440593719482422e-01
4.361519813537597656e-01
4.133939743041992188e-01
4.087021350860595703e-01
4.090983867645263672e-01
4.092614650726318359e-01
4.209749698638916016e-01
4.064817428588867188e-01
3.977110385894775391e-01
4.260292053222656250e-01
4.081580638885498047e-01
4.174177646636962891e-01
4.085402488708496094e-01
4.102559089660644531e-01
4.213702678680419922e-01
4.095993041992187500e-01
4.129750728607177734e-01
4.278705120086669922e-01
4.196968078613281250e-01
4.102089405059814453e-01
4.083328247070312500e-01
4.352607727050781250e-01
4.059953689575195312e-01
4.314908981323242188e-01
4.137060642242431641e-01
4.124331474304199219e-01
4.053730964660644531e-01
4.078443050384521484e-01
4.147920608520507812e-01
4.165468215942382812e-01
4.187302589416503906e-01
4.184920787811279297e-01
4.249866008758544922e-01
4.042310714721679688e-01
4.111588001251220703e-01
4.138145446777343750e-01
4.097285270690917969e-01
4.145677089691162109e-01
4.130444526672363281e-01
4.109463691711425781e-01
4.050338268280029297e-01
4.194042682647705078e-01
4.196836948394775391e-01
4.135594367980957031e-01
4.313933849334716797e-01
4.203855991363525391e-01
4.185907840728759766e-01
4.101400375366210938e-01
4.192378520965576172e-01
4.298207759857177734e-01
4.253559112548828125e-01
4.307177066802978516e-01
4.191002845764160156e-01
4.231348037719726562e-01
4.197542667388916016e-01
4.239776134490966797e-01
4.192860126495361328e-01
4.219498634338378906e-01
4.152026176452636719e-01
4.138374328613281250e-01
4.174551963806152344e-01
4.255235195159912109e-01
4.191746711730957031e-01
4.080870151519775391e-01
4.099678993225097656e-01
4.265668392181396484e-01
4.161012172698974609e-01
4.119145870208740234e-01
4.216053485870361328e-01
4.085466861724853516e-01
4.111289978027343750e-01
4.051282405853271484e-01
4.357531070709228516e-01
4.180843830108642578e-01
4.120526313781738281e-01
4.218075275421142578e-01
4.358789920806884766e-01
4.201309680938720703e-01
4.172220230102539062e-01
4.123082160949707031e-01
4.129252433776855469e-01
4.088504314422607422e-01
4.168558120727539062e-01
4.283118247985839844e-01
4.056255817413330078e-01
4.141802787780761719e-01
4.156889915466308594e-01
4.059958457946777344e-01
4.100306034088134766e-01
