2.718590079727172704e+00
1.956701435813903878e+00
1.877121496810913115e+00
1.790638205337524491e+00
1.678982216720581011e+00
1.602678558425903343e+00
1.508380258178710909e+00
1.450104664039611801e+00
1.355761302566528270e+00
1.308554303855895995e+00
1.273997217826843276e+00
1.197217536735534660e+00
1.140333403053283678e+00
1.098399298515319922e+00
1.076737816047668383e+00
1.035585502624511767e+00
9.807554730224609107e-01
9.291480265617370060e-01
9.046932010269165270e-01
8.693121075439452783e-01
8.199583155632018672e-01
7.964611921691894247e-01
7.561140232658386529e-01
7.433610546493529814e-01
7.030590685272216644e-01
6.880058539581298538e-01
6.804554501152038082e-01
6.501540632629394523e-01
6.359422088813782015e-01
6.343389492225647297e-01
5.984232138824462366e-01
5.913472540092468144e-01
5.708178221130371099e-01
5.827733210563659227e-01
5.673263611030578968e-01
5.582773819923401160e-01
5.478187663459778145e-01
5.543936401557922888e-01
5.279147224617004586e-01
5.397805061531066873e-01
5.280410647010803649e-01
5.027134341812133922e-01
5.166467433929443631e-01
5.029807242965698144e-01
4.972293652915954487e-01
4.869821033477783057e-01
4.842229478263854747e-01
4.786248252487182442e-01
4.768911389541625745e-01
4.760804892158508328e-01
4.790979580116271896e-01
4.585770911121368476e-01
4.583899322986602631e-01
4.567162071990966687e-01
4.304571073150634808e-01
4.734786268424988065e-01
4.425642696380615027e-01
4.384701725196838429e-01
4.232860840177535833e-01
4.286312946605682628e-01
4.269187957763672103e-01
4.325024357604980718e-01
4.280314627742767275e-01
4.126233217430114730e-01
4.074065558242797591e-01
4.149353361320495814e-01
4.189943579864501833e-01
4.026027678489684791e-01
4.066960075187683321e-01
3.996712947654724180e-01
4.004583884620666612e-01
3.957006213951110851e-01
4.082144019317626715e-01
3.765055347347259773e-01
4.031469532775878717e-01
3.945744771289825259e-01
3.969466950798034577e-01
3.883461732482910156e-01
3.788729219150543392e-01
3.846733023643493787e-01
3.689695827865600575e-01
3.610176053714752031e-01
3.729817635536193943e-01
3.632812176227569467e-01
3.644062043190002265e-01
3.779281317424774134e-01
3.564265060615539604e-01
3.474019427061080800e-01
3.580246902275085463e-01
3.619982517051696935e-01
3.602539445447921485e-01
3.455167190170287950e-01
3.687930475425720278e-01
3.457649489212036298e-01
3.562549738502502339e-01
3.593469051265716363e-01
3.466817716789245551e-01
3.530667868614196792e-01
3.537728532028198147e-01
3.402456396293639940e-01
1.992346454715728798e-01
1.703914932727813858e-01
1.503438610601425252e-01
1.550628404331207411e-01
1.424295426034927481e-01
1.403625340557098367e-01
1.337975567102432373e-01
1.371049610900878790e-01
1.295332120180129887e-01
1.257817061567306494e-01
1.209760369658470086e-01
1.189164856243133533e-01
1.045897201728820808e-01
1.085413273477554286e-01
1.080085128068924011e-01
1.053169951343536359e-01
1.028087597799301200e-01
1.021671235275268541e-01
9.405210872352123830e-02
9.826793982386589077e-02
9.374451044082642015e-02
9.214982874870300544e-02
9.108326579332351458e-02
9.011621120929717843e-02
8.920083293199539132e-02
8.519404364585876632e-02
8.496909198284148534e-02
8.080766796112059946e-02
7.374449958324431897e-02
7.471084343671798023e-02
7.052969369351863582e-02
7.374941441535949604e-02
6.841486580818890995e-02
7.587682815074921205e-02
7.279712812900543395e-02
7.425815070629120107e-02
6.644239813804626860e-02
6.085662578105926340e-02
6.308708469629287219e-02
6.495914071559906466e-02
6.699465307235717704e-02
6.335170531690120788e-02
6.184527004241943682e-02
5.732462574005126738e-02
6.177269401788711839e-02
5.863256737470626950e-02
5.406340826034546077e-02
5.310792291879654070e-02
5.409474233150482481e-02
5.124620414555072778e-02
4.494029126137494973e-02
3.898485833168029852e-02
4.349439492523670542e-02
4.489109956622124031e-02
3.678932224512099919e-02
4.207966681122780189e-02
4.019291275322437601e-02
4.302695281267165939e-02
3.955901010632514869e-02
4.009269422531128169e-02
4.160007711887359766e-02
