2.801884412765502930e+00
1.933007001876831055e+00
1.911037921905517578e+00
1.958974123001098633e+00
1.951761007308959961e+00
1.941581249237060547e+00
1.949307203292846680e+00
1.920116901397705078e+00
1.940574884414672852e+00
1.940327644348144531e+00
1.996089220046997070e+00
1.948202133178710938e+00
1.915348529815673828e+00
1.924719333648681641e+00
1.943456172943115234e+00
1.933641910552978516e+00
1.929324626922607422e+00
1.929020404815673828e+00
1.924743652343750000e+00
1.923470973968505859e+00
1.918118000030517578e+00
1.931904554367065430e+00
1.925057411193847656e+00
1.920939445495605469e+00
1.940797567367553711e+00
1.953376770019531250e+00
1.942711830139160156e+00
1.937402248382568359e+00
1.948428153991699219e+00
1.950703620910644531e+00
1.946443557739257812e+00
1.931329727172851562e+00
1.932868003845214844e+00
1.924520015716552734e+00
1.924121856689453125e+00
1.931293010711669922e+00
1.926094055175781250e+00
1.922417163848876953e+00
1.937425374984741211e+00
1.917464494705200195e+00
1.939901113510131836e+00
1.935007572174072266e+00
1.916715145111083984e+00
1.928382873535156250e+00
1.912222623825073242e+00
1.919362545013427734e+00
1.922933578491210938e+00
1.918668985366821289e+00
1.932772397994995117e+00
1.914446353912353516e+00
1.918546915054321289e+00
1.913585901260375977e+00
1.922780513763427734e+00
1.909417867660522461e+00
1.922719955444335938e+00
1.920410156250000000e+00
1.919867753982543945e+00
1.912396430969238281e+00
1.931479930877685547e+00
1.920083284378051758e+00
1.925575971603393555e+00
1.937719821929931641e+00
1.940008163452148438e+00
1.937086105346679688e+00
1.939950942993164062e+00
1.934857130050659180e+00
1.918219089508056641e+00
1.929258584976196289e+00
1.917615413665771484e+00
1.922493696212768555e+00
1.940018892288208008e+00
1.943021059036254883e+00
1.925777912139892578e+00
1.920131921768188477e+00
1.933303594589233398e+00
1.926667690277099609e+00
1.925616502761840820e+00
1.927522897720336914e+00
1.926630020141601562e+00
1.935918092727661133e+00
1.972155570983886719e+00
1.924413681030273438e+00
1.922422170639038086e+00
1.933182001113891602e+00
1.921930074691772461e+00
1.941648960113525391e+00
1.972014188766479492e+00
1.922074079513549805e+00
1.951653003692626953e+00
1.924401044845581055e+00
1.933650255203247070e+00
1.942503452301025391e+00
1.989753007888793945e+00
1.919744729995727539e+00
1.925239801406860352e+00
1.930126428604125977e+00
1.913437366485595703e+00
1.920477628707885742e+00
1.918628454208374023e+00
1.956299781799316406e+00
1.934826374053955078e+00
1.931917667388916016e+00
1.919935703277587891e+00
1.910640954971313477e+00
1.920244693756103516e+00
1.936913728713989258e+00
1.919773817062377930e+00
1.926254272460937500e+00
1.943111181259155273e+00
1.919235467910766602e+00
1.940839290618896484e+00
1.933976888656616211e+00
1.937303304672241211e+00
1.911333084106445312e+00
1.919734954833984375e+00
1.907324075698852539e+00
1.926639080047607422e+00
1.937228202819824219e+00
1.918295383453369141e+00
1.932005643844604492e+00
1.929314613342285156e+00
1.912618637084960938e+00
1.907743692398071289e+00
1.918527603149414062e+00
1.923291444778442383e+00
1.906116008758544922e+00
1.926072597503662109e+00
1.919609308242797852e+00
1.916198253631591797e+00
1.918335676193237305e+00
1.932636499404907227e+00
1.934419393539428711e+00
1.928839921951293945e+00
1.936704397201538086e+00
1.932672739028930664e+00
1.929883718490600586e+00
1.934037923812866211e+00
1.915413141250610352e+00
1.953785181045532227e+00
1.917004108428955078e+00
1.937070608139038086e+00
1.931649208068847656e+00
1.919125795364379883e+00
1.938452720642089844e+00
1.920864820480346680e+00
1.918443441390991211e+00
1.937225341796875000e+00
1.919614315032958984e+00
1.940189361572265625e+00
1.924263477325439453e+00
1.944010734558105469e+00
1.936250925064086914e+00
1.934507608413696289e+00
1.921207904815673828e+00
1.936859130859375000e+00
1.925724983215332031e+00
1.920754671096801758e+00
1.946022510528564453e+00
1.918523311614990234e+00
1.920916557312011719e+00
1.925715923309326172e+00
