2.661159480209350559e+00
1.926190927734374947e+00
1.832796252593994035e+00
1.757737209510803256e+00
1.658693754501342710e+00
1.569170380477905358e+00
1.505331056594848560e+00
1.429190558624267471e+00
1.365040169906616141e+00
1.286765743980407661e+00
1.236018185958862370e+00
1.179637422657012991e+00
1.143980399284362903e+00
1.075027094612121648e+00
1.042721514720916787e+00
9.913953011322022002e-01
9.625935144424438983e-01
9.297833437728881822e-01
9.129752299690246931e-01
8.572238280296325952e-01
8.259254241752624903e-01
7.778651050758361718e-01
7.655123250198364593e-01
7.414784733200072697e-01
7.117041773796081161e-01
6.930378210258484328e-01
6.745253915596007843e-01
6.382260296440124270e-01
6.262220979499817375e-01
6.193021296882629256e-01
5.967910790634155527e-01
5.703181409645080580e-01
5.667064824581146132e-01
5.618372416305541517e-01
5.719991129493713355e-01
5.607546159362792881e-01
5.596986070632934407e-01
5.415371832084655557e-01
5.199613497829437270e-01
5.127053070163727355e-01
5.076094615173339930e-01
4.942146318149566731e-01
4.948097291374206619e-01
4.834552519321441699e-01
4.774037883186340592e-01
4.886521458244323934e-01
4.616412105846405267e-01
4.800803083992004616e-01
4.672788545608520527e-01
4.448669719696045077e-01
4.591965851974487145e-01
4.524427330875396835e-01
4.565780782127380477e-01
4.598042755699157658e-01
4.407441737079620392e-01
4.231939994430541918e-01
4.311011978244781440e-01
4.443316450881957813e-01
4.219601507472992008e-01
4.371958066082000660e-01
4.136731136417388655e-01
4.172196982192993286e-01
4.234961532974242937e-01
4.138945612335205304e-01
4.037212669658660769e-01
4.029406411552429179e-01
3.989003324127197159e-01
3.909644417572021302e-01
3.947591289710998264e-01
3.888714867019653076e-01
3.834497375583648671e-01
3.810779595756531024e-01
3.933090679931640632e-01
3.756821253585815312e-01
3.798449416637420528e-01
3.767169214916229469e-01
3.692903610420227301e-01
3.654213481330871316e-01
3.697487115192413243e-01
3.623584810066223239e-01
3.739432447957992678e-01
3.590516294002533138e-01
3.663831962394714092e-01
3.620828711605071915e-01
3.556741189479827869e-01
3.553300054931640695e-01
3.673280550575256376e-01
3.520259699821471910e-01
3.575136828041076686e-01
3.576539259147644145e-01
3.394264665985107232e-01
3.362021315336227167e-01
3.405607339572906400e-01
3.450697471427917606e-01
3.363900238132476739e-01
3.421846856117248259e-01
3.424204139995574714e-01
3.331518419075012449e-01
3.312538764572143801e-01
3.277666851329803510e-01
1.858489399147033594e-01
1.673978737735748179e-01
1.466078621149063121e-01
1.358506251811981147e-01
1.397345347976684526e-01
1.376339583301544323e-01
1.256868743228912455e-01
1.205762556672096281e-01
1.155593115329742460e-01
1.093505260372161919e-01
1.095134863996505697e-01
1.084995465040206886e-01
1.041071074581146200e-01
1.060089832520484943e-01
1.023157733595371210e-01
1.007389402651786836e-01
9.708044096946716328e-02
8.934468903064728129e-02
8.836763792037963250e-02
8.566556698322295993e-02
9.385848702907562124e-02
7.999580543994903870e-02
7.794059098720550194e-02
7.750395140886306988e-02
8.430503546237945456e-02
7.581083585262297919e-02
8.137879680633544610e-02
7.112090136289596354e-02
6.997066809654235719e-02
7.001400450170040812e-02
6.948331443428992782e-02
6.801720245361328465e-02
6.908423693418502820e-02
7.014360555171966771e-02
6.511007314205169427e-02
6.601119863271713573e-02
6.175798604488372950e-02
6.271499561071396112e-02
6.273057976722717921e-02
5.822887565374374602e-02
5.542018068671226289e-02
5.633435551643371786e-02
5.294747551083564541e-02
5.325825222969055028e-02
5.979706232309341118e-02
5.036178859233856470e-02
5.299889063596725791e-02
4.814124421119689995e-02
5.507977208316326007e-02
5.395420772373676205e-02
4.167666637063026369e-02
3.937484315276145591e-02
4.111156831443309873e-02
3.783059100329876079e-02
3.737272336483001695e-02
3.704563098669052396e-02
3.729045187413692480e-02
3.571910850822925670e-02
3.600047974884509894e-02
3.606842806100845483e-02
3.593832652926445131e-02
