4.265460968017578125e-01
4.090337753295898438e-01
4.228250980377197266e-01
4.123206138610839844e-01
4.353942871093750000e-01
4.077014923095703125e-01
4.091527462005615234e-01
4.149267673492431641e-01
4.185144901275634766e-01
4.255466461181640625e-01
5.159318447113037109e-01
4.195356369018554688e-01
4.132282733917236328e-01
4.093980789184570312e-01
4.306592941284179688e-01
4.145808219909667969e-01
4.031136035919189453e-01
3.966777324676513672e-01
4.180049896240234375e-01
4.260063171386718750e-01
4.049248695373535156e-01
4.054918289184570312e-01
4.173064231872558594e-01
4.177112579345703125e-01
3.970651626586914062e-01
4.205958843231201172e-01
4.073283672332763672e-01
4.047844409942626953e-01
4.075143337249755859e-01
4.051010608673095703e-01
3.997921943664550781e-01
4.299263954162597656e-01
4.038603305816650391e-01
4.102289676666259766e-01
4.036664962768554688e-01
4.287872314453125000e-01
4.176983833312988281e-01
4.116768836975097656e-01
4.080243110656738281e-01
4.110047817230224609e-01
4.074707031250000000e-01
4.109792709350585938e-01
4.302361011505126953e-01
4.281411170959472656e-01
4.176652431488037109e-01
4.193882942199707031e-01
4.065766334533691406e-01
4.161248207092285156e-01
4.135787487030029297e-01
4.192717075347900391e-01
4.153962135314941406e-01
4.269230365753173828e-01
4.211432933807373047e-01
4.146089553833007812e-01
4.229488372802734375e-01
4.197938442230224609e-01
4.178791046142578125e-01
4.348704814910888672e-01
4.186232089996337891e-01
4.279730319976806641e-01
4.165515899658203125e-01
4.163737297058105469e-01
4.258685111999511719e-01
4.178349971771240234e-01
4.103128910064697266e-01
4.107050895690917969e-01
4.283332824707031250e-01
4.197182655334472656e-01
4.180777072906494141e-01
4.193444252014160156e-01
4.158394336700439453e-01
4.062066078186035156e-01
4.328739643096923828e-01
4.361872673034667969e-01
4.133496284484863281e-01
4.086284637451171875e-01
4.090747833251953125e-01
4.092268943786621094e-01
4.209356307983398438e-01
4.064402580261230469e-01
3.976576328277587891e-01
4.259295463562011719e-01
4.081065654754638672e-01
4.181637763977050781e-01
4.085595607757568359e-01
4.101901054382324219e-01
4.213914871215820312e-01
4.104075431823730469e-01
4.129166603088378906e-01
4.278321266174316406e-01
4.196405410766601562e-01
4.101290702819824219e-01
4.083085060119628906e-01
4.352066516876220703e-01
4.059429168701171875e-01
4.313657283782958984e-01
4.137277603149414062e-01
4.124476909637451172e-01
4.053595066070556641e-01
4.077284336090087891e-01
4.147264957427978516e-01
4.164719581604003906e-01
4.186244010925292969e-01
4.185066223144531250e-01
4.249982833862304688e-01
4.042592048645019531e-01
4.111237525939941406e-01
4.137458801269531250e-01
4.097328186035156250e-01
4.145419597625732422e-01
4.129285812377929688e-01
4.110176563262939453e-01
4.049668312072753906e-01
4.194476604461669922e-01
4.196016788482666016e-01
4.140517711639404297e-01
4.313092231750488281e-01
4.203696250915527344e-01
4.185547828674316406e-01
4.102447032928466797e-01
4.192514419555664062e-01
4.297466278076171875e-01
4.253671169281005859e-01
4.305791854858398438e-01
4.190750122070312500e-01
4.231832027435302734e-01
4.197247028350830078e-01
4.239208698272705078e-01
4.191875457763671875e-01
4.218540191650390625e-01
4.151403903961181641e-01
4.137549400329589844e-01
4.174444675445556641e-01
4.254732131958007812e-01
4.191577434539794922e-01
4.079756736755371094e-01
4.099419116973876953e-01
4.265077114105224609e-01
4.160053730010986328e-01
4.118390083312988281e-01
4.215373992919921875e-01
4.084448814392089844e-01
4.110743999481201172e-01
4.051272869110107422e-01
4.358220100402832031e-01
4.179875850677490234e-01
4.120261669158935547e-01
4.218080043792724609e-01
4.358544349670410156e-01
4.200391769409179688e-01
4.171121120452880859e-01
4.123425483703613281e-01
4.129388332366943359e-01
4.087576866149902344e-01
4.163796901702880859e-01
4.282860755920410156e-01
4.053955078125000000e-01
4.140307903289794922e-01
4.156675338745117188e-01
4.059796333312988281e-01
4.099433422088623047e-01
