3.216952800750732422e+00
2.341426610946655273e+00
2.334360361099243164e+00
2.307488679885864258e+00
2.346554040908813477e+00
2.329734086990356445e+00
2.334642648696899414e+00
2.309685707092285156e+00
2.333966255187988281e+00
2.305668354034423828e+00
2.394231319427490234e+00
2.343032121658325195e+00
2.311931610107421875e+00
2.314881086349487305e+00
2.332009553909301758e+00
2.398383855819702148e+00
2.324839591979980469e+00
2.322327613830566406e+00
2.317248821258544922e+00
2.334936380386352539e+00
2.349514245986938477e+00
2.323000192642211914e+00
2.318490743637084961e+00
2.322380781173706055e+00
2.323693513870239258e+00
2.391197919845581055e+00
2.322076559066772461e+00
2.312094449996948242e+00
2.340156078338623047e+00
2.339104413986206055e+00
2.340731143951416016e+00
2.305552959442138672e+00
2.326589822769165039e+00
2.339826345443725586e+00
2.313076257705688477e+00
2.338105440139770508e+00
2.320063829421997070e+00
2.321040153503417969e+00
2.325263977050781250e+00
2.300031661987304688e+00
2.343053817749023438e+00
2.318798303604125977e+00
2.311120033264160156e+00
2.324608087539672852e+00
2.313706636428833008e+00
2.328314542770385742e+00
2.309139251708984375e+00
2.302721977233886719e+00
2.329452514648437500e+00
2.315927982330322266e+00
2.364131927490234375e+00
2.325573921203613281e+00
2.327483892440795898e+00
2.306328773498535156e+00
2.317164182662963867e+00
2.330682277679443359e+00
2.330685615539550781e+00
2.313765048980712891e+00
2.325243473052978516e+00
2.319710969924926758e+00
2.341219425201416016e+00
2.335108041763305664e+00
2.329166650772094727e+00
2.324083328247070312e+00
2.331607103347778320e+00
2.335006237030029297e+00
2.325791120529174805e+00
2.343164920806884766e+00
2.311742067337036133e+00
2.326724290847778320e+00
2.344724893569946289e+00
2.319010257720947266e+00
2.336456060409545898e+00
2.341528892517089844e+00
2.321118593215942383e+00
2.329354763031005859e+00
2.329159259796142578e+00
2.325847864151000977e+00
2.326637029647827148e+00
2.331270456314086914e+00
2.315401792526245117e+00
2.324552059173583984e+00
2.330102682113647461e+00
2.324274063110351562e+00
2.305876255035400391e+00
2.335904598236083984e+00
2.335314035415649414e+00
2.307948350906372070e+00
2.321393728256225586e+00
2.337601661682128906e+00
2.350641012191772461e+00
2.333587884902954102e+00
2.343300104141235352e+00
2.320314407348632812e+00
2.307866811752319336e+00
2.329128026962280273e+00
2.315446138381958008e+00
2.314136266708374023e+00
2.320939779281616211e+00
2.342444658279418945e+00
2.320964813232421875e+00
2.314043521881103516e+00
2.317632436752319336e+00
2.316755056381225586e+00
2.324911117553710938e+00
2.326783895492553711e+00
2.309735536575317383e+00
2.328117132186889648e+00
2.306296348571777344e+00
2.311904907226562500e+00
2.326812028884887695e+00
2.322938442230224609e+00
2.343476772308349609e+00
2.310414314270019531e+00
2.320487976074218750e+00
2.303996086120605469e+00
2.330677747726440430e+00
2.329198360443115234e+00
2.307905435562133789e+00
2.333332061767578125e+00
2.324867248535156250e+00
2.325998783111572266e+00
2.317421674728393555e+00
2.320997476577758789e+00
2.336354494094848633e+00
2.319958209991455078e+00
2.325758695602416992e+00
2.332259178161621094e+00
2.313956975936889648e+00
2.314080238342285156e+00
2.322347402572631836e+00
2.326905965805053711e+00
2.338057041168212891e+00
2.339823484420776367e+00
2.323037862777709961e+00
2.321826219558715820e+00
2.349156856536865234e+00
2.335165262222290039e+00
2.360824346542358398e+00
2.318565130233764648e+00
2.342595577239990234e+00
2.323815107345581055e+00
2.309166908264160156e+00
2.325147151947021484e+00
2.336795091629028320e+00
2.335967302322387695e+00
2.337988138198852539e+00
2.317834377288818359e+00
2.358007431030273438e+00
2.334168910980224609e+00
2.326146602630615234e+00
2.343342065811157227e+00
2.319621086120605469e+00
2.309368848800659180e+00
2.345062732696533203e+00
2.308805704116821289e+00
2.318075180053710938e+00
2.338987112045288086e+00
2.320393562316894531e+00
2.327696800231933594e+00
2.312904357910156250e+00
