2.822888324432373253e+00
1.938550686073303275e+00
1.849004123840332081e+00
1.758833946189880315e+00
1.685191225738525311e+00
1.578701697845458884e+00
1.486382983512878342e+00
1.411032204399108814e+00
1.336988873443603509e+00
1.285235056457519454e+00
1.220735999450683673e+00
1.160322410163879381e+00
1.101464323558807301e+00
1.062264893608093175e+00
1.022802693748474212e+00
9.995916655731200695e-01
9.513466043853759935e-01
9.055517433357238577e-01
8.835117234802246644e-01
8.391950147819519090e-01
8.057045704269408803e-01
7.716267576026916153e-01
7.284061808586120845e-01
6.901190779113769436e-01
6.740861477661133083e-01
6.579931473731994718e-01
6.305950772094726098e-01
6.033730882072448898e-01
6.091365810775757339e-01
5.764276848602294390e-01
5.871206714248656811e-01
5.570368431758880856e-01
5.531353909492492393e-01
5.404845049858093553e-01
5.262073450279235454e-01
5.204981478500366743e-01
5.149430289649963299e-01
5.146405371475220036e-01
5.114524282073974470e-01
5.021143836593627841e-01
4.945346108055114764e-01
4.830828041267394846e-01
4.798167146968841390e-01
4.609612864685058709e-01
4.826616581439971965e-01
4.584862500190735046e-01
4.552626119613647493e-01
4.664608140945434300e-01
4.474191206359863227e-01
4.491119736480713165e-01
4.369600222587585181e-01
4.538672730064391980e-01
4.483316142845154006e-01
4.247186001968383806e-01
4.280760550022125188e-01
4.407773680973052777e-01
4.327626508712768549e-01
4.138476157283783041e-01
4.361306612777710034e-01
4.224389867925644193e-01
4.148390106964111590e-01
3.927137432098388725e-01
4.118466738796234261e-01
4.158624152469634905e-01
3.922414662551879649e-01
3.848924708652496363e-01
3.876310071182251238e-01
3.905607082176208444e-01
3.809871530818939034e-01
3.817888291358947916e-01
3.866775835609436163e-01
3.988040333557129058e-01
3.713994347381591732e-01
3.748747739505767784e-01
4.030983181571960450e-01
3.584062380981445362e-01
3.720792873573303128e-01
3.797398667526244997e-01
3.694152001190185719e-01
3.566339573192596202e-01
3.663183076477050659e-01
3.566757995033263962e-01
3.651597904205322043e-01
3.577074767875671468e-01
3.540593617820739780e-01
3.539120577812194801e-01
3.632990643215179283e-01
3.489233292770385630e-01
3.691969748687743968e-01
3.346010969638824606e-01
3.337972025394439490e-01
3.431797780323028735e-01
3.579171672439575014e-01
3.496179612779617418e-01
3.289581237554550230e-01
3.452686523628235027e-01
3.566994915390014897e-01
3.345783944320678827e-01
3.277150555849075442e-01
3.041028418636321784e-01
1.967185927796363809e-01
1.654039323520660465e-01
1.471375430536270013e-01
1.401863710689544573e-01
1.352421414136886491e-01
1.294757500362396230e-01
1.248034248733520535e-01
1.143626371383666962e-01
1.154309142637252872e-01
1.142283201122283876e-01
1.113734485900402110e-01
1.053866075754165688e-01
1.028339769339561421e-01
1.034272011232376109e-01
1.008761428678035671e-01
9.764757377147674500e-02
8.910676790118217394e-02
9.292363859891891731e-02
9.416599542379379406e-02
8.895115152359009403e-02
8.913421420097350500e-02
8.426688874244689376e-02
8.244636605739592838e-02
8.169321345806121459e-02
8.067175055503844616e-02
7.417604983091354021e-02
7.771191763877868808e-02
6.973786390811205493e-02
7.709913074970245472e-02
6.559873745441437143e-02
7.523460223674774405e-02
7.014695725679397087e-02
6.360906796932221108e-02
6.976969183921813422e-02
6.030980003595352162e-02
6.730537625074387020e-02
6.074592852830886652e-02
6.247449595451354948e-02
5.726880019068718297e-02
6.204080586552619681e-02
5.705555191278457311e-02
5.607990428686141643e-02
5.887768987774848889e-02
4.939229439496994195e-02
5.646235682547092599e-02
5.293819657325744832e-02
5.363371313691139147e-02
4.804574754476547555e-02
5.322412217378616472e-02
5.440308001995086684e-02
4.005411835670471404e-02
4.243797647237777804e-02
4.088748006284236708e-02
3.950126672983169523e-02
3.981163098931312511e-02
3.975912144899368394e-02
3.784181672334670926e-02
3.785519387960434301e-02
3.540375153481960246e-02
3.870740236759185465e-02
3.508255755960941469e-02
