1.723199999145507988e+01
2.399999999816894558e+01
2.871999999145507942e+01
3.191999999389648579e+01
3.511999999389648508e+01
4.027200000976562677e+01
4.355200000976562791e+01
4.659199999999999875e+01
4.961599999633789082e+01
5.243199998657226502e+01
5.539200000610351537e+01
5.806400000000000006e+01
5.902400000244140443e+01
6.041599999389648445e+01
6.206399998657226291e+01
6.375999999267578033e+01
6.524800000244140108e+01
6.731200000488281887e+01
6.814400000488281250e+01
6.991999998535156635e+01
7.152000001464843137e+01
7.374399998291015379e+01
7.479999999511719011e+01
7.548799997558593589e+01
7.652799999511718454e+01
7.648000000732422166e+01
7.745599997558593941e+01
7.830400001708984803e+01
7.851200000732421813e+01
7.878399999755859540e+01
7.987199999511719284e+01
8.008000000488281955e+01
8.079999998535156180e+01
8.131200000732421529e+01
8.079999997558593350e+01
8.105599997558593373e+01
8.171200000488281034e+01
8.260799999511718283e+01
8.191999999511718045e+01
8.312000000732422222e+01
8.238399999511719329e+01
8.300799997558593191e+01
8.304000001708983802e+01
8.356799998779297312e+01
8.366399997802734845e+01
8.467199998779297232e+01
8.443200001464843751e+01
8.451199997558593680e+01
8.403199999755860006e+01
8.479999998535156180e+01
8.463999999755858994e+01
8.483200000732422552e+01
8.516799999511718511e+01
8.496000000488281501e+01
8.486399998779296538e+01
8.456000001464843763e+01
8.571199997802735027e+01
8.537600001708985076e+01
8.527999998535156578e+01
8.588799997802733799e+01
8.559999997558593066e+01
8.609599997558593998e+01
8.590399997558593270e+01
8.580799999755859631e+01
8.656000001708984826e+01
8.619199998779296834e+01
8.720000001708984882e+01
8.643200001708984814e+01
8.579200001708984757e+01
8.684800000732421665e+01
8.649599999755859869e+01
8.662399997802734219e+01
8.664000001708984655e+01
8.657600001464844297e+01
8.761600000732421734e+01
8.697600000732421677e+01
8.723199999999999932e+01
8.684799998779297425e+01
8.718400001708984348e+01
8.756799999755858721e+01
8.761599997558593600e+01
8.812800000732421779e+01
8.739199998779297118e+01
8.755199999755859608e+01
8.774400001708984576e+01
8.702399997558593725e+01
8.779200001708984757e+01
8.881599997802734947e+01
8.843199998779296322e+01
8.817600001708984792e+01
8.819199997802734003e+01
8.792000001953124411e+01
8.830399998779296311e+01
8.868799999755859176e+01
8.851199999755858983e+01
8.841600001953125343e+01
8.776000001708983689e+01
8.819199999755859665e+01
8.724800001708985064e+01
8.847999998779296504e+01
9.374399997802734674e+01
9.468799997802734936e+01
9.553600000000000136e+01
9.540800000000000125e+01
9.568000001953124922e+01
9.545600000976563138e+01
9.569600000976562626e+01
9.612799997802734708e+01
9.630400000976563035e+01
9.595200001953125479e+01
9.608000000976562660e+01
9.635199997802735083e+01
9.641599999999999682e+01
9.652799997802733856e+01
9.684800000976562728e+01
9.668800001953124479e+01
9.636800000976562330e+01
9.664000000976562887e+01
9.712000000976561864e+01
9.721600000976562228e+01
9.710400001953125582e+01
9.747199997802734117e+01
9.752000000976562433e+01
9.755200000000000671e+01
9.747200001953125081e+01
9.753599998779296243e+01
9.737600000000000477e+01
9.756800000976562615e+01
9.760000001953125093e+01
9.769599997802734492e+01
9.755200000000000671e+01
9.769600001953125457e+01
9.803199999999999648e+01
9.784000000000000341e+01
9.772799999999999443e+01
9.804800000976563013e+01
9.790399999999999636e+01
9.796800000000000352e+01
9.793600000976562114e+01
9.806400000976562126e+01
9.815999999999999659e+01
9.844799999999999329e+01
9.811200001953125138e+01
9.830400000976563035e+01
9.849600001953125172e+01
9.854399999999999693e+01
9.828800000976562501e+01
9.864000000000000057e+01
9.832000000976562148e+01
9.865600000976562001e+01
9.884800000976562728e+01
9.884800000976562728e+01
9.881600001953124490e+01
9.899200000000000443e+01
9.894400000000000261e+01
9.899200000976561853e+01
9.894400000000000261e+01
9.905600001953125400e+01
9.895999999999999375e+01
9.896000001953125036e+01
9.907200000976563103e+01
