2.836488008499145508e+00
1.952039241790771484e+00
1.933738708496093750e+00
1.940349817276000977e+00
1.957643985748291016e+00
1.968773126602172852e+00
1.964588403701782227e+00
1.943343400955200195e+00
1.957635641098022461e+00
1.951437473297119141e+00
1.978563070297241211e+00
2.011371850967407227e+00
1.941764354705810547e+00
1.942025423049926758e+00
1.947369575500488281e+00
1.942109107971191406e+00
1.946771860122680664e+00
1.957128763198852539e+00
1.934929847717285156e+00
1.959620237350463867e+00
1.940346717834472656e+00
1.962986469268798828e+00
1.945517539978027344e+00
1.939567089080810547e+00
1.964928865432739258e+00
1.961828231811523438e+00
1.954851627349853516e+00
1.955264329910278320e+00
1.964322805404663086e+00
1.968642711639404297e+00
1.963136434555053711e+00
1.952564001083374023e+00
1.955798149108886719e+00
1.945584297180175781e+00
1.951323270797729492e+00
1.933537244796752930e+00
1.936065196990966797e+00
1.947484016418457031e+00
1.956190586090087891e+00
1.941924810409545898e+00
1.966842412948608398e+00
1.942973613739013672e+00
1.928029775619506836e+00
1.939433097839355469e+00
1.935720443725585938e+00
1.934007883071899414e+00
1.945010185241699219e+00
1.931658506393432617e+00
1.946033239364624023e+00
1.931437492370605469e+00
1.933204650878906250e+00
1.930926322937011719e+00
1.946635961532592773e+00
1.927299261093139648e+00
1.921574592590332031e+00
1.942963600158691406e+00
1.939661026000976562e+00
1.931180238723754883e+00
1.942390918731689453e+00
1.949259281158447266e+00
1.934584617614746094e+00
1.972944259643554688e+00
1.942689895629882812e+00
1.958696603775024414e+00
1.959046602249145508e+00
1.962156772613525391e+00
1.927919626235961914e+00
1.949933767318725586e+00
1.939981937408447266e+00
1.957924365997314453e+00
1.968105792999267578e+00
1.964057683944702148e+00
1.941643953323364258e+00
1.932283878326416016e+00
1.945473432540893555e+00
1.947413206100463867e+00
1.948477745056152344e+00
1.974777936935424805e+00
1.949788093566894531e+00
1.958936214447021484e+00
1.963008880615234375e+00
1.934138536453247070e+00
1.945894002914428711e+00
1.952162742614746094e+00
1.945740461349487305e+00
1.964502096176147461e+00
1.968822240829467773e+00
1.952950239181518555e+00
1.959279298782348633e+00
1.964783668518066406e+00
1.951466321945190430e+00
1.957862615585327148e+00
1.965053796768188477e+00
1.973564147949218750e+00
1.941665172576904297e+00
1.950714111328125000e+00
1.940350294113159180e+00
1.944007635116577148e+00
1.940730333328247070e+00
1.942115545272827148e+00
1.946104288101196289e+00
1.948811292648315430e+00
1.950421333312988281e+00
1.941097497940063477e+00
1.941232919692993164e+00
1.960287809371948242e+00
1.935173034667968750e+00
1.946272611618041992e+00
1.938117980957031250e+00
1.930210113525390625e+00
1.959259986877441406e+00
1.950009822845458984e+00
1.954064607620239258e+00
1.928745985031127930e+00
1.940967321395874023e+00
1.946290493011474609e+00
1.940805435180664062e+00
1.943182945251464844e+00
1.930709600448608398e+00
1.956300258636474609e+00
1.953460693359375000e+00
1.926296710968017578e+00
1.930874586105346680e+00
1.933992385864257812e+00
1.954955101013183594e+00
1.941735982894897461e+00
1.958358764648437500e+00
1.937380552291870117e+00
1.931524515151977539e+00
1.929111003875732422e+00
1.942872285842895508e+00
1.953101158142089844e+00
1.951777458190917969e+00
1.940267086029052734e+00
1.940367937088012695e+00
1.950362682342529297e+00
1.956209421157836914e+00
1.946158170700073242e+00
1.967517375946044922e+00
1.943958044052124023e+00
1.963517189025878906e+00
1.964179277420043945e+00
1.942271709442138672e+00
1.958782434463500977e+00
1.940443038940429688e+00
1.934619426727294922e+00
1.959375143051147461e+00
1.954952239990234375e+00
1.958858013153076172e+00
1.943361520767211914e+00
1.958499908447265625e+00
1.953242063522338867e+00
1.947823047637939453e+00
1.938052415847778320e+00
1.958204746246337891e+00
1.938299179077148438e+00
1.941593885421752930e+00
1.975864887237548828e+00
1.948948144912719727e+00
1.939041137695312500e+00
1.941420555114746094e+00
