1.482301235198974609e+01
1.406274890899658203e+01
1.388998699188232422e+01
1.388626861572265625e+01
1.413806581497192383e+01
1.391826200485229492e+01
1.427226448059082031e+01
1.396660447120666504e+01
1.417914819717407227e+01
1.398927211761474609e+01
1.415028142929077148e+01
1.414982891082763672e+01
1.397447013854980469e+01
1.441617751121520996e+01
1.405135250091552734e+01
1.418482685089111328e+01
1.398111486434936523e+01
1.447871327400207520e+01
1.413981413841247559e+01
1.449226689338684082e+01
1.397933840751647949e+01
1.392439556121826172e+01
1.452377295494079590e+01
1.421406149864196777e+01
1.410651063919067383e+01
1.438630890846252441e+01
1.455913901329040527e+01
1.453667020797729492e+01
1.421715307235717773e+01
1.398662519454956055e+01
1.412102699279785156e+01
1.408904194831848145e+01
1.435036683082580566e+01
1.428150916099548340e+01
1.396211767196655273e+01
1.415113949775695801e+01
1.445501065254211426e+01
1.444602298736572266e+01
1.444372820854187012e+01
1.407474088668823242e+01
1.396371388435363770e+01
1.419655704498291016e+01
1.446629357337951660e+01
1.410940575599670410e+01
1.407341527938842773e+01
1.431172394752502441e+01
1.404350113868713379e+01
1.416253781318664551e+01
1.431579375267028809e+01
1.425085639953613281e+01
1.401979064941406250e+01
1.403730702400207520e+01
1.398029208183288574e+01
1.432102441787719727e+01
1.437183237075805664e+01
1.409069633483886719e+01
1.401363277435302734e+01
1.430015659332275391e+01
1.402661943435668945e+01
1.426673889160156250e+01
1.410778880119323730e+01
1.412941694259643555e+01
1.419791054725646973e+01
1.399296069145202637e+01
1.442785906791687012e+01
1.435062265396118164e+01
1.415012598037719727e+01
1.427788257598876953e+01
1.465162014961242676e+01
1.433506274223327637e+01
1.411729550361633301e+01
1.424469089508056641e+01
1.409919285774230957e+01
1.406411576271057129e+01
1.405863285064697266e+01
1.405728387832641602e+01
1.415662288665771484e+01
1.427103447914123535e+01
1.425616788864135742e+01
1.421646046638488770e+01
1.401052379608154297e+01
1.402040505409240723e+01
1.417582559585571289e+01
1.486393570899963379e+01
1.412456250190734863e+01
1.403901219367980957e+01
1.403130435943603516e+01
1.397818803787231445e+01
1.394297742843627930e+01
1.430062484741210938e+01
1.419342494010925293e+01
1.424678993225097656e+01
1.433558821678161621e+01
1.397448372840881348e+01
1.401535296440124512e+01
1.415056180953979492e+01
1.434758043289184570e+01
1.433319926261901855e+01
1.420505857467651367e+01
1.433103251457214355e+01
1.416904878616333008e+01
1.397580194473266602e+01
1.430959439277648926e+01
1.418916106224060059e+01
1.416225290298461914e+01
1.414465689659118652e+01
1.412703013420104980e+01
1.420958948135375977e+01
1.421873426437377930e+01
1.413870453834533691e+01
1.398923349380493164e+01
1.426946854591369629e+01
1.413295960426330566e+01
1.432721328735351562e+01
1.397091007232666016e+01
1.399597239494323730e+01
1.436839747428894043e+01
1.407578277587890625e+01
1.398038554191589355e+01
1.415297102928161621e+01
1.454955482482910156e+01
1.428142833709716797e+01
1.437700653076171875e+01
1.405678391456604004e+01
1.405408430099487305e+01
1.417929196357727051e+01
1.407797241210937500e+01
1.423209714889526367e+01
1.428445720672607422e+01
1.400730657577514648e+01
1.403144168853759766e+01
1.404659271240234375e+01
1.402818036079406738e+01
1.402769660949707031e+01
1.417188191413879395e+01
1.403130722045898438e+01
1.446392226219177246e+01
1.428191804885864258e+01
1.432225251197814941e+01
1.444578242301940918e+01
1.407345581054687500e+01
1.413407754898071289e+01
1.462625789642333984e+01
1.445920085906982422e+01
1.406877970695495605e+01
1.420952510833740234e+01
1.419593095779418945e+01
1.409672737121582031e+01
1.397175312042236328e+01
1.452817463874816895e+01
1.418909788131713867e+01
1.397636222839355469e+01
1.484089231491088867e+01
1.424618268013000488e+01
1.402066373825073242e+01
1.437121248245239258e+01
1.397811746597290039e+01
1.390957212448120117e+01
1.406342935562133789e+01
1.399824762344360352e+01
1.408891582489013672e+01
