3.240700006484985352e+00
2.352609157562255859e+00
2.322454929351806641e+00
2.314624547958374023e+00
2.336525678634643555e+00
2.368925571441650391e+00
2.342290163040161133e+00
2.320088863372802734e+00
2.339585781097412109e+00
2.331217288970947266e+00
2.439740657806396484e+00
2.356914043426513672e+00
2.311062574386596680e+00
2.325103521347045898e+00
2.340658664703369141e+00
2.356010198593139648e+00
2.314039468765258789e+00
2.336115121841430664e+00
2.323687076568603516e+00
2.338629245758056641e+00
2.320379495620727539e+00
2.327530384063720703e+00
2.321015834808349609e+00
2.319355249404907227e+00
2.323522567749023438e+00
2.349296092987060547e+00
2.334127902984619141e+00
2.328490972518920898e+00
2.326544046401977539e+00
2.331184864044189453e+00
2.331117153167724609e+00
2.342221498489379883e+00
2.327233314514160156e+00
2.321329593658447266e+00
2.316936254501342773e+00
2.333047866821289062e+00
2.325315237045288086e+00
2.326579093933105469e+00
2.345109939575195312e+00
2.312537431716918945e+00
2.333688020706176758e+00
2.336604118347167969e+00
2.330965757369995117e+00
2.327385902404785156e+00
2.343587160110473633e+00
2.317099809646606445e+00
2.317679405212402344e+00
2.314804553985595703e+00
2.328491210937500000e+00
2.311119794845581055e+00
2.316031932830810547e+00
2.329527139663696289e+00
2.331542730331420898e+00
2.307390689849853516e+00
2.323663234710693359e+00
2.361380338668823242e+00
2.329128742218017578e+00
2.335289478302001953e+00
2.331860780715942383e+00
2.331019401550292969e+00
2.320339918136596680e+00
2.335969448089599609e+00
2.373287200927734375e+00
2.338093996047973633e+00
2.353095054626464844e+00
2.369631290435791016e+00
2.333331346511840820e+00
2.334097623825073242e+00
2.326483726501464844e+00
2.329474449157714844e+00
2.348597764968872070e+00
2.331216812133789062e+00
2.342089653015136719e+00
2.339378356933593750e+00
2.332108736038208008e+00
2.329173326492309570e+00
2.319142103195190430e+00
2.324851751327514648e+00
2.330106496810913086e+00
2.328328609466552734e+00
2.320545196533203125e+00
2.332281589508056641e+00
2.374335050582885742e+00
2.335548877716064453e+00
2.320937156677246094e+00
2.339622974395751953e+00
2.353489637374877930e+00
2.317886114120483398e+00
2.350011587142944336e+00
2.338225841522216797e+00
2.343548297882080078e+00
2.335501194000244141e+00
2.332947015762329102e+00
2.338550806045532227e+00
2.316632986068725586e+00
2.344150781631469727e+00
2.322165966033935547e+00
2.322261095046997070e+00
2.315492868423461914e+00
2.318622589111328125e+00
2.336244583129882812e+00
2.339008569717407227e+00
2.329735279083251953e+00
2.320651769638061523e+00
2.330874919891357422e+00
2.372298002243041992e+00
2.337729692459106445e+00
2.332211732864379883e+00
2.305497407913208008e+00
2.316879510879516602e+00
2.327601671218872070e+00
2.324448823928833008e+00
2.328046321868896484e+00
2.317895174026489258e+00
2.322663307189941406e+00
2.317126512527465820e+00
2.343366146087646484e+00
2.327769279479980469e+00
2.315491437911987305e+00
2.329121351242065430e+00
2.329995155334472656e+00
2.321738958358764648e+00
2.367027521133422852e+00
2.333391904830932617e+00
2.341988801956176758e+00
2.319536685943603516e+00
2.346738100051879883e+00
2.348550319671630859e+00
2.321881771087646484e+00
2.326005220413208008e+00
2.334560394287109375e+00
2.327671289443969727e+00
2.329652547836303711e+00
2.326683521270751953e+00
2.326829671859741211e+00
2.325684070587158203e+00
2.331341743469238281e+00
2.338633298873901367e+00
2.345437288284301758e+00
2.331583023071289062e+00
2.347004890441894531e+00
2.347285747528076172e+00
2.315968036651611328e+00
2.332239389419555664e+00
2.338081359863281250e+00
2.328042507171630859e+00
2.346436500549316406e+00
2.324491977691650391e+00
2.365752458572387695e+00
2.335850238800048828e+00
2.379334926605224609e+00
2.333350419998168945e+00
2.329650878906250000e+00
2.317587614059448242e+00
2.369503498077392578e+00
2.336138963699340820e+00
2.312958955764770508e+00
2.342654466629028320e+00
2.325935840606689453e+00
2.312604427337646484e+00
2.320304393768310547e+00
