4.266324043273925781e-01
4.090430736541748047e-01
4.227955341339111328e-01
4.123864173889160156e-01
4.354221820831298828e-01
4.077496528625488281e-01
4.091715812683105469e-01
4.151353836059570312e-01
4.185316562652587891e-01
4.256172180175781250e-01
4.844486713409423828e-01
4.195744991302490234e-01
4.132213592529296875e-01
4.094996452331542969e-01
4.306380748748779297e-01
4.145827293395996094e-01
4.031524658203125000e-01
3.966751098632812500e-01
4.180362224578857422e-01
4.259080886840820312e-01
4.049313068389892578e-01
4.055275917053222656e-01
4.172871112823486328e-01
4.177024364471435547e-01
3.978681564331054688e-01
4.205603599548339844e-01
4.073922634124755859e-01
4.046928882598876953e-01
4.075369834899902344e-01
4.050562381744384766e-01
3.998112678527832031e-01
4.299719333648681641e-01
4.038901329040527344e-01
4.101872444152832031e-01
4.036438465118408203e-01
4.287943840026855469e-01
4.177479743957519531e-01
4.116744995117187500e-01
4.080359935760498047e-01
4.110362529754638672e-01
4.074916839599609375e-01
4.109787940979003906e-01
4.301493167877197266e-01
4.281933307647705078e-01
4.176537990570068359e-01
4.194326400756835938e-01
4.065654277801513672e-01
4.161417484283447266e-01
4.135270118713378906e-01
4.192805290222167969e-01
4.154407978057861328e-01
4.270279407501220703e-01
4.211692810058593750e-01
4.145746231079101562e-01
4.229533672332763672e-01
4.197340011596679688e-01
4.178745746612548828e-01
4.349195957183837891e-01
4.187004566192626953e-01
4.280147552490234375e-01
4.166364669799804688e-01
4.163725376129150391e-01
4.258499145507812500e-01
4.178524017333984375e-01
4.103422164916992188e-01
4.107556343078613281e-01
4.283223152160644531e-01
4.197270870208740234e-01
4.180946350097656250e-01
4.194264411926269531e-01
4.158651828765869141e-01
4.062652587890625000e-01
4.329490661621093750e-01
4.361641407012939453e-01
4.133970737457275391e-01
4.086856842041015625e-01
4.090728759765625000e-01
4.092414379119873047e-01
4.209706783294677734e-01
4.064605236053466797e-01
3.976998329162597656e-01
4.260108470916748047e-01
4.081509113311767578e-01
4.181647300720214844e-01
4.085633754730224609e-01
4.102468490600585938e-01
4.213423728942871094e-01
4.104998111724853516e-01
4.129612445831298828e-01
4.278693199157714844e-01
4.196846485137939453e-01
4.101836681365966797e-01
4.083349704742431641e-01
4.352245330810546875e-01
4.060056209564208984e-01
4.314451217651367188e-01
4.136793613433837891e-01
4.124143123626708984e-01
4.053964614868164062e-01
4.078066349029541016e-01
4.147827625274658203e-01
4.165086746215820312e-01
4.186754226684570312e-01
4.184863567352294922e-01
4.249756336212158203e-01
4.042193889617919922e-01
4.111471176147460938e-01
4.137871265411376953e-01
4.097235202789306641e-01
4.145607948303222656e-01
4.130282402038574219e-01
4.109859466552734375e-01
4.050281047821044922e-01
4.194195270538330078e-01
4.196348190307617188e-01
4.134778976440429688e-01
4.313712120056152344e-01
4.203670024871826172e-01
4.185993671417236328e-01
4.102756977081298828e-01
4.192006587982177734e-01
4.297783374786376953e-01
4.253511428833007812e-01
4.306640625000000000e-01
4.190654754638671875e-01
4.231476783752441406e-01
4.197406768798828125e-01
4.239475727081298828e-01
4.192788600921630859e-01
4.219141006469726562e-01
4.151527881622314453e-01
4.137532711029052734e-01
4.174714088439941406e-01
4.255080223083496094e-01
4.191534519195556641e-01
4.080479145050048828e-01
4.099633693695068359e-01
4.265136718750000000e-01
4.160885810852050781e-01
4.118764400482177734e-01
4.216022491455078125e-01
4.084815979003906250e-01
4.111192226409912109e-01
4.051184654235839844e-01
4.358360767364501953e-01
4.180474281311035156e-01
4.119970798492431641e-01
4.218142032623291016e-01
4.358427524566650391e-01
4.200842380523681641e-01
4.171814918518066406e-01
4.123227596282958984e-01
4.129219055175781250e-01
4.088189601898193359e-01
4.168646335601806641e-01
4.282910823822021484e-01
4.056377410888671875e-01
4.141311645507812500e-01
4.156675338745117188e-01
4.059500694274902344e-01
4.100065231323242188e-01
