1.482222270965576172e+01
1.403996014595031738e+01
1.453387856483459473e+01
1.428907203674316406e+01
1.429904055595397949e+01
1.421568155288696289e+01
1.478079724311828613e+01
1.456552624702453613e+01
1.421525812149047852e+01
1.420555305480957031e+01
1.459311223030090332e+01
1.407846093177795410e+01
1.395963978767395020e+01
1.414122009277343750e+01
1.423630166053771973e+01
1.429036641120910645e+01
1.449792432785034180e+01
1.440021228790283203e+01
1.395165562629699707e+01
1.399097585678100586e+01
1.436355161666870117e+01
1.421109867095947266e+01
1.395118618011474609e+01
1.431532692909240723e+01
1.457824301719665527e+01
1.467220807075500488e+01
1.438718247413635254e+01
1.409992122650146484e+01
1.399939894676208496e+01
1.396742510795593262e+01
1.403646159172058105e+01
1.428580188751220703e+01
1.407064390182495117e+01
1.423696088790893555e+01
1.408752632141113281e+01
1.397206664085388184e+01
1.425108051300048828e+01
1.401557612419128418e+01
1.432780241966247559e+01
1.393232369422912598e+01
1.397157645225524902e+01
1.420684695243835449e+01
1.399244904518127441e+01
1.400071215629577637e+01
1.411782217025756836e+01
1.398045444488525391e+01
1.447633242607116699e+01
1.399092721939086914e+01
1.442918658256530762e+01
1.446707344055175781e+01
1.401475667953491211e+01
1.432180571556091309e+01
1.410374522209167480e+01
1.426353502273559570e+01
1.428502249717712402e+01
1.440897941589355469e+01
1.442486047744750977e+01
1.402695274353027344e+01
1.430216813087463379e+01
1.402224707603454590e+01
1.405518007278442383e+01
1.419099998474121094e+01
1.452474808692932129e+01
1.408458900451660156e+01
1.441184902191162109e+01
1.419804000854492188e+01
1.430484771728515625e+01
1.415757608413696289e+01
1.454319715499877930e+01
1.433575272560119629e+01
1.416872072219848633e+01
1.422672152519226074e+01
1.404187774658203125e+01
1.403393983840942383e+01
1.437812638282775879e+01
1.407083225250244141e+01
1.442020916938781738e+01
1.425636053085327148e+01
1.436481666564941406e+01
1.419320583343505859e+01
1.430356216430664062e+01
1.404650783538818359e+01
1.433262467384338379e+01
1.434236764907836914e+01
1.421212434768676758e+01
1.405038404464721680e+01
1.410555315017700195e+01
1.430149745941162109e+01
1.452279663085937500e+01
1.440459370613098145e+01
1.424013066291809082e+01
1.404924845695495605e+01
1.415815877914428711e+01
1.435779881477355957e+01
1.399486112594604492e+01
1.434186553955078125e+01
1.427316069602966309e+01
1.422930717468261719e+01
1.418514227867126465e+01
1.419104981422424316e+01
1.440653610229492188e+01
1.398451042175292969e+01
1.418772602081298828e+01
1.411338639259338379e+01
1.434379673004150391e+01
1.420655775070190430e+01
1.434513473510742188e+01
1.430210781097412109e+01
1.394381594657897949e+01
1.400113201141357422e+01
1.448258423805236816e+01
1.398380613327026367e+01
1.424034476280212402e+01
1.427795839309692383e+01
1.420123887062072754e+01
1.426689195632934570e+01
1.421178531646728516e+01
1.421772050857543945e+01
1.422987985610961914e+01
1.441986393928527832e+01
1.457224392890930176e+01
1.404493141174316406e+01
1.448245072364807129e+01
1.423152852058410645e+01
1.410443067550659180e+01
1.423374223709106445e+01
1.407814931869506836e+01
1.421840810775756836e+01
1.404608416557312012e+01
1.404256343841552734e+01
1.399699664115905762e+01
1.404616761207580566e+01
1.401726031303405762e+01
1.399056029319763184e+01
1.425037980079650879e+01
1.399439620971679688e+01
1.431566190719604492e+01
1.452858948707580566e+01
1.435664057731628418e+01
1.430452966690063477e+01
1.402428793907165527e+01
1.421122312545776367e+01
1.397170591354370117e+01
1.454980683326721191e+01
1.434656500816345215e+01
1.433373785018920898e+01
1.409011840820312500e+01
1.418606853485107422e+01
1.402160024642944336e+01
1.431803321838378906e+01
1.451367712020874023e+01
1.400172042846679688e+01
1.495586633682250977e+01
1.398477768898010254e+01
1.417183852195739746e+01
1.402665472030639648e+01
1.414698219299316406e+01
1.392821645736694336e+01
1.404453563690185547e+01
1.413608813285827637e+01
1.399282765388488770e+01
