2.196999931335449219e+01
2.547999954223632812e+01
2.347999954223632812e+01
2.873999977111816406e+01
3.827000045776367188e+01
3.611000061035156250e+01
3.627999877929687500e+01
4.146999740600585938e+01
3.186999893188476562e+01
4.943000030517578125e+01
4.064999771118164062e+01
5.577999877929687500e+01
4.902999877929687500e+01
6.080999755859375000e+01
4.023999786376953125e+01
4.105999755859375000e+01
5.784000015258789062e+01
6.150000000000000000e+01
5.531999969482421875e+01
6.834999847412109375e+01
5.214999771118164062e+01
6.811999511718750000e+01
6.512999725341796875e+01
7.050000000000000000e+01
4.746999740600585938e+01
6.850000000000000000e+01
6.868000030517578125e+01
7.279000091552734375e+01
5.609999847412109375e+01
7.090000152587890625e+01
6.815000152587890625e+01
6.375999832153320312e+01
6.401000213623046875e+01
6.109000015258789062e+01
6.920999908447265625e+01
6.616999816894531250e+01
6.477999877929687500e+01
7.269999694824218750e+01
6.504000091552734375e+01
6.775999450683593750e+01
6.729000091552734375e+01
7.126999664306640625e+01
5.854999923706054688e+01
6.076999664306640625e+01
7.647000122070312500e+01
6.529999542236328125e+01
6.097999954223632812e+01
5.218000030517578125e+01
6.554000091552734375e+01
7.019999694824218750e+01
6.752999877929687500e+01
6.845999908447265625e+01
5.736999893188476562e+01
6.961000061035156250e+01
7.570999908447265625e+01
6.406999969482421875e+01
6.840000152587890625e+01
5.847999954223632812e+01
7.601999664306640625e+01
6.979999542236328125e+01
7.990000152587890625e+01
6.808000183105468750e+01
6.775999450683593750e+01
7.420999908447265625e+01
5.719999694824218750e+01
6.540999603271484375e+01
7.206999969482421875e+01
6.468000030517578125e+01
7.633000183105468750e+01
8.091999816894531250e+01
7.534999847412109375e+01
6.561000061035156250e+01
7.061000061035156250e+01
7.558999633789062500e+01
6.348999786376953125e+01
7.304999542236328125e+01
7.609999847412109375e+01
7.452999877929687500e+01
7.043000030517578125e+01
7.772000122070312500e+01
6.529000091552734375e+01
7.254000091552734375e+01
6.226999664306640625e+01
7.251999664306640625e+01
8.097000122070312500e+01
7.288999938964843750e+01
6.765000152587890625e+01
6.936000061035156250e+01
7.404999542236328125e+01
5.978999710083007812e+01
6.341999816894531250e+01
4.547999954223632812e+01
6.218000030517578125e+01
6.950000000000000000e+01
8.282999420166015625e+01
5.304999923706054688e+01
6.084000015258789062e+01
6.319999694824218750e+01
8.238999938964843750e+01
3.725999832153320312e+01
9.151999664306640625e+01
9.163999938964843750e+01
9.152999877929687500e+01
9.169999694824218750e+01
9.170999908447265625e+01
9.204999542236328125e+01
9.191999816894531250e+01
9.184999847412109375e+01
9.200000000000000000e+01
9.222999572753906250e+01
9.202999877929687500e+01
9.212999725341796875e+01
9.200000000000000000e+01
9.172000122070312500e+01
9.204000091552734375e+01
9.195999908447265625e+01
9.211999511718750000e+01
9.209999847412109375e+01
9.170999908447265625e+01
9.204999542236328125e+01
9.165999603271484375e+01
9.181999969482421875e+01
9.207999420166015625e+01
9.190999603271484375e+01
9.166999816894531250e+01
9.173999786376953125e+01
9.204999542236328125e+01
9.168999481201171875e+01
9.198999786376953125e+01
9.170999908447265625e+01
9.207999420166015625e+01
9.202999877929687500e+01
9.168000030517578125e+01
9.190999603271484375e+01
9.126999664306640625e+01
9.089999389648437500e+01
9.197999572753906250e+01
9.184999847412109375e+01
9.187999725341796875e+01
9.168000030517578125e+01
9.125999450683593750e+01
9.176999664306640625e+01
9.147999572753906250e+01
9.166999816894531250e+01
9.155999755859375000e+01
9.116999816894531250e+01
9.226999664306640625e+01
9.180999755859375000e+01
9.122000122070312500e+01
9.186000061035156250e+01
9.223999786376953125e+01
9.232999420166015625e+01
9.209999847412109375e+01
9.240999603271484375e+01
9.226999664306640625e+01
9.243000030517578125e+01
9.238999938964843750e+01
9.245999908447265625e+01
9.233999633789062500e+01
9.240999603271484375e+01
9.233999633789062500e+01
