1.482296156883239746e+01
1.395087456703186035e+01
1.420386791229248047e+01
1.393657374382019043e+01
1.418300604820251465e+01
1.429469060897827148e+01
1.423943328857421875e+01
1.447759032249450684e+01
1.414218568801879883e+01
1.446623730659484863e+01
1.433663487434387207e+01
1.428212690353393555e+01
1.406474113464355469e+01
1.401890182495117188e+01
1.435556340217590332e+01
1.451703977584838867e+01
1.396132278442382812e+01
1.431434559822082520e+01
1.417747092247009277e+01
1.434540939331054688e+01
1.428558731079101562e+01
1.422829580307006836e+01
1.402360796928405762e+01
1.423973870277404785e+01
1.402915501594543457e+01
1.395755887031555176e+01
1.448165249824523926e+01
1.399622154235839844e+01
1.411643290519714355e+01
1.395981836318969727e+01
1.404602050781250000e+01
1.396831035614013672e+01
1.443613862991333008e+01
1.432462263107299805e+01
1.427184176445007324e+01
1.425010085105895996e+01
1.397735309600830078e+01
1.398200893402099609e+01
1.426324963569641113e+01
1.418689846992492676e+01
1.415772843360900879e+01
1.400529050827026367e+01
1.453288769721984863e+01
1.408759093284606934e+01
1.416495633125305176e+01
1.400232934951782227e+01
1.425012683868408203e+01
1.398011660575866699e+01
1.438029336929321289e+01
1.400295495986938477e+01
1.428591632843017578e+01
1.431507325172424316e+01
1.401016283035278320e+01
1.408310914039611816e+01
1.399941372871398926e+01
1.401740527153015137e+01
1.406703376770019531e+01
1.470176911354064941e+01
1.402591228485107422e+01
1.445935440063476562e+01
1.419837427139282227e+01
1.406596255302429199e+01
1.411570024490356445e+01
1.421241259574890137e+01
1.418842792510986328e+01
1.418961071968078613e+01
1.407703042030334473e+01
1.410710310935974121e+01
1.402165174484252930e+01
1.445607256889343262e+01
1.415813279151916504e+01
1.398327326774597168e+01
1.406104612350463867e+01
1.402849555015563965e+01
1.400334000587463379e+01
1.410129642486572266e+01
1.422276592254638672e+01
1.398763990402221680e+01
1.439729714393615723e+01
1.417192220687866211e+01
1.410805249214172363e+01
1.402558302879333496e+01
1.430727219581604004e+01
1.435094261169433594e+01
1.401259613037109375e+01
1.410463595390319824e+01
1.411842632293701172e+01
1.398138475418090820e+01
1.426713442802429199e+01
1.437398481369018555e+01
1.453314471244812012e+01
1.424027800559997559e+01
1.449785447120666504e+01
1.403514003753662109e+01
1.401257658004760742e+01
1.406404399871826172e+01
1.403315329551696777e+01
1.440430235862731934e+01
1.396380496025085449e+01
1.424570631980895996e+01
1.432227373123168945e+01
1.398901438713073730e+01
1.419843220710754395e+01
1.409137392044067383e+01
1.409958887100219727e+01
1.409100127220153809e+01
1.419601035118103027e+01
1.420303344726562500e+01
1.427606868743896484e+01
1.445779156684875488e+01
1.400421071052551270e+01
1.397346186637878418e+01
1.422326993942260742e+01
1.398797559738159180e+01
1.399503970146179199e+01
1.400611567497253418e+01
1.410474538803100586e+01
1.415130496025085449e+01
1.409692621231079102e+01
1.397876954078674316e+01
1.406554627418518066e+01
1.428322839736938477e+01
1.442528176307678223e+01
1.442025399208068848e+01
1.404996323585510254e+01
1.407229042053222656e+01
1.419836759567260742e+01
1.429473185539245605e+01
1.433136129379272461e+01
1.405218505859375000e+01
1.406099748611450195e+01
1.405217814445495605e+01
1.401144742965698242e+01
1.400697374343872070e+01
1.423884701728820801e+01
1.396342921257019043e+01
1.413888192176818848e+01
1.439094662666320801e+01
1.475172138214111328e+01
1.427263665199279785e+01
1.420308351516723633e+01
1.396654534339904785e+01
1.406222772598266602e+01
1.409407162666320801e+01
1.431413364410400391e+01
1.437904572486877441e+01
1.415152096748352051e+01
1.422525167465209961e+01
1.411335086822509766e+01
1.398476099967956543e+01
1.446957802772521973e+01
1.396063280105590820e+01
1.475172924995422363e+01
1.400504112243652344e+01
1.413663983345031738e+01
1.406938719749450684e+01
1.402981758117675781e+01
1.395862555503845215e+01
1.409334135055541992e+01
1.402262663841247559e+01
1.434776234626770020e+01
