1.635200000183105473e+01
2.407999999816894388e+01
2.807999999816894388e+01
3.211199998779297005e+01
3.635199998779297204e+01
4.025599999023437192e+01
4.366400000976562268e+01
4.799999999755859648e+01
5.075199999389648298e+01
5.279999999267577948e+01
5.566399999633789264e+01
5.771199998291015731e+01
5.967999997314453253e+01
6.188799997314453094e+01
6.231999998657226314e+01
6.336000000976562774e+01
6.572799999023438033e+01
6.783999997558593975e+01
6.907200001464843808e+01
6.995199997314453810e+01
7.166400000488280853e+01
7.321600001464844354e+01
7.454399997314453685e+01
7.579200001464843695e+01
7.638400001464843569e+01
7.676799999511719363e+01
7.790400001464843172e+01
7.908800000732422575e+01
7.900799999511718852e+01
7.987200000732421756e+01
7.971200000488281034e+01
8.092799997802734424e+01
8.062399999511718818e+01
8.177599998535156089e+01
8.196800000732422120e+01
8.179199997558593793e+01
8.233599997558593486e+01
8.208000001464843365e+01
8.185600001953125116e+01
8.278400001464844138e+01
8.302399997802734788e+01
8.316800000732422404e+01
8.352000001708984200e+01
8.358399999511718192e+01
8.329600001953124888e+01
8.430400001708984803e+01
8.449600001708984109e+01
8.382399997558593441e+01
8.467199999755860063e+01
8.415999999511718954e+01
8.449600000732421279e+01
8.438399997558593668e+01
8.457599999755859699e+01
8.518399998535156215e+01
8.558400000732422086e+01
8.481600001708984848e+01
8.502400001708984689e+01
8.555199998779296777e+01
8.495999998779296902e+01
8.563199998779296607e+01
8.576000000488281216e+01
8.652799997558594214e+01
8.582399998779297334e+01
8.592000001708984769e+01
8.644799998535155794e+01
8.675200001708984132e+01
8.655999997558593861e+01
8.676799999511719363e+01
8.638399999755858971e+01
8.673599999755859358e+01
8.684800000732421665e+01
8.569599998779297323e+01
8.726399999755859938e+01
8.667200000732421472e+01
8.585599998779296982e+01
8.779199999755859096e+01
8.735999999755858880e+01
8.691200001953124854e+01
8.686399997802733708e+01
8.780800001708983871e+01
8.734399999755859767e+01
8.792000000732421938e+01
8.724800000732422234e+01
8.796800000732422120e+01
8.793600001708983882e+01
8.775999999511718386e+01
8.763199999755859437e+01
8.779199999755859096e+01
8.769599997802734492e+01
8.847999998779296504e+01
8.864000001953124297e+01
8.843199998779296322e+01
8.748799999511719250e+01
8.815999997802734356e+01
8.836799998779297027e+01
8.804799998535156647e+01
8.756799999755858721e+01
8.857599998779296868e+01
8.886399997802733708e+01
8.956799999755858721e+01
9.329600000976562058e+01
9.456000001953124467e+01
9.555199997802733947e+01
9.542399997802733935e+01
9.564799997802734310e+01
9.582400001953125468e+01
9.601599998779296641e+01
9.630400001953124445e+01
9.638400001953125695e+01
9.625600001953125684e+01
9.644799999999999329e+01
9.660800001953124649e+01
9.673600000976561830e+01
9.657599997802734038e+01
9.676800000000000068e+01
9.699200000976561853e+01
9.716800000000000637e+01
9.723200001953125593e+01
9.692800001953125388e+01
9.711999997802733731e+01
9.724800001953124706e+01
9.750399997802733765e+01
9.718400001953125411e+01
9.747200000976562251e+01
9.742400001953124900e+01
9.766400001953124388e+01
9.748799999999999955e+01
9.787199999999999989e+01
9.758399997802735015e+01
9.795199997802734515e+01
9.764799997802734310e+01
9.788800000000000523e+01
9.812800000000000011e+01
9.774399998779297505e+01
9.815999999999999659e+01
9.779200000976562990e+01
9.812800001953125673e+01
9.804799997802734879e+01
9.833599999999999852e+01
9.814400000000000546e+01
9.824000001953125150e+01
9.830400000000000205e+01
9.836799999999999500e+01
9.868800000000000239e+01
9.822400000000000375e+01
9.833599997802734549e+01
9.836799999999999500e+01
9.844800000976562160e+01
9.831999999999999318e+01
9.836799999999999500e+01
9.892800001953125388e+01
9.897599999999999909e+01
9.892799999999999727e+01
9.913600000976562399e+01
9.895999999999999375e+01
9.902400000000000091e+01
9.921599999999999397e+01
9.904000001953124865e+01
9.918399999999999750e+01
9.895999999999999375e+01
9.920000000000000284e+01
