3.251515388488769531e+00
2.360601663589477539e+00
2.360865831375122070e+00
2.335536241531372070e+00
2.351035833358764648e+00
2.358949184417724609e+00
2.383422136306762695e+00
2.342038393020629883e+00
2.385726690292358398e+00
2.332428932189941406e+00
2.401169300079345703e+00
2.359753847122192383e+00
2.363898754119873047e+00
2.339562892913818359e+00
2.348573207855224609e+00
2.339493274688720703e+00
2.333270788192749023e+00
2.334684371948242188e+00
2.357264757156372070e+00
2.363687992095947266e+00
2.344482660293579102e+00
2.390724182128906250e+00
2.361452579498291016e+00
2.358967542648315430e+00
2.377258777618408203e+00
2.371746301651000977e+00
2.375350236892700195e+00
2.341182947158813477e+00
2.366651535034179688e+00
2.350298166275024414e+00
2.341890096664428711e+00
2.332691669464111328e+00
2.354344606399536133e+00
2.336382627487182617e+00
2.330645322799682617e+00
2.354204893112182617e+00
2.335673332214355469e+00
2.344341754913330078e+00
2.349273204803466797e+00
2.331775426864624023e+00
2.345220327377319336e+00
2.331934452056884766e+00
2.332167625427246094e+00
2.357589721679687500e+00
2.355690002441406250e+00
2.338415384292602539e+00
2.332256793975830078e+00
2.333409070968627930e+00
2.347312211990356445e+00
2.334247350692749023e+00
2.336837291717529297e+00
2.354114055633544922e+00
2.352949857711791992e+00
2.338791370391845703e+00
2.343620300292968750e+00
2.344035863876342773e+00
2.348329067230224609e+00
2.379357576370239258e+00
2.354719400405883789e+00
2.351752281188964844e+00
2.329916954040527344e+00
2.349809169769287109e+00
2.368513107299804688e+00
2.360482454299926758e+00
2.354714155197143555e+00
2.351518869400024414e+00
2.340360164642333984e+00
2.345996379852294922e+00
2.345647811889648438e+00
2.354882001876831055e+00
2.363126039505004883e+00
2.361024856567382812e+00
2.343687057495117188e+00
2.354269027709960938e+00
2.382047414779663086e+00
2.339241027832031250e+00
2.357242107391357422e+00
2.348718881607055664e+00
2.344362258911132812e+00
2.366918563842773438e+00
2.353472709655761719e+00
2.344947576522827148e+00
2.325772047042846680e+00
2.349300622940063477e+00
2.352221488952636719e+00
2.371793985366821289e+00
2.369970083236694336e+00
2.341632366180419922e+00
2.354701042175292969e+00
2.363351345062255859e+00
2.351243734359741211e+00
2.349809169769287109e+00
2.351903676986694336e+00
2.348078250885009766e+00
2.354001283645629883e+00
2.369370460510253906e+00
2.341352939605712891e+00
2.335388660430908203e+00
2.346916437149047852e+00
2.333946704864501953e+00
2.346812963485717773e+00
2.355186223983764648e+00
2.332519292831420898e+00
2.340917348861694336e+00
2.410651922225952148e+00
2.353162765502929688e+00
2.335626125335693359e+00
2.347261905670166016e+00
2.337993383407592773e+00
2.333708286285400391e+00
2.356863975524902344e+00
2.349803686141967773e+00
2.340104818344116211e+00
2.391324758529663086e+00
2.337644577026367188e+00
2.330363512039184570e+00
2.343182086944580078e+00
2.345677852630615234e+00
2.331220388412475586e+00
2.347933292388916016e+00
2.345044374465942383e+00
2.339921951293945312e+00
2.334007024765014648e+00
2.371814012527465820e+00
2.352275848388671875e+00
2.338704824447631836e+00
2.352498054504394531e+00
2.349696636199951172e+00
2.342649936676025391e+00
2.337570905685424805e+00
2.351884126663208008e+00
2.352056264877319336e+00
2.336430072784423828e+00
2.337214946746826172e+00
2.344020843505859375e+00
2.356609821319580078e+00
2.350865364074707031e+00
2.351483821868896484e+00
2.362231254577636719e+00
2.345384597778320312e+00
2.369529962539672852e+00
2.349497079849243164e+00
2.335673570632934570e+00
2.361666440963745117e+00
2.353465795516967773e+00
2.342543840408325195e+00
2.348155975341796875e+00
2.357797622680664062e+00
2.384158611297607422e+00
2.352679252624511719e+00
2.351175785064697266e+00
2.352730274200439453e+00
2.336045026779174805e+00
2.348092555999755859e+00
2.360544443130493164e+00
2.371879577636718750e+00
2.333155393600463867e+00
2.373798608779907227e+00
2.338863372802734375e+00
2.348169088363647461e+00
2.348267555236816406e+00
