2.733001947402954102e+00
1.933786153793334961e+00
1.913249731063842773e+00
1.906736373901367188e+00
1.921837091445922852e+00
1.933017015457153320e+00
1.941518068313598633e+00
1.919608354568481445e+00
1.934070587158203125e+00
1.910630464553833008e+00
1.927299976348876953e+00
1.943450212478637695e+00
1.911004304885864258e+00
1.904459714889526367e+00
1.917979478836059570e+00
1.916339159011840820e+00
1.914846181869506836e+00
1.926322221755981445e+00
1.912447214126586914e+00
1.962936639785766602e+00
1.913143873214721680e+00
1.919290781021118164e+00
1.915254592895507812e+00
1.911855697631835938e+00
1.936916112899780273e+00
1.938727140426635742e+00
1.948089361190795898e+00
1.943700075149536133e+00
1.920534610748291016e+00
1.935853958129882812e+00
1.945905923843383789e+00
1.970750093460083008e+00
1.920723676681518555e+00
1.914073228836059570e+00
1.915315866470336914e+00
1.919832944869995117e+00
1.908625841140747070e+00
1.918433666229248047e+00
1.927410125732421875e+00
1.903491020202636719e+00
1.927172660827636719e+00
1.947450399398803711e+00
1.912522315979003906e+00
1.930152654647827148e+00
1.914190769195556641e+00
1.911534547805786133e+00
1.915317058563232422e+00
1.906084060668945312e+00
1.925375699996948242e+00
1.901023149490356445e+00
1.907957315444946289e+00
1.899937391281127930e+00
1.909578323364257812e+00
1.906916856765747070e+00
1.907643318176269531e+00
1.923249959945678711e+00
1.910759210586547852e+00
1.908855676651000977e+00
1.914650678634643555e+00
1.908995151519775391e+00
1.915548324584960938e+00
1.925664186477661133e+00
1.924027442932128906e+00
1.931431531906127930e+00
1.931321620941162109e+00
1.998364210128784180e+00
1.908702373504638672e+00
1.915285348892211914e+00
1.911146163940429688e+00
1.955513954162597656e+00
1.930887222290039062e+00
1.931369066238403320e+00
1.923115253448486328e+00
1.918313741683959961e+00
1.917895317077636719e+00
1.920668840408325195e+00
1.930928468704223633e+00
1.921107292175292969e+00
1.911751270294189453e+00
1.922281980514526367e+00
1.929353952407836914e+00
1.912771463394165039e+00
1.920214176177978516e+00
1.925080776214599609e+00
1.915326118469238281e+00
1.941882133483886719e+00
1.934573888778686523e+00
1.923980712890625000e+00
1.925084352493286133e+00
1.913529634475708008e+00
1.916070222854614258e+00
1.954085588455200195e+00
1.928228616714477539e+00
1.909308433532714844e+00
1.916330099105834961e+00
1.931292057037353516e+00
1.913914680480957031e+00
1.936406612396240234e+00
1.914948701858520508e+00
1.915908575057983398e+00
1.914391756057739258e+00
1.922706127166748047e+00
1.910346746444702148e+00
1.951087474822998047e+00
1.908978700637817383e+00
1.928644657135009766e+00
1.911912441253662109e+00
1.919648170471191406e+00
1.900128841400146484e+00
1.914906501770019531e+00
1.921417713165283203e+00
1.922142744064331055e+00
1.930294513702392578e+00
1.914047956466674805e+00
1.906507968902587891e+00
1.903057575225830078e+00
1.899771928787231445e+00
1.925033092498779297e+00
1.896551132202148438e+00
1.921410083770751953e+00
1.913758039474487305e+00
1.906840562820434570e+00
1.914384365081787109e+00
1.908382177352905273e+00
1.920957565307617188e+00
1.910580635070800781e+00
1.933978319168090820e+00
1.945521593093872070e+00
1.902744293212890625e+00
1.906197547912597656e+00
1.919636964797973633e+00
1.924872159957885742e+00
1.913742542266845703e+00
1.911454916000366211e+00
1.919884920120239258e+00
1.915098905563354492e+00
1.925119876861572266e+00
1.912835836410522461e+00
1.933040380477905273e+00
1.904613733291625977e+00
1.938799858093261719e+00
1.929127216339111328e+00
1.907969713211059570e+00
1.931464433670043945e+00
1.916464090347290039e+00
1.906815528869628906e+00
1.934243917465209961e+00
1.910257577896118164e+00
1.935832977294921875e+00
1.914822340011596680e+00
1.936085939407348633e+00
1.922817707061767578e+00
1.934065818786621094e+00
1.907872438430786133e+00
1.926123380661010742e+00
1.919044017791748047e+00
1.917120933532714844e+00
1.931103229522705078e+00
1.909659862518310547e+00
1.915839433670043945e+00
1.926896333694458008e+00
