3.281116008758544922e+00
2.367406845092773438e+00
2.344018459320068359e+00
2.332219123840332031e+00
2.416724443435668945e+00
2.362634658813476562e+00
2.361153602600097656e+00
2.343122005462646484e+00
2.361177682876586914e+00
2.356566190719604492e+00
2.451116323471069336e+00
2.404718160629272461e+00
2.338621377944946289e+00
2.328664779663085938e+00
2.355218648910522461e+00
2.340469837188720703e+00
2.331345319747924805e+00
2.347274303436279297e+00
2.350078821182250977e+00
2.359951019287109375e+00
2.336465358734130859e+00
2.346517324447631836e+00
2.360918998718261719e+00
2.346543073654174805e+00
2.344120264053344727e+00
2.373627662658691406e+00
2.373250007629394531e+00
2.342198610305786133e+00
2.341260671615600586e+00
2.357925653457641602e+00
2.348726749420166016e+00
2.354248523712158203e+00
2.391042470932006836e+00
2.338701725006103516e+00
2.331551074981689453e+00
2.381300926208496094e+00
2.340202569961547852e+00
2.342078208923339844e+00
2.348324537277221680e+00
2.331160068511962891e+00
2.357361078262329102e+00
2.340093612670898438e+00
2.355975627899169922e+00
2.367090463638305664e+00
2.345133304595947266e+00
2.335806369781494141e+00
2.334660291671752930e+00
2.335625648498535156e+00
2.352702140808105469e+00
2.336836338043212891e+00
2.345886468887329102e+00
2.342598438262939453e+00
2.348470926284790039e+00
2.337354183197021484e+00
2.337359905242919922e+00
2.354238033294677734e+00
2.349521160125732422e+00
2.347650527954101562e+00
2.339310169219970703e+00
2.343115091323852539e+00
2.341026782989501953e+00
2.357164859771728516e+00
2.352964878082275391e+00
2.364808320999145508e+00
2.355656385421752930e+00
2.387621641159057617e+00
2.350940704345703125e+00
2.346397876739501953e+00
2.338803291320800781e+00
2.347228050231933594e+00
2.355517148971557617e+00
2.344115734100341797e+00
2.365317583084106445e+00
2.364406108856201172e+00
2.351128339767456055e+00
2.338670969009399414e+00
2.337286472320556641e+00
2.342144966125488281e+00
2.349223136901855469e+00
2.346440792083740234e+00
2.348474264144897461e+00
2.352417945861816406e+00
2.334109544754028320e+00
2.351531028747558594e+00
2.343456029891967773e+00
2.362025499343872070e+00
2.370838165283203125e+00
2.329685926437377930e+00
2.378984212875366211e+00
2.358545780181884766e+00
2.358126640319824219e+00
2.430900096893310547e+00
2.355933666229248047e+00
2.381690740585327148e+00
2.335794687271118164e+00
2.366152524948120117e+00
2.336575984954833984e+00
2.349312782287597656e+00
2.335782051086425781e+00
2.332320928573608398e+00
2.343525409698486328e+00
2.347630500793457031e+00
2.338788509368896484e+00
2.345018863677978516e+00
2.351996183395385742e+00
2.345910549163818359e+00
2.331205129623413086e+00
2.345440149307250977e+00
2.325933694839477539e+00
2.340738058090209961e+00
2.351407289505004883e+00
2.341274023056030273e+00
2.348200559616088867e+00
2.339799165725708008e+00
2.333294630050659180e+00
2.332563161849975586e+00
2.344622611999511719e+00
2.354038715362548828e+00
2.338213205337524414e+00
2.350668430328369141e+00
2.350619554519653320e+00
2.357546567916870117e+00
2.351122856140136719e+00
2.342212438583374023e+00
2.356667518615722656e+00
2.335969924926757812e+00
2.351033449172973633e+00
2.355516195297241211e+00
2.338495969772338867e+00
2.347381591796875000e+00
2.346961498260498047e+00
2.353529930114746094e+00
2.356346607208251953e+00
2.344806909561157227e+00
2.364413261413574219e+00
2.335020780563354492e+00
2.365718364715576172e+00
2.353328466415405273e+00
2.366990327835083008e+00
2.336336135864257812e+00
2.361160993576049805e+00
2.342901468276977539e+00
2.350612401962280273e+00
2.343755006790161133e+00
2.359433412551879883e+00
2.341005325317382812e+00
2.354550838470458984e+00
2.346373558044433594e+00
2.376393795013427734e+00
2.349119901657104492e+00
2.351008176803588867e+00
2.352761745452880859e+00
2.350251436233520508e+00
2.333013534545898438e+00
2.370387792587280273e+00
2.359444856643676758e+00
2.337313890457153320e+00
2.364667177200317383e+00
2.342139720916748047e+00
2.338313817977905273e+00
2.337819576263427734e+00
