2.142000007629394531e+01
2.711999893188476562e+01
2.935999870300292969e+01
2.494999885559082031e+01
3.147999954223632812e+01
4.146999740600585938e+01
4.137999725341796875e+01
4.136999893188476562e+01
3.702000045776367188e+01
4.584000015258789062e+01
4.861999893188476562e+01
5.048999786376953125e+01
4.791999816894531250e+01
5.310999679565429688e+01
5.468000030517578125e+01
5.990999984741210938e+01
6.084000015258789062e+01
5.641999816894531250e+01
5.263999938964843750e+01
5.639999771118164062e+01
5.818999862670898438e+01
5.730999755859375000e+01
3.634999847412109375e+01
6.195999908447265625e+01
6.918000030517578125e+01
6.326999664306640625e+01
7.100999450683593750e+01
6.701999664306640625e+01
6.188999938964843750e+01
6.139999771118164062e+01
6.573999786376953125e+01
6.652999877929687500e+01
6.469999694824218750e+01
5.414999771118164062e+01
7.490999603271484375e+01
6.220999908447265625e+01
7.422999572753906250e+01
6.269999694824218750e+01
6.394999694824218750e+01
7.030999755859375000e+01
7.623999786376953125e+01
6.140999984741210938e+01
6.875000000000000000e+01
5.521999740600585938e+01
6.256999969482421875e+01
4.134999847412109375e+01
6.091999816894531250e+01
3.173999977111816406e+01
6.486999511718750000e+01
7.252999877929687500e+01
5.959999847412109375e+01
7.369999694824218750e+01
6.419999694824218750e+01
7.533999633789062500e+01
5.343000030517578125e+01
6.886000061035156250e+01
7.205999755859375000e+01
6.679000091552734375e+01
6.923999786376953125e+01
6.947999572753906250e+01
7.895999908447265625e+01
6.138999938964843750e+01
7.352999877929687500e+01
4.470999908447265625e+01
7.486999511718750000e+01
5.609999847412109375e+01
6.515999603271484375e+01
6.811999511718750000e+01
7.058999633789062500e+01
6.430999755859375000e+01
7.175000000000000000e+01
6.756999969482421875e+01
7.141999816894531250e+01
7.134999847412109375e+01
7.120999908447265625e+01
7.104000091552734375e+01
5.612999725341796875e+01
7.233999633789062500e+01
7.150000000000000000e+01
6.545999908447265625e+01
7.650999450683593750e+01
6.593000030517578125e+01
5.930999755859375000e+01
6.951999664306640625e+01
6.543999481201171875e+01
7.913999938964843750e+01
6.072999954223632812e+01
4.975000000000000000e+01
7.650999450683593750e+01
7.581999969482421875e+01
7.715999603271484375e+01
3.771999740600585938e+01
8.055999755859375000e+01
6.305999755859375000e+01
6.527999877929687500e+01
5.693000030517578125e+01
7.734999847412109375e+01
5.111999893188476562e+01
7.526999664306640625e+01
7.636000061035156250e+01
9.130999755859375000e+01
9.169999694824218750e+01
9.172000122070312500e+01
9.168999481201171875e+01
9.186000061035156250e+01
9.194999694824218750e+01
9.205999755859375000e+01
9.205999755859375000e+01
9.181999969482421875e+01
9.206999969482421875e+01
9.182999420166015625e+01
9.200999450683593750e+01
9.164999389648437500e+01
9.220999908447265625e+01
9.191999816894531250e+01
9.190999603271484375e+01
9.195999908447265625e+01
9.175000000000000000e+01
9.179000091552734375e+01
9.218999481201171875e+01
9.164999389648437500e+01
9.172999572753906250e+01
9.156999969482421875e+01
9.194999694824218750e+01
9.207999420166015625e+01
9.201999664306640625e+01
9.163999938964843750e+01
9.200999450683593750e+01
9.173999786376953125e+01
9.198999786376953125e+01
9.204000091552734375e+01
9.201999664306640625e+01
9.191999816894531250e+01
9.188999938964843750e+01
9.168000030517578125e+01
9.186999511718750000e+01
9.172000122070312500e+01
9.187999725341796875e+01
9.093999481201171875e+01
9.161999511718750000e+01
9.179000091552734375e+01
9.122000122070312500e+01
9.154999542236328125e+01
9.136000061035156250e+01
9.168000030517578125e+01
9.156999969482421875e+01
9.191999816894531250e+01
9.186999511718750000e+01
9.172000122070312500e+01
9.219999694824218750e+01
9.244999694824218750e+01
9.230999755859375000e+01
9.237999725341796875e+01
9.241999816894531250e+01
9.241999816894531250e+01
9.254000091552734375e+01
9.243000030517578125e+01
9.243999481201171875e+01
9.234999847412109375e+01
9.250000000000000000e+01
9.237999725341796875e+01
