4.272944927215576172e-01
4.091842174530029297e-01
4.229919910430908203e-01
4.125969409942626953e-01
4.356677532196044922e-01
4.079804420471191406e-01
4.092688560485839844e-01
4.153213500976562500e-01
4.171741008758544922e-01
4.117064476013183594e-01
4.695863723754882812e-01
4.198262691497802734e-01
4.134421348571777344e-01
4.096179008483886719e-01
4.183354377746582031e-01
4.147958755493164062e-01
4.033415317535400391e-01
3.968133926391601562e-01
4.183607101440429688e-01
4.197168350219726562e-01
4.051358699798583984e-01
4.027218818664550781e-01
4.175777435302734375e-01
4.178731441497802734e-01
3.981626033782958984e-01
4.208476543426513672e-01
4.076316356658935547e-01
3.981430530548095703e-01
4.078145027160644531e-01
4.043421745300292969e-01
4.005179405212402344e-01
4.074356555938720703e-01
4.042000770568847656e-01
4.103643894195556641e-01
4.038238525390625000e-01
4.291133880615234375e-01
4.082612991333007812e-01
4.119577407836914062e-01
4.082679748535156250e-01
4.112629890441894531e-01
4.076554775238037109e-01
4.111659526824951172e-01
4.176259040832519531e-01
4.167072772979736328e-01
4.178740978240966797e-01
4.198017120361328125e-01
4.068243503570556641e-01
4.163677692413330078e-01
4.137849807739257812e-01
4.194750785827636719e-01
4.155843257904052734e-01
4.272592067718505859e-01
4.213650226593017578e-01
4.147164821624755859e-01
4.231886863708496094e-01
4.200062751770019531e-01
4.181501865386962891e-01
4.247703552246093750e-01
4.189846515655517578e-01
4.282276630401611328e-01
4.168870449066162109e-01
4.164395332336425781e-01
4.260919094085693359e-01
4.180400371551513672e-01
4.104356765747070312e-01
4.109671115875244141e-01
4.283711910247802734e-01
4.198856353759765625e-01
4.182593822479248047e-01
4.196438789367675781e-01
4.161024093627929688e-01
4.064936637878417969e-01
4.234726428985595703e-01
4.364285469055175781e-01
4.135413169860839844e-01
4.088983535766601562e-01
4.092803001403808594e-01
4.094839096069335938e-01
4.174697399139404297e-01
4.067215919494628906e-01
3.977670669555664062e-01
4.165613651275634766e-01
4.083206653594970703e-01
4.183869361877441406e-01
4.087452888488769531e-01
4.104561805725097656e-01
4.214615821838378906e-01
4.107174873352050781e-01
4.073050022125244141e-01
4.279677867889404297e-01
4.199371337890625000e-01
4.103515148162841797e-01
4.085724353790283203e-01
4.219570159912109375e-01
4.061269760131835938e-01
4.190530776977539062e-01
4.139897823333740234e-01
4.122834205627441406e-01
4.055528640747070312e-01
4.078917503356933594e-01
4.149973392486572266e-01
4.167289733886718750e-01
4.108343124389648438e-01
4.187073707580566406e-01
4.243440628051757812e-01
4.043679237365722656e-01
4.113850593566894531e-01
4.143061637878417969e-01
4.098956584930419922e-01
4.147629737854003906e-01
4.131994247436523438e-01
4.111893177032470703e-01
4.052608013153076172e-01
4.196429252624511719e-01
4.199373722076416016e-01
4.142670631408691406e-01
4.315745830535888672e-01
4.171566963195800781e-01
4.188117980957031250e-01
4.104609489440917969e-01
4.193692207336425781e-01
4.300513267517089844e-01
4.255349636077880859e-01
4.309480190277099609e-01
4.192616939544677734e-01
4.232933521270751953e-01
4.199614524841308594e-01
4.241397380828857422e-01
4.193611145019531250e-01
4.221909046173095703e-01
4.114053249359130859e-01
4.138674736022949219e-01
4.106709957122802734e-01
4.257841110229492188e-01
4.194111824035644531e-01
4.082829952239990234e-01
4.101340770721435547e-01
4.267926216125488281e-01
4.162530899047851562e-01
4.120316505432128906e-01
4.220631122589111328e-01
4.087667465209960938e-01
4.112603664398193359e-01
4.052999019622802734e-01
4.245185852050781250e-01
4.083747863769531250e-01
4.026904106140136719e-01
4.220023155212402344e-01
4.361591339111328125e-01
4.203531742095947266e-01
4.067397117614746094e-01
4.125263690948486328e-01
4.050467014312744141e-01
4.090049266815185547e-01
4.170658588409423828e-01
4.155724048614501953e-01
4.057707786560058594e-01
4.136900901794433594e-01
4.158310890197753906e-01
4.061355590820312500e-01
4.101464748382568359e-01
