1.689600000183105522e+01
2.444799999755859332e+01
2.788799999816894370e+01
3.153600000122070313e+01
3.652799999023437749e+01
3.948799998779296772e+01
4.307199999023437442e+01
4.729599998657226223e+01
4.966399999023437317e+01
5.271999999267578119e+01
5.516799999267578158e+01
5.672000000610351833e+01
5.867199998291015817e+01
6.179199999023437329e+01
6.238399999267578266e+01
6.435199998657226672e+01
6.600000001464843535e+01
6.663999999267578289e+01
6.815999998291015061e+01
6.915199998291015504e+01
7.191999997558593805e+01
7.321599998291016220e+01
7.344000000488281898e+01
7.371200000488281034e+01
7.526399999511718875e+01
7.593599999511718579e+01
7.604800001708984780e+01
7.803199999755860006e+01
7.777599999511718920e+01
7.878399997558594237e+01
7.950400000732422257e+01
8.048000001464843933e+01
7.995199997802734515e+01
8.056000000488280932e+01
8.073599997314452992e+01
8.006399998657227002e+01
8.055999999755859164e+01
8.127999997558593748e+01
8.196800001708984951e+01
8.175999998779296618e+01
8.172799997558593077e+01
8.272000000732421654e+01
8.297599997802734606e+01
8.372799997802734140e+01
8.366399999511719443e+01
8.278399998291016004e+01
8.351999999755859960e+01
8.347200001464844377e+01
8.380799998535155737e+01
8.462399999755859881e+01
8.435200000732422154e+01
8.420800001708984439e+01
8.392000001464843706e+01
8.398400001708984064e+01
8.483199999755859722e+01
8.544000001708984371e+01
8.521599999755859756e+01
8.515199998535156567e+01
8.532799998535156760e+01
8.447999997802733674e+01
8.595199999755858755e+01
8.560000001708984030e+01
8.550400000488281194e+01
8.595200001708984416e+01
8.609599999755859301e+01
8.607999997558593464e+01
8.577599997558593259e+01
8.643200000732421984e+01
8.601599998779296641e+01
8.686399999511718306e+01
8.684800000732421665e+01
8.670400000732422541e+01
8.651199998535156510e+01
8.745600000488281012e+01
8.657599997558594396e+01
8.660799997558594043e+01
8.664000001708984655e+01
8.729600001953124888e+01
8.671999999755858823e+01
8.724800001708985064e+01
8.723199997802734629e+01
8.747199998779296948e+01
8.755200001708983848e+01
8.752000000732421370e+01
8.787200001708984587e+01
8.756799999755858721e+01
8.728000001708984712e+01
8.780799998535155737e+01
8.769600001708984394e+01
8.809599999755859301e+01
8.835199999755859324e+01
8.835199997802735083e+01
8.812799997802734708e+01
8.811199998779297005e+01
8.846399997802734561e+01
8.846400000732421631e+01
8.820799997802734538e+01
8.879999998535156180e+01
8.839999997802733844e+01
8.867199998779297232e+01
9.399999997802734697e+01
9.435199997802735083e+01
9.534400001953125070e+01
9.567999997802733958e+01
9.545599998779296413e+01
9.561599999999999966e+01
9.568000001953124922e+01
9.596800001953124593e+01
9.628799997802734367e+01
9.646400001953125525e+01
9.657599999999999341e+01
9.659200001953125536e+01
9.651199998779297573e+01
9.667199999999999704e+01
9.660800000000000409e+01
9.654400001953125354e+01
9.686399997802733708e+01
9.734400001953125070e+01
9.712000000000000455e+01
9.707200001953124513e+01
9.728000000976562944e+01
9.755200001953124911e+01
9.755199997802733947e+01
9.753600000976562967e+01
9.724800001953124706e+01
9.777599999999999625e+01
9.715200001953124342e+01
9.784000000000000341e+01
9.787200000976562819e+01
9.779200000000000159e+01
9.793600000000000705e+01
9.771200001953124570e+01
9.768000000000000682e+01
9.798400000976562296e+01
9.819200001953124968e+01
9.796800000000000352e+01
9.827200000000000557e+01
9.812800000976562842e+01
9.803200001953125309e+01
9.828800001953125332e+01
9.828800000976562501e+01
9.823999997802734185e+01
9.838400000000000034e+01
9.836800000976562330e+01
9.811200000976562308e+01
9.852800000976561989e+01
9.833600000976562683e+01
9.856000000000000227e+01
9.825600000000000023e+01
9.825600000000000023e+01
9.894400000976563092e+01
9.888000000976562376e+01
9.886400000000000432e+01
9.891200000000000614e+01
9.912000000976561864e+01
9.916800000000000637e+01
9.897599999999999909e+01
9.899200000000000443e+01
9.904000000000000625e+01
9.904000000976562035e+01
9.908799999999999386e+01
