2.908998382225036483e+00
1.947634034957885785e+00
1.833466814804077138e+00
1.782294038200378461e+00
1.685435475845336928e+00
1.601710515174865623e+00
1.517471588211059652e+00
1.437028208961486753e+00
1.367015406112670917e+00
1.301048069229125970e+00
1.239135876121520985e+00
1.173319591522216765e+00
1.128528405838012727e+00
1.096486155357360825e+00
1.041107838554382381e+00
1.006002008285522553e+00
9.816458480834960865e-01
9.261869966506958152e-01
8.927759682273864739e-01
8.530823843383789074e-01
8.261267679214477910e-01
7.895636200714111208e-01
7.640438519859313882e-01
7.209670034980774078e-01
7.068110147094726070e-01
6.871668971252441471e-01
6.830816502189636097e-01
6.391589152336120128e-01
6.218975495529174280e-01
6.080972670936584112e-01
6.137535175037384105e-01
5.986603738975524447e-01
5.703901556491851599e-01
5.692410090637206599e-01
5.623328028678894475e-01
5.422802602195739841e-01
5.437060340118408108e-01
5.322878173065185292e-01
5.071139638710021602e-01
5.251366033363342734e-01
5.086903321170807013e-01
4.941341558933258216e-01
5.005818625450134673e-01
4.924489924430847099e-01
4.885035834884643435e-01
4.863836554241180443e-01
4.874302141380310038e-01
4.915129743003845419e-01
4.614263966941833384e-01
4.661557729434966935e-01
4.655757162952423034e-01
4.602728488349914771e-01
4.500817929935455597e-01
4.585771980953216587e-01
4.498019618988037260e-01
4.356353887176513395e-01
4.356680558586120688e-01
4.280295485115051535e-01
4.227573229026794221e-01
4.302172228813171406e-01
4.470936196136474639e-01
4.208352163028716841e-01
4.099558811616897391e-01
4.065033710861206129e-01
4.117157325744628671e-01
4.212150917148589913e-01
4.241708435916900499e-01
4.161060333633422870e-01
4.100282454204559057e-01
4.101433371829986685e-01
3.800833994770049795e-01
3.958927969551086501e-01
4.052221028995514063e-01
4.072675998687744214e-01
3.932633615016937201e-01
3.734018812179565328e-01
3.826033883666992153e-01
3.922193461799621805e-01
3.910013598155975267e-01
3.741077034473418994e-01
3.847254474687576420e-01
3.822861202764510913e-01
3.588786954879760738e-01
3.941644631958007849e-01
3.620714322280883524e-01
3.671748353099822948e-01
3.749034732627868904e-01
3.642496601104736054e-01
3.672744980716705077e-01
3.546263199567794566e-01
3.423061492824554519e-01
3.735068266391753933e-01
3.644877553558349415e-01
3.531057396316528152e-01
3.526857079124450789e-01
3.611057061004638857e-01
3.550397125148773148e-01
3.245475357532501270e-01
3.606131821727752707e-01
3.591257488107681417e-01
1.946543318176269521e-01
1.642969689321517879e-01
1.558089485692977783e-01
1.495829747581481906e-01
1.375942360210418713e-01
1.335566570472717374e-01
1.296730822372436642e-01
1.210147472810745306e-01
1.266176873731613139e-01
1.154768648195266673e-01
1.125183366966247545e-01
1.108787436962127698e-01
1.154782297229766802e-01
1.027499422001838664e-01
9.610174169778823439e-02
9.630771937370299907e-02
1.008514434337615950e-01
9.632262100219726730e-02
9.314047591686248906e-02
9.191781175851822250e-02
8.683427170872688727e-02
8.371943777322769786e-02
8.559484149932861108e-02
8.608567278623581454e-02
7.965588093757629273e-02
8.269713286757468529e-02
7.858859536170959004e-02
7.276923940062522689e-02
7.168947642922401942e-02
7.252258530616760568e-02
6.916717801213263794e-02
6.744759528875350629e-02
6.781473828315734420e-02
6.507165880918502898e-02
6.585075400114059896e-02
7.028437725067138153e-02
5.392277466416359188e-02
5.470282868862152287e-02
6.409888533353805262e-02
5.619639672100543853e-02
6.311976136803626458e-02
6.461757587432861993e-02
5.939585909247398210e-02
5.971424604177474893e-02
5.879422868549823850e-02
5.107662847995757954e-02
5.083387559652328275e-02
5.095244249105453788e-02
5.033089820861816333e-02
4.919133477687835654e-02
3.937018636226653767e-02
3.883629610568285068e-02
4.004097984552383582e-02
3.792480200290680031e-02
3.657547988355160096e-02
3.763350363790989028e-02
3.624630612969398369e-02
4.015317121386528104e-02
3.572712286233901968e-02
3.850054118871688857e-02
3.536570281594991760e-02
