3.263782501220703125e+00
2.361223459243774414e+00
2.356730699539184570e+00
2.352946758270263672e+00
2.393311738967895508e+00
2.376753568649291992e+00
2.373857259750366211e+00
2.358664751052856445e+00
2.374809741973876953e+00
2.363143920898437500e+00
2.448149442672729492e+00
2.431198120117187500e+00
2.355206489562988281e+00
2.351643323898315430e+00
2.365705013275146484e+00
2.356904983520507812e+00
2.350113391876220703e+00
2.353942155838012695e+00
2.353290557861328125e+00
2.379337072372436523e+00
2.345482587814331055e+00
2.365708351135253906e+00
2.363095283508300781e+00
2.357440233230590820e+00
2.363091468811035156e+00
2.382675886154174805e+00
2.362483263015747070e+00
2.353407382965087891e+00
2.372137308120727539e+00
2.372984886169433594e+00
2.363654375076293945e+00
2.359999656677246094e+00
2.359998226165771484e+00
2.355948686599731445e+00
2.355147123336791992e+00
2.362650632858276367e+00
2.344326496124267578e+00
2.359441757202148438e+00
2.364458560943603516e+00
2.353187799453735352e+00
2.374497890472412109e+00
2.354139566421508789e+00
2.345655679702758789e+00
2.356140375137329102e+00
2.353594541549682617e+00
2.353809595108032227e+00
2.351834535598754883e+00
2.348026275634765625e+00
2.359818220138549805e+00
2.350912570953369141e+00
2.348788976669311523e+00
2.358185529708862305e+00
2.368000984191894531e+00
2.342015743255615234e+00
2.344763278961181641e+00
2.362969875335693359e+00
2.357811212539672852e+00
2.355950593948364258e+00
2.361375570297241211e+00
2.377486944198608398e+00
2.351471662521362305e+00
2.389383792877197266e+00
2.368781805038452148e+00
2.376736640930175781e+00
2.369482278823852539e+00
2.373123884201049805e+00
2.356290817260742188e+00
2.369819402694702148e+00
2.358241319656372070e+00
2.377568244934082031e+00
2.384208202362060547e+00
2.370551347732543945e+00
2.365116596221923828e+00
2.368712425231933594e+00
2.359014749526977539e+00
2.356311559677124023e+00
2.357758045196533203e+00
2.384261846542358398e+00
2.367257833480834961e+00
2.365657806396484375e+00
2.360775947570800781e+00
2.350699901580810547e+00
2.354214668273925781e+00
2.370549678802490234e+00
2.354485750198364258e+00
2.374958276748657227e+00
2.390283823013305664e+00
2.363667726516723633e+00
2.366584300994873047e+00
2.392751455307006836e+00
2.371403455734252930e+00
2.368214130401611328e+00
2.373626232147216797e+00
2.395521163940429688e+00
2.347792148590087891e+00
2.369767189025878906e+00
2.354340076446533203e+00
2.356291055679321289e+00
2.346283197402954102e+00
2.350007295608520508e+00
2.361101627349853516e+00
2.365540266036987305e+00
2.361255645751953125e+00
2.359804868698120117e+00
2.365576982498168945e+00
2.364655733108520508e+00
2.346558094024658203e+00
2.360578775405883789e+00
2.348013639450073242e+00
2.344973087310791016e+00
2.372459411621093750e+00
2.361199140548706055e+00
2.359325408935546875e+00
2.348388910293579102e+00
2.360904693603515625e+00
2.360557556152343750e+00
2.372380018234252930e+00
2.360339641571044922e+00
2.349521398544311523e+00
2.366761207580566406e+00
2.372829914093017578e+00
2.356348037719726562e+00
2.356409549713134766e+00
2.364940404891967773e+00
2.374216794967651367e+00
2.365029335021972656e+00
2.378320217132568359e+00
2.361520290374755859e+00
2.350885629653930664e+00
2.351301908493041992e+00
2.354277610778808594e+00
2.366968631744384766e+00
2.362448453903198242e+00
2.366051197052001953e+00
2.359779119491577148e+00
2.358645677566528320e+00
2.366343498229980469e+00
2.372950792312622070e+00
2.383770465850830078e+00
2.355989694595336914e+00
2.385580301284790039e+00
2.372946023941040039e+00
2.353532075881958008e+00
2.364082336425781250e+00
2.364961624145507812e+00
2.342994213104248047e+00
2.362065553665161133e+00
2.376954555511474609e+00
2.395017147064208984e+00
2.363714694976806641e+00
2.365239620208740234e+00
2.365768432617187500e+00
2.352869749069213867e+00
2.347057342529296875e+00
2.375270605087280273e+00
2.353871583938598633e+00
2.347364664077758789e+00
2.389554977416992188e+00
2.364779233932495117e+00
2.345176696777343750e+00
2.351567029953002930e+00
