4.265558719635009766e-01
4.090528488159179688e-01
4.228031635284423828e-01
4.123458862304687500e-01
4.353818893432617188e-01
4.077234268188476562e-01
4.091563224792480469e-01
4.151315689086914062e-01
4.185483455657958984e-01
4.255747795104980469e-01
5.007400512695312500e-01
4.195406436920166016e-01
4.132101535797119141e-01
4.094331264495849609e-01
4.307096004486083984e-01
4.146029949188232422e-01
4.031398296356201172e-01
3.967380523681640625e-01
4.179909229278564453e-01
4.260408878326416016e-01
4.049749374389648438e-01
4.055013656616210938e-01
4.172832965850830078e-01
4.177303314208984375e-01
3.978011608123779297e-01
4.206318855285644531e-01
4.073045253753662109e-01
4.048223495483398438e-01
4.075472354888916016e-01
4.051353931427001953e-01
3.998258113861083984e-01
4.299960136413574219e-01
4.039447307586669922e-01
4.102809429168701172e-01
4.036808013916015625e-01
4.288263320922851562e-01
4.177148342132568359e-01
4.117732048034667969e-01
4.080598354339599609e-01
4.110171794891357422e-01
4.074406623840332031e-01
4.110198020935058594e-01
4.302473068237304688e-01
4.281685352325439453e-01
4.177093505859375000e-01
4.194207191467285156e-01
4.060058593750000000e-01
4.161503314971923828e-01
4.135756492614746094e-01
4.193019866943359375e-01
4.154102802276611328e-01
4.269731044769287109e-01
4.211659431457519531e-01
4.145903587341308594e-01
4.230041503906250000e-01
4.198119640350341797e-01
4.178752899169921875e-01
4.349288940429687500e-01
4.186460971832275391e-01
4.279928207397460938e-01
4.165668487548828125e-01
4.163565635681152344e-01
4.259014129638671875e-01
4.178318977355957031e-01
4.103302955627441406e-01
4.107620716094970703e-01
4.283614158630371094e-01
4.197371006011962891e-01
4.181396961212158203e-01
4.192786216735839844e-01
4.158594608306884766e-01
4.062542915344238281e-01
4.328892230987548828e-01
4.361965656280517578e-01
4.133603572845458984e-01
4.086964130401611328e-01
4.091093540191650391e-01
4.092755317687988281e-01
4.209275245666503906e-01
4.064464569091796875e-01
3.976407051086425781e-01
4.259862899780273438e-01
4.081072807312011719e-01
4.181802272796630859e-01
4.085569381713867188e-01
4.101972579956054688e-01
4.213991165161132812e-01
4.104402065277099609e-01
4.129412174224853516e-01
4.278347492218017578e-01
4.196405410766601562e-01
4.101953506469726562e-01
4.082734584808349609e-01
4.352333545684814453e-01
4.059929847717285156e-01
4.313902854919433594e-01
4.137518405914306641e-01
4.124655723571777344e-01
4.053642749786376953e-01
4.078207015991210938e-01
4.147787094116210938e-01
4.165310859680175781e-01
4.187030792236328125e-01
4.185256958007812500e-01
4.250211715698242188e-01
4.042723178863525391e-01
4.111497402191162109e-01
4.138052463531494141e-01
4.097535610198974609e-01
4.145689010620117188e-01
4.129261970520019531e-01
4.110176563262939453e-01
4.049723148345947266e-01
4.194440841674804688e-01
4.196572303771972656e-01
4.141216278076171875e-01
4.313471317291259766e-01
4.204268455505371094e-01
4.185492992401123047e-01
4.102540016174316406e-01
4.192726612091064453e-01
4.297835826873779297e-01
4.253997802734375000e-01
4.306747913360595703e-01
4.191222190856933594e-01
4.232077598571777344e-01
4.197256565093994141e-01
4.239337444305419922e-01
4.192106723785400391e-01
4.218664169311523438e-01
4.152011871337890625e-01
4.137816429138183594e-01
4.174265861511230469e-01
4.255218505859375000e-01
4.192023277282714844e-01
4.080245494842529297e-01
4.099848270416259766e-01
4.265737533569335938e-01
4.160270690917968750e-01
4.118745326995849609e-01
4.216136932373046875e-01
4.085180759429931641e-01
4.110801219940185547e-01
4.051616191864013672e-01
4.358301162719726562e-01
4.180626869201660156e-01
4.120659828186035156e-01
4.218182563781738281e-01
4.358944892883300781e-01
4.201080799102783203e-01
4.171733856201171875e-01
4.123966693878173828e-01
4.129648208618164062e-01
4.088006019592285156e-01
4.168426990509033203e-01
4.283015727996826172e-01
4.057710170745849609e-01
4.140741825103759766e-01
4.157102108001708984e-01
4.060001373291015625e-01
4.099740982055664062e-01
