3.272563219070434570e+00
2.311517953872680664e+00
2.309921264648437500e+00
2.301601886749267578e+00
2.329359054565429688e+00
2.336042642593383789e+00
2.340668916702270508e+00
2.300997734069824219e+00
2.322582483291625977e+00
2.336105585098266602e+00
2.398463487625122070e+00
2.339661121368408203e+00
2.301252603530883789e+00
2.325294494628906250e+00
2.322388648986816406e+00
2.342682838439941406e+00
2.294749021530151367e+00
2.300851821899414062e+00
2.309880971908569336e+00
2.316400766372680664e+00
2.300078630447387695e+00
2.304932832717895508e+00
2.304898738861083984e+00
2.320114135742187500e+00
2.324463129043579102e+00
2.354312658309936523e+00
2.327692031860351562e+00
2.313909769058227539e+00
2.318451881408691406e+00
2.316352844238281250e+00
2.313869237899780273e+00
2.294691801071166992e+00
2.307382822036743164e+00
2.318696737289428711e+00
2.299891233444213867e+00
2.312848567962646484e+00
2.300278186798095703e+00
2.318790674209594727e+00
2.312360048294067383e+00
2.297260046005249023e+00
2.318065404891967773e+00
2.307212591171264648e+00
2.316207647323608398e+00
2.303443193435668945e+00
2.297108888626098633e+00
2.369706869125366211e+00
2.299753189086914062e+00
2.314555406570434570e+00
2.309239625930786133e+00
2.295532703399658203e+00
2.299887657165527344e+00
2.302579402923583984e+00
2.308325052261352539e+00
2.293917655944824219e+00
2.298035860061645508e+00
2.315358638763427734e+00
2.302786350250244141e+00
2.304674863815307617e+00
2.305095195770263672e+00
2.308733224868774414e+00
2.301036119461059570e+00
2.320719957351684570e+00
2.307489871978759766e+00
2.314750909805297852e+00
2.318833827972412109e+00
2.312762260437011719e+00
2.316401720046997070e+00
2.319635868072509766e+00
2.310968637466430664e+00
2.317798137664794922e+00
2.319168329238891602e+00
2.314801216125488281e+00
2.327528953552246094e+00
2.322995185852050781e+00
2.344695091247558594e+00
2.319062471389770508e+00
2.325844287872314453e+00
2.316995859146118164e+00
2.307436227798461914e+00
2.310040950775146484e+00
2.316020488739013672e+00
2.313076734542846680e+00
2.335896015167236328e+00
2.325800180435180664e+00
2.296154499053955078e+00
2.323004961013793945e+00
2.332939624786376953e+00
2.298735618591308594e+00
2.319473981857299805e+00
2.316328525543212891e+00
2.312015056610107422e+00
2.316275119781494141e+00
2.318535089492797852e+00
2.315669775009155273e+00
2.380789518356323242e+00
2.321178913116455078e+00
2.301204681396484375e+00
2.306644916534423828e+00
2.296414136886596680e+00
2.293824434280395508e+00
2.330343961715698242e+00
2.300269842147827148e+00
2.298304319381713867e+00
2.331876277923583984e+00
2.309642553329467773e+00
2.312253236770629883e+00
2.302653789520263672e+00
2.315549373626708984e+00
2.291460990905761719e+00
2.308917522430419922e+00
2.325101613998413086e+00
2.303992271423339844e+00
2.310909748077392578e+00
2.303951263427734375e+00
2.300321102142333984e+00
2.295129299163818359e+00
2.311062812805175781e+00
2.313032627105712891e+00
2.302582025527954102e+00
2.309755563735961914e+00
2.316704273223876953e+00
2.314181804656982422e+00
2.308727741241455078e+00
2.298810243606567383e+00
2.316233873367309570e+00
2.306573152542114258e+00
2.308321714401245117e+00
2.317871093750000000e+00
2.296114444732666016e+00
2.308838605880737305e+00
2.307028770446777344e+00
2.321466445922851562e+00
2.304785490036010742e+00
2.320511102676391602e+00
2.323575258255004883e+00
2.311460256576538086e+00
2.308670759201049805e+00
2.313531160354614258e+00
2.330555915832519531e+00
2.313749551773071289e+00
2.327925443649291992e+00
2.309894323348999023e+00
2.303470373153686523e+00
2.309281826019287109e+00
2.318152189254760742e+00
2.304010868072509766e+00
2.309075832366943359e+00
2.311110973358154297e+00
2.360879182815551758e+00
2.317278861999511719e+00
2.312752962112426758e+00
2.316051244735717773e+00
2.341312408447265625e+00
2.297403097152709961e+00
2.354201793670654297e+00
2.308834075927734375e+00
2.304042100906372070e+00
2.325534582138061523e+00
2.302349328994750977e+00
2.295258283615112305e+00
2.352296352386474609e+00
