2.106999969482421875e+01
2.151000022888183594e+01
2.828999900817871094e+01
3.034000015258789062e+01
3.731999969482421875e+01
3.182999992370605469e+01
3.913999938964843750e+01
4.686999893188476562e+01
4.475000000000000000e+01
4.571999740600585938e+01
4.878999710083007812e+01
5.682999801635742188e+01
5.363999938964843750e+01
4.852000045776367188e+01
5.297999954223632812e+01
5.539999771118164062e+01
6.150000000000000000e+01
6.251999664306640625e+01
6.238999938964843750e+01
4.286999893188476562e+01
5.950999832153320312e+01
6.429000091552734375e+01
6.788999938964843750e+01
6.196999740600585938e+01
5.709999847412109375e+01
5.055999755859375000e+01
6.980999755859375000e+01
6.392999649047851562e+01
7.433000183105468750e+01
7.181999969482421875e+01
6.795999908447265625e+01
5.985999679565429688e+01
6.868999481201171875e+01
5.448999786376953125e+01
6.669999694824218750e+01
5.056999969482421875e+01
7.447000122070312500e+01
6.940000152587890625e+01
7.458000183105468750e+01
6.232999801635742188e+01
7.761999511718750000e+01
6.879999542236328125e+01
6.161999893188476562e+01
6.250999832153320312e+01
6.933000183105468750e+01
6.829999542236328125e+01
5.960999679565429688e+01
6.163999938964843750e+01
5.286999893188476562e+01
3.595000076293945312e+01
7.752999877929687500e+01
6.940999603271484375e+01
6.184999847412109375e+01
6.550000000000000000e+01
5.216999816894531250e+01
7.622000122070312500e+01
6.409999847412109375e+01
7.870999908447265625e+01
7.452999877929687500e+01
7.479999542236328125e+01
6.220999908447265625e+01
7.029999542236328125e+01
6.515000152587890625e+01
6.937999725341796875e+01
5.827999877929687500e+01
5.810999679565429688e+01
7.270999908447265625e+01
3.545999908447265625e+01
7.802999877929687500e+01
7.504999542236328125e+01
7.554999542236328125e+01
7.111999511718750000e+01
6.906999969482421875e+01
7.270999908447265625e+01
6.543000030517578125e+01
7.495999908447265625e+01
7.905999755859375000e+01
3.054999923706054688e+01
8.180999755859375000e+01
7.613999938964843750e+01
7.854999542236328125e+01
7.600999450683593750e+01
6.101999664306640625e+01
5.944999694824218750e+01
4.640999984741210938e+01
5.968000030517578125e+01
8.144999694824218750e+01
5.295999908447265625e+01
6.700000000000000000e+01
7.601999664306640625e+01
6.184999847412109375e+01
7.993000030517578125e+01
5.759000015258789062e+01
8.300999450683593750e+01
7.238999938964843750e+01
6.576999664306640625e+01
7.336000061035156250e+01
7.500999450683593750e+01
7.438999938964843750e+01
7.511999511718750000e+01
9.136000061035156250e+01
9.170999908447265625e+01
9.162999725341796875e+01
9.157999420166015625e+01
9.193000030517578125e+01
9.193000030517578125e+01
9.169999694824218750e+01
9.176999664306640625e+01
9.207999420166015625e+01
9.115999603271484375e+01
9.200000000000000000e+01
9.162999725341796875e+01
9.205999755859375000e+01
9.189999389648437500e+01
9.200999450683593750e+01
9.183999633789062500e+01
9.194999694824218750e+01
9.179999542236328125e+01
9.201999664306640625e+01
9.189999389648437500e+01
9.200999450683593750e+01
9.172999572753906250e+01
9.193000030517578125e+01
9.176999664306640625e+01
9.193999481201171875e+01
9.179000091552734375e+01
9.140999603271484375e+01
9.194999694824218750e+01
9.118999481201171875e+01
9.143999481201171875e+01
9.191999816894531250e+01
9.198999786376953125e+01
9.168000030517578125e+01
9.165999603271484375e+01
9.170999908447265625e+01
9.132999420166015625e+01
9.150999450683593750e+01
9.136999511718750000e+01
9.170999908447265625e+01
9.190999603271484375e+01
9.186999511718750000e+01
9.131999969482421875e+01
9.166999816894531250e+01
9.186999511718750000e+01
9.213999938964843750e+01
9.061000061035156250e+01
9.219999694824218750e+01
9.125000000000000000e+01
9.182999420166015625e+01
9.152999877929687500e+01
9.233999633789062500e+01
9.215999603271484375e+01
9.243000030517578125e+01
9.219999694824218750e+01
9.243999481201171875e+01
9.250999450683593750e+01
9.223999786376953125e+01
9.247999572753906250e+01
9.234999847412109375e+01
9.247999572753906250e+01
9.236999511718750000e+01
