1.662400000122070409e+01
2.292799999511718667e+01
2.675199999511718829e+01
3.111999999145507800e+01
3.531199998779296578e+01
3.979199998779296976e+01
4.406399999023437175e+01
4.633599999999999852e+01
4.912000000244140807e+01
5.308799998779296914e+01
5.537600000244140830e+01
5.747199999633789247e+01
6.025600000244140375e+01
6.185599997314453447e+01
6.308799999267578329e+01
6.500800000244140620e+01
6.561600001464843501e+01
6.731199998291015163e+01
6.871999997314452457e+01
6.990399998535156101e+01
7.068799997314452810e+01
7.401599997558594168e+01
7.371200001464843865e+01
7.470399997314453344e+01
7.553599997558593770e+01
7.675199999267577766e+01
7.678399999755859540e+01
7.782399997314453799e+01
7.875199998657227241e+01
8.008000001708984428e+01
7.947200000488281546e+01
7.929599997558594282e+01
7.904000000488281330e+01
8.023999997558593122e+01
8.020800001464843376e+01
8.108800000732422575e+01
8.212799997558593645e+01
8.163199997558594134e+01
8.167999997314453253e+01
8.179200000488280864e+01
8.342400001708983837e+01
8.257599997558594396e+01
8.313599998291014970e+01
8.375999999511718386e+01
8.319999999511718158e+01
8.300799998291014958e+01
8.384000000732422109e+01
8.419200001464844263e+01
8.428800000732421438e+01
8.436799998535155964e+01
8.420800001708984439e+01
8.545599997558593941e+01
8.392000001708984769e+01
8.508799998779296914e+01
8.478399998779296709e+01
8.644800001708983928e+01
8.524799997558594100e+01
8.478400001708983780e+01
8.523200000732421699e+01
8.526400001708984178e+01
8.595200000732421586e+01
8.553599999511719432e+01
8.604799997558593816e+01
8.569599997558593429e+01
8.563200001708983677e+01
8.638400000732421802e+01
8.646399999755858801e+01
8.732800001708984894e+01
8.630399998779296311e+01
8.708800001708983984e+01
8.715199997802734799e+01
8.713599999755859926e+01
8.686400000732422200e+01
8.611200001953125138e+01
8.665599997802733867e+01
8.659200000732421643e+01
8.688000000732421313e+01
8.628799998779297198e+01
8.702400000732421859e+01
8.710400001708984519e+01
8.700799999511718852e+01
8.606400001708983893e+01
8.734399997802734106e+01
8.761600000732421734e+01
8.831999997558594373e+01
8.751999997802734299e+01
8.736000000732421711e+01
8.726399997558593213e+01
8.708800001953125047e+01
8.820799999755858778e+01
8.777600001708984223e+01
8.825600001708984621e+01
8.718399998779297277e+01
8.849599999755859869e+01
8.817599998291015595e+01
8.769600000488281921e+01
8.761600000732421734e+01
8.766399998779296254e+01
8.852800001708983757e+01
8.860799997558594043e+01
9.342400000000000659e+01
9.444800000976562160e+01
9.471999998779297414e+01
9.516799998779296743e+01
9.558400000976563149e+01
9.569600000976562626e+01
9.585600001953125116e+01
9.566400000976562978e+01
9.625600000976562853e+01
9.611199999999999477e+01
9.624000001953125150e+01
9.596800001953124593e+01
9.640000000000000568e+01
9.660800000000000409e+01
9.657600000976562171e+01
9.671999997802734583e+01
9.683199999999999363e+01
9.712000000976561864e+01
9.713600000976562399e+01
9.692800000976562558e+01
9.704000001953124865e+01
9.718399998779297277e+01
9.724800001953124706e+01
9.753599997802734833e+01
9.727999997802734811e+01
9.736000000976562774e+01
9.747199999999999420e+01
9.729600000000000648e+01
9.736000000976562774e+01
9.774399999999999977e+01
9.758400000976563149e+01
9.793600000000000705e+01
9.784000001953124581e+01
9.801600000976561944e+01
9.812800000000000011e+01
9.816000000976562490e+01
9.758400001953124558e+01
9.796800000000000352e+01
9.828799997802734367e+01
9.816000000976562490e+01
9.798400000976562296e+01
9.841599999999999682e+01
9.768000001953124922e+01
9.825600000976562853e+01
9.838400000000000034e+01
9.827200000000000557e+01
9.833599999999999852e+01
9.871999999999999886e+01
9.838400000000000034e+01
9.848000001953124638e+01
9.867199999999999704e+01
9.891200000000000614e+01
9.904000000976562035e+01
9.873600000976561830e+01
9.899199997802733719e+01
9.892799999999999727e+01
9.878399997802733878e+01
9.907200000000000273e+01
9.908799999999999386e+01
9.905599999999999739e+01
9.921599999999999397e+01
