1.675199999877929713e+01
2.329600000122070469e+01
2.598399999816894379e+01
3.076799999572753919e+01
3.601599999389648588e+01
4.006400000732421773e+01
4.339199999023437471e+01
4.534399998779296936e+01
5.088000000488280961e+01
5.161599999023437846e+01
5.379199999633789275e+01
5.668799999267578471e+01
5.907199998657226558e+01
6.054400000610351640e+01
6.192000000000000171e+01
6.337599999023437647e+01
6.496000000610351321e+01
6.740799999267578357e+01
6.809600001464843899e+01
6.983999997314452912e+01
7.116799997314453208e+01
7.190399999023436806e+01
7.417600000488280898e+01
7.406400001708983893e+01
7.532799998291015697e+01
7.601599999511718408e+01
7.598399997558593100e+01
7.771200000488281034e+01
7.785600001708984053e+01
7.839999999511718443e+01
7.908799997558594441e+01
7.948799998535156419e+01
8.031999998535155783e+01
7.993600000732422473e+01
8.057600000488281466e+01
8.049599998535155976e+01
8.094400000488280966e+01
8.046400001708984462e+01
8.183999997314452912e+01
8.136000000488280648e+01
8.187199997558593623e+01
8.247999999511718272e+01
8.209600001708984962e+01
8.252799998657226865e+01
8.265600001708983768e+01
8.321600000488281523e+01
8.327999999755859051e+01
8.303999998535155669e+01
8.345600001708984905e+01
8.312000001708985053e+01
8.315200001464843638e+01
8.415999999755860017e+01
8.377600000732421393e+01
8.441599997558593316e+01
8.489600000488280784e+01
8.326399997558593213e+01
8.496000000732422563e+01
8.510399998779297448e+01
8.563200000976561910e+01
8.492799999755860085e+01
8.524799997558594100e+01
8.481599997558593884e+01
8.534399998779296936e+01
8.595200000732421586e+01
8.590399998535156101e+01
8.593600001708983882e+01
8.550399998779296595e+01
8.609599999755859301e+01
8.604800000732421950e+01
8.611199999755859835e+01
8.601599999755859471e+01
8.635199997558594021e+01
8.593600001708983882e+01
8.716800000732422404e+01
8.575999999755859449e+01
8.619199999755859665e+01
8.625600001708984621e+01
8.668799997802734936e+01
8.675199999755859892e+01
8.644799999511718624e+01
8.724799998779296573e+01
8.750399999755859426e+01
8.713599997558593202e+01
8.783999997802735038e+01
8.788800001708983700e+01
8.708799999511718681e+01
8.774399997802734674e+01
8.804800001953124422e+01
8.766399997802734845e+01
8.673599997558594055e+01
8.755200000976562080e+01
8.782399997802734504e+01
8.745599999511718181e+01
8.785599997558593088e+01
8.750400001708983666e+01
8.748800000732421722e+01
8.804800000732421950e+01
8.745599997558593941e+01
8.809600001708984962e+01
8.809599998779296470e+01
9.320000000976563115e+01
9.432000001953124979e+01
9.516799998779296743e+01
9.487999998779297073e+01
9.545599997802735004e+01
9.540799998779296232e+01
9.571200000976563160e+01
9.568000001953124922e+01
9.601599997802733810e+01
9.576000000976561921e+01
9.601600000000000534e+01
9.609599997802735061e+01
9.670400001953125013e+01
9.632000000976562148e+01
9.644800000976562160e+01
9.676800001953124308e+01
9.678400001953124843e+01
9.673600000976561830e+01
9.670399999999999352e+01
9.686400000000000432e+01
9.715199998779296209e+01
9.704000000976562035e+01
9.723200000976562762e+01
9.731200001953125422e+01
9.705600000976562569e+01
9.736000000976562774e+01
9.747199997802734117e+01
9.742399997802733935e+01
9.774400001953125638e+01
9.785600000976562285e+01
9.784000000976563172e+01
9.779200001953124399e+01
9.772799999999999443e+01
9.756800001953125445e+01
9.763200001953124740e+01
9.766400001953124388e+01
9.804800001953124422e+01
9.820799997802734538e+01
9.809600000976563194e+01
9.800000000976562831e+01
9.784000000976563172e+01
9.811199999999999477e+01
9.800000001953125661e+01
9.822400001953124615e+01
9.803200000976562478e+01
9.820800000976562671e+01
9.835200000976561796e+01
9.852799997802733856e+01
9.838400000976562865e+01
9.851200000000000045e+01
9.878400000000000603e+01
9.899200000000000443e+01
9.873600000000000421e+01
9.884800001953125559e+01
9.902400000000000091e+01
9.881600000000000250e+01
9.879999999999999716e+01
9.886400000000000432e+01
9.908799999999999386e+01
9.892799998779297255e+01
9.873600000976561830e+01
