1.763200000488281205e+01
2.446399999908447143e+01
2.767999999816894530e+01
3.207999999816894388e+01
3.614399999145507536e+01
3.894399999816894820e+01
4.335999999755859591e+01
4.702399999389648144e+01
5.000000000610351236e+01
5.292799999633788843e+01
5.524799999023437636e+01
5.659200000610351822e+01
5.924800000488281171e+01
6.161599999267578198e+01
6.217600000976562313e+01
6.414400000244140188e+01
6.462399998657227229e+01
6.619199997314453299e+01
6.856000000488280932e+01
6.967999998535155726e+01
7.243199997558593850e+01
7.107200000488280978e+01
7.332800000488281000e+01
7.524799998291015868e+01
7.550399998291015891e+01
7.660799997558594043e+01
7.699200001708985042e+01
7.679999998535156180e+01
7.820799997314453833e+01
7.833599999511719147e+01
7.889599999511719375e+01
7.883200001708983962e+01
7.937599999755859415e+01
8.100799997558593191e+01
8.092800001708984325e+01
8.027199999511718431e+01
8.120000000732422052e+01
8.110400001708984519e+01
8.220800000732421609e+01
8.255999997558593861e+01
8.147199997558593054e+01
8.241600001708984280e+01
8.238399999511719329e+01
8.336000000488280648e+01
8.308800000732422575e+01
8.310399999511719216e+01
8.251199998535156510e+01
8.351999998535156067e+01
8.379199998535156624e+01
8.356800001708984382e+01
8.324800001708985064e+01
8.363199998779296607e+01
8.366399997558593782e+01
8.419199998779296834e+01
8.411199998779297005e+01
8.456000001708984826e+01
8.508800000732422575e+01
8.481599997314452821e+01
8.478399997802733878e+01
8.441600000732421449e+01
8.416000000732421427e+01
8.472000000732421654e+01
8.591999997802734867e+01
8.487999998535156010e+01
8.551999998535156067e+01
8.504000001708983802e+01
8.614400001953124786e+01
8.625599999755858960e+01
8.548799997802734651e+01
8.617599998779296300e+01
8.612800001708984610e+01
8.558399999511718192e+01
8.612799999755858948e+01
8.599999998779297528e+01
8.667199997558593338e+01
8.699200001708985042e+01
8.623999998779297016e+01
8.665599998779296698e+01
8.686399999755859369e+01
8.681600001953124490e+01
8.720000001953124524e+01
8.711999999755859392e+01
8.641600000732421449e+01
8.635199998779296493e+01
8.779200000976562990e+01
8.803199997558593282e+01
8.712000001953124695e+01
8.710399999755858857e+01
8.734399999755859767e+01
8.854400000732421461e+01
8.729599999511718522e+01
8.707200000488280978e+01
8.822400001708984973e+01
8.736000001708984541e+01
8.747199998779296948e+01
8.796799998535156817e+01
8.824000000732421256e+01
8.747200000488281546e+01
8.700800001953125218e+01
8.897599999511719204e+01
9.326400001953125241e+01
9.465599999755859528e+01
9.521600001953125059e+01
9.569600000976562626e+01
9.561600001953125627e+01
9.580799997802733969e+01
9.569599997802734492e+01
9.600000001953125661e+01
9.625600000976562853e+01
9.635200001953124627e+01
9.633599997802734549e+01
9.668800001953124479e+01
9.660800000000000409e+01
9.665600000976562001e+01
9.687999997802734242e+01
9.694400000000000261e+01
9.715200000976562933e+01
9.681600000976563081e+01
9.755200001953124911e+01
9.713599999999999568e+01
9.759999998779296959e+01
9.702400001953124331e+01
9.707199997802734970e+01
9.744000000976562603e+01
9.759999997802734129e+01
9.764800001953125275e+01
9.758400001953124558e+01
9.766400001953124388e+01
9.795200000976562649e+01
9.764800000976562444e+01
9.774400000976562808e+01
9.830400000976563035e+01
9.824000001953125150e+01
9.800000000000000000e+01
9.798399999999999466e+01
9.795199997802734515e+01
9.803200000976562478e+01
9.801600000000000534e+01
9.846399999999999864e+01
9.840000001953124809e+01
9.838399997802734731e+01
9.827200000976561967e+01
9.830399997802734902e+01
9.825600000000000023e+01
9.838400000976562865e+01
9.808000000976562660e+01
9.840000000976561978e+01
9.835200000976561796e+01
9.835199997802735083e+01
9.822400000976563206e+01
9.887999999999999545e+01
9.915200000976562933e+01
9.902400000000000091e+01
9.868800000000000239e+01
9.918400001953125411e+01
9.892800000976562558e+01
9.920000000000000284e+01
9.932800000976563126e+01
9.907199997802734970e+01
9.908800000976562217e+01
9.908800001953125047e+01
