2.086999893188476562e+01
2.704999923706054688e+01
2.497999954223632812e+01
3.700999832153320312e+01
3.470999908447265625e+01
3.798999786376953125e+01
4.205999755859375000e+01
4.784999847412109375e+01
3.857999801635742188e+01
5.234000015258789062e+01
4.763999938964843750e+01
4.881999969482421875e+01
4.997999954223632812e+01
5.384000015258789062e+01
4.915999984741210938e+01
6.009999847412109375e+01
6.031999969482421875e+01
5.203999710083007812e+01
6.277999877929687500e+01
6.408000183105468750e+01
6.277999877929687500e+01
6.200000000000000000e+01
6.311999893188476562e+01
6.433999633789062500e+01
5.282999801635742188e+01
6.519999694824218750e+01
7.208999633789062500e+01
6.064999771118164062e+01
6.772000122070312500e+01
7.490999603271484375e+01
6.497000122070312500e+01
6.404999542236328125e+01
5.913999938964843750e+01
6.456999969482421875e+01
5.171999740600585938e+01
6.631999969482421875e+01
6.346999740600585938e+01
6.602999877929687500e+01
7.065999603271484375e+01
6.495999908447265625e+01
6.775000000000000000e+01
6.095999908447265625e+01
7.297999572753906250e+01
5.160999679565429688e+01
6.805999755859375000e+01
6.188999938964843750e+01
6.056999969482421875e+01
7.261999511718750000e+01
6.897999572753906250e+01
6.836999511718750000e+01
3.138999938964843750e+01
7.243999481201171875e+01
7.288999938964843750e+01
3.627000045776367188e+01
4.828999710083007812e+01
6.400000000000000000e+01
7.148999786376953125e+01
7.279999542236328125e+01
7.766999816894531250e+01
6.238999938964843750e+01
6.741999816894531250e+01
7.298999786376953125e+01
6.968000030517578125e+01
5.303999710083007812e+01
5.469999694824218750e+01
6.936000061035156250e+01
6.548999786376953125e+01
7.379000091552734375e+01
6.743999481201171875e+01
4.811000061035156250e+01
7.122000122070312500e+01
3.027999877929687500e+01
5.135999679565429688e+01
5.643000030517578125e+01
8.197000122070312500e+01
7.180999755859375000e+01
7.123999786376953125e+01
6.382999801635742188e+01
6.908999633789062500e+01
7.861999511718750000e+01
6.262999725341796875e+01
7.102999877929687500e+01
6.658999633789062500e+01
7.011999511718750000e+01
6.175999832153320312e+01
6.745999908447265625e+01
7.515999603271484375e+01
8.501999664306640625e+01
8.254000091552734375e+01
5.053999710083007812e+01
7.640000152587890625e+01
8.398999786376953125e+01
5.248999786376953125e+01
5.612999725341796875e+01
6.965999603271484375e+01
7.793000030517578125e+01
5.875999832153320312e+01
6.801999664306640625e+01
7.122999572753906250e+01
5.713999938964843750e+01
9.136999511718750000e+01
9.147999572753906250e+01
9.162999725341796875e+01
9.176999664306640625e+01
9.193000030517578125e+01
9.183999633789062500e+01
9.172999572753906250e+01
9.204000091552734375e+01
9.193000030517578125e+01
9.208999633789062500e+01
9.193000030517578125e+01
9.180999755859375000e+01
9.205999755859375000e+01
9.212999725341796875e+01
9.201999664306640625e+01
9.163999938964843750e+01
9.165999603271484375e+01
9.168000030517578125e+01
9.195999908447265625e+01
9.175999450683593750e+01
9.143000030517578125e+01
9.118999481201171875e+01
9.181999969482421875e+01
9.216999816894531250e+01
9.169999694824218750e+01
9.177999877929687500e+01
9.200999450683593750e+01
9.155999755859375000e+01
9.100999450683593750e+01
9.190999603271484375e+01
9.175999450683593750e+01
9.172999572753906250e+01
9.194999694824218750e+01
9.177999877929687500e+01
9.126999664306640625e+01
9.181999969482421875e+01
9.176999664306640625e+01
9.127999877929687500e+01
9.156999969482421875e+01
9.168999481201171875e+01
9.181999969482421875e+01
9.183999633789062500e+01
8.990999603271484375e+01
9.182999420166015625e+01
9.179000091552734375e+01
9.204000091552734375e+01
9.243999481201171875e+01
9.155999755859375000e+01
9.144999694824218750e+01
9.114999389648437500e+01
9.241999816894531250e+01
9.238999938964843750e+01
9.243999481201171875e+01
9.237999725341796875e+01
9.239999389648437500e+01
9.204999542236328125e+01
9.237999725341796875e+01
9.244999694824218750e+01
9.239999389648437500e+01
9.234999847412109375e+01
9.233999633789062500e+01
