6.117093563079833984e-01
6.192460060119628906e-01
6.081247329711914062e-01
6.080784797668457031e-01
6.076166629791259766e-01
6.075615882873535156e-01
6.055927276611328125e-01
6.083168983459472656e-01
6.068165302276611328e-01
6.084799766540527344e-01
6.013584136962890625e-01
6.132078170776367188e-01
6.017792224884033203e-01
6.079308986663818359e-01
6.030707359313964844e-01
6.172907352447509766e-01
6.040771007537841797e-01
6.072177886962890625e-01
6.051087379455566406e-01
6.098234653472900391e-01
6.086242198944091797e-01
6.012716293334960938e-01
6.105642318725585938e-01
6.028823852539062500e-01
6.111917495727539062e-01
6.037395000457763672e-01
6.099083423614501953e-01
6.040389537811279297e-01
6.077864170074462891e-01
6.042783260345458984e-01
6.041116714477539062e-01
6.036746501922607422e-01
6.051023006439208984e-01
6.060748100280761719e-01
6.035878658294677734e-01
6.066479682922363281e-01
5.993473529815673828e-01
6.103775501251220703e-01
5.979192256927490234e-01
6.044697761535644531e-01
6.006512641906738281e-01
6.045887470245361328e-01
6.031002998352050781e-01
2.189269542694091797e+00
6.014642715454101562e-01
6.072266101837158203e-01
6.070203781127929688e-01
6.040487289428710938e-01
6.040115356445312500e-01
6.063418388366699219e-01
6.063272953033447266e-01
6.021845340728759766e-01
6.070487499237060547e-01
6.033334732055664062e-01
6.134555339813232422e-01
6.003787517547607422e-01
6.035895347595214844e-01
6.031701564788818359e-01
6.051282882690429688e-01
6.034657955169677734e-01
6.076514720916748047e-01
6.046237945556640625e-01
6.026189327239990234e-01
6.080625057220458984e-01
5.979132652282714844e-01
6.073133945465087891e-01
6.034009456634521484e-01
6.045339107513427734e-01
6.029317378997802734e-01
6.084175109863281250e-01
6.004812717437744141e-01
6.027939319610595703e-01
6.001970767974853516e-01
6.169390678405761719e-01
6.036138534545898438e-01
6.005573272705078125e-01
6.065704822540283203e-01
5.982725620269775391e-01
6.061701774597167969e-01
5.970511436462402344e-01
6.051905155181884766e-01
5.969741344451904297e-01
6.044039726257324219e-01
5.999348163604736328e-01
6.025888919830322266e-01
6.013717651367187500e-01
6.029434204101562500e-01
6.018278598785400391e-01
5.986704826354980469e-01
6.063611507415771484e-01
5.986962318420410156e-01
6.101763248443603516e-01
5.987517833709716797e-01
6.022086143493652344e-01
6.028199195861816406e-01
6.043119430541992188e-01
6.028394699096679688e-01
6.013684272766113281e-01
6.042995452880859375e-01
5.998435020446777344e-01
