3.788570880889892578e+00
3.536303281784057617e+00
3.520251750946044922e+00
3.515809535980224609e+00
3.520386695861816406e+00
3.524022579193115234e+00
3.527135372161865234e+00
3.518628358840942383e+00
3.540404558181762695e+00
3.520119428634643555e+00
3.526210308074951172e+00
3.529181241989135742e+00
3.515440225601196289e+00
3.519386529922485352e+00
3.518593072891235352e+00
3.533675432205200195e+00
3.513343095779418945e+00
3.533324718475341797e+00
3.515726566314697266e+00
3.525660037994384766e+00
3.521798849105834961e+00
3.516286611557006836e+00
3.522992849349975586e+00
3.512567281723022461e+00
3.528425931930541992e+00
3.540241003036499023e+00
3.523896455764770508e+00
3.519369125366210938e+00
3.521922111511230469e+00
3.509051322937011719e+00
3.518139362335205078e+00
3.531346321105957031e+00
3.528941154479980469e+00
3.527135610580444336e+00
3.519013881683349609e+00
3.513738870620727539e+00
3.518512964248657227e+00
3.525849342346191406e+00
3.504398584365844727e+00
3.528703927993774414e+00
3.522551536560058594e+00
3.527325391769409180e+00
3.516960859298706055e+00
6.145003080368041992e+00
3.503481626510620117e+00
3.518174648284912109e+00
3.519791841506958008e+00
3.513489484786987305e+00
3.518914461135864258e+00
3.509754896163940430e+00
3.519092321395874023e+00
3.524326562881469727e+00
3.519395589828491211e+00
3.514442682266235352e+00
3.539631843566894531e+00
3.520192861557006836e+00
3.513137340545654297e+00
3.523263931274414062e+00
3.536089420318603516e+00
3.521312475204467773e+00
3.534896612167358398e+00
3.528307199478149414e+00
3.526386499404907227e+00
3.518706083297729492e+00
3.503543138504028320e+00
3.513974189758300781e+00
3.513077020645141602e+00
3.518710374832153320e+00
3.513907909393310547e+00
3.524268627166748047e+00
3.522763013839721680e+00
3.510238409042358398e+00
3.525478839874267578e+00
3.531250715255737305e+00
3.515240430831909180e+00
3.509807586669921875e+00
3.540426492691040039e+00
3.502911090850830078e+00
3.508622646331787109e+00
3.503883361816406250e+00
3.524436473846435547e+00
3.507000207901000977e+00
3.513604879379272461e+00
3.495784521102905273e+00
3.506218910217285156e+00
3.511862993240356445e+00
3.531866073608398438e+00
3.523316144943237305e+00
3.498097419738769531e+00
3.523936271667480469e+00
3.505924463272094727e+00
3.518700599670410156e+00
3.515940189361572266e+00
3.510004758834838867e+00
3.517663478851318359e+00
3.506711006164550781e+00
3.558308601379394531e+00
3.526253700256347656e+00
3.526854276657104492e+00
3.527169704437255859e+00
