6.118378639221191406e-01
6.191489696502685547e-01
6.083807945251464844e-01
6.081893444061279297e-01
6.077668666839599609e-01
6.075670719146728516e-01
6.073691844940185547e-01
6.084253787994384766e-01
6.070797443389892578e-01
6.087200641632080078e-01
6.014795303344726562e-01
6.133363246917724609e-01
6.018352508544921875e-01
6.093940734863281250e-01
6.032574176788330078e-01
6.173851490020751953e-01
6.069066524505615234e-01
6.072983741760253906e-01
6.050908565521240234e-01
6.090526580810546875e-01
6.088347434997558594e-01
6.014053821563720703e-01
6.106257438659667969e-01
6.028921604156494141e-01
6.113216876983642578e-01
6.038029193878173828e-01
6.100144386291503906e-01
6.041688919067382812e-01
6.078352928161621094e-01
6.044189929962158203e-01
6.059744358062744141e-01
6.038298606872558594e-01
6.052389144897460938e-01
6.061525344848632812e-01
6.037206649780273438e-01
6.068689823150634766e-01
5.993771553039550781e-01
6.103928089141845703e-01
5.978984832763671875e-01
6.045000553131103516e-01
6.006457805633544922e-01
6.045134067535400391e-01
6.031143665313720703e-01
2.612416744232177734e+00
6.014609336853027344e-01
6.073236465454101562e-01
6.069738864898681641e-01
6.039996147155761719e-01
6.041142940521240234e-01
6.064476966857910156e-01
6.062421798706054688e-01
6.039309501647949219e-01
6.068892478942871094e-01
6.031932830810546875e-01
6.135597229003906250e-01
6.003718376159667969e-01
6.035766601562500000e-01
6.032073497772216797e-01
6.051640510559082031e-01
6.035349369049072266e-01
6.099929809570312500e-01
6.046984195709228516e-01
6.026389598846435547e-01
6.099760532379150391e-01
5.980138778686523438e-01
6.073484420776367188e-01
6.033575534820556641e-01
6.044733524322509766e-01
6.029369831085205078e-01
6.052913665771484375e-01
6.017789840698242188e-01
6.044166088104248047e-01
6.002719402313232422e-01
6.169097423553466797e-01
6.042821407318115234e-01
6.005516052246093750e-01
6.066224575042724609e-01
5.983331203460693359e-01
6.078588962554931641e-01
5.970673561096191406e-01
6.057398319244384766e-01
5.969688892364501953e-01
6.044166088104248047e-01
5.999937057495117188e-01
6.025755405426025391e-01
6.014246940612792969e-01
6.030538082122802734e-01
6.018404960632324219e-01
5.986552238464355469e-01
6.064085960388183594e-01
5.986807346343994141e-01
6.101686954498291016e-01
5.987348556518554688e-01
6.022758483886718750e-01
6.039905548095703125e-01
6.041836738586425781e-01
6.030485630035400391e-01
6.013193130493164062e-01
6.042728424072265625e-01
5.998508930206298828e-01
