2.214399999999999835e+01
3.220799999999999841e+01
3.913600000000000279e+01
4.307200000000000273e+01
4.992000000000000171e+01
5.531199999999999761e+01
5.987199999999999989e+01
6.174399999999999977e+01
6.523199999999999932e+01
6.712000000000000455e+01
6.883199999999999363e+01
6.961599999999999966e+01
7.104000000000000625e+01
7.064000000000000057e+01
7.166400000000000148e+01
7.257599999999999341e+01
7.265600000000000591e+01
7.289600000000000080e+01
7.396800000000000352e+01
7.435200000000000387e+01
7.376000000000000512e+01
7.414400000000000546e+01
7.404800000000000182e+01
7.604800000000000182e+01
7.640000000000000568e+01
7.564799999999999613e+01
7.576000000000000512e+01
7.571200000000000330e+01
7.521599999999999397e+01
7.646399999999999864e+01
7.607999999999999829e+01
7.702400000000000091e+01
7.715200000000000102e+01
7.566400000000000148e+01
7.782399999999999807e+01
7.710399999999999920e+01
7.723199999999999932e+01
7.742400000000000659e+01
7.692799999999999727e+01
7.790399999999999636e+01
7.784000000000000341e+01
7.692799999999999727e+01
7.745600000000000307e+01
7.673600000000000421e+01
7.814400000000000546e+01
7.796800000000000352e+01
7.769599999999999795e+01
7.766400000000000148e+01
7.713599999999999568e+01
7.716800000000000637e+01
7.718399999999999750e+01
7.721599999999999397e+01
7.796800000000000352e+01
7.782399999999999807e+01
7.788800000000000523e+01
7.807999999999999829e+01
7.825600000000000023e+01
7.740800000000000125e+01
7.910399999999999920e+01
7.819199999999999307e+01
7.900799999999999557e+01
7.820799999999999841e+01
7.859199999999999875e+01
7.864000000000000057e+01
7.790399999999999636e+01
7.753600000000000136e+01
7.825600000000000023e+01
7.895999999999999375e+01
7.864000000000000057e+01
7.848000000000000398e+01
7.828799999999999670e+01
7.819199999999999307e+01
7.892799999999999727e+01
7.790399999999999636e+01
7.875199999999999534e+01
7.822400000000000375e+01
7.956799999999999784e+01
7.787199999999999989e+01
7.848000000000000398e+01
7.856000000000000227e+01
7.883199999999999363e+01
7.870399999999999352e+01
7.894400000000000261e+01
7.796800000000000352e+01
7.859199999999999875e+01
7.831999999999999318e+01
7.913599999999999568e+01
7.879999999999999716e+01
7.883199999999999363e+01
7.790399999999999636e+01
7.788800000000000523e+01
7.857599999999999341e+01
7.817600000000000193e+01
7.972799999999999443e+01
7.849599999999999511e+01
7.915200000000000102e+01
7.856000000000000227e+01
7.867199999999999704e+01
7.841599999999999682e+01
7.860800000000000409e+01
