2.225000000000000000e+01
3.289999771118164062e+01
3.965999984741210938e+01
4.120000076293945312e+01
4.607999801635742188e+01
4.854999923706054688e+01
2.761999893188476562e+01
1.775000000000000000e+01
2.477999877929687500e+01
3.589999771118164062e+01
4.186000061035156250e+01
5.356999969482421875e+01
5.396999740600585938e+01
4.564999771118164062e+01
5.409999847412109375e+01
4.280999755859375000e+01
4.427999877929687500e+01
5.293999862670898438e+01
2.534999847412109375e+01
6.522000122070312500e+01
4.037999725341796875e+01
4.500000000000000000e+01
3.663999938964843750e+01
5.581999969482421875e+01
3.173999977111816406e+01
6.300999832153320312e+01
4.707999801635742188e+01
6.331999969482421875e+01
5.329999923706054688e+01
6.222999954223632812e+01
4.223999786376953125e+01
5.798999786376953125e+01
3.348999786376953125e+01
6.218000030517578125e+01
4.036000061035156250e+01
4.143999862670898438e+01
2.518000030517578125e+01
4.498999786376953125e+01
5.678999710083007812e+01
5.939999771118164062e+01
2.261999893188476562e+01
6.155999755859375000e+01
5.830999755859375000e+01
4.477000045776367188e+01
4.111999893188476562e+01
3.948999786376953125e+01
5.052000045776367188e+01
5.577999877929687500e+01
3.573999786376953125e+01
5.562999725341796875e+01
3.729000091552734375e+01
5.748999786376953125e+01
4.086000061035156250e+01
5.434999847412109375e+01
5.121999740600585938e+01
1.381999969482421875e+01
6.368999862670898438e+01
5.745999908447265625e+01
6.015999984741210938e+01
4.729999923706054688e+01
6.198999786376953125e+01
5.621999740600585938e+01
4.109999847412109375e+01
4.786999893188476562e+01
2.730999946594238281e+01
5.768999862670898438e+01
5.048999786376953125e+01
4.875000000000000000e+01
5.835999679565429688e+01
5.409000015258789062e+01
6.345999908447265625e+01
7.240000152587890625e+01
5.007999801635742188e+01
5.630999755859375000e+01
2.953999900817871094e+01
6.533000183105468750e+01
1.798999977111816406e+01
5.182999801635742188e+01
7.251999664306640625e+01
5.880999755859375000e+01
5.828999710083007812e+01
4.172999954223632812e+01
2.956999969482421875e+01
6.381999969482421875e+01
4.391999816894531250e+01
4.820999908447265625e+01
4.211000061035156250e+01
3.434999847412109375e+01
4.500000000000000000e+01
3.995000076293945312e+01
7.136999511718750000e+01
6.206999969482421875e+01
4.495000076293945312e+01
6.419999694824218750e+01
3.938999938964843750e+01
6.005999755859375000e+01
3.912999725341796875e+01
5.144999694824218750e+01
4.555999755859375000e+01
6.477999877929687500e+01
