2.052261526718139439e+00
1.813827909545898454e+00
1.660116653060913050e+00
1.543725797080993667e+00
1.389879693107604952e+00
1.251085370483398407e+00
1.169598628997802647e+00
1.074475420417785543e+00
1.043530040130615344e+00
9.624275642967223821e-01
9.432019507217407339e-01
9.136499795913696209e-01
8.774045337295531821e-01
8.597169498062133819e-01
8.277370274925232030e-01
8.227880747795105476e-01
7.913585250473021970e-01
7.984869515991210864e-01
7.944258522796631139e-01
7.880672159767151408e-01
7.678855744743346978e-01
7.666154581069946072e-01
7.598976900100707921e-01
7.547761586761474462e-01
7.509838014221191793e-01
7.443386744689941548e-01
7.164440342903136694e-01
7.369249698257446246e-01
7.093501396751403787e-01
7.043923386478424531e-01
7.022018046951293835e-01
7.142153405761718643e-01
7.086329428100586192e-01
7.046168731307983490e-01
7.061281158828734972e-01
6.983541777229309577e-01
6.799255703353881408e-01
6.878423015594482548e-01
6.999656730461120135e-01
6.897658131408691551e-01
6.876011481857299268e-01
6.752460128116607452e-01
6.916925697708129483e-01
6.911673027515411460e-01
6.580813636398314959e-01
6.682009740447998336e-01
6.852487300491333366e-01
6.797176531887054729e-01
6.576186438560486236e-01
6.864047898864745756e-01
6.630362263488769337e-01
6.547344225120544925e-01
6.578132491874695287e-01
6.503446757125854738e-01
6.569663365173339376e-01
6.623602627754211492e-01
6.591531033515930504e-01
6.492425394821167428e-01
6.678530174827576049e-01
6.354188746070862370e-01
6.483886247253417556e-01
6.634341232681274514e-01
6.630586821746826676e-01
6.578932289314269877e-01
6.582458964347839281e-01
6.585366079902649217e-01
6.503055552291869823e-01
6.620621215438843299e-01
6.489109235382080065e-01
6.444003406715392845e-01
6.391815579605102382e-01
6.344220139598846231e-01
6.451209830284119207e-01
6.522826769638061517e-01
6.431607640266417958e-01
6.456138548469543270e-01
6.650440121078491362e-01
6.325432142353057952e-01
6.466078760337830023e-01
6.337099248886108871e-01
6.468044675827026024e-01
6.442458542346953809e-01
6.593692167282104721e-01
6.360458998298644806e-01
6.411973508453369108e-01
6.328772678947448549e-01
6.287171860218048192e-01
6.231649618530273882e-01
6.548902675056457179e-01
6.480241674804687602e-01
6.346357179832458062e-01
6.408131808090209436e-01
6.384618149375915763e-01
6.417420804977417292e-01
6.189300590705871796e-01
6.531439830970764415e-01
6.147293962478638241e-01
6.310625187015533877e-01
6.255501996040344626e-01
6.403073601698875406e-01
