2.571853756904602051e+01
2.544490528106689453e+01
2.580630826950073242e+01
2.572086954116821289e+01
2.567903900146484375e+01
2.551149201393127441e+01
2.565796971321105957e+01
2.546644425392150879e+01
2.615125799179077148e+01
2.607309126853942871e+01
2.582598543167114258e+01
2.544937729835510254e+01
2.565112090110778809e+01
2.552683806419372559e+01
2.544790744781494141e+01
2.576147413253784180e+01
2.586117148399353027e+01
2.570975017547607422e+01
2.547483134269714355e+01
2.616910791397094727e+01
2.554913449287414551e+01
2.552823090553283691e+01
2.555601072311401367e+01
2.565931177139282227e+01
2.540833973884582520e+01
2.598224186897277832e+01
2.541503262519836426e+01
2.540886855125427246e+01
2.583485865592956543e+01
2.565234494209289551e+01
2.566624474525451660e+01
2.542651367187500000e+01
2.595564985275268555e+01
2.598953342437744141e+01
2.574660944938659668e+01
2.601554894447326660e+01
2.583006215095520020e+01
2.572030115127563477e+01
2.555400443077087402e+01
2.580209302902221680e+01
2.552484631538391113e+01
2.529944801330566406e+01
2.574828219413757324e+01
3.235503315925598145e+01
2.553688192367553711e+01
2.551313567161560059e+01
2.557204985618591309e+01
2.557851600646972656e+01
2.583151888847351074e+01
2.546298694610595703e+01
2.556095862388610840e+01
2.559548068046569824e+01
2.528171801567077637e+01
2.521868968009948730e+01
2.611576604843139648e+01
2.555325794219970703e+01
2.572478032112121582e+01
2.549836516380310059e+01
2.527122235298156738e+01
2.577857303619384766e+01
2.563978862762451172e+01
2.567568302154541016e+01
2.567861199378967285e+01
2.535422110557556152e+01
2.525505995750427246e+01
2.573163294792175293e+01
2.535399818420410156e+01
2.551154661178588867e+01
2.529176020622253418e+01
2.528359174728393555e+01
2.594239997863769531e+01
2.553083658218383789e+01
2.591671490669250488e+01
2.572296571731567383e+01
2.553292655944824219e+01
2.538663792610168457e+01
2.528309154510498047e+01
2.536347079277038574e+01
2.551073765754699707e+01
2.523838210105895996e+01
2.548647689819335938e+01
2.529021406173706055e+01
2.571371221542358398e+01
2.524084663391113281e+01
2.525564861297607422e+01
2.531475687026977539e+01
2.539676237106323242e+01
2.561331677436828613e+01
2.541697168350219727e+01
2.528486800193786621e+01
2.558939337730407715e+01
2.544771552085876465e+01
2.523405098915100098e+01
2.583676528930664062e+01
2.524857044219970703e+01
2.588298249244689941e+01
2.526170992851257324e+01
2.534065890312194824e+01
2.573415946960449219e+01
2.551298642158508301e+01
