2.259199999999999875e+01
3.273599999999999710e+01
3.792000000000000171e+01
4.425600000000000023e+01
5.015999999999999659e+01
5.531199999999999761e+01
5.903999999999999915e+01
6.188799999999999812e+01
6.454399999999999693e+01
6.620799999999999841e+01
6.721599999999999397e+01
6.935999999999999943e+01
7.075199999999999534e+01
7.046399999999999864e+01
7.107200000000000273e+01
7.249599999999999511e+01
7.238400000000000034e+01
7.435200000000000387e+01
7.358400000000000318e+01
7.435200000000000387e+01
7.411199999999999477e+01
7.512000000000000455e+01
7.564799999999999613e+01
7.652800000000000580e+01
7.568000000000000682e+01
7.563200000000000500e+01
7.568000000000000682e+01
7.595199999999999818e+01
7.590399999999999636e+01
7.521599999999999397e+01
7.627200000000000557e+01
7.764799999999999613e+01
7.686400000000000432e+01
7.774399999999999977e+01
7.708799999999999386e+01
7.712000000000000455e+01
7.636799999999999500e+01
7.734399999999999409e+01
7.700799999999999557e+01
7.694400000000000261e+01
7.716800000000000637e+01
7.728000000000000114e+01
7.817600000000000193e+01
7.792000000000000171e+01
7.756799999999999784e+01
7.784000000000000341e+01
7.798399999999999466e+01
7.740800000000000125e+01
7.820799999999999841e+01
7.838400000000000034e+01
7.902400000000000091e+01
7.856000000000000227e+01
7.817600000000000193e+01
7.915200000000000102e+01
7.878400000000000603e+01
7.860800000000000409e+01
7.897599999999999909e+01
7.886400000000000432e+01
7.875199999999999534e+01
7.886400000000000432e+01
7.910399999999999920e+01
7.912000000000000455e+01
7.841599999999999682e+01
7.870399999999999352e+01
7.913599999999999568e+01
7.905599999999999739e+01
7.932800000000000296e+01
7.889600000000000080e+01
7.857599999999999341e+01
7.904000000000000625e+01
7.848000000000000398e+01
7.820799999999999841e+01
7.779200000000000159e+01
7.920000000000000284e+01
7.862399999999999523e+01
7.937600000000000477e+01
7.907200000000000273e+01
7.982399999999999807e+01
7.974399999999999977e+01
7.937600000000000477e+01
7.856000000000000227e+01
7.852800000000000580e+01
7.939199999999999591e+01
7.833599999999999852e+01
7.923199999999999932e+01
7.905599999999999739e+01
7.868800000000000239e+01
7.939199999999999591e+01
7.939199999999999591e+01
7.942400000000000659e+01
7.966400000000000148e+01
7.945600000000000307e+01
7.964799999999999613e+01
7.905599999999999739e+01
7.932800000000000296e+01
7.956799999999999784e+01
7.916800000000000637e+01
7.923199999999999932e+01
7.883199999999999363e+01
7.937600000000000477e+01
