6.117179393768310547e-01
6.189920902252197266e-01
6.082174777984619141e-01
6.080024242401123047e-01
6.076371669769287109e-01
6.074218750000000000e-01
6.071493625640869141e-01
6.082718372344970703e-01
6.069066524505615234e-01
6.084828376770019531e-01
6.012411117553710938e-01
6.131184101104736328e-01
6.017055511474609375e-01
6.092128753662109375e-01
6.031069755554199219e-01
6.172034740447998047e-01
6.067962646484375000e-01
6.071062088012695312e-01
6.049413681030273438e-01
6.088564395904541016e-01
6.086263656616210938e-01
6.011846065521240234e-01
6.104249954223632812e-01
6.027412414550781250e-01
6.111574172973632812e-01
6.036202907562255859e-01
6.098594665527343750e-01
6.039855480194091797e-01
6.076762676239013672e-01
6.042673587799072266e-01
6.058268547058105469e-01
6.036186218261718750e-01
6.051020622253417969e-01
6.059570312500000000e-01
6.035308837890625000e-01
6.067614555358886719e-01
5.992598533630371094e-01
6.102256774902343750e-01
5.978040695190429688e-01
6.044085025787353516e-01
6.005067825317382812e-01
6.044430732727050781e-01
6.029996871948242188e-01
2.317242383956909180e+00
6.014404296875000000e-01
6.072425842285156250e-01
6.069273948669433594e-01
6.039433479309082031e-01
6.039559841156005859e-01
6.062870025634765625e-01
6.060986518859863281e-01
6.037888526916503906e-01
6.068511009216308594e-01
6.031861305236816406e-01
6.133244037628173828e-01
6.002316474914550781e-01
6.034898757934570312e-01
6.031115055084228516e-01
6.051175594329833984e-01
6.033976078033447266e-01
6.084916591644287109e-01
6.045718193054199219e-01
6.025087833404541016e-01
6.098864078521728516e-01
5.979838371276855469e-01
6.072220802307128906e-01
6.033048629760742188e-01
6.043953895568847656e-01
6.028242111206054688e-01
6.052508354187011719e-01
6.016557216644287109e-01
6.043162345886230469e-01
6.001272201538085938e-01
6.167943477630615234e-01
6.042151451110839844e-01
6.004841327667236328e-01
6.065490245819091797e-01
5.982027053833007812e-01
6.077544689178466797e-01
5.970394611358642578e-01
6.056668758392333984e-01
5.969138145446777344e-01
6.044001579284667969e-01
5.999674797058105469e-01
6.024477481842041016e-01
6.012909412384033203e-01
6.029155254364013672e-01
6.017615795135498047e-01
5.985779762268066406e-01
6.063060760498046875e-01
5.986030101776123047e-01
6.101102828979492188e-01
5.986595153808593750e-01
6.022439002990722656e-01
6.039686203002929688e-01
6.041755676269531250e-01
6.029551029205322266e-01
6.012361049652099609e-01
6.041758060455322266e-01
5.997722148895263672e-01
