2.571810698509216309e+01
2.547497606277465820e+01
2.539980220794677734e+01
2.544601798057556152e+01
2.539172673225402832e+01
2.555423593521118164e+01
2.582717156410217285e+01
2.571811723709106445e+01
2.618848824501037598e+01
2.581801557540893555e+01
2.568860340118408203e+01
2.551951861381530762e+01
2.551622629165649414e+01
2.541640400886535645e+01
2.555911564826965332e+01
2.553017282485961914e+01
2.538598585128784180e+01
2.567318773269653320e+01
2.569889020919799805e+01
2.568762588500976562e+01
2.579352951049804688e+01
2.546037983894348145e+01
2.545463800430297852e+01
2.549747085571289062e+01
2.587209010124206543e+01
2.553979372978210449e+01
2.578824448585510254e+01
2.622781300544738770e+01
2.601065635681152344e+01
2.561979603767395020e+01
2.615678668022155762e+01
2.570442223548889160e+01
2.537121200561523438e+01
2.576636075973510742e+01
2.621353507041931152e+01
2.612197732925415039e+01
2.579114651679992676e+01
2.572946596145629883e+01
2.543250441551208496e+01
2.529899716377258301e+01
2.536868572235107422e+01
2.530589628219604492e+01
2.536888980865478516e+01
3.287202239036560059e+01
2.539884757995605469e+01
2.555316972732543945e+01
2.555773782730102539e+01
2.534614086151123047e+01
2.607565212249755859e+01
2.582108163833618164e+01
2.545071721076965332e+01
2.536037111282348633e+01
2.554620289802551270e+01
2.526462554931640625e+01
2.546520662307739258e+01
2.568762469291687012e+01
2.574450016021728516e+01
2.534067344665527344e+01
2.572639012336730957e+01
2.589373135566711426e+01
2.528235292434692383e+01
2.543026947975158691e+01
2.563422584533691406e+01
2.570792651176452637e+01
2.543012881278991699e+01
2.536452054977416992e+01
2.573824596405029297e+01
2.562084102630615234e+01
2.532938838005065918e+01
2.528148651123046875e+01
2.549362325668334961e+01
2.542390275001525879e+01
2.592019677162170410e+01
2.525614666938781738e+01
2.547170019149780273e+01
2.533305168151855469e+01
2.578408074378967285e+01
2.524309778213500977e+01
2.527285885810852051e+01
2.525280761718750000e+01
2.536354041099548340e+01
2.526496291160583496e+01
2.554474186897277832e+01
2.526174807548522949e+01
2.606584882736206055e+01
2.557543778419494629e+01
2.525675606727600098e+01
2.530509901046752930e+01
2.553438234329223633e+01
2.561393451690673828e+01
2.522668194770812988e+01
2.532749366760253906e+01
2.564721965789794922e+01
2.545196032524108887e+01
2.528989744186401367e+01
2.526663374900817871e+01
2.526323008537292480e+01
2.523955225944519043e+01
2.528356099128723145e+01
2.545798134803771973e+01
