3.232754945755004883e+00
2.955579519271850586e+00
2.951204061508178711e+00
2.955992221832275391e+00
2.949126958847045898e+00
2.954014539718627930e+00
2.950565814971923828e+00
2.965368747711181641e+00
2.949640274047851562e+00
2.951729297637939453e+00
2.947444677352905273e+00
2.937962532043457031e+00
2.943538665771484375e+00
2.948961019515991211e+00
2.948451757431030273e+00
2.942793369293212891e+00
2.933508157730102539e+00
2.956969499588012695e+00
2.947116136550903320e+00
2.937957763671875000e+00
2.958039045333862305e+00
2.946832180023193359e+00
2.947400093078613281e+00
2.949466705322265625e+00
2.946458339691162109e+00
2.951309680938720703e+00
2.950387001037597656e+00
2.939965724945068359e+00
2.947527885437011719e+00
2.948091506958007812e+00
2.947858095169067383e+00
2.939044952392578125e+00
2.947137594223022461e+00
2.946433782577514648e+00
2.948470592498779297e+00
2.943462848663330078e+00
2.900785207748413086e+00
2.952311515808105469e+00
2.884542942047119141e+00
2.908056974411010742e+00
2.923521995544433594e+00
2.898983955383300781e+00
2.917677164077758789e+00
2.923333168029785156e+00
2.901783704757690430e+00
2.915948390960693359e+00
2.924027919769287109e+00
2.880439758300781250e+00
2.903653144836425781e+00
2.946174144744873047e+00
2.911223649978637695e+00
2.909790515899658203e+00
2.886000871658325195e+00
2.889856576919555664e+00
2.932263135910034180e+00
2.894828557968139648e+00
2.896497964859008789e+00
2.913888931274414062e+00
2.895629882812500000e+00
2.921099901199340820e+00
2.908689975738525391e+00
2.932183265686035156e+00
2.914598703384399414e+00
2.900132894515991211e+00
2.901127815246582031e+00
2.903349161148071289e+00
2.920722484588623047e+00
2.890517950057983398e+00
2.909649610519409180e+00
2.899485111236572266e+00
2.892864704132080078e+00
2.901392936706542969e+00
2.896828174591064453e+00
2.896664619445800781e+00
2.904661178588867188e+00
2.907179832458496094e+00
2.899777650833129883e+00
2.881239891052246094e+00
2.884126663208007812e+00
2.903867483139038086e+00
2.880289554595947266e+00
2.878743171691894531e+00
2.896598339080810547e+00
2.898892402648925781e+00
2.876415967941284180e+00
2.885705232620239258e+00
2.901367187500000000e+00
2.885539531707763672e+00
2.875223398208618164e+00
2.885328292846679688e+00
2.907458066940307617e+00
2.901664018630981445e+00
2.921769857406616211e+00
2.906553745269775391e+00
2.908169031143188477e+00
2.902761459350585938e+00
2.881834506988525391e+00
2.938409805297851562e+00
2.892087221145629883e+00
2.881873846054077148e+00
