2.571794772148132324e+01
2.591749668121337891e+01
2.577776288986206055e+01
2.556668996810913086e+01
2.550795912742614746e+01
2.543264365196228027e+01
2.568386888504028320e+01
2.567880272865295410e+01
2.539584207534790039e+01
2.563252639770507812e+01
2.538661408424377441e+01
2.547815585136413574e+01
2.559406161308288574e+01
2.597183418273925781e+01
2.582023310661315918e+01
2.585537314414978027e+01
2.586777305603027344e+01
2.576427149772644043e+01
2.545687866210937500e+01
2.604229307174682617e+01
2.553773784637451172e+01
2.539411807060241699e+01
2.541731381416320801e+01
2.539456796646118164e+01
2.593477463722229004e+01
2.576945877075195312e+01
2.544049048423767090e+01
2.540901756286621094e+01
2.579774594306945801e+01
2.574236416816711426e+01
2.540109157562255859e+01
2.570356631278991699e+01
2.547497630119323730e+01
2.590173959732055664e+01
2.537959027290344238e+01
2.543945813179016113e+01
2.533177995681762695e+01
2.557286620140075684e+01
2.528860783576965332e+01
2.536458587646484375e+01
2.592792844772338867e+01
2.540174150466918945e+01
2.536370229721069336e+01
3.277170085906982422e+01
2.534431719779968262e+01
2.575925874710083008e+01
2.538415861129760742e+01
2.556891489028930664e+01
2.608215165138244629e+01
2.585229539871215820e+01
2.594487166404724121e+01
2.566441679000854492e+01
2.549335861206054688e+01
2.549258041381835938e+01
2.595296812057495117e+01
2.530948615074157715e+01
2.535160613059997559e+01
2.574068236351013184e+01
2.554848456382751465e+01
2.582762670516967773e+01
2.552915930747985840e+01
2.543923950195312500e+01
2.563234615325927734e+01
2.551550960540771484e+01
2.564898180961608887e+01
2.532256913185119629e+01
2.542349457740783691e+01
2.532263827323913574e+01
2.596359562873840332e+01
2.549260807037353516e+01
2.528338575363159180e+01
2.529415297508239746e+01
2.532062649726867676e+01
2.528349471092224121e+01
2.554511213302612305e+01
2.527081942558288574e+01
2.529935193061828613e+01
2.571501278877258301e+01
2.537586903572082520e+01
2.529399085044860840e+01
2.561872529983520508e+01
2.528603768348693848e+01
2.528887605667114258e+01
2.568419432640075684e+01
2.576660847663879395e+01
2.526546239852905273e+01
2.563283300399780273e+01
2.561081910133361816e+01
2.549771618843078613e+01
2.577699971199035645e+01
2.528641819953918457e+01
2.529753661155700684e+01
2.592441225051879883e+01
2.545246601104736328e+01
2.545413088798522949e+01
2.524599862098693848e+01
2.561622476577758789e+01
2.550603103637695312e+01
2.542503833770751953e+01
2.585970234870910645e+01
