2.101720313682556185e+00
1.916643766593933096e+00
1.800899919433593732e+00
1.708275160713195850e+00
1.625125860290527413e+00
1.549931480331420808e+00
1.470008606948852492e+00
1.405301226730346631e+00
1.333383406505584734e+00
1.260109351119995225e+00
1.223690710868835518e+00
1.152488154449462954e+00
1.105382941856384305e+00
1.087977227363586374e+00
1.033199024009704647e+00
1.004827832412719779e+00
9.948744501113891969e-01
9.621961817359924174e-01
9.570000732231139784e-01
9.339879208755492712e-01
9.251988827514648905e-01
9.107244274139404405e-01
8.769343528556823308e-01
8.913354377746581791e-01
8.813420974349975845e-01
8.545791954803466650e-01
8.474962173366547002e-01
8.604808424758910723e-01
8.330498421478271798e-01
8.460880238723754720e-01
8.358850643157959004e-01
8.174879854869842033e-01
8.512745561218261203e-01
8.152473921203613472e-01
8.145110213851928238e-01
8.318423122406005676e-01
8.266893099975586301e-01
8.046000036430358549e-01
8.250593390655517334e-01
7.885512757110595405e-01
8.092889690208434628e-01
7.988477838706969925e-01
7.945553413009643906e-01
7.851577678060531751e-01
7.857783425521850384e-01
7.992631080818176637e-01
7.889919393539428505e-01
7.920414886856078640e-01
7.739175934982299720e-01
7.882758164978027615e-01
7.758717990493774197e-01
7.764423583602905188e-01
7.920691218185424987e-01
7.730626430034637231e-01
7.899412707138061540e-01
7.658506219482421606e-01
7.936786402893066805e-01
7.748795962524414049e-01
7.843009378814697063e-01
7.659916618728637161e-01
7.793712332916259422e-01
7.485384884643554448e-01
7.625711675453186178e-01
7.632326807212829189e-01
7.696945090103148868e-01
7.805589354515075629e-01
7.623522113609313422e-01
7.449535632514953098e-01
7.669226290512084487e-01
7.578617566680908579e-01
7.760939664268493576e-01
7.723096093273162932e-01
7.563325864982605173e-01
7.659438652801513481e-01
7.702168428993224625e-01
7.757364065742492487e-01
7.517052558898925652e-01
7.625853645706176520e-01
7.436748856353759818e-01
7.493416312408447411e-01
7.582546104049682212e-01
7.498610462570189927e-01
7.443121046829224152e-01
7.548008811187744138e-01
7.731362807846069440e-01
7.425795722007751953e-01
7.476430967903137104e-01
7.723680518341063950e-01
7.484604799270629938e-01
7.397423104953765316e-01
7.427849586486816591e-01
7.304367164802550993e-01
7.350448060607910339e-01
7.476357526397705566e-01
7.424209429550170380e-01
7.450216061019897529e-01
7.535557599258423389e-01
7.412813269424438634e-01
7.551641392898559291e-01
7.421614639472960961e-01
