2.877999877929687500e+01
3.192999839782714844e+01
3.920000076293945312e+01
4.418000030517578125e+01
3.839999771118164062e+01
4.295000076293945312e+01
4.706999969482421875e+01
3.809000015258789062e+01
5.694999694824218750e+01
4.907999801635742188e+01
5.854999923706054688e+01
6.204999923706054688e+01
6.633999633789062500e+01
5.344999694824218750e+01
6.968000030517578125e+01
5.298999786376953125e+01
5.645999908447265625e+01
6.665999603271484375e+01
6.337999725341796875e+01
5.550999832153320312e+01
6.344999694824218750e+01
6.203999710083007812e+01
4.695999908447265625e+01
4.940999984741210938e+01
5.702999877929687500e+01
7.404999542236328125e+01
5.150999832153320312e+01
6.813999938964843750e+01
4.869999694824218750e+01
6.316999816894531250e+01
6.225000000000000000e+01
7.086999511718750000e+01
7.768999481201171875e+01
5.370999908447265625e+01
7.131999969482421875e+01
4.993999862670898438e+01
7.648999786376953125e+01
4.688999938964843750e+01
6.009000015258789062e+01
5.115999984741210938e+01
6.565999603271484375e+01
6.813999938964843750e+01
7.212999725341796875e+01
6.625000000000000000e+01
7.172999572753906250e+01
5.859999847412109375e+01
3.668999862670898438e+01
6.741999816894531250e+01
2.651000022888183594e+01
7.268000030517578125e+01
6.345999908447265625e+01
5.321999740600585938e+01
6.502999877929687500e+01
6.813999938964843750e+01
5.373999786376953125e+01
6.076999664306640625e+01
6.629999542236328125e+01
6.659999847412109375e+01
5.118999862670898438e+01
5.860999679565429688e+01
6.901999664306640625e+01
6.209999847412109375e+01
7.198999786376953125e+01
6.445999908447265625e+01
5.644999694824218750e+01
6.588999938964843750e+01
5.375999832153320312e+01
6.375999832153320312e+01
1.672999954223632812e+01
5.697999954223632812e+01
6.740999603271484375e+01
7.186999511718750000e+01
5.963999938964843750e+01
5.139999771118164062e+01
6.727999877929687500e+01
7.384999847412109375e+01
6.822000122070312500e+01
5.795999908447265625e+01
6.555999755859375000e+01
6.822000122070312500e+01
7.015000152587890625e+01
5.289999771118164062e+01
6.323999786376953125e+01
6.697000122070312500e+01
6.137999725341796875e+01
4.309000015258789062e+01
5.564999771118164062e+01
3.922999954223632812e+01
5.441999816894531250e+01
5.073999786376953125e+01
5.522999954223632812e+01
5.568000030517578125e+01
6.576999664306640625e+01
7.123999786376953125e+01
7.291999816894531250e+01
4.384000015258789062e+01
6.569999694824218750e+01
4.243000030517578125e+01
6.286999893188476562e+01
6.001999664306640625e+01
