2.052361974029540903e+00
1.783213100814819319e+00
1.650303831024169998e+00
1.516666064643859890e+00
1.365673884811401395e+00
1.246359658889770516e+00
1.140601527252197211e+00
1.075956448364257856e+00
1.004467920894622779e+00
9.585322817897796721e-01
9.430310210800171289e-01
8.996410284423828063e-01
8.558079557991027375e-01
8.519559163093567422e-01
8.197550872707366487e-01
8.080433963394164643e-01
8.021193820095062765e-01
7.642491732788085912e-01
7.702103714656829414e-01
7.551585894012451394e-01
7.560988066482543513e-01
7.276080792236327976e-01
7.259376032543182200e-01
7.184875068283080868e-01
7.057231198883057166e-01
7.001873478317260924e-01
7.127407625198364238e-01
6.910825986480713112e-01
7.075967721557616663e-01
7.022355707168579375e-01
6.974462904357909832e-01
6.712049080276488722e-01
6.741862658119202045e-01
6.571378162336349860e-01
6.613686956024169561e-01
6.672058517837524683e-01
6.742434749984741460e-01
6.548721156883239303e-01
6.522898181533813844e-01
6.769868031692505284e-01
6.645982159423827751e-01
6.576563361930847229e-01
6.481397299194335826e-01
6.566476844406128333e-01
6.535536149215698254e-01
6.488804791831970231e-01
6.387579003906249664e-01
6.573507329177856739e-01
6.386891934013366745e-01
6.463088396453857687e-01
6.258263359260558545e-01
6.295734327507018779e-01
6.387969099235534243e-01
6.133035311126708855e-01
6.364711379241942968e-01
6.323035387802123930e-01
6.169288310241699547e-01
6.235589044284820526e-01
6.229269652175902783e-01
6.184978764533997087e-01
6.180764060020447204e-01
6.201647824382782170e-01
6.323697486114502331e-01
6.207650426483154460e-01
6.207775596809387286e-01
6.266752993583679654e-01
6.196213394355774007e-01
6.182584056663513739e-01
6.186624623489379582e-01
6.172448347187041717e-01
6.280540008735656654e-01
6.358491281414031526e-01
6.410006705093383994e-01
6.079644539165496298e-01
6.324159223556518050e-01
6.104699286270142133e-01
6.164325667190552194e-01
5.885985796356201227e-01
5.965699463081359788e-01
6.115236964988708390e-01
6.143645462417602898e-01
6.054058822059631417e-01
5.980240891647339296e-01
6.196324227523803962e-01
6.109838710594177602e-01
6.205338130855559964e-01
6.176950014686584112e-01
6.116972592353820959e-01
6.067002540397643529e-01
6.001928834342956653e-01
5.960937612533568908e-01
6.132629360771179039e-01
5.992027688980102740e-01
6.118419309616088819e-01
5.926462322235107605e-01
6.009541843032837338e-01
6.010675152778625074e-01
6.044862290668487903e-01
6.231110457229613875e-01
6.132215450286865321e-01
