6.107776165008544922e-01
6.109926700592041016e-01
6.073644161224365234e-01
6.068570613861083984e-01
6.070992946624755859e-01
6.077668666839599609e-01
6.064956188201904297e-01
6.077973842620849609e-01
6.061596870422363281e-01
6.078395843505859375e-01
6.007187366485595703e-01
6.135284900665283203e-01
6.013543605804443359e-01
6.090066432952880859e-01
6.026041507720947266e-01
6.168162822723388672e-01
6.063501834869384766e-01
6.051909923553466797e-01
6.048090457916259766e-01
6.075115203857421875e-01
6.064836978912353516e-01
6.007106304168701172e-01
6.100308895111083984e-01
6.032340526580810547e-01
6.108407974243164062e-01
6.030066013336181641e-01
6.085298061370849609e-01
6.036543846130371094e-01
6.068003177642822266e-01
6.036159992218017578e-01
6.053376197814941406e-01
6.029067039489746094e-01
6.057665348052978516e-01
6.055617332458496094e-01
6.030013561248779297e-01
6.059093475341796875e-01
5.998792648315429688e-01
6.112227439880371094e-01
5.997712612152099609e-01
6.054120063781738281e-01
6.008672714233398438e-01
6.056263446807861328e-01
6.037805080413818359e-01
2.174321413040161133e+00
6.025147438049316406e-01
6.064012050628662109e-01
6.074538230895996094e-01
6.044998168945312500e-01
6.046192646026611328e-01
6.060521602630615234e-01
6.064698696136474609e-01
6.033945083618164062e-01
6.082749366760253906e-01
6.044185161590576172e-01
6.137623786926269531e-01
6.018536090850830078e-01
6.039659976959228516e-01
6.041173934936523438e-01
6.077733039855957031e-01
6.035342216491699219e-01
6.097350120544433594e-01
6.050758361816406250e-01
6.049869060516357422e-01
6.104507446289062500e-01
5.994749069213867188e-01
6.084296703338623047e-01
6.014573574066162109e-01
6.061499118804931641e-01
6.041038036346435547e-01
6.087472438812255859e-01
6.016733646392822266e-01
6.055371761322021484e-01
6.015102863311767578e-01
6.163983345031738281e-01
6.056895256042480469e-01
6.006829738616943359e-01
6.076352596282958984e-01
5.992982387542724609e-01
6.091582775115966797e-01
5.980327129364013672e-01
6.071512699127197266e-01
5.983076095581054688e-01
6.060218811035156250e-01
6.013917922973632812e-01
6.037251949310302734e-01
6.023812294006347656e-01
6.060771942138671875e-01
6.033730506896972656e-01
5.998158454895019531e-01
6.073126792907714844e-01
6.000156402587890625e-01
6.103138923645019531e-01
6.008956432342529297e-01
6.053657531738281250e-01
6.037695407867431641e-01
6.055297851562500000e-01
6.043090820312500000e-01
6.022262573242187500e-01
6.053705215454101562e-01
5.993676185607910156e-01
