2.111139355468750090e+00
1.910801801376342812e+00
1.809110868873596178e+00
1.699486885871887232e+00
1.609008735198974582e+00
1.527181364212036208e+00
1.458202813949585064e+00
1.387781178817748984e+00
1.301058065261840868e+00
1.251733534889221122e+00
1.205338756904602127e+00
1.149336286506652760e+00
1.118128648586273144e+00
1.054366091899871849e+00
1.023896756477356007e+00
9.874679895210266567e-01
9.639211396789550967e-01
9.730895139694213380e-01
9.376099130630493050e-01
9.195381839370727617e-01
8.972144342803954897e-01
8.947277560806274899e-01
8.841678395080566633e-01
8.779813496780395354e-01
8.633521291351318183e-01
8.587164738082885274e-01
8.551960078334808202e-01
8.301408097076415915e-01
8.550220135307311509e-01
8.257830509567261057e-01
8.361219361877441081e-01
8.291025902748108134e-01
8.316914024734497479e-01
8.156127279663085705e-01
8.285993346405029492e-01
7.984225146293639774e-01
8.184194918251037620e-01
8.110243986320495591e-01
7.954836124229430760e-01
8.094737115859985677e-01
7.998280622673035190e-01
7.877377857589721311e-01
7.922380789184569894e-01
7.896227641105652006e-01
8.172434762191772561e-01
7.912100711822509513e-01
7.974820627546310714e-01
7.939313273048400621e-01
8.044327340030670292e-01
7.782451254272461094e-01
7.842456464385986203e-01
7.815220193099975399e-01
7.842887841415405736e-01
7.723404170608521024e-01
7.762100909996032527e-01
7.791751320743560694e-01
7.934465281295776107e-01
7.689997243499755442e-01
7.746220808172226135e-01
7.788524858856201716e-01
7.716754044914245769e-01
7.756958422088623406e-01
7.715803945159912525e-01
7.704936845779418730e-01
7.667317634391784820e-01
7.642951298522949743e-01
7.676697622489929707e-01
7.568414121055603294e-01
7.375328142976760315e-01
7.540277161407470397e-01
7.473150727462768428e-01
7.618427183151245119e-01
7.313216621208190604e-01
7.458573775482177926e-01
7.451931608390808259e-01
7.405822422790527826e-01
7.530748748588561581e-01
7.456027321052550727e-01
7.668213259315490582e-01
7.628373374080658076e-01
7.493424846267700001e-01
7.466608319091796453e-01
7.496191751098633116e-01
7.465880395507812350e-01
7.357054175567626642e-01
7.428094660377502212e-01
7.437720176696777097e-01
7.198816182708740463e-01
7.449754793071746706e-01
7.479875892448425434e-01
7.364830600357055168e-01
7.634380646324158137e-01
7.598082440757751854e-01
7.270744936370849842e-01
7.446634379005432347e-01
7.291808974647522312e-01
7.243943041992187970e-01
7.456670723724365679e-01
7.299871445465088149e-01
7.464388211059570510e-01
