3.119476079940795898e+00
2.885369539260864258e+00
2.860670089721679688e+00
2.874447584152221680e+00
2.849069595336914062e+00
2.842251300811767578e+00
2.858378887176513672e+00
2.846754789352416992e+00
2.865491390228271484e+00
2.853259801864624023e+00
2.850129604339599609e+00
2.851185560226440430e+00
2.847841501235961914e+00
2.854246377944946289e+00
2.856348752975463867e+00
2.847547292709350586e+00
2.852453947067260742e+00
2.852777957916259766e+00
2.880701303482055664e+00
2.849762678146362305e+00
2.859152317047119141e+00
2.851221561431884766e+00
2.849126100540161133e+00
2.846625089645385742e+00
2.850153684616088867e+00
2.852661132812500000e+00
2.855244636535644531e+00
2.854055166244506836e+00
2.853695869445800781e+00
2.852924823760986328e+00
2.854483127593994141e+00
2.848856925964355469e+00
2.861341714859008789e+00
2.849021196365356445e+00
2.845869302749633789e+00
2.850438833236694336e+00
2.859205007553100586e+00
2.860890626907348633e+00
2.863119602203369141e+00
2.845680713653564453e+00
2.867679595947265625e+00
2.853625059127807617e+00
2.871817588806152344e+00
3.226627826690673828e+00
2.848341703414916992e+00
2.866560697555541992e+00
2.849603176116943359e+00
2.861140727996826172e+00
2.844896316528320312e+00
2.907591342926025391e+00
2.856196165084838867e+00
2.848200321197509766e+00
2.846292495727539062e+00
2.842802047729492188e+00
2.859219789505004883e+00
2.844503879547119141e+00
2.861765623092651367e+00
2.847069263458251953e+00
2.859569311141967773e+00
2.856779575347900391e+00
2.853791952133178711e+00
2.853576660156250000e+00
2.848933935165405273e+00
2.872699737548828125e+00
2.862167119979858398e+00
2.860501527786254883e+00
2.857349157333374023e+00
2.845710754394531250e+00
2.863428592681884766e+00
2.858304977416992188e+00
2.847411155700683594e+00
2.861187219619750977e+00
2.861075401306152344e+00
2.854852199554443359e+00
2.849162817001342773e+00
2.846222639083862305e+00
2.870532274246215820e+00
2.847883462905883789e+00
2.852891206741333008e+00
2.852150917053222656e+00
2.864102840423583984e+00
2.856756448745727539e+00
2.858878135681152344e+00
2.848886013031005859e+00
2.851052999496459961e+00
2.845693826675415039e+00
2.848844051361083984e+00
2.846735477447509766e+00
2.851832151412963867e+00
2.847612380981445312e+00
2.859902620315551758e+00
2.857175588607788086e+00
2.840509891510009766e+00
2.864648818969726562e+00
2.843532800674438477e+00
2.847571849822998047e+00
2.849428653717041016e+00
2.845199346542358398e+00
2.850003242492675781e+00
2.846780061721801758e+00
