3.824679851531982422e+00
3.559393167495727539e+00
3.538692951202392578e+00
3.545076131820678711e+00
3.525089740753173828e+00
3.530209779739379883e+00
3.540103912353515625e+00
3.541440486907958984e+00
3.534647703170776367e+00
3.536216497421264648e+00
3.515113830566406250e+00
3.553118467330932617e+00
3.537242412567138672e+00
3.525788307189941406e+00
3.536124467849731445e+00
3.531726598739624023e+00
3.522340774536132812e+00
3.533772230148315430e+00
3.526361227035522461e+00
3.525760173797607422e+00
3.529385328292846680e+00
3.517306804656982422e+00
3.545240640640258789e+00
3.520143985748291016e+00
3.541801214218139648e+00
3.523392200469970703e+00
3.550282716751098633e+00
3.527207612991333008e+00
3.552064418792724609e+00
3.526494979858398438e+00
3.583385229110717773e+00
3.522063493728637695e+00
3.522183418273925781e+00
3.518844604492187500e+00
3.521985292434692383e+00
3.552118062973022461e+00
3.538753509521484375e+00
3.558531045913696289e+00
3.519400596618652344e+00
3.536785840988159180e+00
3.518790960311889648e+00
3.522694587707519531e+00
3.573939561843872070e+00
5.421041965484619141e+00
3.526772022247314453e+00
3.521612644195556641e+00
3.545758962631225586e+00
3.512534618377685547e+00
3.548588037490844727e+00
3.538259029388427734e+00
3.535939931869506836e+00
3.523647069931030273e+00
3.520461320877075195e+00
3.516607046127319336e+00
3.539894342422485352e+00
3.520561933517456055e+00
3.516396284103393555e+00
3.533401012420654297e+00
3.520505428314208984e+00
3.534916877746582031e+00
3.530328273773193359e+00
3.535261631011962891e+00
3.526500225067138672e+00
3.525593757629394531e+00
3.511084318161010742e+00
3.526788711547851562e+00
3.521653890609741211e+00
3.542774677276611328e+00
3.518094301223754883e+00
3.521501779556274414e+00
3.531335592269897461e+00
3.519372224807739258e+00
3.511725187301635742e+00
3.548897981643676758e+00
3.512853622436523438e+00
3.532633781433105469e+00
3.514246940612792969e+00
3.549579620361328125e+00
3.515990734100341797e+00
3.516606569290161133e+00
3.534665584564208984e+00
3.507765531539916992e+00
3.544949769973754883e+00
3.509036064147949219e+00
3.535812377929687500e+00
3.526021718978881836e+00
3.516916990280151367e+00
3.519143819808959961e+00
3.517903804779052734e+00
3.517352581024169922e+00
3.502338171005249023e+00
3.524741649627685547e+00
3.514141798019409180e+00
3.513895988464355469e+00
3.516749382019042969e+00
3.515362739562988281e+00
3.532073974609375000e+00
3.511861801147460938e+00
3.511917352676391602e+00
3.511412382125854492e+00
