2.198400000000000176e+01
3.379200000000000159e+01
3.884799999999999898e+01
4.524799999999999756e+01
5.128000000000000114e+01
5.609599999999999653e+01
6.028799999999999670e+01
6.278399999999999892e+01
6.478400000000000603e+01
6.577599999999999625e+01
6.831999999999999318e+01
7.019199999999999307e+01
7.004800000000000182e+01
7.131199999999999761e+01
7.243200000000000216e+01
7.275199999999999534e+01
7.307200000000000273e+01
7.347199999999999420e+01
7.347199999999999420e+01
7.400000000000000000e+01
7.376000000000000512e+01
7.425600000000000023e+01
7.543999999999999773e+01
7.574399999999999977e+01
7.537600000000000477e+01
7.568000000000000682e+01
7.633599999999999852e+01
7.528000000000000114e+01
7.638400000000000034e+01
7.617600000000000193e+01
7.571200000000000330e+01
7.660800000000000409e+01
7.612800000000000011e+01
7.684799999999999898e+01
7.667199999999999704e+01
7.569599999999999795e+01
7.676800000000000068e+01
7.704000000000000625e+01
7.644799999999999329e+01
7.769599999999999795e+01
7.758400000000000318e+01
7.801600000000000534e+01
7.820799999999999841e+01
7.721599999999999397e+01
7.764799999999999613e+01
7.750400000000000489e+01
7.750400000000000489e+01
7.755200000000000671e+01
7.836799999999999500e+01
7.735999999999999943e+01
7.857599999999999341e+01
7.710399999999999920e+01
7.800000000000000000e+01
7.758400000000000318e+01
7.811199999999999477e+01
7.854399999999999693e+01
7.788800000000000523e+01
7.804800000000000182e+01
7.868800000000000239e+01
7.815999999999999659e+01
7.803199999999999648e+01
7.942400000000000659e+01
7.876800000000000068e+01
7.761599999999999966e+01
7.820799999999999841e+01
7.864000000000000057e+01
7.851200000000000045e+01
7.899200000000000443e+01
7.780800000000000693e+01
7.878400000000000603e+01
7.764799999999999613e+01
7.851200000000000045e+01
7.835200000000000387e+01
7.798399999999999466e+01
7.780800000000000693e+01
7.931199999999999761e+01
7.873600000000000421e+01
7.900799999999999557e+01
7.812800000000000011e+01
7.921599999999999397e+01
7.771200000000000330e+01
7.835200000000000387e+01
7.912000000000000455e+01
7.956799999999999784e+01
7.963200000000000500e+01
7.905599999999999739e+01
7.827200000000000557e+01
8.007999999999999829e+01
7.868800000000000239e+01
8.001600000000000534e+01
7.932800000000000296e+01
7.881600000000000250e+01
7.867199999999999704e+01
7.846399999999999864e+01
7.865600000000000591e+01
7.908799999999999386e+01
7.846399999999999864e+01
7.934399999999999409e+01
7.929600000000000648e+01
7.959999999999999432e+01
