3.211812257766723633e+00
2.942595720291137695e+00
2.936146259307861328e+00
2.928489208221435547e+00
2.947320938110351562e+00
2.946549415588378906e+00
2.924910306930541992e+00
2.957418203353881836e+00
2.912832021713256836e+00
2.925025224685668945e+00
2.933314561843872070e+00
2.937500715255737305e+00
2.954642772674560547e+00
2.931079626083374023e+00
2.925277948379516602e+00
2.934993028640747070e+00
2.938655138015747070e+00
2.946583509445190430e+00
2.936119794845581055e+00
2.937222003936767578e+00
2.921401023864746094e+00
2.918697118759155273e+00
2.921083688735961914e+00
2.922476291656494141e+00
2.918723583221435547e+00
2.935581684112548828e+00
2.922759056091308594e+00
2.943190813064575195e+00
2.917588472366333008e+00
2.914636135101318359e+00
2.955867767333984375e+00
2.935970544815063477e+00
2.935951232910156250e+00
2.916074752807617188e+00
2.935429334640502930e+00
2.943012952804565430e+00
2.902024030685424805e+00
2.939689159393310547e+00
2.890565395355224609e+00
2.872479677200317383e+00
2.898656368255615234e+00
2.876331329345703125e+00
2.890250682830810547e+00
2.921658754348754883e+00
2.863001108169555664e+00
2.913232088088989258e+00
2.905272722244262695e+00
2.893717765808105469e+00
2.903372287750244141e+00
2.923347711563110352e+00
2.911222219467163086e+00
2.902224540710449219e+00
2.881685972213745117e+00
2.888459444046020508e+00
2.909262418746948242e+00
2.899257898330688477e+00
2.901115417480468750e+00
2.892409563064575195e+00
2.895147323608398438e+00
2.920533180236816406e+00
2.895112037658691406e+00
2.907351016998291016e+00
2.882878303527832031e+00
2.902235984802246094e+00
2.871155500411987305e+00
2.872615337371826172e+00
2.889901876449584961e+00
2.893025875091552734e+00
2.891321420669555664e+00
2.872702598571777344e+00
2.863476276397705078e+00
2.888454675674438477e+00
2.871504545211791992e+00
2.861616373062133789e+00
2.887255907058715820e+00
2.886388778686523438e+00
2.883944511413574219e+00
2.884211778640747070e+00
2.877752542495727539e+00
2.890320301055908203e+00
2.888617515563964844e+00
2.883556127548217773e+00
2.867038249969482422e+00
2.866821289062500000e+00
2.887886762619018555e+00
2.888803958892822266e+00
2.871589183807373047e+00
2.889328479766845703e+00
2.878087759017944336e+00
2.891892433166503906e+00
2.886243820190429688e+00
2.906325817108154297e+00
2.886342287063598633e+00
2.891550064086914062e+00
2.889487504959106445e+00
2.865539550781250000e+00
2.889594078063964844e+00
2.887859344482421875e+00
2.883596897125244141e+00
2.890471935272216797e+00
