2.252999877929687500e+01
2.875000000000000000e+01
3.554000091552734375e+01
3.887999725341796875e+01
4.157999801635742188e+01
4.316999816894531250e+01
4.378999710083007812e+01
2.295999908447265625e+01
3.475000000000000000e+01
5.112999725341796875e+01
5.539999771118164062e+01
6.222999954223632812e+01
3.750000000000000000e+01
5.003999710083007812e+01
4.914999771118164062e+01
5.779999923706054688e+01
4.754999923706054688e+01
5.746999740600585938e+01
5.152999877929687500e+01
6.402999877929687500e+01
4.003999710083007812e+01
6.313999938964843750e+01
6.966999816894531250e+01
2.415999984741210938e+01
6.373999786376953125e+01
5.790999984741210938e+01
6.011999893188476562e+01
7.004999542236328125e+01
4.495999908447265625e+01
6.572999572753906250e+01
6.248999786376953125e+01
6.919999694824218750e+01
6.758000183105468750e+01
3.194999885559082031e+01
5.851999664306640625e+01
5.901999664306640625e+01
4.245000076293945312e+01
7.398999786376953125e+01
5.307999801635742188e+01
5.768000030517578125e+01
5.750999832153320312e+01
5.936999893188476562e+01
3.759000015258789062e+01
7.248999786376953125e+01
5.930999755859375000e+01
6.575000000000000000e+01
5.736999893188476562e+01
4.300000000000000000e+01
6.344999694824218750e+01
6.034999847412109375e+01
6.322999954223632812e+01
5.473999786376953125e+01
6.132999801635742188e+01
6.883000183105468750e+01
5.291999816894531250e+01
4.741999816894531250e+01
5.936999893188476562e+01
5.463999938964843750e+01
5.843000030517578125e+01
6.512999725341796875e+01
4.005999755859375000e+01
6.470999908447265625e+01
5.816999816894531250e+01
6.747000122070312500e+01
6.880999755859375000e+01
7.181999969482421875e+01
4.422999954223632812e+01
3.238999938964843750e+01
5.595999908447265625e+01
5.647999954223632812e+01
6.743000030517578125e+01
6.595999908447265625e+01
3.829000091552734375e+01
4.745999908447265625e+01
4.430999755859375000e+01
6.458999633789062500e+01
4.343999862670898438e+01
7.038999938964843750e+01
5.588999938964843750e+01
4.714999771118164062e+01
1.392999935150146484e+01
5.473999786376953125e+01
4.318999862670898438e+01
6.681999969482421875e+01
4.650999832153320312e+01
6.205999755859375000e+01
6.227999877929687500e+01
6.053999710083007812e+01
6.805999755859375000e+01
6.768999481201171875e+01
6.244999694824218750e+01
6.522000122070312500e+01
4.370999908447265625e+01
6.293999862670898438e+01
4.393000030517578125e+01
6.372999954223632812e+01
4.138999938964843750e+01
7.231999969482421875e+01
5.810999679565429688e+01
5.603999710083007812e+01
