3.182858943939208984e+00
2.913925647735595703e+00
2.891643762588500977e+00
2.919578552246093750e+00
2.896888494491577148e+00
2.906728267669677734e+00
2.917395353317260742e+00
2.908528804779052734e+00
2.928207159042358398e+00
2.916929960250854492e+00
2.888019800186157227e+00
2.911076068878173828e+00
2.888210296630859375e+00
2.917717695236206055e+00
2.911150217056274414e+00
2.882412910461425781e+00
2.926765680313110352e+00
2.917478084564208984e+00
2.882227897644042969e+00
2.913472414016723633e+00
2.907169818878173828e+00
2.908856868743896484e+00
2.930111169815063477e+00
2.915195226669311523e+00
2.903807401657104492e+00
2.898606300354003906e+00
2.911626338958740234e+00
2.948101043701171875e+00
2.912507295608520508e+00
2.908236742019653320e+00
2.897768020629882812e+00
2.903681755065917969e+00
2.881993055343627930e+00
2.902596473693847656e+00
2.891607522964477539e+00
2.895331859588623047e+00
2.876599073410034180e+00
2.912269830703735352e+00
2.861644268035888672e+00
2.874814271926879883e+00
2.876945257186889648e+00
2.865409612655639648e+00
2.883403778076171875e+00
2.892747879028320312e+00
2.868802547454833984e+00
2.892252683639526367e+00
2.916856288909912109e+00
2.868926525115966797e+00
2.881053924560546875e+00
2.909082889556884766e+00
2.888702869415283203e+00
2.886959791183471680e+00
2.870305776596069336e+00
2.858938932418823242e+00
2.873525857925415039e+00
2.859717607498168945e+00
2.871724843978881836e+00
2.881725549697875977e+00
2.866963148117065430e+00
2.898324012756347656e+00
2.848098993301391602e+00
2.892761230468750000e+00
2.883626222610473633e+00
2.883536815643310547e+00
2.869976520538330078e+00
2.863223075866699219e+00
2.875699520111083984e+00
2.867116212844848633e+00
2.850659132003784180e+00
2.865529537200927734e+00
2.863315582275390625e+00
2.844187974929809570e+00
2.870191097259521484e+00
2.859173059463500977e+00
2.841144323348999023e+00
2.845191240310668945e+00
2.842422246932983398e+00
2.862856626510620117e+00
2.863056421279907227e+00
2.850848436355590820e+00
2.917479991912841797e+00
2.875576972961425781e+00
2.871923208236694336e+00
2.864699840545654297e+00
2.871286153793334961e+00
2.863198757171630859e+00
2.865596771240234375e+00
2.862564325332641602e+00
2.863222599029541016e+00
2.862856626510620117e+00
2.836956977844238281e+00
2.838425874710083008e+00
2.837483882904052734e+00
2.842082738876342773e+00
2.833209276199340820e+00
2.864992618560791016e+00
2.870947837829589844e+00
2.833678960800170898e+00
2.858101606369018555e+00
2.861486911773681641e+00
