2.260999870300292969e+01
3.144999885559082031e+01
2.573999977111816406e+01
3.955999755859375000e+01
3.579000091552734375e+01
4.561000061035156250e+01
4.252000045776367188e+01
3.446999740600585938e+01
2.139999961853027344e+01
5.777999877929687500e+01
4.900999832153320312e+01
4.962999725341796875e+01
5.059999847412109375e+01
5.786999893188476562e+01
5.143999862670898438e+01
6.236999893188476562e+01
5.545999908447265625e+01
4.743999862670898438e+01
4.973999786376953125e+01
6.634999847412109375e+01
5.563999938964843750e+01
5.198999786376953125e+01
5.577999877929687500e+01
3.040999984741210938e+01
2.537999916076660156e+01
6.661000061035156250e+01
5.156999969482421875e+01
5.816999816894531250e+01
6.350000000000000000e+01
6.988999938964843750e+01
4.572999954223632812e+01
6.993000030517578125e+01
5.104999923706054688e+01
5.189999771118164062e+01
4.605999755859375000e+01
6.523999786376953125e+01
3.986000061035156250e+01
7.354999542236328125e+01
5.186999893188476562e+01
5.070999908447265625e+01
6.018999862670898438e+01
4.607999801635742188e+01
3.418999862670898438e+01
7.331999969482421875e+01
6.697000122070312500e+01
6.601999664306640625e+01
6.788999938964843750e+01
5.000000000000000000e+01
6.722999572753906250e+01
6.663999938964843750e+01
5.361999893188476562e+01
6.119999694824218750e+01
6.285999679565429688e+01
6.272999954223632812e+01
6.661000061035156250e+01
6.920999908447265625e+01
3.450999832153320312e+01
5.668000030517578125e+01
6.411999511718750000e+01
3.895999908447265625e+01
6.020999908447265625e+01
5.484999847412109375e+01
3.781999969482421875e+01
6.684999847412109375e+01
4.561000061035156250e+01
6.601999664306640625e+01
6.182999801635742188e+01
4.236000061035156250e+01
5.922999954223632812e+01
5.357999801635742188e+01
6.565000152587890625e+01
4.466999816894531250e+01
6.165999984741210938e+01
6.340999984741210938e+01
6.480999755859375000e+01
7.265999603271484375e+01
6.386999893188476562e+01
6.473999786376953125e+01
4.644999694824218750e+01
5.506999969482421875e+01
6.200999832153320312e+01
6.433999633789062500e+01
6.802999877929687500e+01
7.265999603271484375e+01
4.993000030517578125e+01
6.497999572753906250e+01
5.475000000000000000e+01
6.575000000000000000e+01
6.376999664306640625e+01
6.626000213623046875e+01
5.407999801635742188e+01
6.975999450683593750e+01
4.784999847412109375e+01
6.420999908447265625e+01
6.231999969482421875e+01
6.933999633789062500e+01
4.036000061035156250e+01
6.634999847412109375e+01
3.200000000000000000e+01
4.752000045776367188e+01
