2.754999923706054688e+01
3.092999839782714844e+01
2.484999847412109375e+01
3.836000061035156250e+01
3.081999969482421875e+01
3.863999938964843750e+01
2.572999954223632812e+01
5.570999908447265625e+01
5.028999710083007812e+01
5.865999984741210938e+01
3.975000000000000000e+01
6.389999771118164062e+01
4.270000076293945312e+01
4.413999938964843750e+01
4.745999908447265625e+01
5.015999984741210938e+01
5.360999679565429688e+01
6.384999847412109375e+01
4.769999694824218750e+01
3.936999893188476562e+01
6.727999877929687500e+01
3.144999885559082031e+01
3.752000045776367188e+01
5.968000030517578125e+01
1.722999954223632812e+01
5.890999984741210938e+01
6.194999694824218750e+01
6.815999603271484375e+01
4.177000045776367188e+01
4.895999908447265625e+01
4.945999908447265625e+01
6.690999603271484375e+01
4.959000015258789062e+01
5.868000030517578125e+01
4.713999938964843750e+01
4.409000015258789062e+01
2.763999938964843750e+01
6.093999862670898438e+01
3.391999816894531250e+01
4.546999740600585938e+01
3.505999755859375000e+01
3.790999984741210938e+01
2.610999870300292969e+01
6.434999847412109375e+01
4.673999786376953125e+01
5.743000030517578125e+01
3.257999801635742188e+01
4.989999771118164062e+01
5.969999694824218750e+01
6.102999877929687500e+01
2.510999870300292969e+01
6.344999694824218750e+01
4.861999893188476562e+01
6.706999969482421875e+01
6.164999771118164062e+01
6.647000122070312500e+01
5.739999771118164062e+01
5.566999816894531250e+01
3.416999816894531250e+01
5.932999801635742188e+01
5.019999694824218750e+01
4.889999771118164062e+01
5.781999969482421875e+01
4.640999984741210938e+01
5.903999710083007812e+01
6.087999725341796875e+01
5.843999862670898438e+01
6.255999755859375000e+01
4.577999877929687500e+01
5.096999740600585938e+01
4.802999877929687500e+01
7.415999603271484375e+01
1.030999946594238281e+01
5.491999816894531250e+01
4.487999725341796875e+01
4.788999938964843750e+01
6.975999450683593750e+01
6.010999679565429688e+01
5.027000045776367188e+01
6.290999984741210938e+01
2.598999977111816406e+01
6.483999633789062500e+01
3.313999938964843750e+01
5.125999832153320312e+01
6.144999694824218750e+01
7.340999603271484375e+01
5.381999969482421875e+01
4.846999740600585938e+01
3.179999923706054688e+01
5.365999984741210938e+01
6.791999816894531250e+01
6.436000061035156250e+01
6.135999679565429688e+01
5.888999938964843750e+01
3.225999832153320312e+01
6.463999938964843750e+01
4.339999771118164062e+01
5.454999923706054688e+01
4.780999755859375000e+01
6.897000122070312500e+01
