3.212961912155151367e+00
2.940401077270507812e+00
2.930475473403930664e+00
2.937073707580566406e+00
2.917452573776245117e+00
2.922787904739379883e+00
2.932954549789428711e+00
2.933168649673461914e+00
2.927741050720214844e+00
2.927733659744262695e+00
2.913872718811035156e+00
2.940000057220458984e+00
2.935536861419677734e+00
2.916575431823730469e+00
2.933017492294311523e+00
2.914523124694824219e+00
2.915544509887695312e+00
2.926666021347045898e+00
2.921419858932495117e+00
2.916903734207153320e+00
2.920758962631225586e+00
2.916122198104858398e+00
2.934815645217895508e+00
2.917402744293212891e+00
2.930643796920776367e+00
2.919771909713745117e+00
2.940423250198364258e+00
2.923222064971923828e+00
2.944388151168823242e+00
2.922227621078491211e+00
2.977558374404907227e+00
2.918444871902465820e+00
2.917081356048583984e+00
2.912887573242187500e+00
2.918454408645629883e+00
2.945356607437133789e+00
2.939493656158447266e+00
2.948305368423461914e+00
2.921596527099609375e+00
2.932377338409423828e+00
2.918284177780151367e+00
2.918251514434814453e+00
2.970939874649047852e+00
3.103799581527709961e+00
2.925331592559814453e+00
2.914370059967041016e+00
2.938831567764282227e+00
2.908591270446777344e+00
2.944632053375244141e+00
2.931972026824951172e+00
2.929841279983520508e+00
2.919858217239379883e+00
2.913610219955444336e+00
2.913420915603637695e+00
2.926569938659667969e+00
2.920330286026000977e+00
2.912906408309936523e+00
2.930289506912231445e+00
2.915387868881225586e+00
2.931519269943237305e+00
2.921836614608764648e+00
2.930689811706542969e+00
2.923991441726684570e+00
2.915707349777221680e+00
2.913100481033325195e+00
2.919566631317138672e+00
2.918349027633666992e+00
2.938379287719726562e+00
2.915270090103149414e+00
2.916250944137573242e+00
2.929679870605468750e+00
2.915055990219116211e+00
2.911597967147827148e+00
2.932103633880615234e+00
2.908638477325439453e+00
2.932149648666381836e+00
2.907697916030883789e+00
2.951376914978027344e+00
2.908236265182495117e+00
2.919567108154296875e+00
2.928998708724975586e+00
2.910851716995239258e+00
2.940549612045288086e+00
2.909068584442138672e+00
2.933364629745483398e+00
2.924730777740478516e+00
2.914001464843750000e+00
2.917382240295410156e+00
2.919325828552246094e+00
2.911046504974365234e+00
2.903735160827636719e+00
2.914631366729736328e+00
2.915482282638549805e+00
2.911652088165283203e+00
2.912780761718750000e+00
2.911187171936035156e+00
2.929118871688842773e+00
2.910625696182250977e+00
2.907741546630859375e+00
2.911640167236328125e+00
