3.095999908447265625e+01
3.425000000000000000e+01
3.621999740600585938e+01
3.838999938964843750e+01
4.793999862670898438e+01
4.579999923706054688e+01
4.621999740600585938e+01
5.061999893188476562e+01
2.701999855041503906e+01
5.868000030517578125e+01
6.644999694824218750e+01
5.179999923706054688e+01
4.937999725341796875e+01
6.000000000000000000e+01
5.882999801635742188e+01
5.987999725341796875e+01
6.819999694824218750e+01
4.486000061035156250e+01
5.913999938964843750e+01
6.339999771118164062e+01
5.951999664306640625e+01
5.468000030517578125e+01
6.034000015258789062e+01
6.193000030517578125e+01
6.281999969482421875e+01
5.373999786376953125e+01
6.234999847412109375e+01
6.500000000000000000e+01
5.921999740600585938e+01
5.448999786376953125e+01
6.458000183105468750e+01
6.750999450683593750e+01
6.858999633789062500e+01
6.164999771118164062e+01
6.011999893188476562e+01
7.329000091552734375e+01
5.975000000000000000e+01
6.605999755859375000e+01
6.990000152587890625e+01
5.656999969482421875e+01
5.837999725341796875e+01
5.860999679565429688e+01
7.233999633789062500e+01
6.209000015258789062e+01
3.957999801635742188e+01
6.597000122070312500e+01
6.726999664306640625e+01
5.925000000000000000e+01
6.597000122070312500e+01
4.500999832153320312e+01
2.973999977111816406e+01
6.000000000000000000e+01
3.743000030517578125e+01
6.458000183105468750e+01
7.623999786376953125e+01
6.097999954223632812e+01
5.876999664306640625e+01
4.986000061035156250e+01
6.573999786376953125e+01
6.321999740600585938e+01
6.722999572753906250e+01
3.334000015258789062e+01
4.571999740600585938e+01
5.591999816894531250e+01
6.306999969482421875e+01
6.768000030517578125e+01
5.910999679565429688e+01
6.666999816894531250e+01
5.184999847412109375e+01
5.845999908447265625e+01
6.419999694824218750e+01
7.308000183105468750e+01
5.620999908447265625e+01
5.102000045776367188e+01
6.894999694824218750e+01
5.393999862670898438e+01
7.363999938964843750e+01
6.504000091552734375e+01
6.601000213623046875e+01
6.572999572753906250e+01
6.155999755859375000e+01
7.237999725341796875e+01
5.143999862670898438e+01
5.234999847412109375e+01
5.527999877929687500e+01
6.522999572753906250e+01
7.925000000000000000e+01
6.634999847412109375e+01
5.998999786376953125e+01
6.551000213623046875e+01
6.726999664306640625e+01
6.180999755859375000e+01
7.316999816894531250e+01
6.422000122070312500e+01
5.893999862670898438e+01
6.354999923706054688e+01
7.243999481201171875e+01
5.822999954223632812e+01
6.618999481201171875e+01
7.500000000000000000e+01
