6.105108261108398438e-01
6.106975078582763672e-01
6.071274280548095703e-01
6.066048145294189453e-01
6.066579818725585938e-01
6.074562072753906250e-01
6.062266826629638672e-01
6.075344085693359375e-01
6.058626174926757812e-01
6.075654029846191406e-01
6.004667282104492188e-01
6.131553649902343750e-01
6.011769771575927734e-01
6.086463928222656250e-01
6.023175716400146484e-01
6.045439243316650391e-01
6.059906482696533203e-01
6.048920154571533203e-01
6.043777465820312500e-01
6.072459220886230469e-01
6.081533432006835938e-01
6.004412174224853516e-01
6.097822189331054688e-01
6.029143333435058594e-01
6.105239391326904297e-01
6.026992797851562500e-01
6.081323623657226562e-01
6.033968925476074219e-01
6.064965724945068359e-01
6.033101081848144531e-01
6.049993038177490234e-01
6.026260852813720703e-01
6.054973602294921875e-01
6.052825450897216797e-01
6.026794910430908203e-01
6.056003570556640625e-01
5.994939804077148438e-01
6.108577251434326172e-01
5.993480682373046875e-01
6.050372123718261719e-01
6.005196571350097656e-01
6.051523685455322266e-01
6.033437252044677734e-01
2.289878129959106445e+00
6.019783020019531250e-01
6.060478687286376953e-01
6.070654392242431641e-01
6.040399074554443359e-01
6.043195724487304688e-01
6.056497097015380859e-01
6.061227321624755859e-01
6.030609607696533203e-01
6.077346801757812500e-01
6.039371490478515625e-01
6.135480403900146484e-01
6.014661788940429688e-01
6.035580635070800781e-01
6.036803722381591797e-01
6.073586940765380859e-01
6.031670570373535156e-01
6.092166900634765625e-01
6.046731472015380859e-01
6.045594215393066406e-01
6.100332736968994141e-01
5.990178585052490234e-01
6.079878807067871094e-01
6.010301113128662109e-01
6.056742668151855469e-01
6.037178039550781250e-01
6.083304882049560547e-01
6.012942790985107422e-01
6.054866313934326172e-01
6.011602878570556641e-01
6.159989833831787109e-01
6.053078174591064453e-01
6.002738475799560547e-01
6.072292327880859375e-01
5.989580154418945312e-01
6.087663173675537109e-01
5.975680351257324219e-01
6.066112518310546875e-01
5.978317260742187500e-01
6.055374145507812500e-01
6.009452342987060547e-01
6.033227443695068359e-01
6.019959449768066406e-01
6.056625843048095703e-01
6.029801368713378906e-01
5.993344783782958984e-01
6.068682670593261719e-01
5.995376110076904297e-01
6.098723411560058594e-01
6.004958152770996094e-01
6.048929691314697266e-01
6.032288074493408203e-01
6.051042079925537109e-01
6.039338111877441406e-01
6.018915176391601562e-01
6.049542427062988281e-01
6.005966663360595703e-01
