2.571721243858337402e+01
2.617232155799865723e+01
2.553011035919189453e+01
2.543019175529479980e+01
2.547027206420898438e+01
2.586131215095520020e+01
2.613851475715637207e+01
2.559548974037170410e+01
2.574043703079223633e+01
2.613606810569763184e+01
2.561760687828063965e+01
2.550489234924316406e+01
2.579625535011291504e+01
2.560779333114624023e+01
2.539959979057312012e+01
2.551945662498474121e+01
2.603357410430908203e+01
2.571826839447021484e+01
2.553706312179565430e+01
2.612882757186889648e+01
2.575885963439941406e+01
2.537962079048156738e+01
2.600686883926391602e+01
2.580591130256652832e+01
2.574232244491577148e+01
2.591039347648620605e+01
2.563943004608154297e+01
2.588753461837768555e+01
2.556827163696289062e+01
2.591370010375976562e+01
2.598268294334411621e+01
2.543091845512390137e+01
2.556406044960021973e+01
2.570673775672912598e+01
2.605844926834106445e+01
2.590103125572204590e+01
2.582087254524230957e+01
2.555419230461120605e+01
2.536702895164489746e+01
2.553101634979248047e+01
2.577588582038879395e+01
2.545734477043151855e+01
2.570979523658752441e+01
3.272725915908813477e+01
2.551489734649658203e+01
2.550028491020202637e+01
2.582603263854980469e+01
2.591773200035095215e+01
2.617086863517761230e+01
2.597149848937988281e+01
2.589078521728515625e+01
2.555831265449523926e+01
2.560265827178955078e+01
2.562335228919982910e+01
2.581723976135253906e+01
2.558236098289489746e+01
2.573910903930664062e+01
2.553782248497009277e+01
2.586251997947692871e+01
2.582055211067199707e+01
2.561390042304992676e+01
2.574612116813659668e+01
2.533302760124206543e+01
2.573286128044128418e+01
2.551047277450561523e+01
2.542002606391906738e+01
2.552948641777038574e+01
2.575283098220825195e+01
2.538670849800109863e+01
2.568608403205871582e+01
2.564589691162109375e+01
2.553761053085327148e+01
2.608907771110534668e+01
2.543820595741271973e+01
2.528263998031616211e+01
2.556130456924438477e+01
2.573767709732055664e+01
2.552573013305664062e+01
2.547821617126464844e+01
2.559506797790527344e+01
2.590120244026184082e+01
2.547411513328552246e+01
2.556007313728332520e+01
2.542835545539855957e+01
2.581289982795715332e+01
2.535786199569702148e+01
2.596600794792175293e+01
2.562309885025024414e+01
2.567887139320373535e+01
2.573581051826477051e+01
2.535550713539123535e+01
2.533888173103332520e+01
2.554819202423095703e+01
2.543518090248107910e+01
2.573808217048645020e+01
2.528728818893432617e+01
2.609213113784790039e+01
2.544683146476745605e+01
2.559400367736816406e+01
2.566119313240051270e+01
