3.792201042175292969e+00
3.524876117706298828e+00
3.498986244201660156e+00
3.526499986648559570e+00
3.503910541534423828e+00
3.514419555664062500e+00
3.523962020874023438e+00
3.516360282897949219e+00
3.534333229064941406e+00
3.524718761444091797e+00
3.488742828369140625e+00
3.524585723876953125e+00
3.489505529403686523e+00
3.526844501495361328e+00
3.513727188110351562e+00
3.499190807342529297e+00
3.533733844757080078e+00
3.523937225341796875e+00
3.486934661865234375e+00
3.522777318954467773e+00
3.515621900558471680e+00
3.508535385131835938e+00
3.539995670318603516e+00
3.518434524536132812e+00
3.514683008193969727e+00
3.501639127731323242e+00
3.522842645645141602e+00
3.551797628402709961e+00
3.519332170486450195e+00
3.511838674545288086e+00
3.502983570098876953e+00
3.506502389907836914e+00
3.487661838531494141e+00
3.507780551910400391e+00
3.494553804397583008e+00
3.501168012619018555e+00
3.476375579833984375e+00
3.523427724838256836e+00
3.461351633071899414e+00
3.480134010314941406e+00
3.477783203125000000e+00
3.471079111099243164e+00
3.487105131149291992e+00
5.129328012466430664e+00
3.471243619918823242e+00
3.499654769897460938e+00
3.524379253387451172e+00
3.474551677703857422e+00
3.485557317733764648e+00
3.514963388442993164e+00
3.495137214660644531e+00
3.490463256835937500e+00
3.478498458862304688e+00
3.463411808013916016e+00
3.487337589263916016e+00
3.461578130722045898e+00
3.475779056549072266e+00
3.485890626907348633e+00
3.474699497222900391e+00
3.501789569854736328e+00
3.457777261734008789e+00
3.497826337814331055e+00
3.488579511642456055e+00
3.493921279907226562e+00
3.469459533691406250e+00
3.471529483795166016e+00
3.478326559066772461e+00
3.473257303237915039e+00
3.454343557357788086e+00
3.474375247955322266e+00
3.464936494827270508e+00
3.449640512466430664e+00
3.471706390380859375e+00
3.477368831634521484e+00
3.446831464767456055e+00
3.445905923843383789e+00
3.449086666107177734e+00
3.462142467498779297e+00
3.472173213958740234e+00
3.449449300765991211e+00
3.524621009826660156e+00
3.473911285400390625e+00
3.477946758270263672e+00
3.466068506240844727e+00
3.475043058395385742e+00
3.465572595596313477e+00
3.471695184707641602e+00
3.465916156768798828e+00
3.463009119033813477e+00
3.470218181610107422e+00
3.436888933181762695e+00
3.448735237121582031e+00
3.438419103622436523e+00
3.447371244430541992e+00
3.436939954757690430e+00
3.470607995986938477e+00
3.475170612335205078e+00
3.435994625091552734e+00
3.463134765625000000e+00
3.462586641311645508e+00
