3.802347660064697266e+00
3.509344816207885742e+00
3.491559028625488281e+00
3.492495059967041016e+00
3.488364219665527344e+00
3.480972528457641602e+00
3.501052141189575195e+00
3.489916324615478516e+00
3.506485462188720703e+00
3.502082586288452148e+00
3.501212835311889648e+00
3.518080234527587891e+00
3.486439466476440430e+00
3.478148698806762695e+00
3.500831127166748047e+00
3.515167951583862305e+00
3.490709304809570312e+00
3.504319906234741211e+00
3.485116243362426758e+00
3.493647813796997070e+00
3.510841131210327148e+00
3.499980449676513672e+00
3.494482517242431641e+00
3.485206365585327148e+00
3.496497631072998047e+00
3.502569437026977539e+00
3.502614498138427734e+00
3.481447696685791016e+00
3.492649078369140625e+00
3.504178524017333984e+00
3.484985351562500000e+00
3.489674329757690430e+00
3.511404752731323242e+00
3.490887880325317383e+00
3.510846853256225586e+00
3.492426872253417969e+00
3.500435352325439453e+00
3.494433164596557617e+00
3.476124048233032227e+00
3.479745149612426758e+00
3.483673095703125000e+00
3.491830587387084961e+00
3.487273216247558594e+00
5.470871210098266602e+00
3.479671001434326172e+00
3.485298871994018555e+00
3.492715835571289062e+00
3.509061336517333984e+00
3.485536813735961914e+00
3.488666057586669922e+00
3.494939565658569336e+00
3.482103109359741211e+00
3.492159843444824219e+00
3.485932350158691406e+00
3.512615919113159180e+00
3.473478078842163086e+00
3.482929706573486328e+00
3.482380151748657227e+00
3.490163564682006836e+00
3.500746250152587891e+00
3.485030889511108398e+00
3.479996681213378906e+00
3.490513801574707031e+00
3.484838962554931641e+00
3.505869626998901367e+00
3.487371206283569336e+00
3.478394985198974609e+00
3.484853982925415039e+00
3.483653545379638672e+00
3.497983217239379883e+00
3.488617181777954102e+00
3.492107629776000977e+00
3.475265502929687500e+00
3.497354745864868164e+00
3.473840236663818359e+00
3.478988647460937500e+00
3.494415760040283203e+00
3.477186441421508789e+00
3.482203483581542969e+00
3.490710735321044922e+00
3.484000921249389648e+00
3.473415613174438477e+00
3.493528604507446289e+00
3.524664402008056641e+00
3.482610225677490234e+00
3.486107587814331055e+00
3.481627941131591797e+00
3.490032672882080078e+00
3.478557825088500977e+00
3.491483449935913086e+00
3.474720001220703125e+00
3.487915992736816406e+00
3.473103046417236328e+00
3.499600648880004883e+00
3.481149435043334961e+00
3.479946851730346680e+00
3.485058546066284180e+00
3.476820230484008789e+00
3.483877897262573242e+00
3.467158555984497070e+00
