2.692999839782714844e+01
3.720999908447265625e+01
3.793999862670898438e+01
3.921999740600585938e+01
4.187999725341796875e+01
4.939999771118164062e+01
5.077999877929687500e+01
4.677000045776367188e+01
6.593000030517578125e+01
6.487999725341796875e+01
4.534999847412109375e+01
5.806999969482421875e+01
5.315999984741210938e+01
6.466999816894531250e+01
7.211999511718750000e+01
5.098999786376953125e+01
6.360999679565429688e+01
6.993000030517578125e+01
7.209999847412109375e+01
6.468999481201171875e+01
6.394999694824218750e+01
6.808000183105468750e+01
6.626000213623046875e+01
4.886999893188476562e+01
5.614999771118164062e+01
4.004999923706054688e+01
6.305999755859375000e+01
6.636000061035156250e+01
4.831999969482421875e+01
6.554999542236328125e+01
6.004999923706054688e+01
5.566999816894531250e+01
7.743999481201171875e+01
6.688999938964843750e+01
6.554000091552734375e+01
5.741999816894531250e+01
7.141999816894531250e+01
7.390000152587890625e+01
6.263999938964843750e+01
5.989999771118164062e+01
6.900000000000000000e+01
7.183000183105468750e+01
6.763999938964843750e+01
6.629999542236328125e+01
6.825999450683593750e+01
5.339999771118164062e+01
7.365000152587890625e+01
6.154999923706054688e+01
2.345999908447265625e+01
6.804999542236328125e+01
6.613999938964843750e+01
6.750999450683593750e+01
6.278999710083007812e+01
6.569999694824218750e+01
7.111999511718750000e+01
6.018999862670898438e+01
5.572999954223632812e+01
7.225000000000000000e+01
6.634999847412109375e+01
6.706999969482421875e+01
7.101999664306640625e+01
7.209999847412109375e+01
5.794999694824218750e+01
7.829000091552734375e+01
6.802999877929687500e+01
6.445999908447265625e+01
7.456999969482421875e+01
4.772999954223632812e+01
2.598999977111816406e+01
6.984999847412109375e+01
6.135999679565429688e+01
7.675000000000000000e+01
6.884999847412109375e+01
7.837999725341796875e+01
7.202999877929687500e+01
6.975999450683593750e+01
7.151999664306640625e+01
6.444999694824218750e+01
7.333999633789062500e+01
6.303999710083007812e+01
6.493999481201171875e+01
4.816999816894531250e+01
6.962999725341796875e+01
6.461999511718750000e+01
6.704000091552734375e+01
7.775000000000000000e+01
6.640999603271484375e+01
6.776999664306640625e+01
7.459999847412109375e+01
7.334999847412109375e+01
5.875000000000000000e+01
6.694999694824218750e+01
7.619999694824218750e+01
6.715000152587890625e+01
6.954000091552734375e+01
7.398999786376953125e+01
6.071999740600585938e+01
7.008999633789062500e+01
6.197999954223632812e+01
7.150999450683593750e+01
