3.843358993530273438e+00
3.566367864608764648e+00
3.558430671691894531e+00
3.562719821929931641e+00
3.555959701538085938e+00
3.561564683914184570e+00
3.556966781616210938e+00
3.573030948638916016e+00
3.554533004760742188e+00
3.559440612792968750e+00
3.548053026199340820e+00
3.551352500915527344e+00
3.544677495956420898e+00
3.557957649230957031e+00
3.550877809524536133e+00
3.559341192245483398e+00
3.540293455123901367e+00
3.563301801681518555e+00
3.551602363586425781e+00
3.547132730484008789e+00
3.566302776336669922e+00
3.547420024871826172e+00
3.557295560836791992e+00
3.552548170089721680e+00
3.557156324386596680e+00
3.554164648056030273e+00
3.561441898345947266e+00
3.543529272079467773e+00
3.554144620895385742e+00
3.551583528518676758e+00
3.552870512008666992e+00
3.541765451431274414e+00
3.552663087844848633e+00
3.551423311233520508e+00
3.551259756088256836e+00
3.549119949340820312e+00
3.500333547592163086e+00
3.563242673873901367e+00
3.483970165252685547e+00
3.513134002685546875e+00
3.524147748947143555e+00
3.504339933395385742e+00
3.521110773086547852e+00
5.159792661666870117e+00
3.503950357437133789e+00
3.521954774856567383e+00
3.531328201293945312e+00
3.485806941986083984e+00
3.507985353469848633e+00
3.551868200302124023e+00
3.517471313476562500e+00
3.513008356094360352e+00
3.493827342987060547e+00
3.493995189666748047e+00
3.545895099639892578e+00
3.496458292007446289e+00
3.500320911407470703e+00
3.517820596694946289e+00
3.503094434738159180e+00
3.524351596832275391e+00
3.518023490905761719e+00
3.537025451660156250e+00
3.519293069839477539e+00
3.510251522064208984e+00
3.500351667404174805e+00
3.511494159698486328e+00
3.523076057434082031e+00
3.496380567550659180e+00
3.513090372085571289e+00
3.507961034774780273e+00
3.494261026382446289e+00
3.506621360778808594e+00
3.498163461685180664e+00
3.514552116394042969e+00
3.510080814361572266e+00
3.507621526718139648e+00
3.507101774215698242e+00
3.480312108993530273e+00
3.492996931076049805e+00
3.502143383026123047e+00
3.487014770507812500e+00
3.476763486862182617e+00
3.501145124435424805e+00
3.499977111816406250e+00
3.479949951171875000e+00
3.487838745117187500e+00
3.507238149642944336e+00
3.488621473312377930e+00
3.474725246429443359e+00
3.492399692535400391e+00
3.507090806961059570e+00
3.511691570281982422e+00
3.522418260574340820e+00
3.511579513549804688e+00
3.511609554290771484e+00
3.508059263229370117e+00
3.485815048217773438e+00
3.540480852127075195e+00
3.496834278106689453e+00
3.482682466506958008e+00
