3.730253696441650391e+00
3.496362209320068359e+00
3.468034505844116211e+00
3.481304645538330078e+00
3.456168889999389648e+00
3.450018167495727539e+00
3.464874505996704102e+00
3.454552173614501953e+00
3.471651077270507812e+00
3.461099386215209961e+00
3.450848340988159180e+00
3.464714050292968750e+00
3.449195861816406250e+00
3.463253021240234375e+00
3.458952903747558594e+00
3.464363574981689453e+00
3.458804130554199219e+00
3.457968950271606445e+00
3.485510349273681641e+00
3.457274198532104492e+00
3.465636014938354492e+00
3.451932191848754883e+00
3.459156990051269531e+00
3.449859142303466797e+00
3.460994482040405273e+00
3.455667734146118164e+00
3.463774442672729492e+00
3.457709550857543945e+00
3.460496187210083008e+00
3.456540822982788086e+00
3.459820747375488281e+00
3.451763629913330078e+00
3.467108249664306641e+00
3.454582929611206055e+00
3.448870658874511719e+00
3.456348180770874023e+00
3.459084272384643555e+00
3.472113370895385742e+00
3.462890863418579102e+00
3.451092720031738281e+00
3.468546867370605469e+00
3.459251403808593750e+00
3.475598096847534180e+00
5.400949239730834961e+00
3.450856447219848633e+00
3.472961902618408203e+00
3.457056999206542969e+00
3.465640544891357422e+00
3.449515581130981445e+00
3.513643503189086914e+00
3.462666034698486328e+00
3.451594829559326172e+00
3.454567432403564453e+00
3.447220563888549805e+00
3.472982168197631836e+00
3.446357488632202148e+00
3.465731620788574219e+00
3.451186656951904297e+00
3.467342615127563477e+00
3.460313796997070312e+00
3.463526964187622070e+00
3.458652496337890625e+00
3.453920841217041016e+00
3.483150482177734375e+00
3.461642026901245117e+00
3.468931198120117188e+00
3.458806514739990234e+00
3.451860666275024414e+00
3.467532396316528320e+00
3.467052221298217773e+00
3.449084520339965820e+00
3.466724395751953125e+00
3.462585687637329102e+00
3.471250534057617188e+00
3.454852342605590820e+00
3.446905612945556641e+00
3.478167533874511719e+00
3.447181701660156250e+00
3.462049484252929688e+00
3.450183629989624023e+00
3.471254110336303711e+00
3.455064058303833008e+00
3.464900016784667969e+00
3.450277805328369141e+00
3.454778194427490234e+00
3.448075056076049805e+00
3.454921245574951172e+00
3.450108528137207031e+00
3.451647996902465820e+00
3.454925060272216797e+00
3.459918260574340820e+00
3.467489480972290039e+00
3.441405534744262695e+00
3.470014572143554688e+00
3.447302341461181641e+00
3.453101634979248047e+00
3.453737735748291016e+00
3.447425603866577148e+00
3.455373764038085938e+00
3.446147680282592773e+00
