3.160255193710327148e+00
2.892169475555419922e+00
2.902213096618652344e+00
2.884461164474487305e+00
2.903767347335815430e+00
2.905983448028564453e+00
2.883067846298217773e+00
2.957950592041015625e+00
2.884976148605346680e+00
2.890234470367431641e+00
2.888322591781616211e+00
2.890641689300537109e+00
2.886773586273193359e+00
2.909802913665771484e+00
2.908150672912597656e+00
2.901652336120605469e+00
2.908600091934204102e+00
2.891883134841918945e+00
2.893557786941528320e+00
2.904629945755004883e+00
2.892069339752197266e+00
2.896060943603515625e+00
2.888772010803222656e+00
2.918580532073974609e+00
2.883599042892456055e+00
2.896317958831787109e+00
2.892530441284179688e+00
2.899898052215576172e+00
2.896019458770751953e+00
2.892890691757202148e+00
2.893286228179931641e+00
2.888063669204711914e+00
2.893388032913208008e+00
2.904500484466552734e+00
2.911564111709594727e+00
2.897024631500244141e+00
2.887378215789794922e+00
2.895180702209472656e+00
2.912463188171386719e+00
2.911456346511840820e+00
2.896842241287231445e+00
2.892071723937988281e+00
2.893785238265991211e+00
3.145589828491210938e+00
2.900504827499389648e+00
2.911892890930175781e+00
2.885949134826660156e+00
2.889303207397460938e+00
2.890771150588989258e+00
2.893864393234252930e+00
2.889194726943969727e+00
2.895210981369018555e+00
2.906893968582153320e+00
2.915809154510498047e+00
2.889442920684814453e+00
2.892950296401977539e+00
2.894166231155395508e+00
2.888337850570678711e+00
2.911879062652587891e+00
2.888002872467041016e+00
2.888693094253540039e+00
2.891236543655395508e+00
2.912312269210815430e+00
2.888575315475463867e+00
2.891735553741455078e+00
2.913781166076660156e+00
2.900984764099121094e+00
2.883439779281616211e+00
2.910021305084228516e+00
2.896675586700439453e+00
2.894108533859252930e+00
2.893813848495483398e+00
2.884228944778442383e+00
2.880706071853637695e+00
2.912426471710205078e+00
2.885424613952636719e+00
2.889498710632324219e+00
2.888730525970458984e+00
2.904612541198730469e+00
2.885886907577514648e+00
2.886857509613037109e+00
2.889250755310058594e+00
2.897557735443115234e+00
2.881180763244628906e+00
2.886643886566162109e+00
2.887546300888061523e+00
2.886264324188232422e+00
2.886638879776000977e+00
2.882245540618896484e+00
2.882406711578369141e+00
2.898570775985717773e+00
2.883804321289062500e+00
2.912793159484863281e+00
2.887855529785156250e+00
2.902561664581298828e+00
2.905566453933715820e+00
2.889216184616088867e+00
2.885056495666503906e+00
2.886821508407592773e+00
2.891568899154663086e+00
