2.571819114685058594e+01
2.548079133033752441e+01
2.576784086227416992e+01
2.564776706695556641e+01
2.538172411918640137e+01
2.586414575576782227e+01
2.564103722572326660e+01
2.543989253044128418e+01
2.609785795211791992e+01
2.576658225059509277e+01
2.552250862121582031e+01
2.550225305557250977e+01
2.574077653884887695e+01
2.571192097663879395e+01
2.610024285316467285e+01
2.541564321517944336e+01
2.592000365257263184e+01
2.539990520477294922e+01
2.542255258560180664e+01
2.540764594078063965e+01
2.543411636352539062e+01
2.542321801185607910e+01
2.633810758590698242e+01
2.603545165061950684e+01
2.578540897369384766e+01
2.539032912254333496e+01
2.567771172523498535e+01
2.577804040908813477e+01
2.542060208320617676e+01
2.560707378387451172e+01
2.588029217720031738e+01
2.572308945655822754e+01
2.549210262298583984e+01
2.550060844421386719e+01
2.605536508560180664e+01
2.639175319671630859e+01
2.591553568840026855e+01
2.547725892066955566e+01
2.545675849914550781e+01
2.541326379776000977e+01
2.577147436141967773e+01
2.530612993240356445e+01
2.550937676429748535e+01
3.228382992744445801e+01
2.527171516418457031e+01
2.571075940132141113e+01
2.601231098175048828e+01
2.570178771018981934e+01
2.562242293357849121e+01
2.597490096092224121e+01
2.577851915359497070e+01
2.535420799255371094e+01
2.537887263298034668e+01
2.545823311805725098e+01
2.606251263618469238e+01
2.521277761459350586e+01
2.542341446876525879e+01
2.574145317077636719e+01
2.603745770454406738e+01
2.537515258789062500e+01
2.547892093658447266e+01
2.543828558921813965e+01
2.551240134239196777e+01
2.580231666564941406e+01
2.554542756080627441e+01
2.532617568969726562e+01
2.567614579200744629e+01
2.542366647720336914e+01
2.542747616767883301e+01
2.549741959571838379e+01
2.544631266593933105e+01
2.530047535896301270e+01
2.527635526657104492e+01
2.530033946037292480e+01
2.563069677352905273e+01
2.528850698471069336e+01
2.568396449089050293e+01
2.545509433746337891e+01
2.564346385002136230e+01
2.568214678764343262e+01
2.530769681930541992e+01
2.530168247222900391e+01
2.556781101226806641e+01
2.564685583114624023e+01
2.587056970596313477e+01
2.537779688835144043e+01
2.590575957298278809e+01
2.595659685134887695e+01
2.530741429328918457e+01
2.575309324264526367e+01
2.597181439399719238e+01
2.554286503791809082e+01
2.542808341979980469e+01
2.562630724906921387e+01
2.545757508277893066e+01
2.528181076049804688e+01
2.577735853195190430e+01
2.532989597320556641e+01
2.537504053115844727e+01
2.525764012336730957e+01
