2.188800000000000168e+01
3.190399999999999991e+01
3.824000000000000199e+01
4.300800000000000267e+01
4.971200000000000330e+01
5.502400000000000091e+01
5.772800000000000153e+01
6.212800000000000011e+01
6.311999999999999744e+01
6.648000000000000398e+01
6.729600000000000648e+01
6.836799999999999500e+01
6.926399999999999579e+01
7.038400000000000034e+01
7.180800000000000693e+01
7.147199999999999420e+01
7.271999999999999886e+01
7.270399999999999352e+01
7.235200000000000387e+01
7.286400000000000432e+01
7.412800000000000011e+01
7.420799999999999841e+01
7.395199999999999818e+01
7.456000000000000227e+01
7.420799999999999841e+01
7.425600000000000023e+01
7.547199999999999420e+01
7.446399999999999864e+01
7.559999999999999432e+01
7.548799999999999955e+01
7.638400000000000034e+01
7.579200000000000159e+01
7.582399999999999807e+01
7.574399999999999977e+01
7.537600000000000477e+01
7.607999999999999829e+01
7.659199999999999875e+01
7.667199999999999704e+01
7.609600000000000364e+01
7.603199999999999648e+01
7.615999999999999659e+01
7.667199999999999704e+01
7.625600000000000023e+01
7.656000000000000227e+01
7.732800000000000296e+01
7.718399999999999750e+01
7.667199999999999704e+01
7.667199999999999704e+01
7.729600000000000648e+01
7.576000000000000512e+01
7.758400000000000318e+01
7.771200000000000330e+01
7.747199999999999420e+01
7.790399999999999636e+01
7.740800000000000125e+01
7.750400000000000489e+01
7.761599999999999966e+01
7.835200000000000387e+01
7.699200000000000443e+01
7.867199999999999704e+01
7.748799999999999955e+01
7.734399999999999409e+01
7.751999999999999602e+01
7.726399999999999579e+01
7.742400000000000659e+01
7.769599999999999795e+01
7.761599999999999966e+01
7.737600000000000477e+01
7.851200000000000045e+01
7.811199999999999477e+01
7.803199999999999648e+01
7.846399999999999864e+01
7.777599999999999625e+01
7.728000000000000114e+01
7.811199999999999477e+01
7.812800000000000011e+01
7.715200000000000102e+01
7.836799999999999500e+01
7.766400000000000148e+01
7.814400000000000546e+01
7.732800000000000296e+01
7.803199999999999648e+01
7.734399999999999409e+01
7.774399999999999977e+01
7.769599999999999795e+01
7.831999999999999318e+01
7.851200000000000045e+01
7.908799999999999386e+01
7.731199999999999761e+01
7.774399999999999977e+01
7.836799999999999500e+01
7.759999999999999432e+01
7.859199999999999875e+01
7.835200000000000387e+01
7.918399999999999750e+01
7.766400000000000148e+01
7.924800000000000466e+01
7.856000000000000227e+01
7.854399999999999693e+01
7.804800000000000182e+01
