2.081488592300415164e+00
1.844571002655029268e+00
1.717560264663696268e+00
1.585069367599487355e+00
1.467661982345580984e+00
1.344879446182251082e+00
1.241208726158142150e+00
1.174373371047973569e+00
1.122959897613525326e+00
1.064543993129730248e+00
1.041998730812072838e+00
9.915374724006652540e-01
1.004178346138000499e+00
9.609517571640014966e-01
9.482915574645995882e-01
9.608308499526977409e-01
9.097256917190551517e-01
9.116749273872375436e-01
8.913826365280150821e-01
8.949174765396118447e-01
8.697466229629516876e-01
8.606219348907471201e-01
8.592417013549804583e-01
8.490552746009826235e-01
8.578823522186279638e-01
8.475915999603271800e-01
8.330071028137207012e-01
8.319873511123657694e-01
8.287885252761840738e-01
8.450710319137573201e-01
8.344156888580321896e-01
8.157461608695983912e-01
8.247666897773742178e-01
8.082929764175414977e-01
8.222146037292480392e-01
8.142029211044311543e-01
8.158038058090210098e-01
7.969135295677185482e-01
7.982788923645020018e-01
7.991412629699706782e-01
8.090678550529479818e-01
7.896389946174621199e-01
7.880772371864318560e-01
8.001772677135468026e-01
8.014415016174316619e-01
7.980498820114135805e-01
7.909819956207275737e-01
8.069098031997680165e-01
7.865823891687393488e-01
7.782913848114013655e-01
7.938667550277710427e-01
7.947344073104858353e-01
7.826021096611023298e-01
7.851609322738647423e-01
7.925349295425414553e-01
8.057742213439941237e-01
7.904826225662231476e-01
7.767018206024169924e-01
7.642198207092285589e-01
7.771130836868286318e-01
7.995083781051636196e-01
7.801438609886169884e-01
7.814026290512084971e-01
7.906754142761230897e-01
7.672832970714569267e-01
7.936802037429809831e-01
7.864651242065430203e-01
7.902896283149719592e-01
7.729102816867828851e-01
7.694165033912658824e-01
7.518901950263977563e-01
7.772635477256775172e-01
7.464561356353759392e-01
7.605404178619384892e-01
7.590009066390991377e-01
7.775848278427124338e-01
7.743275975275040190e-01
7.678998941135406486e-01
7.674450089931488250e-01
7.691492118453979732e-01
7.614543093109130689e-01
7.629451215744018633e-01
7.733386316299438734e-01
7.596746314620971274e-01
8.149215291786193749e-01
7.653940562438964479e-01
7.531187731170654320e-01
7.739655609130859926e-01
7.582675183677672903e-01
7.615166851043700946e-01
7.719674541664123257e-01
7.516720895004272984e-01
7.651227061843871580e-01
7.510479288291931343e-01
7.570955298233031927e-01
7.719483037948607906e-01
7.724916508483886668e-01
7.687156414604187082e-01
7.671246873283386059e-01
7.463668332290649410e-01
