3.239999771118164062e+01
3.773999786376953125e+01
3.671999740600585938e+01
3.643999862670898438e+01
5.254999923706054688e+01
5.268000030517578125e+01
5.800999832153320312e+01
5.480999755859375000e+01
3.752999877929687500e+01
5.784999847412109375e+01
5.416999816894531250e+01
5.640999984741210938e+01
5.854999923706054688e+01
5.929999923706054688e+01
4.848999786376953125e+01
5.239999771118164062e+01
4.893999862670898438e+01
6.722999572753906250e+01
6.733000183105468750e+01
6.070999908447265625e+01
4.580999755859375000e+01
6.141999816894531250e+01
7.165000152587890625e+01
5.956999969482421875e+01
6.402999877929687500e+01
6.572999572753906250e+01
5.161999893188476562e+01
7.483000183105468750e+01
5.850999832153320312e+01
6.641999816894531250e+01
6.629999542236328125e+01
6.123999786376953125e+01
3.775999832153320312e+01
6.701999664306640625e+01
5.361999893188476562e+01
7.204000091552734375e+01
6.509999847412109375e+01
6.672999572753906250e+01
5.778999710083007812e+01
7.319999694824218750e+01
7.147000122070312500e+01
7.394999694824218750e+01
7.034999847412109375e+01
6.502999877929687500e+01
6.723999786376953125e+01
5.609999847412109375e+01
7.309999847412109375e+01
6.808999633789062500e+01
5.260999679565429688e+01
4.818000030517578125e+01
5.175000000000000000e+01
3.561000061035156250e+01
3.073999977111816406e+01
6.055999755859375000e+01
7.281999969482421875e+01
6.551000213623046875e+01
6.420999908447265625e+01
5.306999969482421875e+01
7.247000122070312500e+01
7.361999511718750000e+01
6.268999862670898438e+01
6.698999786376953125e+01
6.873999786376953125e+01
6.547999572753906250e+01
6.901999664306640625e+01
6.918999481201171875e+01
7.366999816894531250e+01
6.818000030517578125e+01
6.319999694824218750e+01
7.004999542236328125e+01
6.633000183105468750e+01
7.811999511718750000e+01
4.397999954223632812e+01
7.297999572753906250e+01
6.029999923706054688e+01
6.836000061035156250e+01
7.327999877929687500e+01
7.438999938964843750e+01
3.618999862670898438e+01
6.772999572753906250e+01
5.700000000000000000e+01
6.894999694824218750e+01
7.683000183105468750e+01
7.065999603271484375e+01
6.316999816894531250e+01
5.702999877929687500e+01
7.783999633789062500e+01
6.287999725341796875e+01
6.690999603271484375e+01
6.791999816894531250e+01
7.152999877929687500e+01
7.508999633789062500e+01
7.073999786376953125e+01
6.970999908447265625e+01
7.312999725341796875e+01
7.498999786376953125e+01
4.638999938964843750e+01
5.928999710083007812e+01
5.111999893188476562e+01
6.310999679565429688e+01
