2.571787476539611816e+01
2.547556805610656738e+01
2.540032958984375000e+01
2.542571520805358887e+01
2.537751317024230957e+01
2.597353053092956543e+01
2.592533874511718750e+01
2.581213784217834473e+01
2.545712041854858398e+01
2.596184802055358887e+01
2.546322274208068848e+01
2.592665004730224609e+01
2.547748470306396484e+01
2.576969385147094727e+01
2.546207475662231445e+01
2.560007667541503906e+01
2.541919207572937012e+01
2.558414506912231445e+01
2.562162280082702637e+01
2.563625931739807129e+01
2.541175222396850586e+01
2.539857220649719238e+01
2.588233399391174316e+01
2.593428564071655273e+01
2.550313329696655273e+01
2.574119782447814941e+01
2.549395918846130371e+01
2.623646497726440430e+01
2.625931715965270996e+01
2.595702743530273438e+01
2.571026849746704102e+01
2.559781765937805176e+01
2.562518882751464844e+01
2.541478991508483887e+01
2.632320737838745117e+01
2.584219288825988770e+01
2.571626853942871094e+01
2.549499511718750000e+01
2.546943473815917969e+01
2.563122296333312988e+01
2.538020753860473633e+01
2.543819236755371094e+01
2.540137314796447754e+01
3.267781376838684082e+01
2.568315958976745605e+01
2.541605162620544434e+01
2.576136279106140137e+01
2.537620091438293457e+01
2.538961863517761230e+01
2.569357132911682129e+01
2.555452728271484375e+01
2.536419391632080078e+01
2.560992169380187988e+01
2.526832127571105957e+01
2.570493268966674805e+01
2.556178593635559082e+01
2.565590500831604004e+01
2.565755677223205566e+01
2.536346077919006348e+01
2.589562749862670898e+01
2.555017876625061035e+01
2.587482857704162598e+01
2.530604791641235352e+01
2.573897314071655273e+01
2.537819027900695801e+01
2.567905306816101074e+01
2.552738523483276367e+01
2.530038619041442871e+01
2.569112825393676758e+01
2.531539988517761230e+01
2.543309760093688965e+01
2.557727217674255371e+01
2.592092800140380859e+01
2.531019258499145508e+01
2.540928554534912109e+01
2.537450742721557617e+01
2.542561626434326172e+01
2.558500742912292480e+01
2.526724624633789062e+01
2.544187283515930176e+01
2.582265877723693848e+01
2.566638684272766113e+01
2.535589480400085449e+01
2.565511798858642578e+01
2.562437796592712402e+01
2.534354114532470703e+01
2.592520642280578613e+01
2.575462579727172852e+01
2.567400288581848145e+01
2.573042154312133789e+01
2.578999090194702148e+01
2.550095582008361816e+01
2.526405858993530273e+01
2.529468464851379395e+01
2.540132045745849609e+01
2.540475583076477051e+01
2.567530870437622070e+01
2.538923716545104980e+01
2.528001165390014648e+01
2.542495203018188477e+01
