2.571752095222473145e+01
2.551434493064880371e+01
2.574885845184326172e+01
2.553670907020568848e+01
2.541442346572875977e+01
2.576718759536743164e+01
2.544011902809143066e+01
2.559339690208435059e+01
2.588297295570373535e+01
2.583690547943115234e+01
2.571663594245910645e+01
2.550264048576354980e+01
2.556826281547546387e+01
2.611413407325744629e+01
2.571765828132629395e+01
2.569578981399536133e+01
2.563060736656188965e+01
2.572496390342712402e+01
2.566731977462768555e+01
2.576106524467468262e+01
2.546304655075073242e+01
2.538260507583618164e+01
2.585370588302612305e+01
2.572653412818908691e+01
2.582341241836547852e+01
2.539747953414916992e+01
2.564709019660949707e+01
2.596151113510131836e+01
2.562251591682434082e+01
2.562582421302795410e+01
2.565599727630615234e+01
2.541954994201660156e+01
2.549663758277893066e+01
2.565336012840270996e+01
2.617361211776733398e+01
2.584654068946838379e+01
2.598537421226501465e+01
2.569835114479064941e+01
2.543338465690612793e+01
2.541434669494628906e+01
2.545134067535400391e+01
2.546107029914855957e+01
2.542714428901672363e+01
3.259204196929931641e+01
2.541577482223510742e+01
2.571423125267028809e+01
2.578955578804016113e+01
2.566954874992370605e+01
2.562832903861999512e+01
2.584583163261413574e+01
2.542649412155151367e+01
2.555019426345825195e+01
2.545862841606140137e+01
2.531958174705505371e+01
2.585597467422485352e+01
2.530871200561523438e+01
2.560069179534912109e+01
2.572804880142211914e+01
2.563863754272460938e+01
2.583432769775390625e+01
2.555449080467224121e+01
2.567111706733703613e+01
2.578490853309631348e+01
2.552835035324096680e+01
2.549729061126708984e+01
2.583209824562072754e+01
2.562375640869140625e+01
2.563579845428466797e+01
2.572646975517272949e+01
2.553057885169982910e+01
2.550105237960815430e+01
2.552620244026184082e+01
2.552916049957275391e+01
2.542432785034179688e+01
2.561705541610717773e+01
2.524483633041381836e+01
2.547268366813659668e+01
2.552823495864868164e+01
2.540221953392028809e+01
2.548534679412841797e+01
2.582095289230346680e+01
2.530932331085205078e+01
2.551980090141296387e+01
2.563679742813110352e+01
2.589011192321777344e+01
2.565421152114868164e+01
2.530204653739929199e+01
2.567200422286987305e+01
2.524401450157165527e+01
2.565037918090820312e+01
2.585458970069885254e+01
2.551663470268249512e+01
2.530261683464050293e+01
2.549345135688781738e+01
2.524304842948913574e+01
2.571191358566284180e+01
2.537479448318481445e+01
2.534689164161682129e+01
2.527184057235717773e+01
2.577336335182189941e+01
