3.771964550018310547e+00
3.511415481567382812e+00
3.510337829589843750e+00
3.492539644241333008e+00
3.511384010314941406e+00
3.513545036315917969e+00
3.488660573959350586e+00
3.566267490386962891e+00
3.491792678833007812e+00
3.498714447021484375e+00
3.489681005477905273e+00
3.503849506378173828e+00
3.488552808761596680e+00
3.517733812332153320e+00
3.511221408843994141e+00
3.518943071365356445e+00
3.512677192687988281e+00
3.499100923538208008e+00
3.498666524887084961e+00
3.514453411102294922e+00
3.500693559646606445e+00
3.497332572937011719e+00
3.499336242675781250e+00
3.521462917327880859e+00
3.494790792465209961e+00
3.500057458877563477e+00
3.502438783645629883e+00
3.503937005996704102e+00
3.503805875778198242e+00
3.497169017791748047e+00
3.497397899627685547e+00
3.491738319396972656e+00
3.498490333557128906e+00
3.510575294494628906e+00
3.515151977539062500e+00
3.503672599792480469e+00
3.486725568771362305e+00
3.505558252334594727e+00
3.510382413864135742e+00
3.515926122665405273e+00
3.497493505477905273e+00
3.496660470962524414e+00
3.496885538101196289e+00
5.334859371185302734e+00
3.501969099044799805e+00
3.519119501113891602e+00
3.492969512939453125e+00
3.493351936340332031e+00
3.494782686233520508e+00
3.500206232070922852e+00
3.495522022247314453e+00
3.497395515441894531e+00
3.513942718505859375e+00
3.519142627716064453e+00
3.502898454666137695e+00
3.493329048156738281e+00
3.497755765914916992e+00
3.491508007049560547e+00
3.517007350921630859e+00
3.491468667984008789e+00
3.496344566345214844e+00
3.495860338211059570e+00
3.514931201934814453e+00
3.496637821197509766e+00
3.489648818969726562e+00
3.521094560623168945e+00
3.504385709762573242e+00
3.487973690032958984e+00
3.512953042984008789e+00
3.505093097686767578e+00
3.494589805603027344e+00
3.496607780456542969e+00
3.484426021575927734e+00
3.497645139694213867e+00
3.516040325164794922e+00
3.485981941223144531e+00
3.496069192886352539e+00
3.487003087997436523e+00
3.510782718658447266e+00
3.482938051223754883e+00
3.492048025131225586e+00
3.486224889755249023e+00
3.501961708068847656e+00
3.481115579605102539e+00
3.489232778549194336e+00
3.488918066024780273e+00
3.489207744598388672e+00
3.488466739654541016e+00
3.480916023254394531e+00
3.488767862319946289e+00
3.497267007827758789e+00
3.493980646133422852e+00
3.511544942855834961e+00
3.490064144134521484e+00
3.505381584167480469e+00
3.509878396987915039e+00
3.492055654525756836e+00
3.486424922943115234e+00
3.491121053695678711e+00
3.491412401199340820e+00
