3.822323083877563477e+00
3.553293228149414062e+00
3.543273687362670898e+00
3.535094022750854492e+00
3.553978919982910156e+00
3.554005622863769531e+00
3.531136989593505859e+00
3.564952611923217773e+00
3.518694639205932617e+00
3.532590627670288086e+00
3.533781290054321289e+00
3.550656080245971680e+00
3.555819749832153320e+00
3.539726018905639648e+00
3.527595520019531250e+00
3.539536952972412109e+00
3.544645786285400391e+00
3.551475524902343750e+00
3.540497541427612305e+00
3.544467926025390625e+00
3.529554367065429688e+00
3.519138336181640625e+00
3.530865907669067383e+00
3.525390625000000000e+00
3.529247522354125977e+00
3.538280963897705078e+00
3.530891418457031250e+00
3.546587705612182617e+00
3.524085044860839844e+00
3.517946243286132812e+00
3.560867071151733398e+00
3.538596630096435547e+00
3.541448593139648438e+00
3.521357297897338867e+00
3.538108825683593750e+00
3.548613309860229492e+00
3.501518011093139648e+00
3.550546884536743164e+00
3.489913463592529297e+00
3.477516889572143555e+00
3.499176025390625000e+00
3.481483697891235352e+00
3.493594408035278320e+00
5.211536884307861328e+00
3.464979410171508789e+00
3.519279956817626953e+00
3.512338161468505859e+00
3.497757673263549805e+00
3.507691860198974609e+00
3.528997421264648438e+00
3.517344951629638672e+00
3.505285501480102539e+00
3.489420652389526367e+00
3.492396593093872070e+00
3.522810459136962891e+00
3.500724077224731445e+00
3.504673480987548828e+00
3.496089935302734375e+00
3.502506017684936523e+00
3.523700237274169922e+00
3.504328727722167969e+00
3.512024164199829102e+00
3.487437725067138672e+00
3.512269258499145508e+00
3.470173358917236328e+00
3.480603218078613281e+00
3.490931987762451172e+00
3.498700141906738281e+00
3.495039224624633789e+00
3.481033086776733398e+00
3.464770555496215820e+00
3.493941307067871094e+00
3.472664833068847656e+00
3.477615356445312500e+00
3.492563724517822266e+00
3.486662626266479492e+00
3.491173744201660156e+00
3.483169794082641602e+00
3.486518859863281250e+00
3.487888336181640625e+00
3.495228767395019531e+00
3.481387853622436523e+00
3.472575664520263672e+00
3.467766523361206055e+00
3.491209506988525391e+00
3.490799903869628906e+00
3.477251768112182617e+00
3.492308616638183594e+00
3.477422237396240234e+00
3.498760700225830078e+00
3.485781431198120117e+00
3.516198158264160156e+00
3.486838102340698242e+00
3.496443033218383789e+00
3.492716312408447266e+00
3.470643758773803711e+00
3.493527889251708984e+00
3.489750862121582031e+00
3.488551139831542969e+00
3.491068601608276367e+00
