3.190669298171997070e+00
2.890166282653808594e+00
2.883460044860839844e+00
2.884493827819824219e+00
2.880848407745361328e+00
2.873524188995361328e+00
2.895558595657348633e+00
2.881699085235595703e+00
2.899764776229858398e+00
2.893636703491210938e+00
2.899935722351074219e+00
2.904947280883789062e+00
2.884790420532226562e+00
2.870342254638671875e+00
2.897877454757690430e+00
2.898008584976196289e+00
2.884779691696166992e+00
2.897238254547119141e+00
2.880150794982910156e+00
2.883894920349121094e+00
2.902368545532226562e+00
2.898842811584472656e+00
2.884022474288940430e+00
2.882445812225341797e+00
2.885407686233520508e+00
2.898957014083862305e+00
2.892807245254516602e+00
2.877517700195312500e+00
2.885012626647949219e+00
2.899991989135742188e+00
2.880996227264404297e+00
2.886025667190551758e+00
2.906413555145263672e+00
2.884889841079711914e+00
2.907374382019042969e+00
2.885955810546875000e+00
2.901217937469482422e+00
2.884226799011230469e+00
2.878434896469116211e+00
2.875489234924316406e+00
2.883144378662109375e+00
2.887561082839965820e+00
2.884396314620971680e+00
3.127434015274047852e+00
2.878500938415527344e+00
2.878165006637573242e+00
2.885865211486816406e+00
2.905295610427856445e+00
2.881622076034545898e+00
2.882445335388183594e+00
2.888726949691772461e+00
2.880032300949096680e+00
2.885392665863037109e+00
2.882850885391235352e+00
2.899187564849853516e+00
2.873368263244628906e+00
2.879478931427001953e+00
2.879466772079467773e+00
2.885282993316650391e+00
2.897479295730590820e+00
2.877641201019287109e+00
2.875595331192016602e+00
2.888109207153320312e+00
2.876986503601074219e+00
2.908150672912597656e+00
2.880252599716186523e+00
2.875235795974731445e+00
2.880569458007812500e+00
2.880925893783569336e+00
2.889842510223388672e+00
2.888348102569580078e+00
2.889529466629028320e+00
2.875282287597656250e+00
2.880633592605590820e+00
2.870471954345703125e+00
2.878671169281005859e+00
2.887994766235351562e+00
2.879099845886230469e+00
2.876204967498779297e+00
2.893895149230957031e+00
2.879076004028320312e+00
2.876709938049316406e+00
2.889373302459716797e+00
2.924975156784057617e+00
2.880228281021118164e+00
2.884952783584594727e+00
2.878871679306030273e+00
2.888421297073364258e+00
2.880124092102050781e+00
2.885304450988769531e+00
2.876312017440795898e+00
2.877934455871582031e+00
2.874579429626464844e+00
2.897604703903198242e+00
2.878559112548828125e+00
2.875887393951416016e+00
2.882400274276733398e+00
2.875729084014892578e+00
2.879817247390747070e+00
2.867540359497070312e+00
