1.929599999999999937e+01
2.670400000000000063e+01
2.996799999999999997e+01
3.697599999999999909e+01
4.068800000000000239e+01
4.438400000000000034e+01
4.671999999999999886e+01
4.992000000000000171e+01
5.335999999999999943e+01
5.550399999999999778e+01
5.721600000000000108e+01
5.950399999999999778e+01
6.099199999999999733e+01
6.299199999999999733e+01
6.417600000000000193e+01
6.609600000000000364e+01
6.619199999999999307e+01
6.612800000000000011e+01
6.728000000000000114e+01
6.871999999999999886e+01
6.891200000000000614e+01
6.955200000000000671e+01
6.955200000000000671e+01
6.950400000000000489e+01
7.036799999999999500e+01
7.068800000000000239e+01
7.036799999999999500e+01
7.169599999999999795e+01
7.049599999999999511e+01
7.151999999999999602e+01
7.159999999999999432e+01
7.166400000000000148e+01
7.108799999999999386e+01
7.209600000000000364e+01
7.171200000000000330e+01
7.260800000000000409e+01
7.196800000000000352e+01
7.190399999999999636e+01
7.273600000000000421e+01
7.241599999999999682e+01
7.198399999999999466e+01
7.220799999999999841e+01
7.273600000000000421e+01
7.287999999999999545e+01
7.200000000000000000e+01
7.271999999999999886e+01
7.283199999999999363e+01
7.252800000000000580e+01
7.267199999999999704e+01
7.318399999999999750e+01
7.339199999999999591e+01
7.286400000000000432e+01
7.307200000000000273e+01
7.385599999999999454e+01
7.342400000000000659e+01
7.355200000000000671e+01
7.351999999999999602e+01
7.380800000000000693e+01
7.348799999999999955e+01
7.304000000000000625e+01
7.302400000000000091e+01
7.312000000000000455e+01
7.340800000000000125e+01
7.351999999999999602e+01
7.339199999999999591e+01
7.359999999999999432e+01
7.308799999999999386e+01
7.374399999999999977e+01
7.407999999999999829e+01
7.380800000000000693e+01
7.443200000000000216e+01
7.359999999999999432e+01
7.449599999999999511e+01
7.427200000000000557e+01
7.475199999999999534e+01
7.452800000000000580e+01
7.444799999999999329e+01
7.500799999999999557e+01
7.444799999999999329e+01
7.342400000000000659e+01
7.390399999999999636e+01
7.454399999999999693e+01
7.427200000000000557e+01
7.481600000000000250e+01
7.487999999999999545e+01
7.423999999999999488e+01
7.465600000000000591e+01
7.564799999999999613e+01
7.499200000000000443e+01
7.465600000000000591e+01
7.471999999999999886e+01
7.372799999999999443e+01
7.415999999999999659e+01
7.515200000000000102e+01
7.476800000000000068e+01
7.481600000000000250e+01
7.555200000000000671e+01
7.438400000000000034e+01
7.497599999999999909e+01
7.415999999999999659e+01
