6.116783618927001953e-01
6.191785335540771484e-01
6.080989837646484375e-01
6.080012321472167969e-01
6.075158119201660156e-01
6.074483394622802734e-01
6.054935455322265625e-01
6.082172393798828125e-01
6.067206859588623047e-01
6.084458827972412109e-01
6.012771129608154297e-01
6.131329536437988281e-01
6.016490459442138672e-01
6.078064441680908203e-01
6.029536724090576172e-01
6.171593666076660156e-01
6.059296131134033203e-01
6.070816516876220703e-01
6.049654483795166016e-01
6.097528934478759766e-01
6.084725856781005859e-01
6.011376380920410156e-01
6.104600429534912109e-01
6.027605533599853516e-01
6.110899448394775391e-01
6.036124229431152344e-01
6.098072528839111328e-01
6.039299964904785156e-01
6.076364517211914062e-01
6.041865348815917969e-01
6.039891242980957031e-01
6.036486625671386719e-01
6.049911975860595703e-01
6.059980392456054688e-01
6.034724712371826172e-01
6.064710617065429688e-01
5.992174148559570312e-01
6.102063655853271484e-01
5.976891517639160156e-01
6.042559146881103516e-01
6.005287170410156250e-01
6.042695045471191406e-01
6.028769016265869141e-01
2.343437194824218750e+00
6.011700630187988281e-01
6.071338653564453125e-01
6.068506240844726562e-01
6.037657260894775391e-01
6.039147377014160156e-01
6.062207221984863281e-01
6.062126159667968750e-01
6.020708084106445312e-01
6.067671775817871094e-01
6.030814647674560547e-01
6.134283542633056641e-01
6.001098155975341797e-01
6.034507751464843750e-01
6.029133796691894531e-01
6.048805713653564453e-01
6.032669544219970703e-01
6.073896884918212891e-01
6.044013500213623047e-01
6.024045944213867188e-01
6.078524589538574219e-01
5.977189540863037109e-01
6.071186065673828125e-01
6.031591892242431641e-01
6.042845249176025391e-01
6.027276515960693359e-01
6.081407070159912109e-01
6.002690792083740234e-01
6.025781631469726562e-01
5.999832153320312500e-01
6.167211532592773438e-01
6.033682823181152344e-01
6.003174781799316406e-01
6.064209938049316406e-01
5.980865955352783203e-01
6.059985160827636719e-01
5.968155860900878906e-01
6.049249172210693359e-01
5.967056751251220703e-01
6.041553020477294922e-01
5.996892452239990234e-01
6.023819446563720703e-01
6.011548042297363281e-01
6.027562618255615234e-01
6.016113758087158203e-01
5.984337329864501953e-01
6.061789989471435547e-01
5.984079837799072266e-01
6.099815368652343750e-01
5.985236167907714844e-01
6.019959449768066406e-01
6.025903224945068359e-01
6.040594577789306641e-01
6.026582717895507812e-01
6.010911464691162109e-01
6.040606498718261719e-01
5.996181964874267578e-01
