2.083768115310669078e+00
1.839136151161193888e+00
1.712747418670654387e+00
1.586019557266235447e+00
1.461947758789062579e+00
1.335090610809326117e+00
1.250991815795898354e+00
1.191751806373596123e+00
1.113717673568725530e+00
1.097146035804748454e+00
1.042040842285156144e+00
1.021358721179962181e+00
9.774839195632935018e-01
9.759698775482177346e-01
9.435750998878479345e-01
9.216389022827148336e-01
8.945186659240722538e-01
8.911549021530151826e-01
8.831231240844726882e-01
8.977124425697327048e-01
8.824560253524780240e-01
8.585303614807129335e-01
8.822382645797729461e-01
8.740169599914551224e-01
8.587724520111084114e-01
8.459620181274414286e-01
8.542472752761840482e-01
8.594471601676940686e-01
8.167007824897766222e-01
8.323180998420715015e-01
8.161449884605407323e-01
8.279230078887939159e-01
8.226300108337402106e-01
8.088396760845184552e-01
8.330107076072692518e-01
8.205312915802002172e-01
8.072042968368530191e-01
8.107396498489379821e-01
7.908912422180175428e-01
8.140499627304077501e-01
7.732523638820648637e-01
7.805746375274658089e-01
7.852285540771484218e-01
7.937517259979247619e-01
7.685251531219482457e-01
7.974413108062744504e-01
8.048316405296325193e-01
7.851926973342895355e-01
7.830998691940307399e-01
7.590437382125854171e-01
7.842888488960265692e-01
7.966541674041748289e-01
7.896563266754150767e-01
7.825062583732604882e-01
7.587746046781539411e-01
7.721525223541260141e-01
7.756679059028624978e-01
7.811938903808594015e-01
7.734847484397888717e-01
7.950620283508300634e-01
7.620966627788543502e-01
7.758183812522888578e-01
7.569585866737366109e-01
7.828491405487060240e-01
7.597925411605834789e-01
7.673677818679809359e-01
7.624427293395995564e-01
7.509767214202880403e-01
7.903474377250671035e-01
7.671857753372192112e-01
7.878149484443665029e-01
7.341139863395691467e-01
7.458011454296111786e-01
7.593631240463256660e-01
7.339508362388610374e-01
7.499178962135314430e-01
7.621726630020141391e-01
7.590887831306457612e-01
7.717325075054168870e-01
7.458863427734374607e-01
7.613916666984558157e-01
7.640054354095459077e-01
7.429692979431152811e-01
7.798042119598388444e-01
7.331027380371093471e-01
7.642843079757690727e-01
7.540443293952941994e-01
7.576787992477417299e-01
7.481903541755676734e-01
7.623206472015381374e-01
7.349717958450316946e-01
7.596956821441650520e-01
7.791325534820556786e-01
7.753002861976623361e-01
7.446129847526550272e-01
7.470881606292724131e-01
7.300702084732055841e-01
7.507007540893554376e-01
7.545727963638305669e-01
7.708715622138977430e-01
