6.093420982360839844e-01
6.109504699707031250e-01
6.073424816131591797e-01
6.069214344024658203e-01
6.070220470428466797e-01
6.076912879943847656e-01
6.065666675567626953e-01
6.078314781188964844e-01
6.061260700225830078e-01
6.077888011932373047e-01
6.007230281829833984e-01
6.135096549987792969e-01
6.012952327728271484e-01
6.091268062591552734e-01
6.025769710540771484e-01
6.167778968811035156e-01
6.069681644439697266e-01
6.064591407775878906e-01
6.047067642211914062e-01
6.093049049377441406e-01
6.084520816802978516e-01
5.996785163879394531e-01
6.098845005035400391e-01
6.032392978668212891e-01
6.108756065368652344e-01
6.030328273773193359e-01
6.112163066864013672e-01
6.036965847015380859e-01
6.068248748779296875e-01
6.036019325256347656e-01
6.052155494689941406e-01
6.028206348419189453e-01
6.056687831878662109e-01
6.051840782165527344e-01
6.029462814331054688e-01
6.058361530303955078e-01
5.997765064239501953e-01
6.111578941345214844e-01
5.997073650360107422e-01
6.053197383880615234e-01
6.008379459381103516e-01
6.056694984436035156e-01
6.037013530731201172e-01
2.236580133438110352e+00
6.024410724639892578e-01
6.074020862579345703e-01
6.075229644775390625e-01
6.056251525878906250e-01
6.045033931732177734e-01
6.058804988861083984e-01
6.064343452453613281e-01
6.035034656524658203e-01
6.081926822662353516e-01
6.044728755950927734e-01
6.138117313385009766e-01
6.018605232238769531e-01
6.040542125701904297e-01
6.041650772094726562e-01
6.077363491058349609e-01
6.034655570983886719e-01
6.096782684326171875e-01
6.050651073455810547e-01
6.049532890319824219e-01
6.103844642639160156e-01
5.994830131530761719e-01
6.083064079284667969e-01
6.026270389556884766e-01
6.061410903930664062e-01
6.036844253540039062e-01
6.088457107543945312e-01
6.016209125518798828e-01
6.054525375366210938e-01
6.015152931213378906e-01
6.181957721710205078e-01
6.056871414184570312e-01
6.007146835327148438e-01
6.066644191741943359e-01
5.992858409881591797e-01
6.091167926788330078e-01
5.986008644104003906e-01
6.071410179138183594e-01
5.983343124389648438e-01
6.060235500335693359e-01
6.013686656951904297e-01
6.037569046020507812e-01
6.023738384246826172e-01
6.060984134674072266e-01
6.033518314361572266e-01
5.997865200042724609e-01
6.073615550994873047e-01
5.999319553375244141e-01
6.103093624114990234e-01
6.009352207183837891e-01
6.052885055541992188e-01
6.037306785583496094e-01
6.056153774261474609e-01
6.042227745056152344e-01
6.023156642913818359e-01
6.050331592559814453e-01
6.010997295379638672e-01
