2.048944613380432322e+00
1.788320213890075783e+00
1.639072796859741166e+00
1.529245761489868238e+00
1.382369541358947851e+00
1.246647048263549884e+00
1.153226335678100511e+00
1.078171544952392535e+00
1.008269356212615930e+00
9.635005842590331770e-01
8.992443368721008135e-01
8.885255932998656903e-01
8.569762100601195920e-01
8.562841444778442890e-01
8.211575876808167029e-01
8.110303771972656728e-01
7.918978479766846101e-01
7.847448078346251910e-01
7.559846213912964075e-01
7.657902671718597176e-01
7.632285868453979605e-01
7.623015089988708359e-01
7.576045774459838622e-01
7.258912269210815449e-01
7.001432289028167721e-01
7.223945141506195045e-01
7.124300177001953172e-01
7.164530080032348591e-01
7.138457040023803435e-01
6.891359685897827658e-01
6.979364109611511102e-01
6.856078930473327171e-01
6.897749589538574311e-01
7.009935351562499584e-01
6.755060671234131009e-01
6.827055262565613347e-01
6.763374262428283323e-01
6.822902400779724541e-01
6.682343401718139342e-01
6.686775834846496736e-01
6.585996848678589144e-01
6.785375277328491439e-01
6.616895614337920950e-01
6.761408226013183587e-01
6.463441924285888707e-01
6.531548541641235550e-01
6.610769778442382449e-01
6.532560802841186343e-01
6.404216561698913290e-01
6.740334551620483783e-01
6.577441749858856657e-01
6.626754668426513284e-01
6.520773296928406015e-01
6.541753493881226067e-01
6.552403735160827747e-01
6.503346650981902677e-01
6.444391676330566421e-01
6.511883947944641093e-01
6.220461366653442514e-01
6.465012774085998615e-01
6.518769925689696931e-01
6.489073400688171178e-01
6.395954888534546301e-01
6.255530503273010190e-01
6.575049606704711502e-01
6.434604224967956920e-01
6.389849454689026098e-01
6.315206225490570535e-01
6.307806968688964844e-01
6.446773180198669406e-01
6.306509030342102307e-01
6.439038599967956689e-01
6.248923484039307086e-01
6.447075562286377348e-01
6.417546648597717285e-01
6.344367352581024022e-01
6.107895105934143531e-01
6.450387323379516147e-01
6.241201007556915759e-01
6.292186726379394024e-01
6.263056555747985588e-01
6.307122812652588006e-01
6.224944783782958568e-01
6.342036436271667466e-01
6.258161474227905696e-01
6.375456407165527306e-01
6.118289200973511255e-01
6.204609393119812077e-01
6.220984951400756469e-01
6.452452143669128448e-01
6.241365947341919185e-01
6.236700354576111271e-01
6.297446271324157463e-01
6.076713402557373245e-01
6.457615553092956873e-01
6.150954510116577456e-01
6.334157358169555385e-01
6.402118337440491080e-01
6.256982014656067292e-01
6.103979156684875562e-01
