2.147200000000000131e+01
2.983999999999999986e+01
3.526400000000000290e+01
4.091199999999999903e+01
4.542399999999999949e+01
5.171200000000000330e+01
5.566400000000000148e+01
5.884799999999999898e+01
6.084799999999999898e+01
6.289600000000000080e+01
6.412800000000000011e+01
6.611199999999999477e+01
6.486400000000000432e+01
6.678400000000000603e+01
6.788800000000000523e+01
6.691200000000000614e+01
6.873600000000000421e+01
6.820799999999999841e+01
6.924800000000000466e+01
6.902400000000000091e+01
6.992000000000000171e+01
7.052800000000000580e+01
7.011199999999999477e+01
7.086400000000000432e+01
7.000000000000000000e+01
7.049599999999999511e+01
7.150400000000000489e+01
7.161599999999999966e+01
7.201600000000000534e+01
7.126399999999999579e+01
7.177599999999999625e+01
7.150400000000000489e+01
7.164799999999999613e+01
7.235200000000000387e+01
7.214400000000000546e+01
7.177599999999999625e+01
7.240000000000000568e+01
7.270399999999999352e+01
7.271999999999999886e+01
7.286400000000000432e+01
7.215999999999999659e+01
7.260800000000000409e+01
7.283199999999999363e+01
7.281600000000000250e+01
7.291200000000000614e+01
7.310399999999999920e+01
7.281600000000000250e+01
7.275199999999999534e+01
7.323199999999999932e+01
7.369599999999999795e+01
7.201600000000000534e+01
7.332800000000000296e+01
7.284799999999999898e+01
7.334399999999999409e+01
7.345600000000000307e+01
7.259199999999999875e+01
7.337600000000000477e+01
7.321599999999999397e+01
7.390399999999999636e+01
7.380800000000000693e+01
7.364799999999999613e+01
7.300799999999999557e+01
7.339199999999999591e+01
7.284799999999999898e+01
7.379200000000000159e+01
7.291200000000000614e+01
7.339199999999999591e+01
7.324800000000000466e+01
7.371200000000000330e+01
7.419199999999999307e+01
7.451200000000000045e+01
7.390399999999999636e+01
7.513599999999999568e+01
7.414400000000000546e+01
7.384000000000000341e+01
7.379200000000000159e+01
7.351999999999999602e+01
7.348799999999999955e+01
7.393600000000000705e+01
7.369599999999999795e+01
7.364799999999999613e+01
7.372799999999999443e+01
7.361599999999999966e+01
7.436799999999999500e+01
7.262399999999999523e+01
7.406399999999999295e+01
7.417600000000000193e+01
7.377599999999999625e+01
7.406399999999999295e+01
7.368000000000000682e+01
7.308799999999999386e+01
7.401600000000000534e+01
7.459199999999999875e+01
7.414400000000000546e+01
7.412800000000000011e+01
7.337600000000000477e+01
7.335999999999999943e+01
7.385599999999999454e+01
7.376000000000000512e+01
7.479999999999999716e+01
