6.106040477752685547e-01
6.107883453369140625e-01
6.072266101837158203e-01
6.067276000976562500e-01
6.068327426910400391e-01
6.075501441955566406e-01
6.064009666442871094e-01
6.076622009277343750e-01
6.048927307128906250e-01
6.077113151550292969e-01
6.006083488464355469e-01
6.133899688720703125e-01
6.011388301849365234e-01
6.089966297149658203e-01
6.024260520935058594e-01
6.165478229522705078e-01
6.067852973937988281e-01
6.063323020935058594e-01
6.044862270355224609e-01
6.091749668121337891e-01
6.082637310028076172e-01
6.005878448486328125e-01
6.098954677581787109e-01
6.030814647674560547e-01
6.106979846954345703e-01
6.028549671173095703e-01
6.110548973083496094e-01
6.035635471343994141e-01
6.066167354583740234e-01
6.034920215606689453e-01
6.050124168395996094e-01
6.027204990386962891e-01
6.055254936218261719e-01
6.049895286560058594e-01
6.027891635894775391e-01
6.056571006774902344e-01
5.995483398437500000e-01
6.109311580657958984e-01
5.994272232055664062e-01
6.050770282745361328e-01
6.006257534027099609e-01
6.053559780120849609e-01
6.034336090087890625e-01
2.236459493637084961e+00
6.021666526794433594e-01
6.060063838958740234e-01
6.073002815246582031e-01
6.053671836853027344e-01
6.043322086334228516e-01
6.056940555572509766e-01
6.062476634979248047e-01
6.032178401947021484e-01
6.078264713287353516e-01
6.041386127471923828e-01
6.136319637298583984e-01
6.016297340393066406e-01
6.038229465484619141e-01
6.039316654205322266e-01
6.074645519256591797e-01
6.032516956329345703e-01
6.093335151672363281e-01
6.048421859741210938e-01
6.046943664550781250e-01
6.101186275482177734e-01
5.992238521575927734e-01
6.081449985504150391e-01
6.023535728454589844e-01
6.058626174926757812e-01
6.034407615661621094e-01
6.084759235382080078e-01
6.013963222503662109e-01
6.052284240722656250e-01
6.013352870941162109e-01
6.178874969482421875e-01
6.054196357727050781e-01
6.004416942596435547e-01
6.073241233825683594e-01
5.990722179412841797e-01
6.088702678680419922e-01
5.982758998870849609e-01
6.067252159118652344e-01
5.980203151702880859e-01
6.045467853546142578e-01
6.010847091674804688e-01
6.035339832305908203e-01
6.021335124969482422e-01
6.058709621429443359e-01
6.030819416046142578e-01
5.995018482208251953e-01
6.070713996887207031e-01
5.996327400207519531e-01
6.100275516510009766e-01
6.006484031677246094e-01
6.050257682800292969e-01
6.034405231475830078e-01
6.052978038787841797e-01
6.039805412292480469e-01
6.020710468292236328e-01
6.047470569610595703e-01
6.008086204528808594e-01
