3.176733016967773438e+00
2.917154312133789062e+00
2.911870956420898438e+00
2.907620191574096680e+00
2.912619829177856445e+00
2.916455507278442383e+00
2.919766187667846680e+00
2.910202980041503906e+00
2.933324813842773438e+00
2.911399364471435547e+00
2.924730777740478516e+00
2.915844917297363281e+00
2.913604974746704102e+00
2.909992456436157227e+00
2.915335655212402344e+00
2.916290283203125000e+00
2.906436443328857422e+00
2.926026344299316406e+00
2.910635709762573242e+00
2.916607379913330078e+00
2.912964105606079102e+00
2.914881229400634766e+00
2.912367105484008789e+00
2.909675121307373047e+00
2.917104244232177734e+00
2.936438083648681641e+00
2.913882017135620117e+00
2.915200233459472656e+00
2.914086818695068359e+00
2.904632329940795898e+00
2.912164926528930664e+00
2.927516460418701172e+00
2.923702239990234375e+00
2.920983076095581055e+00
2.915293216705322266e+00
2.906869888305664062e+00
2.919135808944702148e+00
2.915456533432006836e+00
2.906500101089477539e+00
2.924203872680664062e+00
2.921905755996704102e+00
2.922811985015869141e+00
2.913846492767333984e+00
3.532586336135864258e+00
2.902020692825317383e+00
2.910851001739501953e+00
2.912817955017089844e+00
2.909489870071411133e+00
2.914800167083740234e+00
2.903307199478149414e+00
2.912850141525268555e+00
2.920395612716674805e+00
2.912506341934204102e+00
2.911249399185180664e+00
2.926072120666503906e+00
2.919821023941040039e+00
2.909560680389404297e+00
2.920056581497192383e+00
2.930925369262695312e+00
2.917777538299560547e+00
2.924903631210327148e+00
2.923608779907226562e+00
2.923747539520263672e+00
2.908730030059814453e+00
2.905529260635375977e+00
2.906625747680664062e+00
2.909719467163085938e+00
2.914237022399902344e+00
2.910970926284790039e+00
2.918977260589599609e+00
2.920984029769897461e+00
2.905821800231933594e+00
2.925206899642944336e+00
2.914340972900390625e+00
2.910958290100097656e+00
2.909255981445312500e+00
2.933804035186767578e+00
2.904577970504760742e+00
2.900763750076293945e+00
2.906816005706787109e+00
2.918696641921997070e+00
2.910031318664550781e+00
2.909188270568847656e+00
2.895790815353393555e+00
2.903643369674682617e+00
2.910438299179077148e+00
2.928812265396118164e+00
2.921475648880004883e+00
2.899442195892333984e+00
2.917527675628662109e+00
2.907243728637695312e+00
2.908531904220581055e+00
2.917205333709716797e+00
2.907728910446166992e+00
2.913672924041748047e+00
2.902527332305908203e+00
2.955260038375854492e+00
2.924934387207031250e+00
2.922581434249877930e+00
2.927318811416625977e+00
