2.571741199493408203e+01
2.551065468788146973e+01
2.558493900299072266e+01
2.566793608665466309e+01
2.539227938652038574e+01
2.562774872779846191e+01
2.538791894912719727e+01
2.559415411949157715e+01
2.565303611755371094e+01
2.544570875167846680e+01
2.565483617782592773e+01
2.550292658805847168e+01
2.537821650505065918e+01
2.557279920578002930e+01
2.572088193893432617e+01
2.580381345748901367e+01
2.554023408889770508e+01
2.562721538543701172e+01
2.574527120590209961e+01
2.564643073081970215e+01
2.547394585609436035e+01
2.539892911911010742e+01
2.570910596847534180e+01
2.603812384605407715e+01
2.558455491065979004e+01
2.565232896804809570e+01
2.564356732368469238e+01
2.579052519798278809e+01
2.542969250679016113e+01
2.538821649551391602e+01
2.553166365623474121e+01
2.542511367797851562e+01
2.539941048622131348e+01
2.580369710922241211e+01
2.579861783981323242e+01
2.584667325019836426e+01
2.574667763710021973e+01
2.576533198356628418e+01
2.569515609741210938e+01
2.564135575294494629e+01
2.551748466491699219e+01
2.545761251449584961e+01
2.594206237792968750e+01
3.226042890548706055e+01
2.544333481788635254e+01
2.587587237358093262e+01
2.572099971771240234e+01
2.529323506355285645e+01
2.591929626464843750e+01
2.569173073768615723e+01
2.542559170722961426e+01
2.555795264244079590e+01
2.545854949951171875e+01
2.568735194206237793e+01
2.619758605957031250e+01
2.546232843399047852e+01
2.551619458198547363e+01
2.560498762130737305e+01
2.567961382865905762e+01
2.596171879768371582e+01
2.574946141242980957e+01
2.566780233383178711e+01
2.561213922500610352e+01
2.537017798423767090e+01
2.545344424247741699e+01
2.533968400955200195e+01
2.575233840942382812e+01
2.536437082290649414e+01
2.572620916366577148e+01
2.538167905807495117e+01
2.551894831657409668e+01
2.527695703506469727e+01
2.579379606246948242e+01
2.558793520927429199e+01
2.559928488731384277e+01
2.540341210365295410e+01
2.548969244956970215e+01
2.575395107269287109e+01
2.561838340759277344e+01
2.553707718849182129e+01
2.550533223152160645e+01
2.528547477722167969e+01
2.570016980171203613e+01
2.535469961166381836e+01
2.571782159805297852e+01
2.532036018371582031e+01
2.529795455932617188e+01
2.593579554557800293e+01
2.530440855026245117e+01
2.546755123138427734e+01
2.556243181228637695e+01
2.537712407112121582e+01
2.569338989257812500e+01
2.577710866928100586e+01
2.546822047233581543e+01
2.544313812255859375e+01
2.537924790382385254e+01
2.562530755996704102e+01
2.540389347076416016e+01
2.523026847839355469e+01
