2.228800000000000026e+01
3.052799999999999869e+01
3.564800000000000324e+01
4.246399999999999864e+01
4.670400000000000063e+01
5.174399999999999977e+01
5.518399999999999750e+01
5.790400000000000347e+01
6.089600000000000080e+01
6.147200000000000131e+01
6.417600000000000193e+01
6.415999999999999659e+01
6.568000000000000682e+01
6.595199999999999818e+01
6.787199999999999989e+01
6.830400000000000205e+01
6.900799999999999557e+01
6.976000000000000512e+01
6.942400000000000659e+01
6.848000000000000398e+01
6.969599999999999795e+01
7.060800000000000409e+01
6.939199999999999591e+01
6.966400000000000148e+01
7.041599999999999682e+01
7.078400000000000603e+01
7.067199999999999704e+01
7.123199999999999932e+01
7.230400000000000205e+01
7.172799999999999443e+01
7.185599999999999454e+01
7.180800000000000693e+01
7.222400000000000375e+01
7.227200000000000557e+01
7.145600000000000307e+01
7.217600000000000193e+01
7.243200000000000216e+01
7.276800000000000068e+01
7.332800000000000296e+01
7.156799999999999784e+01
7.312000000000000455e+01
7.307200000000000273e+01
7.318399999999999750e+01
7.295999999999999375e+01
7.371200000000000330e+01
7.334399999999999409e+01
7.230400000000000205e+01
7.304000000000000625e+01
7.377599999999999625e+01
7.422400000000000375e+01
7.273600000000000421e+01
7.244799999999999329e+01
7.326399999999999579e+01
7.252800000000000580e+01
7.400000000000000000e+01
7.324800000000000466e+01
7.396800000000000352e+01
7.331199999999999761e+01
7.372799999999999443e+01
7.289600000000000080e+01
7.384000000000000341e+01
7.339199999999999591e+01
7.419199999999999307e+01
7.334399999999999409e+01
7.351999999999999602e+01
7.343999999999999773e+01
7.392000000000000171e+01
7.438400000000000034e+01
7.281600000000000250e+01
7.382399999999999807e+01
7.331199999999999761e+01
7.475199999999999534e+01
7.467199999999999704e+01
7.371200000000000330e+01
7.508799999999999386e+01
7.441599999999999682e+01
7.387199999999999989e+01
7.401600000000000534e+01
7.342400000000000659e+01
7.449599999999999511e+01
7.316800000000000637e+01
7.404800000000000182e+01
7.441599999999999682e+01
7.291200000000000614e+01
7.423999999999999488e+01
7.359999999999999432e+01
7.431999999999999318e+01
7.423999999999999488e+01
7.412800000000000011e+01
7.377599999999999625e+01
7.502400000000000091e+01
7.407999999999999829e+01
7.400000000000000000e+01
7.351999999999999602e+01
7.433599999999999852e+01
7.427200000000000557e+01
7.457599999999999341e+01
7.419199999999999307e+01
7.430400000000000205e+01
7.368000000000000682e+01
