2.042501295089721669e+00
1.774249521408081121e+00
1.630139274368286095e+00
1.493845593719482334e+00
1.345534127693176263e+00
1.217084656906127993e+00
1.123747236785888726e+00
1.052973620147705125e+00
9.910329212760925488e-01
9.656827394104003925e-01
9.094838601493835384e-01
8.881722404861450704e-01
8.646572691345214556e-01
8.361759691810607409e-01
8.214449295043945165e-01
7.920519855499267292e-01
7.881604586029052895e-01
7.751900298309326587e-01
7.820707388877868871e-01
7.558564934921264689e-01
7.528710511398315486e-01
7.470479769515990798e-01
7.334775613784789705e-01
7.211931973266602069e-01
7.257262437629700136e-01
7.135589429664611627e-01
7.051713337898254386e-01
7.210516364955902313e-01
6.876191353225707958e-01
6.992498892974853275e-01
6.958906638145446744e-01
6.855110921669006485e-01
6.999553548812865733e-01
6.893599533653259614e-01
6.855534264755248630e-01
7.060885555839538918e-01
6.728912250518799265e-01
6.725203671646118320e-01
6.776304123306274851e-01
6.608303716278076667e-01
6.599903921318054367e-01
6.554668415451049279e-01
6.419406308746338219e-01
6.649424650287628635e-01
6.390082172584533593e-01
6.532190528297424637e-01
6.525029775333404114e-01
6.502168954467772988e-01
6.405684661865234109e-01
6.571091005134582774e-01
6.377366506385803158e-01
6.621656987762450930e-01
6.382553327751159244e-01
6.539083012771605974e-01
6.460374858856201552e-01
6.276089870262145931e-01
6.458841474914550629e-01
6.369426655197143461e-01
6.333274499130249202e-01
6.410198798942565723e-01
6.234745063972473300e-01
6.084429272079467932e-01
6.282563006114959547e-01
6.312112261772155897e-01
6.335394264602660641e-01
6.294263046836853226e-01
6.265310548782349054e-01
6.088800433349609298e-01
6.398839177894591890e-01
6.307611893653869428e-01
6.375888311386108676e-01
6.292961854362487673e-01
6.356080805587768223e-01
6.425228964996337888e-01
6.382691228866577138e-01
6.152150384521484217e-01
6.312377852058410621e-01
6.128542840576172157e-01
6.404777761077881104e-01
6.316683370018005839e-01
6.406278360366821634e-01
6.322837789154053256e-01
6.293429454898834541e-01
6.044563248109817710e-01
5.940089562416076552e-01
6.174589800834655584e-01
6.432313374090194991e-01
5.930408952045440607e-01
6.220823500823974284e-01
5.924005431747436656e-01
6.102798919486999152e-01
6.192348829698562929e-01
6.230268264675140610e-01
6.332800178337096852e-01
6.299465020561217932e-01
6.190351475334167075e-01
6.252544990539550263e-01
6.143967123794555896e-01
6.148615887069701635e-01
6.019840919685364167e-01
