1.915200000000000102e+01
2.583999999999999986e+01
3.014399999999999835e+01
3.511999999999999744e+01
3.955199999999999960e+01
4.332800000000000296e+01
4.628799999999999670e+01
4.974399999999999977e+01
5.262400000000000233e+01
5.515200000000000102e+01
5.710399999999999920e+01
5.948799999999999955e+01
6.137599999999999767e+01
6.131199999999999761e+01
6.483199999999999363e+01
6.515200000000000102e+01
6.534399999999999409e+01
6.657599999999999341e+01
6.716800000000000637e+01
6.780800000000000693e+01
6.804800000000000182e+01
6.804800000000000182e+01
6.980800000000000693e+01
6.823999999999999488e+01
6.947199999999999420e+01
7.056000000000000227e+01
7.147199999999999420e+01
7.081600000000000250e+01
7.105599999999999739e+01
7.148799999999999955e+01
7.143999999999999773e+01
7.215999999999999659e+01
7.104000000000000625e+01
7.209600000000000364e+01
7.217600000000000193e+01
7.219199999999999307e+01
7.131199999999999761e+01
7.260800000000000409e+01
7.132800000000000296e+01
7.279999999999999716e+01
7.171200000000000330e+01
7.271999999999999886e+01
7.270399999999999352e+01
7.328000000000000114e+01
7.307200000000000273e+01
7.243200000000000216e+01
7.304000000000000625e+01
7.305599999999999739e+01
7.359999999999999432e+01
7.297599999999999909e+01
7.307200000000000273e+01
7.343999999999999773e+01
7.271999999999999886e+01
7.343999999999999773e+01
7.278400000000000603e+01
7.403199999999999648e+01
7.345600000000000307e+01
7.329600000000000648e+01
7.377599999999999625e+01
7.379200000000000159e+01
7.368000000000000682e+01
7.436799999999999500e+01
7.401600000000000534e+01
7.435200000000000387e+01
7.351999999999999602e+01
7.343999999999999773e+01
7.400000000000000000e+01
7.459199999999999875e+01
7.351999999999999602e+01
7.366400000000000148e+01
7.359999999999999432e+01
7.332800000000000296e+01
7.398399999999999466e+01
7.398399999999999466e+01
7.377599999999999625e+01
7.371200000000000330e+01
7.454399999999999693e+01
7.454399999999999693e+01
7.425600000000000023e+01
7.441599999999999682e+01
7.401600000000000534e+01
7.499200000000000443e+01
7.540800000000000125e+01
7.374399999999999977e+01
7.348799999999999955e+01
7.499200000000000443e+01
7.456000000000000227e+01
7.359999999999999432e+01
7.512000000000000455e+01
7.481600000000000250e+01
7.475199999999999534e+01
7.467199999999999704e+01
7.481600000000000250e+01
7.462399999999999523e+01
7.491200000000000614e+01
7.487999999999999545e+01
7.369599999999999795e+01
7.521599999999999397e+01
7.438400000000000034e+01
7.456000000000000227e+01
