1.628800000122070202e+01
2.470399999755859355e+01
2.951999999908447236e+01
3.535999999511718528e+01
3.849599999389648275e+01
4.161600000732421734e+01
4.459199999999999875e+01
4.699199999389648497e+01
5.006399998779296823e+01
5.169599998779296612e+01
5.382400000610351753e+01
5.515199998657226388e+01
5.809600000244140716e+01
5.918399999999999750e+01
6.184000000244140693e+01
6.185600000732421933e+01
6.390399997314452918e+01
6.510399999267578153e+01
6.575999997314453083e+01
6.715200001708984701e+01
6.774400001464843513e+01
6.862399998535155987e+01
6.974399999267578210e+01
7.030400000488280909e+01
7.137600000488281182e+01
7.163200001464844036e+01
7.291200000488281319e+01
7.358400000732422086e+01
7.387199998535156453e+01
7.481599999511718124e+01
7.561599997558593600e+01
7.588799997314453094e+01
7.742399997558594293e+01
7.744000000488281898e+01
7.713599997558593202e+01
7.777599997558593259e+01
7.867200000488281830e+01
7.939199997558593225e+01
7.958399998535156783e+01
7.940799999755859062e+01
8.007999997558593464e+01
8.086399998535156897e+01
8.174399999755858914e+01
8.046400000488280568e+01
8.211200001708984075e+01
8.191999999755859108e+01
8.171199998535156794e+01
8.217599997558593827e+01
8.193600000732422473e+01
8.249600000732421279e+01
8.296000000488281501e+01
8.316799997558594271e+01
8.283199997802734060e+01
8.284800001708984496e+01
8.286399998535156897e+01
8.337599998779296584e+01
8.344000001708984371e+01
8.404800000732421950e+01
8.372799998779296970e+01
8.439999997802733844e+01
8.435199999755859324e+01
8.480000001708984314e+01
8.508800000732422575e+01
8.499200000732422211e+01
8.462399999755859881e+01
8.488000000732421313e+01
8.521599997558594453e+01
8.470400001464844308e+01
8.548800001708984553e+01
8.534399998779296936e+01
8.571199997802735027e+01
8.544000000732421540e+01
8.606399997558594350e+01
8.633600000488280557e+01
8.702399997802734788e+01
8.580799997802733969e+01
8.636800000976562330e+01
8.696000000732422563e+01
8.600000000732421768e+01
8.644800001708983928e+01
8.611199999755859835e+01
8.707199998779296379e+01
8.662399998779297050e+01
8.729600000732422416e+01
8.615999999755860017e+01
8.742399997802733935e+01
8.767999998535155726e+01
8.716800001464844172e+01
8.742399998779296766e+01
8.756799997558593418e+01
8.758399998779296425e+01
8.748799998535156419e+01
8.735999997802734640e+01
8.795200001708984416e+01
8.889600001953124320e+01
8.888000000488281671e+01
8.775999999755859449e+01
8.799999997802734697e+01
8.825600000976562853e+01
8.889600000732421847e+01
9.241600001953125343e+01
9.425600001953125684e+01
9.433600000732421620e+01
9.456000001953124467e+01
9.505600001953125400e+01
9.512000000976561864e+01
9.550399997802733765e+01
9.526400000976562410e+01
9.539200001953125252e+01
9.568000000976562092e+01
9.568000001953124922e+01
9.603200000976562478e+01
9.652800001953124820e+01
9.579200001953124399e+01
9.628800001953125332e+01
9.664000000976562887e+01
9.640000000976561978e+01
9.659200001953125536e+01
9.686400000976561842e+01
9.659200001953125536e+01
9.702400000000000091e+01
9.675200000976562364e+01
9.695999997802734072e+01
9.723199997802734629e+01
9.724799997802733742e+01
9.739200000976562421e+01
9.737600000000000477e+01
9.726399999999999579e+01
9.771200000000000330e+01
9.748800000976562785e+01
9.748799999999999955e+01
9.758400000976563149e+01
9.766400000976562978e+01
9.739200000976562421e+01
9.787200000976562819e+01
9.780799998779296800e+01
9.756799999999999784e+01
9.822400000000000375e+01
9.793600000000000705e+01
9.792000000000000171e+01
9.820800000976562671e+01
9.804800000000000182e+01
9.822400001953124615e+01
9.835200000976561796e+01
9.811200000976562308e+01
9.812800000976562842e+01
9.846400000976562694e+01
9.846400001953125525e+01
9.827199997802733833e+01
9.851200000000000045e+01
9.857599999999999341e+01
9.878400001953124843e+01
9.897600001953125570e+01
9.891200001953124854e+01
9.923200000976562762e+01
9.895999999999999375e+01
9.892800001953125388e+01
9.902400000000000091e+01
9.895999999999999375e+01
9.895999999999999375e+01
9.887999999999999545e+01
9.910399999999999920e+01
9.896000000976562205e+01
9.916800000000000637e+01
9.912000000000000455e+01
9.923199999999999932e+01
9.913599999999999568e+01
9.915200000000000102e+01
9.913599999999999568e+01
9.926399999999999579e+01
9.924800000976561876e+01
9.924800000000000466e+01
9.929600001953124888e+01
9.920000001953124524e+01
9.936000000976562774e+01
9.945600000000000307e+01
9.899200001953124683e+01
9.904000001953124865e+01
9.913599999999999568e+01
9.908800000976562217e+01
9.940800000000000125e+01
9.934399999999999409e+01
9.905599999999999739e+01
9.920000000000000284e+01
9.940800000000000125e+01
9.908800000976562217e+01
9.924800000976561876e+01
9.934399999999999409e+01
9.920000000976563115e+01
9.921599997802734094e+01
9.910400000976562751e+01
9.944000000976562603e+01
9.932800000000000296e+01
9.939200000976562421e+01
9.920000000000000284e+01
9.945600000000000307e+01
9.915200000976562933e+01
9.942400000000000659e+01
9.932800000000000296e+01
9.923200000976562762e+01
