1.414985895156860352e+01
1.446496820449829102e+01
1.426025104522705078e+01
1.442732262611389160e+01
1.428965711593627930e+01
1.392864823341369629e+01
1.401424789428710938e+01
1.462546515464782715e+01
1.436077690124511719e+01
1.465461373329162598e+01
1.434064412117004395e+01
1.427508234977722168e+01
1.406114220619201660e+01
1.433303236961364746e+01
1.418553757667541504e+01
1.457062745094299316e+01
1.448389697074890137e+01
1.438039660453796387e+01
1.444393062591552734e+01
1.429204368591308594e+01
1.412040352821350098e+01
1.424099540710449219e+01
1.440464615821838379e+01
1.417151761054992676e+01
1.434464502334594727e+01
1.472740364074707031e+01
1.439574241638183594e+01
1.454845285415649414e+01
1.421627330780029297e+01
1.416963672637939453e+01
1.396008944511413574e+01
1.428955316543579102e+01
1.468926429748535156e+01
1.408223819732666016e+01
1.453584527969360352e+01
1.425493121147155762e+01
1.446047115325927734e+01
1.443739461898803711e+01
1.458629298210144043e+01
1.465255546569824219e+01
1.455659270286560059e+01
1.465304470062255859e+01
1.429627490043640137e+01
1.419398140907287598e+01
1.427782058715820312e+01
1.427967548370361328e+01
1.420424318313598633e+01
1.443745779991149902e+01
1.399212002754211426e+01
1.427552986145019531e+01
1.412712454795837402e+01
1.392263031005859375e+01
1.407900643348693848e+01
1.404688858985900879e+01
1.420075821876525879e+01
1.395243167877197266e+01
1.404759168624877930e+01
1.429548645019531250e+01
1.428182125091552734e+01
1.419903635978698730e+01
1.404804205894470215e+01
1.434637451171875000e+01
1.382709145545959473e+01
1.429214334487915039e+01
1.419981765747070312e+01
1.420027565956115723e+01
1.443348383903503418e+01
1.427807545661926270e+01
1.440086555480957031e+01
1.414902520179748535e+01
1.424700284004211426e+01
1.393558859825134277e+01
1.421468567848205566e+01
1.394977641105651855e+01
1.428875613212585449e+01
1.425215935707092285e+01
1.389642715454101562e+01
1.409213209152221680e+01
1.417259144783020020e+01
1.483466506004333496e+01
1.428219270706176758e+01
1.412677454948425293e+01
1.421665740013122559e+01
1.434179162979125977e+01
1.439401245117187500e+01
1.465559267997741699e+01
1.440324401855468750e+01
1.441939878463745117e+01
1.428319740295410156e+01
1.457657885551452637e+01
1.448277688026428223e+01
1.390730094909667969e+01
1.421313309669494629e+01
1.465717172622680664e+01
1.460071659088134766e+01
1.404109954833984375e+01
1.455703330039978027e+01
1.377002954483032227e+01
1.439269280433654785e+01
1.478351593017578125e+01
1.423269104957580566e+01
1.436771583557128906e+01
1.446894097328186035e+01
1.428861331939697266e+01
1.416991186141967773e+01
1.447741937637329102e+01
1.421267867088317871e+01
1.467620587348937988e+01
1.449135804176330566e+01
1.385535883903503418e+01
1.409182906150817871e+01
1.437285399436950684e+01
1.469268560409545898e+01
1.463939976692199707e+01
1.487344741821289062e+01
1.394153404235839844e+01
1.449278950691223145e+01
1.421949124336242676e+01
1.458381080627441406e+01
1.413308024406433105e+01
1.452239727973937988e+01
1.417913889884948730e+01
1.433222055435180664e+01
1.473731637001037598e+01
1.409613561630249023e+01
1.415723872184753418e+01
1.430942726135253906e+01
1.446623730659484863e+01
1.437877511978149414e+01
1.394991016387939453e+01
1.443507122993469238e+01
1.380264329910278320e+01
1.417522907257080078e+01
1.391201281547546387e+01
1.436063671112060547e+01
1.417284035682678223e+01
1.438290762901306152e+01
1.497646594047546387e+01
1.438094758987426758e+01
1.444940710067749023e+01
1.436650419235229492e+01
1.423165512084960938e+01
1.456281828880310059e+01
1.468759799003601074e+01
1.453887104988098145e+01
1.438542342185974121e+01
1.436474251747131348e+01
1.480655312538146973e+01
1.447803354263305664e+01
1.406841993331909180e+01
1.426119351387023926e+01
1.425548052787780762e+01
1.454787039756774902e+01
1.443981814384460449e+01
1.417706727981567383e+01
1.397310543060302734e+01
1.446989464759826660e+01
1.429160356521606445e+01
1.428289914131164551e+01
1.409680008888244629e+01
1.436729502677917480e+01
1.411608719825744629e+01
1.457674217224121094e+01
1.447739577293395996e+01
1.426638388633728027e+01
1.468011307716369629e+01
1.472032856941223145e+01
1.432644915580749512e+01
1.413416624069213867e+01
1.405359339714050293e+01
1.439137530326843262e+01
1.426825070381164551e+01
1.447395706176757812e+01
1.427485847473144531e+01
1.468047404289245605e+01
1.454419326782226562e+01
1.434466624259948730e+01
1.478028178215026855e+01
1.405063772201538086e+01
1.429245662689208984e+01
1.431782102584838867e+01
1.426475834846496582e+01
1.498605370521545410e+01
1.436402201652526855e+01
1.436131381988525391e+01
1.421132826805114746e+01
1.429885077476501465e+01
1.425829935073852539e+01
1.466004776954650879e+01
1.455098295211791992e+01
1.450127005577087402e+01
1.419997882843017578e+01
1.440265107154846191e+01
1.451366138458251953e+01
1.424979066848754883e+01
1.453678464889526367e+01
1.408653879165649414e+01
1.438986206054687500e+01
1.459579110145568848e+01
1.435116100311279297e+01
