1.636800000488281270e+01
2.488000000122070432e+01
3.028799999145507726e+01
3.388799999145507513e+01
3.784000000976562461e+01
4.086400000122070253e+01
4.356799999999999784e+01
4.670400000610351299e+01
4.844800000610351276e+01
5.091199998779296720e+01
5.273599999633788826e+01
5.569599999023437675e+01
5.780799998657226269e+01
5.798399998657226462e+01
6.003200000244140710e+01
6.164800000244140676e+01
6.327999999267578346e+01
6.488000000488281671e+01
6.627200000488281262e+01
6.625599998291015424e+01
6.663999997314452628e+01
6.870399997314453344e+01
6.959999998291016254e+01
7.022399997314452946e+01
7.080000000488281842e+01
7.220800000244140904e+01
7.225600001708984621e+01
7.319999998657226570e+01
7.447999997314452969e+01
7.495999999511718670e+01
7.502399997558593725e+01
7.580799997558594328e+01
7.611199998291016300e+01
7.702399997558593725e+01
7.718399998291015152e+01
7.831999999755859676e+01
7.859200001708984473e+01
7.915199997558593736e+01
7.944000000488281898e+01
7.948799999511719250e+01
8.006399997558594350e+01
8.009600000488281069e+01
8.030399999267578437e+01
8.065599999511718465e+01
8.168000001708983859e+01
8.168000001464844217e+01
8.179199999755859096e+01
8.259199997558593509e+01
8.259200000732421643e+01
8.259199998535156340e+01
8.268799997558593873e+01
8.291199999511718488e+01
8.332799998535156760e+01
8.390400001708984234e+01
8.331199998779297289e+01
8.393599997558594339e+01
8.396800000732422120e+01
8.355199997558594305e+01
8.454399998779297221e+01
8.393599998535155748e+01
8.375999999755859449e+01
8.454399998535156158e+01
8.428800000732421438e+01
8.468800001708984837e+01
8.511999997558594089e+01
8.494399998535156726e+01
8.566400001708984746e+01
8.588799998779296629e+01
8.486400001708985030e+01
8.583999999511718215e+01
8.558400001953124558e+01
8.636800001708984098e+01
8.571199997558593964e+01
8.537600000976561887e+01
8.563199999755859437e+01
8.635199997558594021e+01
8.600000001708984598e+01
8.553600000732421904e+01
8.633599997558593486e+01
8.668800000732422006e+01
8.657600001708983939e+01
8.640000000000000568e+01
8.683200000732422552e+01
8.713600000732421336e+01
8.707200001708984871e+01
8.672000001708984485e+01
8.673599999755859358e+01
8.587199997558593623e+01
8.777600001953125286e+01
8.807999999755858767e+01
8.729599998535155692e+01
8.785599999755859812e+01
8.836800001708984098e+01
8.803199998779297175e+01
8.758399997558593952e+01
8.772800000488281569e+01
8.769600000732421563e+01
8.830400000732421972e+01
8.827200000732422325e+01
8.755200001708983848e+01
9.235199997802735083e+01
9.379200000976562990e+01
9.454399999755860051e+01
9.472000000732421654e+01
9.505600000976562569e+01
9.484799999999999898e+01
9.524799997802733742e+01
9.536000001953125604e+01
9.542400000000000659e+01
9.563200000976561910e+01
9.600000001953125661e+01
9.614399997802733822e+01
9.563199998779296607e+01
9.627200001953124797e+01
9.619200001953124968e+01
9.604799997802734879e+01
9.643200001953124456e+01
9.662399999999999523e+01
9.703999998779296732e+01
9.628800000976562501e+01
9.670400001953125013e+01
9.688000000976562376e+01
9.694399997802734958e+01
9.716800001953124877e+01
9.707200001953124513e+01
9.696000001953125036e+01
9.742400000000000659e+01
9.732800000000000296e+01
9.740800000000000125e+01
9.713599999999999568e+01
9.742400001953124900e+01
9.763200000000000500e+01
9.772800000976562274e+01
9.804800000976563013e+01
9.780800000000000693e+01
9.785599999999999454e+01
9.750400001953124729e+01
9.782399999999999807e+01
9.806399997802733992e+01
9.800000000976562831e+01
9.780800001953124934e+01
9.761600000976562796e+01
9.792000001953124411e+01
9.812800001953125673e+01
9.846399999999999864e+01
9.804800000000000182e+01
9.803200000976562478e+01
9.835200000976561796e+01
9.841599999999999682e+01
9.822400000976563206e+01
9.875199999999999534e+01
9.883199999999999363e+01
9.888000000976562376e+01
9.881600000000000250e+01
9.886400001953124672e+01
9.907200000000000273e+01
9.896000001953125036e+01
9.902400000000000091e+01
9.908799999999999386e+01
9.918399999999999750e+01
9.928000000000000114e+01
9.900799999999999557e+01
9.924800000000000466e+01
9.896000001953125036e+01
9.912000000000000455e+01
9.915200000000000102e+01
9.918399999999999750e+01
9.928000000000000114e+01
9.923200000976562762e+01
9.934399999999999409e+01
9.928000000976562944e+01
9.923200000976562762e+01
9.905599999999999739e+01
9.920000000000000284e+01
9.913599999999999568e+01
9.921599999999999397e+01
9.921599999999999397e+01
9.921599999999999397e+01
9.939199999999999591e+01
9.937600000000000477e+01
9.943999999999999773e+01
9.904000000000000625e+01
9.920000000000000284e+01
9.899200000976561853e+01
9.947199999999999420e+01
9.928000000976562944e+01
9.924800000000000466e+01
9.924800000000000466e+01
9.926399999999999579e+01
9.913599999999999568e+01
9.910399999999999920e+01
9.931199999999999761e+01
9.939199999999999591e+01
9.934399999999999409e+01
9.928000000976562944e+01
9.931199999999999761e+01
9.948799999999999955e+01
9.928000000976562944e+01
9.920000000000000284e+01
9.918399999999999750e+01
