1.414900183677673340e+01
1.390181612968444824e+01
1.456036972999572754e+01
1.457844424247741699e+01
1.418593096733093262e+01
1.431342887878417969e+01
1.396089553833007812e+01
1.475116825103759766e+01
1.429850387573242188e+01
1.492078566551208496e+01
1.413858270645141602e+01
1.428021717071533203e+01
1.406581926345825195e+01
1.450255513191223145e+01
1.427001285552978516e+01
1.498147559165954590e+01
1.453490972518920898e+01
1.424766254425048828e+01
1.464796566963195801e+01
1.430402708053588867e+01
1.407625222206115723e+01
1.392903876304626465e+01
1.441241407394409180e+01
1.432140231132507324e+01
1.445293307304382324e+01
1.409640717506408691e+01
1.458510303497314453e+01
1.495762944221496582e+01
1.436346650123596191e+01
1.451493906974792480e+01
1.420511388778686523e+01
1.428977847099304199e+01
1.435082674026489258e+01
1.408609676361083984e+01
1.457213044166564941e+01
1.406956315040588379e+01
1.461730790138244629e+01
1.448932456970214844e+01
1.422661995887756348e+01
1.488243198394775391e+01
1.424256849288940430e+01
1.495024752616882324e+01
1.474988365173339844e+01
1.416356778144836426e+01
1.452998638153076172e+01
1.417435836791992188e+01
1.421233654022216797e+01
1.429159450531005859e+01
1.422314047813415527e+01
1.462157392501831055e+01
1.422621083259582520e+01
1.422605085372924805e+01
1.410420489311218262e+01
1.400018954277038574e+01
1.431303858757019043e+01
1.462971735000610352e+01
1.415018916130065918e+01
1.444993948936462402e+01
1.425969409942626953e+01
1.426600337028503418e+01
1.407263183593750000e+01
1.458520793914794922e+01
1.382801365852355957e+01
1.455957913398742676e+01
1.393979787826538086e+01
1.437676930427551270e+01
1.441824960708618164e+01
1.395378494262695312e+01
1.413634109497070312e+01
1.372678637504577637e+01
1.454025626182556152e+01
1.392691874504089355e+01
1.391419005393981934e+01
1.396262478828430176e+01
1.397251462936401367e+01
1.443449091911315918e+01
1.425738525390625000e+01
1.407493710517883301e+01
1.444128322601318359e+01
1.475398015975952148e+01
1.434437727928161621e+01
1.412953710556030273e+01
1.405213451385498047e+01
1.397897171974182129e+01
1.417997980117797852e+01
1.393678903579711914e+01
1.412153267860412598e+01
1.433356952667236328e+01
1.405527639389038086e+01
1.440001535415649414e+01
1.477425765991210938e+01
1.388031721115112305e+01
1.409503340721130371e+01
1.451114511489868164e+01
1.499631953239440918e+01
1.425485730171203613e+01
1.450902533531188965e+01
1.422251582145690918e+01
1.475285315513610840e+01
1.427101111412048340e+01
1.414980769157409668e+01
1.434170794486999512e+01
1.448977303504943848e+01
1.435119676589965820e+01
1.419195747375488281e+01
1.443157410621643066e+01
1.410612440109252930e+01
1.451713705062866211e+01
1.466526794433593750e+01
1.442502117156982422e+01
1.377262115478515625e+01
1.432970547676086426e+01
1.452386617660522461e+01
1.447839522361755371e+01
1.480166673660278320e+01
1.412192869186401367e+01
1.472238373756408691e+01
1.418863344192504883e+01
1.442300748825073242e+01
1.419867038726806641e+01
1.447606539726257324e+01
1.417542624473571777e+01
1.420267295837402344e+01
1.470351624488830566e+01
1.429991579055786133e+01
1.430806374549865723e+01
1.430502796173095703e+01
1.427434420585632324e+01
1.418827867507934570e+01
1.394299554824829102e+01
1.428225159645080566e+01
1.405132746696472168e+01
1.422974801063537598e+01
1.391521573066711426e+01
1.428562235832214355e+01
1.389030861854553223e+01
1.424113512039184570e+01
1.481994175910949707e+01
1.426186013221740723e+01
1.497707796096801758e+01
1.441079831123352051e+01
1.423883891105651855e+01
1.455619573593139648e+01
1.467617583274841309e+01
1.466351294517517090e+01
1.470104193687438965e+01
1.436584901809692383e+01
1.468003296852111816e+01
1.444215607643127441e+01
1.443485593795776367e+01
1.465349364280700684e+01
1.426768589019775391e+01
1.460647726058959961e+01
1.451860284805297852e+01
1.467470788955688477e+01
1.387984251976013184e+01
1.419037556648254395e+01
1.392618179321289062e+01
1.382987833023071289e+01
1.412221479415893555e+01
1.450255036354064941e+01
1.411642909049987793e+01
1.451313924789428711e+01
1.439288187026977539e+01
1.424500656127929688e+01
1.430846929550170898e+01
1.457861685752868652e+01
1.420592999458312988e+01
1.424598622322082520e+01
1.398239850997924805e+01
1.434777140617370605e+01
1.429771757125854492e+01
1.448676705360412598e+01
1.398880124092102051e+01
1.458066987991333008e+01
1.464131951332092285e+01
1.423979997634887695e+01
1.449984431266784668e+01
1.439605712890625000e+01
1.414460182189941406e+01
1.444452524185180664e+01
1.423409795761108398e+01
1.469311714172363281e+01
1.423506665229797363e+01
1.462490105628967285e+01
1.422727704048156738e+01
1.415628433227539062e+01
1.436354398727416992e+01
1.499572396278381348e+01
1.406831860542297363e+01
1.445538878440856934e+01
1.417626357078552246e+01
1.457281875610351562e+01
1.453833651542663574e+01
1.437025713920593262e+01
1.458502912521362305e+01
1.392541956901550293e+01
1.455620026588439941e+01
1.468450355529785156e+01
1.451157307624816895e+01
