2.599406242370605469e+00
1.888319015502929688e+00
1.876381635665893555e+00
1.877824544906616211e+00
1.878517150878906250e+00
1.879204988479614258e+00
1.880452632904052734e+00
1.880091905593872070e+00
1.870696306228637695e+00
1.874276876449584961e+00
1.875735521316528320e+00
1.876880407333374023e+00
1.871262550354003906e+00
1.882844686508178711e+00
1.873020887374877930e+00
1.878955125808715820e+00
1.869848728179931641e+00
1.877483367919921875e+00
1.873666048049926758e+00
1.878211259841918945e+00
1.875826358795166016e+00
1.871759414672851562e+00
1.905006885528564453e+00
1.877789497375488281e+00
1.874386072158813477e+00
1.869700670242309570e+00
1.869419574737548828e+00
1.896811008453369141e+00
1.883602380752563477e+00
1.873865127563476562e+00
1.878607273101806641e+00
1.877575635910034180e+00
1.881370306015014648e+00
1.878403186798095703e+00
1.896016836166381836e+00
1.882233381271362305e+00
1.876998186111450195e+00
1.874995946884155273e+00
1.878532409667968750e+00
1.867621421813964844e+00
1.875762701034545898e+00
1.871046781539916992e+00
1.871954679489135742e+00
1.873692035675048828e+00
1.871088743209838867e+00
1.874267101287841797e+00
1.873695850372314453e+00
1.876012563705444336e+00
1.872447252273559570e+00
1.873321294784545898e+00
1.870176792144775391e+00
1.875735521316528320e+00
1.874223470687866211e+00
1.871711730957031250e+00
1.878925800323486328e+00
1.874573707580566406e+00
1.876358747482299805e+00
1.888589143753051758e+00
1.871557474136352539e+00
1.884840011596679688e+00
1.877967357635498047e+00
1.880204916000366211e+00
1.873986721038818359e+00
1.873333454132080078e+00
1.877203702926635742e+00
1.870432138442993164e+00
1.872843027114868164e+00
1.871842861175537109e+00
1.873330593109130859e+00
1.885560512542724609e+00
1.878188848495483398e+00
1.871328115463256836e+00
1.872070550918579102e+00
1.897130012512207031e+00
1.873445034027099609e+00
1.872909307479858398e+00
1.868412971496582031e+00
1.873865842819213867e+00
1.872473239898681641e+00
1.874695539474487305e+00
1.876225233078002930e+00
1.872204542160034180e+00
1.868625640869140625e+00
1.865168333053588867e+00
1.875049829483032227e+00
1.869500160217285156e+00
1.875097990036010742e+00
1.869592189788818359e+00
1.871402025222778320e+00
1.872564077377319336e+00
1.869541168212890625e+00
1.872612237930297852e+00
1.876899957656860352e+00
1.868674993515014648e+00
1.872094631195068359e+00
1.868170499801635742e+00
1.902361392974853516e+00
1.873382329940795898e+00
1.868573904037475586e+00
1.873348712921142578e+00
1.875553607940673828e+00
1.874422073364257812e+00
1.875091314315795898e+00
1.867568492889404297e+00
1.871474742889404297e+00
1.872622966766357422e+00
1.866782188415527344e+00
1.901553869247436523e+00
1.873452901840209961e+00
1.873475790023803711e+00
1.872492074966430664e+00
1.873733997344970703e+00
1.870640754699707031e+00
1.893065452575683594e+00
1.900583982467651367e+00
1.876781940460205078e+00
1.884074211120605469e+00
1.880031585693359375e+00
1.890786886215209961e+00
1.878837823867797852e+00
1.904444217681884766e+00
1.873912096023559570e+00
1.874174118041992188e+00
1.875644207000732422e+00
1.872825622558593750e+00
1.873394250869750977e+00
1.874944686889648438e+00
1.872673749923706055e+00
1.877812385559082031e+00
1.876327276229858398e+00
1.871979713439941406e+00
1.877194881439208984e+00
1.875364303588867188e+00
1.884121656417846680e+00
1.871764659881591797e+00
1.871333837509155273e+00
1.868098258972167969e+00
1.869552135467529297e+00
1.871884346008300781e+00
1.885059833526611328e+00
1.874553680419921875e+00
1.873685359954833984e+00
1.875867605209350586e+00
1.877658128738403320e+00
1.888716459274291992e+00
1.874008655548095703e+00
1.869784593582153320e+00
1.871859312057495117e+00
1.873034000396728516e+00
1.872391223907470703e+00
1.881786108016967773e+00
1.872031211853027344e+00
1.870071887969970703e+00
1.873517990112304688e+00
1.869303464889526367e+00
1.876262426376342773e+00
1.871372938156127930e+00
1.873365879058837891e+00
1.874521732330322266e+00
1.876267910003662109e+00
1.873255729675292969e+00
1.878762006759643555e+00
1.887893438339233398e+00
1.871093273162841797e+00
1.872614860534667969e+00
1.890071630477905273e+00
1.871306896209716797e+00
1.872754096984863281e+00
1.873292207717895508e+00
1.879724502563476562e+00
1.888205051422119141e+00
1.868483066558837891e+00
1.870879173278808594e+00
1.877760410308837891e+00
1.871789693832397461e+00
1.879883766174316406e+00
1.882199764251708984e+00
1.896463394165039062e+00
1.873376131057739258e+00
1.873030662536621094e+00
1.882301330566406250e+00
1.873248577117919922e+00
1.877515316009521484e+00
1.883840799331665039e+00
1.875661611557006836e+00
1.882788658142089844e+00
1.873624801635742188e+00
1.870284557342529297e+00
1.872133255004882812e+00
1.874896287918090820e+00
1.870161771774291992e+00
1.875440359115600586e+00
1.872099399566650391e+00
1.876984596252441406e+00
1.872070550918579102e+00
1.874192953109741211e+00
1.875573873519897461e+00
1.873064279556274414e+00
1.874901533126831055e+00
1.909025669097900391e+00
