1.407999992370605469e+01
1.865999984741210938e+01
2.318999862670898438e+01
2.461999893188476562e+01
2.652999877929687500e+01
2.927999877929687500e+01
3.038999938964843750e+01
3.313999938964843750e+01
2.534000015258789062e+01
3.727000045776367188e+01
2.861999893188476562e+01
3.804000091552734375e+01
4.589999771118164062e+01
3.822999954223632812e+01
4.331999969482421875e+01
4.768000030517578125e+01
4.953999710083007812e+01
4.709999847412109375e+01
5.562999725341796875e+01
4.755999755859375000e+01
5.366999816894531250e+01
5.273999786376953125e+01
5.672999954223632812e+01
5.144999694824218750e+01
5.509000015258789062e+01
4.036000061035156250e+01
4.790999984741210938e+01
5.834000015258789062e+01
4.589999771118164062e+01
5.084999847412109375e+01
5.968000030517578125e+01
4.161000061035156250e+01
5.960999679565429688e+01
6.025000000000000000e+01
4.804999923706054688e+01
6.294999694824218750e+01
5.718000030517578125e+01
5.184000015258789062e+01
6.086999893188476562e+01
5.281999969482421875e+01
5.588999938964843750e+01
4.659999847412109375e+01
6.408000183105468750e+01
5.947999954223632812e+01
6.672000122070312500e+01
5.264999771118164062e+01
6.041999816894531250e+01
6.165999984741210938e+01
5.969999694824218750e+01
6.675000000000000000e+01
5.813999938964843750e+01
5.490999984741210938e+01
5.569999694824218750e+01
5.486999893188476562e+01
6.700000000000000000e+01
4.991999816894531250e+01
6.554999542236328125e+01
5.102999877929687500e+01
6.455999755859375000e+01
5.529999923706054688e+01
5.766999816894531250e+01
6.361999893188476562e+01
6.015999984741210938e+01
5.759999847412109375e+01
5.409000015258789062e+01
5.543000030517578125e+01
5.494999694824218750e+01
5.822999954223632812e+01
7.000999450683593750e+01
6.825999450683593750e+01
6.700999450683593750e+01
6.806999969482421875e+01
7.165000152587890625e+01
5.968000030517578125e+01
7.201999664306640625e+01
5.577000045776367188e+01
6.661999511718750000e+01
6.993000030517578125e+01
7.325999450683593750e+01
6.729999542236328125e+01
6.035999679565429688e+01
7.275000000000000000e+01
6.035999679565429688e+01
6.084000015258789062e+01
7.386999511718750000e+01
5.715999984741210938e+01
7.351999664306640625e+01
5.303999710083007812e+01
6.359999847412109375e+01
7.248999786376953125e+01
5.191999816894531250e+01
7.766999816894531250e+01
5.882999801635742188e+01
6.050999832153320312e+01
7.415999603271484375e+01
5.115999984741210938e+01
6.593000030517578125e+01
5.990999984741210938e+01
7.475999450683593750e+01
7.416999816894531250e+01
8.481999969482421875e+01
8.527999877929687500e+01
8.538999938964843750e+01
8.536000061035156250e+01
8.526999664306640625e+01
8.511999511718750000e+01
8.522999572753906250e+01
8.544999694824218750e+01
8.533999633789062500e+01
8.519999694824218750e+01
8.541999816894531250e+01
8.515999603271484375e+01
8.537999725341796875e+01
8.543000030517578125e+01
8.536000061035156250e+01
8.555999755859375000e+01
8.557999420166015625e+01
8.581999969482421875e+01
8.504999542236328125e+01
8.515000152587890625e+01
8.506999969482421875e+01
8.526999664306640625e+01
8.505999755859375000e+01
8.554000091552734375e+01
8.500999450683593750e+01
8.493999481201171875e+01
8.518999481201171875e+01
8.519999694824218750e+01
8.418999481201171875e+01
8.512999725341796875e+01
8.363999938964843750e+01
8.476999664306640625e+01
8.482999420166015625e+01
8.494999694824218750e+01
8.522999572753906250e+01
8.433999633789062500e+01
8.400999450683593750e+01
8.502999877929687500e+01
8.445999908447265625e+01
8.476999664306640625e+01
8.484999847412109375e+01
8.456999969482421875e+01
8.500000000000000000e+01
8.484999847412109375e+01
8.490000152587890625e+01
8.520999908447265625e+01
8.511000061035156250e+01
8.458999633789062500e+01
8.456999969482421875e+01
8.550000000000000000e+01
8.588999938964843750e+01
8.598999786376953125e+01
8.609999847412109375e+01
8.604999542236328125e+01
8.609999847412109375e+01
8.615999603271484375e+01
8.615000152587890625e+01
8.613999938964843750e+01
8.623999786376953125e+01
8.607999420166015625e+01
8.595999908447265625e+01
8.602999877929687500e+01
8.611999511718750000e+01
8.591999816894531250e+01
8.582999420166015625e+01
8.580999755859375000e+01
8.590000152587890625e+01
8.611000061035156250e+01
8.606999969482421875e+01
8.606999969482421875e+01
8.586999511718750000e+01
8.593000030517578125e+01
8.580999755859375000e+01
8.604000091552734375e+01
8.576999664306640625e+01
8.601999664306640625e+01
8.593000030517578125e+01
8.586999511718750000e+01
8.572000122070312500e+01
8.576999664306640625e+01
8.582999420166015625e+01
8.600999450683593750e+01
8.582999420166015625e+01
8.598999786376953125e+01
8.593999481201171875e+01
8.586999511718750000e+01
8.606999969482421875e+01
8.594999694824218750e+01
8.597999572753906250e+01
8.588999938964843750e+01
8.586999511718750000e+01
8.581999969482421875e+01
8.600999450683593750e+01
8.572999572753906250e+01
8.602999877929687500e+01
8.579999542236328125e+01
8.590999603271484375e+01
8.586999511718750000e+01
8.591999816894531250e+01
8.584999847412109375e+01
