2.150000000000000000e+01
2.676000022888183594e+01
2.867999839782714844e+01
3.178999900817871094e+01
3.498999786376953125e+01
4.145999908447265625e+01
4.170000076293945312e+01
4.465999984741210938e+01
5.034000015258789062e+01
4.784000015258789062e+01
4.305999755859375000e+01
4.622999954223632812e+01
4.919999694824218750e+01
5.352999877929687500e+01
5.529999923706054688e+01
5.284999847412109375e+01
5.127999877929687500e+01
6.204999923706054688e+01
5.990999984741210938e+01
5.675000000000000000e+01
4.969999694824218750e+01
5.382999801635742188e+01
5.414999771118164062e+01
6.448999786376953125e+01
5.709999847412109375e+01
6.633000183105468750e+01
4.963999938964843750e+01
5.552000045776367188e+01
6.694999694824218750e+01
6.164999771118164062e+01
7.054999542236328125e+01
6.218999862670898438e+01
6.276999664306640625e+01
5.043999862670898438e+01
4.575000000000000000e+01
6.341999816894531250e+01
5.972999954223632812e+01
5.850000000000000000e+01
6.247999954223632812e+01
4.941999816894531250e+01
6.072999954223632812e+01
5.770999908447265625e+01
6.822999572753906250e+01
6.622000122070312500e+01
3.582999801635742188e+01
6.402999877929687500e+01
6.290999984741210938e+01
5.809999847412109375e+01
5.859000015258789062e+01
6.002999877929687500e+01
6.300000000000000000e+01
6.950000000000000000e+01
6.068999862670898438e+01
6.172999954223632812e+01
4.600000000000000000e+01
5.944999694824218750e+01
7.302999877929687500e+01
5.497999954223632812e+01
7.779000091552734375e+01
6.583999633789062500e+01
7.902999877929687500e+01
5.855999755859375000e+01
6.590000152587890625e+01
7.408000183105468750e+01
5.889999771118164062e+01
7.190000152587890625e+01
6.736999511718750000e+01
4.771999740600585938e+01
7.336000061035156250e+01
5.695999908447265625e+01
7.094999694824218750e+01
3.995000076293945312e+01
7.233000183105468750e+01
5.075000000000000000e+01
7.761999511718750000e+01
6.265999984741210938e+01
6.279999923706054688e+01
7.397999572753906250e+01
6.906999969482421875e+01
7.397999572753906250e+01
7.072999572753906250e+01
7.615000152587890625e+01
7.219999694824218750e+01
6.904999542236328125e+01
5.282999801635742188e+01
5.213999938964843750e+01
7.663999938964843750e+01
7.775000000000000000e+01
7.290999603271484375e+01
7.018000030517578125e+01
7.454999542236328125e+01
7.818000030517578125e+01
7.091999816894531250e+01
5.164999771118164062e+01
6.775999450683593750e+01
6.712999725341796875e+01
5.659999847412109375e+01
7.368999481201171875e+01
5.980999755859375000e+01
7.477999877929687500e+01
9.041999816894531250e+01
9.073999786376953125e+01
9.097000122070312500e+01
9.090999603271484375e+01
9.122999572753906250e+01
9.143999481201171875e+01
9.118999481201171875e+01
9.129999542236328125e+01
9.131999969482421875e+01
9.125000000000000000e+01
9.112999725341796875e+01
9.137999725341796875e+01
9.120999908447265625e+01
9.126999664306640625e+01
9.133999633789062500e+01
9.138999938964843750e+01
9.084999847412109375e+01
9.105999755859375000e+01
9.100000000000000000e+01
9.122999572753906250e+01
9.107999420166015625e+01
9.148999786376953125e+01
9.100999450683593750e+01
9.106999969482421875e+01
9.111999511718750000e+01
9.073999786376953125e+01
9.100999450683593750e+01
9.080999755859375000e+01
9.011000061035156250e+01
9.086000061035156250e+01
9.140999603271484375e+01
9.122999572753906250e+01
9.088999938964843750e+01
9.106999969482421875e+01
9.116999816894531250e+01
9.104000091552734375e+01
9.104000091552734375e+01
9.057999420166015625e+01
9.108999633789062500e+01
9.034999847412109375e+01
9.154000091552734375e+01
9.051999664306640625e+01
9.118999481201171875e+01
9.044999694824218750e+01
9.133999633789062500e+01
9.013999938964843750e+01
9.118000030517578125e+01
8.936999511718750000e+01
9.104000091552734375e+01
9.114999389648437500e+01
9.175999450683593750e+01
9.169999694824218750e+01
9.173999786376953125e+01
9.168999481201171875e+01
9.163999938964843750e+01
9.165999603271484375e+01
9.182999420166015625e+01
9.169999694824218750e+01
9.183999633789062500e+01
9.188999938964843750e+01
9.182999420166015625e+01
9.183999633789062500e+01
9.181999969482421875e+01
9.169999694824218750e+01
9.177999877929687500e+01
9.179999542236328125e+01
9.168999481201171875e+01
9.161000061035156250e+01
9.172999572753906250e+01
9.168999481201171875e+01
9.172999572753906250e+01
9.173999786376953125e+01
9.168999481201171875e+01
9.172999572753906250e+01
9.191999816894531250e+01
9.186000061035156250e+01
9.164999389648437500e+01
9.179000091552734375e+01
9.181999969482421875e+01
9.186999511718750000e+01
9.168999481201171875e+01
9.186999511718750000e+01
9.159999847412109375e+01
9.169999694824218750e+01
9.193999481201171875e+01
9.179999542236328125e+01
9.186000061035156250e+01
9.179000091552734375e+01
9.175999450683593750e+01
9.166999816894531250e+01
9.169999694824218750e+01
9.161999511718750000e+01
9.156999969482421875e+01
9.172999572753906250e+01
9.173999786376953125e+01
9.170999908447265625e+01
9.159999847412109375e+01
9.161000061035156250e+01
9.164999389648437500e+01
9.161000061035156250e+01
