3.062757389984130718e+00
1.978383098831176801e+00
1.822246983718872171e+00
1.772389217185974086e+00
1.690294045219421282e+00
1.625164751892089754e+00
1.559856679382324307e+00
1.495206430358886784e+00
1.413496669616699286e+00
1.372821463966369615e+00
1.337178821296691966e+00
1.298491626853942815e+00
1.233433859901428287e+00
1.213911785697937118e+00
1.154683350639343242e+00
1.133810461120605462e+00
1.102843962478637696e+00
1.065246023082733196e+00
1.047016113910675061e+00
1.005281222229003957e+00
9.921495395660400174e-01
9.632223923492431172e-01
9.588273134994507174e-01
9.308727778434753297e-01
9.210145104789734249e-01
9.060044664764403954e-01
8.770226104927062449e-01
8.529113230514526744e-01
8.483767132949828760e-01
7.990459847640991597e-01
8.119810163116455426e-01
7.758076835632323753e-01
7.558426623535156041e-01
7.632755855178833260e-01
7.452538505554199277e-01
7.536784425926208453e-01
7.255408784484863594e-01
7.048587174034118830e-01
6.833328847885131729e-01
6.817696876716613508e-01
6.588002246665954909e-01
6.984533234214782560e-01
6.521791878509521911e-01
6.616102497863769472e-01
6.574397498893738145e-01
6.422776807498932206e-01
6.424935820388794072e-01
6.530260219001770006e-01
6.345437695503234332e-01
6.225043182373046768e-01
6.134878224372863897e-01
6.519249020195007072e-01
6.116871069335937383e-01
6.104815929222107140e-01
6.000156513786315537e-01
5.988653578758239560e-01
5.889343165779113987e-01
6.029760273361206568e-01
5.651856630802154502e-01
5.858311490058898396e-01
5.840678198432922574e-01
5.964276737594604860e-01
5.677789752578735749e-01
5.658733835029602366e-01
5.641371408081055083e-01
5.676512069702148722e-01
5.766953415679931805e-01
5.635400114440918262e-01
5.643174405288696738e-01
5.541536055946350015e-01
5.320081265068054011e-01
5.518220321083069368e-01
5.606962543678283284e-01
5.611737170886993420e-01
5.098086000633239578e-01
5.315417427825928076e-01
5.134915690422058310e-01
5.476196282768249768e-01
5.428214054203033267e-01
5.487968373012542811e-01
5.281696683406830184e-01
5.331871393966675088e-01
5.037250669670104708e-01
5.236794408035277959e-01
5.196150736808776704e-01
5.089787832832336489e-01
5.529434384727478502e-01
5.299659012222289745e-01
5.045914628410339553e-01
5.246920239925384477e-01
5.103193007087707400e-01
5.286875569820403964e-01
5.019363620376586788e-01
5.553823107528687020e-01
5.016869070625304960e-01
5.124329048156738287e-01
4.974554245758056603e-01
4.832785022544860976e-01
5.268832171058654978e-01
5.148834821987151589e-01
2.341890220975875736e-01
2.004875526475906333e-01
1.901650898170471060e-01
1.784570539569854675e-01
1.732836295509338487e-01
1.622165232110023558e-01
1.552642377853393485e-01
1.538944085407256968e-01
1.558130246973037647e-01
1.471185719299316352e-01
1.378700525069236626e-01
1.349710293006896877e-01
1.408292411899566554e-01
1.306377083706855846e-01
1.179368096768856067e-01
1.213147328186035129e-01
1.174226908206939674e-01
1.154003935575485251e-01
1.088800312948226962e-01
1.148267060899734460e-01
1.108157736039161734e-01
1.063967513656616237e-01
1.011258172965049801e-01
9.586091658115386549e-02
9.663141721248626193e-02
9.418029376626015081e-02
1.012494397163391097e-01
9.655840548515319532e-02
8.735249566793441833e-02
9.102648458719253544e-02
8.632244833946227380e-02
8.154203040599823649e-02
8.193618098258971527e-02
8.238606483459472163e-02
8.116749184370040948e-02
7.120809291601180868e-02
6.704843953609467000e-02
6.808582307577133730e-02
6.985938640713691694e-02
6.889955990314483580e-02
7.657228595733642229e-02
7.457408311843871651e-02
6.972721391916275602e-02
6.517681163549422785e-02
7.451885625183582440e-02
7.539045476913451560e-02
6.423427857398986141e-02
5.877618784904480032e-02
5.891693033814430353e-02
5.804695659637450905e-02
4.796797647327184777e-02
4.230991702437400526e-02
4.279923276662826737e-02
4.754517358124256410e-02
3.960045884966850033e-02
3.933793394804000615e-02
3.943780337452888751e-02
3.940450215101241882e-02
3.918760928630828783e-02
3.787453180074691617e-02
3.984421331405639533e-02
3.603066363096237013e-02
4.071378228545188827e-02
3.635750989913940495e-02
3.288741174995898908e-02
3.667777081608772360e-02
3.332167186260223679e-02
3.542263688921928194e-02
3.452580302476882662e-02
3.703462820291519159e-02
3.809321423053741579e-02
3.657772938728332673e-02
3.407931330025196215e-02
3.531817810595035828e-02
3.246197637975215683e-02
3.492652775406837606e-02
3.482647355318069238e-02
3.217729944527149277e-02
3.576714854300021978e-02
3.346497416257858404e-02
3.461210667967796334e-02
3.354212201714515396e-02
3.292918329000472932e-02
3.379120521366596464e-02
3.417040940999984538e-02
3.528004200458526723e-02
3.284052095293998885e-02
3.566092140793800103e-02
3.550435958147048904e-02
3.390320819079876286e-02
3.448851402759552098e-02
3.434308922588825280e-02
3.147382718414068470e-02
3.150423025488853501e-02
2.722320426523685416e-02
3.223481693863868708e-02
3.107110200285911547e-02
2.900922421693801975e-02
3.079773848116397830e-02
3.425820515394210897e-02
