3.003892183303833008e+00
2.349360704421997070e+00
2.953161478042602539e+00
2.308982372283935547e+00
2.312688827514648438e+00
2.955657243728637695e+00
2.315754890441894531e+00
2.307403326034545898e+00
2.324424505233764648e+00
2.312618732452392578e+00
2.307234048843383789e+00
2.311087608337402344e+00
2.327432155609130859e+00
2.315011501312255859e+00
2.312704801559448242e+00
2.324499607086181641e+00
2.314288616180419922e+00
2.312507867813110352e+00
2.315061330795288086e+00
2.952261924743652344e+00
2.332211017608642578e+00
2.316142797470092773e+00
2.322689533233642578e+00
2.314444303512573242e+00
2.309292078018188477e+00
2.309723377227783203e+00
2.321123600006103516e+00
2.356422662734985352e+00
2.312541484832763672e+00
2.940790891647338867e+00
2.319225549697875977e+00
2.945553779602050781e+00
2.316055297851562500e+00
2.318301200866699219e+00
2.947185993194580078e+00
2.947543621063232422e+00
2.308738470077514648e+00
2.953049421310424805e+00
2.321129083633422852e+00
2.944108247756958008e+00
2.311368942260742188e+00
2.338945150375366211e+00
2.961781024932861328e+00
2.310557126998901367e+00
2.313164472579956055e+00
2.321057081222534180e+00
2.306347608566284180e+00
2.942036151885986328e+00
2.949565887451171875e+00
2.316777706146240234e+00
2.328044891357421875e+00
2.306426286697387695e+00
2.319779157638549805e+00
2.309721708297729492e+00
2.325863361358642578e+00
2.315257072448730469e+00
2.317502975463867188e+00
2.334778070449829102e+00
2.316084861755371094e+00
2.319577455520629883e+00
2.313027620315551758e+00
2.943365573883056641e+00
2.325354099273681641e+00
2.953909397125244141e+00
2.339026689529418945e+00
2.311662197113037109e+00
2.311479806900024414e+00
2.321043729782104492e+00
2.313789129257202148e+00
2.311451911926269531e+00
2.317774295806884766e+00
2.325942277908325195e+00
2.318049430847167969e+00
2.944079637527465820e+00
2.327185630798339844e+00
2.320373296737670898e+00
2.313562393188476562e+00
2.307097434997558594e+00
2.319637298583984375e+00
2.311978340148925781e+00
2.317553758621215820e+00
2.314089536666870117e+00
2.320380449295043945e+00
2.311498403549194336e+00
2.312412977218627930e+00
2.320455074310302734e+00
2.314278841018676758e+00
2.318717956542968750e+00
2.940475225448608398e+00
2.318445920944213867e+00
2.950229406356811523e+00
2.314223527908325195e+00
2.318507671356201172e+00
2.313914299011230469e+00
2.317010879516601562e+00
2.323701381683349609e+00
2.316998004913330078e+00
2.318987607955932617e+00
2.321660041809082031e+00
2.316097736358642578e+00
2.317195892333984375e+00
2.328808784484863281e+00
2.330541610717773438e+00
2.316758871078491211e+00
2.314461708068847656e+00
2.315372228622436523e+00
2.940443277359008789e+00
2.313977718353271484e+00
2.322029352188110352e+00
2.314557075500488281e+00
2.323884248733520508e+00
2.321531772613525391e+00
2.321660995483398438e+00
2.313449382781982422e+00
2.971862316131591797e+00
2.319603443145751953e+00
2.307347536087036133e+00
2.318260908126831055e+00
2.324488401412963867e+00
2.312663078308105469e+00
2.316715002059936523e+00
2.947700262069702148e+00
2.318737268447875977e+00
2.937467336654663086e+00
2.946100950241088867e+00
2.318462371826171875e+00
2.328177690505981445e+00
2.328655958175659180e+00
2.323200702667236328e+00
2.319090366363525391e+00
2.317676782608032227e+00
2.316101551055908203e+00
2.320778846740722656e+00
2.312147617340087891e+00
2.307890892028808594e+00
2.951305150985717773e+00
2.319376945495605469e+00
2.312694787979125977e+00
2.305903673171997070e+00
2.324552059173583984e+00
2.321345090866088867e+00
2.306849479675292969e+00
2.314987897872924805e+00
2.960530519485473633e+00
2.313372850418090820e+00
2.314747571945190430e+00
2.317426443099975586e+00
2.315831661224365234e+00
2.953977823257446289e+00
2.945873260498046875e+00
2.328886032104492188e+00
2.321113348007202148e+00
2.316800117492675781e+00
2.308942794799804688e+00
2.321994304656982422e+00
2.337800025939941406e+00
2.949717283248901367e+00
2.312656164169311523e+00
2.333370923995971680e+00
2.320711374282836914e+00
2.945833683013916016e+00
2.941911458969116211e+00
2.326206445693969727e+00
2.943192481994628906e+00
2.311512231826782227e+00
2.952729225158691406e+00
2.954288482666015625e+00
2.352634906768798828e+00
2.935481071472167969e+00
2.320322751998901367e+00
2.326865673065185547e+00
2.952573060989379883e+00
2.941527366638183594e+00
2.323610782623291016e+00
2.317656517028808594e+00
2.303486347198486328e+00
2.320140361785888672e+00
2.318171977996826172e+00
2.314551591873168945e+00
2.314047813415527344e+00
2.314474582672119141e+00
2.319470643997192383e+00
2.939653158187866211e+00
2.314561367034912109e+00
2.951583862304687500e+00
2.315261602401733398e+00
2.310255527496337891e+00
2.945742368698120117e+00
2.306537151336669922e+00
2.951361894607543945e+00
2.935901880264282227e+00
2.319086790084838867e+00
2.318715810775756836e+00
2.319262742996215820e+00
2.313494443893432617e+00
2.342008829116821289e+00
2.320463895797729492e+00
2.312437057495117188e+00
2.311676502227783203e+00
2.326518297195434570e+00
