2.854171320648193344e+00
1.945881829910278249e+00
1.799996521224975554e+00
1.704371328964233490e+00
1.638017844314575200e+00
1.573884721908569428e+00
1.496772552642822163e+00
1.417236643295288090e+00
1.365533272476196380e+00
1.316297003517150843e+00
1.259211803321838463e+00
1.228674616928100649e+00
1.194610827159881650e+00
1.133956342658996475e+00
1.098877505187988213e+00
1.060516383438110388e+00
1.038222801284790053e+00
1.012148293533325250e+00
9.629789377403259465e-01
9.656880425834655224e-01
9.056823466491699115e-01
9.144550176239013561e-01
8.686730247497558288e-01
8.409243790054321543e-01
8.320792665863037119e-01
8.026713318634033367e-01
7.843676030158996948e-01
7.624585659408569249e-01
7.549610970497131479e-01
7.293193492507934472e-01
6.886296741676330990e-01
6.773891587638855016e-01
6.730729726314544914e-01
6.392527940368651906e-01
6.318419670772552621e-01
6.399309947395325215e-01
6.186714870452880710e-01
6.046337250518798445e-01
5.936135369491577496e-01
5.795692699050902785e-01
5.848460164546966933e-01
5.728687496185302930e-01
5.712411421585082971e-01
5.432278503608704012e-01
5.498030086517333714e-01
5.461120171356200759e-01
5.252060839176178053e-01
5.212957211112976275e-01
5.111631596946716316e-01
5.207184500694275187e-01
5.049611105728148974e-01
4.935811788845061998e-01
4.879977581214904880e-01
5.108428285026550553e-01
4.730010855007171777e-01
4.750875153923034833e-01
4.702658244609832505e-01
4.603343353652953884e-01
4.756745374202728249e-01
4.568486219215392996e-01
4.579519904518127293e-01
4.452562593078613351e-01
4.310414239978790363e-01
4.488277265548706318e-01
4.097863153648376722e-01
4.353280727386474869e-01
4.107022664642334120e-01
4.239107791614532550e-01
4.187927444458007797e-01
4.143671435737609765e-01
4.186685175895690780e-01
4.205235520553589068e-01
3.831685373878478962e-01
4.049995550918579212e-01
3.910412677001953163e-01
3.924333245086669697e-01
3.844904936552047681e-01
3.753648368930816437e-01
3.959873477649688556e-01
3.696862069988250954e-01
4.000512915420532112e-01
3.569171036148071074e-01
3.761733928203582766e-01
3.553307615661621122e-01
3.485102930831909251e-01
3.568684659576416007e-01
3.418723540687561013e-01
3.503443223094940273e-01
3.623275497245788679e-01
3.598124571228027424e-01
3.537463502025604001e-01
3.687162133598327896e-01
3.434661186695098789e-01
3.613712570953369063e-01
3.334951044654846375e-01
3.276252684211731214e-01
3.263862556266784454e-01
3.431446920299530134e-01
3.523029441547393947e-01
3.169657600593566715e-01
2.125484113311767453e-01
1.842913085269927975e-01
1.649865129423141452e-01
1.491088807415962281e-01
1.498146420383453248e-01
1.375530273580551077e-01
1.363306872653961277e-01
1.277822841489315020e-01
1.276202561783790490e-01
1.219318843436241195e-01
1.204135093688964847e-01
1.235086539888382018e-01
1.131723435044288684e-01
1.088777429151535081e-01
1.150557976150512751e-01
1.055238721835613236e-01
1.038510790634155218e-01
1.030123801279067969e-01
9.573080270290375282e-02
9.518171938180923497e-02
9.229956017017364178e-02
9.351847042560577916e-02
9.108038095951080659e-02
8.667011960268020121e-02
8.442006823539734139e-02
8.011019933342933275e-02
8.680657299518584891e-02
7.912074251890181820e-02
7.879422767400741379e-02
7.346385723590850847e-02
7.809476974010468031e-02
6.471342954635619926e-02
6.282363499879836666e-02
6.375434918880462654e-02
7.029910749256611247e-02
5.840503616333007908e-02
6.607943801164627151e-02
6.726499618530273894e-02
5.721654769778251881e-02
6.042871577978134456e-02
6.086115360975265232e-02
5.888126252651214310e-02
5.828060805320739446e-02
6.205489754199981778e-02
5.631393258094787718e-02
6.123229526758194180e-02
5.352138386130332603e-02
5.445896295070647847e-02
5.700720064640045492e-02
5.622243250608444098e-02
4.324524475634097809e-02
3.960518245816230937e-02
3.598651901662349578e-02
3.828562957882881285e-02
3.264646972179412882e-02
3.496871042728424278e-02
3.937879303574562395e-02
3.453744904875755140e-02
3.894682751655578756e-02
3.347186476051807608e-02
3.481943534851074384e-02
3.410149049520492387e-02
2.974607239663601063e-02
3.500352719187736772e-02
3.482389400959014919e-02
3.562350019097328124e-02
3.355501283645630217e-02
3.468533317059278170e-02
3.112435419499874276e-02
3.507289132565259704e-02
3.379356641769409170e-02
3.349005472183227278e-02
3.535762141108513001e-02
3.346311636969447056e-02
3.043673859879374513e-02
3.262241196542978172e-02
3.636971605539322111e-02
2.998355052500963069e-02
3.067264484167098876e-02
2.850023414373397887e-02
3.101631525278091342e-02
3.415504522740840654e-02
3.125778488874435268e-02
3.122533830404281702e-02
3.009356456398963944e-02
3.165642161607742228e-02
2.952901638627052419e-02
2.926117559909820545e-02
3.000112029075622730e-02
2.635045690998434956e-02
2.862125441193580713e-02
3.038336063623428215e-02
2.838986476182937466e-02
3.359258456707001073e-02
3.067974527716636757e-02
3.280393185138702483e-02
2.915154817819595387e-02
2.768297699928283853e-02
2.839577340185642229e-02
3.010292401790619007e-02
