1.911999893188476562e+01
2.606999969482421875e+01
2.725000000000000000e+01
3.386000061035156250e+01
4.127999877929687500e+01
3.987999725341796875e+01
4.246999740600585938e+01
3.666999816894531250e+01
3.395999908447265625e+01
4.819999694824218750e+01
4.003999710083007812e+01
4.962999725341796875e+01
4.802999877929687500e+01
5.079999923706054688e+01
5.343000030517578125e+01
4.584999847412109375e+01
6.041999816894531250e+01
5.680999755859375000e+01
4.550999832153320312e+01
5.968999862670898438e+01
6.165999984741210938e+01
6.433000183105468750e+01
5.803999710083007812e+01
6.252999877929687500e+01
5.966999816894531250e+01
5.868000030517578125e+01
4.950000000000000000e+01
6.207999801635742188e+01
6.059000015258789062e+01
6.823999786376953125e+01
7.297000122070312500e+01
5.962999725341796875e+01
6.575000000000000000e+01
6.193000030517578125e+01
6.850999450683593750e+01
6.645999908447265625e+01
7.029000091552734375e+01
6.593000030517578125e+01
7.115000152587890625e+01
6.401000213623046875e+01
7.368999481201171875e+01
7.026999664306640625e+01
6.255999755859375000e+01
7.461999511718750000e+01
7.200000000000000000e+01
7.209999847412109375e+01
7.263999938964843750e+01
5.534999847412109375e+01
7.494999694824218750e+01
6.445999908447265625e+01
6.950000000000000000e+01
6.725999450683593750e+01
7.106999969482421875e+01
7.325000000000000000e+01
7.013999938964843750e+01
7.898999786376953125e+01
5.330999755859375000e+01
7.155999755859375000e+01
6.751999664306640625e+01
6.105999755859375000e+01
7.520999908447265625e+01
6.725000000000000000e+01
6.794999694824218750e+01
7.768999481201171875e+01
6.504000091552734375e+01
7.375999450683593750e+01
4.322999954223632812e+01
5.521999740600585938e+01
4.180999755859375000e+01
7.669999694824218750e+01
7.252999877929687500e+01
6.615999603271484375e+01
7.452999877929687500e+01
6.861000061035156250e+01
7.479000091552734375e+01
7.908999633789062500e+01
7.318000030517578125e+01
5.998999786376953125e+01
7.093999481201171875e+01
7.865999603271484375e+01
6.218000030517578125e+01
7.776999664306640625e+01
7.497000122070312500e+01
5.905999755859375000e+01
7.962999725341796875e+01
7.840999603271484375e+01
7.894999694824218750e+01
5.107999801635742188e+01
7.622999572753906250e+01
7.141999816894531250e+01
7.737999725341796875e+01
7.044999694824218750e+01
7.895999908447265625e+01
7.618000030517578125e+01
8.519999694824218750e+01
3.945999908447265625e+01
7.330999755859375000e+01
7.159999847412109375e+01
7.956999969482421875e+01
7.526999664306640625e+01
9.045999908447265625e+01
9.070999908447265625e+01
9.081999969482421875e+01
9.109999847412109375e+01
9.114999389648437500e+01
9.137999725341796875e+01
9.126999664306640625e+01
9.119999694824218750e+01
9.157999420166015625e+01
9.132999420166015625e+01
9.129999542236328125e+01
9.136999511718750000e+01
9.113999938964843750e+01
9.131999969482421875e+01
9.129999542236328125e+01
9.144999694824218750e+01
9.102999877929687500e+01
9.105999755859375000e+01
9.093000030517578125e+01
9.127999877929687500e+01
9.116999816894531250e+01
9.122000122070312500e+01
9.136999511718750000e+01
9.062999725341796875e+01
8.897000122070312500e+01
9.084999847412109375e+01
9.087999725341796875e+01
9.098999786376953125e+01
9.154000091552734375e+01
9.080999755859375000e+01
9.134999847412109375e+01
9.068000030517578125e+01
9.079000091552734375e+01
9.075000000000000000e+01
9.134999847412109375e+01
9.073999786376953125e+01
9.111000061035156250e+01
9.125000000000000000e+01
9.084999847412109375e+01
9.116999816894531250e+01
9.100999450683593750e+01
9.130999755859375000e+01
9.011000061035156250e+01
8.994999694824218750e+01
9.032999420166015625e+01
9.093000030517578125e+01
9.079999542236328125e+01
8.934999847412109375e+01
8.781999969482421875e+01
9.126999664306640625e+01
9.188999938964843750e+01
9.173999786376953125e+01
9.175999450683593750e+01
9.179999542236328125e+01
9.163999938964843750e+01
9.175999450683593750e+01
9.176999664306640625e+01
9.181999969482421875e+01
9.186000061035156250e+01
9.184999847412109375e+01
9.181999969482421875e+01
9.175999450683593750e+01
9.186999511718750000e+01
9.173999786376953125e+01
9.186999511718750000e+01
9.179999542236328125e+01
9.173999786376953125e+01
9.177999877929687500e+01
9.176999664306640625e+01
9.179000091552734375e+01
9.175000000000000000e+01
9.181999969482421875e+01
9.183999633789062500e+01
9.186000061035156250e+01
9.181999969482421875e+01
9.182999420166015625e+01
9.164999389648437500e+01
9.172999572753906250e+01
9.191999816894531250e+01
9.176999664306640625e+01
9.183999633789062500e+01
9.175000000000000000e+01
9.176999664306640625e+01
9.179000091552734375e+01
9.170999908447265625e+01
9.165999603271484375e+01
9.184999847412109375e+01
9.161999511718750000e+01
9.176999664306640625e+01
9.177999877929687500e+01
9.175000000000000000e+01
9.172000122070312500e+01
9.168999481201171875e+01
9.158999633789062500e+01
9.177999877929687500e+01
9.175999450683593750e+01
9.168999481201171875e+01
9.162999725341796875e+01
9.161000061035156250e+01
9.186999511718750000e+01
