4.053618907928466797e-01
3.876228332519531250e-01
3.990828990936279297e-01
3.840553760528564453e-01
3.914849758148193359e-01
4.030904769897460938e-01
3.860254287719726562e-01
3.836200237274169922e-01
4.032826423645019531e-01
3.844478130340576172e-01
3.834702968597412109e-01
3.884620666503906250e-01
3.984935283660888672e-01
3.825135231018066406e-01
3.857603073120117188e-01
3.987255096435546875e-01
3.863260746002197266e-01
3.866708278656005859e-01
3.899698257446289062e-01
4.043884277343750000e-01
3.828444480895996094e-01
3.884551525115966797e-01
3.944375514984130859e-01
3.929347991943359375e-01
3.861773014068603516e-01
3.834922313690185547e-01
3.919382095336914062e-01
3.951244354248046875e-01
3.894288539886474609e-01
3.948242664337158203e-01
3.981516361236572266e-01
3.919308185577392578e-01
3.873269557952880859e-01
3.936622142791748047e-01
3.976254463195800781e-01
3.893876075744628906e-01
3.839478492736816406e-01
3.978998661041259766e-01
3.901107311248779297e-01
3.888409137725830078e-01
3.812525272369384766e-01
3.970959186553955078e-01
4.056494235992431641e-01
3.843665122985839844e-01
3.889636993408203125e-01
3.956191539764404297e-01
3.831951618194580078e-01
3.902373313903808594e-01
3.975727558135986328e-01
3.921368122100830078e-01
3.887596130371093750e-01
3.856408596038818359e-01
3.945631980895996094e-01
3.895189762115478516e-01
3.890283107757568359e-01
3.891201019287109375e-01
3.945298194885253906e-01
3.958146572113037109e-01
3.838126659393310547e-01
3.889410495758056641e-01
3.873980045318603516e-01
3.936741352081298828e-01
3.869392871856689453e-01
3.979523181915283203e-01
4.007968902587890625e-01
3.827614784240722656e-01
3.901224136352539062e-01
3.968832492828369141e-01
3.865673542022705078e-01
3.846418857574462891e-01
3.873393535614013672e-01
3.938348293304443359e-01
3.914489746093750000e-01
3.870999813079833984e-01
3.943130970001220703e-01
3.895695209503173828e-01
3.903372287750244141e-01
3.831424713134765625e-01
3.922846317291259766e-01
3.880071640014648438e-01
3.894052505493164062e-01
3.897225856781005859e-01
3.948516845703125000e-01
3.902492523193359375e-01
3.889255523681640625e-01
3.931071758270263672e-01
3.897695541381835938e-01
3.920073509216308594e-01
3.924515247344970703e-01
3.874707221984863281e-01
3.957326412200927734e-01
3.892621994018554688e-01
3.885033130645751953e-01
3.854598999023437500e-01
3.878474235534667969e-01
3.896234035491943359e-01
3.875994682312011719e-01
3.884878158569335938e-01
3.944504261016845703e-01
3.838927745819091797e-01
3.867321014404296875e-01
3.921604156494140625e-01
3.878214359283447266e-01
3.858423233032226562e-01
3.859767913818359375e-01
3.893582820892333984e-01
3.951776027679443359e-01
3.865690231323242188e-01
3.911631107330322266e-01
3.890295028686523438e-01
3.913409709930419922e-01
3.920862674713134766e-01
3.930284976959228516e-01
3.854491710662841797e-01
3.971455097198486328e-01
3.932178020477294922e-01
3.852884769439697266e-01
3.930742740631103516e-01
3.971498012542724609e-01
3.842597007751464844e-01
3.904933929443359375e-01
3.955283164978027344e-01
3.917019367218017578e-01
3.862955570220947266e-01
3.924636840820312500e-01
3.935208320617675781e-01
3.887357711791992188e-01
3.948285579681396484e-01
3.872618675231933594e-01
3.921339511871337891e-01
3.853116035461425781e-01
3.909590244293212891e-01
3.954303264617919922e-01
3.867726325988769531e-01
3.853001594543457031e-01
3.973665237426757812e-01
3.927059173583984375e-01
3.859665393829345703e-01
3.835458755493164062e-01
3.945727348327636719e-01
3.929653167724609375e-01
3.842477798461914062e-01
3.890893459320068359e-01
3.942606449127197266e-01
3.897669315338134766e-01
3.913643360137939453e-01
3.911454677581787109e-01
3.928568363189697266e-01
3.913893699645996094e-01
3.926985263824462891e-01
4.019176959991455078e-01
3.955547809600830078e-01
3.863668441772460938e-01
3.835847377777099609e-01
3.965013027191162109e-01
3.993182182312011719e-01
3.900272846221923828e-01
3.863525390625000000e-01
3.882651329040527344e-01
3.898248672485351562e-01
3.918740749359130859e-01
3.924732208251953125e-01
3.973851203918457031e-01
3.923230171203613281e-01
3.855359554290771484e-01
3.983004093170166016e-01
3.974313735961914062e-01
3.861308097839355469e-01
3.898210525512695312e-01
3.940753936767578125e-01
3.931441307067871094e-01
3.910703659057617188e-01
3.865599632263183594e-01
3.957073688507080078e-01
3.912718296051025391e-01
3.815858364105224609e-01
3.938708305358886719e-01
3.947560787200927734e-01
3.878109455108642578e-01
3.891329765319824219e-01
3.919641971588134766e-01
3.946371078491210938e-01
3.895554542541503906e-01
3.894388675689697266e-01
4.005074501037597656e-01
3.900709152221679688e-01
3.855566978454589844e-01
3.923344612121582031e-01
3.892002105712890625e-01
4.001936912536621094e-01
3.865263462066650391e-01
3.908843994140625000e-01
3.949735164642333984e-01
3.864629268646240234e-01
3.918445110321044922e-01
3.929808139801025391e-01
3.938977718353271484e-01
3.836278915405273438e-01
3.857822418212890625e-01
3.999767303466796875e-01
