1.414985132217407227e+01
1.357822179794311523e+01
1.344192814826965332e+01
1.452015137672424316e+01
1.397768425941467285e+01
1.398909664154052734e+01
1.359219145774841309e+01
1.451124334335327148e+01
1.402504754066467285e+01
1.432862973213195801e+01
1.389166164398193359e+01
1.400862026214599609e+01
1.376424479484558105e+01
1.424369144439697266e+01
1.385426759719848633e+01
1.387844204902648926e+01
1.342810559272766113e+01
1.407127928733825684e+01
1.405919909477233887e+01
1.420306444168090820e+01
1.405931544303894043e+01
1.342375516891479492e+01
1.398111510276794434e+01
1.430044865608215332e+01
1.411645555496215820e+01
1.394624090194702148e+01
1.393387007713317871e+01
1.439754748344421387e+01
1.386014556884765625e+01
1.419589710235595703e+01
1.345642304420471191e+01
1.344762158393859863e+01
1.415764927864074707e+01
1.376369857788085938e+01
1.345904302597045898e+01
1.345905113220214844e+01
1.403267478942871094e+01
1.345328545570373535e+01
1.344584488868713379e+01
1.341969084739685059e+01
1.420973277091979980e+01
1.354028058052062988e+01
1.352225589752197266e+01
1.402025675773620605e+01
1.400238323211669922e+01
1.416676831245422363e+01
1.402099180221557617e+01
1.344799542427062988e+01
1.346911525726318359e+01
1.344284391403198242e+01
1.366157293319702148e+01
1.340946722030639648e+01
1.375405955314636230e+01
1.356770992279052734e+01
1.351744866371154785e+01
1.351661634445190430e+01
1.357844257354736328e+01
1.407084393501281738e+01
1.428363990783691406e+01
1.396357703208923340e+01
1.345695066452026367e+01
1.347365689277648926e+01
1.365238571166992188e+01
1.346344137191772461e+01
1.347808170318603516e+01
1.378342509269714355e+01
1.389220309257507324e+01
1.375077056884765625e+01
1.402350211143493652e+01
1.348336482048034668e+01
1.382103800773620605e+01
1.349592471122741699e+01
1.345677661895751953e+01
1.382881402969360352e+01
1.389172244071960449e+01
1.355205893516540527e+01
1.363925933837890625e+01
1.384525012969970703e+01
1.420088577270507812e+01
1.479753255844116211e+01
1.343811106681823730e+01
1.376802325248718262e+01
1.349391126632690430e+01
1.403083324432373047e+01
1.341474175453186035e+01
1.374188518524169922e+01
1.404903221130371094e+01
1.392582845687866211e+01
1.391007804870605469e+01
1.397468185424804688e+01
1.344204092025756836e+01
1.344586730003356934e+01
1.390672230720520020e+01
1.342061710357666016e+01
1.342805290222167969e+01
1.374291253089904785e+01
1.398773622512817383e+01
1.341931772232055664e+01
1.428837656974792480e+01
1.398143911361694336e+01
1.416125392913818359e+01
1.405562591552734375e+01
1.401697158813476562e+01
1.423332428932189941e+01
1.393796563148498535e+01
1.376602602005004883e+01
1.406040954589843750e+01
1.404397940635681152e+01
1.445561861991882324e+01
1.365166544914245605e+01
1.353318929672241211e+01
1.395146417617797852e+01
1.343911409378051758e+01
1.440206885337829590e+01
1.359250092506408691e+01
1.348564672470092773e+01
1.415291738510131836e+01
1.397740864753723145e+01
1.446615505218505859e+01
1.396772265434265137e+01
1.406783866882324219e+01
1.345629429817199707e+01
1.366726565361022949e+01
1.427440071105957031e+01
1.345006084442138672e+01
1.355610322952270508e+01
1.374861359596252441e+01
1.421408534049987793e+01
1.373388242721557617e+01
1.365904259681701660e+01
1.376792311668395996e+01
1.346996450424194336e+01
1.358144474029541016e+01
1.343764877319335938e+01
1.396993613243103027e+01
1.344777059555053711e+01
1.403086328506469727e+01
1.463051700592041016e+01
1.402329397201538086e+01
1.444712018966674805e+01
1.410856103897094727e+01
1.342169141769409180e+01
1.409600114822387695e+01
1.345393848419189453e+01
1.428220605850219727e+01
1.394381332397460938e+01
1.400312900543212891e+01
1.413825392723083496e+01
1.345475578308105469e+01
1.345819020271301270e+01
1.370721626281738281e+01
1.392799639701843262e+01
1.407027482986450195e+01
1.393466854095458984e+01
1.389873075485229492e+01
1.356915545463562012e+01
1.404383563995361328e+01
1.341641283035278320e+01
1.353425598144531250e+01
1.400373816490173340e+01
1.342387366294860840e+01
1.384577369689941406e+01
1.381102585792541504e+01
1.342948126792907715e+01
1.389730048179626465e+01
1.343571972846984863e+01
1.345096731185913086e+01
1.418067765235900879e+01
1.358613252639770508e+01
1.376018452644348145e+01
1.406788492202758789e+01
1.378108882904052734e+01
1.342752957344055176e+01
1.380314707756042480e+01
1.437634325027465820e+01
1.419742846488952637e+01
1.378361129760742188e+01
1.416893649101257324e+01
1.405087232589721680e+01
1.383918285369873047e+01
1.418399858474731445e+01
1.389228081703186035e+01
1.342930603027343750e+01
1.342975783348083496e+01
1.344686508178710938e+01
1.376524186134338379e+01
1.387183618545532227e+01
1.343195986747741699e+01
1.430857539176940918e+01
1.345919394493103027e+01
1.417861199378967285e+01
1.345312452316284180e+01
1.399187469482421875e+01
1.447473430633544922e+01
1.436696147918701172e+01
1.408271384239196777e+01
1.353021907806396484e+01
1.413950705528259277e+01
1.420630598068237305e+01
1.403955364227294922e+01
