1.575999999816894537e+01
2.486400000183105519e+01
2.947199999389648539e+01
3.329600000183105379e+01
3.694399998779297078e+01
4.070400000000000063e+01
4.324800000976562586e+01
4.566399999389648201e+01
4.963199999267578022e+01
5.167999999389648735e+01
5.316800000244140278e+01
5.526399999267577812e+01
5.670399999023437232e+01
5.887999999023437425e+01
5.875199998291015646e+01
6.070400000610351299e+01
6.225599998291015424e+01
6.430399999633789321e+01
6.507200000488280978e+01
6.606400000610351242e+01
6.719999997314452855e+01
6.779200000610352106e+01
6.862399999267577755e+01
6.961599999511719261e+01
7.019200000244140369e+01
7.092799999267577959e+01
7.183999997558593975e+01
7.329599998291016050e+01
7.344000000732421540e+01
7.411199999267577709e+01
7.481600001708984848e+01
7.606400000488281421e+01
7.662399999511718818e+01
7.651200000732421813e+01
7.843199998535156681e+01
7.703999997558594259e+01
7.824000001708984087e+01
7.854399997314453685e+01
7.835200000488281091e+01
7.921599997314453390e+01
7.968000000488281387e+01
8.052799999511718454e+01
7.879999999511719011e+01
8.107200000244139915e+01
8.105599997314453731e+01
8.119999999511718158e+01
8.195199999755858755e+01
8.110399999755858857e+01
8.135999997314452514e+01
8.153600000732421904e+01
8.151999998535156067e+01
8.289600001708984678e+01
8.262399998779297050e+01
8.235199998535156851e+01
8.345599999511718181e+01
8.217600000732421961e+01
8.260799999511718283e+01
8.323200000488280637e+01
8.363199998779296607e+01
8.486400000732422200e+01
8.372799997802734140e+01
8.375999997558594146e+01
8.411199998535155942e+01
8.377599997802734322e+01
8.420800000488280546e+01
8.403199999511718943e+01
8.495999999755859733e+01
8.436799997558593134e+01
8.443199997558593850e+01
8.510399998535156385e+01
8.572800000732421211e+01
8.542399997314453231e+01
8.551999998779297130e+01
8.519999997558593918e+01
8.510399997802734617e+01
8.550399998535156953e+01
8.603199999511718943e+01
8.585599998779296982e+01
8.660800000732422177e+01
8.582399997558593441e+01
8.625599999755858960e+01
8.619199998535155771e+01
8.563199997558594134e+01
8.607999997802734526e+01
8.662399999755859881e+01
8.656000001708984826e+01
8.526399999755859938e+01
8.638399998779297562e+01
8.684799999755858835e+01
8.684799999755858835e+01
8.686399998779296538e+01
8.683200000732422552e+01
8.600000001708984598e+01
8.755199998535155714e+01
8.735999999511719238e+01
8.763199998779296607e+01
8.753600000732421904e+01
8.795199999755858755e+01
8.731199998535156226e+01
8.753599998779296243e+01
9.231999997802734015e+01
9.369600001953125457e+01
9.460799999755859346e+01
9.449599999755859869e+01
9.494399997802734958e+01
9.513599997802734265e+01
9.499200001953124683e+01
9.526399999999999579e+01
9.523199998779297459e+01
9.545599998779296413e+01
9.564800000976562444e+01
9.561600001953125627e+01
9.668800000976563069e+01
9.585599999755859812e+01
9.622400001953124615e+01
9.644800000976562160e+01
9.608000001953125491e+01
9.641599997802734379e+01
9.681600000000000250e+01
9.670399999999999352e+01
9.667199997802734401e+01
9.668800000976563069e+01
9.686400000000000432e+01
9.694399997802734958e+01
9.700799999999999557e+01
9.676800000976562899e+01
9.702399997802734788e+01
9.712000000976561864e+01
9.742400001953124900e+01
9.718400001953125411e+01
9.723200000976562762e+01
9.747199999999999420e+01
9.772799999999999443e+01
9.771199997802735027e+01
9.788800001953124763e+01
9.713600000976562399e+01
9.787200001953125650e+01
9.816000001953125320e+01
9.753600000000000136e+01
9.796800001953124593e+01
9.788800000976561932e+01
9.803200000976562478e+01
9.824000000976562319e+01
9.849599999999999511e+01
9.806399999999999295e+01
9.816000001953125320e+01
9.859199999999999875e+01
9.800000001953125661e+01
9.836800000976562330e+01
9.827200000976561967e+01
9.865600000000000591e+01
9.886400000976561842e+01
9.894400000000000261e+01
9.908800000976562217e+01
9.899200000976561853e+01
9.897599999999999909e+01
9.900799999999999557e+01
9.894400000000000261e+01
9.916800000976562046e+01
9.897600000976562740e+01
9.916800000976562046e+01
9.891199997802733890e+01
9.884800001953125559e+01
9.892799999999999727e+01
9.918400000976562580e+01
9.918399999999999750e+01
9.899200000000000443e+01
9.918399999999999750e+01
9.883200000976562194e+01
9.913600000976562399e+01
9.929600000000000648e+01
9.928000000000000114e+01
9.907200000000000273e+01
9.913599999999999568e+01
9.926399999999999579e+01
9.907199997802734970e+01
9.932800000000000296e+01
9.931199999999999761e+01
9.934399999999999409e+01
9.934399999999999409e+01
9.912000000976561864e+01
9.934399999999999409e+01
9.918399999999999750e+01
9.924800000976561876e+01
9.923200000976562762e+01
9.923200000976562762e+01
9.928000000000000114e+01
9.912000000000000455e+01
9.916800000000000637e+01
9.931199999999999761e+01
9.932800000000000296e+01
9.923200000976562762e+01
9.931199999999999761e+01
9.928000000000000114e+01
9.934399999999999409e+01
9.935999999999999943e+01
9.920000000000000284e+01
9.923199999999999932e+01
9.918400000976562580e+01
9.931200000976562592e+01
