3.002110571060180533e+00
2.097402506027221669e+00
2.025152373657226779e+00
1.978491297149658212e+00
1.921432251091003351e+00
1.854078222503662055e+00
1.801520853271484368e+00
1.757281722793579082e+00
1.696833696556091287e+00
1.671623885726928771e+00
1.610631969985961920e+00
1.539082049789428641e+00
1.474855263366699143e+00
1.418025987129211352e+00
1.325647837028503417e+00
1.308624068222045800e+00
1.245278973770141517e+00
1.207173585109710734e+00
1.156718571281433183e+00
1.125494882583618184e+00
1.098883647232055560e+00
1.082799234771728569e+00
1.045364947891235241e+00
9.959781671905517664e-01
9.949521297073363746e-01
9.825107047653198755e-01
9.499638755416870417e-01
9.232687711715698020e-01
9.403875016784667418e-01
9.046491683578491427e-01
9.157109814262389680e-01
8.852762390708923679e-01
8.830321128845214362e-01
8.567751611709594206e-01
8.520577226257324277e-01
8.521859298706054853e-01
8.312179960441589133e-01
8.233463654708862434e-01
7.962447332191466831e-01
8.019930048942566225e-01
7.810654052734374853e-01
7.780218697738647826e-01
7.603018670654296818e-01
7.580117273330688743e-01
7.464287005996703694e-01
7.268365452003479055e-01
7.107076027679443131e-01
7.110295495796203902e-01
6.876409038543701557e-01
6.919307508468628409e-01
6.848468291473388536e-01
6.754760804748535241e-01
6.655083906936645199e-01
6.538473042488097686e-01
6.604184865951537864e-01
6.369969782257079993e-01
6.301246474075317128e-01
6.186004321861267030e-01
6.283092200851440046e-01
6.077041375732421535e-01
5.898647715950011694e-01
6.015009311676025039e-01
5.845170754909515543e-01
6.141397176170348970e-01
5.662262449645996121e-01
5.680654438591002942e-01
5.548345025634765504e-01
5.563501559066772462e-01
5.558483238410949490e-01
5.560807336902617859e-01
5.581756786346435684e-01
5.512615287780762152e-01
5.467535323905944322e-01
5.220046504402160448e-01
5.385581227207183463e-01
5.191214270401001141e-01
5.230921240234375214e-01
5.280919102859497061e-01
5.200873754787445069e-01
5.014120219421386304e-01
5.213626636695861682e-01
5.094164678955077630e-01
5.048430049133301178e-01
4.784956029701232794e-01
5.158271525192260620e-01
5.063798963546752852e-01
4.773735662460327211e-01
4.683988007736206161e-01
4.712755429649352901e-01
4.790253499031066897e-01
4.487003081130981341e-01
4.628669783496856538e-01
4.628643357658386304e-01
4.820022279167175405e-01
4.737476095199584791e-01
4.515905232048034734e-01
4.607820514678955259e-01
4.609237252712249933e-01
4.580365109920501721e-01
4.257426086616515892e-01
2.843836144685745193e-01
2.299915555953979396e-01
2.088741841793060328e-01
1.974713649034500196e-01
1.817842054843902544e-01
1.717178791856765752e-01
1.658052009105682456e-01
1.485195772147178683e-01
1.442984689760208050e-01
1.482828404188156202e-01
1.378982874751090992e-01
1.272995442152023426e-01
1.194486838197708067e-01
1.324074018049240242e-01
1.208326068210601872e-01
1.169741313409805306e-01
1.098905835175514184e-01
1.040626848554611211e-01
1.000671448516845669e-01
1.041730022406577999e-01
9.971466683387755769e-02
9.079954076766967586e-02
8.466737414360046843e-02
8.788789091110230101e-02
8.840023296833038335e-02
7.831749976396561175e-02
8.382710884332657264e-02
7.837151344776153994e-02
8.148640849590300939e-02
6.911452536106109379e-02
7.344631438493728903e-02
7.515238594174385167e-02
7.140334222555159982e-02
6.796325417995452423e-02
6.662843339085579297e-02
6.894130868434905635e-02
5.514520109653472946e-02
5.746674091219901997e-02
5.827700569391250363e-02
6.198491534709930223e-02
4.861265645623207010e-02
5.957847219228744329e-02
5.438934360206126861e-02
5.033632924318313939e-02
5.507100459575653417e-02
5.010011520266532958e-02
5.580714188933372233e-02
4.488674815773963794e-02
4.885795374810695396e-02
5.648243843555450505e-02
3.721555943489074370e-02
3.865592941284179407e-02
3.387035048484802330e-02
3.407541847765445386e-02
3.200434903621673238e-02
2.910524286508560030e-02
2.623004662990570043e-02
2.919987620353698896e-02
2.846509531557559966e-02
3.001733802795410189e-02
2.641770503997802749e-02
2.200741087153553974e-02
2.609831750869751055e-02
2.589282499790191566e-02
2.361615190088748803e-02
2.370030699849128702e-02
2.643033065319061112e-02
2.216519168138503942e-02
2.399209842771291706e-02
2.777568519860506083e-02
2.263186015337705775e-02
2.423479756534099513e-02
2.349758380889892598e-02
2.673109885543584890e-02
2.179505741178989348e-02
2.154383682310581291e-02
2.774417286932468266e-02
2.223797862470150086e-02
2.176941263854503469e-02
2.294807595610618561e-02
1.955551310300826864e-02
2.045899151504039851e-02
1.947357308566570119e-02
2.287389045715331956e-02
1.877725577712058974e-02
2.065780424594879094e-02
2.098312260150909589e-02
2.106672303199768129e-02
2.097043837308883510e-02
2.213797517180442903e-02
2.025740240454673713e-02
2.037643899142742299e-02
2.019377644002437466e-02
1.879898518085479711e-02
1.925333874702453776e-02
2.041153949499130080e-02
2.097351386547088511e-02
1.769460069417953460e-02
2.112749915122985947e-02
1.819975588768720648e-02
