2.885678368682861539e+00
2.107138165016174458e+00
2.015342523269653352e+00
1.967494534797668448e+00
1.917763415603637611e+00
1.862111208267211993e+00
1.792760590934753484e+00
1.764867897911071681e+00
1.705650087547302185e+00
1.669875685081481986e+00
1.599849922752380360e+00
1.552085276794433533e+00
1.481247928009033155e+00
1.417407138862609939e+00
1.366381514778137296e+00
1.302956022529601965e+00
1.269017338523864780e+00
1.207484538803100582e+00
1.178754785251617365e+00
1.151764144515991184e+00
1.118551312522888086e+00
1.097743169479370007e+00
1.057137577438354459e+00
1.054387787933349641e+00
1.030254380874633835e+00
1.000766835517883369e+00
9.998537339591979656e-01
9.896312977981567283e-01
9.618377678298950517e-01
9.482072564697265893e-01
9.311109105300903188e-01
9.034053693008422536e-01
9.012266401290893736e-01
8.874099262237549191e-01
8.836508562469482797e-01
8.803802835464477061e-01
8.576444176483154491e-01
8.429090782546997396e-01
8.205539225387573632e-01
7.959648157310486027e-01
8.129351294517517257e-01
8.012624821853637780e-01
7.888211601066589251e-01
7.501784465980529948e-01
7.654186277961730900e-01
7.541042146873474517e-01
7.264736935043335508e-01
7.314983954238891695e-01
7.146240585327148231e-01
6.964766712379455438e-01
6.842091890335082471e-01
6.830508705329895180e-01
6.690629352569580357e-01
6.657148163414001729e-01
6.553396569442748731e-01
6.411459428787231740e-01
6.333857154464721528e-01
6.251777693367004396e-01
6.294922526168823529e-01
6.155116869735717255e-01
6.269291512107849629e-01
6.205021104240417973e-01
5.941214818191528080e-01
5.834752410316467186e-01
5.880407953453063996e-01
5.729392045783996412e-01
5.860495924377441268e-01
5.678767276763916350e-01
5.820014473533630106e-01
5.499061120796203683e-01
5.628120635604858535e-01
5.514801193428039428e-01
5.672670367813110737e-01
5.643268399620056108e-01
5.378537793350219864e-01
5.399805757331848088e-01
5.289124770545959864e-01
5.211900536727904765e-01
5.151866900062560539e-01
5.210534637069702546e-01
5.047729564857482698e-01
4.956989379119873251e-01
5.098417822933196675e-01
5.008228806686401136e-01
4.946971594047546161e-01
5.164131746101379150e-01
4.758006607627868756e-01
4.754018159484863504e-01
4.927703313541412222e-01
4.869298968315124432e-01
5.029518583679198906e-01
4.775683187007904174e-01
4.700839144706726036e-01
4.709460234737396500e-01
4.739465004825592076e-01
4.801734505081176607e-01
4.710570046043395798e-01
4.518462572574615255e-01
4.842666381168365675e-01
4.682536619567870817e-01
2.827537403011322059e-01
2.286814932823181268e-01
1.998258474731445244e-01
1.902475952863693365e-01
1.830426860523223787e-01
1.734584267950058101e-01
1.678999994611740099e-01
1.527904746532440239e-01
1.484418033361434852e-01
1.439787543916702384e-01
1.438560434055328463e-01
1.346295667648315375e-01
1.238701666438579568e-01
1.198340759849548381e-01
1.150197326874733000e-01
1.155074790930747941e-01
1.088294744431972522e-01
1.099695371294021617e-01
9.542826758503913931e-02
9.183328180432319410e-02
9.940959472179412837e-02
9.374398550033569144e-02
8.937763873100280920e-02
9.068853333950042950e-02
8.258448663473129392e-02
7.632894593715668086e-02
8.058220384359360278e-02
7.570335524797439097e-02
7.136269806385039938e-02
7.930787567615509015e-02
7.188546941280364588e-02
6.633954342365265544e-02
6.818297141075134460e-02
6.473306339263916465e-02
6.081567519903183228e-02
6.797230900883674543e-02
5.308970106989144983e-02
5.622429265260696363e-02
5.968466724872589085e-02
5.707573137283325493e-02
5.215127270758151967e-02
5.765035496473312066e-02
5.591990091085433795e-02
5.742003687620163277e-02
4.928398049116134577e-02
4.799075095772743077e-02
5.406905208170414284e-02
5.063998098611832005e-02
4.734787547349929987e-02
4.549788492918014488e-02
3.980677606582641581e-02
3.545903246879577447e-02
3.376638653755188041e-02
2.666815883040428090e-02
2.785444043815136009e-02
2.941527180522680168e-02
2.613916872143745573e-02
2.592530346423387380e-02
2.826114245176315418e-02
2.428804418772459103e-02
2.315377084612846303e-02
2.496735173016786588e-02
2.268708981752395534e-02
2.652908226549625242e-02
2.526419292449951295e-02
2.403796986579894920e-02
2.505297189235687269e-02
2.169898683756589855e-02
2.285665010154247154e-02
2.187926681518554545e-02
2.479638733208179568e-02
2.313218511462211691e-02
2.013808016359806136e-02
2.660822882533073544e-02
2.445882673263549689e-02
2.115221500754356498e-02
2.187476021647453278e-02
2.476562413156032511e-02
2.096789943158626490e-02
2.562868122577667204e-02
2.106994269669056064e-02
2.065130922794342072e-02
1.947645251929759971e-02
1.855661453485488860e-02
2.337253242015838520e-02
2.117465608835220406e-02
2.114334737956524018e-02
2.375501023888587984e-02
2.265604486465454259e-02
2.260708219528198212e-02
2.084073723673820350e-02
1.804165360271930627e-02
1.992785295307636373e-02
2.057743050813674868e-02
2.003544055998325232e-02
2.270401873111724950e-02
1.833877638787031333e-02
1.867042570114135769e-02
1.925670344591140851e-02
1.728989242076873697e-02
