2.690788154678344757e+00
1.970178690185546921e+00
1.817695910873412979e+00
1.748727956237792869e+00
1.676292491798400786e+00
1.620297013168334965e+00
1.558675199928283739e+00
1.489316318626403790e+00
1.426116776046753021e+00
1.362435042800903329e+00
1.334583952064514190e+00
1.291455990753173744e+00
1.265933315200805653e+00
1.223145615539550812e+00
1.174738564872741753e+00
1.137028378791809180e+00
1.120512542724609428e+00
1.057573646621704055e+00
1.066545772705078221e+00
1.021228673629760664e+00
1.007527261238098104e+00
9.852748714447021605e-01
9.495278666305542181e-01
9.511417644500732571e-01
9.097837454223632880e-01
9.021978202629089560e-01
8.837698631286621254e-01
8.725542190170287871e-01
8.336871263504028740e-01
8.352286461639404358e-01
7.871214216804504060e-01
7.839214139938354142e-01
7.608187839126586693e-01
7.652896575736999329e-01
7.333184770965576194e-01
7.204092569351195907e-01
7.330572390842438057e-01
7.007902610588073733e-01
6.943309601974487766e-01
6.735890075111389264e-01
6.946942006778716872e-01
6.657775233268737880e-01
6.518977868843078838e-01
6.402440398597717408e-01
6.521998836517334253e-01
6.582657164192199373e-01
6.542073379993438298e-01
6.341221237945556810e-01
6.431731456375121558e-01
6.389583263206481956e-01
6.155784919357299989e-01
6.135449242019653804e-01
6.058135159873961895e-01
5.899384925174713246e-01
5.925864506721496561e-01
5.931264756011962458e-01
5.968941604232788078e-01
6.188175235366821791e-01
6.012506571578979386e-01
6.189514500427245602e-01
5.592555171394347768e-01
5.755182083511352076e-01
5.751979253387451418e-01
5.814884011077880999e-01
5.701727131652831737e-01
5.346596806716918948e-01
5.596702941703796119e-01
5.603022795104980469e-01
5.510364173126220955e-01
5.603886096000670891e-01
5.555224552726745202e-01
5.542484236335754044e-01
5.474309801864624125e-01
5.328611886787414376e-01
5.609466777420043515e-01
5.004655135726928661e-01
5.479219694900512305e-01
5.374223887062072880e-01
5.163001359558105907e-01
5.267299640750885414e-01
5.295568322372437020e-01
5.383083585739135701e-01
5.254779539299011537e-01
5.201292138099670170e-01
5.115426555824279520e-01
5.020219276428222743e-01
5.295004392623900991e-01
5.031342926216125777e-01
4.799888093185424864e-01
4.737528976821899218e-01
4.956483215570449685e-01
4.647397262191772516e-01
5.115596281814575041e-01
5.068719804286956343e-01
5.220843191337585232e-01
4.973779540634155061e-01
5.029020389842987493e-01
4.863510190677642897e-01
5.003792341518401576e-01
5.001911318588256883e-01
2.375974175167083757e-01
1.957215518712997482e-01
1.772065100288391093e-01
1.683304991006851214e-01
1.712181952476501401e-01
1.621889928734302488e-01
1.552904667949676631e-01
1.412427854537963989e-01
1.466496699547767679e-01
1.347037164402007936e-01
1.361630110836029028e-01
1.269431151199340857e-01
1.219523769378662165e-01
1.254147924435138617e-01
1.198444709968566890e-01
1.208574664163589441e-01
1.218735554933547960e-01
1.169697156715393122e-01
1.123612738978862768e-01
1.023555288171768135e-01
1.088376236486434945e-01
1.006869047212600732e-01
1.029059033632278436e-01
9.513282630443573029e-02
1.003795985317230272e-01
9.328630250692367121e-02
9.424986161947250529e-02
9.405259744167328295e-02
8.384345198035239588e-02
8.673932597726582983e-02
8.216619693040848327e-02
8.282273893356323358e-02
8.266621541976929000e-02
8.844340898752212077e-02
7.543774446487426510e-02
7.416222000777721035e-02
8.080377722978591970e-02
7.352859354496002475e-02
7.718883429050445166e-02
6.737534694910049526e-02
6.143906059503555228e-02
6.471160645008086632e-02
6.634562420606612831e-02
6.867959901154041535e-02
6.824940432548523561e-02
6.413282755851745787e-02
6.156741754055022886e-02
6.561117301225662113e-02
6.561512617588043106e-02
5.534484527736902026e-02
4.328768162250518775e-02
4.208040875792503493e-02
4.326690256118774502e-02
4.092066728532314096e-02
4.243878679752349781e-02
4.362662973821163082e-02
3.614530875205993615e-02
3.774343690276146107e-02
3.504041631102561977e-02
4.038987328767776330e-02
3.610800980567931834e-02
4.038255756616592612e-02
3.958025701820850478e-02
3.823789098054170693e-02
3.917180302381515627e-02
3.847105379462242153e-02
3.839051018118858072e-02
3.313167271971702299e-02
3.410727647781371802e-02
3.358088439941406267e-02
3.694542432546615851e-02
3.754206928372383345e-02
3.172796791374683095e-02
3.880068703174591183e-02
3.318953236103058119e-02
3.422882096648216521e-02
3.337228939592837978e-02
3.292895656526088899e-02
3.422847875952720470e-02
3.504831929445266503e-02
3.292487430810928095e-02
3.268418249011039584e-02
3.280956731140613480e-02
3.362090213298797592e-02
3.062234635829925652e-02
3.344068099141121048e-02
3.188254637598991054e-02
3.219716479897499067e-02
3.115949940443038871e-02
3.110265630722046024e-02
3.121923557162284771e-02
2.977723502039909473e-02
3.142622081458568833e-02
3.246078877210616803e-02
3.095053287982940660e-02
2.866916141927242437e-02
3.297896428942680147e-02
2.941172052025795014e-02
3.292433159917593222e-02
3.084720879673957805e-02
