1.415043449401855469e+01
1.340851211547851562e+01
1.421539258956909180e+01
1.411425328254699707e+01
1.376158738136291504e+01
1.392631149291992188e+01
1.354972624778747559e+01
1.424947452545166016e+01
1.400164031982421875e+01
1.345491385459899902e+01
1.364630961418151855e+01
1.342722010612487793e+01
1.366305255889892578e+01
1.390638589859008789e+01
1.341411375999450684e+01
1.345269799232482910e+01
1.414310002326965332e+01
1.388337564468383789e+01
1.343742012977600098e+01
1.380140948295593262e+01
1.342191553115844727e+01
1.379235243797302246e+01
1.343438839912414551e+01
1.396234321594238281e+01
1.345817470550537109e+01
1.350023007392883301e+01
1.341624426841735840e+01
1.406272506713867188e+01
1.435863447189331055e+01
1.345000600814819336e+01
1.353492689132690430e+01
1.388883066177368164e+01
1.344940400123596191e+01
1.344306826591491699e+01
1.424134635925292969e+01
1.372841024398803711e+01
1.344332742691040039e+01
1.374630284309387207e+01
1.397332572937011719e+01
1.401223707199096680e+01
1.344013881683349609e+01
1.389708399772644043e+01
1.395426774024963379e+01
1.368783974647521973e+01
1.344285511970520020e+01
1.357306051254272461e+01
1.346513032913208008e+01
1.398793816566467285e+01
1.345668721199035645e+01
1.398599839210510254e+01
1.343882799148559570e+01
1.389064884185791016e+01
1.401576280593872070e+01
1.344000291824340820e+01
1.390166664123535156e+01
1.361554241180419922e+01
1.346023440361022949e+01
1.383784079551696777e+01
1.392212438583374023e+01
1.365913653373718262e+01
1.346065545082092285e+01
1.382997012138366699e+01
1.370005440711975098e+01
1.425484704971313477e+01
1.360474348068237305e+01
1.354323601722717285e+01
1.407199931144714355e+01
1.353534054756164551e+01
1.345755100250244141e+01
1.383058786392211914e+01
1.398406934738159180e+01
1.347991919517517090e+01
1.348203825950622559e+01
1.343007063865661621e+01
1.381171703338623047e+01
1.345637750625610352e+01
1.391476869583129883e+01
1.358721113204956055e+01
1.345520067214965820e+01
1.464288449287414551e+01
1.402793836593627930e+01
1.342938661575317383e+01
1.344079709053039551e+01
1.343084645271301270e+01
1.379933333396911621e+01
1.344124126434326172e+01
1.352698135375976562e+01
1.400010442733764648e+01
1.343166804313659668e+01
1.342760825157165527e+01
1.437103652954101562e+01
1.343296098709106445e+01
1.344550251960754395e+01
1.402922201156616211e+01
1.421461939811706543e+01
1.396132397651672363e+01
1.409506249427795410e+01
1.362958884239196777e+01
1.420858788490295410e+01
1.391354727745056152e+01
1.342544436454772949e+01
1.389520764350891113e+01
1.400184988975524902e+01
1.384806966781616211e+01
1.343252754211425781e+01
1.345054483413696289e+01
1.345389914512634277e+01
1.343039631843566895e+01
1.343443226814270020e+01
1.356497573852539062e+01
1.366627454757690430e+01
1.397684502601623535e+01
1.419495964050292969e+01
1.391520524024963379e+01
1.458132481575012207e+01
1.372153472900390625e+01
1.346104431152343750e+01
1.394085168838500977e+01
1.395103621482849121e+01
1.358285880088806152e+01
1.420416402816772461e+01
1.393529772758483887e+01
1.392141199111938477e+01
1.343834233283996582e+01
1.412723779678344727e+01
1.345755243301391602e+01
1.381897401809692383e+01
1.411835694313049316e+01
1.392157602310180664e+01
1.362224531173706055e+01
1.395249128341674805e+01
1.347858977317810059e+01
1.373419237136840820e+01
1.361881637573242188e+01
1.395703005790710449e+01
1.354296779632568359e+01
1.390813112258911133e+01
1.342043161392211914e+01
1.343038415908813477e+01
1.354896879196166992e+01
1.410586500167846680e+01
1.385861611366271973e+01
1.343101501464843750e+01
1.345316886901855469e+01
1.446301317214965820e+01
1.433048439025878906e+01
1.344295167922973633e+01
1.474726843833923340e+01
1.388205242156982422e+01
1.345897483825683594e+01
1.344086861610412598e+01
1.391258454322814941e+01
1.392316222190856934e+01
1.342935037612915039e+01
1.408947396278381348e+01
1.344561886787414551e+01
1.342329144477844238e+01
1.359746742248535156e+01
1.349418997764587402e+01
1.384422516822814941e+01
1.431958127021789551e+01
1.383516001701354980e+01
1.410487723350524902e+01
1.410182404518127441e+01
1.343164014816284180e+01
1.398336362838745117e+01
1.407667279243469238e+01
1.392203044891357422e+01
1.343423151969909668e+01
1.343659830093383789e+01
1.391681027412414551e+01
1.342867803573608398e+01
1.436338949203491211e+01
1.361868405342102051e+01
1.345555257797241211e+01
1.344169354438781738e+01
1.375151896476745605e+01
1.416703653335571289e+01
1.399794960021972656e+01
1.400458908081054688e+01
1.400899982452392578e+01
1.386755180358886719e+01
1.416448569297790527e+01
1.361490345001220703e+01
1.419427847862243652e+01
1.345034813880920410e+01
1.395868968963623047e+01
1.363274717330932617e+01
1.472108459472656250e+01
1.365941715240478516e+01
1.341876673698425293e+01
1.380959606170654297e+01
1.344617629051208496e+01
1.346261930465698242e+01
1.400084233283996582e+01
1.432245326042175293e+01
1.374508357048034668e+01
1.430294871330261230e+01
1.342501497268676758e+01
1.345886492729187012e+01
