1.943999862670898438e+01
2.798999977111816406e+01
2.928999900817871094e+01
3.522999954223632812e+01
3.755999755859375000e+01
3.859000015258789062e+01
4.159000015258789062e+01
3.943000030517578125e+01
4.893000030517578125e+01
3.959000015258789062e+01
5.034000015258789062e+01
5.146999740600585938e+01
4.684999847412109375e+01
5.519999694824218750e+01
5.259999847412109375e+01
1.963999938964843750e+01
5.218000030517578125e+01
5.605999755859375000e+01
5.193000030517578125e+01
6.103999710083007812e+01
5.121999740600585938e+01
4.818999862670898438e+01
4.253999710083007812e+01
5.928999710083007812e+01
6.338999938964843750e+01
5.622999954223632812e+01
5.445999908447265625e+01
6.330999755859375000e+01
5.275999832153320312e+01
4.534000015258789062e+01
6.068000030517578125e+01
4.900000000000000000e+01
6.031999969482421875e+01
6.305999755859375000e+01
5.048999786376953125e+01
5.544999694824218750e+01
6.052999877929687500e+01
6.986000061035156250e+01
7.072999572753906250e+01
6.808999633789062500e+01
6.016999816894531250e+01
5.302999877929687500e+01
6.134999847412109375e+01
6.268999862670898438e+01
5.931999969482421875e+01
5.188999938964843750e+01
6.113999938964843750e+01
2.725000000000000000e+01
5.436999893188476562e+01
5.652999877929687500e+01
5.443999862670898438e+01
7.520999908447265625e+01
6.040999984741210938e+01
6.675999450683593750e+01
7.286999511718750000e+01
4.514999771118164062e+01
7.316999816894531250e+01
6.401999664306640625e+01
5.600999832153320312e+01
6.661000061035156250e+01
6.936999511718750000e+01
7.068000030517578125e+01
4.671999740600585938e+01
6.888999938964843750e+01
5.759999847412109375e+01
6.207999801635742188e+01
6.028999710083007812e+01
6.854000091552734375e+01
4.722999954223632812e+01
6.640999603271484375e+01
6.352999877929687500e+01
6.590999603271484375e+01
6.159999847412109375e+01
6.909999847412109375e+01
6.998999786376953125e+01
7.323999786376953125e+01
5.016999816894531250e+01
6.830999755859375000e+01
5.915999984741210938e+01
6.404000091552734375e+01
6.388999938964843750e+01
6.877999877929687500e+01
5.565999984741210938e+01
6.093000030517578125e+01
5.695999908447265625e+01
5.335999679565429688e+01
5.184999847412109375e+01
6.620999908447265625e+01
6.461999511718750000e+01
6.718000030517578125e+01
7.851999664306640625e+01
6.786000061035156250e+01
6.160999679565429688e+01
6.391999816894531250e+01
4.784000015258789062e+01
6.150000000000000000e+01
7.354000091552734375e+01
5.802999877929687500e+01
7.518999481201171875e+01
6.336999893188476562e+01
9.032999420166015625e+01
9.068000030517578125e+01
9.093000030517578125e+01
9.101999664306640625e+01
9.116999816894531250e+01
9.148999786376953125e+01
9.132999420166015625e+01
9.095999908447265625e+01
9.123999786376953125e+01
9.097999572753906250e+01
9.122999572753906250e+01
9.107999420166015625e+01
9.129999542236328125e+01
9.106999969482421875e+01
9.119999694824218750e+01
9.104999542236328125e+01
9.143999481201171875e+01
9.080999755859375000e+01
9.143000030517578125e+01
9.079000091552734375e+01
9.127999877929687500e+01
9.109999847412109375e+01
9.138999938964843750e+01
9.100000000000000000e+01
9.026999664306640625e+01
9.123999786376953125e+01
9.086999511718750000e+01
9.118999481201171875e+01
9.139999389648437500e+01
9.137999725341796875e+01
9.100999450683593750e+01
9.100999450683593750e+01
9.063999938964843750e+01
9.111000061035156250e+01
9.041999816894531250e+01
9.139999389648437500e+01
9.036999511718750000e+01
9.006999969482421875e+01
9.114999389648437500e+01
9.089999389648437500e+01
9.066999816894531250e+01
9.019999694824218750e+01
9.105999755859375000e+01
9.105999755859375000e+01
8.990999603271484375e+01
9.111999511718750000e+01
9.086000061035156250e+01
9.061000061035156250e+01
9.091999816894531250e+01
9.043000030517578125e+01
9.177999877929687500e+01
9.179000091552734375e+01
9.197000122070312500e+01
9.190999603271484375e+01
9.181999969482421875e+01
9.180999755859375000e+01
9.182999420166015625e+01
9.169999694824218750e+01
9.173999786376953125e+01
9.175000000000000000e+01
9.176999664306640625e+01
9.179999542236328125e+01
9.181999969482421875e+01
9.179000091552734375e+01
9.184999847412109375e+01
9.183999633789062500e+01
9.173999786376953125e+01
9.189999389648437500e+01
9.179000091552734375e+01
9.182999420166015625e+01
9.154999542236328125e+01
9.176999664306640625e+01
9.195999908447265625e+01
9.172999572753906250e+01
9.175999450683593750e+01
9.184999847412109375e+01
9.165999603271484375e+01
9.184999847412109375e+01
9.177999877929687500e+01
9.168000030517578125e+01
9.169999694824218750e+01
9.181999969482421875e+01
9.181999969482421875e+01
9.187999725341796875e+01
9.179999542236328125e+01
9.175999450683593750e+01
9.187999725341796875e+01
9.190999603271484375e+01
9.186000061035156250e+01
9.188999938964843750e+01
9.188999938964843750e+01
9.173999786376953125e+01
9.172999572753906250e+01
9.179000091552734375e+01
9.175999450683593750e+01
9.183999633789062500e+01
9.170999908447265625e+01
9.182999420166015625e+01
9.175999450683593750e+01
9.180999755859375000e+01
