4.055402278900146484e-01
3.878989219665527344e-01
3.990752696990966797e-01
3.840413093566894531e-01
3.914389610290527344e-01
4.030139446258544922e-01
3.859689235687255859e-01
3.833291530609130859e-01
4.033091068267822266e-01
3.845510482788085938e-01
3.835556507110595703e-01
3.883273601531982422e-01
3.986537456512451172e-01
3.828153610229492188e-01
3.858749866485595703e-01
3.989031314849853516e-01
3.874576091766357422e-01
3.862965106964111328e-01
3.899531364440917969e-01
4.042859077453613281e-01
3.826076984405517578e-01
3.882470130920410156e-01
3.944468498229980469e-01
3.929617404937744141e-01
3.874735832214355469e-01
3.835606575012207031e-01
3.920617103576660156e-01
3.952643871307373047e-01
3.895483016967773438e-01
3.945753574371337891e-01
3.925459384918212891e-01
3.913393020629882812e-01
3.886811733245849609e-01
3.933830261230468750e-01
3.970973491668701172e-01
3.890597820281982422e-01
3.836934566497802734e-01
3.975780010223388672e-01
3.903450965881347656e-01
3.881599903106689453e-01
3.814737796783447266e-01
3.973853588104248047e-01
4.049158096313476562e-01
3.842489719390869141e-01
3.895153999328613281e-01
3.955750465393066406e-01
3.829703330993652344e-01
3.896505832672119141e-01
3.970584869384765625e-01
3.919909000396728516e-01
3.883092403411865234e-01
3.851490020751953125e-01
3.946175575256347656e-01
3.893935680389404297e-01
3.888349533081054688e-01
3.886985778808593750e-01
3.942639827728271484e-01
3.959980010986328125e-01
3.838851451873779297e-01
3.889639377593994141e-01
3.872160911560058594e-01
3.930869102478027344e-01
3.868963718414306641e-01
3.974864482879638672e-01
4.006092548370361328e-01
3.827366828918457031e-01
3.898282051086425781e-01
3.968524932861328125e-01
3.862440586090087891e-01
3.843185901641845703e-01
3.871910572052001953e-01
3.935883045196533203e-01
3.914904594421386719e-01
3.866114616394042969e-01
3.939931392669677734e-01
3.893074989318847656e-01
3.900191783905029297e-01
3.828001022338867188e-01
3.922758102416992188e-01
3.878610134124755859e-01
3.892667293548583984e-01
3.892822265625000000e-01
3.945970535278320312e-01
3.952205181121826172e-01
3.889772891998291016e-01
3.931622505187988281e-01
3.900399208068847656e-01
3.924062252044677734e-01
3.923864364624023438e-01
3.876254558563232422e-01
3.955650329589843750e-01
3.893938064575195312e-01
3.887617588043212891e-01
3.856451511383056641e-01
3.871502876281738281e-01
3.902199268341064453e-01
3.878846168518066406e-01
3.884255886077880859e-01
3.948056697845458984e-01
3.843750953674316406e-01
3.868942260742187500e-01
3.924679756164550781e-01
3.875226974487304688e-01
3.862195014953613281e-01
3.861103057861328125e-01
3.896360397338867188e-01
3.950917720794677734e-01
3.869309425354003906e-01
3.913931846618652344e-01
3.893764019012451172e-01
3.910422325134277344e-01
3.920869827270507812e-01
3.929207324981689453e-01
3.858604431152343750e-01
3.967437744140625000e-01
3.931961059570312500e-01
3.851633071899414062e-01
3.926947116851806641e-01
3.968331813812255859e-01
3.841443061828613281e-01
3.906071186065673828e-01
3.950397968292236328e-01
3.912985324859619141e-01
3.855214118957519531e-01
3.921298980712890625e-01
3.931922912597656250e-01
3.886322975158691406e-01
3.952445983886718750e-01
3.870391845703125000e-01
3.920199871063232422e-01
3.853640556335449219e-01
3.907504081726074219e-01
3.954393863677978516e-01
3.864693641662597656e-01
3.854858875274658203e-01
3.970382213592529297e-01
3.929717540740966797e-01
3.860280513763427734e-01
3.838276863098144531e-01
3.948130607604980469e-01
3.931329250335693359e-01
3.844013214111328125e-01
3.891434669494628906e-01
3.940107822418212891e-01
3.896508216857910156e-01
3.914644718170166016e-01
3.913602828979492188e-01
3.926544189453125000e-01
3.910942077636718750e-01
3.927431106567382812e-01
3.904371261596679688e-01
3.976535797119140625e-01
3.865401744842529297e-01
3.837594985961914062e-01
3.964557647705078125e-01
3.994555473327636719e-01
3.897027969360351562e-01
3.864853382110595703e-01
3.883016109466552734e-01
3.898708820343017578e-01
3.912789821624755859e-01
3.938226699829101562e-01
3.973798751831054688e-01
3.920915126800537109e-01
3.854413032531738281e-01
3.979201316833496094e-01
3.972387313842773438e-01
3.862707614898681641e-01
3.897173404693603516e-01
3.938603401184082031e-01
3.933444023132324219e-01
3.909294605255126953e-01
3.861308097839355469e-01
3.957781791687011719e-01
3.913311958312988281e-01
3.816266059875488281e-01
3.939013481140136719e-01
3.950731754302978516e-01
3.876125812530517578e-01
3.894133567810058594e-01
3.919644355773925781e-01
3.943655490875244141e-01
3.894171714782714844e-01
3.896694183349609375e-01
4.002981185913085938e-01
3.902864456176757812e-01
3.854110240936279297e-01
3.920445442199707031e-01
3.896553516387939453e-01
4.000251293182373047e-01
3.863825798034667969e-01
3.911204338073730469e-01
3.964722156524658203e-01
3.868269920349121094e-01
3.919076919555664062e-01
3.934264183044433594e-01
3.956985473632812500e-01
3.847894668579101562e-01
3.854296207427978516e-01
4.001801013946533203e-01
