3.232856512069702148e+00
1.921665668487548828e+00
1.930707216262817383e+00
2.555827856063842773e+00
2.553210735321044922e+00
1.927055120468139648e+00
1.928955316543579102e+00
1.923985719680786133e+00
2.544683933258056641e+00
1.941864967346191406e+00
1.922971010208129883e+00
1.925863027572631836e+00
1.925674915313720703e+00
1.935523271560668945e+00
1.920466899871826172e+00
1.925483226776123047e+00
1.925570726394653320e+00
2.547829151153564453e+00
1.918224334716796875e+00
1.926193714141845703e+00
2.542593955993652344e+00
2.547846555709838867e+00
1.925765275955200195e+00
2.552695512771606445e+00
1.924883842468261719e+00
1.927214622497558594e+00
1.922903776168823242e+00
1.950874567031860352e+00
1.924601554870605469e+00
1.928762674331665039e+00
2.556127786636352539e+00
1.917886018753051758e+00
1.926056861877441406e+00
2.550202369689941406e+00
1.926287889480590820e+00
1.919986724853515625e+00
1.923463582992553711e+00
1.923614263534545898e+00
1.922069549560546875e+00
1.937348127365112305e+00
1.930663108825683594e+00
1.949046611785888672e+00
1.921953201293945312e+00
1.920187234878540039e+00
1.926141977310180664e+00
1.926963090896606445e+00
1.916556358337402344e+00
1.922915697097778320e+00
1.927009582519531250e+00
2.548472642898559570e+00
2.559073686599731445e+00
2.543395757675170898e+00
1.921276092529296875e+00
2.542131185531616211e+00
1.999942541122436523e+00
2.550601482391357422e+00
1.931188344955444336e+00
2.613665342330932617e+00
1.924876689910888672e+00
1.926575422286987305e+00
1.928891181945800781e+00
1.925141096115112305e+00
1.923472404479980469e+00
1.923804521560668945e+00
2.552893161773681641e+00
1.916359186172485352e+00
2.550004482269287109e+00
1.926966428756713867e+00
1.928304672241210938e+00
1.916773319244384766e+00
1.928261756896972656e+00
1.927369117736816406e+00
1.924102783203125000e+00
1.923269987106323242e+00
1.941948175430297852e+00
1.943436384201049805e+00
2.547609806060791016e+00
2.547983646392822266e+00
1.936170578002929688e+00
1.929506301879882812e+00
1.927980422973632812e+00
2.552956342697143555e+00
2.541057825088500977e+00
2.549125194549560547e+00
2.546123027801513672e+00
1.924199819564819336e+00
1.927137374877929688e+00
1.926293373107910156e+00
1.922977447509765625e+00
1.925867795944213867e+00
1.929290771484375000e+00
2.570432901382446289e+00
1.919820308685302734e+00
1.924644708633422852e+00
1.927006483078002930e+00
1.944884538650512695e+00
1.924270391464233398e+00
2.545396327972412109e+00
1.926267385482788086e+00
1.923153400421142578e+00
1.920650959014892578e+00
1.930100679397583008e+00
2.547034025192260742e+00
1.921832323074340820e+00
1.925336122512817383e+00
1.931705236434936523e+00
1.924449682235717773e+00
1.923068523406982422e+00
1.928932189941406250e+00
1.931744337081909180e+00
1.922854423522949219e+00
2.551388502120971680e+00
2.542865753173828125e+00
1.933126926422119141e+00
1.947170495986938477e+00
2.547346353530883789e+00
1.962735891342163086e+00
2.549072265625000000e+00
2.551626682281494141e+00
1.922424793243408203e+00
1.924669981002807617e+00
1.925068616867065430e+00
2.552481651306152344e+00
1.924870729446411133e+00
1.941606044769287109e+00
2.556205749511718750e+00
1.924803018569946289e+00
2.543659210205078125e+00
2.544417858123779297e+00
2.551327228546142578e+00
1.925122976303100586e+00
2.551596164703369141e+00
1.923310041427612305e+00
2.548640489578247070e+00
1.925194025039672852e+00
1.928922653198242188e+00
2.539885044097900391e+00
1.925621271133422852e+00
1.923462390899658203e+00
1.936572551727294922e+00
1.923667430877685547e+00
1.942442893981933594e+00
1.923723936080932617e+00
1.924744129180908203e+00
2.555236101150512695e+00
1.925995111465454102e+00
1.923990011215209961e+00
2.549163818359375000e+00
1.922111511230468750e+00
1.925276279449462891e+00
2.546947717666625977e+00
1.922557592391967773e+00
1.926190137863159180e+00
1.923214673995971680e+00
2.554009675979614258e+00
1.920951128005981445e+00
1.922038316726684570e+00
1.935771703720092773e+00
1.931093692779541016e+00
1.918462514877319336e+00
1.937124490737915039e+00
1.927111864089965820e+00
2.548240661621093750e+00
1.928486585617065430e+00
1.925186157226562500e+00
1.930660009384155273e+00
1.935055255889892578e+00
1.922673940658569336e+00
1.923070192337036133e+00
1.938040971755981445e+00
1.923201799392700195e+00
1.936628818511962891e+00
1.926136970520019531e+00
1.926452398300170898e+00
1.920930624008178711e+00
1.924765586853027344e+00
1.928951263427734375e+00
1.926236629486083984e+00
2.551753997802734375e+00
2.551269292831420898e+00
1.925609827041625977e+00
2.546761751174926758e+00
1.921436071395874023e+00
1.927829504013061523e+00
1.926497936248779297e+00
1.926301240921020508e+00
2.548618793487548828e+00
1.922301769256591797e+00
1.943780183792114258e+00
1.916700601577758789e+00
1.926841259002685547e+00
1.927112102508544922e+00
1.925371646881103516e+00
1.916314601898193359e+00
2.546201229095458984e+00
1.925307035446166992e+00
1.924805402755737305e+00
1.925261020660400391e+00
1.922734022140502930e+00
1.928538084030151367e+00
