1.683200000183105516e+01
2.526400000183105377e+01
2.947200000732421898e+01
3.503999999755859562e+01
3.852800000366210753e+01
3.988800000122070344e+01
4.303999999816894473e+01
4.660800000610351645e+01
4.841599999633788798e+01
5.046399999633788980e+01
5.326400000976562410e+01
5.486400000610351668e+01
5.619200001464843552e+01
5.881600000244140602e+01
5.967999999999999972e+01
6.193599998657226280e+01
6.251200000244140398e+01
6.343999999267578005e+01
6.539199999511718886e+01
6.500799997314453549e+01
6.723200001464843467e+01
6.723200000244140995e+01
6.886400000488281137e+01
6.976000000244140153e+01
7.019199998657227013e+01
7.121600001708983996e+01
7.176000000488281216e+01
7.299199999267578676e+01
7.291199998535155657e+01
7.457600000488281466e+01
7.599999999511719295e+01
7.665599997558594225e+01
7.655999999755859164e+01
7.779199997558593793e+01
7.801600000732422302e+01
7.707199999511718147e+01
7.790400001708984234e+01
7.921600001708983996e+01
7.952000000488281728e+01
7.982400001708984405e+01
7.998399998535155930e+01
7.980800000732422461e+01
8.006399999511718590e+01
8.102399997558593725e+01
8.086399999755859369e+01
8.084800001464843433e+01
8.140800000732421893e+01
8.166400000488280853e+01
8.246400001708984462e+01
8.220799998779297368e+01
8.280000000732421483e+01
8.244799997558594384e+01
8.319999998779296391e+01
8.227199998535155601e+01
8.380799997802733969e+01
8.368000000488281387e+01
8.355199997558594305e+01
8.393599997558594339e+01
8.356799999755858721e+01
8.494400000732422029e+01
8.396800000732422120e+01
8.454399997558593327e+01
8.510400000732421688e+01
8.439999998779296675e+01
8.534399999511718704e+01
8.545599997558593941e+01
8.591999998779296277e+01
8.508800001708983984e+01
8.583999998779296448e+01
8.579200001708984757e+01
8.516800001708983814e+01
8.520000001464843820e+01
8.713599997802734265e+01
8.590399999755859994e+01
8.630399999511718079e+01
8.592000000732421938e+01
8.665600001953124831e+01
8.700800001708984155e+01
8.633599999755858789e+01
8.659199998779297403e+01
8.584000001953124581e+01
8.772800000732421211e+01
8.707200001953124513e+01
8.788800001953124763e+01
8.823999998779297016e+01
8.790400001708984234e+01
8.823999999755859847e+01
8.798399999755859824e+01
8.735999999511719238e+01
8.766399999755859085e+01
8.771200001708984928e+01
8.708799999511718681e+01
8.807999997802734526e+01
8.807999998535156294e+01
8.886400000732422200e+01
8.857600001708983939e+01
8.828800001708984269e+01
8.795199999755858755e+01
8.740799998779296232e+01
8.902399997558593725e+01
9.316799998779296743e+01
9.430399998779296311e+01
9.508800001953125047e+01
9.545600000976563138e+01
9.523199998779297459e+01
9.572800000976562274e+01
9.556799997802734481e+01
9.595200000976562649e+01
9.603200001953125309e+01
9.640000000976561978e+01
9.633600000976562683e+01
9.611200000976562308e+01
9.643199997802734913e+01
9.646400000976562694e+01
9.624000000732421256e+01
9.678400000000000603e+01
9.687999998779297073e+01
9.671999999999999886e+01
9.697599997802734606e+01
9.684799997802734595e+01
9.732799999755859233e+01
9.684799998779297425e+01
9.686400000976561842e+01
9.731200000976562592e+01
9.759999998779296959e+01
9.756799999999999784e+01
9.731200000976562592e+01
9.760000001953125093e+01
9.766399997802734845e+01
9.787200001953125650e+01
9.758400001953124558e+01
9.814400000000000546e+01
9.832000000976562148e+01
9.823999999999999488e+01
9.785599999999999454e+01
9.836800000976562330e+01
9.785600001953125116e+01
9.793600000000000705e+01
9.820799999999999841e+01
9.820800000976562671e+01
9.808000000976562660e+01
9.836800001953125161e+01
9.830400000976563035e+01
9.819200000976562137e+01
9.806400001953124956e+01
9.812800000000000011e+01
9.849600001953125172e+01
9.843200000976563047e+01
9.817599997802734890e+01
9.831999999999999318e+01
9.895999999999999375e+01
9.908799999999999386e+01
9.908799999999999386e+01
9.905599999999999739e+01
9.937600000976561887e+01
9.921599999999999397e+01
9.900799999999999557e+01
9.923199999999999932e+01
9.900800000976562387e+01
9.926399999999999579e+01
9.921599999999999397e+01
9.924800000976561876e+01
9.951999999999999602e+01
9.920000000000000284e+01
9.924800000976561876e+01
9.923199999999999932e+01
9.926399999999999579e+01
9.923199999999999932e+01
9.934399999999999409e+01
9.920000000000000284e+01
9.921600001953125059e+01
9.912000000000000455e+01
9.916800000976562046e+01
9.928000000000000114e+01
9.937600000000000477e+01
9.918399999999999750e+01
9.915200000000000102e+01
9.937600000000000477e+01
9.932800000000000296e+01
9.931199999999999761e+01
9.932800000976563126e+01
9.918399999999999750e+01
9.928000000000000114e+01
9.934400001953125070e+01
9.935999999999999943e+01
9.923199999999999932e+01
9.921600000976562228e+01
9.939200001953125252e+01
9.918399999999999750e+01
9.951999999999999602e+01
9.940800000000000125e+01
9.932799997802734993e+01
9.931200000976562592e+01
9.913600001953125229e+01
9.942400000000000659e+01
9.920000001953124524e+01
9.937600000976561887e+01
9.942400000000000659e+01
9.937600000000000477e+01
9.921599999999999397e+01
