3.638218402862548828e+00
2.309288501739501953e+00
2.329790115356445312e+00
2.939883232116699219e+00
2.944695711135864258e+00
2.330145597457885742e+00
2.314980745315551758e+00
2.307605743408203125e+00
2.947966575622558594e+00
2.326312780380249023e+00
2.306441307067871094e+00
2.314325094223022461e+00
2.324168443679809570e+00
2.318036794662475586e+00
2.306227207183837891e+00
2.324208736419677734e+00
2.311896800994873047e+00
2.934499979019165039e+00
2.308194160461425781e+00
2.330582141876220703e+00
2.925438404083251953e+00
2.936301708221435547e+00
2.320202827453613281e+00
2.945630311965942383e+00
2.311061143875122070e+00
2.310706853866577148e+00
2.314841985702514648e+00
2.345999002456665039e+00
2.314030408859252930e+00
2.323586940765380859e+00
2.954279422760009766e+00
2.309816837310791016e+00
2.313383817672729492e+00
2.943864583969116211e+00
2.323913335800170898e+00
2.309374332427978516e+00
2.307411432266235352e+00
2.321514129638671875e+00
2.312180280685424805e+00
2.326189041137695312e+00
2.311915636062622070e+00
2.346142530441284180e+00
2.327602624893188477e+00
2.304553747177124023e+00
2.315105676651000977e+00
2.322582244873046875e+00
2.299751520156860352e+00
2.313153028488159180e+00
2.324582338333129883e+00
2.940609455108642578e+00
2.947833299636840820e+00
2.929036617279052734e+00
2.315839290618896484e+00
2.931650161743164062e+00
2.388970851898193359e+00
2.939721584320068359e+00
2.325718164443969727e+00
3.009479999542236328e+00
2.308689355850219727e+00
2.315516471862792969e+00
2.316289186477661133e+00
2.318815231323242188e+00
2.310411691665649414e+00
2.321756839752197266e+00
2.953690052032470703e+00
2.299120664596557617e+00
2.940126895904541016e+00
2.323849678039550781e+00
2.314872026443481445e+00
2.301415205001831055e+00
2.315601110458374023e+00
2.321203947067260742e+00
2.315551757812500000e+00
2.310369968414306641e+00
2.336261272430419922e+00
2.333005905151367188e+00
2.937947034835815430e+00
2.931126117706298828e+00
2.328455209732055664e+00
2.317513465881347656e+00
2.317385673522949219e+00
2.942678928375244141e+00
2.935909509658813477e+00
2.939374446868896484e+00
2.935048580169677734e+00
2.317306995391845703e+00
2.316906929016113281e+00
2.318300724029541016e+00
2.315428972244262695e+00
2.313338518142700195e+00
2.325023412704467773e+00
2.959695100784301758e+00
2.308323621749877930e+00
2.310104608535766602e+00
2.314853906631469727e+00
2.334507942199707031e+00
2.311869859695434570e+00
2.933884143829345703e+00
2.320717811584472656e+00
2.307046175003051758e+00
2.307383060455322266e+00
2.322261095046997070e+00
2.934855461120605469e+00
2.307674646377563477e+00
2.311312913894653320e+00
2.321063518524169922e+00
2.319627285003662109e+00
2.309637546539306641e+00
2.320095300674438477e+00
2.320773839950561523e+00
2.314195394515991211e+00
2.943474769592285156e+00
2.935894250869750977e+00
2.318576097488403320e+00
2.344316005706787109e+00
2.940564155578613281e+00
2.348024368286132812e+00
2.942146539688110352e+00
2.948776483535766602e+00
2.306684494018554688e+00
2.315163373947143555e+00
2.320596933364868164e+00
2.944183588027954102e+00
2.311166286468505859e+00
2.334069728851318359e+00
2.949726581573486328e+00
2.313538789749145508e+00
2.938487768173217773e+00
2.931679725646972656e+00
2.943461179733276367e+00
2.310434579849243164e+00
2.942555189132690430e+00
2.318740367889404297e+00
2.935413122177124023e+00
2.310494184494018555e+00
2.326289176940917969e+00
2.932590961456298828e+00
2.311587810516357422e+00
2.307008266448974609e+00
2.331145286560058594e+00
2.316632747650146484e+00
2.326690673828125000e+00
2.312813282012939453e+00
2.319004774093627930e+00
2.945003032684326172e+00
2.317359447479248047e+00
2.315135478973388672e+00
2.942020654678344727e+00
2.313500881195068359e+00
2.317974805831909180e+00
2.948865413665771484e+00
2.318112373352050781e+00
2.312556982040405273e+00
2.306799411773681641e+00
2.950510978698730469e+00
2.320269346237182617e+00
2.312065601348876953e+00
2.322124242782592773e+00
2.319358825683593750e+00
2.308287382125854492e+00
2.328998565673828125e+00
2.319585084915161133e+00
2.945625782012939453e+00
2.320809602737426758e+00
2.310722112655639648e+00
2.328960418701171875e+00
2.332486629486083984e+00
2.308804750442504883e+00
2.312891244888305664e+00
2.332116365432739258e+00
2.316345930099487305e+00
2.327699184417724609e+00
2.312696933746337891e+00
2.322159767150878906e+00
2.312202453613281250e+00
2.306351423263549805e+00
2.322822093963623047e+00
2.320992708206176758e+00
2.939564943313598633e+00
2.940402269363403320e+00
2.317574024200439453e+00
2.941398859024047852e+00
2.310991525650024414e+00
2.317268371582031250e+00
2.327005386352539062e+00
2.316372156143188477e+00
2.934175491333007812e+00
2.314636230468750000e+00
2.332980394363403320e+00
2.316894292831420898e+00
2.313367605209350586e+00
2.317996501922607422e+00
2.320345163345336914e+00
2.302777528762817383e+00
2.938045740127563477e+00
2.318287849426269531e+00
2.318703174591064453e+00
2.308888912200927734e+00
2.308516263961791992e+00
2.328514814376831055e+00
