4.053251743316650391e-01
3.875498771667480469e-01
3.991000652313232422e-01
3.840336799621582031e-01
3.898868560791015625e-01
4.030673503875732422e-01
3.859832286834716797e-01
3.835554122924804688e-01
4.032492637634277344e-01
3.843963146209716797e-01
3.834817409515380859e-01
3.884208202362060547e-01
3.985207080841064453e-01
3.825066089630126953e-01
3.857593536376953125e-01
3.986983299255371094e-01
3.872349262237548828e-01
3.866281509399414062e-01
3.899185657501220703e-01
4.043741226196289062e-01
3.828325271606445312e-01
3.884654045104980469e-01
3.943600654602050781e-01
3.929209709167480469e-01
3.861141204833984375e-01
3.834099769592285156e-01
3.918721675872802734e-01
3.951339721679687500e-01
3.894493579864501953e-01
3.948051929473876953e-01
3.981461524963378906e-01
3.919119834899902344e-01
3.873307704925537109e-01
3.936116695404052734e-01
3.976025581359863281e-01
3.893883228302001953e-01
3.838980197906494141e-01
3.978750705718994141e-01
3.901124000549316406e-01
3.888247013092041016e-01
3.812618255615234375e-01
3.970348834991455078e-01
4.056458473205566406e-01
3.843550682067871094e-01
3.889164924621582031e-01
3.955504894256591797e-01
3.831486701965332031e-01
3.902056217193603516e-01
3.975801467895507812e-01
3.921160697937011719e-01
3.886737823486328125e-01
3.855905532836914062e-01
3.945617675781250000e-01
3.894655704498291016e-01
3.890182971954345703e-01
3.890540599822998047e-01
3.944921493530273438e-01
3.957505226135253906e-01
3.838000297546386719e-01
3.888552188873291016e-01
3.873305320739746094e-01
3.936421871185302734e-01
3.869242668151855469e-01
3.979427814483642578e-01
4.007821083068847656e-01
3.827152252197265625e-01
3.900983333587646484e-01
3.968672752380371094e-01
3.865256309509277344e-01
3.845715522766113281e-01
3.873298168182373047e-01
3.938152790069580078e-01
3.914382457733154297e-01
3.870503902435302734e-01
3.942279815673828125e-01
3.895316123962402344e-01
3.903055191040039062e-01
3.831107616424560547e-01
3.922495841979980469e-01
3.880052566528320312e-01
3.893392086029052734e-01
3.897273540496826172e-01
3.948357105255126953e-01
3.902423381805419922e-01
3.889074325561523438e-01
3.930447101593017578e-01
3.897709846496582031e-01
3.920292854309082031e-01
3.924512863159179688e-01
3.874270915985107422e-01
3.957386016845703125e-01
3.892400264739990234e-01
3.884189128875732422e-01
3.838169574737548828e-01
3.877780437469482422e-01
3.896698951721191406e-01
3.876149654388427734e-01
3.884851932525634766e-01
3.944597244262695312e-01
3.839144706726074219e-01
3.866708278656005859e-01
3.921785354614257812e-01
3.877797126770019531e-01
3.857460021972656250e-01
3.859195709228515625e-01
3.901035785675048828e-01
3.951528072357177734e-01
3.865222930908203125e-01
3.911275863647460938e-01
3.890573978424072266e-01
3.913667201995849609e-01
3.920207023620605469e-01
3.929915428161621094e-01
3.854720592498779297e-01
3.970689773559570312e-01
3.931949138641357422e-01
3.852448463439941406e-01
3.930375576019287109e-01
3.971247673034667969e-01
3.842375278472900391e-01
3.904993534088134766e-01
3.955090045928955078e-01
3.916435241699218750e-01
3.862330913543701172e-01
3.924562931060791016e-01
3.935127258300781250e-01
3.887202739715576172e-01
3.947954177856445312e-01
3.872177600860595703e-01
3.920898437500000000e-01
3.853278160095214844e-01
3.909363746643066406e-01
3.954389095306396484e-01
3.867561817169189453e-01
3.853068351745605469e-01
3.973681926727294922e-01
3.926568031311035156e-01
3.858909606933593750e-01
3.834896087646484375e-01
3.945300579071044922e-01
3.929622173309326172e-01
3.841748237609863281e-01
3.890879154205322266e-01
3.942599296569824219e-01
3.897416591644287109e-01
3.913056850433349609e-01
3.910570144653320312e-01
3.928318023681640625e-01
3.913927078247070312e-01
3.926877975463867188e-01
4.019467830657958984e-01
3.955707550048828125e-01
3.863847255706787109e-01
3.835206031799316406e-01
3.964662551879882812e-01
3.993115425109863281e-01
3.900048732757568359e-01
3.863623142242431641e-01
3.882257938385009766e-01
3.897547721862792969e-01
3.918645381927490234e-01
3.941793441772460938e-01
3.973476886749267578e-01
3.923087120056152344e-01
3.854813575744628906e-01
3.982892036437988281e-01
3.974759578704833984e-01
3.861095905303955078e-01
3.898386955261230469e-01
3.940465450286865234e-01
3.931677341461181641e-01
3.910481929779052734e-01
3.865292072296142578e-01
3.957102298736572266e-01
3.912045955657958984e-01
3.815457820892333984e-01
3.938934803009033203e-01
3.947796821594238281e-01
3.878116607666015625e-01
3.891222476959228516e-01
3.919727802276611328e-01
3.946301937103271484e-01
3.895628452301025391e-01
3.893773555755615234e-01
4.004871845245361328e-01
3.899993896484375000e-01
3.855156898498535156e-01
3.923280239105224609e-01
3.892192840576171875e-01
4.002103805541992188e-01
3.865110874176025391e-01
3.908939361572265625e-01
3.949112892150878906e-01
3.864202499389648438e-01
3.918066024780273438e-01
3.930070400238037109e-01
3.956165313720703125e-01
3.836247920989990234e-01
3.857159614562988281e-01
3.999269008636474609e-01
