4.056370258331298828e-01
3.879933357238769531e-01
3.991224765777587891e-01
3.841247558593750000e-01
3.915374279022216797e-01
4.030876159667968750e-01
3.853321075439453125e-01
3.834362030029296875e-01
4.033565521240234375e-01
3.845663070678710938e-01
3.835198879241943359e-01
3.883256912231445312e-01
3.985571861267089844e-01
3.827705383300781250e-01
3.858120441436767578e-01
3.990182876586914062e-01
3.874175548553466797e-01
3.866500854492187500e-01
3.899638652801513672e-01
4.043321609497070312e-01
3.826596736907958984e-01
3.882980346679687500e-01
3.944239616394042969e-01
3.930120468139648438e-01
3.874320983886718750e-01
3.835680484771728516e-01
3.920609951019287109e-01
3.951916694641113281e-01
3.894968032836914062e-01
3.945834636688232422e-01
3.926095962524414062e-01
3.913977146148681641e-01
3.885610103607177734e-01
3.934228420257568359e-01
3.971416950225830078e-01
3.890693187713623047e-01
3.837418556213378906e-01
3.976087570190429688e-01
3.902585506439208984e-01
3.886923789978027344e-01
3.814032077789306641e-01
3.973565101623535156e-01
4.056107997894287109e-01
3.842542171478271484e-01
3.889002799987792969e-01
3.955848217010498047e-01
3.829545974731445312e-01
3.896806240081787109e-01
3.971233367919921875e-01
3.920824527740478516e-01
3.883700370788574219e-01
3.852241039276123047e-01
3.945837020874023438e-01
3.894705772399902344e-01
3.866193294525146484e-01
3.888006210327148438e-01
3.942513465881347656e-01
3.960976600646972656e-01
3.838658332824707031e-01
3.889567852020263672e-01
3.871927261352539062e-01
3.931097984313964844e-01
3.868567943572998047e-01
3.975436687469482422e-01
4.006290435791015625e-01
3.827290534973144531e-01
3.898792266845703125e-01
3.968381881713867188e-01
3.862447738647460938e-01
3.843185901641845703e-01
3.872697353363037109e-01
3.935801982879638672e-01
3.927550315856933594e-01
3.866660594940185547e-01
3.940124511718750000e-01
3.893311023712158203e-01
3.899250030517578125e-01
3.828430175781250000e-01
3.922736644744873047e-01
3.878257274627685547e-01
3.892538547515869141e-01
3.893291950225830078e-01
3.946566581726074219e-01
3.953177928924560547e-01
3.890638351440429688e-01
3.931350708007812500e-01
3.899738788604736328e-01
3.923263549804687500e-01
3.924233913421630859e-01
3.875930309295654297e-01
3.956146240234375000e-01
3.894567489624023438e-01
3.887505531311035156e-01
3.856170177459716797e-01
3.881826400756835938e-01
3.900597095489501953e-01
3.878066539764404297e-01
3.884994983673095703e-01
3.947086334228515625e-01
3.842959403991699219e-01
3.869185447692871094e-01
3.923206329345703125e-01
3.875925540924072266e-01
3.862235546112060547e-01
3.861043453216552734e-01
3.896229267120361328e-01
3.951179981231689453e-01
3.869061470031738281e-01
3.913824558258056641e-01
3.893127441406250000e-01
3.916070461273193359e-01
3.922195434570312500e-01
3.930039405822753906e-01
3.857905864715576172e-01
3.968067169189453125e-01
3.932805061340332031e-01
3.851292133331298828e-01
3.927757740020751953e-01
3.966453075408935547e-01
3.841559886932373047e-01
3.905506134033203125e-01
3.950994014739990234e-01
3.913474082946777344e-01
3.855557441711425781e-01
3.922209739685058594e-01
3.932032585144042969e-01
3.886325359344482422e-01
3.946301937103271484e-01
3.870782852172851562e-01
3.920478820800781250e-01
3.852918148040771484e-01
3.907577991485595703e-01
3.953812122344970703e-01
3.865225315093994141e-01
3.854570388793945312e-01
3.971002101898193359e-01
3.930869102478027344e-01
3.861176967620849609e-01
3.838150501251220703e-01
3.947968482971191406e-01
3.931305408477783203e-01
3.844070434570312500e-01
3.891258239746093750e-01
3.940644264221191406e-01
3.897452354431152344e-01
3.914651870727539062e-01
3.913519382476806641e-01
3.927173614501953125e-01
3.911447525024414062e-01
3.927812576293945312e-01
4.018638134002685547e-01
3.975675106048583984e-01
3.864526748657226562e-01
3.837609291076660156e-01
3.965263366699218750e-01
3.994061946868896484e-01
3.897159099578857422e-01
3.864173889160156250e-01
3.883183002471923828e-01
3.898591995239257812e-01
3.913149833679199219e-01
3.938887119293212891e-01
3.974449634552001953e-01
3.922624588012695312e-01
3.854432106018066406e-01
3.979837894439697266e-01
3.972687721252441406e-01
3.862254619598388672e-01
3.897166252136230469e-01
3.940422534942626953e-01
3.932986259460449219e-01
3.909709453582763672e-01
3.862283229827880859e-01
3.957190513610839844e-01
3.913338184356689453e-01
3.816154003143310547e-01
3.938333988189697266e-01
3.949782848358154297e-01
3.877000808715820312e-01
3.895206451416015625e-01
3.918869495391845703e-01
3.944444656372070312e-01
3.894937038421630859e-01
3.896741867065429688e-01
4.003369808197021484e-01
3.902635574340820312e-01
3.854854106903076172e-01
3.921136856079101562e-01
3.895943164825439453e-01
4.000401496887207031e-01
3.864378929138183594e-01
3.910591602325439453e-01
3.952126502990722656e-01
3.868210315704345703e-01
3.919441699981689453e-01
3.933448791503906250e-01
3.956189155578613281e-01
3.847165107727050781e-01
3.854391574859619141e-01
4.001977443695068359e-01
