1.414933848381042480e+01
1.388459897041320801e+01
1.471478819847106934e+01
1.438986110687255859e+01
1.431850481033325195e+01
1.433561491966247559e+01
1.385111641883850098e+01
1.457628774642944336e+01
1.440698456764221191e+01
1.464024209976196289e+01
1.412422084808349609e+01
1.462278914451599121e+01
1.413537788391113281e+01
1.446442556381225586e+01
1.442387008666992188e+01
1.451238727569580078e+01
1.438648962974548340e+01
1.428707218170166016e+01
1.440525913238525391e+01
1.433435940742492676e+01
1.409157538414001465e+01
1.391451549530029297e+01
1.428033971786499023e+01
1.444189429283142090e+01
1.446249413490295410e+01
1.383329963684082031e+01
1.405386471748352051e+01
1.483807134628295898e+01
1.428819274902343750e+01
1.430370664596557617e+01
1.397530937194824219e+01
1.428592944145202637e+01
1.427763390541076660e+01
1.431001091003417969e+01
1.441969609260559082e+01
1.472008728981018066e+01
1.444585371017456055e+01
1.427792286872863770e+01
1.439115142822265625e+01
1.429854607582092285e+01
1.422106266021728516e+01
1.464821529388427734e+01
1.449012517929077148e+01
1.427025055885314941e+01
1.411054944992065430e+01
1.401552939414978027e+01
1.424992322921752930e+01
1.455468082427978516e+01
1.404033946990966797e+01
1.431614398956298828e+01
1.394655060768127441e+01
1.414380645751953125e+01
1.420197367668151855e+01
1.414226746559143066e+01
1.438540554046630859e+01
1.440107178688049316e+01
1.417685890197753906e+01
1.435282182693481445e+01
1.451914739608764648e+01
1.419442152976989746e+01
1.420353627204895020e+01
1.434481525421142578e+01
1.422694993019104004e+01
1.439239597320556641e+01
1.408481025695800781e+01
1.410784125328063965e+01
1.443915843963623047e+01
1.395164012908935547e+01
1.415357303619384766e+01
1.408235716819763184e+01
1.413639068603515625e+01
1.393188118934631348e+01
1.398630475997924805e+01
1.383837747573852539e+01
1.470414686203002930e+01
1.423397803306579590e+01
1.422678327560424805e+01
1.404372715950012207e+01
1.434556841850280762e+01
1.512090396881103516e+01
1.439891099929809570e+01
1.412031888961791992e+01
1.405569839477539062e+01
1.425245547294616699e+01
1.444397687911987305e+01
1.432315754890441895e+01
1.434443974494934082e+01
1.437698769569396973e+01
1.418533468246459961e+01
1.398361945152282715e+01
1.447830033302307129e+01
1.362884306907653809e+01
1.428145718574523926e+01
1.430249571800231934e+01
1.405814194679260254e+01
1.410041284561157227e+01
1.432684397697448730e+01
1.447288775444030762e+01
1.481322646141052246e+01
1.445244693756103516e+01
1.431940364837646484e+01
1.435864138603210449e+01
1.420767951011657715e+01
1.454444336891174316e+01
1.459292411804199219e+01
1.424578094482421875e+01
1.444059109687805176e+01
1.440420484542846680e+01
1.483548092842102051e+01
1.425399422645568848e+01
1.424559402465820312e+01
1.437001323699951172e+01
1.418252992630004883e+01
1.447427773475646973e+01
1.463648271560668945e+01
1.392093825340270996e+01
1.453987431526184082e+01
1.427787446975708008e+01
1.437316989898681641e+01
1.403516459465026855e+01
1.501274108886718750e+01
1.419012951850891113e+01
1.433235287666320801e+01
1.440308833122253418e+01
1.426714468002319336e+01
1.412737059593200684e+01
1.396516728401184082e+01
1.444115066528320312e+01
1.418021106719970703e+01
1.412331652641296387e+01
1.437337136268615723e+01
1.406163430213928223e+01
1.456685829162597656e+01
1.402975964546203613e+01
1.467515540122985840e+01
1.408410215377807617e+01
1.413209939002990723e+01
1.458337807655334473e+01
1.480249571800231934e+01
1.474478745460510254e+01
1.457948732376098633e+01
1.423820853233337402e+01
1.459282159805297852e+01
1.430850720405578613e+01
1.487478065490722656e+01
1.438014602661132812e+01
1.460201525688171387e+01
1.468733620643615723e+01
1.391228818893432617e+01
1.410867977142333984e+01
1.408617019653320312e+01
1.422744679450988770e+01
1.417435240745544434e+01
1.474090027809143066e+01
1.474011468887329102e+01
1.394532036781311035e+01
1.451860833168029785e+01
1.387009215354919434e+01
1.387222886085510254e+01
1.411810064315795898e+01
1.453739404678344727e+01
1.410970377922058105e+01
1.395092892646789551e+01
1.430320477485656738e+01
1.436206483840942383e+01
1.474404191970825195e+01
1.423846793174743652e+01
1.423856663703918457e+01
1.407177495956420898e+01
1.398129844665527344e+01
1.422586870193481445e+01
1.427543020248413086e+01
1.447400712966918945e+01
1.409463572502136230e+01
1.453259468078613281e+01
1.432835531234741211e+01
1.436464238166809082e+01
1.471692490577697754e+01
1.441127705574035645e+01
1.414577031135559082e+01
1.395819401741027832e+01
1.425510454177856445e+01
1.530204033851623535e+01
1.442604589462280273e+01
1.481847882270812988e+01
1.414874458312988281e+01
1.418550992012023926e+01
1.410770177841186523e+01
1.482659721374511719e+01
1.408494687080383301e+01
1.459248232841491699e+01
1.420033812522888184e+01
1.444759202003479004e+01
1.453939318656921387e+01
1.426456236839294434e+01
1.490480518341064453e+01
1.427149009704589844e+01
1.450273418426513672e+01
1.478736329078674316e+01
1.423614096641540527e+01
