4.055788516998291016e-01
3.879666328430175781e-01
3.990924358367919922e-01
3.840801715850830078e-01
3.914828300476074219e-01
4.030334949493408203e-01
3.860125541687011719e-01
3.835725784301757812e-01
4.033620357513427734e-01
3.846211433410644531e-01
3.835687637329101562e-01
3.884398937225341797e-01
3.987228870391845703e-01
3.828306198120117188e-01
3.858752250671386719e-01
3.989586830139160156e-01
3.874704837799072266e-01
3.863480091094970703e-01
3.900246620178222656e-01
4.042918682098388672e-01
3.826470375061035156e-01
3.882842063903808594e-01
3.945283889770507812e-01
3.929898738861083984e-01
3.875374794006347656e-01
3.836395740509033203e-01
3.921077251434326172e-01
3.953924179077148438e-01
3.895435333251953125e-01
3.945913314819335938e-01
3.925824165344238281e-01
3.913872241973876953e-01
3.886973857879638672e-01
3.934237957000732422e-01
3.972604274749755859e-01
3.890981674194335938e-01
3.838438987731933594e-01
3.975942134857177734e-01
3.903410434722900391e-01
3.881618976593017578e-01
3.814716339111328125e-01
3.974270820617675781e-01
4.049272537231445312e-01
3.842697143554687500e-01
3.895738124847412109e-01
3.956062793731689453e-01
3.830215930938720703e-01
3.896834850311279297e-01
3.970797061920166016e-01
3.920426368713378906e-01
3.883559703826904297e-01
3.851869106292724609e-01
3.946144580841064453e-01
3.894557952880859375e-01
3.888385295867919922e-01
3.887557983398437500e-01
3.942966461181640625e-01
3.960652351379394531e-01
3.839030265808105469e-01
3.890337944030761719e-01
3.872852325439453125e-01
3.931117057800292969e-01
3.869154453277587891e-01
3.975272178649902344e-01
4.006471633911132812e-01
3.828015327453613281e-01
3.898649215698242188e-01
3.968429565429687500e-01
3.862938880920410156e-01
3.843872547149658203e-01
3.872179985046386719e-01
3.936038017272949219e-01
3.914904594421386719e-01
3.866417407989501953e-01
3.940749168395996094e-01
3.893599510192871094e-01
3.900539875030517578e-01
3.828482627868652344e-01
3.923461437225341797e-01
3.878855705261230469e-01
3.897619247436523438e-01
3.893163204193115234e-01
3.946406841278076172e-01
3.952598571777343750e-01
3.890368938446044922e-01
3.932471275329589844e-01
3.900370597839355469e-01
3.923907279968261719e-01
3.923823833465576172e-01
3.876886367797851562e-01
3.955588340759277344e-01
3.894217014312744141e-01
3.888444900512695312e-01
3.857042789459228516e-01
3.882403373718261719e-01
3.890111446380615234e-01
3.878695964813232422e-01
3.884723186492919922e-01
3.947970867156982422e-01
3.843705654144287109e-01
3.869869709014892578e-01
3.924503326416015625e-01
3.875737190246582031e-01
3.862938880920410156e-01
3.861811161041259766e-01
3.896930217742919922e-01
3.951058387756347656e-01
3.869717121124267578e-01
3.914556503295898438e-01
3.893635272979736328e-01
3.910298347473144531e-01
3.921837806701660156e-01
3.929822444915771484e-01
3.858649730682373047e-01
3.967409133911132812e-01
3.932354450225830078e-01
3.852212429046630859e-01
3.927581310272216797e-01
3.968703746795654297e-01
3.841731548309326172e-01
3.905858993530273438e-01
3.950705528259277344e-01
3.913409709930419922e-01
3.855836391448974609e-01
3.921747207641601562e-01
3.932096958160400391e-01
3.886349201202392578e-01
3.953008651733398438e-01
3.870646953582763672e-01
3.920555114746093750e-01
3.853569030761718750e-01
3.907754421234130859e-01
3.954408168792724609e-01
3.865065574645996094e-01
3.854830265045166016e-01
3.970403671264648438e-01
3.929998874664306641e-01
3.861167430877685547e-01
3.838984966278076172e-01
3.948776721954345703e-01
3.931400775909423828e-01
3.844838142395019531e-01
3.892171382904052734e-01
3.940246105194091797e-01
3.896887302398681641e-01
3.915116786956787109e-01
3.914296627044677734e-01
3.926763534545898438e-01
3.911259174346923828e-01
3.927454948425292969e-01
3.873448371887207031e-01
3.974714279174804688e-01
3.865196704864501953e-01
3.838284015655517578e-01
3.964769840240478516e-01
3.994836807250976562e-01
3.897352218627929688e-01
3.865020275115966797e-01
3.883683681488037109e-01
3.899419307708740234e-01
3.913042545318603516e-01
3.938474655151367188e-01
3.974390029907226562e-01
3.921055793762207031e-01
3.855102062225341797e-01
3.979318141937255859e-01
3.971707820892333984e-01
3.862679004669189453e-01
3.897225856781005859e-01
3.941252231597900391e-01
3.933417797088623047e-01
3.909442424774169922e-01
3.861472606658935547e-01
3.957893848419189453e-01
3.913922309875488281e-01
3.816783428192138672e-01
3.939149379730224609e-01
3.950653076171875000e-01
3.876562118530273438e-01
3.894543647766113281e-01
3.919396400451660156e-01
3.944036960601806641e-01
3.894255161285400391e-01
3.897264003753662109e-01
4.003274440765380859e-01
3.903396129608154297e-01
3.854627609252929688e-01
3.920567035675048828e-01
3.896508216857910156e-01
4.000298976898193359e-01
3.864197731018066406e-01
3.911247253417968750e-01
3.965485095977783203e-01
3.869099617004394531e-01
3.919341564178466797e-01
3.934144973754882812e-01
3.956842422485351562e-01
3.847873210906982422e-01
3.854908943176269531e-01
4.002428054809570312e-01
