1.415185737609863281e+01
1.339001464843750000e+01
1.397540354728698730e+01
1.345196914672851562e+01
1.342669129371643066e+01
1.385963535308837891e+01
1.353160858154296875e+01
1.402023553848266602e+01
1.345909380912780762e+01
1.446367621421813965e+01
1.398770046234130859e+01
1.394993066787719727e+01
1.388097000122070312e+01
1.439125299453735352e+01
1.386498045921325684e+01
1.421375846862792969e+01
1.438039040565490723e+01
1.343518161773681641e+01
1.368881344795227051e+01
1.345550942420959473e+01
1.369852089881896973e+01
1.382233715057373047e+01
1.422295451164245605e+01
1.353222393989562988e+01
1.412205624580383301e+01
1.342143344879150391e+01
1.418072462081909180e+01
1.420076298713684082e+01
1.344803118705749512e+01
1.349747633934020996e+01
1.352088618278503418e+01
1.385182213783264160e+01
1.428051066398620605e+01
1.350632429122924805e+01
1.406205892562866211e+01
1.405106878280639648e+01
1.412190485000610352e+01
1.391712284088134766e+01
1.380024886131286621e+01
1.417212963104248047e+01
1.389887285232543945e+01
1.396213078498840332e+01
1.396278953552246094e+01
1.405785489082336426e+01
1.387498664855957031e+01
1.344898581504821777e+01
1.416363406181335449e+01
1.398253798484802246e+01
1.355075526237487793e+01
1.452368354797363281e+01
1.386454510688781738e+01
1.383239364624023438e+01
1.350493621826171875e+01
1.358256602287292480e+01
1.374560475349426270e+01
1.343653702735900879e+01
1.349032473564147949e+01
1.365715861320495605e+01
1.386145901679992676e+01
1.348191452026367188e+01
1.363476705551147461e+01
1.343782520294189453e+01
1.369565820693969727e+01
1.390059781074523926e+01
1.392392611503601074e+01
1.412877821922302246e+01
1.344402432441711426e+01
1.345962667465209961e+01
1.415953683853149414e+01
1.342521238327026367e+01
1.397514796257019043e+01
1.350752902030944824e+01
1.392395734786987305e+01
1.347559881210327148e+01
1.346181535720825195e+01
1.409247374534606934e+01
1.356851005554199219e+01
1.344716167449951172e+01
1.399271440505981445e+01
1.439232587814331055e+01
1.413612723350524902e+01
1.373475146293640137e+01
1.412146854400634766e+01
1.382987737655639648e+01
1.357419848442077637e+01
1.348987388610839844e+01
1.342426371574401855e+01
1.356091809272766113e+01
1.408849048614501953e+01
1.396508169174194336e+01
1.415007710456848145e+01
1.365850377082824707e+01
1.409451603889465332e+01
1.385461401939392090e+01
1.430641984939575195e+01
1.361133813858032227e+01
1.421622633934020996e+01
1.353188085556030273e+01
1.343901681900024414e+01
1.424469375610351562e+01
1.403915309906005859e+01
1.383863449096679688e+01
1.343466520309448242e+01
1.342488336563110352e+01
1.392307329177856445e+01
1.397970962524414062e+01
1.362447333335876465e+01
1.417287588119506836e+01
1.432033443450927734e+01
1.342529535293579102e+01
1.386290383338928223e+01
1.345166516304016113e+01
1.433900117874145508e+01
1.434379577636718750e+01
1.433680415153503418e+01
1.349940991401672363e+01
1.422883915901184082e+01
1.346578836441040039e+01
1.346664285659790039e+01
1.345966553688049316e+01
1.409812235832214355e+01
1.395867609977722168e+01
1.345408391952514648e+01
1.445014166831970215e+01
1.375656986236572266e+01
1.383486914634704590e+01
1.372183156013488770e+01
1.344732427597045898e+01
1.346050930023193359e+01
1.345570945739746094e+01
1.425181841850280762e+01
1.347543501853942871e+01
1.445583319664001465e+01
1.347256469726562500e+01
1.392104077339172363e+01
1.365732383728027344e+01
1.364345312118530273e+01
1.406028294563293457e+01
1.417765808105468750e+01
1.402656936645507812e+01
1.421570062637329102e+01
1.409867978096008301e+01
1.425228810310363770e+01
1.430798840522766113e+01
1.344472575187683105e+01
1.342844343185424805e+01
1.396685361862182617e+01
1.344521999359130859e+01
1.421407938003540039e+01
1.359582495689392090e+01
1.438445305824279785e+01
1.344822001457214355e+01
1.343059325218200684e+01
1.411473059654235840e+01
1.345775580406188965e+01
1.377670693397521973e+01
1.412659764289855957e+01
1.359838390350341797e+01
1.351634097099304199e+01
1.359959053993225098e+01
1.390325975418090820e+01
1.344092154502868652e+01
1.346275162696838379e+01
1.427474045753479004e+01
1.413148522377014160e+01
1.418421888351440430e+01
1.414273262023925781e+01
1.342236900329589844e+01
1.367210960388183594e+01
1.357989931106567383e+01
1.401653909683227539e+01
1.411415553092956543e+01
1.402731537818908691e+01
1.343313503265380859e+01
1.448423480987548828e+01
1.429949331283569336e+01
1.424323940277099609e+01
1.454881691932678223e+01
1.344006967544555664e+01
1.343820071220397949e+01
1.384241914749145508e+01
1.392072319984436035e+01
1.437440037727355957e+01
1.399976682662963867e+01
1.427349781990051270e+01
1.374711370468139648e+01
1.342462825775146484e+01
1.429714393615722656e+01
1.440976595878601074e+01
1.387258887290954590e+01
1.434374022483825684e+01
1.384060215950012207e+01
1.418831205368041992e+01
1.395013093948364258e+01
1.343724155426025391e+01
1.440194725990295410e+01
1.372208499908447266e+01
1.420862579345703125e+01
1.438163495063781738e+01
1.392940425872802734e+01
