1.548799999938964866e+01
2.347200000183105573e+01
2.891200000732422026e+01
3.172799999145507854e+01
3.593599999755859642e+01
3.875199999511718829e+01
4.131199999389648525e+01
4.401599998657226820e+01
4.771200000000000330e+01
4.969599999389648559e+01
5.099199998657226729e+01
5.252800000244140932e+01
5.475200000000000244e+01
5.628800000244140733e+01
5.811199999267578420e+01
5.924799999633788872e+01
6.075199999023437414e+01
6.177599999267577857e+01
6.287999998291015658e+01
6.335999999633789059e+01
6.417600000000000193e+01
6.542399999267577471e+01
6.595199999023436987e+01
6.726399999267577812e+01
6.790400001464843172e+01
6.833599999267578085e+01
6.943999998535156237e+01
6.987199999267578221e+01
7.048000001464843933e+01
7.167999997314453253e+01
7.166400000488280853e+01
7.295999997314453367e+01
7.364800001464843149e+01
7.385599997558593088e+01
7.409599997314452935e+01
7.379200000488280864e+01
7.473599998535156885e+01
7.532799998291015697e+01
7.657600000488281466e+01
7.641599998535156146e+01
7.662400001708984121e+01
7.569600001464843331e+01
7.723200001464843467e+01
7.708799997558594441e+01
7.737599999511718352e+01
7.748799997558593589e+01
7.772799999267577675e+01
7.766399997558593782e+01
7.763199999755859437e+01
7.865600000244140233e+01
7.875199997314453526e+01
7.737599999511718352e+01
7.865599999511718465e+01
7.871999999511719182e+01
7.948799999511719250e+01
7.924800001464844001e+01
7.972799997558593077e+01
7.899199997314453014e+01
8.051199997558593680e+01
7.950399998535156953e+01
7.985599997558593088e+01
7.961600000488280671e+01
7.990400000732421404e+01
8.017600001464843729e+01
7.999999999511719295e+01
7.995199998535156283e+01
8.012799998535156476e+01
8.041599998657225967e+01
8.038400001708984632e+01
8.151999998535156067e+01
8.145599998535156772e+01
8.105600000732421506e+01
8.068799999511718113e+01
8.030399999755859142e+01
8.251200000488280750e+01
8.145600001464843842e+01
8.198400001708984064e+01
8.099199998535156908e+01
8.118400000732421518e+01
8.092800001708984325e+01
8.161599999755858903e+01
8.151999998535156067e+01
8.281599997802734947e+01
8.195199997558593452e+01
8.183999999511718215e+01
8.272000001708984485e+01
8.078399999755859540e+01
8.132799997558593930e+01
8.228799999511718966e+01
8.163200001708983677e+01
8.228799998535156135e+01
8.145600000732422075e+01
8.291199999511718488e+01
8.092800000488281853e+01
8.279999999511719011e+01
8.244799997314453321e+01
8.223999998535155953e+01
8.329599998535155692e+01
8.185599999511718750e+01
8.187199998779297516e+01
9.214400001953124786e+01
9.320000001953124524e+01
9.382400000976562637e+01
9.433600001953125513e+01
9.401600001953124774e+01
9.468800000000000239e+01
9.494399997802734958e+01
9.468799999755859176e+01
9.484800001953125559e+01
9.487999997802734242e+01
9.563200001953124740e+01
9.542399998779296766e+01
9.540799999755859062e+01
9.566400000000000148e+01
9.587200000976562819e+01
9.607999999755858767e+01
9.627200001953124797e+01
9.622399997802735072e+01
9.651200001953125707e+01
9.620799998779297368e+01
9.628800001953125332e+01
9.664000000976562887e+01
9.665600001953124831e+01
9.697600000976562740e+01
9.683199999999999363e+01
9.687999999999999545e+01
9.686399998779296538e+01
9.679999999999999716e+01
9.718400000976562580e+01
9.710400000976562751e+01
9.723199998779297459e+01
9.729600000000000648e+01
9.724799998779296573e+01
9.732799997802734993e+01
9.750400001953124729e+01
9.785600000976562285e+01
9.796800001953124593e+01
9.800000001953125661e+01
9.779200000000000159e+01
9.784000000976563172e+01
9.747200000976562251e+01
9.764799997802734310e+01
9.782399999999999807e+01
9.793600000000000705e+01
9.751999999999999602e+01
9.756800000976562615e+01
9.809600000976563194e+01
9.820800000976562671e+01
9.823999999999999488e+01
9.833600000976562683e+01
9.846399999999999864e+01
9.878400000976562012e+01
9.879999997802734413e+01
9.864000000000000057e+01
9.894400000976563092e+01
9.884800000976562728e+01
9.908799999999999386e+01
9.892799999999999727e+01
9.897600000976562740e+01
9.902400000976562922e+01
9.897600000976562740e+01
9.912000000976561864e+01
9.905600000976562569e+01
9.908800000976562217e+01
9.921599999999999397e+01
9.912000000000000455e+01
9.921599999999999397e+01
9.905599999999999739e+01
9.920000000976563115e+01
9.902400000976562922e+01
9.910400001953125582e+01
9.913599999999999568e+01
9.918399999999999750e+01
9.904000000000000625e+01
9.937600000000000477e+01
9.912000000000000455e+01
9.905599999999999739e+01
9.929600000000000648e+01
9.907200000000000273e+01
9.918399999999999750e+01
9.921599999999999397e+01
9.915200000000000102e+01
9.940800000000000125e+01
9.912000000000000455e+01
9.902400000000000091e+01
9.908799997802734083e+01
9.910399999999999920e+01
9.900800000976562387e+01
9.907200000000000273e+01
9.921599999999999397e+01
9.905599999999999739e+01
9.916800000000000637e+01
9.929600000000000648e+01
9.928000000000000114e+01
9.947199999999999420e+01
9.929600000976562058e+01
9.931199999999999761e+01
9.937600001953124718e+01
9.934399999999999409e+01
9.904000000976562035e+01
