1.976999855041503906e+01
2.987999916076660156e+01
3.289999771118164062e+01
3.343000030517578125e+01
3.950000000000000000e+01
3.450000000000000000e+01
3.966999816894531250e+01
4.579999923706054688e+01
4.420999908447265625e+01
4.387999725341796875e+01
4.216999816894531250e+01
4.609999847412109375e+01
5.180999755859375000e+01
5.785999679565429688e+01
5.388999938964843750e+01
5.497999954223632812e+01
5.559999847412109375e+01
5.652999877929687500e+01
6.069999694824218750e+01
6.758000183105468750e+01
6.389999771118164062e+01
5.675999832153320312e+01
5.975999832153320312e+01
6.259999847412109375e+01
5.135999679565429688e+01
6.059999847412109375e+01
4.904999923706054688e+01
6.718000030517578125e+01
6.847000122070312500e+01
6.287999725341796875e+01
6.905999755859375000e+01
6.075000000000000000e+01
6.559999847412109375e+01
5.829999923706054688e+01
7.430999755859375000e+01
6.034000015258789062e+01
6.833000183105468750e+01
6.415999603271484375e+01
6.307999801635742188e+01
5.888999938964843750e+01
7.233000183105468750e+01
6.888999938964843750e+01
5.369999694824218750e+01
6.677999877929687500e+01
7.300000000000000000e+01
6.850999450683593750e+01
7.525000000000000000e+01
5.818999862670898438e+01
6.284000015258789062e+01
7.669999694824218750e+01
7.318000030517578125e+01
6.819999694824218750e+01
6.775999450683593750e+01
6.047999954223632812e+01
7.713999938964843750e+01
5.903999710083007812e+01
7.627999877929687500e+01
6.419999694824218750e+01
5.335999679565429688e+01
6.495999908447265625e+01
7.412999725341796875e+01
6.723999786376953125e+01
6.823999786376953125e+01
7.627999877929687500e+01
6.053999710083007812e+01
6.518000030517578125e+01
5.798999786376953125e+01
7.408000183105468750e+01
5.786999893188476562e+01
7.452999877929687500e+01
7.304000091552734375e+01
4.668999862670898438e+01
7.973999786376953125e+01
7.193999481201171875e+01
7.490999603271484375e+01
7.879999542236328125e+01
8.122999572753906250e+01
6.858999633789062500e+01
7.588999938964843750e+01
8.062999725341796875e+01
7.534999847412109375e+01
7.572000122070312500e+01
7.305999755859375000e+01
7.337999725341796875e+01
8.066999816894531250e+01
7.616999816894531250e+01
8.058999633789062500e+01
6.897000122070312500e+01
6.115999984741210938e+01
7.505999755859375000e+01
7.684999847412109375e+01
7.152999877929687500e+01
7.886999511718750000e+01
6.904999542236328125e+01
8.209999847412109375e+01
4.869999694824218750e+01
7.147999572753906250e+01
6.897999572753906250e+01
7.312999725341796875e+01
5.813999938964843750e+01
9.047000122070312500e+01
9.097000122070312500e+01
9.086000061035156250e+01
9.112999725341796875e+01
9.116999816894531250e+01
9.136999511718750000e+01
9.150000000000000000e+01
9.113999938964843750e+01
9.120999908447265625e+01
9.141999816894531250e+01
9.143999481201171875e+01
9.107999420166015625e+01
9.125999450683593750e+01
9.140999603271484375e+01
9.119999694824218750e+01
9.133999633789062500e+01
9.147000122070312500e+01
9.119999694824218750e+01
9.101999664306640625e+01
9.129999542236328125e+01
9.112999725341796875e+01
9.101999664306640625e+01
9.144999694824218750e+01
9.100999450683593750e+01
9.054999542236328125e+01
9.108999633789062500e+01
9.086000061035156250e+01
9.093999481201171875e+01
9.148999786376953125e+01
9.136000061035156250e+01
9.125000000000000000e+01
9.131999969482421875e+01
9.094999694824218750e+01
9.083999633789062500e+01
9.114999389648437500e+01
9.106999969482421875e+01
9.100999450683593750e+01
9.137999725341796875e+01
9.123999786376953125e+01
9.119999694824218750e+01
9.111000061035156250e+01
9.093999481201171875e+01
9.034999847412109375e+01
9.088999938964843750e+01
8.979000091552734375e+01
9.133999633789062500e+01
9.125000000000000000e+01
9.038999938964843750e+01
8.915000152587890625e+01
9.075999450683593750e+01
9.170999908447265625e+01
9.181999969482421875e+01
9.169999694824218750e+01
9.161000061035156250e+01
9.164999389648437500e+01
9.182999420166015625e+01
9.179000091552734375e+01
9.175999450683593750e+01
9.168000030517578125e+01
9.172000122070312500e+01
9.188999938964843750e+01
9.168000030517578125e+01
9.183999633789062500e+01
9.186999511718750000e+01
9.183999633789062500e+01
9.175999450683593750e+01
9.190999603271484375e+01
9.169999694824218750e+01
9.172000122070312500e+01
9.166999816894531250e+01
9.182999420166015625e+01
9.183999633789062500e+01
9.180999755859375000e+01
9.193999481201171875e+01
9.181999969482421875e+01
9.177999877929687500e+01
9.179000091552734375e+01
9.168999481201171875e+01
9.177999877929687500e+01
9.182999420166015625e+01
9.168000030517578125e+01
9.173999786376953125e+01
9.181999969482421875e+01
9.170999908447265625e+01
9.182999420166015625e+01
9.165999603271484375e+01
9.187999725341796875e+01
9.173999786376953125e+01
9.166999816894531250e+01
9.170999908447265625e+01
9.168999481201171875e+01
9.175000000000000000e+01
9.157999420166015625e+01
9.170999908447265625e+01
9.175999450683593750e+01
9.175999450683593750e+01
9.161999511718750000e+01
9.164999389648437500e+01
9.165999603271484375e+01
9.170999908447265625e+01
