1.204799999908447283e+01
1.937599999877929591e+01
2.155199999572753811e+01
2.249599999511718806e+01
2.487999999816894459e+01
2.641599999755859329e+01
2.956800000122070315e+01
3.177600000732421748e+01
3.356799999755859432e+01
3.526399999816894848e+01
3.897599999755859557e+01
4.217599998779297010e+01
4.526400000610351526e+01
4.740799999023437294e+01
5.120000000976562404e+01
5.168000000976562802e+01
5.431999998779296845e+01
5.635199997314452958e+01
5.827200000244140909e+01
5.896000000610351321e+01
6.041599999999999682e+01
6.159999999267578374e+01
6.243199999633789332e+01
6.422399999633789491e+01
6.486399998657226718e+01
6.379200000244140512e+01
6.555200000244140313e+01
6.683199997314453356e+01
6.627199999267578789e+01
6.713599998657225854e+01
6.679999997314453708e+01
6.812799998291015413e+01
6.780800000610351219e+01
6.932799998291015697e+01
6.910399997314452492e+01
7.015999999267577891e+01
7.012799998291015413e+01
7.048000000610350924e+01
7.153599997314452708e+01
7.169599999267578028e+01
7.259200000488280580e+01
7.286399998291015834e+01
7.304000000488281330e+01
7.291200000000000614e+01
7.377599997558593259e+01
7.462400000488281648e+01
7.544000001708984371e+01
7.492799997314453719e+01
7.566400001708984746e+01
7.543999998535156237e+01
7.587200000488280693e+01
7.673599998291015822e+01
7.652800000488281285e+01
7.724799998291015868e+01
7.641600001708984280e+01
7.731200000488281887e+01
7.790400001464843172e+01
7.908799998535155851e+01
7.822399998535156840e+01
7.873600001464843956e+01
7.964800001464843149e+01
7.920000001464843820e+01
7.956799999755858721e+01
7.891199999511718488e+01
8.070400001708983950e+01
8.046400000488280568e+01
8.124799998657226752e+01
8.030400000244141268e+01
8.068799997558593873e+01
8.030399999755859142e+01
8.046399998535156328e+01
8.065599999511718465e+01
8.078399999511718477e+01
8.198399998535155930e+01
8.092799998779297255e+01
8.174399998535156442e+01
8.174399998535156442e+01
8.192000000732421938e+01
8.190400001708984234e+01
8.236799998535155964e+01
8.164799998535156078e+01
8.179200001708984757e+01
8.279999997558593350e+01
8.236800001464844456e+01
8.206400000488281421e+01
8.251200000488280750e+01
8.358399997558593952e+01
8.344000000488281898e+01
8.340799999511719420e+01
8.358400000976563149e+01
8.479999999511719011e+01
8.398400000732421233e+01
8.395200000488281944e+01
8.292800000488281853e+01
8.348799998779297482e+01
8.473599999511718295e+01
8.371200001708984928e+01
8.371199998535156794e+01
8.409599998779296470e+01
8.526400000732421347e+01
9.049600000976562342e+01
9.243200000976563047e+01
9.324799999755859403e+01
9.369599997802734492e+01
9.431999999999999318e+01
9.431999998779296845e+01
9.467199997802734401e+01
9.528000000976562944e+01
9.556800001953125445e+01
9.531200000976562592e+01
9.543999999999999773e+01
9.593600000976562114e+01
9.633599997802734549e+01
9.598400000976562296e+01
9.609600000976563194e+01
9.636800000976562330e+01
9.651200001953125707e+01
9.665600000000000591e+01
9.692800000976562558e+01
9.659200001953125536e+01
9.699200000976561853e+01
9.739200001953125252e+01
9.732799997802734993e+01
9.720000000000000284e+01
9.724799997802733742e+01
9.748800000976562785e+01
9.729599997802733924e+01
9.732800000000000296e+01
9.718399997802734447e+01
9.782400001953125468e+01
9.761600000976562796e+01
9.771200000000000330e+01
9.764800000976562444e+01
9.791999997802734867e+01
9.814400000000000546e+01
9.790399997802734333e+01
9.844800000976562160e+01
9.816000000976562490e+01
9.809600001953124604e+01
9.817600001953124433e+01
9.862400000976562353e+01
9.806400000976562126e+01
9.828799999999999670e+01
9.860800000976561819e+01
9.844799999999999329e+01
9.835200000976561796e+01
9.844799999999999329e+01
9.883199999999999363e+01
9.867199999999999704e+01
9.822400000976563206e+01
9.895999999999999375e+01
9.887999999999999545e+01
9.908800000976562217e+01
9.904000000000000625e+01
9.908800000976562217e+01
9.926400000976562410e+01
9.945600000976563138e+01
9.939200001953125252e+01
9.924800000000000466e+01
9.920000000976563115e+01
9.948800000976562785e+01
9.961599999999999966e+01
9.944000001953125434e+01
9.948799999999999955e+01
9.948799999999999955e+01
9.948799999999999955e+01
9.940800000976562956e+01
9.958400000000000318e+01
9.940800000000000125e+01
9.934399999999999409e+01
9.956799999999999784e+01
9.955200000000000671e+01
9.956800000976562615e+01
9.943999999999999773e+01
9.966400000000000148e+01
9.950400000000000489e+01
9.940800000000000125e+01
9.958400000976563149e+01
9.953600000000000136e+01
9.939199999999999591e+01
9.964800000976562444e+01
9.959999999999999432e+01
9.959999999999999432e+01
9.958400000000000318e+01
9.964799999999999613e+01
9.956799999999999784e+01
9.960000000976562262e+01
9.958400000000000318e+01
9.956800000976562615e+01
9.958400000976563149e+01
9.955200000976562080e+01
9.966400000000000148e+01
9.963200000000000500e+01
9.966400000000000148e+01
9.964800000976562444e+01
9.959999999999999432e+01
9.958400000000000318e+01
9.974400000976562808e+01
9.955200001953124911e+01
9.976000000000000512e+01
