2.570615768432617188e+00
1.915024995803833008e+00
1.904175281524658203e+00
1.916117429733276367e+00
1.906515359878540039e+00
1.903673171997070312e+00
1.910057544708251953e+00
1.915124893188476562e+00
1.940758943557739258e+00
1.910100460052490234e+00
1.899530887603759766e+00
1.907767295837402344e+00
1.901574611663818359e+00
1.899983882904052734e+00
1.899495124816894531e+00
1.908273935317993164e+00
1.904764890670776367e+00
1.899315834045410156e+00
1.897572755813598633e+00
1.898885488510131836e+00
1.900220870971679688e+00
1.910801172256469727e+00
1.898713827133178711e+00
1.925553560256958008e+00
1.899753808975219727e+00
1.893987894058227539e+00
1.895236730575561523e+00
1.920563459396362305e+00
1.909976005554199219e+00
1.926519870758056641e+00
1.908493041992187500e+00
1.901107549667358398e+00
1.910008430480957031e+00
1.961400747299194336e+00
1.905365228652954102e+00
1.906088113784790039e+00
1.906218767166137695e+00
1.901463270187377930e+00
1.958008527755737305e+00
1.897895097732543945e+00
1.902217388153076172e+00
1.900937318801879883e+00
1.905663013458251953e+00
1.915576219558715820e+00
1.907634496688842773e+00
1.897815942764282227e+00
1.905197381973266602e+00
1.901428461074829102e+00
1.906411170959472656e+00
1.905178785324096680e+00
1.904109954833984375e+00
1.909261941909790039e+00
1.908061504364013672e+00
1.905714035034179688e+00
1.903012514114379883e+00
1.915736913681030273e+00
1.912629604339599609e+00
1.912621021270751953e+00
1.905730724334716797e+00
1.907658100128173828e+00
1.902687072753906250e+00
1.901007175445556641e+00
1.902399778366088867e+00
1.917941570281982422e+00
1.933943033218383789e+00
1.900760889053344727e+00
1.906234741210937500e+00
1.901931285858154297e+00
1.901657104492187500e+00
1.906988382339477539e+00
1.901881217956542969e+00
1.904357671737670898e+00
1.901309251785278320e+00
1.903090715408325195e+00
1.903927326202392578e+00
1.905304908752441406e+00
1.910402536392211914e+00
1.904040575027465820e+00
1.911482334136962891e+00
1.900359630584716797e+00
1.903639554977416992e+00
1.898202896118164062e+00
1.903856515884399414e+00
1.911424160003662109e+00
1.905897140502929688e+00
1.908331394195556641e+00
1.898165225982666016e+00
1.907618761062622070e+00
1.900449752807617188e+00
1.905045509338378906e+00
1.912173032760620117e+00
1.901865005493164062e+00
1.902294635772705078e+00
1.905871391296386719e+00
1.900264739990234375e+00
1.901991605758666992e+00
1.902786970138549805e+00
1.902415990829467773e+00
1.899772644042968750e+00
1.897552013397216797e+00
1.900753736495971680e+00
1.903144836425781250e+00
1.900948047637939453e+00
1.897209882736206055e+00
1.902117729187011719e+00
1.905458211898803711e+00
1.899842739105224609e+00
1.915491342544555664e+00
1.907666444778442383e+00
1.919861793518066406e+00
1.903378725051879883e+00
1.902770042419433594e+00
1.904018640518188477e+00
1.895890474319458008e+00
1.940870285034179688e+00
1.916942119598388672e+00
1.909299612045288086e+00
1.904326915740966797e+00
1.914489507675170898e+00
1.902144432067871094e+00
1.918577194213867188e+00
1.909163475036621094e+00
1.914724826812744141e+00
1.903312444686889648e+00
1.899507522583007812e+00
1.899250030517578125e+00
1.904551267623901367e+00
1.923320770263671875e+00
1.903470039367675781e+00
1.923634767532348633e+00
1.906157016754150391e+00
1.905768394470214844e+00
1.920477628707885742e+00
1.911572217941284180e+00
1.912982463836669922e+00
1.909133434295654297e+00
1.908066511154174805e+00
1.907450437545776367e+00
1.895405054092407227e+00
1.925379991531372070e+00
1.896199226379394531e+00
1.899163246154785156e+00
1.920043468475341797e+00
1.907588481903076172e+00
1.906543731689453125e+00
1.905246734619140625e+00
1.926252603530883789e+00
1.906314134597778320e+00
1.917103767395019531e+00
1.897250413894653320e+00
1.895522117614746094e+00
1.903372287750244141e+00
1.904397010803222656e+00
1.908255100250244141e+00
1.915772914886474609e+00
1.917853116989135742e+00
1.910125494003295898e+00
1.902023315429687500e+00
1.899612188339233398e+00
1.897732019424438477e+00
1.904181718826293945e+00
1.900032758712768555e+00
1.914984226226806641e+00
1.913247346878051758e+00
1.902655124664306641e+00
1.896355867385864258e+00
1.910472154617309570e+00
1.921008110046386719e+00
1.899052381515502930e+00
1.908171415328979492e+00
1.907436847686767578e+00
1.903013706207275391e+00
1.946765184402465820e+00
1.900093793869018555e+00
1.907330036163330078e+00
1.898620367050170898e+00
1.902749538421630859e+00
1.902492523193359375e+00
1.904424428939819336e+00
1.913183927536010742e+00
1.898025035858154297e+00
1.909258127212524414e+00
1.904764890670776367e+00
1.905608177185058594e+00
1.899348974227905273e+00
1.900989294052124023e+00
1.898232698440551758e+00
1.903044223785400391e+00
1.919201850891113281e+00
1.899780511856079102e+00
1.907993078231811523e+00
1.903927326202392578e+00
1.900773286819458008e+00
1.900656700134277344e+00
1.904058218002319336e+00
1.896778345108032227e+00
1.916841745376586914e+00
1.902666807174682617e+00
1.900203227996826172e+00
1.912062644958496094e+00
