1.414965343475341797e+01
1.354888510704040527e+01
1.456234741210937500e+01
1.399108123779296875e+01
1.382748651504516602e+01
1.345720744132995605e+01
1.343353199958801270e+01
1.343064951896667480e+01
1.374091720581054688e+01
1.420258450508117676e+01
1.344366717338562012e+01
1.388921999931335449e+01
1.346125769615173340e+01
1.344370269775390625e+01
1.394374513626098633e+01
1.435112643241882324e+01
1.418627548217773438e+01
1.439969849586486816e+01
1.419594907760620117e+01
1.409938144683837891e+01
1.413664579391479492e+01
1.356345653533935547e+01
1.392193222045898438e+01
1.345114827156066895e+01
1.430158114433288574e+01
1.406542563438415527e+01
1.380621147155761719e+01
1.363262295722961426e+01
1.391133666038513184e+01
1.415482306480407715e+01
1.383601832389831543e+01
1.374045014381408691e+01
1.396372079849243164e+01
1.387742853164672852e+01
1.436446595191955566e+01
1.366126585006713867e+01
1.397204589843750000e+01
1.380953264236450195e+01
1.384884691238403320e+01
1.411925482749938965e+01
1.406925749778747559e+01
1.390821623802185059e+01
1.427138781547546387e+01
1.345316791534423828e+01
1.364520335197448730e+01
1.379554533958435059e+01
1.347872400283813477e+01
1.432858419418334961e+01
1.363782095909118652e+01
1.433360934257507324e+01
1.362394452095031738e+01
1.383915758132934570e+01
1.345463848114013672e+01
1.397646045684814453e+01
1.345733714103698730e+01
1.368157649040222168e+01
1.368616819381713867e+01
1.393488097190856934e+01
1.345994091033935547e+01
1.402593278884887695e+01
1.351674008369445801e+01
1.379951214790344238e+01
1.345139408111572266e+01
1.371094393730163574e+01
1.377422285079956055e+01
1.344579315185546875e+01
1.404964137077331543e+01
1.373436665534973145e+01
1.372267365455627441e+01
1.389547777175903320e+01
1.345221185684204102e+01
1.350273108482360840e+01
1.364340710639953613e+01
1.346213507652282715e+01
1.394397425651550293e+01
1.405638551712036133e+01
1.343937873840332031e+01
1.377788615226745605e+01
1.377372407913208008e+01
1.345676016807556152e+01
1.424869918823242188e+01
1.375632238388061523e+01
1.373893189430236816e+01
1.358271956443786621e+01
1.405390810966491699e+01
1.384209680557250977e+01
1.416205620765686035e+01
1.345029520988464355e+01
1.384347939491271973e+01
1.397048521041870117e+01
1.412775802612304688e+01
1.346853375434875488e+01
1.390799450874328613e+01
1.443964338302612305e+01
1.400168204307556152e+01
1.345782065391540527e+01
1.343374562263488770e+01
1.382848834991455078e+01
1.395931887626647949e+01
1.343816328048706055e+01
1.397957253456115723e+01
1.343808674812316895e+01
1.382137751579284668e+01
1.382624077796936035e+01
1.393969750404357910e+01
1.424748778343200684e+01
1.401504874229431152e+01
1.396095871925354004e+01
1.409806919097900391e+01
1.381953430175781250e+01
1.343751478195190430e+01
1.408073687553405762e+01
1.417023611068725586e+01
1.343128371238708496e+01
1.427882909774780273e+01
1.359676074981689453e+01
1.420285034179687500e+01
1.392025041580200195e+01
1.407197880744934082e+01
1.346691226959228516e+01
1.346877980232238770e+01
1.398513484001159668e+01
1.406719255447387695e+01
1.423553109169006348e+01
1.382232046127319336e+01
1.404359245300292969e+01
1.345994472503662109e+01
1.383039116859436035e+01
1.386670255661010742e+01
1.379365611076354980e+01
1.344705009460449219e+01
1.346059298515319824e+01
1.344998645782470703e+01
1.367639112472534180e+01
1.344211483001708984e+01
1.359885239601135254e+01
1.344200730323791504e+01
1.459280896186828613e+01
1.409771490097045898e+01
1.442063331604003906e+01
1.343240427970886230e+01
1.387529683113098145e+01
1.430920386314392090e+01
1.396910023689270020e+01
1.428018856048583984e+01
1.394520115852355957e+01
1.391723394393920898e+01
1.446779680252075195e+01
1.391094970703125000e+01
1.403808236122131348e+01
1.349262571334838867e+01
1.393271064758300781e+01
1.417264533042907715e+01
1.406179380416870117e+01
1.433171963691711426e+01
1.349899721145629883e+01
1.404391336441040039e+01
1.362361192703247070e+01
1.342558455467224121e+01
1.344440293312072754e+01
1.382790017127990723e+01
1.343237996101379395e+01
1.385492086410522461e+01
1.422788286209106445e+01
1.385170888900756836e+01
1.433961534500122070e+01
1.428156828880310059e+01
1.408674740791320801e+01
1.398732709884643555e+01
1.349065971374511719e+01
1.345152807235717773e+01
1.415326857566833496e+01
1.400499463081359863e+01
1.352537178993225098e+01
1.423090314865112305e+01
1.399193978309631348e+01
1.343193459510803223e+01
1.346097588539123535e+01
1.396076083183288574e+01
1.388579034805297852e+01
1.343727064132690430e+01
1.343086528778076172e+01
1.446769142150878906e+01
1.443017578125000000e+01
1.397952222824096680e+01
1.416416120529174805e+01
1.388988304138183594e+01
1.394769859313964844e+01
1.344566941261291504e+01
1.383698534965515137e+01
1.442773056030273438e+01
1.345162534713745117e+01
1.396281719207763672e+01
1.465327191352844238e+01
1.361405205726623535e+01
1.348986315727233887e+01
1.343644356727600098e+01
1.344896650314331055e+01
1.454325008392333984e+01
1.389517998695373535e+01
