2.553578376770019531e+00
1.875848054885864258e+00
1.899587869644165039e+00
1.879082202911376953e+00
1.878330707550048828e+00
1.880455732345581055e+00
1.887470006942749023e+00
1.879053354263305664e+00
1.879876375198364258e+00
1.879103422164916992e+00
1.888532876968383789e+00
1.878523349761962891e+00
1.879152297973632812e+00
1.876672506332397461e+00
1.881082534790039062e+00
1.893093585968017578e+00
1.878852844238281250e+00
1.885110616683959961e+00
1.880273580551147461e+00
1.880230188369750977e+00
1.888802051544189453e+00
1.878109455108642578e+00
1.882375478744506836e+00
1.876407384872436523e+00
1.877809286117553711e+00
1.892739295959472656e+00
1.877972841262817383e+00
1.918262958526611328e+00
1.883352756500244141e+00
1.948614358901977539e+00
1.879187583923339844e+00
1.881821870803833008e+00
1.880116224288940430e+00
1.880771398544311523e+00
1.923606872558593750e+00
1.914921283721923828e+00
1.884654045104980469e+00
1.902891874313354492e+00
1.885331630706787109e+00
1.877094030380249023e+00
1.883023977279663086e+00
1.878614187240600586e+00
1.883450746536254883e+00
1.877862930297851562e+00
1.874862194061279297e+00
1.880221605300903320e+00
1.879296302795410156e+00
1.875596046447753906e+00
1.882022142410278320e+00
1.872069835662841797e+00
1.878785848617553711e+00
1.873496294021606445e+00
1.872206687927246094e+00
1.877575397491455078e+00
1.905959367752075195e+00
1.918475151062011719e+00
1.880063295364379883e+00
1.885112762451171875e+00
1.875774860382080078e+00
1.877746820449829102e+00
1.876811504364013672e+00
1.877328872680664062e+00
1.877246379852294922e+00
1.876703977584838867e+00
1.877282381057739258e+00
1.877959728240966797e+00
1.875159263610839844e+00
1.878718137741088867e+00
1.871943473815917969e+00
1.879260540008544922e+00
1.881284713745117188e+00
1.877202510833740234e+00
1.880836486816406250e+00
1.889504432678222656e+00
1.881998777389526367e+00
1.871692419052124023e+00
1.876899003982543945e+00
1.875510931015014648e+00
1.875580787658691406e+00
1.877845048904418945e+00
1.880676507949829102e+00
1.881406784057617188e+00
1.881428956985473633e+00
1.874465703964233398e+00
1.882078647613525391e+00
1.877829551696777344e+00
1.878669500350952148e+00
1.921341419219970703e+00
1.881796360015869141e+00
1.925111770629882812e+00
1.879701614379882812e+00
1.875294685363769531e+00
1.877731561660766602e+00
1.881287336349487305e+00
1.873066186904907227e+00
1.878369808197021484e+00
1.877214908599853516e+00
1.883667469024658203e+00
1.879258155822753906e+00
1.882095575332641602e+00
1.874533176422119141e+00
1.877106428146362305e+00
1.875268459320068359e+00
1.876485109329223633e+00
1.875719785690307617e+00
1.872100830078125000e+00
1.879092693328857422e+00
1.877505302429199219e+00
1.882302761077880859e+00
1.879860877990722656e+00
1.879657745361328125e+00
1.877645254135131836e+00
1.878591299057006836e+00
1.883069992065429688e+00
1.906748056411743164e+00
1.887210845947265625e+00
1.883131265640258789e+00
1.882936954498291016e+00
1.885002613067626953e+00
1.884498119354248047e+00
1.880798578262329102e+00
1.876211643218994141e+00
1.874715328216552734e+00
1.883848428726196289e+00
1.873086929321289062e+00
1.896130800247192383e+00
1.886179208755493164e+00
1.881950378417968750e+00
1.879971981048583984e+00
1.876827001571655273e+00
1.877019882202148438e+00
1.877005815505981445e+00
1.877450227737426758e+00
1.881220102310180664e+00
1.878957986831665039e+00
1.877562522888183594e+00
1.877241373062133789e+00
1.885984897613525391e+00
1.879258871078491211e+00
1.891159772872924805e+00
1.911344528198242188e+00
1.882393121719360352e+00
1.885358333587646484e+00
1.896090030670166016e+00
1.875872135162353516e+00
1.875271320343017578e+00
1.876838207244873047e+00
1.877893686294555664e+00
1.875262498855590820e+00
1.878192901611328125e+00
1.881312131881713867e+00
1.875416994094848633e+00
1.877720117568969727e+00
1.873921871185302734e+00
1.878032684326171875e+00
1.875987529754638672e+00
1.875638723373413086e+00
1.868319511413574219e+00
1.876854658126831055e+00
1.879008293151855469e+00
1.872171163558959961e+00
1.876213073730468750e+00
1.876132965087890625e+00
1.875331401824951172e+00
1.879221916198730469e+00
1.881632566452026367e+00
1.876789569854736328e+00
1.876124143600463867e+00
1.873116731643676758e+00
1.875334024429321289e+00
1.876913547515869141e+00
1.879177093505859375e+00
1.876935958862304688e+00
1.876524686813354492e+00
1.876338958740234375e+00
1.885035991668701172e+00
1.878674268722534180e+00
1.879226446151733398e+00
1.879552602767944336e+00
1.875673055648803711e+00
1.880304098129272461e+00
1.877647399902343750e+00
1.876614093780517578e+00
1.875486135482788086e+00
1.872810125350952148e+00
1.882297992706298828e+00
1.877148866653442383e+00
1.877091646194458008e+00
1.879393577575683594e+00
1.900172710418701172e+00
1.874817848205566406e+00
1.879056692123413086e+00
1.878694295883178711e+00
1.877579927444458008e+00
1.877812862396240234e+00
1.880734682083129883e+00
1.882664918899536133e+00
1.911887645721435547e+00
1.877853393554687500e+00
1.879932403564453125e+00
