2.598567008972167969e+00
1.961810827255249023e+00
2.554061412811279297e+00
1.924948692321777344e+00
1.922801971435546875e+00
2.552589893341064453e+00
1.929771661758422852e+00
1.923847913742065430e+00
1.921175241470336914e+00
1.928222417831420898e+00
1.923752307891845703e+00
1.922666788101196289e+00
1.928911447525024414e+00
1.932504892349243164e+00
1.926945447921752930e+00
1.925801277160644531e+00
1.927053689956665039e+00
1.925879716873168945e+00
1.925142765045166016e+00
2.547887802124023438e+00
1.949378490447998047e+00
1.927677392959594727e+00
1.928329467773437500e+00
1.921523332595825195e+00
1.923177957534790039e+00
1.926313400268554688e+00
1.929251432418823242e+00
1.961288690567016602e+00
1.923092126846313477e+00
2.545985698699951172e+00
1.921079397201538086e+00
2.553641796112060547e+00
1.928724527359008789e+00
1.924689531326293945e+00
2.549583435058593750e+00
2.558155298233032227e+00
1.924840450286865234e+00
2.555174350738525391e+00
1.931016683578491211e+00
2.555283546447753906e+00
1.930107116699218750e+00
1.941910266876220703e+00
2.556135177612304688e+00
1.926202058792114258e+00
1.924247980117797852e+00
1.925506591796875000e+00
1.923198938369750977e+00
2.551830530166625977e+00
2.551985740661621094e+00
1.924661636352539062e+00
1.939371109008789062e+00
1.920835733413696289e+00
1.925217390060424805e+00
1.920256137847900391e+00
1.936845064163208008e+00
1.926203012466430664e+00
1.923010826110839844e+00
1.939027547836303711e+00
1.932284832000732422e+00
1.930722236633300781e+00
1.925697088241577148e+00
2.549723386764526367e+00
1.938429832458496094e+00
2.555966615676879883e+00
1.938244581222534180e+00
1.928946971893310547e+00
1.921381473541259766e+00
1.924176454544067383e+00
1.927263498306274414e+00
1.926880359649658203e+00
1.930444478988647461e+00
1.932126998901367188e+00
1.926611185073852539e+00
2.557029247283935547e+00
1.932957649230957031e+00
1.930841684341430664e+00
1.923256874084472656e+00
1.923986673355102539e+00
1.927387714385986328e+00
1.923973083496093750e+00
1.928214550018310547e+00
1.924362182617187500e+00
1.925544738769531250e+00
1.921256065368652344e+00
1.923505544662475586e+00
1.927410364151000977e+00
1.924507856369018555e+00
1.926688671112060547e+00
2.548023939132690430e+00
1.931018829345703125e+00
2.554490804672241211e+00
1.924983501434326172e+00
1.930088758468627930e+00
1.930097341537475586e+00
1.929232835769653320e+00
1.934031486511230469e+00
1.929383039474487305e+00
1.930502414703369141e+00
1.927200317382812500e+00
1.932183265686035156e+00
1.930525064468383789e+00
1.936630249023437500e+00
1.942761898040771484e+00
1.931012868881225586e+00
1.928542137145996094e+00
1.925268650054931641e+00
2.545290470123291016e+00
1.927455425262451172e+00
1.930901765823364258e+00
1.925499677658081055e+00
1.932517528533935547e+00
1.929511070251464844e+00
1.928669452667236328e+00
1.927977323532104492e+00
2.574793338775634766e+00
1.926408529281616211e+00
1.922102689743041992e+00
1.925223350524902344e+00
1.927363634109497070e+00
1.928425550460815430e+00
1.926215648651123047e+00
2.552191257476806641e+00
1.927093744277954102e+00
2.551234245300292969e+00
2.553644657135009766e+00
1.924949645996093750e+00
1.939457416534423828e+00
1.933860540390014648e+00
1.935982942581176758e+00
1.927000522613525391e+00
1.932348966598510742e+00
1.925165176391601562e+00
1.925339937210083008e+00
1.925391435623168945e+00
1.922584056854248047e+00
2.553936958312988281e+00
1.926720142364501953e+00
1.926803827285766602e+00
1.922414064407348633e+00
1.930022001266479492e+00
1.928382873535156250e+00
1.922674655914306641e+00
1.925899982452392578e+00
2.566270589828491211e+00
1.923631191253662109e+00
1.923441886901855469e+00
1.926369428634643555e+00
1.922999858856201172e+00
2.562585115432739258e+00
2.553185462951660156e+00
1.926939249038696289e+00
1.925542593002319336e+00
1.930415391921997070e+00
1.925422191619873047e+00
1.925528049468994141e+00
1.938488483428955078e+00
2.559712409973144531e+00
1.926293849945068359e+00
1.945145130157470703e+00
1.930956602096557617e+00
2.553969144821166992e+00
2.547732114791870117e+00
1.928858757019042969e+00
2.550883769989013672e+00
1.926030874252319336e+00
2.554440021514892578e+00
2.556812524795532227e+00
1.966525316238403320e+00
2.545642375946044922e+00
1.926276206970214844e+00
1.933697938919067383e+00
2.561524868011474609e+00
2.554998159408569336e+00
1.927900552749633789e+00
1.926451921463012695e+00
1.921940565109252930e+00
1.926246881484985352e+00
1.923392295837402344e+00
1.926739931106567383e+00
1.924925565719604492e+00
1.922501802444458008e+00
1.924840450286865234e+00
2.550090312957763672e+00
1.925184011459350586e+00
2.551096677780151367e+00
1.925262212753295898e+00
1.924739837646484375e+00
2.553414344787597656e+00
1.917317867279052734e+00
2.551151514053344727e+00
2.549390792846679688e+00
1.928192853927612305e+00
1.923804521560668945e+00
1.932842493057250977e+00
1.921687841415405273e+00
1.949001789093017578e+00
1.924847364425659180e+00
1.928812265396118164e+00
1.925960540771484375e+00
1.926591396331787109e+00
