2.171999931335449219e+01
2.152999877929687500e+01
3.098999977111816406e+01
3.145999908447265625e+01
2.939999961853027344e+01
4.077999877929687500e+01
4.032999801635742188e+01
4.902000045776367188e+01
4.938999938964843750e+01
4.689999771118164062e+01
4.384999847412109375e+01
5.148999786376953125e+01
4.750999832153320312e+01
4.861000061035156250e+01
5.669999694824218750e+01
4.980999755859375000e+01
5.259999847412109375e+01
5.704999923706054688e+01
6.011999893188476562e+01
4.854999923706054688e+01
5.188999938964843750e+01
5.944999694824218750e+01
5.123999786376953125e+01
5.637999725341796875e+01
6.962999725341796875e+01
6.020999908447265625e+01
5.268000030517578125e+01
6.056999969482421875e+01
5.916999816894531250e+01
5.629999923706054688e+01
6.658000183105468750e+01
5.552000045776367188e+01
4.520000076293945312e+01
6.094999694824218750e+01
5.260999679565429688e+01
7.159999847412109375e+01
6.438999938964843750e+01
5.602000045776367188e+01
6.391999816894531250e+01
5.800999832153320312e+01
5.641999816894531250e+01
6.362999725341796875e+01
5.843000030517578125e+01
4.552999877929687500e+01
4.898999786376953125e+01
6.076999664306640625e+01
5.277999877929687500e+01
5.107999801635742188e+01
7.501999664306640625e+01
3.795999908447265625e+01
5.690999984741210938e+01
6.198999786376953125e+01
6.296999740600585938e+01
5.690999984741210938e+01
4.400999832153320312e+01
5.521999740600585938e+01
6.044999694824218750e+01
5.963999938964843750e+01
6.994999694824218750e+01
7.680999755859375000e+01
7.255999755859375000e+01
5.568999862670898438e+01
6.973999786376953125e+01
4.238999938964843750e+01
4.020000076293945312e+01
7.022999572753906250e+01
6.909999847412109375e+01
2.493000030517578125e+01
7.140000152587890625e+01
6.966999816894531250e+01
6.768000030517578125e+01
6.640000152587890625e+01
6.506999969482421875e+01
6.334000015258789062e+01
6.210999679565429688e+01
5.740999984741210938e+01
6.816999816894531250e+01
4.934999847412109375e+01
5.366999816894531250e+01
7.575999450683593750e+01
6.551999664306640625e+01
5.584999847412109375e+01
6.015999984741210938e+01
6.118999862670898438e+01
2.838999938964843750e+01
6.481999969482421875e+01
7.315000152587890625e+01
6.087999725341796875e+01
5.650999832153320312e+01
6.583000183105468750e+01
4.846999740600585938e+01
6.586999511718750000e+01
5.700999832153320312e+01
6.355999755859375000e+01
6.218999862670898438e+01
5.618000030517578125e+01
5.745999908447265625e+01
6.443000030517578125e+01
5.132999801635742188e+01
7.869999694824218750e+01
9.061000061035156250e+01
9.051999664306640625e+01
9.086000061035156250e+01
9.089999389648437500e+01
9.129999542236328125e+01
9.109999847412109375e+01
9.113999938964843750e+01
9.132999420166015625e+01
9.127999877929687500e+01
9.123999786376953125e+01
9.115999603271484375e+01
9.112999725341796875e+01
9.091999816894531250e+01
9.133999633789062500e+01
9.137999725341796875e+01
9.097000122070312500e+01
9.101999664306640625e+01
9.097000122070312500e+01
9.093000030517578125e+01
9.082999420166015625e+01
9.126999664306640625e+01
9.130999755859375000e+01
9.116999816894531250e+01
9.093000030517578125e+01
9.115999603271484375e+01
9.080999755859375000e+01
8.997999572753906250e+01
9.086999511718750000e+01
9.027999877929687500e+01
9.108999633789062500e+01
9.082999420166015625e+01
9.104000091552734375e+01
9.030999755859375000e+01
9.055999755859375000e+01
9.088999938964843750e+01
8.968999481201171875e+01
9.022999572753906250e+01
9.068999481201171875e+01
9.116999816894531250e+01
9.088999938964843750e+01
9.115999603271484375e+01
8.943000030517578125e+01
9.070999908447265625e+01
9.061000061035156250e+01
9.111999511718750000e+01
8.981999969482421875e+01
9.054000091552734375e+01
9.061999511718750000e+01
9.115999603271484375e+01
9.069999694824218750e+01
9.172000122070312500e+01
9.172999572753906250e+01
9.186000061035156250e+01
9.172999572753906250e+01
9.176999664306640625e+01
9.176999664306640625e+01
9.175999450683593750e+01
9.169999694824218750e+01
9.173999786376953125e+01
9.177999877929687500e+01
9.175000000000000000e+01
9.172999572753906250e+01
9.168999481201171875e+01
9.176999664306640625e+01
9.179999542236328125e+01
9.184999847412109375e+01
9.172000122070312500e+01
9.186999511718750000e+01
9.161000061035156250e+01
9.170999908447265625e+01
9.173999786376953125e+01
9.172000122070312500e+01
9.177999877929687500e+01
9.180999755859375000e+01
9.184999847412109375e+01
9.169999694824218750e+01
9.179999542236328125e+01
9.189999389648437500e+01
9.179999542236328125e+01
9.191999816894531250e+01
9.164999389648437500e+01
9.186999511718750000e+01
9.182999420166015625e+01
9.179999542236328125e+01
9.169999694824218750e+01
9.169999694824218750e+01
9.181999969482421875e+01
9.179999542236328125e+01
9.184999847412109375e+01
9.186000061035156250e+01
9.176999664306640625e+01
9.179000091552734375e+01
9.168000030517578125e+01
9.173999786376953125e+01
9.172999572753906250e+01
9.176999664306640625e+01
9.162999725341796875e+01
9.172000122070312500e+01
9.173999786376953125e+01
9.177999877929687500e+01
