2.955420732498168945e+00
2.318536281585693359e+00
2.317337274551391602e+00
2.304437398910522461e+00
2.310530662536621094e+00
2.321953058242797852e+00
2.323349714279174805e+00
2.306739091873168945e+00
2.329276800155639648e+00
2.309617757797241211e+00
2.921815633773803711e+00
2.306225776672363281e+00
2.933887958526611328e+00
2.917512893676757812e+00
2.925094604492187500e+00
2.319739580154418945e+00
2.923367261886596680e+00
2.306740283966064453e+00
2.306442737579345703e+00
2.334030866622924805e+00
2.311569452285766602e+00
2.325008869171142578e+00
2.304258108139038086e+00
2.313899040222167969e+00
2.306511878967285156e+00
2.304790019989013672e+00
2.305531263351440430e+00
2.968801021575927734e+00
2.917598485946655273e+00
2.311959743499755859e+00
2.340134859085083008e+00
2.377079010009765625e+00
2.927895069122314453e+00
2.317485332489013672e+00
2.315214395523071289e+00
2.312954902648925781e+00
2.304208755493164062e+00
2.316308021545410156e+00
2.925215482711791992e+00
2.309490442276000977e+00
2.924676179885864258e+00
2.329943180084228516e+00
2.328255176544189453e+00
2.923174858093261719e+00
2.306067466735839844e+00
2.309619903564453125e+00
2.305188179016113281e+00
2.306124925613403320e+00
2.312571287155151367e+00
2.319300651550292969e+00
2.310547351837158203e+00
2.301950216293334961e+00
2.928825855255126953e+00
2.325328111648559570e+00
2.929620504379272461e+00
2.305699825286865234e+00
2.306127786636352539e+00
2.380061864852905273e+00
2.922993659973144531e+00
2.316867589950561523e+00
2.301247358322143555e+00
2.331390142440795898e+00
2.932127952575683594e+00
2.312942266464233398e+00
2.329616069793701172e+00
2.308307886123657227e+00
2.302191257476806641e+00
2.927501440048217773e+00
2.304241180419921875e+00
2.303327560424804688e+00
2.925141572952270508e+00
2.930877685546875000e+00
2.986525535583496094e+00
2.310233592987060547e+00
2.318285465240478516e+00
2.309745073318481445e+00
2.311119318008422852e+00
2.302839994430541992e+00
2.313657283782958984e+00
2.930492401123046875e+00
2.311754465103149414e+00
2.307726383209228516e+00
2.311896085739135742e+00
2.308912992477416992e+00
2.311584472656250000e+00
2.313816785812377930e+00
2.949560642242431641e+00
2.928962707519531250e+00
2.317051172256469727e+00
2.310779571533203125e+00
2.312066316604614258e+00
2.306341171264648438e+00
2.312369346618652344e+00
2.304544210433959961e+00
2.307289600372314453e+00
2.929013013839721680e+00
2.923302650451660156e+00
2.313199043273925781e+00
2.932733774185180664e+00
2.919766187667846680e+00
2.304248094558715820e+00
2.933509588241577148e+00
2.305200338363647461e+00
2.304141998291015625e+00
2.305239677429199219e+00
2.306524515151977539e+00
2.314051866531372070e+00
2.309505701065063477e+00
2.314054012298583984e+00
2.921658039093017578e+00
2.929296731948852539e+00
2.312235355377197266e+00
2.310252904891967773e+00
2.921149015426635742e+00
2.339552879333496094e+00
2.312430381774902344e+00
2.300710439682006836e+00
2.309545993804931641e+00
2.318137407302856445e+00
2.918128252029418945e+00
2.928923368453979492e+00
2.313975334167480469e+00
2.313544750213623047e+00
2.303074121475219727e+00
2.305183172225952148e+00
2.312051534652709961e+00
2.926892757415771484e+00
2.312578201293945312e+00
2.304116964340209961e+00
2.320237398147583008e+00
2.919490575790405273e+00
2.307976245880126953e+00
2.933247089385986328e+00
2.309197902679443359e+00
2.924324035644531250e+00
2.312954664230346680e+00
2.311327219009399414e+00
2.303073167800903320e+00
2.307757616043090820e+00
2.322638273239135742e+00
2.930414915084838867e+00
2.325023651123046875e+00
2.306380987167358398e+00
2.308362007141113281e+00
2.311056852340698242e+00
2.309276580810546875e+00
2.306212425231933594e+00
2.307941198348999023e+00
2.314891815185546875e+00
2.311305284500122070e+00
2.324039936065673828e+00
2.938630580902099609e+00
2.936035394668579102e+00
2.349554300308227539e+00
2.310950756072998047e+00
2.942381620407104492e+00
2.314135074615478516e+00
2.924957513809204102e+00
2.304226636886596680e+00
2.315965652465820312e+00
2.306686162948608398e+00
2.310379743576049805e+00
2.319599151611328125e+00
2.315392017364501953e+00
2.303043365478515625e+00
2.310077428817749023e+00
2.316965341567993164e+00
2.931278944015502930e+00
2.306138038635253906e+00
2.313882112503051758e+00
2.932050704956054688e+00
2.321288824081420898e+00
2.297865629196166992e+00
2.934993743896484375e+00
2.308180809020996094e+00
2.301419734954833984e+00
2.924511194229125977e+00
2.933491468429565430e+00
2.303240299224853516e+00
2.309417486190795898e+00
2.928541183471679688e+00
2.314290046691894531e+00
2.309795141220092773e+00
2.306593656539916992e+00
2.313480854034423828e+00
2.306123733520507812e+00
2.302395582199096680e+00
2.306881666183471680e+00
2.927040815353393555e+00
2.323354721069335938e+00
2.302433729171752930e+00
2.927645206451416016e+00
2.305997610092163086e+00
2.304360151290893555e+00
2.307977199554443359e+00
2.927897214889526367e+00
2.934486865997314453e+00
2.921201229095458984e+00
2.302486896514892578e+00
2.311452388763427734e+00
