2.664056062698364258e+00
2.555606603622436523e+00
1.937049865722656250e+00
1.954326868057250977e+00
1.935938358306884766e+00
1.930249691009521484e+00
2.543421506881713867e+00
2.554431200027465820e+00
1.931640148162841797e+00
2.557017326354980469e+00
1.935208559036254883e+00
2.560935258865356445e+00
1.936580181121826172e+00
1.940351724624633789e+00
1.933270454406738281e+00
2.560415506362915039e+00
1.932637691497802734e+00
1.935450553894042969e+00
2.558978796005249023e+00
1.934685945510864258e+00
1.934221744537353516e+00
1.971105575561523438e+00
2.554527759552001953e+00
1.932910203933715820e+00
2.559522151947021484e+00
2.562175035476684570e+00
2.557983160018920898e+00
1.963198423385620117e+00
1.934498548507690430e+00
1.929566383361816406e+00
1.935133695602416992e+00
1.965274572372436523e+00
1.936659574508666992e+00
1.935643911361694336e+00
1.933457612991333008e+00
1.936009883880615234e+00
2.558732271194458008e+00
1.932700872421264648e+00
1.933988094329833984e+00
1.933664083480834961e+00
1.941640377044677734e+00
2.580867052078247070e+00
1.941396951675415039e+00
1.956237792968750000e+00
2.555752754211425781e+00
2.557133436203002930e+00
2.561240911483764648e+00
1.930907249450683594e+00
1.931904554367065430e+00
1.952146053314208984e+00
1.930347204208374023e+00
1.937122821807861328e+00
1.934861421585083008e+00
1.939277410507202148e+00
1.936879158020019531e+00
1.934644460678100586e+00
2.551901102066040039e+00
1.947752237319946289e+00
1.941423177719116211e+00
2.582115173339843750e+00
2.558209657669067383e+00
1.934789657592773438e+00
1.933346986770629883e+00
1.931359767913818359e+00
1.939414739608764648e+00
2.552931785583496094e+00
1.943278074264526367e+00
1.937246084213256836e+00
2.553198575973510742e+00
2.555942296981811523e+00
1.968703985214233398e+00
1.932704925537109375e+00
1.932184457778930664e+00
1.929793834686279297e+00
2.553720951080322266e+00
2.555478334426879883e+00
1.933342218399047852e+00
1.928372383117675781e+00
2.554161310195922852e+00
1.935999155044555664e+00
2.555830955505371094e+00
1.931504011154174805e+00
1.937959432601928711e+00
1.937232732772827148e+00
1.930604934692382812e+00
2.557305097579956055e+00
1.946698665618896484e+00
1.933310031890869141e+00
1.932959318161010742e+00
2.552587032318115234e+00
1.934089660644531250e+00
1.932395219802856445e+00
2.555953741073608398e+00
2.553548336029052734e+00
2.600619554519653320e+00
1.934931278228759766e+00
1.933793544769287109e+00
1.934999942779541016e+00
1.938749790191650391e+00
1.937547206878662109e+00
2.554267168045043945e+00
1.937235355377197266e+00
1.943638563156127930e+00
2.556867122650146484e+00
2.556508302688598633e+00
2.560237169265747070e+00
1.953023910522460938e+00
2.557621955871582031e+00
2.555431604385375977e+00
1.936412572860717773e+00
1.933693170547485352e+00
1.936744213104248047e+00
1.933601617813110352e+00
1.939998865127563477e+00
1.944612503051757812e+00
1.938659906387329102e+00
2.559072971343994141e+00
1.939232349395751953e+00
1.931464433670043945e+00
1.932626724243164062e+00
1.935266256332397461e+00
1.931296586990356445e+00
1.930870771408081055e+00
1.932908773422241211e+00
1.936511516571044922e+00
1.934631824493408203e+00
1.935528993606567383e+00
1.944909334182739258e+00
1.944035530090332031e+00
1.929835557937622070e+00
1.933165311813354492e+00
1.935232639312744141e+00
1.935552597045898438e+00
1.947220087051391602e+00
1.937021732330322266e+00
1.958606243133544922e+00
1.931850671768188477e+00
2.559165239334106445e+00
2.558045864105224609e+00
2.561486005783081055e+00
1.929610729217529297e+00
2.557975053787231445e+00
2.561837196350097656e+00
1.937767505645751953e+00
1.931086778640747070e+00
2.551070451736450195e+00
2.560886144638061523e+00
1.935526609420776367e+00
1.929074525833129883e+00
1.932174921035766602e+00
1.932466745376586914e+00
1.937258005142211914e+00
1.933304071426391602e+00
2.563830137252807617e+00
1.940321683883666992e+00
1.935355663299560547e+00
1.930751323699951172e+00
1.936184406280517578e+00
2.568209171295166016e+00
2.564410686492919922e+00
1.930094718933105469e+00
1.929531812667846680e+00
1.939247131347656250e+00
1.933108329772949219e+00
2.556899785995483398e+00
1.933670520782470703e+00
1.934195756912231445e+00
1.932533025741577148e+00
1.945023536682128906e+00
2.556788444519042969e+00
1.932909488677978516e+00
1.929863452911376953e+00
1.934775590896606445e+00
1.938432931900024414e+00
2.557968616485595703e+00
2.555419683456420898e+00
1.933942079544067383e+00
1.938074111938476562e+00
1.928333044052124023e+00
1.932951450347900391e+00
1.967703342437744141e+00
1.935867071151733398e+00
1.927989959716796875e+00
2.558601379394531250e+00
1.932516336441040039e+00
2.558294773101806641e+00
1.933714151382446289e+00
1.933750867843627930e+00
1.944232940673828125e+00
1.931331157684326172e+00
1.932451248168945312e+00
1.999510049819946289e+00
2.561455249786376953e+00
2.558272600173950195e+00
1.932937145233154297e+00
1.937569618225097656e+00
1.940984010696411133e+00
1.932793617248535156e+00
2.553060054779052734e+00
2.557842016220092773e+00
