2.959118604660034180e+00
2.263746976852416992e+00
2.298663139343261719e+00
2.263123512268066406e+00
2.269769668579101562e+00
2.283469676971435547e+00
2.273438930511474609e+00
2.262382507324218750e+00
2.283185482025146484e+00
2.263654470443725586e+00
2.272088527679443359e+00
2.266850709915161133e+00
2.277806043624877930e+00
2.259487867355346680e+00
2.266957521438598633e+00
2.291996717453002930e+00
2.266310453414916992e+00
2.271407127380371094e+00
2.270226716995239258e+00
2.284516096115112305e+00
2.271409749984741211e+00
2.266356468200683594e+00
2.276822328567504883e+00
2.269369125366210938e+00
2.265282869338989258e+00
2.276299953460693359e+00
2.270034551620483398e+00
2.313527345657348633e+00
2.272901058197021484e+00
2.343189716339111328e+00
2.271733522415161133e+00
2.273161172866821289e+00
2.268797397613525391e+00
2.274154424667358398e+00
2.320704221725463867e+00
2.303981065750122070e+00
2.268347501754760742e+00
2.300469875335693359e+00
2.275676727294921875e+00
2.265254020690917969e+00
2.264497756958007812e+00
2.275999546051025391e+00
2.288366556167602539e+00
2.262111902236938477e+00
2.264377593994140625e+00
2.275796651840209961e+00
2.262266635894775391e+00
2.265246629714965820e+00
2.279080629348754883e+00
2.264060735702514648e+00
2.267095088958740234e+00
2.258645296096801758e+00
2.266824245452880859e+00
2.266968965530395508e+00
2.294794321060180664e+00
2.307173728942871094e+00
2.274327278137207031e+00
2.281110763549804688e+00
2.259660005569458008e+00
2.266710758209228516e+00
2.264027595520019531e+00
2.270415782928466797e+00
2.264142751693725586e+00
2.274190425872802734e+00
2.277891635894775391e+00
2.260696411132812500e+00
2.264987468719482422e+00
2.275570631027221680e+00
2.258187532424926758e+00
2.263579130172729492e+00
2.268475770950317383e+00
2.270790815353393555e+00
2.272326946258544922e+00
2.276115894317626953e+00
2.275991916656494141e+00
2.260999917984008789e+00
2.266918182373046875e+00
2.258311033248901367e+00
2.267856597900390625e+00
2.265706062316894531e+00
2.269943237304687500e+00
2.270689010620117188e+00
2.276026010513305664e+00
2.269686222076416016e+00
2.271055936813354492e+00
2.270991802215576172e+00
2.268709421157836914e+00
2.313747644424438477e+00
2.274182796478271484e+00
2.312737226486206055e+00
2.275266647338867188e+00
2.264688491821289062e+00
2.266493320465087891e+00
2.266932487487792969e+00
2.260216474533081055e+00
2.268589735031127930e+00
2.265099525451660156e+00
2.272093057632446289e+00
2.274063825607299805e+00
2.266470670700073242e+00
2.261427402496337891e+00
2.269574403762817383e+00
2.262791156768798828e+00
2.262704610824584961e+00
2.261830091476440430e+00
2.261736869812011719e+00
2.274184465408325195e+00
2.264436244964599609e+00
2.273695945739746094e+00
2.269237279891967773e+00
2.270699977874755859e+00
2.269732236862182617e+00
2.271512031555175781e+00
2.268930435180664062e+00
2.303491830825805664e+00
2.280406951904296875e+00
2.268294572830200195e+00
2.275631666183471680e+00
2.281835794448852539e+00
2.268642425537109375e+00
2.271405696868896484e+00
2.271251440048217773e+00
2.266013860702514648e+00
2.269369840621948242e+00
2.265216827392578125e+00
2.289323091506958008e+00
2.274811506271362305e+00
2.277194976806640625e+00
2.267011165618896484e+00
2.268846988677978516e+00
2.262383937835693359e+00
2.267756223678588867e+00
2.272889614105224609e+00
2.267689466476440430e+00
2.264443874359130859e+00
2.274600744247436523e+00
2.270213127136230469e+00
2.272012948989868164e+00
2.263086557388305664e+00
2.285972833633422852e+00
2.304477453231811523e+00
2.266794443130493164e+00
2.274501800537109375e+00
2.290100812911987305e+00
2.265522956848144531e+00
2.266735792160034180e+00
2.268198490142822266e+00
2.270548105239868164e+00
2.266356706619262695e+00
2.270936012268066406e+00
2.271749258041381836e+00
2.273070573806762695e+00
2.264260292053222656e+00
2.257681369781494141e+00
2.274488449096679688e+00
2.275443077087402344e+00
2.265341520309448242e+00
2.254804849624633789e+00
2.265156269073486328e+00
2.268879175186157227e+00
2.263450145721435547e+00
2.270035743713378906e+00
2.273512840270996094e+00
2.267422914505004883e+00
2.264663219451904297e+00
2.279552698135375977e+00
2.274028301239013672e+00
2.262394905090332031e+00
2.262834072113037109e+00
2.269194364547729492e+00
2.270257949829101562e+00
2.270106554031372070e+00
2.263066768646240234e+00
2.272302865982055664e+00
2.267670154571533203e+00
2.266662597656250000e+00
2.272575616836547852e+00
2.274299621582031250e+00
2.267165184020996094e+00
2.265086412429809570e+00
2.272268533706665039e+00
2.272012948989868164e+00
2.266031265258789062e+00
2.265155553817749023e+00
2.273108243942260742e+00
2.272584438323974609e+00
2.262559890747070312e+00
2.269136190414428711e+00
2.269048929214477539e+00
2.300197839736938477e+00
2.261200428009033203e+00
2.270177125930786133e+00
2.275166511535644531e+00
2.264406919479370117e+00
2.269720554351806641e+00
2.274161100387573242e+00
2.278363466262817383e+00
2.296677112579345703e+00
2.263283014297485352e+00
2.280112504959106445e+00
