1.163199999877929613e+01
1.864000000183105499e+01
2.155199999877929784e+01
2.334400000732421887e+01
2.487999999511718840e+01
2.808000000122070361e+01
3.043199999145507917e+01
3.177599999816894538e+01
3.407999999755859477e+01
3.515200000366210986e+01
3.844800000366210924e+01
4.180799999755859631e+01
4.449599999389648275e+01
4.782399999145507508e+01
4.984000000976562461e+01
5.265600000244140944e+01
5.393599999023437164e+01
5.696000001464843621e+01
5.713599998657226564e+01
5.846399999633788980e+01
5.960000001464843677e+01
6.041599998291015794e+01
6.215999998657226655e+01
6.176000001464844047e+01
6.279999999023437596e+01
6.348799999633789071e+01
6.443199997314452787e+01
6.393599997558593628e+01
6.558399998291015720e+01
6.585599998535155919e+01
6.654399999999999693e+01
6.799999998657226286e+01
6.787200000244141052e+01
6.849599998657227218e+01
6.868799997314452810e+01
6.851199998657226331e+01
6.961599998657226251e+01
6.953599998657226422e+01
7.092799999511719022e+01
7.136000000488280648e+01
7.159999998657227138e+01
7.110399999267578153e+01
7.201599998535155578e+01
7.355199998535155714e+01
7.286399999511718306e+01
7.323199997558593566e+01
7.470399999267577584e+01
7.390399997314453628e+01
7.497600000488280614e+01
7.540799997314452696e+01
7.559999999511718727e+01
7.625599999511719318e+01
7.572799999267577675e+01
7.681600000244141313e+01
7.702399997558593725e+01
7.751999998291015004e+01
7.790399999755859994e+01
7.793599997558594339e+01
7.801599998535155578e+01
7.879999997314453708e+01
7.852799997314453151e+01
7.868800001464843774e+01
7.977599999511718920e+01
7.953599999511719432e+01
7.955200001464844206e+01
8.022399997558594009e+01
7.939200001708984189e+01
8.025600001464843558e+01
7.999999997314452571e+01
8.044799999511718624e+01
8.015999998535156124e+01
8.062400000732421290e+01
8.044800000488281455e+01
8.038400000244141097e+01
8.140800001708984723e+01
8.115199998535156567e+01
8.192000001708984769e+01
8.172800001464844399e+01
8.214400001708983723e+01
8.204799998535156647e+01
8.247999999511718272e+01
8.305599998535156203e+01
8.214400000732422313e+01
8.241599997558593316e+01
8.275199998535155999e+01
8.169600001464843331e+01
8.318399998535156215e+01
8.305599997558593373e+01
8.299200001708985042e+01
8.299200001708985042e+01
8.279999997558593350e+01
8.388800001708983700e+01
8.363200000732422268e+01
8.361600001708984564e+01
8.351999999755859960e+01
8.280000001708984314e+01
8.351999998535156067e+01
8.395199998535156283e+01
8.329600000732422416e+01
8.387199998779297516e+01
9.057599999755859699e+01
9.265599997802733867e+01
9.343999997802734470e+01
9.392000000000000171e+01
9.391999997802734867e+01
9.431999997802734015e+01
9.468799997802734936e+01
9.513599997802734265e+01
9.497600001953125570e+01
9.532799997802734993e+01
9.524799998779296573e+01
9.564799999755859972e+01
9.584000000000000341e+01
9.588799998779296629e+01
9.620800001953125502e+01
9.616000000976562490e+01
9.659199999999999875e+01
9.625600001953125684e+01
9.696000000976562205e+01
9.731199999999999761e+01
9.694400000976563092e+01
9.704000000976562035e+01
9.705599998779297266e+01
9.716800000976562046e+01
9.766400000000000148e+01
9.766399997802734845e+01
9.763200000976561910e+01
9.768000000976562092e+01
9.779200000976562990e+01
9.740800001953124365e+01
9.785600001953125116e+01
9.796800001953124593e+01
9.774400000976562808e+01
9.792000000976563001e+01
9.828800000976562501e+01
9.776000000000000512e+01
9.860800000000000409e+01
9.822400000000000375e+01
9.832000000976562148e+01
9.798400001953125127e+01
9.851200000000000045e+01
9.815999999999999659e+01
9.833600000976562683e+01
9.819200000976562137e+01
9.860800000976561819e+01
9.857599999999999341e+01
9.836799999999999500e+01
9.843200000976563047e+01
9.852800001953124820e+01
9.867200001953125366e+01
9.886400000976561842e+01
9.899199997802733719e+01
9.907200000976563103e+01
9.942400000000000659e+01
9.940800000000000125e+01
9.939199999999999591e+01
9.937600000000000477e+01
9.939199999999999591e+01
9.932800000000000296e+01
9.950400000000000489e+01
9.948799999999999955e+01
9.951999999999999602e+01
9.955200000976562080e+01
9.935999999999999943e+01
9.948799997802734651e+01
9.948799999999999955e+01
9.947200000976562251e+01
9.968000000000000682e+01
9.963200000000000500e+01
9.958400000976563149e+01
9.940800000000000125e+01
9.956799999999999784e+01
9.961599999999999966e+01
9.937600000000000477e+01
9.937600000976561887e+01
9.956799999999999784e+01
9.959999999999999432e+01
9.956799999999999784e+01
9.961599999999999966e+01
9.926400001953125241e+01
9.961599999999999966e+01
9.966400000000000148e+01
9.964799999999999613e+01
9.958400000976563149e+01
9.953600000000000136e+01
9.963200000976561910e+01
9.964799999999999613e+01
9.947199999999999420e+01
9.950400001953124729e+01
9.955200000000000671e+01
9.956800001953125445e+01
9.969599999999999795e+01
9.956799999999999784e+01
9.960000000976562262e+01
9.964799999999999613e+01
9.953600000000000136e+01
9.972799999999999443e+01
9.969600000976562626e+01
9.963200000000000500e+01
9.976000000976561921e+01
