2.987727403640747070e+00
2.267780542373657227e+00
2.284138202667236328e+00
2.269085407257080078e+00
2.274871110916137695e+00
2.286886215209960938e+00
2.299596309661865234e+00
2.265448093414306641e+00
2.284801006317138672e+00
2.266107559204101562e+00
2.265790939331054688e+00
2.268992662429809570e+00
2.280370235443115234e+00
2.263827800750732422e+00
2.271280288696289062e+00
2.276917934417724609e+00
2.282112121582031250e+00
2.268260002136230469e+00
2.271322488784790039e+00
2.283742666244506836e+00
2.264164686203002930e+00
2.263356685638427734e+00
2.277198076248168945e+00
2.271556377410888672e+00
2.270013093948364258e+00
2.268352985382080078e+00
2.272436618804931641e+00
2.316035985946655273e+00
2.281145095825195312e+00
2.276770830154418945e+00
2.276683568954467773e+00
2.277950525283813477e+00
2.273206949234008789e+00
2.283731460571289062e+00
2.306068420410156250e+00
2.276750326156616211e+00
2.276670217514038086e+00
2.289275884628295898e+00
2.272971391677856445e+00
2.269945621490478516e+00
2.267354965209960938e+00
2.278522968292236328e+00
2.297854661941528320e+00
2.262155532836914062e+00
2.265285968780517578e+00
2.276965379714965820e+00
2.265049695968627930e+00
2.271403074264526367e+00
2.276453495025634766e+00
2.270022869110107422e+00
2.266684055328369141e+00
2.264417171478271484e+00
2.270136594772338867e+00
2.271673440933227539e+00
2.276408672332763672e+00
2.266301393508911133e+00
2.306483745574951172e+00
2.281790494918823242e+00
2.260028600692749023e+00
2.274080514907836914e+00
2.268326044082641602e+00
2.276263952255249023e+00
2.268163681030273438e+00
2.279487371444702148e+00
2.281322956085205078e+00
2.262707948684692383e+00
2.268884658813476562e+00
2.277395248413085938e+00
2.269165515899658203e+00
2.265224933624267578e+00
2.277298927307128906e+00
2.275926113128662109e+00
2.269867420196533203e+00
2.346578121185302734e+00
2.273496627807617188e+00
2.352066516876220703e+00
2.266805648803710938e+00
2.261838197708129883e+00
2.270163297653198242e+00
2.266839027404785156e+00
2.267714500427246094e+00
2.265812158584594727e+00
2.297042131423950195e+00
2.271310806274414062e+00
2.277436256408691406e+00
2.272979259490966797e+00
2.271470785140991211e+00
2.270327329635620117e+00
2.273887395858764648e+00
2.266109943389892578e+00
2.301859378814697266e+00
2.269353389739990234e+00
2.262499332427978516e+00
2.263649940490722656e+00
2.267488002777099609e+00
2.267350435256958008e+00
2.266537666320800781e+00
2.265426635742187500e+00
2.273492574691772461e+00
2.264356851577758789e+00
2.266890048980712891e+00
2.275773525238037109e+00
2.269304275512695312e+00
2.274050951004028320e+00
2.268261194229125977e+00
2.266327142715454102e+00
2.279627323150634766e+00
2.272677659988403320e+00
2.268859386444091797e+00
2.267395496368408203e+00
2.268421649932861328e+00
2.273168563842773438e+00
2.272006273269653320e+00
2.264181852340698242e+00
2.306154012680053711e+00
2.278114557266235352e+00
2.270695447921752930e+00
2.276353836059570312e+00
2.282025337219238281e+00
2.270055294036865234e+00
2.274034500122070312e+00
2.285755395889282227e+00
2.274687051773071289e+00
2.267865896224975586e+00
2.276000261306762695e+00
2.272827148437500000e+00
2.280101299285888672e+00
2.276695013046264648e+00
2.271034955978393555e+00
2.273303031921386719e+00
2.270841360092163086e+00
2.271873474121093750e+00
2.284992694854736328e+00
2.268357515335083008e+00
2.266805171966552734e+00
2.280627727508544922e+00
2.294754743576049805e+00
2.266030788421630859e+00
2.264673233032226562e+00
2.283753871917724609e+00
2.289830446243286133e+00
2.267368078231811523e+00
2.272111892700195312e+00
2.272233724594116211e+00
2.287097454071044922e+00
2.267975807189941406e+00
2.270342111587524414e+00
2.273757934570312500e+00
2.298484563827514648e+00
2.273990392684936523e+00
2.266803741455078125e+00
2.280679225921630859e+00
2.269934177398681641e+00
2.259423971176147461e+00
2.302596092224121094e+00
2.281965732574462891e+00
2.272958517074584961e+00
2.267461538314819336e+00
2.274603366851806641e+00
2.272328138351440430e+00
2.272280454635620117e+00
2.278759717941284180e+00
2.276396989822387695e+00
2.281750202178955078e+00
2.266994237899780273e+00
2.288133144378662109e+00
2.277274608612060547e+00
2.266604185104370117e+00
2.270021677017211914e+00
2.270664930343627930e+00
2.271085023880004883e+00
2.270227432250976562e+00
2.267093896865844727e+00
2.280030965805053711e+00
2.275839805603027344e+00
2.264118194580078125e+00
2.273684263229370117e+00
2.275645017623901367e+00
2.264993190765380859e+00
2.272656202316284180e+00
2.275326251983642578e+00
2.277496576309204102e+00
2.281262159347534180e+00
2.268344163894653320e+00
2.291087150573730469e+00
2.292964696884155273e+00
2.266514539718627930e+00
2.273404836654663086e+00
2.376525402069091797e+00
2.293153524398803711e+00
2.266544818878173828e+00
2.273778915405273438e+00
2.282019376754760742e+00
2.266514062881469727e+00
2.272310972213745117e+00
2.276109933853149414e+00
2.282229661941528320e+00
2.286161184310913086e+00
2.288992881774902344e+00
2.304621696472167969e+00
