4.052588939666748047e-01
3.876128196716308594e-01
3.988652229309082031e-01
3.839709758758544922e-01
3.913784027099609375e-01
4.028391838073730469e-01
3.860011100769042969e-01
3.835194110870361328e-01
4.031500816345214844e-01
3.843739032745361328e-01
3.833508491516113281e-01
3.883976936340332031e-01
3.985059261322021484e-01
3.824653625488281250e-01
3.856878280639648438e-01
3.986604213714599609e-01
3.871517181396484375e-01
3.864860534667968750e-01
3.899044990539550781e-01
4.041638374328613281e-01
3.827664852142333984e-01
3.883645534515380859e-01
3.943839073181152344e-01
3.928618431091308594e-01
3.861551284790039062e-01
3.834125995635986328e-01
3.918859958648681641e-01
3.951952457427978516e-01
3.894872665405273438e-01
3.945832252502441406e-01
3.980579376220703125e-01
3.916792869567871094e-01
3.873467445373535156e-01
3.935635089874267578e-01
3.973321914672851562e-01
3.891589641571044922e-01
3.838951587677001953e-01
3.976490497589111328e-01
3.901400566101074219e-01
3.885869979858398438e-01
3.813445568084716797e-01
3.970429897308349609e-01
4.053003787994384766e-01
3.843901157379150391e-01
3.882379531860351562e-01
3.955509662628173828e-01
3.832190036773681641e-01
3.899734020233154297e-01
3.973116874694824219e-01
3.920440673828125000e-01
3.886098861694335938e-01
3.854730129241943359e-01
3.944859504699707031e-01
3.894600868225097656e-01
3.890392780303955078e-01
3.889169692993164062e-01
3.944811820983886719e-01
3.956713676452636719e-01
3.837504386901855469e-01
3.888316154479980469e-01
3.873348236083984375e-01
3.934323787689208984e-01
3.869109153747558594e-01
3.977010250091552734e-01
3.997354507446289062e-01
3.827395439147949219e-01
3.900189399719238281e-01
3.968024253845214844e-01
3.864779472351074219e-01
3.845145702362060547e-01
3.872723579406738281e-01
3.923771381378173828e-01
3.913486003875732422e-01
3.867964744567871094e-01
3.941559791564941406e-01
3.894844055175781250e-01
3.901600837707519531e-01
3.830609321594238281e-01
3.922278881072998047e-01
3.879709243774414062e-01
3.893435001373291016e-01
3.896284103393554688e-01
3.947582244873046875e-01
3.901293277740478516e-01
3.888015747070312500e-01
3.930675983428955078e-01
3.886327743530273438e-01
3.919889926910400391e-01
3.921689987182617188e-01
3.874695301055908203e-01
3.954830169677734375e-01
3.894488811492919922e-01
3.884806632995605469e-01
3.854210376739501953e-01
3.877801895141601562e-01
3.897004127502441406e-01
3.876383304595947266e-01
3.884258270263671875e-01
3.944630622863769531e-01
3.839704990386962891e-01
3.866806030273437500e-01
3.922317028045654297e-01
3.877160549163818359e-01
3.857922554016113281e-01
3.859918117523193359e-01
3.893809318542480469e-01
3.948955535888671875e-01
3.866972923278808594e-01
3.911495208740234375e-01
3.890500068664550781e-01
3.914248943328857422e-01
3.919107913970947266e-01
3.929345607757568359e-01
3.854601383209228516e-01
3.969371318817138672e-01
3.931093215942382812e-01
3.852360248565673828e-01
3.929769992828369141e-01
3.970551490783691406e-01
3.842673301696777344e-01
3.905148506164550781e-01
3.952786922454833984e-01
3.915817737579345703e-01
3.860752582550048828e-01
3.922200202941894531e-01
3.934834003448486328e-01
3.887660503387451172e-01
3.947303295135498047e-01
3.871514797210693359e-01
3.920400142669677734e-01
3.853344917297363281e-01
3.908641338348388672e-01
3.954498767852783203e-01
3.866565227508544922e-01
3.852655887603759766e-01
3.970813751220703125e-01
3.925638198852539062e-01
3.859360218048095703e-01
3.835723400115966797e-01
3.945744037628173828e-01
3.929560184478759766e-01
3.841383457183837891e-01
3.890535831451416016e-01
3.940186500549316406e-01
3.896665573120117188e-01
3.913052082061767578e-01
3.911116123199462891e-01
3.927569389343261719e-01
3.895976543426513672e-01
3.924491405487060547e-01
4.018540382385253906e-01
3.973283767700195312e-01
3.863892555236816406e-01
3.835482597351074219e-01
3.963968753814697266e-01
3.992536067962646484e-01
3.897938728332519531e-01
3.863468170166015625e-01
3.881719112396240234e-01
3.897371292114257812e-01
3.915896415710449219e-01
3.939018249511718750e-01
3.972077369689941406e-01
3.931605815887451172e-01
3.854582309722900391e-01
3.980615139007568359e-01
3.971612453460693359e-01
3.860390186309814453e-01
3.892056941986083984e-01
3.939907550811767578e-01
3.930888175964355469e-01
3.908429145812988281e-01
3.862535953521728516e-01
3.956508636474609375e-01
3.912220001220703125e-01
3.805279731750488281e-01
3.939239978790283203e-01
3.947703838348388672e-01
3.877184391021728516e-01
3.890645503997802734e-01
3.919403553009033203e-01
3.945398330688476562e-01
3.893072605133056641e-01
3.894131183624267578e-01
4.003021717071533203e-01
3.900518417358398438e-01
3.854341506958007812e-01
3.920567035675048828e-01
3.892645835876464844e-01
3.999395370483398438e-01
3.862578868865966797e-01
3.908836841583251953e-01
3.942744731903076172e-01
3.864660263061523438e-01
3.917660713195800781e-01
3.930101394653320312e-01
3.956007957458496094e-01
3.836655616760253906e-01
3.857302665710449219e-01
3.999731540679931641e-01
