2.582148551940917969e+00
1.879813909530639648e+00
1.885045766830444336e+00
1.885005235671997070e+00
1.883388280868530273e+00
1.883852720260620117e+00
1.913583755493164062e+00
1.881875514984130859e+00
1.881438970565795898e+00
1.881486415863037109e+00
1.882222175598144531e+00
1.880552768707275391e+00
1.881647348403930664e+00
1.880997180938720703e+00
1.885405063629150391e+00
1.877959251403808594e+00
1.894641637802124023e+00
1.881911993026733398e+00
1.881297826766967773e+00
1.879450798034667969e+00
1.881517648696899414e+00
1.875072479248046875e+00
1.882669687271118164e+00
1.878566503524780273e+00
1.882475614547729492e+00
1.884713411331176758e+00
1.880328893661499023e+00
1.920643568038940430e+00
1.891601562500000000e+00
1.882179498672485352e+00
1.884101152420043945e+00
1.886563301086425781e+00
1.884509563446044922e+00
1.890307664871215820e+00
1.908807992935180664e+00
1.887652158737182617e+00
1.892826318740844727e+00
1.891681671142578125e+00
1.882630348205566406e+00
1.881783723831176758e+00
1.885883331298828125e+00
1.881095886230468750e+00
1.892927408218383789e+00
1.877885818481445312e+00
1.875712156295776367e+00
1.881359100341796875e+00
1.882028102874755859e+00
1.881719589233398438e+00
1.879373788833618164e+00
1.877980232238769531e+00
1.878328084945678711e+00
1.879230260848999023e+00
1.875522136688232422e+00
1.882217645645141602e+00
1.887570142745971680e+00
1.877545595169067383e+00
1.912187099456787109e+00
1.885725259780883789e+00
1.876125574111938477e+00
1.885046720504760742e+00
1.881040811538696289e+00
1.883152246475219727e+00
1.881248235702514648e+00
1.881960153579711914e+00
1.880675792694091797e+00
1.879906415939331055e+00
1.879019737243652344e+00
1.880552291870117188e+00
1.882871627807617188e+00
1.880837678909301758e+00
1.890080928802490234e+00
1.882322311401367188e+00
1.878376960754394531e+00
1.959936380386352539e+00
1.879421710968017578e+00
1.962706565856933594e+00
1.876751661300659180e+00
1.878989934921264648e+00
1.877817153930664062e+00
1.878953456878662109e+00
1.877952575683593750e+00
1.876495838165283203e+00
1.902401447296142578e+00
1.876050949096679688e+00
1.888399362564086914e+00
1.879732131958007812e+00
1.881433725357055664e+00
1.877936601638793945e+00
1.881505012512207031e+00
1.878421306610107422e+00
1.906300544738769531e+00
1.879931688308715820e+00
1.873654842376708984e+00
1.877945661544799805e+00
1.879247665405273438e+00
1.878339290618896484e+00
1.878668069839477539e+00
1.876954317092895508e+00
1.878695487976074219e+00
1.879986286163330078e+00
1.879903078079223633e+00
1.883323192596435547e+00
1.881730556488037109e+00
1.887757062911987305e+00
1.882080078125000000e+00
1.876634120941162109e+00
1.884521484375000000e+00
1.885705947875976562e+00
1.877403736114501953e+00
1.878031969070434570e+00
1.877391815185546875e+00
1.880984783172607422e+00
1.879024028778076172e+00
1.878316879272460938e+00
1.909413099288940430e+00
1.884879112243652344e+00
1.885474205017089844e+00
1.883595705032348633e+00
1.885154962539672852e+00
1.885882139205932617e+00
1.883448600769042969e+00
1.890684843063354492e+00
1.883346080780029297e+00
1.882282257080078125e+00
1.883825540542602539e+00
1.879617452621459961e+00
1.891466379165649414e+00
1.881394147872924805e+00
1.883970260620117188e+00
1.881247520446777344e+00
1.885484457015991211e+00
1.881098031997680664e+00
1.889551877975463867e+00
1.881850957870483398e+00
1.881322145462036133e+00
1.883587360382080078e+00
1.901754856109619141e+00
1.879914045333862305e+00
1.880774736404418945e+00
1.888876199722290039e+00
1.896690368652343750e+00
1.882884263992309570e+00
1.882894754409790039e+00
1.878209114074707031e+00
1.897408723831176758e+00
1.876464128494262695e+00
1.878912448883056641e+00
1.881081581115722656e+00
1.907358646392822266e+00
1.881244897842407227e+00
1.879458904266357422e+00
1.883207798004150391e+00
1.883414506912231445e+00
1.875595569610595703e+00
1.906119108200073242e+00
1.882482051849365234e+00
1.883223295211791992e+00
1.880959510803222656e+00
1.886234998703002930e+00
1.882386207580566406e+00
1.880976200103759766e+00
1.884912252426147461e+00
1.878957986831665039e+00
1.889644622802734375e+00
1.881484031677246094e+00
1.890201330184936523e+00
1.880103826522827148e+00
1.880336284637451172e+00
1.880299091339111328e+00
1.876539707183837891e+00
1.877743244171142578e+00
1.879283189773559570e+00
1.880946636199951172e+00
1.884241580963134766e+00
1.884447574615478516e+00
1.882439851760864258e+00
1.879769325256347656e+00
1.880579710006713867e+00
1.877336978912353516e+00
1.883201837539672852e+00
1.883386611938476562e+00
1.883092880249023438e+00
1.891836643218994141e+00
1.878617763519287109e+00
1.890759706497192383e+00
1.902625083923339844e+00
1.881051778793334961e+00
1.881348133087158203e+00
1.986874580383300781e+00
1.893123626708984375e+00
1.880125045776367188e+00
1.882654190063476562e+00
1.885470867156982422e+00
1.879604101181030273e+00
1.880376815795898438e+00
1.882695436477661133e+00
1.886545419692993164e+00
1.901373863220214844e+00
1.903501987457275391e+00
1.904378890991210938e+00
