1.439999961853027344e+01
1.839999961853027344e+01
2.046999931335449219e+01
2.394999885559082031e+01
2.521999931335449219e+01
2.809000015258789062e+01
3.152999877929687500e+01
3.168999862670898438e+01
2.245999908447265625e+01
3.436999893188476562e+01
3.295999908447265625e+01
3.598999786376953125e+01
4.241999816894531250e+01
4.540999984741210938e+01
4.643999862670898438e+01
4.211000061035156250e+01
4.596999740600585938e+01
4.728999710083007812e+01
5.709000015258789062e+01
5.647999954223632812e+01
5.637999725341796875e+01
5.841999816894531250e+01
5.954999923706054688e+01
5.541999816894531250e+01
5.227999877929687500e+01
4.543999862670898438e+01
5.087999725341796875e+01
5.990999984741210938e+01
5.744999694824218750e+01
5.000000000000000000e+01
5.584000015258789062e+01
4.215999984741210938e+01
6.044999694824218750e+01
4.791999816894531250e+01
3.714999771118164062e+01
4.579999923706054688e+01
4.869999694824218750e+01
5.606999969482421875e+01
5.362999725341796875e+01
6.440999603271484375e+01
6.013999938964843750e+01
5.107999801635742188e+01
6.725999450683593750e+01
5.264999771118164062e+01
6.561000061035156250e+01
5.560999679565429688e+01
5.344999694824218750e+01
5.693999862670898438e+01
4.434999847412109375e+01
5.914999771118164062e+01
6.456999969482421875e+01
6.508000183105468750e+01
4.396999740600585938e+01
4.375999832153320312e+01
6.747999572753906250e+01
3.340999984741210938e+01
5.868000030517578125e+01
4.741999816894531250e+01
6.590999603271484375e+01
4.998999786376953125e+01
3.500999832153320312e+01
6.629000091552734375e+01
6.872999572753906250e+01
6.248999786376953125e+01
5.744999694824218750e+01
5.063999938964843750e+01
5.515999984741210938e+01
6.486000061035156250e+01
6.045999908447265625e+01
5.177000045776367188e+01
6.039999771118164062e+01
6.035999679565429688e+01
4.602999877929687500e+01
5.682999801635742188e+01
6.925999450683593750e+01
6.251999664306640625e+01
6.650000000000000000e+01
6.314999771118164062e+01
6.656999969482421875e+01
5.046999740600585938e+01
6.512999725341796875e+01
6.469999694824218750e+01
6.615999603271484375e+01
6.886000061035156250e+01
6.526000213623046875e+01
3.366999816894531250e+01
6.526000213623046875e+01
5.675000000000000000e+01
7.133999633789062500e+01
7.429999542236328125e+01
5.688999938964843750e+01
7.627999877929687500e+01
5.525000000000000000e+01
7.362999725341796875e+01
7.554999542236328125e+01
6.568999481201171875e+01
6.382999801635742188e+01
5.500000000000000000e+01
7.120999908447265625e+01
7.352999877929687500e+01
8.493999481201171875e+01
8.529000091552734375e+01
8.547999572753906250e+01
8.511000061035156250e+01
8.525000000000000000e+01
8.525999450683593750e+01
8.518999481201171875e+01
8.565999603271484375e+01
8.529999542236328125e+01
8.504999542236328125e+01
8.502999877929687500e+01
8.523999786376953125e+01
8.529000091552734375e+01
8.554000091552734375e+01
8.559999847412109375e+01
8.526999664306640625e+01
8.562999725341796875e+01
8.572000122070312500e+01
8.504000091552734375e+01
8.509999847412109375e+01
8.484999847412109375e+01
8.508999633789062500e+01
8.519999694824218750e+01
8.547000122070312500e+01
8.531999969482421875e+01
8.404999542236328125e+01
8.515999603271484375e+01
8.516999816894531250e+01
8.472999572753906250e+01
8.466999816894531250e+01
8.404000091552734375e+01
8.293000030517578125e+01
8.476999664306640625e+01
8.431999969482421875e+01
8.530999755859375000e+01
8.473999786376953125e+01
8.515999603271484375e+01
8.533999633789062500e+01
8.456999969482421875e+01
8.487999725341796875e+01
8.494999694824218750e+01
8.452999877929687500e+01
8.422000122070312500e+01
8.459999847412109375e+01
8.511000061035156250e+01
8.516999816894531250e+01
8.490000152587890625e+01
8.419999694824218750e+01
8.381999969482421875e+01
8.550000000000000000e+01
8.588999938964843750e+01
8.604000091552734375e+01
8.590999603271484375e+01
8.616999816894531250e+01
8.605999755859375000e+01
8.595999908447265625e+01
8.608999633789062500e+01
8.622000122070312500e+01
8.604999542236328125e+01
8.590999603271484375e+01
8.616999816894531250e+01
8.605999755859375000e+01
8.604999542236328125e+01
8.611000061035156250e+01
8.602999877929687500e+01
8.582999420166015625e+01
8.600000000000000000e+01
8.612999725341796875e+01
8.604000091552734375e+01
8.604000091552734375e+01
8.601999664306640625e+01
8.591999816894531250e+01
8.602999877929687500e+01
8.626999664306640625e+01
8.609999847412109375e+01
8.590000152587890625e+01
8.601999664306640625e+01
8.598999786376953125e+01
8.587999725341796875e+01
8.611000061035156250e+01
8.600999450683593750e+01
8.575000000000000000e+01
8.582999420166015625e+01
8.609999847412109375e+01
8.615000152587890625e+01
8.584999847412109375e+01
8.611000061035156250e+01
8.608999633789062500e+01
8.586000061035156250e+01
8.594999694824218750e+01
8.605999755859375000e+01
8.615999603271484375e+01
8.605999755859375000e+01
8.612999725341796875e+01
8.595999908447265625e+01
8.590999603271484375e+01
8.590999603271484375e+01
8.602999877929687500e+01
8.597000122070312500e+01
8.601999664306640625e+01
