2.976252794265747070e+00
2.303018331527709961e+00
2.303297758102416992e+00
2.300242185592651367e+00
2.298052787780761719e+00
2.306760787963867188e+00
2.295389652252197266e+00
2.298561096191406250e+00
2.344115495681762695e+00
2.294666767120361328e+00
2.283050775527954102e+00
2.296092987060546875e+00
2.300131797790527344e+00
2.282754421234130859e+00
2.285307168960571289e+00
2.307292222976684570e+00
2.292182445526123047e+00
2.285965919494628906e+00
2.287536621093750000e+00
2.303217649459838867e+00
2.282880544662475586e+00
2.299099206924438477e+00
2.293137788772583008e+00
2.318565607070922852e+00
2.287185907363891602e+00
2.277555942535400391e+00
2.287297725677490234e+00
2.315755128860473633e+00
2.299472808837890625e+00
2.321103334426879883e+00
2.301102638244628906e+00
2.292505264282226562e+00
2.298569440841674805e+00
2.354823589324951172e+00
2.302506923675537109e+00
2.295157432556152344e+00
2.289960622787475586e+00
2.299072027206420898e+00
2.348267078399658203e+00
2.286587476730346680e+00
2.283620595932006836e+00
2.298293828964233398e+00
2.311273813247680664e+00
2.299830436706542969e+00
2.296534776687622070e+00
2.293400764465332031e+00
2.288151979446411133e+00
2.291109085083007812e+00
2.303534507751464844e+00
2.297261238098144531e+00
2.292479991912841797e+00
2.294486045837402344e+00
2.302645206451416016e+00
2.295184612274169922e+00
2.289631843566894531e+00
2.304537534713745117e+00
2.306880950927734375e+00
2.308718681335449219e+00
2.289596557617187500e+00
2.296614885330200195e+00
2.289879798889160156e+00
2.294116973876953125e+00
2.289256572723388672e+00
2.315485239028930664e+00
2.334572076797485352e+00
2.283489942550659180e+00
2.296113967895507812e+00
2.298769474029541016e+00
2.287901878356933594e+00
2.291306972503662109e+00
2.289150953292846680e+00
2.297937870025634766e+00
2.294064283370971680e+00
2.289756774902343750e+00
2.297939777374267578e+00
2.294636011123657227e+00
2.300327539443969727e+00
2.286883592605590820e+00
2.303755998611450195e+00
2.288185358047485352e+00
2.292893409729003906e+00
2.287532091140747070e+00
2.298513174057006836e+00
2.306741952896118164e+00
2.294960975646972656e+00
2.301466464996337891e+00
2.288139104843139648e+00
2.299945116043090820e+00
2.292873144149780273e+00
2.292638540267944336e+00
2.307787656784057617e+00
2.291321754455566406e+00
2.291045188903808594e+00
2.291488409042358398e+00
2.288447380065917969e+00
2.292051315307617188e+00
2.290593624114990234e+00
2.290915489196777344e+00
2.294481277465820312e+00
2.281847953796386719e+00
2.287672281265258789e+00
2.295465469360351562e+00
2.288540601730346680e+00
2.283433437347412109e+00
2.288222074508666992e+00
2.295081138610839844e+00
2.294960737228393555e+00
2.302397489547729492e+00
2.299048900604248047e+00
2.309174537658691406e+00
2.294985771179199219e+00
2.294989585876464844e+00
2.297022581100463867e+00
2.281681060791015625e+00
2.337677001953125000e+00
2.310222625732421875e+00
2.294428825378417969e+00
2.297102689743041992e+00
2.311134815216064453e+00
2.286300420761108398e+00
2.309127807617187500e+00
2.304262876510620117e+00
2.306072235107421875e+00
2.288868188858032227e+00
2.291728496551513672e+00
2.292453289031982422e+00
2.293183803558349609e+00
2.317950963973999023e+00
2.290548324584960938e+00
2.315682649612426758e+00
2.291448831558227539e+00
2.296526193618774414e+00
2.315858840942382812e+00
2.298094749450683594e+00
2.298439502716064453e+00
2.306233644485473633e+00
2.301153421401977539e+00
2.293568134307861328e+00
2.279220104217529297e+00
2.320176839828491211e+00
2.289329767227172852e+00
2.283570289611816406e+00
2.309169292449951172e+00
2.301652908325195312e+00
2.296288967132568359e+00
2.296711921691894531e+00
2.317604541778564453e+00
2.299031496047973633e+00
2.308248519897460938e+00
2.290031671524047852e+00
2.297385931015014648e+00
2.300939798355102539e+00
2.290849685668945312e+00
2.292016029357910156e+00
2.312299251556396484e+00
2.317259311676025391e+00
2.299841403961181641e+00
2.288440704345703125e+00
2.287930488586425781e+00
2.287591218948364258e+00
2.295496702194213867e+00
2.293921470642089844e+00
2.312429189682006836e+00
2.305509805679321289e+00
2.288098335266113281e+00
2.294339656829833984e+00
2.307740926742553711e+00
2.307233572006225586e+00
2.288769006729125977e+00
2.302213668823242188e+00
2.300735473632812500e+00
2.293984651565551758e+00
2.332993507385253906e+00
2.295812845230102539e+00
2.298663854598999023e+00
2.280235767364501953e+00
2.296582937240600586e+00
2.297470808029174805e+00
2.292124509811401367e+00
2.302704572677612305e+00
2.289911985397338867e+00
2.303702592849731445e+00
2.294258594512939453e+00
2.295282363891601562e+00
2.299685955047607422e+00
2.291252851486206055e+00
2.283718109130859375e+00
2.295157909393310547e+00
2.308796167373657227e+00
2.299820661544799805e+00
2.294430971145629883e+00
2.294986486434936523e+00
2.295985937118530273e+00
2.287477731704711914e+00
2.296002388000488281e+00
2.290123224258422852e+00
2.312460660934448242e+00
2.287383317947387695e+00
2.285642385482788086e+00
2.312260389328002930e+00
