1.870999908447265625e+01
2.712999916076660156e+01
3.009000015258789062e+01
3.714999771118164062e+01
3.830999755859375000e+01
3.350999832153320312e+01
4.634999847412109375e+01
3.489999771118164062e+01
4.737999725341796875e+01
4.195000076293945312e+01
3.677000045776367188e+01
5.038999938964843750e+01
4.584000015258789062e+01
4.350999832153320312e+01
4.695999908447265625e+01
4.577000045776367188e+01
5.384000015258789062e+01
6.188999938964843750e+01
4.765999984741210938e+01
5.489999771118164062e+01
6.194999694824218750e+01
5.357999801635742188e+01
4.790999984741210938e+01
5.487999725341796875e+01
6.165999984741210938e+01
5.709999847412109375e+01
6.569999694824218750e+01
5.850000000000000000e+01
5.927999877929687500e+01
5.412999725341796875e+01
6.392999649047851562e+01
5.989999771118164062e+01
6.151999664306640625e+01
6.498999786376953125e+01
6.818999481201171875e+01
6.933999633789062500e+01
7.222000122070312500e+01
6.012999725341796875e+01
6.613999938964843750e+01
5.125000000000000000e+01
6.737999725341796875e+01
3.770999908447265625e+01
5.826999664306640625e+01
6.055999755859375000e+01
7.350000000000000000e+01
5.950000000000000000e+01
7.290999603271484375e+01
4.257999801635742188e+01
6.441999816894531250e+01
5.071999740600585938e+01
5.138999938964843750e+01
7.229000091552734375e+01
6.886000061035156250e+01
6.338999938964843750e+01
7.761000061035156250e+01
4.368999862670898438e+01
7.305999755859375000e+01
7.650000000000000000e+01
7.250000000000000000e+01
3.720000076293945312e+01
7.486000061035156250e+01
7.037999725341796875e+01
6.654000091552734375e+01
7.806999969482421875e+01
6.436999511718750000e+01
5.029999923706054688e+01
6.093000030517578125e+01
6.069999694824218750e+01
6.429999542236328125e+01
6.214999771118164062e+01
8.088999938964843750e+01
6.187999725341796875e+01
6.879000091552734375e+01
7.997999572753906250e+01
7.918000030517578125e+01
7.663999938964843750e+01
6.420999908447265625e+01
7.575000000000000000e+01
6.915999603271484375e+01
6.801999664306640625e+01
6.954999542236328125e+01
7.791999816894531250e+01
6.318999862670898438e+01
6.934999847412109375e+01
5.688999938964843750e+01
7.170999908447265625e+01
6.452999877929687500e+01
6.376999664306640625e+01
8.077999877929687500e+01
7.359999847412109375e+01
7.701999664306640625e+01
7.497999572753906250e+01
7.154999542236328125e+01
7.576999664306640625e+01
5.569999694824218750e+01
3.902999877929687500e+01
7.868000030517578125e+01
6.976999664306640625e+01
7.727999877929687500e+01
7.254999542236328125e+01
9.041999816894531250e+01
9.072000122070312500e+01
9.069999694824218750e+01
9.102999877929687500e+01
9.141999816894531250e+01
9.133999633789062500e+01
9.147999572753906250e+01
9.122000122070312500e+01
9.131999969482421875e+01
9.126999664306640625e+01
9.137999725341796875e+01
9.119999694824218750e+01
9.131999969482421875e+01
9.113999938964843750e+01
9.107999420166015625e+01
9.104000091552734375e+01
9.150999450683593750e+01
9.102999877929687500e+01
9.118999481201171875e+01
9.114999389648437500e+01
9.120999908447265625e+01
9.105999755859375000e+01
9.122000122070312500e+01
9.150999450683593750e+01
9.061000061035156250e+01
9.108999633789062500e+01
9.077999877929687500e+01
9.112999725341796875e+01
9.120999908447265625e+01
9.111999511718750000e+01
9.080999755859375000e+01
9.155999755859375000e+01
9.026999664306640625e+01
9.129000091552734375e+01
9.047000122070312500e+01
9.113999938964843750e+01
8.929999542236328125e+01
9.079000091552734375e+01
9.008999633789062500e+01
9.112999725341796875e+01
9.047000122070312500e+01
9.025999450683593750e+01
9.130999755859375000e+01
9.086999511718750000e+01
9.104999542236328125e+01
9.104000091552734375e+01
9.075000000000000000e+01
9.143000030517578125e+01
9.115999603271484375e+01
9.030999755859375000e+01
9.172999572753906250e+01
9.175999450683593750e+01
9.181999969482421875e+01
9.168999481201171875e+01
9.181999969482421875e+01
9.177999877929687500e+01
9.162999725341796875e+01
9.168000030517578125e+01
9.175000000000000000e+01
9.173999786376953125e+01
9.186999511718750000e+01
9.179000091552734375e+01
9.183999633789062500e+01
9.189999389648437500e+01
9.184999847412109375e+01
9.158999633789062500e+01
9.166999816894531250e+01
9.188999938964843750e+01
9.194999694824218750e+01
9.168000030517578125e+01
9.168999481201171875e+01
9.181999969482421875e+01
9.175000000000000000e+01
9.172999572753906250e+01
9.169999694824218750e+01
9.175999450683593750e+01
9.172999572753906250e+01
9.161999511718750000e+01
9.182999420166015625e+01
9.168999481201171875e+01
9.183999633789062500e+01
9.172999572753906250e+01
9.172999572753906250e+01
9.195999908447265625e+01
9.179999542236328125e+01
9.175000000000000000e+01
9.180999755859375000e+01
9.180999755859375000e+01
9.182999420166015625e+01
9.176999664306640625e+01
9.175999450683593750e+01
9.166999816894531250e+01
9.158999633789062500e+01
9.172000122070312500e+01
9.165999603271484375e+01
9.170999908447265625e+01
9.163999938964843750e+01
9.162999725341796875e+01
9.187999725341796875e+01
9.187999725341796875e+01
