2.801228411483764447e+00
1.946750312805175742e+00
1.797140184326171841e+00
1.722982596511840825e+00
1.641674887428283602e+00
1.561011368789672948e+00
1.503240034446716278e+00
1.431803473434448248e+00
1.372839395446777244e+00
1.317456772232055595e+00
1.277561953124999983e+00
1.222143708190917888e+00
1.161704703750610301e+00
1.143907635345458917e+00
1.100584976806640691e+00
1.069809443092346157e+00
1.029574570274353063e+00
9.946116493225097832e-01
9.670336723518371258e-01
9.443654034996032953e-01
9.174784905624390197e-01
8.732487157249451126e-01
8.616710951423645071e-01
8.569007794570923098e-01
8.295051532936096317e-01
7.983708147430419455e-01
7.833051477813720576e-01
7.481453187942505023e-01
7.246226832580566768e-01
7.125318495178222244e-01
7.066677764320373756e-01
6.897164249610900910e-01
6.834917094039917318e-01
6.560898314285278365e-01
6.548892446327209127e-01
6.259109368515014538e-01
6.061750589752197271e-01
6.094621801948547635e-01
6.042245175933838031e-01
5.900770577049255783e-01
5.842798629760742601e-01
5.677752767372131748e-01
5.696299684906005467e-01
5.626663244628906657e-01
5.402147982978821039e-01
5.382658078384399136e-01
5.352471572971343461e-01
5.139452291488647573e-01
5.129381951141357421e-01
5.072445270347595292e-01
4.985689320564269944e-01
4.936110864639282059e-01
4.913712037658691245e-01
4.781031305217742777e-01
4.837424567699432632e-01
4.651704313659668077e-01
4.660371359634399302e-01
4.656230063629150373e-01
4.566749970340728826e-01
4.642729066467284893e-01
4.500317871952057014e-01
4.555899599456786908e-01
4.554942463016509735e-01
4.434430390167236058e-01
4.276530891799926737e-01
4.371953142929076996e-01
4.149495169830322294e-01
4.206087017631530700e-01
4.298706570053100751e-01
4.044944837570190188e-01
4.205361278057098140e-01
4.099928747940063678e-01
4.105449670600891388e-01
4.159273754692077718e-01
4.091211154556274598e-01
3.956025929832458488e-01
4.083064693450927929e-01
4.186500173664092772e-01
3.965143140220642182e-01
3.949514071750641064e-01
3.929372727012634403e-01
3.950884018945693965e-01
3.773161064434051304e-01
3.690475126457214428e-01
3.741364746761322024e-01
3.822922556304931829e-01
3.744425669574737436e-01
3.987674506950378284e-01
3.702260289669037086e-01
3.432718646717071720e-01
3.689547879791259533e-01
3.594345748615264680e-01
3.474038737487792905e-01
3.527789838981628678e-01
3.582074566459655940e-01
3.499919255256652706e-01
3.525723146438598521e-01
3.442678740787505909e-01
3.465128535270690646e-01
3.537612455177306936e-01
2.277699924182891855e-01
1.891087688636779729e-01
1.715765319108963072e-01
1.629678066062927311e-01
1.546630712270736785e-01
1.561225861698389006e-01
1.474002745103835943e-01
1.443940190768241982e-01
1.341557954025268673e-01
1.357093180322647141e-01
1.288021165990829442e-01
1.253112767362594693e-01
1.286666806793212992e-01
1.175912192749977159e-01
1.203767900514602640e-01
1.142746732282638594e-01
1.094140997147560052e-01
1.039265811324119604e-01
9.941846846103667701e-02
1.097958173751831107e-01
1.028384475231170631e-01
9.587200620174407550e-02
9.656998433113098135e-02
9.195216164112091084e-02
9.393123748779297344e-02
9.285569885969162385e-02
8.317324907183647198e-02
8.665173726558685063e-02
8.377807377576827752e-02
8.097875021517277061e-02
8.183309532642364659e-02
7.153178274631499800e-02
7.407042639732361322e-02
7.004963107824326018e-02
7.088829030632973205e-02
7.121443158030510423e-02
8.195693752765655093e-02
6.863204240918159560e-02
6.700262822628021142e-02
6.462804599523544469e-02
6.808304844379424459e-02
7.147298211097717624e-02
6.228279855251312586e-02
5.881411093235015819e-02
5.409307655930518932e-02
6.313714540719986279e-02
6.190142678499221951e-02
5.611150854587555054e-02
5.470506153345108119e-02
5.717243323564529661e-02
4.567481329202652263e-02
4.222997087717056397e-02
4.050143180131911963e-02
4.324532619714736847e-02
4.025263616800308503e-02
3.703043710231781332e-02
4.059163636684418042e-02
3.863435137063264690e-02
3.661094728291034578e-02
3.386755368471145583e-02
3.558067847907542963e-02
3.745252565383910826e-02
3.570500784158706781e-02
3.808185867309570038e-02
3.681909142613411234e-02
3.588609926164150477e-02
3.368691496044397271e-02
3.392644010484218570e-02
3.521939670801162853e-02
3.252812486857176166e-02
3.456422556996345541e-02
3.332947567224502777e-02
3.598365529894828607e-02
3.437760503530502137e-02
3.410104657649994098e-02
3.467592082738876064e-02
3.334043388783931861e-02
3.370886945843696442e-02
3.026182249307632355e-02
2.944769310116767888e-02
2.943319312930106971e-02
3.561317203044891272e-02
3.297815476477146401e-02
3.524249893069267281e-02
3.024050783723592623e-02
3.039963933348655695e-02
3.229018338322639514e-02
3.081102456927299615e-02
3.499401944756507649e-02
3.196144770771264937e-02
3.411289348959922751e-02
3.189033263802528578e-02
2.718353333055973167e-02
2.918907404363155211e-02
3.062494649767875596e-02
3.077283736228942843e-02
2.804423692226409859e-02
3.060318399429321282e-02
3.068696325600147115e-02
3.289430645942687664e-02
