1.611199999877929656e+01
2.372799999511718738e+01
2.942399999511718889e+01
3.262399999511718818e+01
3.616000000366211253e+01
3.919999999511718869e+01
4.111999998779296561e+01
4.443199999023437385e+01
4.683200000000000074e+01
4.948799999267578187e+01
5.051199998779296862e+01
5.259199998779296692e+01
5.406399998657226291e+01
5.612799999023437181e+01
5.792000000000000171e+01
5.905600000976562569e+01
5.913600000244140631e+01
6.204800000000000182e+01
6.167999999267578204e+01
6.335999999267578175e+01
6.441599998291015083e+01
6.510399999023437090e+01
6.580800000488281398e+01
6.580799997314453265e+01
6.785600001464844411e+01
6.849599999511718806e+01
6.846400000488280568e+01
7.019199997314453299e+01
7.019199999633788423e+01
7.070399998291016175e+01
7.238399999511719329e+01
7.311999997314453026e+01
7.358399997314452889e+01
7.289600001464843615e+01
7.499199999267578676e+01
7.497600000244140972e+01
7.473600000732422188e+01
7.542399999511718534e+01
7.595199998535156283e+01
7.657600000732422529e+01
7.558400001708984917e+01
7.691199997558594248e+01
7.723199997558593566e+01
7.764799997558593248e+01
7.673599998535156885e+01
7.734399999511718704e+01
7.707199997558593907e+01
7.734399997314453401e+01
7.790400001464843172e+01
7.801600000488281239e+01
7.860800000488281114e+01
7.852800001708983757e+01
7.899199999511718318e+01
7.939199997558593225e+01
7.953600001708984735e+01
7.963199997314453071e+01
7.932799999511718170e+01
7.865599997314453162e+01
7.876800001464843604e+01
7.854399997558593327e+01
8.070399998535155817e+01
8.051199999511719341e+01
8.000000000244141063e+01
7.983999999511718215e+01
7.996799999511718227e+01
8.119999998291015686e+01
8.047999997314452969e+01
8.060799998535156874e+01
8.092799998291015129e+01
8.048000001708984996e+01
8.110399998535156385e+01
8.054399997558593327e+01
8.139199999511718886e+01
8.143999999511719068e+01
8.062399999511718818e+01
8.270399997558594407e+01
8.092799998535156192e+01
8.107200001708984871e+01
8.185599998535155919e+01
8.195199998535156283e+01
8.174400000488280682e+01
8.089600000732421847e+01
8.214399997558594180e+01
8.183999999511718215e+01
8.209599997558593998e+01
8.270400001464844308e+01
8.190399997558593270e+01
8.220799997558593475e+01
8.384000001464843876e+01
8.359999998535155896e+01
8.262400000976562353e+01
8.417600000732421961e+01
8.222400001464843911e+01
8.265600000732422359e+01
8.203200001708984246e+01
8.308800001708983984e+01
8.276800001708984666e+01
8.279999999755860074e+01
8.267200000732421472e+01
8.239999998535155612e+01
9.248000001708984996e+01
9.343999997802734470e+01
9.387200001953125650e+01
9.446399999999999864e+01
9.420799998779297368e+01
9.462400000976562353e+01
9.462399998779297050e+01
9.508799998779296914e+01
9.513599999999999568e+01
9.550400001953124729e+01
9.542400000000000659e+01
9.620799997802734538e+01
9.609600000732422131e+01
9.580800000000000693e+01
9.609600000000000364e+01
9.601600000976561944e+01
9.572799997802734140e+01
9.614400001953124786e+01
9.619200000976562137e+01
9.664000001953124297e+01
9.649599999999999511e+01
9.680000000976562546e+01
9.664000001953124297e+01
9.673600000976561830e+01
9.670399997802734049e+01
9.683199999999999363e+01
9.683200000976562194e+01
9.707200000976563103e+01
9.750400000000000489e+01
9.728000000000000114e+01
9.742400000976562069e+01
9.750399997802733765e+01
9.731200000976562592e+01
9.691200000976562023e+01
9.752000000976562433e+01
9.743999999999999773e+01
9.731200000976562592e+01
9.777599997802734322e+01
9.747200000976562251e+01
9.801600000000000534e+01
9.804800000976563013e+01
9.804799997802734879e+01
9.808000000976562660e+01
9.796800000000000352e+01
9.792000001953124411e+01
9.790399999999999636e+01
9.806400000976562126e+01
9.774400001953125638e+01
9.793600000000000705e+01
9.820799999999999841e+01
9.892800001953125388e+01
9.899200000000000443e+01
9.886400001953124672e+01
9.889600000000000080e+01
9.896000000976562205e+01
9.884799999999999898e+01
9.920000000000000284e+01
9.902400000000000091e+01
9.915200000000000102e+01
9.899200000000000443e+01
9.907200001953124513e+01
9.878400000976562012e+01
9.899200000000000443e+01
9.902400000000000091e+01
9.902400000000000091e+01
9.899200000000000443e+01
9.897599999999999909e+01
9.931199999999999761e+01
9.926399999999999579e+01
9.918399997802734447e+01
9.907200000976563103e+01
9.913600000976562399e+01
9.931199999999999761e+01
9.897599999999999909e+01
9.924800000976561876e+01
9.916800000976562046e+01
9.929600000000000648e+01
9.921599999999999397e+01
9.928000000000000114e+01
9.916800000976562046e+01
9.929600000976562058e+01
9.926400000976562410e+01
9.928000000000000114e+01
9.918400001953125411e+01
9.931199999999999761e+01
9.910400000976562751e+01
9.918400000976562580e+01
9.929600000000000648e+01
9.923200000976562762e+01
9.934400000976562239e+01
9.929600000000000648e+01
9.942400000000000659e+01
9.916800000976562046e+01
9.920000000976563115e+01
9.942400000000000659e+01
9.948800000976562785e+01
9.912000000976561864e+01
9.939199999999999591e+01
9.907200000000000273e+01
9.928000000000000114e+01
