3.004970073699951172e+00
2.276133775711059570e+00
2.275456905364990234e+00
2.261888742446899414e+00
2.269974470138549805e+00
2.282250642776489258e+00
2.265729904174804688e+00
2.263432502746582031e+00
2.273985624313354492e+00
2.258415699005126953e+00
2.259202003479003906e+00
2.265126705169677734e+00
2.269800186157226562e+00
2.265515089035034180e+00
2.258796453475952148e+00
2.277792692184448242e+00
2.257225751876831055e+00
2.264049053192138672e+00
2.263535976409912109e+00
2.282503843307495117e+00
2.258389234542846680e+00
2.260025024414062500e+00
2.299370050430297852e+00
2.270751953125000000e+00
2.261723041534423828e+00
2.253161191940307617e+00
2.261392593383789062e+00
2.291965723037719727e+00
2.273081064224243164e+00
2.268424987792968750e+00
2.271155834197998047e+00
2.268879175186157227e+00
2.269889354705810547e+00
2.271768093109130859e+00
2.293088674545288086e+00
2.271283149719238281e+00
2.260649204254150391e+00
2.272567987442016602e+00
2.268773317337036133e+00
2.256275415420532227e+00
2.257148504257202148e+00
2.268295288085937500e+00
2.277532100677490234e+00
2.257905960083007812e+00
2.259905338287353516e+00
2.269764900207519531e+00
2.256574869155883789e+00
2.265613794326782227e+00
2.269520998001098633e+00
2.265332937240600586e+00
2.258481740951538086e+00
2.260909318923950195e+00
2.268770217895507812e+00
2.261097192764282227e+00
2.265518903732299805e+00
2.263305902481079102e+00
2.270520448684692383e+00
2.284613370895385742e+00
2.255378961563110352e+00
2.273740768432617188e+00
2.265101671218872070e+00
2.273266553878784180e+00
2.260820865631103516e+00
2.270811796188354492e+00
2.277780294418334961e+00
2.253072500228881836e+00
2.262648582458496094e+00
2.268611907958984375e+00
2.259508848190307617e+00
2.269794464111328125e+00
2.265316724777221680e+00
2.264864444732666016e+00
2.263451099395751953e+00
2.283739805221557617e+00
2.267356157302856445e+00
2.262136220932006836e+00
2.258450746536254883e+00
2.256641626358032227e+00
2.264672756195068359e+00
2.262482643127441406e+00
2.265397071838378906e+00
2.261500835418701172e+00
2.263207435607910156e+00
2.260426998138427734e+00
2.264050483703613281e+00
2.262548923492431641e+00
2.265032529830932617e+00
2.261901617050170898e+00
2.263799905776977539e+00
2.260075807571411133e+00
2.265129327774047852e+00
2.262024879455566406e+00
2.265538215637207031e+00
2.254210710525512695e+00
2.260049104690551758e+00
2.258254051208496094e+00
2.290166378021240234e+00
2.261829137802124023e+00
2.263266086578369141e+00
2.257640123367309570e+00
2.262345314025878906e+00
2.266701698303222656e+00
2.262628555297851562e+00
2.253690958023071289e+00
2.257500886917114258e+00
2.262165307998657227e+00
2.261871099472045898e+00
2.288384199142456055e+00
2.264744997024536133e+00
2.262767314910888672e+00
2.264088153839111328e+00
2.265875101089477539e+00
2.263546466827392578e+00
2.278826475143432617e+00
2.297333478927612305e+00
2.270034551620483398e+00
2.269147872924804688e+00
2.272735118865966797e+00
2.287360429763793945e+00
2.262950658798217773e+00
2.294977426528930664e+00
2.268953800201416016e+00
2.265450000762939453e+00
2.261122465133666992e+00
2.264963388442993164e+00
2.266567707061767578e+00
2.263535737991333008e+00
2.267235755920410156e+00
2.264830350875854492e+00
2.268308639526367188e+00
2.257251501083374023e+00
2.267905950546264648e+00
2.270717144012451172e+00
2.270589113235473633e+00
2.257180929183959961e+00
2.268393039703369141e+00
2.261108160018920898e+00
2.255541324615478516e+00
2.255593538284301758e+00
2.279788255691528320e+00
2.267636775970458984e+00
2.257982969284057617e+00
2.264889240264892578e+00
2.271665573120117188e+00
2.278387546539306641e+00
2.265390872955322266e+00
2.261049270629882812e+00
2.264542102813720703e+00
2.264128446578979492e+00
2.265146017074584961e+00
2.283608675003051758e+00
2.269587039947509766e+00
2.256512880325317383e+00
2.257173776626586914e+00
2.265763282775878906e+00
2.275627374649047852e+00
2.261048078536987305e+00
2.259749174118041992e+00
2.262751817703247070e+00
2.266043663024902344e+00
2.264513731002807617e+00
2.272597074508666992e+00
2.285284280776977539e+00
2.263183832168579102e+00
2.257965564727783203e+00
2.288009166717529297e+00
2.268547058105468750e+00
2.258939981460571289e+00
2.262981414794921875e+00
2.273692131042480469e+00
2.281475782394409180e+00
2.259405136108398438e+00
2.257024765014648438e+00
2.273493766784667969e+00
2.263000249862670898e+00
2.261405229568481445e+00
2.276018381118774414e+00
2.291445255279541016e+00
2.261018753051757812e+00
2.262477874755859375e+00
2.274143218994140625e+00
2.267629384994506836e+00
2.266976833343505859e+00
2.273428678512573242e+00
2.275953769683837891e+00
2.272979259490966797e+00
2.259016036987304688e+00
2.262340545654296875e+00
2.261704444885253906e+00
2.274913311004638672e+00
2.256570577621459961e+00
2.266471385955810547e+00
2.267246484756469727e+00
2.263677835464477539e+00
2.263948202133178711e+00
2.267537832260131836e+00
2.271201610565185547e+00
2.257756710052490234e+00
2.260257005691528320e+00
2.309139490127563477e+00
