1.415057277679443359e+01
1.393088865280151367e+01
1.459840488433837891e+01
1.445235252380371094e+01
1.418148684501647949e+01
1.402282810211181641e+01
1.397367334365844727e+01
1.449600481986999512e+01
1.448429465293884277e+01
1.463761806488037109e+01
1.421288776397705078e+01
1.462755894660949707e+01
1.422645902633666992e+01
1.462489414215087891e+01
1.453720450401306152e+01
1.462206792831420898e+01
1.466932296752929688e+01
1.438519001007080078e+01
1.450678181648254395e+01
1.429178452491760254e+01
1.411948275566101074e+01
1.424155664443969727e+01
1.443535423278808594e+01
1.406599712371826172e+01
1.440245723724365234e+01
1.420308804512023926e+01
1.431363296508789062e+01
1.505022358894348145e+01
1.459437036514282227e+01
1.433505105972290039e+01
1.419107389450073242e+01
1.428990459442138672e+01
1.429783987998962402e+01
1.414821720123291016e+01
1.479585218429565430e+01
1.424353718757629395e+01
1.445705509185791016e+01
1.454823851585388184e+01
1.443847918510437012e+01
1.435902762413024902e+01
1.434133100509643555e+01
1.462634015083312988e+01
1.434902071952819824e+01
1.428977751731872559e+01
1.411824536323547363e+01
1.392080688476562500e+01
1.418372035026550293e+01
1.423445510864257812e+01
1.416386890411376953e+01
1.473683142662048340e+01
1.412329578399658203e+01
1.411069178581237793e+01
1.393947815895080566e+01
1.416914391517639160e+01
1.398149967193603516e+01
1.404429316520690918e+01
1.421139526367187500e+01
1.421302580833435059e+01
1.433602428436279297e+01
1.441305160522460938e+01
1.378243589401245117e+01
1.416592335700988770e+01
1.437853932380676270e+01
1.443809747695922852e+01
1.384139132499694824e+01
1.414810180664062500e+01
1.468736886978149414e+01
1.436559462547302246e+01
1.412993144989013672e+01
1.404051089286804199e+01
1.418747234344482422e+01
1.393914151191711426e+01
1.413608312606811523e+01
1.408099079132080078e+01
1.429880452156066895e+01
1.434901905059814453e+01
1.417818522453308105e+01
1.432771635055541992e+01
1.416726183891296387e+01
1.468517565727233887e+01
1.417866539955139160e+01
1.413008737564086914e+01
1.397681784629821777e+01
1.428996443748474121e+01
1.430658936500549316e+01
1.401678252220153809e+01
1.438043761253356934e+01
1.447256636619567871e+01
1.412175369262695312e+01
1.453167724609375000e+01
1.461649608612060547e+01
1.389723253250122070e+01
1.451654386520385742e+01
1.458152318000793457e+01
1.434014010429382324e+01
1.413008880615234375e+01
1.432049202919006348e+01
1.415582156181335449e+01
1.440944981575012207e+01
1.433009314537048340e+01
1.424998235702514648e+01
1.436238789558410645e+01
1.452289080619812012e+01
1.430242800712585449e+01
1.452176594734191895e+01
1.446020269393920898e+01
1.400067567825317383e+01
1.432059240341186523e+01
1.449692559242248535e+01
1.404050445556640625e+01
1.403414368629455566e+01
1.438510012626647949e+01
1.452162051200866699e+01
1.455348277091979980e+01
1.468298935890197754e+01
1.402410459518432617e+01
1.434955477714538574e+01
1.434444975852966309e+01
1.469367218017578125e+01
1.403011894226074219e+01
1.440364575386047363e+01
1.419076585769653320e+01
1.407861661911010742e+01
1.439760732650756836e+01
1.413593721389770508e+01
1.420117568969726562e+01
1.433557772636413574e+01
1.430970072746276855e+01
1.428017616271972656e+01
1.392951989173889160e+01
1.427842259407043457e+01
1.403464126586914062e+01
1.434402942657470703e+01
1.410389614105224609e+01
1.430349278450012207e+01
1.440338349342346191e+01
1.394109106063842773e+01
1.473216176033020020e+01
1.443823099136352539e+01
1.442383456230163574e+01
1.475454688072204590e+01
1.422674870491027832e+01
1.453904104232788086e+01
1.444233369827270508e+01
1.465768051147460938e+01
1.447856521606445312e+01
1.445015215873718262e+01
1.468765807151794434e+01
1.422616863250732422e+01
1.411937975883483887e+01
1.408694648742675781e+01
1.408777332305908203e+01
1.422128844261169434e+01
1.406748390197753906e+01
1.448033237457275391e+01
1.419478082656860352e+01
1.474906992912292480e+01
1.435798501968383789e+01
1.404916501045227051e+01
1.426759481430053711e+01
1.444345283508300781e+01
1.410670208930969238e+01
1.416036725044250488e+01
1.497005343437194824e+01
1.422644186019897461e+01
1.436208915710449219e+01
1.475542712211608887e+01
1.437967610359191895e+01
1.407425403594970703e+01
1.398965907096862793e+01
1.451980614662170410e+01
1.427508711814880371e+01
1.434810519218444824e+01
1.401669883728027344e+01
1.471007418632507324e+01
1.439396858215332031e+01
1.448005223274230957e+01
1.459378957748413086e+01
1.447838115692138672e+01
1.444212174415588379e+01
1.426601409912109375e+01
1.425465583801269531e+01
1.434098958969116211e+01
1.461211800575256348e+01
1.455505943298339844e+01
1.413720250129699707e+01
1.418070650100708008e+01
1.421832180023193359e+01
1.485210466384887695e+01
1.413230204582214355e+01
1.460066866874694824e+01
1.385564470291137695e+01
1.443258237838745117e+01
1.464221906661987305e+01
1.426788735389709473e+01
1.425960421562194824e+01
1.386695098876953125e+01
1.473926210403442383e+01
1.462335920333862305e+01
1.444967079162597656e+01
