2.838566702651977636e+00
1.961118782882690370e+00
1.821018799057006810e+00
1.751029568099975675e+00
1.663159727401733345e+00
1.591252840042114203e+00
1.513502589454650771e+00
1.451986614112853902e+00
1.373223410301208425e+00
1.335432949523925883e+00
1.284772267189025818e+00
1.239743393325805743e+00
1.202662518424987725e+00
1.154317450714111404e+00
1.135876127929687396e+00
1.099221465072631743e+00
1.042971123085022045e+00
1.004112299995422397e+00
9.904638743400573375e-01
9.722610188102722706e-01
9.262511000061035560e-01
9.156451443481444796e-01
8.926712902450562037e-01
8.663989410591125262e-01
8.453102748489379481e-01
8.205575334930419462e-01
7.950118861579894558e-01
7.644509637641906385e-01
7.508117372322082872e-01
7.404124763107299279e-01
7.143681535530090887e-01
6.903396559143066824e-01
6.640935788345336821e-01
6.760670657634735292e-01
6.384371326255798840e-01
6.473188645935058494e-01
6.280447836875915346e-01
6.045930865478515992e-01
6.179209544754028505e-01
5.942165521240234671e-01
5.836896677780151199e-01
5.640088764953613554e-01
5.931916414451599007e-01
5.422709773635864261e-01
5.551771069335937892e-01
5.283140082931518933e-01
5.349165753364563125e-01
5.384012928771972906e-01
5.367383751106262757e-01
5.187461885833740682e-01
5.286616031455994014e-01
5.064934188842773466e-01
5.065121919536590411e-01
5.070954049491882554e-01
4.813563988685607975e-01
5.068879541397094401e-01
5.004301750183105524e-01
4.808740197753906265e-01
4.764863835287094229e-01
4.500505174350738491e-01
4.658818323516845661e-01
4.592887856578826700e-01
4.580894095802306998e-01
4.548976945018768370e-01
4.464036744880676144e-01
4.511067590904235813e-01
4.413876503849029631e-01
4.518440594291687207e-01
4.403993932914733733e-01
4.364274478340148811e-01
4.140987670230865669e-01
4.246746757125854366e-01
4.190574621009826584e-01
4.207023380851745431e-01
4.386561477375030549e-01
4.221379600620269734e-01
4.009829608345031882e-01
4.079838432025909567e-01
3.927515231037139731e-01
4.023993528747558668e-01
3.953608690977096773e-01
3.943553217220306384e-01
4.006646606636047325e-01
3.885650528240203738e-01
3.862459011936187903e-01
3.891077224922180333e-01
4.137024354362487943e-01
3.857148928356170514e-01
3.760380964851379182e-01
3.802099429035186717e-01
3.825578541564941260e-01
3.672514324855804535e-01
4.079936035346984902e-01
3.622013343811035235e-01
3.586516026878356911e-01
3.606377830982208099e-01
3.588425136947631655e-01
3.434320086002349837e-01
3.661089099311828354e-01
3.555102744007110349e-01
2.252495269346237172e-01
1.943436983060836676e-01
1.708953852272033780e-01
1.683329335212707389e-01
1.580213644361495862e-01
1.514340739488601595e-01
1.529946757364273047e-01
1.509455557847023122e-01
1.421520729970932040e-01
1.393454949092864936e-01
1.331788009166717524e-01
1.309903446602821431e-01
1.110891435718536352e-01
1.190793812608718916e-01
1.167005481147766061e-01
1.156052179098129296e-01
1.166697841691970855e-01
1.123634250640869192e-01
1.063182041895389535e-01
1.067278358983993480e-01
1.019629248428344792e-01
1.016608485317230248e-01
1.002783702778816260e-01
9.612700808048248169e-02
9.308203343749046899e-02
9.771754471182823865e-02
8.995708825588226432e-02
8.882703096866607917e-02
8.417128667593001823e-02
8.632047370433806877e-02
8.098742950081824765e-02
8.147489875018597283e-02
7.679622962713240908e-02
7.660630028247833456e-02
7.098264284133910806e-02
8.050720822095870643e-02
7.000212112903594908e-02
6.411468157291412562e-02
7.450464475035667444e-02
7.065880098819732336e-02
6.761648057460785399e-02
6.400475127696990396e-02
6.382559432506561270e-02
5.797341638803481939e-02
6.410240549325943449e-02
6.095536913394927758e-02
5.149828921675682347e-02
5.912673833847045812e-02
5.867595508456230347e-02
5.615801452398300198e-02
4.977040390789509022e-02
4.070303669691086035e-02
4.291466878354549541e-02
4.086733389616012402e-02
3.657053214430808913e-02
4.084686211884022006e-02
3.789266194254160142e-02
4.088209018349647783e-02
3.780546727538108831e-02
4.095452154874801298e-02
3.885860818743705480e-02
4.185659683227539035e-02
4.070586048364639026e-02
4.051927124679088887e-02
3.576955852270126412e-02
3.367199479877949070e-02
4.001959765911101974e-02
3.554455274343490401e-02
4.175489302635192884e-02
3.544512210965156812e-02
3.289770311176776901e-02
3.201499936282634767e-02
3.752977037400007099e-02
3.430234402596950283e-02
3.414065403580665570e-02
3.740160121917724539e-02
3.156743769586086573e-02
3.331369736433029138e-02
3.282892071902752257e-02
3.383678948044777091e-02
3.417512205481529342e-02
2.980702452540397521e-02
3.338452212929725327e-02
3.186656287193298520e-02
3.330080198049545359e-02
3.363180125951766714e-02
2.995675836920738341e-02
3.474915435552596715e-02
3.430877247035503397e-02
3.105723328649997658e-02
3.104795330226421332e-02
3.210765216827392299e-02
3.109782717585563711e-02
3.498721561312675282e-02
2.906478714585304310e-02
2.959933426082134167e-02
3.158734074711799789e-02
3.141386362731456855e-02
3.454240318179130353e-02
2.956726255416870092e-02
