4.055638313293457031e-01
3.878147602081298828e-01
3.990752696990966797e-01
3.840641975402832031e-01
3.914573192596435547e-01
4.030456542968750000e-01
3.852772712707519531e-01
3.833405971527099609e-01
4.032893180847167969e-01
3.841388225555419922e-01
3.834664821624755859e-01
3.882462978363037109e-01
3.985376358032226562e-01
3.826704025268554688e-01
3.857755661010742188e-01
3.988375663757324219e-01
3.873770236968994141e-01
3.865656852722167969e-01
3.898699283599853516e-01
4.042925834655761719e-01
3.825628757476806641e-01
3.882656097412109375e-01
3.943631649017333984e-01
3.929624557495117188e-01
3.873369693756103516e-01
3.834605216979980469e-01
3.919730186462402344e-01
3.951547145843505859e-01
3.894786834716796875e-01
3.945598602294921875e-01
3.925485610961914062e-01
3.913035392761230469e-01
3.885190486907958984e-01
3.933649063110351562e-01
3.970718383789062500e-01
3.890497684478759766e-01
3.836510181427001953e-01
3.975720405578613281e-01
3.902409076690673828e-01
3.886539936065673828e-01
3.813858032226562500e-01
3.972485065460205078e-01
4.055774211883544922e-01
3.842139244079589844e-01
3.888165950775146484e-01
3.954977989196777344e-01
3.828790187835693359e-01
3.896012306213378906e-01
3.970737457275390625e-01
3.920116424560546875e-01
3.883049488067626953e-01
3.851737976074218750e-01
3.945467472076416016e-01
3.893854618072509766e-01
3.865931034088134766e-01
3.887321949005126953e-01
3.941617012023925781e-01
3.960242271423339844e-01
3.838214874267578125e-01
3.889007568359375000e-01
3.871343135833740234e-01
3.930616378784179688e-01
3.868341445922851562e-01
3.974783420562744141e-01
4.005765914916992188e-01
3.826403617858886719e-01
3.898055553436279297e-01
3.967690467834472656e-01
3.861782550811767578e-01
3.842339515686035156e-01
3.871278762817382812e-01
3.935363292694091797e-01
3.913805484771728516e-01
3.866097927093505859e-01
3.939111232757568359e-01
3.892269134521484375e-01
3.900377750396728516e-01
3.827757835388183594e-01
3.921995162963867188e-01
3.877871036529541016e-01
3.891718387603759766e-01
3.892962932586669922e-01
3.945817947387695312e-01
3.952586650848388672e-01
3.890006542205810547e-01
3.930487632751464844e-01
3.899345397949218750e-01
3.923094272613525391e-01
3.923978805541992188e-01
3.875117301940917969e-01
3.955881595611572266e-01
3.894126415252685547e-01
3.886382579803466797e-01
3.855357170104980469e-01
3.879544734954833984e-01
3.900835514068603516e-01
3.878049850463867188e-01
3.884468078613281250e-01
3.946921825408935547e-01
3.842914104461669922e-01
3.867917060852050781e-01
3.922796249389648438e-01
3.875372409820556641e-01
3.861224651336669922e-01
3.860261440277099609e-01
3.895423412322998047e-01
3.950889110565185547e-01
3.868303298950195312e-01
3.912920951843261719e-01
3.892915248870849609e-01
3.915960788726806641e-01
3.921411037445068359e-01
3.929057121276855469e-01
3.857610225677490234e-01
3.967494964599609375e-01
3.932526111602783203e-01
3.850736618041992188e-01
3.927035331726074219e-01
3.965735435485839844e-01
3.841128349304199219e-01
3.905332088470458984e-01
3.950417041778564453e-01
3.912758827209472656e-01
3.854782581329345703e-01
3.921377658843994141e-01
3.931734561920166016e-01
3.885910511016845703e-01
3.945620059967041016e-01
3.870179653167724609e-01
3.919813632965087891e-01
3.852717876434326172e-01
3.907110691070556641e-01
3.953528404235839844e-01
3.864674568176269531e-01
3.854162693023681641e-01
3.970592021942138672e-01
3.930099010467529297e-01
3.859891891479492188e-01
3.837091922760009766e-01
3.947284221649169922e-01
3.930830955505371094e-01
3.842976093292236328e-01
3.890216350555419922e-01
3.940074443817138672e-01
3.896710872650146484e-01
3.913822174072265625e-01
3.912646770477294922e-01
3.926827907562255859e-01
3.910944461822509766e-01
3.927547931671142578e-01
4.018225669860839844e-01
3.975558280944824219e-01
3.864409923553466797e-01
3.836557865142822266e-01
3.964598178863525391e-01
3.993649482727050781e-01
3.896751403808593750e-01
3.863832950592041016e-01
3.882300853729248047e-01
3.897757530212402344e-01
3.912580013275146484e-01
3.938350677490234375e-01
3.973908424377441406e-01
3.920905590057373047e-01
3.853507041931152344e-01
3.979375362396240234e-01
3.972401618957519531e-01
3.861858844757080078e-01
3.896892070770263672e-01
3.939676284790039062e-01
3.932707309722900391e-01
3.909220695495605469e-01
3.861455917358398438e-01
3.957333564758300781e-01
3.912105560302734375e-01
3.815214633941650391e-01
3.938186168670654297e-01
3.949818611145019531e-01
3.876426219940185547e-01
3.894472122192382812e-01
3.918418884277343750e-01
3.943808078765869141e-01
3.894615173339843750e-01
3.895878791809082031e-01
4.002921581268310547e-01
3.901906013488769531e-01
3.853912353515625000e-01
3.920559883117675781e-01
3.895711898803710938e-01
4.000170230865478516e-01
3.864088058471679688e-01
3.910310268402099609e-01
3.951470851898193359e-01
3.866932392120361328e-01
3.918776512145996094e-01
3.933448791503906250e-01
3.956277370452880859e-01
3.846924304962158203e-01
3.853554725646972656e-01
4.001138210296630859e-01
