3.069314956665039062e+00
2.943219423294067383e+00
2.335915088653564453e+00
2.338297843933105469e+00
2.327316761016845703e+00
2.333088874816894531e+00
2.929422616958618164e+00
2.937950611114501953e+00
2.334790229797363281e+00
2.941391229629516602e+00
2.318559408187866211e+00
2.949332952499389648e+00
2.335086107254028320e+00
2.322817087173461914e+00
2.318958282470703125e+00
2.959075927734375000e+00
2.319789409637451172e+00
2.321936607360839844e+00
2.948883295059204102e+00
2.338849782943725586e+00
2.316988229751586914e+00
2.359470129013061523e+00
2.948911666870117188e+00
2.325772047042846680e+00
2.945677280426025391e+00
2.945587635040283203e+00
2.949869155883789062e+00
2.358393669128417969e+00
2.323985815048217773e+00
2.324149608612060547e+00
2.333191633224487305e+00
2.356953859329223633e+00
2.324006319046020508e+00
2.329207420349121094e+00
2.330789804458618164e+00
2.325168848037719727e+00
2.942627429962158203e+00
2.330349922180175781e+00
2.324128150939941406e+00
2.322251081466674805e+00
2.322984933853149414e+00
2.977910041809082031e+00
2.346697330474853516e+00
2.340627908706665039e+00
2.943990707397460938e+00
2.952684402465820312e+00
2.944459915161132812e+00
2.320880651473999023e+00
2.329216241836547852e+00
2.344190120697021484e+00
2.318957090377807617e+00
2.322595834732055664e+00
2.329347372055053711e+00
2.328737497329711914e+00
2.325918436050415039e+00
2.323561429977416992e+00
2.946382284164428711e+00
2.343423604965209961e+00
2.325173616409301758e+00
2.970946788787841797e+00
2.945544481277465820e+00
2.328222036361694336e+00
2.320257902145385742e+00
2.329060792922973633e+00
2.339150190353393555e+00
2.935671329498291016e+00
2.333297014236450195e+00
2.334048509597778320e+00
2.939676523208618164e+00
2.940456867218017578e+00
2.355976343154907227e+00
2.325082063674926758e+00
2.323533058166503906e+00
2.316590309143066406e+00
2.947876930236816406e+00
2.944962739944458008e+00
2.323502302169799805e+00
2.311433315277099609e+00
2.946389198303222656e+00
2.323970079421997070e+00
2.945174455642700195e+00
2.321132421493530273e+00
2.332717657089233398e+00
2.327362060546875000e+00
2.319406509399414062e+00
2.950372695922851562e+00
2.335331439971923828e+00
2.325299024581909180e+00
2.325128316879272461e+00
2.940056562423706055e+00
2.329572677612304688e+00
2.321844100952148438e+00
2.944434404373168945e+00
2.938969373703002930e+00
2.988399744033813477e+00
2.324631690979003906e+00
2.321431875228881836e+00
2.323425769805908203e+00
2.333212852478027344e+00
2.321517705917358398e+00
2.940947771072387695e+00
2.329467058181762695e+00
2.331354618072509766e+00
2.942659378051757812e+00
2.942500114440917969e+00
2.949618101119995117e+00
2.347919464111328125e+00
2.944319248199462891e+00
2.946581125259399414e+00
2.325462579727172852e+00
2.325118064880371094e+00
2.328655004501342773e+00
2.326536178588867188e+00
2.325459003448486328e+00
2.341549634933471680e+00
2.331769227981567383e+00
2.944308996200561523e+00
2.332209348678588867e+00
2.328519582748413086e+00
2.316894054412841797e+00
2.325781106948852539e+00
2.326575279235839844e+00
2.322452545166015625e+00
2.318984031677246094e+00
2.328731536865234375e+00
2.328115224838256836e+00
2.324295043945312500e+00
2.339639663696289062e+00
2.331187009811401367e+00
2.321875572204589844e+00
2.318499803543090820e+00
2.326096773147583008e+00
2.331002473831176758e+00
2.333876609802246094e+00
2.322287321090698242e+00
2.355687618255615234e+00
2.324414491653442383e+00
2.945101261138916016e+00
2.941618204116821289e+00
2.956060409545898438e+00
2.322566747665405273e+00
2.942113399505615234e+00
2.950890779495239258e+00
2.331786155700683594e+00
2.320753335952758789e+00
2.942375659942626953e+00
2.951997756958007812e+00
2.328283548355102539e+00
2.318672180175781250e+00
2.324624061584472656e+00
2.334320783615112305e+00
2.334586381912231445e+00
2.319693326950073242e+00
2.947378396987915039e+00
2.336718559265136719e+00
2.334609270095825195e+00
2.320545196533203125e+00
2.322531223297119141e+00
2.956381082534790039e+00
2.954147815704345703e+00
2.321684360504150391e+00
2.323433637619018555e+00
2.336454868316650391e+00
2.326268911361694336e+00
2.942358016967773438e+00
2.331732034683227539e+00
2.331357002258300781e+00
2.318572044372558594e+00
2.334229230880737305e+00
2.950779199600219727e+00
2.325998306274414062e+00
2.320706367492675781e+00
2.321029186248779297e+00
2.334083795547485352e+00
2.949190616607666016e+00
2.935947656631469727e+00
2.327866077423095703e+00
2.332844495773315430e+00
2.316051483154296875e+00
2.322016000747680664e+00
2.359643697738647461e+00
2.330406904220581055e+00
2.317297220230102539e+00
2.948014497756958008e+00
2.332818508148193359e+00
2.948346614837646484e+00
2.319148302078247070e+00
2.325807571411132812e+00
2.333497524261474609e+00
2.331270694732666016e+00
2.318709135055541992e+00
2.390393733978271484e+00
2.955729722976684570e+00
2.944738626480102539e+00
2.324703216552734375e+00
2.330579757690429688e+00
2.336584806442260742e+00
2.316459178924560547e+00
2.938790321350097656e+00
2.957815170288085938e+00
