4.052164554595947266e-01
3.875639438629150391e-01
3.988902568817138672e-01
3.839645385742187500e-01
3.913640975952148438e-01
4.028642177581787109e-01
3.859677314758300781e-01
3.834805488586425781e-01
4.031159877777099609e-01
3.843326568603515625e-01
3.833844661712646484e-01
3.883411884307861328e-01
3.985629081726074219e-01
3.825004100799560547e-01
3.856868743896484375e-01
3.986446857452392578e-01
3.871743679046630859e-01
3.864622116088867188e-01
3.898558616638183594e-01
4.041242599487304688e-01
3.827857971191406250e-01
3.883867263793945312e-01
3.943269252777099609e-01
3.928840160369873047e-01
3.861138820648193359e-01
3.833649158477783203e-01
3.918225765228271484e-01
3.952279090881347656e-01
3.895082473754882812e-01
3.945965766906738281e-01
3.980684280395507812e-01
3.916909694671630859e-01
3.873696327209472656e-01
3.935580253601074219e-01
3.973567485809326172e-01
3.891901969909667969e-01
3.838427066802978516e-01
3.976712226867675781e-01
3.901801109313964844e-01
3.886079788208007812e-01
3.813922405242919922e-01
3.970227241516113281e-01
4.053692817687988281e-01
3.844339847564697266e-01
3.882298469543457031e-01
3.955097198486328125e-01
3.830926418304443359e-01
3.899812698364257812e-01
3.973324298858642578e-01
3.920516967773437500e-01
3.885962963104248047e-01
3.854727745056152344e-01
3.944973945617675781e-01
3.894441127777099609e-01
3.890552520751953125e-01
3.888945579528808594e-01
3.944108486175537109e-01
3.956553936004638672e-01
3.837599754333496094e-01
3.887813091278076172e-01
3.872997760772705078e-01
3.934347629547119141e-01
3.869469165802001953e-01
3.977179527282714844e-01
3.997449874877929688e-01
3.827061653137207031e-01
3.881466388702392578e-01
3.967900276184082031e-01
3.864367008209228516e-01
3.844687938690185547e-01
3.872864246368408203e-01
3.937265872955322266e-01
3.894877433776855469e-01
3.867976665496826172e-01
3.941116333007812500e-01
3.894298076629638672e-01
3.901634216308593750e-01
3.830544948577880859e-01
3.922097682952880859e-01
3.879926204681396484e-01
3.893008232116699219e-01
3.896472454071044922e-01
3.947486877441406250e-01
3.901317119598388672e-01
3.887939453125000000e-01
3.930146694183349609e-01
3.897702693939208984e-01
3.929927349090576172e-01
3.922033309936523438e-01
3.874242305755615234e-01
3.955173492431640625e-01
3.894655704498291016e-01
3.883903026580810547e-01
3.854064941406250000e-01
3.877401351928710938e-01
3.897731304168701172e-01
3.877141475677490234e-01
3.884487152099609375e-01
3.944993019104003906e-01
3.840136528015136719e-01
3.866391181945800781e-01
3.922698497772216797e-01
3.876843452453613281e-01
3.857543468475341797e-01
3.859484195709228516e-01
3.893227577209472656e-01
3.949236869812011719e-01
3.866763114929199219e-01
3.911144733428955078e-01
3.890919685363769531e-01
3.914802074432373047e-01
3.918941020965576172e-01
3.929133415222167969e-01
3.854968547821044922e-01
3.969364166259765625e-01
3.931121826171875000e-01
3.851749897003173828e-01
3.929288387298583984e-01
3.970336914062500000e-01
3.843033313751220703e-01
3.905642032623291016e-01
3.952941894531250000e-01
3.915648460388183594e-01
3.860499858856201172e-01
3.922119140625000000e-01
3.934824466705322266e-01
3.887867927551269531e-01
3.947079181671142578e-01
3.871712684631347656e-01
3.920125961303710938e-01
3.853893280029296875e-01
3.908622264862060547e-01
3.954560756683349609e-01
3.866443634033203125e-01
3.852901458740234375e-01
3.971269130706787109e-01
3.925786018371582031e-01
3.858890533447265625e-01
3.835368156433105469e-01
3.945431709289550781e-01
3.929803371429443359e-01
3.841147422790527344e-01
3.890261650085449219e-01
3.940370082855224609e-01
3.896515369415283203e-01
3.912863731384277344e-01
3.910486698150634766e-01
3.927195072174072266e-01
3.911530971527099609e-01
3.924834728240966797e-01
4.018578529357910156e-01
3.973636627197265625e-01
3.864157199859619141e-01
3.834931850433349609e-01
3.963911533355712891e-01
3.992743492126464844e-01
3.897950649261474609e-01
3.863625526428222656e-01
3.881299495697021484e-01
3.897020816802978516e-01
3.915991783142089844e-01
3.939383029937744141e-01
3.971924781799316406e-01
3.931519985198974609e-01
3.853585720062255859e-01
3.980915546417236328e-01
3.972084522247314453e-01
3.860757350921630859e-01
3.892228603363037109e-01
3.939568996429443359e-01
3.931345939636230469e-01
3.908665180206298828e-01
3.862493038177490234e-01
3.957078456878662109e-01
3.911681175231933594e-01
3.815326690673828125e-01
3.939521312713623047e-01
3.948330879211425781e-01
3.877024650573730469e-01
3.890633583068847656e-01
3.919987678527832031e-01
3.945426940917968750e-01
3.893420696258544922e-01
3.893749713897705078e-01
4.003083705902099609e-01
3.900291919708251953e-01
3.853983879089355469e-01
3.920938968658447266e-01
3.893234729766845703e-01
3.999798297882080078e-01
3.862745761871337891e-01
3.909273147583007812e-01
3.942370414733886719e-01
3.864364624023437500e-01
3.917241096496582031e-01
3.930790424346923828e-01
3.956577777862548828e-01
3.837118148803710938e-01
3.856797218322753906e-01
3.999309539794921875e-01
