2.550204277038574219e+00
1.930972337722778320e+00
1.918447017669677734e+00
1.920472860336303711e+00
1.919166564941406250e+00
1.919088840484619141e+00
1.937381982803344727e+00
1.923258543014526367e+00
1.926160812377929688e+00
1.925285100936889648e+00
2.538431167602539062e+00
1.917884588241577148e+00
2.535325050354003906e+00
2.535012483596801758e+00
2.539407730102539062e+00
1.921094894409179688e+00
2.536192893981933594e+00
1.920278072357177734e+00
1.916586875915527344e+00
1.929906606674194336e+00
1.928783655166625977e+00
1.936622142791748047e+00
1.909931182861328125e+00
1.921015024185180664e+00
1.920397996902465820e+00
1.921425104141235352e+00
1.913708686828613281e+00
2.573573112487792969e+00
2.528090238571166992e+00
1.917363166809082031e+00
1.942066431045532227e+00
1.985388040542602539e+00
2.540525436401367188e+00
1.923927307128906250e+00
1.917857646942138672e+00
1.923764705657958984e+00
1.920366048812866211e+00
1.918636798858642578e+00
2.535035371780395508e+00
1.920882463455200195e+00
2.543283939361572266e+00
1.932920455932617188e+00
1.922885894775390625e+00
2.538740873336791992e+00
1.917837619781494141e+00
1.914110183715820312e+00
1.922095537185668945e+00
1.916143655776977539e+00
1.915238857269287109e+00
1.927248954772949219e+00
1.921951055526733398e+00
1.916477441787719727e+00
2.534328460693359375e+00
1.935883998870849609e+00
2.540565252304077148e+00
1.916805267333984375e+00
1.911716938018798828e+00
1.984406471252441406e+00
2.539233684539794922e+00
1.928086280822753906e+00
1.913947582244873047e+00
1.937955379486083984e+00
2.545181035995483398e+00
1.915224313735961914e+00
1.929871082305908203e+00
1.925601720809936523e+00
1.914044618606567383e+00
2.530711412429809570e+00
1.917804479598999023e+00
1.918858766555786133e+00
2.537855148315429688e+00
2.537151098251342773e+00
2.597037792205810547e+00
1.923435926437377930e+00
1.924173831939697266e+00
1.920315265655517578e+00
1.920955896377563477e+00
1.919785499572753906e+00
1.921447515487670898e+00
2.542499780654907227e+00
1.922453641891479492e+00
1.918079137802124023e+00
1.917147397994995117e+00
1.918781280517578125e+00
1.922790527343750000e+00
1.920802116394042969e+00
2.559790372848510742e+00
2.535969972610473633e+00
1.924847841262817383e+00
1.923355340957641602e+00
1.916548967361450195e+00
1.916875600814819336e+00
1.923979043960571289e+00
1.919137716293334961e+00
1.919549465179443359e+00
2.539239883422851562e+00
2.535588502883911133e+00
1.924750328063964844e+00
2.538234472274780273e+00
2.535752534866333008e+00
1.917608976364135742e+00
2.541239738464355469e+00
1.917515993118286133e+00
1.918387651443481445e+00
1.919291257858276367e+00
1.917201757431030273e+00
1.919128179550170898e+00
1.922829389572143555e+00
1.922939538955688477e+00
2.532566070556640625e+00
2.537816524505615234e+00
1.920341253280639648e+00
1.917339563369750977e+00
2.535652160644531250e+00
1.942616462707519531e+00
1.919318199157714844e+00
1.915535449981689453e+00
1.916617155075073242e+00
1.921103715896606445e+00
2.533824920654296875e+00
2.538359165191650391e+00
1.918681144714355469e+00
1.921979904174804688e+00
1.917024135589599609e+00
1.912971258163452148e+00
1.918569087982177734e+00
2.538105964660644531e+00
1.917870283126831055e+00
1.916945695877075195e+00
1.928224802017211914e+00
2.534101247787475586e+00
1.917114019393920898e+00
2.537791013717651367e+00
1.922553539276123047e+00
2.539033889770507812e+00
1.915827751159667969e+00
1.918748617172241211e+00
1.917184114456176758e+00
1.924220800399780273e+00
1.928095102310180664e+00
2.537434577941894531e+00
1.940908908843994141e+00
1.917354822158813477e+00
1.914324998855590820e+00
1.921405315399169922e+00
1.917990207672119141e+00
1.915163755416870117e+00
1.915221691131591797e+00
1.923738718032836914e+00
1.918821811676025391e+00
1.922182083129882812e+00
2.541266918182373047e+00
2.549619674682617188e+00
1.966061115264892578e+00
1.914559602737426758e+00
2.543107271194458008e+00
1.924340009689331055e+00
2.538594961166381836e+00
1.916096687316894531e+00
1.926263570785522461e+00
1.915086984634399414e+00
1.916441440582275391e+00
1.922406673431396484e+00
1.922240018844604492e+00
1.917684793472290039e+00
1.911985874176025391e+00
1.919756889343261719e+00
2.545203208923339844e+00
1.916915178298950195e+00
1.919925212860107422e+00
2.538916110992431641e+00
1.930422306060791016e+00
1.911616325378417969e+00
2.539285898208618164e+00
1.917012691497802734e+00
1.919887065887451172e+00
2.530559062957763672e+00
2.538658380508422852e+00
1.915537834167480469e+00
1.920354127883911133e+00
2.536542415618896484e+00
1.919747352600097656e+00
1.920453071594238281e+00
1.917218685150146484e+00
1.913172483444213867e+00
1.916094541549682617e+00
1.916997194290161133e+00
1.914787769317626953e+00
2.537717342376708984e+00
1.923374891281127930e+00
1.916159152984619141e+00
2.536717891693115234e+00
1.911760568618774414e+00
1.917923688888549805e+00
1.916253089904785156e+00
2.534818172454833984e+00
2.538829088211059570e+00
2.537489414215087891e+00
1.916807174682617188e+00
1.911521434783935547e+00
