2.850839224395751881e+00
1.951358780708313034e+00
1.797597285308838000e+00
1.701586340026855382e+00
1.635042727088928283e+00
1.570954202575683523e+00
1.497163081054687428e+00
1.409570351409912048e+00
1.357826586837768579e+00
1.312188914566040143e+00
1.271391335754394447e+00
1.216984254875183025e+00
1.168499798889160113e+00
1.138471050987243549e+00
1.067171133804321270e+00
1.056499774856567431e+00
1.005127600784301745e+00
9.815110692787170077e-01
9.535745886230468926e-01
9.371285157966613433e-01
9.022265161705017578e-01
8.934050392341613689e-01
8.557646525573729956e-01
8.499679609298705918e-01
8.164381172943114828e-01
7.882571830368042543e-01
7.637175126838684491e-01
7.528090948486327871e-01
7.319131207466125222e-01
7.102127778053283214e-01
6.898293145561218420e-01
6.849154851722717430e-01
6.545311360359191699e-01
6.424209747123718062e-01
6.432344695091247733e-01
6.245556401443481676e-01
6.136254676818847509e-01
5.887007719802856975e-01
5.795642022705078666e-01
5.933051980400085856e-01
5.762437063407898075e-01
5.495783358478546488e-01
5.265420977973938044e-01
5.554834078598022140e-01
5.362424113845825069e-01
5.249241676998138706e-01
5.199014086914062194e-01
5.120160611724853261e-01
5.102297671699523862e-01
5.086526182174682109e-01
4.929269730758666923e-01
4.946680954360961890e-01
4.882108576393127675e-01
4.964368594837188509e-01
4.826065083503723319e-01
4.749775324440002611e-01
4.714660051918029837e-01
4.607264039039611903e-01
4.677773036861419542e-01
4.538351547479629322e-01
4.609568648624420284e-01
4.480341489505768049e-01
4.401387369346618783e-01
4.387912024974823244e-01
4.463736864376068314e-01
4.461299118614197035e-01
4.241269126892089902e-01
4.446582664489746040e-01
4.203941192531585602e-01
4.243997868442535570e-01
4.120368376159668222e-01
4.248025208091735783e-01
4.064562038612365980e-01
3.878686806678772192e-01
3.831281658363342446e-01
4.018101199054717743e-01
3.881401143121719355e-01
3.800862823772430676e-01
3.915587641334533631e-01
3.930255257701874005e-01
4.015692391777038739e-01
3.815146825408935460e-01
3.886949167728424026e-01
3.667023515701293701e-01
3.889813541221618376e-01
3.741126404857635368e-01
3.541296935367584386e-01
3.680671288681030551e-01
3.627350044918060123e-01
3.635177677536010621e-01
3.594602213287353409e-01
3.549407282257079910e-01
3.661578477191925196e-01
3.594464585590362304e-01
3.247482808208465577e-01
3.296569148826599127e-01
3.552004817581176921e-01
3.474070364952087653e-01
3.316136554121971169e-01
3.381333948230743625e-01
2.292224869585037239e-01
1.842229718446731501e-01
1.729578190612792998e-01
1.633262050104141161e-01
1.527968459177017346e-01
1.544135460329055798e-01
1.442724362039566055e-01
1.425286223983764644e-01
1.416079076337814213e-01
1.288396736574173029e-01
1.295214466047286961e-01
1.270607719826698234e-01
1.168102124786376955e-01
1.217263290596008324e-01
1.142774034643173203e-01
1.047353247499465956e-01
1.074474499297142088e-01
1.027703900051116920e-01
1.043362307238578784e-01
1.022535192537307736e-01
9.100462896823882653e-02
1.041934138131141718e-01
9.740682478904724717e-02
9.413203439712523879e-02
8.579760127544402981e-02
8.696645733356475616e-02
8.351736196279525848e-02
8.494609125018119655e-02
7.759672682166099400e-02
7.896207979917525821e-02
8.189917211771011174e-02
7.593746016025543222e-02
7.667693885564803857e-02
7.896815924644470797e-02
7.113077988266944263e-02
6.960194911003113327e-02
7.564217336416244331e-02
6.119480784893036041e-02
6.538572687506676029e-02
6.750744076490401702e-02
6.189721202611923184e-02
6.620120604038239043e-02
5.979630159854888716e-02
5.606886921405792451e-02
6.201382845282554790e-02
5.939584887981414624e-02
5.619985933065414774e-02
5.609143822193145973e-02
5.653012598514556980e-02
5.126384412467479418e-02
5.140503547906875859e-02
4.758085045814514080e-02
4.286142977952957234e-02
4.013358076691627557e-02
3.813114553213119845e-02
4.005201096743345179e-02
3.923898738145828458e-02
3.853079886913299279e-02
3.876606677174568305e-02
3.821037974834442380e-02
4.117699167251587244e-02
3.755907647311687581e-02
3.842775535702705469e-02
3.674335321903228480e-02
3.671563900172710587e-02
3.434661823689937749e-02
3.672414264738559780e-02
3.333077291607856874e-02
3.531258580088615651e-02
3.569891175210476025e-02
3.296592254042625403e-02
3.445615420520305866e-02
3.254290801286697371e-02
3.364288230419158754e-02
3.258878501653671156e-02
3.132101540625095021e-02
3.838923196315765368e-02
3.684929872274398527e-02
3.317293083906174000e-02
3.532152241826057304e-02
3.016805540055036636e-02
3.063801993489265532e-02
3.352999660223722478e-02
3.132198228716850247e-02
2.801039214968681357e-02
3.555541788220405869e-02
3.182762769818305720e-02
3.201904373168945606e-02
3.145885437488556147e-02
3.228540948390960785e-02
3.580586429834365508e-02
2.876598649740219268e-02
3.152344769358635113e-02
3.109882393121719477e-02
3.234534437656402805e-02
2.861644306302070506e-02
3.116817544698715151e-02
2.784279102802276681e-02
2.878916400194168196e-02
3.285235739707946523e-02
