1.431962108612060547e+01
1.406795024871826172e+01
1.405253863334655762e+01
1.440131521224975586e+01
1.475528740882873535e+01
1.439584994316101074e+01
1.438680624961853027e+01
1.418434429168701172e+01
1.508226251602172852e+01
1.443395757675170898e+01
1.424440693855285645e+01
1.494447636604309082e+01
1.457250881195068359e+01
1.448320293426513672e+01
1.444414329528808594e+01
1.479134368896484375e+01
1.413993167877197266e+01
1.446945118904113770e+01
1.443076014518737793e+01
1.514335179328918457e+01
1.416816616058349609e+01
1.428770470619201660e+01
1.452081322669982910e+01
1.497116279602050781e+01
1.460130906105041504e+01
1.418779230117797852e+01
1.417476987838745117e+01
1.449260044097900391e+01
1.435401415824890137e+01
1.404079508781433105e+01
1.455924272537231445e+01
1.422093462944030762e+01
1.424695611000061035e+01
1.457371711730957031e+01
1.451560473442077637e+01
1.446838569641113281e+01
1.447058272361755371e+01
1.461408400535583496e+01
1.436670804023742676e+01
1.454871177673339844e+01
1.434039187431335449e+01
1.457282018661499023e+01
1.477088284492492676e+01
1.440901470184326172e+01
1.431217622756958008e+01
1.457452654838562012e+01
1.448323225975036621e+01
1.471995091438293457e+01
1.445200610160827637e+01
1.486113238334655762e+01
1.431033134460449219e+01
1.444129967689514160e+01
1.429352188110351562e+01
1.468528413772583008e+01
1.455670785903930664e+01
1.426452541351318359e+01
1.437003612518310547e+01
1.450873970985412598e+01
1.448475384712219238e+01
1.454745173454284668e+01
1.466997838020324707e+01
1.418303537368774414e+01
1.473993277549743652e+01
1.453173995018005371e+01
1.454254698753356934e+01
1.459874939918518066e+01
1.483525085449218750e+01
1.473232293128967285e+01
1.482603406906127930e+01
1.463863611221313477e+01
1.439239096641540527e+01
1.441270828247070312e+01
1.447849011421203613e+01
1.436455559730529785e+01
1.479038143157958984e+01
1.450946593284606934e+01
1.469486021995544434e+01
1.438633513450622559e+01
1.460116219520568848e+01
1.464569282531738281e+01
1.471313953399658203e+01
1.443257045745849609e+01
1.451441597938537598e+01
1.483040642738342285e+01
1.429677033424377441e+01
1.431525850296020508e+01
1.497331905364990234e+01
1.463060116767883301e+01
1.447060298919677734e+01
1.441356492042541504e+01
1.430937504768371582e+01
1.407669091224670410e+01
1.426005196571350098e+01
1.463634848594665527e+01
1.399336338043212891e+01
1.468638515472412109e+01
1.460977363586425781e+01
1.419486904144287109e+01
1.448399782180786133e+01
1.426918888092041016e+01
1.456243324279785156e+01
1.429560351371765137e+01
1.432989525794982910e+01
1.478610968589782715e+01
1.435974621772766113e+01
1.449521923065185547e+01
1.475333333015441895e+01
1.458906412124633789e+01
1.433418107032775879e+01
1.457812023162841797e+01
1.468437242507934570e+01
1.398618316650390625e+01
1.442351722717285156e+01
1.427371215820312500e+01
1.468577408790588379e+01
1.432160902023315430e+01
1.448720145225524902e+01
1.466879391670227051e+01
1.460539531707763672e+01
1.474159121513366699e+01
1.457821393013000488e+01
1.431408953666687012e+01
1.429702353477478027e+01
1.426083707809448242e+01
1.444906377792358398e+01
1.440587711334228516e+01
1.474408602714538574e+01
1.489857649803161621e+01
1.466658997535705566e+01
1.462508463859558105e+01
1.493098974227905273e+01
1.430204939842224121e+01
1.451568078994750977e+01
1.486769700050354004e+01
1.419564151763916016e+01
1.465828657150268555e+01
1.409495472908020020e+01
1.445296502113342285e+01
1.459187269210815430e+01
1.451630616188049316e+01
1.411741399765014648e+01
1.449623680114746094e+01
1.428165602684020996e+01
1.437664771080017090e+01
1.432439994812011719e+01
1.450328683853149414e+01
1.412174439430236816e+01
1.435310959815979004e+01
1.442431855201721191e+01
1.484763693809509277e+01
1.433256435394287109e+01
1.437973546981811523e+01
1.456440329551696777e+01
1.451067042350769043e+01
1.462605381011962891e+01
1.441184496879577637e+01
1.485016536712646484e+01
1.456489729881286621e+01
1.424759340286254883e+01
1.459789609909057617e+01
1.461070919036865234e+01
