1.379199999954223621e+01
2.144000000183105570e+01
2.204799999877929650e+01
2.305599999816894652e+01
2.460799999816894612e+01
2.601599999389648588e+01
2.923199999755859224e+01
2.980800000122070159e+01
3.270399998779296880e+01
3.409600000488281069e+01
3.593600000366210878e+01
3.830399999755859142e+01
4.014399998779296652e+01
4.167999999755859619e+01
4.441600000122070213e+01
4.539200000976562421e+01
4.846399999755859511e+01
5.086399999633788838e+01
5.283199999755859722e+01
5.431999999633789145e+01
5.750399999267578011e+01
5.849600000244140574e+01
6.028799999023437550e+01
6.078400000610351839e+01
6.328000000610351350e+01
6.399999998291015402e+01
6.534399999267577641e+01
6.651200000244141108e+01
6.590400000244140699e+01
6.753599998657226422e+01
6.744000001464843308e+01
6.928000000488280818e+01
7.073600001464843956e+01
7.132799999023437465e+01
7.232000000488281444e+01
7.108800000610351333e+01
7.251199998291015447e+01
7.374399998657226263e+01
7.361600000732421734e+01
7.459199999267578107e+01
7.537599999511718352e+01
7.513600000488281694e+01
7.568000000488281387e+01
7.675199998291014936e+01
7.601599999511718408e+01
7.713599999511718863e+01
7.673599997558594055e+01
7.743999998535156237e+01
7.822399997558594009e+01
7.724799997558594100e+01
7.737599997558594112e+01
7.838400001464843569e+01
7.843200001464843751e+01
7.887999999511718840e+01
7.840000001708983746e+01
7.867199997558593338e+01
7.977600001708984223e+01
7.979200001708984757e+01
7.950399997558594123e+01
8.014400000732422313e+01
7.996799999511718227e+01
8.052799999511718454e+01
8.075200000732421302e+01
7.972800000488281569e+01
8.073600001708985019e+01
8.092800001464843263e+01
8.120000001464843820e+01
8.128000000488280818e+01
8.097599997558593543e+01
8.172799999755859801e+01
8.089600001708984678e+01
8.179199998779296266e+01
8.113599998291014970e+01
8.188799997558594157e+01
8.183999999755859278e+01
8.158399997314452889e+01
8.195199999511719113e+01
8.155199998535155714e+01
8.211199997558593111e+01
8.241600000488281808e+01
8.256000001708984826e+01
8.339199998779297118e+01
8.299199997558594077e+01
8.254399998779297221e+01
8.299200000732422211e+01
8.267199999511719000e+01
8.316799998535155680e+01
8.352000000488281728e+01
8.323199997558593566e+01
8.230399997802734902e+01
8.348800000488280659e+01
8.279999997558593350e+01
8.299200000488281148e+01
8.358399997558593952e+01
8.412800000976562842e+01
8.302400000488280796e+01
8.395200000732421586e+01
8.399999997558593634e+01
8.435199997558594021e+01
8.531199999755858698e+01
9.041599998779297209e+01
9.212799997802734708e+01
9.294400000732422029e+01
9.279999997802734413e+01
9.375999997802733787e+01
9.436800001953125161e+01
9.401599998779296641e+01
9.491200001953124854e+01
9.476800001953124308e+01
9.478399998779296709e+01
9.473600000976561830e+01
9.502400001953124331e+01
9.547199998779296948e+01
9.574399997802734674e+01
9.568000000976562092e+01
9.625600001953125684e+01
9.649600000976562342e+01
9.577599997802734322e+01
9.600000001953125661e+01
9.611200001953125138e+01
9.625600001953125684e+01
9.676799997802734765e+01
9.675200001953125195e+01
9.659200000976562706e+01
9.672000001953125548e+01
9.721600001953125059e+01
9.692800000976562558e+01
9.700799999999999557e+01
9.683199997802734060e+01
9.752000001953125263e+01
9.700799997802734254e+01
9.715200001953124342e+01
9.731200001953125422e+01
9.716799997802733913e+01
9.743999999999999773e+01
9.768000000976562092e+01
9.768000001953124922e+01
9.798400001953125127e+01
9.782400001953125468e+01
9.779200000000000159e+01
9.771200001953124570e+01
9.748800001953125616e+01
9.779200000976562990e+01
9.801600000976561944e+01
9.811199999999999477e+01
9.806399999999999295e+01
9.812800000000000011e+01
9.846400000976562694e+01
9.830400000976563035e+01
9.807999997802734526e+01
9.843200000000000216e+01
9.868800000976563069e+01
9.916800000000000637e+01
9.900799999999999557e+01
9.905599999999999739e+01
9.915200000000000102e+01
9.926399999999999579e+01
9.913599999999999568e+01
9.915200000000000102e+01
9.920000000000000284e+01
9.916800000000000637e+01
