3.098014116287231445e+00
2.364768981933593750e+00
2.379065990447998047e+00
2.962570905685424805e+00
2.365395545959472656e+00
2.359980583190917969e+00
2.364898920059204102e+00
2.377137660980224609e+00
2.982311725616455078e+00
2.980349779129028320e+00
2.380865573883056641e+00
3.221558809280395508e+00
3.070097684860229492e+00
2.367669105529785156e+00
2.354027986526489258e+00
2.981906414031982422e+00
2.364033937454223633e+00
2.359181165695190430e+00
2.366926431655883789e+00
2.984039545059204102e+00
2.977147102355957031e+00
2.989325046539306641e+00
2.369907379150390625e+00
2.972430944442749023e+00
2.373625040054321289e+00
2.375177860260009766e+00
2.383167982101440430e+00
2.406776428222656250e+00
3.007343292236328125e+00
2.992601156234741211e+00
2.393857717514038086e+00
2.378201007843017578e+00
2.369584560394287109e+00
2.363013029098510742e+00
2.361420631408691406e+00
2.976074695587158203e+00
2.360922336578369141e+00
2.390165090560913086e+00
2.418885469436645508e+00
2.974984884262084961e+00
2.402430295944213867e+00
2.366940736770629883e+00
2.977398395538330078e+00
2.369897842407226562e+00
2.986840009689331055e+00
2.360129833221435547e+00
2.388485670089721680e+00
2.363989114761352539e+00
2.380892276763916016e+00
2.965985298156738281e+00
2.367738246917724609e+00
2.367222785949707031e+00
2.366425752639770508e+00
2.378669977188110352e+00
2.359134674072265625e+00
2.386427640914916992e+00
2.976836919784545898e+00
2.357917547225952148e+00
2.991222620010375977e+00
2.359211444854736328e+00
2.356568336486816406e+00
2.384396076202392578e+00
2.989505767822265625e+00
2.368541955947875977e+00
2.371022701263427734e+00
2.374193429946899414e+00
2.372616052627563477e+00
2.357589721679687500e+00
2.360591888427734375e+00
2.980520486831665039e+00
3.003049373626708984e+00
2.395928382873535156e+00
2.355356454849243164e+00
2.987450599670410156e+00
2.984796047210693359e+00
2.374804019927978516e+00
2.360541343688964844e+00
2.377280712127685547e+00
2.368253469467163086e+00
2.374198198318481445e+00
2.382369041442871094e+00
2.379467487335205078e+00
2.372271776199340820e+00
2.985400438308715820e+00
2.397545337677001953e+00
3.001588821411132812e+00
2.988049268722534180e+00
2.992008686065673828e+00
2.980165481567382812e+00
2.365243673324584961e+00
2.998052358627319336e+00
2.990661144256591797e+00
2.984663248062133789e+00
2.372186183929443359e+00
2.370792865753173828e+00
2.975936889648437500e+00
2.365122556686401367e+00
2.358520030975341797e+00
2.363219738006591797e+00
2.368085861206054688e+00
2.994916915893554688e+00
2.974925756454467773e+00
2.367514371871948242e+00
2.980365753173828125e+00
3.005207777023315430e+00
2.391662359237670898e+00
2.367758512496948242e+00
2.975241661071777344e+00
2.368132352828979492e+00
2.389873743057250977e+00
2.992619276046752930e+00
2.996020555496215820e+00
2.369045019149780273e+00
2.367393255233764648e+00
2.366993665695190430e+00
2.360724687576293945e+00
2.985811710357666016e+00
2.979727745056152344e+00
2.385850906372070312e+00
2.380472421646118164e+00
2.358952760696411133e+00
2.975825786590576172e+00
2.360437631607055664e+00
2.410845756530761719e+00
2.365608692169189453e+00
2.373147964477539062e+00
2.366029739379882812e+00
2.975153684616088867e+00
2.971832513809204102e+00
2.984017848968505859e+00
2.993778944015502930e+00
2.371445417404174805e+00
2.357921361923217773e+00
2.367825984954833984e+00
2.385121345520019531e+00
2.376219272613525391e+00
2.354523181915283203e+00
2.995427370071411133e+00
2.971856117248535156e+00
2.992279291152954102e+00
2.359897851943969727e+00
2.365582466125488281e+00
2.371755123138427734e+00
2.362485408782958984e+00
2.362731695175170898e+00
2.377629756927490234e+00
2.369190692901611328e+00
2.372305870056152344e+00
2.371092319488525391e+00
2.991513252258300781e+00
2.993444681167602539e+00
2.981790065765380859e+00
2.976268529891967773e+00
2.375752210617065430e+00
2.367191076278686523e+00
2.381778955459594727e+00
2.989398002624511719e+00
2.365231275558471680e+00
2.397382020950317383e+00
2.979299545288085938e+00
2.360607385635375977e+00
