2.109000015258789062e+01
2.476999855041503906e+01
2.644999885559082031e+01
2.764999961853027344e+01
3.709000015258789062e+01
4.253999710083007812e+01
4.471999740600585938e+01
4.066999816894531250e+01
4.777999877929687500e+01
4.370999908447265625e+01
4.888999938964843750e+01
5.287999725341796875e+01
5.184999847412109375e+01
5.198999786376953125e+01
5.377000045776367188e+01
4.393000030517578125e+01
5.175999832153320312e+01
6.019999694824218750e+01
5.990999984741210938e+01
6.289999771118164062e+01
5.521999740600585938e+01
5.168999862670898438e+01
6.095999908447265625e+01
5.118999862670898438e+01
4.961999893188476562e+01
6.875000000000000000e+01
6.533999633789062500e+01
5.502000045776367188e+01
5.884000015258789062e+01
5.031999969482421875e+01
6.915999603271484375e+01
6.609999847412109375e+01
4.804999923706054688e+01
5.157999801635742188e+01
3.715999984741210938e+01
5.887999725341796875e+01
6.872000122070312500e+01
4.259000015258789062e+01
6.073999786376953125e+01
5.566999816894531250e+01
5.894999694824218750e+01
6.095999908447265625e+01
5.590999984741210938e+01
6.701999664306640625e+01
5.571999740600585938e+01
4.722999954223632812e+01
6.266999816894531250e+01
6.637999725341796875e+01
5.489999771118164062e+01
6.436000061035156250e+01
7.134999847412109375e+01
7.158000183105468750e+01
5.389999771118164062e+01
6.086999893188476562e+01
3.142999839782714844e+01
5.902999877929687500e+01
7.645999908447265625e+01
5.684000015258789062e+01
6.994999694824218750e+01
6.468000030517578125e+01
7.647000122070312500e+01
5.988999938964843750e+01
5.090999984741210938e+01
7.620999908447265625e+01
6.225000000000000000e+01
6.837999725341796875e+01
6.618000030517578125e+01
7.733000183105468750e+01
6.501000213623046875e+01
3.473999786376953125e+01
7.326999664306640625e+01
4.936999893188476562e+01
7.558999633789062500e+01
3.486000061035156250e+01
7.850000000000000000e+01
7.536999511718750000e+01
7.548999786376953125e+01
7.336000061035156250e+01
7.488999938964843750e+01
7.200000000000000000e+01
7.698999786376953125e+01
7.465000152587890625e+01
6.929999542236328125e+01
6.750999450683593750e+01
6.718999481201171875e+01
4.848999786376953125e+01
6.028999710083007812e+01
7.561000061035156250e+01
7.476999664306640625e+01
6.994999694824218750e+01
7.104000091552734375e+01
6.201999664306640625e+01
7.188999938964843750e+01
7.336000061035156250e+01
5.363999938964843750e+01
6.200000000000000000e+01
6.128999710083007812e+01
6.643000030517578125e+01
5.363999938964843750e+01
7.375999450683593750e+01
8.995999908447265625e+01
9.020999908447265625e+01
9.043999481201171875e+01
9.022999572753906250e+01
9.031999969482421875e+01
9.045999908447265625e+01
9.051999664306640625e+01
9.051999664306640625e+01
9.095999908447265625e+01
9.056999969482421875e+01
9.026999664306640625e+01
9.082999420166015625e+01
9.041999816894531250e+01
9.057999420166015625e+01
9.022999572753906250e+01
9.033999633789062500e+01
9.047000122070312500e+01
9.055999755859375000e+01
9.061000061035156250e+01
9.044999694824218750e+01
9.075000000000000000e+01
9.086999511718750000e+01
9.005999755859375000e+01
9.088999938964843750e+01
9.083999633789062500e+01
9.052999877929687500e+01
9.044999694824218750e+01
9.020999908447265625e+01
8.872999572753906250e+01
9.062999725341796875e+01
9.015999603271484375e+01
9.027999877929687500e+01
9.065999603271484375e+01
9.037999725341796875e+01
8.950000000000000000e+01
8.990999603271484375e+01
9.008999633789062500e+01
9.043999481201171875e+01
9.043999481201171875e+01
9.005999755859375000e+01
9.031999969482421875e+01
8.945999908447265625e+01
9.016999816894531250e+01
9.054000091552734375e+01
9.082999420166015625e+01
9.022999572753906250e+01
8.950000000000000000e+01
8.977999877929687500e+01
8.968999481201171875e+01
8.991999816894531250e+01
9.102999877929687500e+01
9.104999542236328125e+01
9.116999816894531250e+01
9.116999816894531250e+01
9.104999542236328125e+01
9.118000030517578125e+01
9.111999511718750000e+01
9.115999603271484375e+01
9.123999786376953125e+01
9.109999847412109375e+01
9.122000122070312500e+01
