1.321599999877929754e+01
1.948799999877929778e+01
2.219199999816894575e+01
2.361599999755859258e+01
2.364800000488281384e+01
2.521599999145507809e+01
2.833600000183105294e+01
3.036799999511718795e+01
3.286399999755859369e+01
3.406400000122070537e+01
3.627199999755859494e+01
3.755199999816894518e+01
3.945599999389648360e+01
4.116800000732421694e+01
4.350399999755859426e+01
4.590400000000000347e+01
4.815999999389648423e+01
5.179200000000000159e+01
5.163199999023437670e+01
5.508799997314453378e+01
5.646399999633788980e+01
5.779199997314453441e+01
5.990400000000000347e+01
6.091200001464843439e+01
6.075200000976562364e+01
6.364799998291015726e+01
6.398400000488281592e+01
6.355199997558593594e+01
6.495999997314453367e+01
6.692800000488281853e+01
6.796799999267578585e+01
6.878400000244140244e+01
6.934400001464844365e+01
7.046400000610351810e+01
6.998399998291016288e+01
7.198399998657227172e+01
7.235199997314452958e+01
7.312000001464843990e+01
7.367999999267577493e+01
7.481599998535156715e+01
7.443199998291015618e+01
7.484799998291015299e+01
7.508800000732422575e+01
7.571199997558593964e+01
7.595199999755858755e+01
7.608000001708984428e+01
7.672000001464843422e+01
7.663999997314452628e+01
7.689600000732421847e+01
7.707200000488280978e+01
7.729599999511718522e+01
7.803199999511718943e+01
7.777599998657225910e+01
7.926399998291014981e+01
7.806399999755859653e+01
7.863999997314452628e+01
7.887999999511718840e+01
8.027199999511718431e+01
7.926399999267577812e+01
7.990399998535156101e+01
8.011199997558593111e+01
7.991999997558593805e+01
8.065600001708983768e+01
8.025599999755858960e+01
7.992000000488280875e+01
7.980799997558594328e+01
8.094400001708984860e+01
8.091200000488281319e+01
8.033599999511719147e+01
8.126399998535156044e+01
8.052799999267578812e+01
8.070399999511718647e+01
8.060800000488281114e+01
8.134400001464844365e+01
8.179200000732421927e+01
8.091199998291016016e+01
8.174399997558593611e+01
8.203199998657225933e+01
8.315199997558593736e+01
8.185599998535155919e+01
8.212800000488280716e+01
8.211199997558593111e+01
8.195199997558593452e+01
8.212799997558593645e+01
8.311999999511718329e+01
8.199999998535156465e+01
8.323199997558593566e+01
8.235200001708984985e+01
8.424000000732421256e+01
8.425600000732421790e+01
8.249600000732421279e+01
8.379200000732421927e+01
8.425599998779297550e+01
8.360000000732421199e+01
8.367999998779296789e+01
8.334400001708984007e+01
8.407999998535156294e+01
8.412799998535156476e+01
8.297600001708984507e+01
8.401600000732422302e+01
9.009600000976563194e+01
9.211199997802734174e+01
9.297600000976562740e+01
9.339200000976562421e+01
9.356799999755858721e+01
9.390399997802734333e+01
9.412800001953125673e+01
9.465600000976562001e+01
9.446400000976562694e+01
9.468799997802734936e+01
9.502400001953124331e+01
9.510400001953125582e+01
9.550400001953124729e+01
9.561599998779297493e+01
9.568000000000000682e+01
9.567999997802733958e+01
9.579200000000000159e+01
9.566400000976562978e+01
9.630400000976563035e+01
9.675200000976562364e+01
9.615999998779297187e+01
9.648000001953124638e+01
9.659199998779297403e+01
9.660800001953124649e+01
9.692800001953125388e+01
9.708799998779296914e+01
9.681600001953124490e+01
9.687999998779297073e+01
9.713600001953125229e+01
9.704000001953124865e+01
9.699200000976561853e+01
9.739199998779297118e+01
9.747200000976562251e+01
9.734400000976562239e+01
9.760000000976562262e+01
9.772799999999999443e+01
9.766400000000000148e+01
9.782399999999999807e+01
9.758400000976563149e+01
9.795200000976562649e+01
9.795199999999999818e+01
9.796799998779296459e+01
9.766399997802734845e+01
9.774399997802734674e+01
9.793600000976562114e+01
9.840000001953124809e+01
9.792000000000000171e+01
9.803199999999999648e+01
9.798399999999999466e+01
9.814400000000000546e+01
9.883199999999999363e+01
9.886400000976561842e+01
9.864000000000000057e+01
9.902400000000000091e+01
9.897600000976562740e+01
9.895999999999999375e+01
9.916800001953124877e+01
9.920000000000000284e+01
9.907200000976563103e+01
9.924800000976561876e+01
9.932800000000000296e+01
