1.431848216056823730e+01
1.398881530761718750e+01
1.374669241905212402e+01
1.382318711280822754e+01
1.386362552642822266e+01
1.385618233680725098e+01
1.375946950912475586e+01
1.419246029853820801e+01
1.480531716346740723e+01
1.425364995002746582e+01
1.405472540855407715e+01
1.483143949508666992e+01
1.442234492301940918e+01
1.441911578178405762e+01
1.398819828033447266e+01
1.457179784774780273e+01
1.411854743957519531e+01
1.454192304611206055e+01
1.376145529747009277e+01
1.510137796401977539e+01
1.477511525154113770e+01
1.416549777984619141e+01
1.387704801559448242e+01
1.459628272056579590e+01
1.433379626274108887e+01
1.417062425613403320e+01
1.382210111618041992e+01
1.378005790710449219e+01
1.440559482574462891e+01
1.413764524459838867e+01
1.397366881370544434e+01
1.384663319587707520e+01
1.385558795928955078e+01
1.386690616607666016e+01
1.437446117401123047e+01
1.384811139106750488e+01
1.409903979301452637e+01
1.479490208625793457e+01
1.432817244529724121e+01
1.389292240142822266e+01
1.392277002334594727e+01
1.446421098709106445e+01
1.393098497390747070e+01
1.448414564132690430e+01
1.452382278442382812e+01
1.449022936820983887e+01
1.382650160789489746e+01
1.477319812774658203e+01
1.432483124732971191e+01
1.443951630592346191e+01
1.422668027877807617e+01
1.443768978118896484e+01
1.388896703720092773e+01
1.478383493423461914e+01
1.397687315940856934e+01
1.442456412315368652e+01
1.443640422821044922e+01
1.477237176895141602e+01
1.422025465965270996e+01
1.436902546882629395e+01
1.476287674903869629e+01
1.413327813148498535e+01
1.467375159263610840e+01
1.383372497558593750e+01
1.457827520370483398e+01
1.432035160064697266e+01
1.475732994079589844e+01
1.454908728599548340e+01
1.391742181777954102e+01
1.460693836212158203e+01
1.465367054939270020e+01
1.421701073646545410e+01
1.436937642097473145e+01
1.404850339889526367e+01
1.460881376266479492e+01
1.385045242309570312e+01
1.471190929412841797e+01
1.414423847198486328e+01
1.460585379600524902e+01
1.379017233848571777e+01
1.394046902656555176e+01
1.415973234176635742e+01
1.472673749923706055e+01
1.468182539939880371e+01
1.411699914932250977e+01
1.439284253120422363e+01
1.477066850662231445e+01
1.501806735992431641e+01
1.438935017585754395e+01
1.402047038078308105e+01
1.377141833305358887e+01
1.409489369392395020e+01
1.382851529121398926e+01
1.440241432189941406e+01
1.398700189590454102e+01
1.435230016708374023e+01
1.382632541656494141e+01
1.381910681724548340e+01
1.447056245803833008e+01
1.437299919128417969e+01
1.435946774482727051e+01
1.384691619873046875e+01
1.386273407936096191e+01
1.462917804718017578e+01
1.415748143196105957e+01
1.443886137008666992e+01
1.383316063880920410e+01
1.473545527458190918e+01
1.437859678268432617e+01
1.385140419006347656e+01
1.383282184600830078e+01
1.383893227577209473e+01
1.393566584587097168e+01
1.405527305603027344e+01
1.463098216056823730e+01
1.432787346839904785e+01
1.431571078300476074e+01
1.477476644515991211e+01
1.486256217956542969e+01
1.475643682479858398e+01
1.444345760345458984e+01
1.445071935653686523e+01
1.396325945854187012e+01
1.388470745086669922e+01
1.398148536682128906e+01
1.414859414100646973e+01
1.432769513130187988e+01
1.497561216354370117e+01
1.462323713302612305e+01
1.476600766181945801e+01
1.475938606262207031e+01
1.415967583656311035e+01
1.433958363533020020e+01
1.457342553138732910e+01
1.431550574302673340e+01
1.496344757080078125e+01
1.384717011451721191e+01
1.439839148521423340e+01
1.485351610183715820e+01
1.423681187629699707e+01
1.423272013664245605e+01
1.445279598236083984e+01
1.399486780166625977e+01
1.398064827919006348e+01
1.429422807693481445e+01
1.378396439552307129e+01
1.431326246261596680e+01
1.419086432456970215e+01
1.477643585205078125e+01
1.453998160362243652e+01
1.457809567451477051e+01
1.420040345191955566e+01
1.401480960845947266e+01
1.436738061904907227e+01
1.384232997894287109e+01
1.416544103622436523e+01
1.429892420768737793e+01
1.442731142044067383e+01
1.454210877418518066e+01
1.453109955787658691e+01
1.466675424575805664e+01
