1.545600000122070306e+01
2.216000000488281074e+01
2.865599998779296698e+01
3.225600000183105465e+01
3.708800000366210980e+01
4.119999999389648337e+01
4.414399999999999835e+01
4.656000000610351464e+01
4.876799998657226354e+01
5.115200000366210986e+01
5.230399999023437374e+01
5.550400000610351725e+01
5.815999998657226655e+01
5.822400000244140728e+01
6.020799999633788957e+01
6.246399999633788980e+01
6.187200001464843524e+01
6.425599997314452594e+01
6.441599997314453674e+01
6.574399997314452548e+01
6.620799998657226126e+01
6.801599998657226820e+01
6.804799998291015584e+01
6.815999998291015061e+01
6.966400000244141211e+01
7.007999999023436999e+01
7.046399999755858801e+01
7.172799998657227150e+01
7.268800000488280944e+01
7.360000001708984030e+01
7.305599999511719034e+01
7.334400001464844365e+01
7.393599998291016107e+01
7.457600000488281466e+01
7.577600001464843160e+01
7.579200000732421927e+01
7.716800000488281341e+01
7.673600001464843956e+01
7.792000001464843706e+01
7.774399999511719273e+01
7.820799997558593475e+01
7.887999997314453537e+01
7.883199997314453356e+01
7.990399999511718931e+01
8.088000000732421313e+01
7.972799999267577675e+01
8.081599998779296357e+01
8.121599998535155862e+01
8.097599999511719204e+01
8.127999998535156578e+01
8.044799999511718624e+01
8.222399997558594009e+01
8.228799999511718966e+01
8.206400000732422484e+01
8.222399997802735072e+01
8.270400001708983950e+01
8.241600000732421449e+01
8.279999999511719011e+01
8.276799997802734765e+01
8.308799998535155851e+01
8.350399999755859426e+01
8.379199997558593793e+01
8.331200000488281887e+01
8.387199999511719284e+01
8.395200001464843353e+01
8.342400000732422427e+01
8.486399997558594066e+01
8.436799997802734197e+01
8.400000001708984598e+01
8.481600001708984848e+01
8.550399999755859426e+01
8.488000000732421313e+01
8.494399998535156726e+01
8.455999999755859164e+01
8.537599997802733753e+01
8.523200001708984530e+01
8.497600001708984507e+01
8.491200000732422382e+01
8.518399999755858687e+01
8.572800001708984041e+01
8.531199997558593395e+01
8.467199999755860063e+01
8.599999999755858937e+01
8.635199998535156851e+01
8.577600001464843160e+01
8.543999997802734470e+01
8.668800000732422006e+01
8.569600000732421563e+01
8.676799997802734765e+01
8.668799999755859176e+01
8.697600000732421677e+01
8.715199998779296209e+01
8.700799998779297084e+01
8.625599997802734720e+01
8.644799999511718624e+01
8.670399997558594407e+01
8.660800001953124649e+01
8.695999997802734072e+01
8.679999999755860074e+01
8.646399998779297391e+01
9.216000000976562490e+01
9.344000000976562603e+01
9.355199999755859608e+01
9.404799998779296288e+01
9.427200001953124797e+01
9.460800000000000409e+01
9.460799998779296516e+01
9.484800000976562728e+01
9.486400001953124672e+01
9.492799997802734424e+01
9.504000001953124865e+01
9.499200001953124683e+01
9.537600000976561887e+01
9.569599997802734492e+01
9.507200001953124513e+01
9.564800000976562444e+01
9.582399998779297334e+01
9.590400001953125297e+01
9.640000000000000568e+01
9.556800001953125445e+01
9.604799998779296288e+01
9.652799997802733856e+01
9.633600000976562683e+01
9.624000001953125150e+01
9.660800001953124649e+01
9.660799997802733685e+01
9.643200000000000216e+01
9.665600000000000591e+01
9.660800000976561819e+01
9.697599999999999909e+01
9.687999997802734242e+01
9.724800000976561876e+01
9.681600001953124490e+01
9.720000000976563115e+01
9.755200000976562080e+01
9.713599999999999568e+01
9.702400000976562922e+01
9.735999999999999943e+01
9.684799997802734595e+01
9.712000001953124695e+01
9.739200000976562421e+01
9.736000000976562774e+01
9.755200000000000671e+01
9.780800000976562103e+01
9.795200000976562649e+01
9.780800000000000693e+01
9.777600001953125286e+01
9.801600000976561944e+01
9.766400001953124388e+01
9.764799998779297141e+01
9.832000000976562148e+01
9.844800000976562160e+01
9.859200000976562706e+01
9.851200000976562876e+01
9.864000000976562887e+01
9.886400000976561842e+01
9.848000000000000398e+01
9.864000000000000057e+01
9.879999999999999716e+01
9.891200000000000614e+01
9.891200000000000614e+01
