3.072969436645507812e+00
2.907847642898559570e+00
2.588361263275146484e+00
2.323595523834228516e+00
2.325012445449829102e+00
2.320667982101440430e+00
2.325475454330444336e+00
2.334615230560302734e+00
2.327598571777343750e+00
2.327246189117431641e+00
2.318481683731079102e+00
2.494022607803344727e+00
2.359746694564819336e+00
2.313199520111083984e+00
2.317418098449707031e+00
2.331105232238769531e+00
2.315485000610351562e+00
2.921196699142456055e+00
2.322385311126708984e+00
2.322954177856445312e+00
2.319477319717407227e+00
2.326654195785522461e+00
2.316313266754150391e+00
2.314827203750610352e+00
2.329384803771972656e+00
2.326272726058959961e+00
2.953185558319091797e+00
2.322716951370239258e+00
2.337447881698608398e+00
2.334383010864257812e+00
2.329924345016479492e+00
2.324466705322265625e+00
2.331159114837646484e+00
2.315473556518554688e+00
2.317738056182861328e+00
2.317034482955932617e+00
2.330992221832275391e+00
2.330673217773437500e+00
2.342260122299194336e+00
2.316682338714599609e+00
2.337416410446166992e+00
2.344798564910888672e+00
2.327768325805664062e+00
2.322474718093872070e+00
2.328686475753784180e+00
2.917341232299804688e+00
2.938407421112060547e+00
2.918512582778930664e+00
2.337525606155395508e+00
2.317054986953735352e+00
2.326210021972656250e+00
2.334503889083862305e+00
2.318979978561401367e+00
2.918466567993164062e+00
2.325836658477783203e+00
2.345425128936767578e+00
2.346329212188720703e+00
2.318179845809936523e+00
2.333127021789550781e+00
2.316655635833740234e+00
2.313356637954711914e+00
2.333247661590576172e+00
2.326220273971557617e+00
2.327715158462524414e+00
2.941606998443603516e+00
2.329606294631958008e+00
2.313931703567504883e+00
2.318597793579101562e+00
2.317043542861938477e+00
2.319182157516479492e+00
2.333112001419067383e+00
2.329917430877685547e+00
2.324366092681884766e+00
2.319472312927246094e+00
2.331413269042968750e+00
2.320765733718872070e+00
2.318863391876220703e+00
2.325841426849365234e+00
2.346699476242065430e+00
2.317906856536865234e+00
2.950114250183105469e+00
2.916384696960449219e+00
2.919010639190673828e+00
2.323552608489990234e+00
2.327393770217895508e+00
2.350608348846435547e+00
2.329533338546752930e+00
2.330681085586547852e+00
2.331094980239868164e+00
2.324135303497314453e+00
2.331025838851928711e+00
2.328570604324340820e+00
2.322003126144409180e+00
2.921828031539916992e+00
2.341612815856933594e+00
2.341655492782592773e+00
2.331564188003540039e+00
2.343943595886230469e+00
2.325313091278076172e+00
2.328731298446655273e+00
2.362838268280029297e+00
2.318078756332397461e+00
2.323135614395141602e+00
2.323490381240844727e+00
2.342477321624755859e+00
2.325370073318481445e+00
2.327270269393920898e+00
2.328050136566162109e+00
2.332967996597290039e+00
2.440157175064086914e+00
2.339034557342529297e+00
2.337826251983642578e+00
2.322446346282958984e+00
2.323724746704101562e+00
2.928829193115234375e+00
2.326021432876586914e+00
2.323871612548828125e+00
2.331726074218750000e+00
2.949759483337402344e+00
2.926986932754516602e+00
2.318892002105712891e+00
2.323400020599365234e+00
2.320814609527587891e+00
2.330151319503784180e+00
2.324620485305786133e+00
2.934358358383178711e+00
2.931656360626220703e+00
2.319206237792968750e+00
2.370848894119262695e+00
2.328765869140625000e+00
2.332253217697143555e+00
2.925923109054565430e+00
2.317142963409423828e+00
2.917566537857055664e+00
2.942488670349121094e+00
2.325286626815795898e+00
2.315062284469604492e+00
2.327051877975463867e+00
2.317649841308593750e+00
2.332102298736572266e+00
2.928048372268676758e+00
2.350419282913208008e+00
2.929687976837158203e+00
2.313518762588500977e+00
2.323875188827514648e+00
2.335675477981567383e+00
2.313556909561157227e+00
2.327682256698608398e+00
2.324782133102416992e+00
2.327860116958618164e+00
2.330004453659057617e+00
2.326020240783691406e+00
2.319455146789550781e+00
2.334055423736572266e+00
2.322783231735229492e+00
2.326330900192260742e+00
2.332071781158447266e+00
2.320453166961669922e+00
2.320206880569458008e+00
2.321886062622070312e+00
2.920619249343872070e+00
