1.552000000488281195e+01
2.243199999908447140e+01
2.787200000122070165e+01
3.016000000122070190e+01
3.425599999755859670e+01
3.939199999511718886e+01
4.150400000976562609e+01
4.315199998779296919e+01
4.609600000976562484e+01
4.851199998291015447e+01
5.030400000366211088e+01
5.313599998779297096e+01
5.484799997314453179e+01
5.545599998657226593e+01
5.743999999999999773e+01
6.007999998657226826e+01
5.988799998291015925e+01
6.150399999023437658e+01
6.177599998291015737e+01
6.275200000000000244e+01
6.326399998535156044e+01
6.423999999023438079e+01
6.503999998291016027e+01
6.497599998291015311e+01
6.644800001464844286e+01
6.609599998535156828e+01
6.670399999511718647e+01
6.812799999267578244e+01
6.759999998657227138e+01
6.860799998291015811e+01
6.929599998291016050e+01
7.027200000610351083e+01
7.156799999511719079e+01
7.019199997314453299e+01
7.184000000000000341e+01
7.193599999267577516e+01
7.297600001464843444e+01
7.323199997314452503e+01
7.403199998535156112e+01
7.470399998535155817e+01
7.447999997314452969e+01
7.465599997558594225e+01
7.465600000488281296e+01
7.611200000488281603e+01
7.587199999267578221e+01
7.574399999267578210e+01
7.643199997558593850e+01
7.678400001464844138e+01
7.646399999267578096e+01
7.734399998535155873e+01
7.654400000488281819e+01
7.687999998535156010e+01
7.859200000488280580e+01
7.847999997558594032e+01
7.883199998535155828e+01
7.926399997314453572e+01
7.891199998535155657e+01
7.811199998291016300e+01
7.817600000488280898e+01
7.838400000732421802e+01
7.966400000488280853e+01
7.958400001464843854e+01
7.953600000244141199e+01
7.902399999511719386e+01
7.944000000488281898e+01
8.038399999511719329e+01
7.967999998535155726e+01
7.964800001708984212e+01
8.001599997314453105e+01
8.015999997558593293e+01
8.052800000488281285e+01
8.015999998535156124e+01
8.055999999633789344e+01
8.071999998535156351e+01
7.987200001464843524e+01
8.104000001464844161e+01
8.063999999511719352e+01
8.087999999755859903e+01
8.152000001708984200e+01
8.127999999511719409e+01
8.140799999511719420e+01
8.124799999511718340e+01
8.110400001708984519e+01
8.056000001464843763e+01
8.190400001708984234e+01
8.179200001464843695e+01
8.169599998291015197e+01
8.150400001464844024e+01
8.121600001708983996e+01
8.172799999511718738e+01
8.203199997802734345e+01
8.254400001708984291e+01
8.295999999511718670e+01
8.156800000488281910e+01
8.177600000488281751e+01
8.144000000488281898e+01
8.312000000732422222e+01
8.225599997558593657e+01
8.259200001708984473e+01
8.319999999511718158e+01
9.188799998779296629e+01
9.297599997802734606e+01
9.360000000976562262e+01
9.339199997802734288e+01
9.351999997802734299e+01
9.364800000976562444e+01
9.387199999755858926e+01
9.444799999755859687e+01
9.417599999755859130e+01
9.460800000976561819e+01
9.473600000976561830e+01
9.484799998779297425e+01
9.500799999755859915e+01
9.512000000976561864e+01
9.528000000976562944e+01
9.526399997802734276e+01
9.528000001953124354e+01
9.556800001953125445e+01
9.555200000976562080e+01
9.635200001953124627e+01
9.553599997802734833e+01
9.592000001953124411e+01
9.614399998779296652e+01
9.604800001953124422e+01
9.603200001708984246e+01
9.632000001953124979e+01
9.593599998779296811e+01
9.611199999999999477e+01
9.622400001953124615e+01
9.630400000976563035e+01
9.660800000976561819e+01
9.648000001953124638e+01
9.657600000976562171e+01
9.620800001953125502e+01
9.692800000976562558e+01
9.683200001953125025e+01
9.680000001953125377e+01
9.636800001953125161e+01
9.716799997802733913e+01
9.712000001953124695e+01
9.756800000976562615e+01
9.707199997802734970e+01
9.675200001953125195e+01
9.739199997802734288e+01
9.724800001953124706e+01
9.737600000976561887e+01
9.739200001953125252e+01
9.745600001953124547e+01
9.708800001953125047e+01
9.764799999999999613e+01
9.848000000000000398e+01
9.884799999999999898e+01
9.815999999999999659e+01
9.860800000000000409e+01
9.864000000976562887e+01
9.860800000000000409e+01
9.886400000000000432e+01
9.872000000976562717e+01
9.872000000976562717e+01
9.896000000976562205e+01
9.878400000976562012e+01
