2.217000007629394531e+01
2.250000000000000000e+01
2.877999877929687500e+01
3.005999946594238281e+01
3.773999786376953125e+01
3.546999740600585938e+01
4.625000000000000000e+01
3.978999710083007812e+01
4.602999877929687500e+01
4.411000061035156250e+01
4.634000015258789062e+01
5.344999694824218750e+01
5.093999862670898438e+01
5.353999710083007812e+01
5.544999694824218750e+01
5.194999694824218750e+01
6.113999938964843750e+01
5.618999862670898438e+01
5.643999862670898438e+01
4.922999954223632812e+01
5.606999969482421875e+01
5.168999862670898438e+01
4.425000000000000000e+01
6.339999771118164062e+01
5.334000015258789062e+01
5.218999862670898438e+01
5.525999832153320312e+01
4.864999771118164062e+01
5.977999877929687500e+01
6.325000000000000000e+01
5.780999755859375000e+01
6.608999633789062500e+01
5.435999679565429688e+01
6.638999938964843750e+01
6.254999923706054688e+01
6.295999908447265625e+01
7.251999664306640625e+01
5.809999847412109375e+01
6.280999755859375000e+01
6.636999511718750000e+01
6.152999877929687500e+01
3.832999801635742188e+01
5.369999694824218750e+01
6.659999847412109375e+01
6.012999725341796875e+01
3.718000030517578125e+01
7.143999481201171875e+01
4.468999862670898438e+01
6.765000152587890625e+01
5.896999740600585938e+01
6.904999542236328125e+01
7.501999664306640625e+01
5.939999771118164062e+01
7.019999694824218750e+01
6.034000015258789062e+01
5.172999954223632812e+01
7.270999908447265625e+01
6.984999847412109375e+01
6.954000091552734375e+01
4.512999725341796875e+01
8.062999725341796875e+01
6.385999679565429688e+01
4.502000045776367188e+01
6.157999801635742188e+01
4.830999755859375000e+01
6.056999969482421875e+01
6.062999725341796875e+01
7.263999938964843750e+01
6.543999481201171875e+01
7.040000152587890625e+01
7.043000030517578125e+01
6.234999847412109375e+01
3.572999954223632812e+01
7.180999755859375000e+01
6.968000030517578125e+01
6.711999511718750000e+01
6.128999710083007812e+01
6.894999694824218750e+01
6.663999938964843750e+01
6.415999603271484375e+01
6.346999740600585938e+01
7.326999664306640625e+01
6.779000091552734375e+01
5.600999832153320312e+01
5.309999847412109375e+01
7.254999542236328125e+01
6.066999816894531250e+01
5.961999893188476562e+01
7.865000152587890625e+01
7.712999725341796875e+01
6.384999847412109375e+01
6.673999786376953125e+01
7.390000152587890625e+01
7.495999908447265625e+01
2.638999938964843750e+01
6.157999801635742188e+01
7.688999938964843750e+01
7.775999450683593750e+01
6.794999694824218750e+01
7.079999542236328125e+01
8.973999786376953125e+01
9.023999786376953125e+01
9.007999420166015625e+01
9.022000122070312500e+01
9.023999786376953125e+01
9.026999664306640625e+01
9.031999969482421875e+01
9.040999603271484375e+01
9.061000061035156250e+01
9.026999664306640625e+01
9.062999725341796875e+01
9.045999908447265625e+01
9.045999908447265625e+01
9.076999664306640625e+01
9.015000152587890625e+01
9.034999847412109375e+01
9.015999603271484375e+01
9.041999816894531250e+01
9.051999664306640625e+01
9.043999481201171875e+01
9.051999664306640625e+01
8.893999481201171875e+01
9.015999603271484375e+01
9.031999969482421875e+01
9.061999511718750000e+01
9.005999755859375000e+01
9.018000030517578125e+01
9.037999725341796875e+01
9.040000152587890625e+01
9.054999542236328125e+01
8.997000122070312500e+01
9.057999420166015625e+01
9.036000061035156250e+01
9.047999572753906250e+01
9.043999481201171875e+01
9.061000061035156250e+01
8.945999908447265625e+01
8.975000000000000000e+01
8.959999847412109375e+01
8.913999938964843750e+01
9.018000030517578125e+01
9.002999877929687500e+01
9.036999511718750000e+01
8.980999755859375000e+01
9.047999572753906250e+01
9.016999816894531250e+01
8.948999786376953125e+01
8.943999481201171875e+01
9.012999725341796875e+01
8.873999786376953125e+01
9.111000061035156250e+01
9.123999786376953125e+01
9.127999877929687500e+01
9.125000000000000000e+01
9.111999511718750000e+01
9.118999481201171875e+01
9.108999633789062500e+01
9.122000122070312500e+01
9.125000000000000000e+01
9.123999786376953125e+01
9.120999908447265625e+01
