1.942000007629394531e+01
2.001000022888183594e+01
1.998999977111816406e+01
2.400000000000000000e+01
2.604999923706054688e+01
2.497999954223632812e+01
2.912999916076660156e+01
2.925999832153320312e+01
3.029999923706054688e+01
3.176999855041503906e+01
3.755999755859375000e+01
3.479999923706054688e+01
3.356999969482421875e+01
4.300999832153320312e+01
3.936999893188476562e+01
3.502000045776367188e+01
3.618000030517578125e+01
4.189999771118164062e+01
4.872999954223632812e+01
4.620999908447265625e+01
5.152999877929687500e+01
5.928999710083007812e+01
5.411999893188476562e+01
5.697999954223632812e+01
5.403999710083007812e+01
3.768999862670898438e+01
6.219999694824218750e+01
6.225000000000000000e+01
5.830999755859375000e+01
6.279999923706054688e+01
5.186999893188476562e+01
4.346999740600585938e+01
6.127999877929687500e+01
4.189999771118164062e+01
5.497999954223632812e+01
3.870000076293945312e+01
4.636999893188476562e+01
6.415999603271484375e+01
4.754999923706054688e+01
6.643999481201171875e+01
5.218999862670898438e+01
4.934000015258789062e+01
6.800999450683593750e+01
6.625000000000000000e+01
6.465000152587890625e+01
6.440000152587890625e+01
6.790000152587890625e+01
5.175999832153320312e+01
7.102999877929687500e+01
6.773999786376953125e+01
5.148999786376953125e+01
5.929999923706054688e+01
5.966999816894531250e+01
4.109999847412109375e+01
6.936000061035156250e+01
5.375000000000000000e+01
5.336999893188476562e+01
5.627000045776367188e+01
6.115999984741210938e+01
6.347999954223632812e+01
6.413999938964843750e+01
6.729000091552734375e+01
6.625000000000000000e+01
7.090000152587890625e+01
4.795999908447265625e+01
4.784999847412109375e+01
5.926999664306640625e+01
5.465999984741210938e+01
6.515000152587890625e+01
5.043999862670898438e+01
4.819999694824218750e+01
5.811999893188476562e+01
4.998999786376953125e+01
6.987999725341796875e+01
6.141999816894531250e+01
5.925999832153320312e+01
5.804999923706054688e+01
4.986000061035156250e+01
6.109999847412109375e+01
5.518000030517578125e+01
6.236999893188476562e+01
6.788999938964843750e+01
4.956999969482421875e+01
7.456999969482421875e+01
6.418999481201171875e+01
7.445999908447265625e+01
6.276999664306640625e+01
6.954999542236328125e+01
6.679000091552734375e+01
6.995999908447265625e+01
6.879999542236328125e+01
7.097999572753906250e+01
6.554000091552734375e+01
7.325000000000000000e+01
7.304000091552734375e+01
7.108000183105468750e+01
6.534999847412109375e+01
5.991999816894531250e+01
7.025000000000000000e+01
7.225999450683593750e+01
8.426999664306640625e+01
8.536999511718750000e+01
8.540000152587890625e+01
8.529000091552734375e+01
8.504999542236328125e+01
8.529999542236328125e+01
8.506999969482421875e+01
8.508999633789062500e+01
8.538999938964843750e+01
8.506999969482421875e+01
8.545999908447265625e+01
8.545999908447265625e+01
8.507999420166015625e+01
8.529999542236328125e+01
8.523999786376953125e+01
8.497000122070312500e+01
8.516999816894531250e+01
8.495999908447265625e+01
8.518000030517578125e+01
8.529999542236328125e+01
8.380999755859375000e+01
8.472000122070312500e+01
8.476999664306640625e+01
8.454000091552734375e+01
8.430999755859375000e+01
8.445999908447265625e+01
8.418000030517578125e+01
8.379999542236328125e+01
8.351999664306640625e+01
8.472999572753906250e+01
8.418999481201171875e+01
8.319999694824218750e+01
8.465999603271484375e+01
8.447000122070312500e+01
8.481999969482421875e+01
8.479999542236328125e+01
8.470999908447265625e+01
8.450999450683593750e+01
8.482999420166015625e+01
8.465999603271484375e+01
8.383999633789062500e+01
8.327999877929687500e+01
8.402999877929687500e+01
8.451999664306640625e+01
8.436999511718750000e+01
8.461000061035156250e+01
8.391999816894531250e+01
8.447000122070312500e+01
8.429999542236328125e+01
8.493999481201171875e+01
8.515999603271484375e+01
8.526999664306640625e+01
8.525999450683593750e+01
8.536000061035156250e+01
8.543999481201171875e+01
8.537999725341796875e+01
8.533999633789062500e+01
8.538999938964843750e+01
8.536999511718750000e+01
8.541999816894531250e+01
8.532999420166015625e+01
