3.096530199050903320e+00
2.373717308044433594e+00
2.678751945495605469e+00
2.325593233108520508e+00
2.938795804977416992e+00
2.936760663986206055e+00
2.949278354644775391e+00
2.961235761642456055e+00
2.327681541442871094e+00
2.320596694946289062e+00
2.938992738723754883e+00
2.673254966735839844e+00
2.372956037521362305e+00
2.337637186050415039e+00
2.943722009658813477e+00
2.324548959732055664e+00
2.931883096694946289e+00
2.317358016967773438e+00
2.947182655334472656e+00
2.325809001922607422e+00
2.320863008499145508e+00
2.328162670135498047e+00
2.934734106063842773e+00
2.327809810638427734e+00
2.329286813735961914e+00
2.333695888519287109e+00
2.340523719787597656e+00
2.943499565124511719e+00
2.373613119125366211e+00
2.342265129089355469e+00
2.341897010803222656e+00
2.336941242218017578e+00
2.323653221130371094e+00
2.934782028198242188e+00
2.319870471954345703e+00
2.320020675659179688e+00
2.316385269165039062e+00
2.327633380889892578e+00
2.332466840744018555e+00
2.316851854324340820e+00
2.959206819534301758e+00
2.942421674728393555e+00
2.326462507247924805e+00
2.316189289093017578e+00
2.334747552871704102e+00
2.318518161773681641e+00
2.321966886520385742e+00
2.319897651672363281e+00
3.004536867141723633e+00
2.320186376571655273e+00
2.315281152725219727e+00
2.940512418746948242e+00
2.936155319213867188e+00
2.314783096313476562e+00
2.933398485183715820e+00
2.338412523269653320e+00
2.319821119308471680e+00
2.317305564880371094e+00
2.334325551986694336e+00
2.928865194320678711e+00
2.316989898681640625e+00
2.975058078765869141e+00
2.325779676437377930e+00
2.953911542892456055e+00
2.328989505767822266e+00
2.341977596282958984e+00
2.320530414581298828e+00
2.314317941665649414e+00
2.320739269256591797e+00
2.315140724182128906e+00
2.356734991073608398e+00
2.938299179077148438e+00
2.324053764343261719e+00
2.339404106140136719e+00
2.319692850112915039e+00
2.947673797607421875e+00
2.337800979614257812e+00
2.955038785934448242e+00
2.315475702285766602e+00
2.944487810134887695e+00
2.361247539520263672e+00
2.321805238723754883e+00
2.319705724716186523e+00
2.347082376480102539e+00
2.363980531692504883e+00
2.355162858963012695e+00
2.324124336242675781e+00
2.335538625717163086e+00
2.323255062103271484e+00
2.322065830230712891e+00
2.333611249923706055e+00
2.368344783782958984e+00
2.340858459472656250e+00
2.321925163269042969e+00
2.948635101318359375e+00
2.331228256225585938e+00
2.944386959075927734e+00
2.933242321014404297e+00
2.320191144943237305e+00
2.334423542022705078e+00
2.367608547210693359e+00
2.318504810333251953e+00
2.938253879547119141e+00
2.320328235626220703e+00
2.344964027404785156e+00
2.331745147705078125e+00
2.950416803359985352e+00
2.324073076248168945e+00
2.348047971725463867e+00
2.955841779708862305e+00
2.327426433563232422e+00
2.341164350509643555e+00
2.326590299606323242e+00
2.943256855010986328e+00
2.328204870223999023e+00
2.332741498947143555e+00
2.331718206405639648e+00
2.319826364517211914e+00
2.337704181671142578e+00
2.322341442108154297e+00
2.323739290237426758e+00
2.330863237380981445e+00
2.932521581649780273e+00
2.947480916976928711e+00
2.934492349624633789e+00
2.423701286315917969e+00
2.330585718154907227e+00
2.320240974426269531e+00
2.319267272949218750e+00
2.346606969833374023e+00
2.339993953704833984e+00
2.318561315536499023e+00
2.312513113021850586e+00
2.317416667938232422e+00
2.337350130081176758e+00
2.324505567550659180e+00
2.929795026779174805e+00
2.334472179412841797e+00
2.327510833740234375e+00
2.327905178070068359e+00
2.315787076950073242e+00
2.323318243026733398e+00
2.330544471740722656e+00
2.934678792953491211e+00
2.323160648345947266e+00
2.958102703094482422e+00
2.320070028305053711e+00
2.951734542846679688e+00
2.328375101089477539e+00
2.327607393264770508e+00
2.328562259674072266e+00
2.319101095199584961e+00
2.330042362213134766e+00
2.332259416580200195e+00
2.939142942428588867e+00
2.326549291610717773e+00
2.328921318054199219e+00
2.932081699371337891e+00
2.318945407867431641e+00
2.320201635360717773e+00
2.316255807876586914e+00
