1.524799999877929757e+01
2.249599999572754072e+01
2.823999999755859491e+01
3.254400000488281108e+01
3.499200000732422211e+01
3.953599999511718721e+01
4.329599999816894496e+01
4.583999999389648394e+01
4.782399999999999807e+01
5.073599999633788826e+01
5.260799998657226695e+01
5.488000000366211140e+01
5.633600000488281268e+01
5.743999998291015885e+01
5.942399999023437829e+01
6.033599999023437732e+01
6.155200000244140313e+01
6.243199998657226502e+01
6.369600001464844041e+01
6.455999998291015629e+01
6.623999997314453481e+01
6.582400001464843342e+01
6.713599997314453560e+01
6.884799997314452469e+01
6.891200000610351140e+01
6.897599998291015311e+01
6.966400000488280853e+01
7.116800001464844172e+01
7.004800001464843717e+01
7.240000001708983746e+01
7.187199999267578221e+01
7.286399998535156897e+01
7.323199999511719227e+01
7.457599998535155805e+01
7.507199997558593907e+01
7.535999997558593577e+01
7.571199999511718204e+01
7.611200001708984075e+01
7.768000000488281387e+01
7.750399998535156953e+01
7.851200000732421813e+01
7.775999998535155555e+01
7.881599999511718124e+01
7.937600001464844013e+01
7.951999997558593236e+01
7.969600001464843331e+01
8.003199997558593282e+01
8.022399998535156840e+01
8.123199998535156396e+01
8.068800001708984837e+01
8.115199999511719398e+01
8.120000000732422052e+01
8.185600001708984053e+01
8.118399999511719045e+01
8.172799999755859801e+01
8.198399999511718761e+01
8.209599998535156828e+01
8.238400001464843569e+01
8.268799999755859176e+01
8.316800001708983814e+01
8.244800000732422518e+01
8.297599999511719204e+01
8.438400000732421802e+01
8.256000001708984826e+01
8.448000000488281103e+01
8.443199999511718090e+01
8.507199998779296379e+01
8.505599998535156203e+01
8.423999998779297016e+01
8.396800000732422120e+01
8.444799999511718624e+01
8.419199997558594362e+01
8.473600000732422188e+01
8.494400001708984860e+01
8.553599997558593770e+01
8.519999999755859221e+01
8.507199999755859210e+01
8.579200000732421927e+01
8.524800000732422234e+01
8.561599999755858903e+01
8.558399999755859255e+01
8.559999998535155896e+01
8.555199998779296777e+01
8.678399999755859540e+01
8.660800000732422177e+01
8.633600001464843388e+01
8.655999998779296334e+01
8.600000000732421768e+01
8.585599998779296982e+01
8.574399999755858914e+01
8.639999998535155612e+01
8.652799997314453151e+01
8.681600001708984848e+01
8.742399997558594293e+01
8.715199999755859039e+01
8.767999999755859619e+01
8.745599999755859244e+01
8.689599997558593714e+01
8.699199997802733719e+01
8.726400001708984178e+01
9.239999999755859506e+01
9.342400001953124900e+01
9.390400001953125297e+01
9.417600001953124433e+01
9.438399998779297562e+01
9.502399998779296197e+01
9.508800000976562217e+01
9.499200001953124683e+01
9.520000000976563115e+01
9.534400001953125070e+01
9.518399998779297277e+01
9.580800000976562103e+01
9.566400001953124388e+01
9.580800000000000693e+01
9.583999997802735038e+01
9.604800000000000182e+01
9.585599997802734151e+01
9.628800000976562501e+01
9.630399997802734902e+01
9.620800000976562671e+01
9.655999997802734924e+01
9.649600001953125172e+01
9.654399998779297221e+01
9.654400000976562524e+01
9.689599998779296186e+01
9.705600001953125400e+01
9.705600001953125400e+01
9.686400001953124672e+01
9.712000000976561864e+01
9.721600000976562228e+01
9.732799998779296402e+01
9.769600000976562626e+01
9.745600000976563138e+01
9.752000000976562433e+01
9.728000000976562944e+01
9.734400000976562239e+01
9.710400000976562751e+01
9.748800000976562785e+01
9.776000000976561921e+01
9.729599997802733924e+01
9.758400001953124558e+01
9.747200001953125081e+01
9.760000001953125093e+01
9.784000000976563172e+01
9.771200000976563160e+01
9.792000000976563001e+01
9.782400000976562637e+01
9.790400000976562467e+01
9.792000001953124411e+01
9.779200000000000159e+01
9.865600000976562001e+01
9.872000000976562717e+01
9.860800000000000409e+01
9.864000000000000057e+01
9.879999997802734413e+01
9.897599999999999909e+01
9.904000000000000625e+01
9.889600000976562910e+01
9.860800001953124649e+01
9.889600000000000080e+01
9.892799999999999727e+01
