1.431795430183410645e+01
1.384175634384155273e+01
1.444038534164428711e+01
1.418993020057678223e+01
1.421797323226928711e+01
1.447602438926696777e+01
1.455400347709655762e+01
1.371685767173767090e+01
1.388584518432617188e+01
1.412448048591613770e+01
1.398302197456359863e+01
1.485801291465759277e+01
1.402466416358947754e+01
1.436887717247009277e+01
1.384456944465637207e+01
1.381944751739501953e+01
1.418039512634277344e+01
1.429895782470703125e+01
1.477426123619079590e+01
1.379961848258972168e+01
1.413003730773925781e+01
1.386984157562255859e+01
1.439489507675170898e+01
1.382266283035278320e+01
1.379425454139709473e+01
1.385768127441406250e+01
1.406483817100524902e+01
1.449078297615051270e+01
1.375514602661132812e+01
1.414422130584716797e+01
1.407222843170166016e+01
1.414126849174499512e+01
1.422286200523376465e+01
1.441031146049499512e+01
1.432505512237548828e+01
1.442425036430358887e+01
1.404472446441650391e+01
1.479120254516601562e+01
1.394153523445129395e+01
1.452390503883361816e+01
1.406841111183166504e+01
1.387366318702697754e+01
1.400997614860534668e+01
1.470306324958801270e+01
1.431552886962890625e+01
1.413056111335754395e+01
1.412853598594665527e+01
1.454909658432006836e+01
1.398650121688842773e+01
1.397532343864440918e+01
1.389897322654724121e+01
1.398720455169677734e+01
1.404099845886230469e+01
1.439965248107910156e+01
1.441637516021728516e+01
1.453324341773986816e+01
1.390598464012145996e+01
1.395649838447570801e+01
1.393120074272155762e+01
1.392024970054626465e+01
1.434645414352416992e+01
1.385474133491516113e+01
1.390740442276000977e+01
1.444351840019226074e+01
1.410271978378295898e+01
1.432797932624816895e+01
1.460206294059753418e+01
1.392429471015930176e+01
1.470730185508728027e+01
1.387046122550964355e+01
1.375274801254272461e+01
1.379355406761169434e+01
1.425887322425842285e+01
1.402355360984802246e+01
1.383783507347106934e+01
1.446385622024536133e+01
1.454715251922607422e+01
1.439750599861145020e+01
1.384284400939941406e+01
1.445102500915527344e+01
1.408485221862792969e+01
1.437727904319763184e+01
1.432379221916198730e+01
1.386310100555419922e+01
1.413973999023437500e+01
1.375605416297912598e+01
1.383400702476501465e+01
1.378535413742065430e+01
1.383688259124755859e+01
1.387158441543579102e+01
1.420723342895507812e+01
1.382482314109802246e+01
1.414227938652038574e+01
1.420432376861572266e+01
1.379076576232910156e+01
1.384463524818420410e+01
1.448267841339111328e+01
1.399372267723083496e+01
1.435008621215820312e+01
1.412023925781250000e+01
1.380813980102539062e+01
1.386896729469299316e+01
1.408186626434326172e+01
1.387352871894836426e+01
1.380787324905395508e+01
1.434295749664306641e+01
1.415527582168579102e+01
1.424136662483215332e+01
1.424966597557067871e+01
1.396703815460205078e+01
1.428556466102600098e+01
1.388983917236328125e+01
1.401516222953796387e+01
1.388695859909057617e+01
1.412167716026306152e+01
1.397017979621887207e+01
1.422909069061279297e+01
1.393323373794555664e+01
1.463492059707641602e+01
1.455362629890441895e+01
1.436300063133239746e+01
1.395322179794311523e+01
1.441493678092956543e+01
1.407284736633300781e+01
1.438094019889831543e+01
1.400477886199951172e+01
1.389158248901367188e+01
1.394805860519409180e+01
1.390930724143981934e+01
1.447942590713500977e+01
1.383025097846984863e+01
1.415424060821533203e+01
1.399798989295959473e+01
1.500838565826416016e+01
1.395538854598999023e+01
1.382594084739685059e+01
1.397676658630371094e+01
1.377209877967834473e+01
1.386720561981201172e+01
1.377891659736633301e+01
1.403050112724304199e+01
1.421460914611816406e+01
1.403190374374389648e+01
1.382797980308532715e+01
1.426950478553771973e+01
1.440107607841491699e+01
1.412762784957885742e+01
1.397905135154724121e+01
1.482642292976379395e+01
1.379114627838134766e+01
1.433678412437438965e+01
1.410319924354553223e+01
1.385894560813903809e+01
1.441147565841674805e+01
1.435858345031738281e+01
1.405470705032348633e+01
1.381731915473937988e+01
1.453477406501770020e+01
1.396965336799621582e+01
1.383814835548400879e+01
1.381689596176147461e+01
