1.839999961853027344e+01
2.280999946594238281e+01
3.127999877929687500e+01
3.432999801635742188e+01
3.881999969482421875e+01
4.227999877929687500e+01
4.032999801635742188e+01
4.695999908447265625e+01
4.572999954223632812e+01
4.170000076293945312e+01
4.200000000000000000e+01
4.802000045776367188e+01
5.577000045776367188e+01
5.507999801635742188e+01
5.934999847412109375e+01
3.429999923706054688e+01
6.222999954223632812e+01
6.131999969482421875e+01
4.105999755859375000e+01
5.990999984741210938e+01
4.741999816894531250e+01
6.565999603271484375e+01
5.972999954223632812e+01
6.164999771118164062e+01
5.898999786376953125e+01
6.303999710083007812e+01
6.326999664306640625e+01
6.615000152587890625e+01
5.236999893188476562e+01
6.118000030517578125e+01
6.218999862670898438e+01
5.977999877929687500e+01
6.429999542236328125e+01
4.887999725341796875e+01
6.718999481201171875e+01
6.053999710083007812e+01
6.476000213623046875e+01
6.818000030517578125e+01
5.834999847412109375e+01
7.191999816894531250e+01
6.650999450683593750e+01
7.190999603271484375e+01
6.375000000000000000e+01
6.840000152587890625e+01
7.225999450683593750e+01
6.594999694824218750e+01
5.925000000000000000e+01
4.845999908447265625e+01
6.389999771118164062e+01
7.134999847412109375e+01
4.961999893188476562e+01
6.722000122070312500e+01
5.947999954223632812e+01
7.076999664306640625e+01
6.104999923706054688e+01
6.877999877929687500e+01
6.468000030517578125e+01
6.808999633789062500e+01
7.691999816894531250e+01
6.793999481201171875e+01
7.080999755859375000e+01
6.300999832153320312e+01
7.406999969482421875e+01
7.700999450683593750e+01
6.868000030517578125e+01
7.262999725341796875e+01
5.007999801635742188e+01
5.932999801635742188e+01
7.133999633789062500e+01
6.959999847412109375e+01
7.858999633789062500e+01
6.726999664306640625e+01
7.065000152587890625e+01
7.295999908447265625e+01
7.336999511718750000e+01
6.359999847412109375e+01
6.950000000000000000e+01
7.591999816894531250e+01
5.331999969482421875e+01
8.172999572753906250e+01
7.126999664306640625e+01
6.234000015258789062e+01
7.330999755859375000e+01
6.755999755859375000e+01
7.833000183105468750e+01
7.697000122070312500e+01
7.322000122070312500e+01
7.087999725341796875e+01
8.050000000000000000e+01
6.915000152587890625e+01
7.191999816894531250e+01
6.411000061035156250e+01
7.576999664306640625e+01
7.265000152587890625e+01
7.650000000000000000e+01
5.168000030517578125e+01
5.993999862670898438e+01
6.572999572753906250e+01
7.868999481201171875e+01
5.972999954223632812e+01
8.991999816894531250e+01
9.008999633789062500e+01
9.023999786376953125e+01
9.037999725341796875e+01
9.056999969482421875e+01
9.036000061035156250e+01
9.040000152587890625e+01
9.062999725341796875e+01
9.062999725341796875e+01
9.076999664306640625e+01
9.075999450683593750e+01
9.077999877929687500e+01
9.036000061035156250e+01
9.072000122070312500e+01
9.037999725341796875e+01
9.041999816894531250e+01
9.041999816894531250e+01
9.015999603271484375e+01
9.047000122070312500e+01
9.065999603271484375e+01
9.056999969482421875e+01
9.063999938964843750e+01
8.994999694824218750e+01
9.029999542236328125e+01
8.962999725341796875e+01
9.072000122070312500e+01
8.980999755859375000e+01
9.058999633789062500e+01
9.070999908447265625e+01
9.036999511718750000e+01
9.051999664306640625e+01
9.020999908447265625e+01
9.061000061035156250e+01
9.001999664306640625e+01
9.061999511718750000e+01
8.980999755859375000e+01
8.981999969482421875e+01
9.036000061035156250e+01
9.065999603271484375e+01
9.029000091552734375e+01
9.026999664306640625e+01
9.088999938964843750e+01
9.040000152587890625e+01
9.040000152587890625e+01
9.026999664306640625e+01
8.943999481201171875e+01
9.022999572753906250e+01
9.072999572753906250e+01
8.601999664306640625e+01
9.029000091552734375e+01
9.113999938964843750e+01
9.111000061035156250e+01
9.112999725341796875e+01
9.116999816894531250e+01
9.111999511718750000e+01
9.125999450683593750e+01
9.106999969482421875e+01
9.125000000000000000e+01
9.130999755859375000e+01
9.120999908447265625e+01
9.109999847412109375e+01
