2.643225431442260742e+00
1.887595653533935547e+00
1.896538972854614258e+00
1.889741420745849609e+00
1.885991096496582031e+00
1.890691280364990234e+00
1.897485971450805664e+00
1.908007860183715820e+00
1.893489599227905273e+00
1.891128301620483398e+00
1.892213106155395508e+00
1.888960838317871094e+00
1.905759334564208984e+00
1.908487558364868164e+00
1.884400367736816406e+00
1.884153842926025391e+00
1.880534887313842773e+00
1.883008241653442383e+00
1.885685443878173828e+00
1.889284372329711914e+00
1.878425836563110352e+00
1.891736984252929688e+00
1.887454986572265625e+00
1.886523246765136719e+00
1.897883415222167969e+00
1.894643545150756836e+00
1.897721529006958008e+00
1.893158674240112305e+00
1.895478010177612305e+00
1.902920961380004883e+00
1.895377159118652344e+00
1.887822628021240234e+00
1.891213893890380859e+00
1.878845930099487305e+00
1.880141019821166992e+00
1.889119863510131836e+00
1.881820917129516602e+00
1.886234521865844727e+00
1.893689870834350586e+00
1.888945817947387695e+00
1.892895698547363281e+00
1.881066083908081055e+00
1.886936902999877930e+00
1.890075206756591797e+00
1.889795064926147461e+00
1.888703584671020508e+00
1.897552013397216797e+00
1.887131214141845703e+00
1.897430181503295898e+00
1.883820056915283203e+00
1.888476371765136719e+00
1.889369487762451172e+00
1.887211561203002930e+00
1.886749744415283203e+00
1.887782573699951172e+00
1.896777629852294922e+00
1.901673316955566406e+00
1.884572505950927734e+00
1.890412092208862305e+00
1.881745338439941406e+00
1.882827520370483398e+00
1.899291515350341797e+00
1.895221471786499023e+00
1.907806396484375000e+00
1.896406173706054688e+00
1.889005184173583984e+00
1.889423131942749023e+00
1.878485202789306641e+00
1.881888151168823242e+00
1.897468805313110352e+00
1.894622087478637695e+00
1.895111799240112305e+00
1.879065513610839844e+00
1.884116649627685547e+00
1.889270305633544922e+00
1.883968591690063477e+00
1.885457754135131836e+00
1.890899658203125000e+00
1.884963750839233398e+00
1.899493455886840820e+00
1.894573211669921875e+00
1.898667335510253906e+00
1.904834270477294922e+00
1.882251024246215820e+00
1.890071153640747070e+00
1.899464368820190430e+00
1.895419597625732422e+00
1.901478052139282227e+00
1.884631395339965820e+00
1.885932207107543945e+00
1.900130033493041992e+00
1.913892030715942383e+00
1.897517681121826172e+00
1.885116100311279297e+00
1.883737087249755859e+00
1.894604682922363281e+00
1.885441064834594727e+00
1.885798692703247070e+00
1.887193918228149414e+00
1.883882522583007812e+00
1.903380870819091797e+00
1.887188196182250977e+00
1.891934156417846680e+00
1.889710426330566406e+00
1.914221763610839844e+00
1.889006137847900391e+00
1.895309686660766602e+00
1.890010833740234375e+00
1.910702943801879883e+00
1.892433881759643555e+00
1.889652729034423828e+00
1.896707296371459961e+00
1.919688224792480469e+00
1.890608072280883789e+00
1.892119169235229492e+00
1.891781091690063477e+00
1.898644447326660156e+00
1.888199329376220703e+00
1.897301912307739258e+00
1.893992900848388672e+00
1.890992641448974609e+00
1.888069152832031250e+00
1.887256622314453125e+00
1.896091222763061523e+00
1.888628005981445312e+00
1.889976263046264648e+00
1.905993700027465820e+00
1.884417057037353516e+00
1.883651256561279297e+00
1.894186496734619141e+00
1.900871276855468750e+00
1.886719942092895508e+00
1.936418771743774414e+00
1.881536006927490234e+00
1.901251316070556641e+00
1.895142316818237305e+00
1.881038904190063477e+00
1.891804933547973633e+00
1.884950876235961914e+00
1.911810636520385742e+00
1.898514747619628906e+00
1.888264179229736328e+00
1.896184444427490234e+00
1.890681982040405273e+00
1.888512849807739258e+00
1.951141357421875000e+00
1.910751819610595703e+00
1.893149137496948242e+00
1.883708715438842773e+00
1.888113737106323242e+00
1.897903442382812500e+00
1.880578994750976562e+00
1.891381978988647461e+00
1.922685146331787109e+00
1.893351554870605469e+00
1.889656782150268555e+00
1.894508123397827148e+00
1.882341384887695312e+00
1.884686708450317383e+00
1.882875442504882812e+00
1.887260913848876953e+00
