1.901000022888183594e+01
2.343000030517578125e+01
2.854999923706054688e+01
3.209999847412109375e+01
3.491999816894531250e+01
3.539999771118164062e+01
3.356999969482421875e+01
3.768999862670898438e+01
3.986999893188476562e+01
4.795999908447265625e+01
5.294999694824218750e+01
5.002000045776367188e+01
4.919999694824218750e+01
5.644999694824218750e+01
5.046999740600585938e+01
5.315999984741210938e+01
5.545999908447265625e+01
5.730999755859375000e+01
5.357999801635742188e+01
5.013999938964843750e+01
5.000999832153320312e+01
3.575999832153320312e+01
5.815999984741210938e+01
6.062999725341796875e+01
6.071999740600585938e+01
5.416999816894531250e+01
5.198999786376953125e+01
5.909000015258789062e+01
5.244999694824218750e+01
5.406999969482421875e+01
5.337999725341796875e+01
4.530999755859375000e+01
5.725000000000000000e+01
6.019999694824218750e+01
4.540999984741210938e+01
5.919999694824218750e+01
6.843000030517578125e+01
6.644999694824218750e+01
6.237999725341796875e+01
6.808000183105468750e+01
6.336999893188476562e+01
5.169999694824218750e+01
5.520999908447265625e+01
7.147999572753906250e+01
5.718999862670898438e+01
3.961999893188476562e+01
6.668999481201171875e+01
5.050999832153320312e+01
5.718000030517578125e+01
4.877000045776367188e+01
6.032999801635742188e+01
7.690999603271484375e+01
5.414999771118164062e+01
5.548999786376953125e+01
7.020999908447265625e+01
6.531999969482421875e+01
7.597000122070312500e+01
6.763999938964843750e+01
6.228999710083007812e+01
5.490999984741210938e+01
7.375999450683593750e+01
6.023999786376953125e+01
5.675000000000000000e+01
5.186999893188476562e+01
5.946999740600585938e+01
5.552000045776367188e+01
6.654000091552734375e+01
6.747999572753906250e+01
5.859000015258789062e+01
6.483999633789062500e+01
6.261999893188476562e+01
6.563999938964843750e+01
3.406999969482421875e+01
6.025000000000000000e+01
6.109999847412109375e+01
5.189999771118164062e+01
3.293999862670898438e+01
5.868000030517578125e+01
7.529999542236328125e+01
5.536999893188476562e+01
3.831999969482421875e+01
6.310999679565429688e+01
6.397999954223632812e+01
5.743999862670898438e+01
5.239999771118164062e+01
4.148999786376953125e+01
6.164999771118164062e+01
4.432999801635742188e+01
6.468000030517578125e+01
7.211999511718750000e+01
7.384999847412109375e+01
6.858000183105468750e+01
5.486999893188476562e+01
5.887999725341796875e+01
3.536000061035156250e+01
6.116999816894531250e+01
5.284000015258789062e+01
6.483999633789062500e+01
6.519999694824218750e+01
5.084999847412109375e+01
8.984999847412109375e+01
9.000999450683593750e+01
9.031999969482421875e+01
9.025999450683593750e+01
9.015999603271484375e+01
9.047999572753906250e+01
9.040999603271484375e+01
9.002999877929687500e+01
9.054999542236328125e+01
9.030999755859375000e+01
9.058999633789062500e+01
9.016999816894531250e+01
8.991999816894531250e+01
9.047000122070312500e+01
9.048999786376953125e+01
9.022000122070312500e+01
9.040999603271484375e+01
9.025000000000000000e+01
9.019999694824218750e+01
9.008999633789062500e+01
9.037999725341796875e+01
8.990000152587890625e+01
9.011000061035156250e+01
9.006999969482421875e+01
8.951999664306640625e+01
8.954999542236328125e+01
9.029000091552734375e+01
9.043999481201171875e+01
8.983999633789062500e+01
9.056999969482421875e+01
8.948999786376953125e+01
9.020999908447265625e+01
8.965000152587890625e+01
9.052999877929687500e+01
9.055999755859375000e+01
9.006999969482421875e+01
8.936999511718750000e+01
8.934999847412109375e+01
8.961999511718750000e+01
8.770999908447265625e+01
9.006999969482421875e+01
8.895999908447265625e+01
9.001999664306640625e+01
8.955999755859375000e+01
8.951999664306640625e+01
9.030999755859375000e+01
8.929000091552734375e+01
8.915999603271484375e+01
8.883999633789062500e+01
8.982999420166015625e+01
9.101999664306640625e+01
9.109999847412109375e+01
9.116999816894531250e+01
9.102999877929687500e+01
9.122000122070312500e+01
9.122999572753906250e+01
9.118999481201171875e+01
9.126999664306640625e+01
9.118999481201171875e+01
9.120999908447265625e+01
9.127999877929687500e+01
