1.451199999877929692e+01
2.148800000488281370e+01
2.724800000732421879e+01
3.123199999511718872e+01
3.555200000976562791e+01
4.091199999023437783e+01
4.299199999999999733e+01
4.486399998779296538e+01
4.887999998657226541e+01
5.039999999389648622e+01
5.214399997314453117e+01
5.515199997314453384e+01
5.630400000244140557e+01
5.873600000244140773e+01
5.900800000244140620e+01
5.966399998779296965e+01
6.220799999633788957e+01
6.491199998657226899e+01
6.451199999267578278e+01
6.567999997314453253e+01
6.654400000488281819e+01
6.692799999999999727e+01
6.734399998657227115e+01
6.825599998291015424e+01
6.875199998291014936e+01
6.873599998291015822e+01
6.942400001464844195e+01
7.075199998291014936e+01
7.083199999511718659e+01
7.177599998291015027e+01
7.230399999511718079e+01
7.279999998535156180e+01
7.329599997314453219e+01
7.367999997558594316e+01
7.547200000488281546e+01
7.400000000488280705e+01
7.600000001464843535e+01
7.617599997314452764e+01
7.623999997314453481e+01
7.732799997314452867e+01
7.766399997314452719e+01
7.827200001464844092e+01
7.708799997314453378e+01
7.937600000244140119e+01
7.863999999511719352e+01
7.923199997314452503e+01
7.980799997558594328e+01
7.979200000488280864e+01
7.983999998291015743e+01
8.011199998535155942e+01
8.022399998535156840e+01
8.019199998779296834e+01
8.105599998779297266e+01
8.048000000488281103e+01
8.230400000488280909e+01
8.080000000732421483e+01
8.155199997558594305e+01
8.215999997558593293e+01
8.244799998779296857e+01
8.278399998779296709e+01
8.214399997558594180e+01
8.284799998535156362e+01
8.217599999511718067e+01
8.281599997558593884e+01
8.399999999755858937e+01
8.387200000488280693e+01
8.358400000732422086e+01
8.254400001708984291e+01
8.367999997558594316e+01
8.316799999633789753e+01
8.366399999755859085e+01
8.390400000732421404e+01
8.440000001708983746e+01
8.470399999511718647e+01
8.329599997802733924e+01
8.439999998535155612e+01
8.505599997558593373e+01
8.489599998779296186e+01
8.555199999755859608e+01
8.449600000488281637e+01
8.516799998779296743e+01
8.633599997558593486e+01
8.473600001708985019e+01
8.555200001953124911e+01
8.524799998779296573e+01
8.475200000732421302e+01
8.529600000732422416e+01
8.628799999999999670e+01
8.617600000732421961e+01
8.526399999755859938e+01
8.607999997802734526e+01
8.612800000732421779e+01
8.628799997558593304e+01
8.616000001708984257e+01
8.631999998535155783e+01
8.607999998535156294e+01
8.627199997558594191e+01
8.612799997558593645e+01
8.590399997558593270e+01
8.676799998779296175e+01
9.193599998779296811e+01
9.340800001953124365e+01
9.353599998779296243e+01
9.388799998779296629e+01
9.417599997802734890e+01
9.452799998779296686e+01
9.475199997802734231e+01
9.436799997802734197e+01
9.475199997802734231e+01
9.480000000976562546e+01
9.475199999755859892e+01
9.518399999755858687e+01
9.569600001953125457e+01
9.566400001953124388e+01
9.558399997802735015e+01
9.571200001953124570e+01
9.612800001953125673e+01
9.580800000000000693e+01
9.603199999999999648e+01
9.580800000000000693e+01
9.632000001953124979e+01
9.635200000000000387e+01
9.648000000976561807e+01
9.656000000976563058e+01
9.660800000000000409e+01
9.633600000976562683e+01
9.675199997802734231e+01
9.702400000976562922e+01
9.680000001953125377e+01
9.700800001953125218e+01
9.720000000976563115e+01
9.715200000976562933e+01
9.708799999999999386e+01
9.710399997802734617e+01
9.715199998779296209e+01
9.724800000976561876e+01
9.739200001953125252e+01
9.720000000000000284e+01
9.734399999999999409e+01
9.724800001953124706e+01
9.688000001953125206e+01
9.732800000000000296e+01
9.735999999999999943e+01
9.766400000000000148e+01
9.752000000976562433e+01
9.766400000000000148e+01
9.774400001953125638e+01
9.729600001953124888e+01
9.790400001953125297e+01
9.732800000976563126e+01
9.825600000000000023e+01
9.851200000976562876e+01
9.862400000976562353e+01
9.856000000976563058e+01
9.892799999999999727e+01
9.870399999999999352e+01
9.857600000976562171e+01
9.848000000000000398e+01
9.891200000000000614e+01
9.878400000976562012e+01
9.856000000976563058e+01
