1.432107591629028320e+01
1.409349966049194336e+01
1.437734127044677734e+01
1.439871716499328613e+01
1.452671027183532715e+01
1.456696462631225586e+01
1.464608812332153320e+01
1.422280883789062500e+01
1.520178341865539551e+01
1.472487235069274902e+01
1.410224890708923340e+01
1.493080210685729980e+01
1.438300299644470215e+01
1.453780984878540039e+01
1.463368248939514160e+01
1.468564510345458984e+01
1.401515746116638184e+01
1.452057194709777832e+01
1.505221104621887207e+01
1.493336319923400879e+01
1.446020841598510742e+01
1.428532314300537109e+01
1.479783558845520020e+01
1.484193110466003418e+01
1.459458327293395996e+01
1.416127586364746094e+01
1.417480754852294922e+01
1.438633179664611816e+01
1.442288374900817871e+01
1.410004210472106934e+01
1.426615405082702637e+01
1.423107147216796875e+01
1.420288777351379395e+01
1.456947684288024902e+01
1.446597599983215332e+01
1.477107572555541992e+01
1.431656551361083984e+01
1.502874469757080078e+01
1.452473878860473633e+01
1.410501861572265625e+01
1.428162980079650879e+01
1.458475518226623535e+01
1.483861756324768066e+01
1.442186427116394043e+01
1.463693499565124512e+01
1.482312917709350586e+01
1.435118603706359863e+01
1.474072504043579102e+01
1.413303709030151367e+01
1.430032348632812500e+01
1.458228802680969238e+01
1.444843363761901855e+01
1.438289189338684082e+01
1.445267581939697266e+01
1.488660430908203125e+01
1.467908310890197754e+01
1.447389149665832520e+01
1.486954545974731445e+01
1.432777476310729980e+01
1.469333624839782715e+01
1.480851197242736816e+01
1.418980860710144043e+01
1.463392758369445801e+01
1.439225482940673828e+01
1.439986109733581543e+01
1.479420804977416992e+01
1.497209143638610840e+01
1.480250191688537598e+01
1.470425105094909668e+01
1.502010560035705566e+01
1.462171864509582520e+01
1.425688934326171875e+01
1.447655510902404785e+01
1.420926403999328613e+01
1.474236059188842773e+01
1.441521048545837402e+01
1.508109450340270996e+01
1.443296694755554199e+01
1.451535701751708984e+01
1.480365419387817383e+01
1.422502946853637695e+01
1.447969436645507812e+01
1.475006341934204102e+01
1.447196054458618164e+01
1.423586368560791016e+01
1.457725143432617188e+01
1.457552337646484375e+01
1.499305844306945801e+01
1.466648530960083008e+01
1.409805297851562500e+01
1.428381443023681641e+01
1.412995171546936035e+01
1.414147138595581055e+01
1.431606936454772949e+01
1.441079616546630859e+01
1.454085612297058105e+01
1.495705509185791016e+01
1.434414601325988770e+01
1.465123271942138672e+01
1.422099566459655762e+01
1.450042772293090820e+01
1.416369986534118652e+01
1.453246498107910156e+01
1.452311873435974121e+01
1.422873806953430176e+01
1.449599266052246094e+01
1.466657757759094238e+01
1.464374828338623047e+01
1.495961785316467285e+01
1.432682061195373535e+01
1.446302914619445801e+01
1.399920821189880371e+01
1.454384636878967285e+01
1.423209047317504883e+01
1.445286822319030762e+01
1.435068535804748535e+01
1.444361853599548340e+01
1.476046895980834961e+01
1.490598630905151367e+01
1.467306733131408691e+01
1.463052010536193848e+01
1.428177118301391602e+01
1.430165433883666992e+01
1.417199683189392090e+01
1.433845567703247070e+01
1.463832736015319824e+01
1.453525757789611816e+01
1.488198280334472656e+01
1.475219678878784180e+01
1.467993760108947754e+01
1.473272895812988281e+01
1.431367397308349609e+01
1.442401456832885742e+01
1.491018605232238770e+01
1.457977390289306641e+01
1.461517095565795898e+01
1.407690382003784180e+01
1.483878207206726074e+01
1.463790774345397949e+01
1.444942378997802734e+01
1.437980699539184570e+01
1.426133728027343750e+01
1.442577099800109863e+01
1.483563446998596191e+01
1.424481177330017090e+01
1.444259762763977051e+01
1.448766040802001953e+01
1.408099055290222168e+01
1.504915642738342285e+01
1.487048411369323730e+01
1.430093979835510254e+01
1.466952157020568848e+01
1.454615211486816406e+01
1.445491003990173340e+01
1.457813715934753418e+01
1.450990462303161621e+01
1.472893714904785156e+01
1.463174986839294434e+01
1.432703256607055664e+01
1.468131399154663086e+01
1.488821244239807129e+01
