1.952999877929687500e+01
2.151999855041503906e+01
2.564999961853027344e+01
2.723999977111816406e+01
3.345999908447265625e+01
3.420000076293945312e+01
4.497999954223632812e+01
4.495000076293945312e+01
4.870999908447265625e+01
4.279999923706054688e+01
5.198999786376953125e+01
5.103999710083007812e+01
5.157999801635742188e+01
4.862999725341796875e+01
5.289999771118164062e+01
3.991999816894531250e+01
5.111000061035156250e+01
5.464999771118164062e+01
5.718999862670898438e+01
5.509999847412109375e+01
5.852999877929687500e+01
5.150999832153320312e+01
4.754999923706054688e+01
4.636000061035156250e+01
6.118999862670898438e+01
6.436000061035156250e+01
6.740999603271484375e+01
5.751999664306640625e+01
4.981999969482421875e+01
5.895999908447265625e+01
6.221999740600585938e+01
4.245000076293945312e+01
6.210999679565429688e+01
4.643999862670898438e+01
5.440999984741210938e+01
5.278999710083007812e+01
5.825000000000000000e+01
5.760999679565429688e+01
6.210999679565429688e+01
5.550999832153320312e+01
6.122999954223632812e+01
6.347999954223632812e+01
5.914999771118164062e+01
4.406999969482421875e+01
5.480999755859375000e+01
5.559999847412109375e+01
5.145999908447265625e+01
5.522999954223632812e+01
6.486000061035156250e+01
3.757999801635742188e+01
6.584999847412109375e+01
5.998999786376953125e+01
4.691999816894531250e+01
6.436000061035156250e+01
4.093999862670898438e+01
5.007999801635742188e+01
6.823999786376953125e+01
5.198999786376953125e+01
7.359999847412109375e+01
6.747000122070312500e+01
6.723999786376953125e+01
6.269999694824218750e+01
5.985999679565429688e+01
6.139999771118164062e+01
5.406999969482421875e+01
7.213999938964843750e+01
6.213999938964843750e+01
6.172999954223632812e+01
7.536999511718750000e+01
6.190999984741210938e+01
6.044999694824218750e+01
6.818999481201171875e+01
6.238999938964843750e+01
5.728999710083007812e+01
6.634999847412109375e+01
6.797000122070312500e+01
7.125999450683593750e+01
4.013999938964843750e+01
7.050000000000000000e+01
6.593999481201171875e+01
5.812999725341796875e+01
7.006999969482421875e+01
6.601999664306640625e+01
5.950000000000000000e+01
5.930999755859375000e+01
6.125000000000000000e+01
6.225999832153320312e+01
6.362999725341796875e+01
5.530999755859375000e+01
7.247000122070312500e+01
6.318000030517578125e+01
4.047999954223632812e+01
6.740000152587890625e+01
7.225999450683593750e+01
4.171999740600585938e+01
5.764999771118164062e+01
3.593000030517578125e+01
7.388999938964843750e+01
5.225999832153320312e+01
7.383999633789062500e+01
8.988999938964843750e+01
9.011999511718750000e+01
9.025000000000000000e+01
9.026999664306640625e+01
9.043000030517578125e+01
9.001999664306640625e+01
9.050000000000000000e+01
9.043999481201171875e+01
9.072999572753906250e+01
8.951999664306640625e+01
9.036999511718750000e+01
9.072999572753906250e+01
9.023999786376953125e+01
9.084999847412109375e+01
9.062999725341796875e+01
9.025000000000000000e+01
9.054000091552734375e+01
9.036999511718750000e+01
9.040000152587890625e+01
8.940000152587890625e+01
9.045999908447265625e+01
9.041999816894531250e+01
9.001999664306640625e+01
9.022000122070312500e+01
9.044999694824218750e+01
9.000000000000000000e+01
9.059999847412109375e+01
8.986000061035156250e+01
8.973999786376953125e+01
9.008999633789062500e+01
8.954999542236328125e+01
8.961000061035156250e+01
8.922000122070312500e+01
8.979000091552734375e+01
8.987999725341796875e+01
8.843999481201171875e+01
8.968999481201171875e+01
8.994999694824218750e+01
9.007999420166015625e+01
8.965999603271484375e+01
9.006999969482421875e+01
8.782999420166015625e+01
8.979000091552734375e+01
8.997000122070312500e+01
9.038999938964843750e+01
9.015999603271484375e+01
8.907999420166015625e+01
8.950000000000000000e+01
8.913999938964843750e+01
8.956999969482421875e+01
9.111000061035156250e+01
9.106999969482421875e+01
9.106999969482421875e+01
9.119999694824218750e+01
9.111000061035156250e+01
9.111999511718750000e+01
9.122999572753906250e+01
9.111999511718750000e+01
9.118999481201171875e+01
9.119999694824218750e+01
9.129000091552734375e+01
