2.862666874618530422e+00
1.967668769378662086e+00
1.822580237121582014e+00
1.717793062667846593e+00
1.641100967025756807e+00
1.557695809135436926e+00
1.488157085838317961e+00
1.409918914985656802e+00
1.373493229713439900e+00
1.322333841323852566e+00
1.276897424583435026e+00
1.227543734817504895e+00
1.161060257396697937e+00
1.132540007247924807e+00
1.067522463722228920e+00
1.059935316085815371e+00
1.009452274150848483e+00
9.947316539573669569e-01
9.729255160903930166e-01
9.543430982971191634e-01
9.331520908355712685e-01
9.231066285705565866e-01
8.942629315376281474e-01
8.798280647659302289e-01
8.542513535499572930e-01
8.431104338836670209e-01
8.112080776023864459e-01
8.084067784881592278e-01
7.993570324325561804e-01
7.790327684211730830e-01
7.500197488021850267e-01
7.655182203674316677e-01
7.382374044418335002e-01
7.222777990913391566e-01
7.083185224533080637e-01
6.894931507873535148e-01
6.750570362091063981e-01
6.541749797058105109e-01
6.280523634719848980e-01
6.524317478370667001e-01
6.234911573982239164e-01
6.079312872219085895e-01
5.901178229904174843e-01
6.085638487052917878e-01
5.793927902603149827e-01
5.713278406906128204e-01
5.699314672279357508e-01
5.551064582824707383e-01
5.503161216926574228e-01
5.577103765487670950e-01
5.450219566345214650e-01
5.315501840019225543e-01
5.292023758411407153e-01
5.212641062545776416e-01
5.215428829193115012e-01
5.064446522712707788e-01
5.033813430309295178e-01
4.983940289306640348e-01
5.064229545497894724e-01
4.781112255954742540e-01
4.748750075244903557e-01
4.761790442562103265e-01
4.627571396350860788e-01
4.635123668766021887e-01
4.497363509368896284e-01
4.725924663639068379e-01
4.504552918338775580e-01
4.550572838973999112e-01
4.564906982898712107e-01
4.586978578090668002e-01
4.341866346740722582e-01
4.425082212638855039e-01
4.358951841545105066e-01
4.244005290508270356e-01
4.280714707374572714e-01
4.363511076736450445e-01
4.196467940950393549e-01
4.165861428928375187e-01
4.215312745189666588e-01
4.068875457096099990e-01
4.272150069236755332e-01
4.102111633300781213e-01
4.176904891395568642e-01
4.082837543487548571e-01
4.193440153503417700e-01
3.999384236049652319e-01
3.879590521812438797e-01
3.914177976799011471e-01
3.902471885108947935e-01
3.844623343467712395e-01
3.832464166641235126e-01
3.847088751411438245e-01
3.906933930587768722e-01
3.858617846012115660e-01
3.656517278194427734e-01
3.562010749435424728e-01
3.838550592327117927e-01
3.667274847984313690e-01
3.663067525815963954e-01
3.810610288143158053e-01
2.428642139530181876e-01
2.093170639419555668e-01
1.932348775386810436e-01
1.810537194013595585e-01
1.805216597127914380e-01
1.719761483383178691e-01
1.674892294645309310e-01
1.622126166605949438e-01
1.575248604774475147e-01
1.478182691287994455e-01
1.468727827215194626e-01
1.455896832871436952e-01
1.379749460124969351e-01
1.352066364479064808e-01
1.296800666570663563e-01
1.234951561403274528e-01
1.230663277959823665e-01
1.166132820558547917e-01
1.209144871616363581e-01
1.155092731809616025e-01
1.099922352075576731e-01
1.125680628597736377e-01
1.072375702452659646e-01
1.105134651446342403e-01
1.041742061305046124e-01
1.009569449567794819e-01
1.019610519242286628e-01
9.638599833607673639e-02
9.304111734867095973e-02
9.080306743800639624e-02
9.551431267619132914e-02
8.416694448947906193e-02
8.898086050033569838e-02
8.837484821081161013e-02
8.081288659095764437e-02
8.257192751646041939e-02
8.282145591020584341e-02
7.819569384813308821e-02
8.046383669614791401e-02
7.127479725837707059e-02
7.304685172080993549e-02
7.449374481081962041e-02
7.698199227571488057e-02
6.784088726639747602e-02
7.665627804338931428e-02
7.561906858921051133e-02
7.337541337490081916e-02
6.950594831705093901e-02
6.937772369861602839e-02
7.327918628156185332e-02
5.850376183032989647e-02
5.199275466442108279e-02
4.603441008657217087e-02
4.309834227323532108e-02
4.781416730880737320e-02
4.518288475871086451e-02
4.483216647386550902e-02
4.781380758523941232e-02
3.915675122618675341e-02
4.037165551185607770e-02
4.497590499520302126e-02
