3.041595935821533203e+00
2.277606010437011719e+00
2.293215036392211914e+00
2.279994726181030273e+00
2.279771804809570312e+00
2.281835556030273438e+00
2.289081573486328125e+00
2.298658132553100586e+00
2.293798446655273438e+00
2.286104202270507812e+00
2.276866912841796875e+00
2.403323650360107422e+00
2.323454856872558594e+00
2.294737339019775391e+00
2.272463083267211914e+00
2.287026166915893555e+00
2.273272514343261719e+00
2.275768280029296875e+00
2.282514810562133789e+00
2.281744241714477539e+00
2.273359775543212891e+00
2.285700321197509766e+00
2.277425765991210938e+00
2.277174234390258789e+00
2.288114547729492188e+00
2.287150859832763672e+00
2.292142391204833984e+00
2.282826185226440430e+00
2.293764352798461914e+00
2.294750213623046875e+00
2.287557125091552734e+00
2.278611898422241211e+00
2.282051801681518555e+00
2.273958206176757812e+00
2.272400379180908203e+00
2.281270265579223633e+00
2.272437095642089844e+00
2.283371925354003906e+00
2.291108846664428711e+00
2.277016401290893555e+00
2.287476062774658203e+00
2.275232315063476562e+00
2.277605056762695312e+00
2.277733325958251953e+00
2.291675567626953125e+00
2.278292894363403320e+00
2.287033557891845703e+00
2.275120735168457031e+00
2.294707059860229492e+00
2.272106647491455078e+00
2.278100967407226562e+00
2.289711475372314453e+00
2.276775121688842773e+00
2.274468421936035156e+00
2.278387308120727539e+00
2.297078371047973633e+00
2.290186882019042969e+00
2.278364896774291992e+00
2.292366504669189453e+00
2.269161462783813477e+00
2.275510787963867188e+00
2.292877197265625000e+00
2.296082019805908203e+00
2.296391963958740234e+00
2.289475440979003906e+00
2.286879539489746094e+00
2.279958724975585938e+00
2.275225400924682617e+00
2.274883031845092773e+00
2.292471408843994141e+00
2.290040493011474609e+00
2.286702394485473633e+00
2.271370410919189453e+00
2.275326251983642578e+00
2.283401727676391602e+00
2.275525569915771484e+00
2.277962923049926758e+00
2.287126064300537109e+00
2.279409408569335938e+00
2.288573503494262695e+00
2.292249441146850586e+00
2.289813756942749023e+00
2.287600517272949219e+00
2.279709577560424805e+00
2.285184383392333984e+00
2.287976264953613281e+00
2.286445140838623047e+00
2.294484615325927734e+00
2.277974843978881836e+00
2.277864694595336914e+00
2.292247533798217773e+00
2.315063953399658203e+00
2.284128665924072266e+00
2.278789520263671875e+00
2.276524782180786133e+00
2.288216352462768555e+00
2.275651693344116211e+00
2.276061296463012695e+00
2.284666299819946289e+00
2.274902343750000000e+00
2.297916889190673828e+00
2.277330398559570312e+00
2.281092643737792969e+00
2.284080505371093750e+00
2.307865858078002930e+00
2.280048370361328125e+00
2.285812377929687500e+00
2.284270763397216797e+00
2.300455093383789062e+00
2.286476135253906250e+00
2.287102222442626953e+00
2.293329238891601562e+00
2.309698343276977539e+00
2.282975435256958008e+00
2.288525819778442383e+00
2.279518365859985352e+00
2.291986942291259766e+00
2.286951065063476562e+00
2.291800260543823242e+00
2.281517982482910156e+00
2.280818223953247070e+00
2.285159349441528320e+00
2.279065847396850586e+00
2.285287857055664062e+00
2.286010980606079102e+00
2.278475761413574219e+00
2.290649175643920898e+00
2.285352230072021484e+00
2.281534910202026367e+00
2.282574653625488281e+00
2.293763399124145508e+00
2.284259080886840820e+00
2.324525117874145508e+00
2.271831512451171875e+00
2.297934532165527344e+00
2.288363218307495117e+00
2.268331289291381836e+00
2.285735845565795898e+00
2.285178422927856445e+00
2.307330608367919922e+00
2.288347721099853516e+00
2.282437086105346680e+00
2.288340330123901367e+00
2.276123762130737305e+00
2.279164314270019531e+00
2.347910642623901367e+00
2.298609256744384766e+00
2.284572601318359375e+00
2.282763481140136719e+00
2.281208276748657227e+00
2.290948629379272461e+00
2.277339696884155273e+00
2.282552242279052734e+00
2.316014051437377930e+00
2.282684564590454102e+00
2.278771638870239258e+00
2.287499189376831055e+00
2.274811983108520508e+00
2.277179718017578125e+00
2.278222322463989258e+00
2.277052402496337891e+00
