1.431765294075012207e+01
1.380730175971984863e+01
1.413768124580383301e+01
1.445253968238830566e+01
1.423699235916137695e+01
1.413766264915466309e+01
1.416568851470947266e+01
1.439208912849426270e+01
1.446395468711853027e+01
1.445739817619323730e+01
1.388434648513793945e+01
1.449209570884704590e+01
1.394317698478698730e+01
1.386551928520202637e+01
1.422036743164062500e+01
1.456600403785705566e+01
1.415543603897094727e+01
1.465707540512084961e+01
1.443639731407165527e+01
1.500670409202575684e+01
1.382325863838195801e+01
1.444176173210144043e+01
1.431615924835205078e+01
1.506354808807373047e+01
1.447255659103393555e+01
1.399675607681274414e+01
1.440095472335815430e+01
1.465249252319335938e+01
1.425421762466430664e+01
1.423722720146179199e+01
1.375494599342346191e+01
1.414895105361938477e+01
1.380742788314819336e+01
1.420261859893798828e+01
1.381441354751586914e+01
1.454867625236511230e+01
1.389304995536804199e+01
1.381272792816162109e+01
1.379470181465148926e+01
1.397175550460815430e+01
1.381671214103698730e+01
1.446964645385742188e+01
1.495740103721618652e+01
1.395629525184631348e+01
1.393458652496337891e+01
1.504561662673950195e+01
1.458697032928466797e+01
1.491835260391235352e+01
1.415221953392028809e+01
1.447936272621154785e+01
1.445176053047180176e+01
1.427355933189392090e+01
1.428819632530212402e+01
1.393854856491088867e+01
1.432988357543945312e+01
1.390420365333557129e+01
1.459550952911376953e+01
1.459635210037231445e+01
1.440247321128845215e+01
1.454741263389587402e+01
1.398922157287597656e+01
1.415481448173522949e+01
1.480200505256652832e+01
1.420549917221069336e+01
1.410167288780212402e+01
1.386948108673095703e+01
1.395888686180114746e+01
1.438478159904479980e+01
1.458506178855895996e+01
1.451769948005676270e+01
1.441685199737548828e+01
1.419910573959350586e+01
1.387363767623901367e+01
1.390969800949096680e+01
1.457871246337890625e+01
1.456708836555480957e+01
1.382741665840148926e+01
1.440092301368713379e+01
1.435894560813903809e+01
1.468339419364929199e+01
1.420028257369995117e+01
1.385054254531860352e+01
1.449466967582702637e+01
1.436857938766479492e+01
1.397449612617492676e+01
1.454447817802429199e+01
1.462783122062683105e+01
1.442093610763549805e+01
1.445163822174072266e+01
1.438924002647399902e+01
1.418774175643920898e+01
1.417474007606506348e+01
1.395035243034362793e+01
1.423559856414794922e+01
1.411758947372436523e+01
1.482795667648315430e+01
1.441943454742431641e+01
1.393855929374694824e+01
1.383618617057800293e+01
1.380194282531738281e+01
1.462923121452331543e+01
1.416934037208557129e+01
1.455488228797912598e+01
1.429624462127685547e+01
1.424484276771545410e+01
1.390988183021545410e+01
1.480910277366638184e+01
1.473907566070556641e+01
1.390521669387817383e+01
1.436479973793029785e+01
1.445983028411865234e+01
1.383552265167236328e+01
1.431387519836425781e+01
1.400722527503967285e+01
1.439939594268798828e+01
1.393897795677185059e+01
1.386491179466247559e+01
1.457247805595397949e+01
1.492482280731201172e+01
1.464448952674865723e+01
1.400987863540649414e+01
1.394518470764160156e+01
1.439111065864562988e+01
1.419626569747924805e+01
1.400398421287536621e+01
1.419041943550109863e+01
1.432596826553344727e+01
1.512507057189941406e+01
1.441426849365234375e+01
1.384237217903137207e+01
1.465348172187805176e+01
1.383828687667846680e+01
1.391118693351745605e+01
1.448388600349426270e+01
1.421933317184448242e+01
1.430770325660705566e+01
1.389013075828552246e+01
1.482219004631042480e+01
1.468574976921081543e+01
1.438069748878479004e+01
1.443185234069824219e+01
1.388162636756896973e+01
1.430787110328674316e+01
1.478466582298278809e+01
1.389014697074890137e+01
1.431596422195434570e+01
1.385246825218200684e+01
1.427116036415100098e+01
1.384319925308227539e+01
1.451005291938781738e+01
1.374460196495056152e+01
1.382290387153625488e+01
1.438176417350769043e+01
1.379393863677978516e+01
1.444258236885070801e+01
1.379090428352355957e+01
1.441950941085815430e+01
1.458531498908996582e+01
1.383345079421997070e+01
1.447987627983093262e+01
1.479664802551269531e+01
