2.655118465423583984e+00
1.893167257308959961e+00
1.897871732711791992e+00
1.894966840744018555e+00
1.897590160369873047e+00
1.916465044021606445e+00
1.917850971221923828e+00
1.907665491104125977e+00
1.894277572631835938e+00
1.901419639587402344e+00
1.900690078735351562e+00
1.903412342071533203e+00
1.908224344253540039e+00
1.896652460098266602e+00
1.897374153137207031e+00
1.903502464294433594e+00
1.896994113922119141e+00
1.896925926208496094e+00
1.898644685745239258e+00
1.904176950454711914e+00
1.897017717361450195e+00
1.903792619705200195e+00
1.911849021911621094e+00
1.898386955261230469e+00
1.908421754837036133e+00
1.901676177978515625e+00
1.913758993148803711e+00
1.900455951690673828e+00
1.916024684906005859e+00
1.907961368560791016e+00
1.915637493133544922e+00
1.903689861297607422e+00
1.904479265213012695e+00
1.892909049987792969e+00
1.899407625198364258e+00
1.901077508926391602e+00
1.897874116897583008e+00
1.900763273239135742e+00
1.906409263610839844e+00
1.904661178588867188e+00
1.924134016036987305e+00
1.900717496871948242e+00
1.901099205017089844e+00
1.895778417587280273e+00
1.901770114898681641e+00
1.933887481689453125e+00
1.902436971664428711e+00
1.895802021026611328e+00
1.910817623138427734e+00
1.896012783050537109e+00
1.899034738540649414e+00
1.898318767547607422e+00
1.899825811386108398e+00
1.899372816085815430e+00
1.897967815399169922e+00
1.920041799545288086e+00
1.928463220596313477e+00
1.899418830871582031e+00
1.896409749984741211e+00
1.894938945770263672e+00
1.891523838043212891e+00
1.906646490097045898e+00
1.897204399108886719e+00
1.900392055511474609e+00
1.903293609619140625e+00
1.904686212539672852e+00
1.959577560424804688e+00
1.894421100616455078e+00
1.894439697265625000e+00
1.898240089416503906e+00
1.911206960678100586e+00
1.904656171798706055e+00
1.893496274948120117e+00
1.892369031906127930e+00
1.899432420730590820e+00
1.894665241241455078e+00
1.894626617431640625e+00
1.896721363067626953e+00
1.894647121429443359e+00
1.900733470916748047e+00
1.934643745422363281e+00
1.902622461318969727e+00
1.909599781036376953e+00
1.896684408187866211e+00
1.916752815246582031e+00
1.911945581436157227e+00
1.905984878540039062e+00
1.906271219253540039e+00
1.895052909851074219e+00
1.895067214965820312e+00
1.904623031616210938e+00
1.898528814315795898e+00
1.899844169616699219e+00
1.897341728210449219e+00
1.898822784423828125e+00
1.896799087524414062e+00
1.896612644195556641e+00
1.933092832565307617e+00
1.894100427627563477e+00
1.899558782577514648e+00
1.911295413970947266e+00
1.901426315307617188e+00
1.900424480438232422e+00
1.898980855941772461e+00
1.914140701293945312e+00
1.902590036392211914e+00
1.905327081680297852e+00
1.915376186370849609e+00
1.918294906616210938e+00
1.904526472091674805e+00
1.903645515441894531e+00
1.915105581283569336e+00
1.897476196289062500e+00
1.894270658493041992e+00
1.897829294204711914e+00
1.895374536514282227e+00
1.904633998870849609e+00
1.891846418380737305e+00
1.909795522689819336e+00
1.907022953033447266e+00
1.896984815597534180e+00
1.896495580673217773e+00
1.901155471801757812e+00
1.909004211425781250e+00
1.898079395294189453e+00
1.902532339096069336e+00
1.910523176193237305e+00
1.894787311553955078e+00
1.904893875122070312e+00
1.908346176147460938e+00
1.905542373657226562e+00
1.898084402084350586e+00
1.896096229553222656e+00
1.896758794784545898e+00
1.908774852752685547e+00
1.898415565490722656e+00
1.897216320037841797e+00
1.912641763687133789e+00
1.892675399780273438e+00
1.938594102859497070e+00
1.897189855575561523e+00
1.896610260009765625e+00
1.902071475982666016e+00
1.903893232345581055e+00
1.891649723052978516e+00
1.908395528793334961e+00
1.896437168121337891e+00
1.910498857498168945e+00
1.898803949356079102e+00
1.897942781448364258e+00
1.906340122222900391e+00
1.902529478073120117e+00
1.911485910415649414e+00
1.907765626907348633e+00
1.906156778335571289e+00
1.904407978057861328e+00
1.903499603271484375e+00
1.903733253479003906e+00
1.894871950149536133e+00
1.898501157760620117e+00
1.899672508239746094e+00
