2.699825286865234375e+00
1.975263357162475586e+00
1.982677459716796875e+00
2.572537422180175781e+00
1.971908092498779297e+00
1.969313621520996094e+00
1.973673820495605469e+00
1.986366271972656250e+00
2.582104682922363281e+00
2.585787773132324219e+00
1.997069835662841797e+00
2.680157899856567383e+00
2.636911630630493164e+00
1.981571912765502930e+00
1.966503381729125977e+00
2.578906059265136719e+00
1.971877098083496094e+00
1.966583728790283203e+00
1.970212697982788086e+00
2.591413259506225586e+00
2.581915378570556641e+00
2.595316648483276367e+00
1.980634450912475586e+00
2.581490755081176758e+00
1.983405590057373047e+00
1.982192993164062500e+00
1.989012956619262695e+00
2.016990900039672852e+00
2.608438253402709961e+00
2.600185155868530273e+00
2.001240730285644531e+00
1.987084388732910156e+00
1.978824138641357422e+00
1.968567848205566406e+00
1.969324827194213867e+00
2.584028244018554688e+00
1.970680236816406250e+00
1.993135452270507812e+00
2.021113395690917969e+00
2.587133884429931641e+00
2.008280038833618164e+00
1.973292112350463867e+00
2.586867094039916992e+00
1.982609510421752930e+00
2.585086107254028320e+00
1.971223115921020508e+00
1.999067306518554688e+00
1.976900815963745117e+00
1.983608722686767578e+00
2.578072071075439453e+00
1.978346347808837891e+00
1.967578887939453125e+00
1.977363109588623047e+00
1.991708755493164062e+00
1.969335794448852539e+00
1.986222267150878906e+00
2.588381290435791016e+00
1.964490175247192383e+00
2.589282989501953125e+00
1.972456216812133789e+00
1.964394807815551758e+00
1.990910530090332031e+00
2.588531255722045898e+00
1.980056285858154297e+00
1.977946043014526367e+00
1.976503849029541016e+00
1.982256412506103516e+00
1.961123943328857422e+00
1.967896938323974609e+00
2.585240602493286133e+00
2.607010126113891602e+00
2.004336118698120117e+00
1.963041067123413086e+00
2.596499204635620117e+00
2.589524269104003906e+00
1.983794450759887695e+00
1.967934846878051758e+00
1.980773210525512695e+00
1.974014043807983398e+00
1.984842061996459961e+00
1.984533786773681641e+00
1.988266229629516602e+00
1.989296197891235352e+00
2.587096691131591797e+00
2.002052783966064453e+00
2.612416267395019531e+00
2.596977233886718750e+00
2.598436832427978516e+00
2.586455583572387695e+00
1.973465681076049805e+00
2.605640888214111328e+00
2.589369058609008789e+00
2.598053693771362305e+00
1.978666067123413086e+00
1.978298187255859375e+00
2.582077264785766602e+00
1.974858760833740234e+00
1.968271493911743164e+00
1.965522527694702148e+00
1.976933956146240234e+00
2.599929571151733398e+00
2.584358692169189453e+00
1.978394985198974609e+00
2.585711240768432617e+00
2.610887050628662109e+00
2.000554800033569336e+00
1.977212429046630859e+00
2.580694675445556641e+00
1.978339433670043945e+00
1.995818376541137695e+00
2.594756841659545898e+00
2.598983526229858398e+00
1.979301452636718750e+00
1.975070953369140625e+00
1.970594644546508789e+00
1.972960233688354492e+00
2.592061758041381836e+00
2.580839872360229492e+00
1.991234064102172852e+00
1.992807626724243164e+00
1.969480037689208984e+00
2.578619956970214844e+00
1.969232082366943359e+00
2.022335767745971680e+00
1.968776226043701172e+00
1.984909772872924805e+00
1.981590986251831055e+00
2.574467658996582031e+00
2.573892354965209961e+00
2.595374345779418945e+00
2.600494623184204102e+00
1.974348545074462891e+00
1.969853162765502930e+00
1.977553129196166992e+00
1.988300561904907227e+00
1.982974052429199219e+00
1.967592954635620117e+00
2.600868463516235352e+00
2.571279048919677734e+00
2.596298933029174805e+00
1.969783782958984375e+00
1.971440315246582031e+00
1.979285717010498047e+00
1.976907491683959961e+00
1.972184419631958008e+00
1.980899095535278320e+00
1.981174468994140625e+00
1.980216741561889648e+00
1.972220659255981445e+00
2.597824096679687500e+00
2.599786520004272461e+00
2.584712266921997070e+00
2.584787130355834961e+00
1.982167005538940430e+00
1.977917671203613281e+00
1.992234230041503906e+00
2.596490383148193359e+00
1.972627401351928711e+00
2.004720449447631836e+00
2.583688735961914062e+00
1.970749139785766602e+00
