1.444800000122070394e+01
2.199999999877929824e+01
2.756799999877929608e+01
3.225599999511718607e+01
3.753599999816894695e+01
4.193600000366210878e+01
4.422399999389648428e+01
4.687999999389648309e+01
4.888000000366211140e+01
5.172800000732421921e+01
5.303999999023437795e+01
5.481599998657226536e+01
5.855999998657226513e+01
5.937600000976562598e+01
6.097599997314453191e+01
6.215999999023437539e+01
6.414399999267578778e+01
6.468799999267578471e+01
6.584000000244139983e+01
6.609599999511718238e+01
6.694399999023437431e+01
6.761599999511719261e+01
6.817599999267578426e+01
6.900800000488281682e+01
6.985599998291016277e+01
6.999999998291015402e+01
7.190400000732421404e+01
7.142400000732422427e+01
7.131200000488281887e+01
7.254399997314453685e+01
7.367999999511718556e+01
7.324800001464844001e+01
7.406400001464844252e+01
7.463999999511719352e+01
7.531199999511719056e+01
7.600000000488280705e+01
7.619199999511718602e+01
7.702399997558593725e+01
7.840000000488281273e+01
7.723199997558593566e+01
7.841599998535156146e+01
7.859200001708984473e+01
7.897600000488280614e+01
7.888000001464843081e+01
8.004800000732421950e+01
8.043199997558593850e+01
8.052799997558594214e+01
8.046399999511719159e+01
8.071999997558593520e+01
8.086400000732422200e+01
8.099199997314453014e+01
8.148799999511719250e+01
8.180799999755859631e+01
8.175999997558594146e+01
8.132799999511718170e+01
8.223999998779297016e+01
8.265599999755859528e+01
8.267200000732421472e+01
8.246399999755858801e+01
8.300800001953125218e+01
8.369599999755858732e+01
8.348800001708984553e+01
8.401600000732422302e+01
8.390399998779297164e+01
8.446399997558593498e+01
8.361599997558593600e+01
8.443200000732421984e+01
8.455999999511718102e+01
8.446399999755858801e+01
8.440000000732422336e+01
8.481600001953124490e+01
8.475199998779297061e+01
8.515199999511719398e+01
8.545600000732422075e+01
8.497599998779297437e+01
8.473599998779296527e+01
8.532800000976563126e+01
8.587199998779297516e+01
8.534399997558593043e+01
8.590400001708984234e+01
8.491199999755859551e+01
8.561600001708984564e+01
8.555199999755859608e+01
8.592000001708984769e+01
8.494400001708984860e+01
8.606399997802733992e+01
8.662399999511718818e+01
8.628799998535156135e+01
8.643199999755859153e+01
8.684799999511719193e+01
8.684799999755858835e+01
8.649599999511718806e+01
8.667199998779297232e+01
8.670400001708983950e+01
8.697600000732421677e+01
8.769600000488281921e+01
8.678399999755859540e+01
8.732799998779296402e+01
8.700799997802734254e+01
8.619200000732422495e+01
9.145599997802735004e+01
9.308800001953125047e+01
9.327999997558593748e+01
9.416000001953125320e+01
9.364799999999999613e+01
9.388799997802733799e+01
9.408000001953125491e+01
9.464000001953124297e+01
9.484799997802734595e+01
9.494399997802734958e+01
9.503999997802733901e+01
9.502400000976562922e+01
9.529599998779296754e+01
9.534400001953125070e+01
9.576000000976561921e+01
9.587200001953125650e+01
9.585600000976562285e+01
9.624000000976562319e+01
9.590399999999999636e+01
9.596800001953124593e+01
9.617600000976563024e+01
9.620800000976562671e+01
9.619200000976562137e+01
9.633600000976562683e+01
9.640000000976561978e+01
9.681600000000000250e+01
9.648000000976561807e+01
9.683199999999999363e+01
9.679999999999999716e+01
9.708799999999999386e+01
9.675200000976562364e+01
9.731200001953125422e+01
9.696000000976562205e+01
9.708800000976562217e+01
9.737600000000000477e+01
9.716800001953124877e+01
9.723199999999999932e+01
9.732800000000000296e+01
9.716800000976562046e+01
9.772800001953125104e+01
9.774400000976562808e+01
9.745600000000000307e+01
9.753600000976562967e+01
9.782400000976562637e+01
9.753600000000000136e+01
9.735999997802734640e+01
9.768000001953124922e+01
9.771200000000000330e+01
9.779200001953124399e+01
9.766400000000000148e+01
9.804800000976563013e+01
9.844800001953124990e+01
9.870399999999999352e+01
9.888000000976562376e+01
9.864000000000000057e+01
9.883199999999999363e+01
9.867200000976562535e+01
9.846400000976562694e+01
9.894400000000000261e+01
9.907200000976563103e+01
9.884800000976562728e+01
