2.674744129180908203e+00
2.518235445022583008e+00
2.191844224929809570e+00
1.933800697326660156e+00
1.931481122970581055e+00
1.929921627044677734e+00
1.934154987335205078e+00
1.944231271743774414e+00
1.927643299102783203e+00
1.932887792587280273e+00
1.934306383132934570e+00
1.959307193756103516e+00
1.941321134567260742e+00
1.927149057388305664e+00
1.929830789566040039e+00
1.928325414657592773e+00
1.923218488693237305e+00
2.528388261795043945e+00
1.925625324249267578e+00
1.930533170700073242e+00
1.924430370330810547e+00
1.932853937149047852e+00
1.926977157592773438e+00
1.924158811569213867e+00
1.939207077026367188e+00
1.933322429656982422e+00
2.558882713317871094e+00
1.932920217514038086e+00
1.938729286193847656e+00
1.942125082015991211e+00
1.937339067459106445e+00
1.933403253555297852e+00
1.940447568893432617e+00
1.920934438705444336e+00
1.925662040710449219e+00
1.925165176391601562e+00
1.940810441970825195e+00
1.932873725891113281e+00
1.944445371627807617e+00
1.929024457931518555e+00
1.943232536315917969e+00
1.951212644577026367e+00
1.937504291534423828e+00
1.935241699218750000e+00
1.927188634872436523e+00
2.528266668319702148e+00
2.548921108245849609e+00
2.531275272369384766e+00
1.940181493759155273e+00
1.929300546646118164e+00
1.936840057373046875e+00
1.934807300567626953e+00
1.929856777191162109e+00
2.531389713287353516e+00
1.935925960540771484e+00
1.945270538330078125e+00
1.958065032958984375e+00
1.924781084060668945e+00
1.931402683258056641e+00
1.929791688919067383e+00
1.921181917190551758e+00
1.939723730087280273e+00
1.925455570220947266e+00
1.939112186431884766e+00
2.546895742416381836e+00
1.931966304779052734e+00
1.923612117767333984e+00
1.922654867172241211e+00
1.924974679946899414e+00
1.924098014831542969e+00
1.937304973602294922e+00
1.938334226608276367e+00
1.932045459747314453e+00
1.928723335266113281e+00
1.936312913894653320e+00
1.929673433303833008e+00
1.926280498504638672e+00
1.929361104965209961e+00
1.952511310577392578e+00
1.928569316864013672e+00
2.552117347717285156e+00
2.525071859359741211e+00
2.535996437072753906e+00
1.925429105758666992e+00
1.931912899017333984e+00
1.961611270904541016e+00
1.938660383224487305e+00
1.937325000762939453e+00
1.937647581100463867e+00
1.932411193847656250e+00
1.938884496688842773e+00
1.927543878555297852e+00
1.935609817504882812e+00
2.528267145156860352e+00
1.949086904525756836e+00
1.948019504547119141e+00
1.941298961639404297e+00
1.953678607940673828e+00
1.927645921707153320e+00
1.937645912170410156e+00
1.968035459518432617e+00
1.927385330200195312e+00
1.933946847915649414e+00
1.929046869277954102e+00
1.948368310928344727e+00
1.934279203414916992e+00
1.936673402786254883e+00
1.933640241622924805e+00
1.943201780319213867e+00
2.046071290969848633e+00
1.941425085067749023e+00
1.941028594970703125e+00
1.932729959487915039e+00
1.931362628936767578e+00
2.532281637191772461e+00
1.938292264938354492e+00
1.930336236953735352e+00
1.933085680007934570e+00
2.554980516433715820e+00
2.539137363433837891e+00
1.929447889328002930e+00
1.926424741744995117e+00
1.929500341415405273e+00
1.941641092300415039e+00
1.927715539932250977e+00
2.545963287353515625e+00
2.547111272811889648e+00
1.918705463409423828e+00
1.973116159439086914e+00
1.940275669097900391e+00
1.939184665679931641e+00
2.528704643249511719e+00
1.929134130477905273e+00
2.527222394943237305e+00
2.545675277709960938e+00
1.932100772857666016e+00
1.928092956542968750e+00
1.932662725448608398e+00
1.917523145675659180e+00
1.936289310455322266e+00
2.537792444229125977e+00
1.956295013427734375e+00
2.537085294723510742e+00
1.927901506423950195e+00
1.933349847793579102e+00
1.938887119293212891e+00
1.925559997558593750e+00
1.935594558715820312e+00
1.925933599472045898e+00
1.934360742568969727e+00
1.936506271362304688e+00
1.928978204727172852e+00
1.928175687789916992e+00
1.940464496612548828e+00
1.933529853820800781e+00
1.936814069747924805e+00
1.939370393753051758e+00
1.927860975265502930e+00
1.927551507949829102e+00
1.926473617553710938e+00
2.530684709548950195e+00
