2.751519264869689785e+00
1.962312796745300236e+00
1.811532982368469158e+00
1.730302824630737257e+00
1.640143139686584428e+00
1.567820497894287124e+00
1.485332025566101111e+00
1.440551463127136333e+00
1.370849722671508841e+00
1.319697064132690389e+00
1.273471752929687506e+00
1.226242729301452616e+00
1.171705091361999518e+00
1.158884964332580481e+00
1.101949602737426703e+00
1.066647285461425732e+00
1.044170524463653660e+00
1.003571115531921354e+00
9.956149844741821742e-01
9.558874812316894287e-01
9.492897295379638667e-01
8.960416294860840125e-01
8.970712355041503550e-01
8.942328432464599075e-01
8.723846057319640801e-01
8.502872634887694847e-01
8.336543404960632397e-01
8.130976256942749059e-01
7.813834083175659195e-01
7.663345032882690200e-01
7.805214988517761299e-01
7.567646491432189482e-01
7.446986638259888158e-01
7.273254796600341354e-01
7.075362655258178313e-01
6.856299910831451516e-01
6.647867317008971932e-01
6.597220989036559624e-01
6.497413350296020740e-01
6.395476458930968722e-01
6.330541003036499470e-01
6.127513673210144285e-01
6.185764475059509770e-01
5.906363305664062979e-01
5.673780466175079029e-01
5.839492602539062549e-01
5.620348333263397445e-01
5.536878185462951185e-01
5.510170135307311812e-01
5.374492232131957703e-01
5.550416591262817834e-01
5.214109849357605464e-01
5.266598147201537738e-01
5.184386427688598697e-01
5.149157972049712706e-01
4.986067015838622773e-01
5.130681849670409855e-01
4.963653541183471463e-01
4.945684169149398568e-01
4.884918720245361445e-01
4.780558442497253591e-01
4.783978503608703470e-01
4.848437688827514913e-01
4.716993286705016830e-01
4.635082550239563171e-01
4.684716847610473356e-01
4.401803094482422130e-01
4.532822199535370133e-01
4.622926266860961642e-01
4.417443857383728245e-01
4.278384785842895277e-01
4.408266176605224462e-01
4.352387555122375629e-01
4.472981651115417456e-01
4.282926702976226907e-01
4.348460733509063592e-01
4.389504240036010696e-01
4.300964325714111136e-01
4.324561123466491575e-01
4.147834197235107379e-01
4.213797199821472383e-01
4.352917883110046238e-01
4.095766351509094183e-01
3.907043026638031269e-01
4.075731104660034188e-01
4.211844356250762922e-01
3.929545157718658532e-01
4.109174104499817015e-01
3.922740441608428830e-01
3.843989742851257052e-01
3.786788723373413212e-01
3.875489751052856313e-01
3.842517014122009411e-01
3.897030063629150498e-01
3.909499084854126116e-01
3.826875645256042624e-01
3.887072007751464775e-01
3.762116935682296992e-01
3.786951479148864541e-01
3.947381486606598155e-01
2.400650185966491656e-01
2.058583767867088188e-01
1.915670598697662430e-01
1.818182193470001262e-01
1.717020366835594058e-01
1.682285236430168252e-01
1.648496301412582521e-01
1.558639426779747095e-01
1.564048404836654582e-01
1.542336168193817192e-01
1.465387673616409259e-01
1.420901719379425165e-01
1.416227562308311483e-01
1.336166089892387443e-01
1.409652951574325574e-01
1.274927384352683990e-01
1.256537537574768104e-01
1.223872073721885695e-01
1.160879452812671603e-01
1.236529978466033991e-01
1.185582259082794132e-01
1.056297558403015147e-01
1.117425460195541342e-01
1.116426750135421780e-01
1.026919594860076917e-01
1.011173950958251938e-01
1.061715653645992213e-01
9.666110759496689131e-02
9.965334271907806685e-02
9.242861854314804448e-02
9.599390870094298700e-02
8.620695652961730959e-02
9.368775020837784295e-02
8.412025142908095832e-02
8.344595516800880353e-02
8.658918259680270513e-02
9.297393438816070610e-02
8.276549591690302021e-02
8.577425687789916320e-02
8.490141178607940597e-02
8.050336062669753712e-02
8.064500586748123145e-02
7.358767065286636599e-02
7.175348240852355564e-02
6.958147143602370910e-02
7.015810694873332587e-02
6.613875128746032894e-02
6.652738106250763450e-02
7.347719949722289479e-02
7.083741860389709821e-02
5.695547707915306346e-02
5.377875078439712381e-02
4.737181840896606544e-02
5.199202243685722286e-02
4.818264442205429099e-02
4.347161682844161851e-02
5.027498704314231626e-02
4.721873687624931343e-02
4.557918380975723577e-02
4.017460402309894901e-02
4.233899964332580451e-02
