3.983950614929199219e-01
3.899912834167480469e-01
3.966612815856933594e-01
3.902471065521240234e-01
3.937923908233642578e-01
3.911921977996826172e-01
3.916058540344238281e-01
3.906297683715820312e-01
4.002790451049804688e-01
3.949611186981201172e-01
3.846786022186279297e-01
5.143952369689941406e-01
4.177024364471435547e-01
3.863015174865722656e-01
3.881459236145019531e-01
4.028642177581787109e-01
3.927574157714843750e-01
3.927266597747802734e-01
3.968451023101806641e-01
3.924782276153564453e-01
3.949587345123291016e-01
3.939642906188964844e-01
3.900246620178222656e-01
3.906373977661132812e-01
3.902523517608642578e-01
3.925068378448486328e-01
3.943872451782226562e-01
3.897032737731933594e-01
3.982942104339599609e-01
3.918290138244628906e-01
3.921744823455810547e-01
3.907866477966308594e-01
3.908586502075195312e-01
3.951508998870849609e-01
3.922708034515380859e-01
3.921239376068115234e-01
3.906624317169189453e-01
3.971753120422363281e-01
3.974323272705078125e-01
3.880825042724609375e-01
3.946149349212646484e-01
3.942127227783203125e-01
3.906593322753906250e-01
3.876893520355224609e-01
4.018795490264892578e-01
3.895683288574218750e-01
3.894703388214111328e-01
3.879323005676269531e-01
3.973076343536376953e-01
3.882575035095214844e-01
3.896791934967041016e-01
4.003968238830566406e-01
3.895750045776367188e-01
3.876619338989257812e-01
3.906688690185546875e-01
4.003109931945800781e-01
3.885133266448974609e-01
3.938164710998535156e-01
4.019298553466796875e-01
3.874480724334716797e-01
3.927197456359863281e-01
3.936393260955810547e-01
4.008495807647705078e-01
3.886120319366455078e-01
3.930528163909912109e-01
3.979108333587646484e-01
3.905701637268066406e-01
3.967487812042236328e-01
3.930177688598632812e-01
3.950147628784179688e-01
3.954689502716064453e-01
3.916420936584472656e-01
3.923230171203613281e-01
3.911895751953125000e-01
3.951821327209472656e-01
3.915774822235107422e-01
3.925416469573974609e-01
3.962326049804687500e-01
3.944907188415527344e-01
3.891274929046630859e-01
3.976604938507080078e-01
3.911170959472656250e-01
3.827993869781494141e-01
3.974761962890625000e-01
3.951148986816406250e-01
3.885710239410400391e-01
3.909947872161865234e-01
3.930027484893798828e-01
3.933832645416259766e-01
3.919556140899658203e-01
3.921208381652832031e-01
4.011790752410888672e-01
3.866274356842041016e-01
3.936247825622558594e-01
3.928213119506835938e-01
3.936190605163574219e-01
3.902802467346191406e-01
3.902649879455566406e-01
3.974809646606445312e-01
3.910512924194335938e-01
3.945732116699218750e-01
3.901636600494384766e-01
3.891642093658447266e-01
3.943579196929931641e-01
3.936719894409179688e-01
3.910658359527587891e-01
3.905546665191650391e-01
3.942649364471435547e-01
3.897812366485595703e-01
3.940606117248535156e-01
3.974936008453369141e-01
3.966603279113769531e-01
3.900389671325683594e-01
3.923826217651367188e-01
3.964185714721679688e-01
3.877942562103271484e-01
3.933546543121337891e-01
3.987581729888916016e-01
3.945198059082031250e-01
3.875451087951660156e-01
3.898653984069824219e-01
3.971009254455566406e-01
3.918325901031494141e-01
3.892579078674316406e-01
3.974275588989257812e-01
3.885004520416259766e-01
3.846204280853271484e-01
4.009044170379638672e-01
3.978974819183349609e-01
3.883903026580810547e-01
3.928604125976562500e-01
3.975627422332763672e-01
3.881754875183105469e-01
3.903052806854248047e-01
3.967075347900390625e-01
3.932261466979980469e-01
3.873314857482910156e-01
3.939452171325683594e-01
4.002053737640380859e-01
3.955340385437011719e-01
3.898539543151855469e-01
3.941895961761474609e-01
3.922107219696044922e-01
3.854830265045166016e-01
3.906698226928710938e-01
3.967995643615722656e-01
3.878595829010009766e-01
3.916158676147460938e-01
3.990797996520996094e-01
3.930964469909667969e-01
3.931119441986083984e-01
3.967719078063964844e-01
3.911888599395751953e-01
3.933565616607666016e-01
3.893806934356689453e-01
3.891003131866455078e-01
3.930335044860839844e-01
3.924379348754882812e-01
3.924987316131591797e-01
3.953666687011718750e-01
3.897964954376220703e-01
