3.982253074645996094e-01
3.896121978759765625e-01
3.965170383453369141e-01
3.897948265075683594e-01
3.935313224792480469e-01
3.907463550567626953e-01
3.913204669952392578e-01
3.903839588165283203e-01
3.999552726745605469e-01
3.943583965301513672e-01
3.841753005981445312e-01
5.347154140472412109e-01
4.184255599975585938e-01
3.860504627227783203e-01
3.875873088836669922e-01
4.027798175811767578e-01
3.922665119171142578e-01
3.928084373474121094e-01
3.967599868774414062e-01
3.924210071563720703e-01
3.950469493865966797e-01
3.938002586364746094e-01
3.893361091613769531e-01
3.906683921813964844e-01
3.901777267456054688e-01
3.929502964019775391e-01
3.943028450012207031e-01
3.897967338562011719e-01
3.987185955047607422e-01
3.922579288482666016e-01
3.925852775573730469e-01
3.910634517669677734e-01
3.907115459442138672e-01
3.945391178131103516e-01
3.920760154724121094e-01
3.918693065643310547e-01
3.901817798614501953e-01
3.977994918823242188e-01
3.978147506713867188e-01
3.876578807830810547e-01
3.941838741302490234e-01
3.935859203338623047e-01
3.902640342712402344e-01
3.872330188751220703e-01
4.014978408813476562e-01
3.890745639801025391e-01
3.894863128662109375e-01
3.872373104095458984e-01
3.973441123962402344e-01
3.877544403076171875e-01
3.893699645996093750e-01
3.996965885162353516e-01
3.891232013702392578e-01
3.870768547058105469e-01
3.899106979370117188e-01
4.001545906066894531e-01
3.882641792297363281e-01
3.933987617492675781e-01
4.017243385314941406e-01
3.868639469146728516e-01
3.921747207641601562e-01
3.935239315032958984e-01
4.007647037506103516e-01
3.886029720306396484e-01
3.947112560272216797e-01
3.976399898529052734e-01
3.903195858001708984e-01
3.959429264068603516e-01
3.920688629150390625e-01
3.950841426849365234e-01
3.958070278167724609e-01
3.915832042694091797e-01
3.923206329345703125e-01
3.907489776611328125e-01
3.951003551483154297e-01
3.910923004150390625e-01
3.925828933715820312e-01
3.964803218841552734e-01
3.941881656646728516e-01
3.893375396728515625e-01
3.979969024658203125e-01
3.913128376007080078e-01
3.830142021179199219e-01
3.981235027313232422e-01
3.954808712005615234e-01
3.889970779418945312e-01
3.908729553222656250e-01
3.933560848236083984e-01
3.934473991394042969e-01
3.917241096496582031e-01
3.921413421630859375e-01
4.010267257690429688e-01
3.863933086395263672e-01
3.935608863830566406e-01
3.925259113311767578e-01
3.936359882354736328e-01
3.902652263641357422e-01
3.902649879455566406e-01
3.976671695709228516e-01
3.910853862762451172e-01
3.948028087615966797e-01
3.906934261322021484e-01
3.891887664794921875e-01
3.944435119628906250e-01
3.941090106964111328e-01
3.910908699035644531e-01
3.905968666076660156e-01
3.944098949432373047e-01
3.897662162780761719e-01
3.940858840942382812e-01
3.976094722747802734e-01
3.967976570129394531e-01
3.897163867950439453e-01
3.923621177673339844e-01
3.965475559234619141e-01
3.877291679382324219e-01
3.935353755950927734e-01
3.986403942108154297e-01
3.947789669036865234e-01
3.878495693206787109e-01
3.894441127777099609e-01
3.969752788543701172e-01
3.913142681121826172e-01
3.885102272033691406e-01
3.969049453735351562e-01
3.883950710296630859e-01
3.845450878143310547e-01
4.005007743835449219e-01
3.977327346801757812e-01
3.884902000427246094e-01
3.930685520172119141e-01
3.972184658050537109e-01
3.880088329315185547e-01
3.903441429138183594e-01
3.968133926391601562e-01
3.931858539581298828e-01
3.869693279266357422e-01
3.943891525268554688e-01
4.001266956329345703e-01
3.958129882812500000e-01
3.902559280395507812e-01
3.941242694854736328e-01
3.926026821136474609e-01
3.856172561645507812e-01
3.905253410339355469e-01
3.967883586883544922e-01
3.879969120025634766e-01
3.920876979827880859e-01
3.988485336303710938e-01
3.934993743896484375e-01
3.934981822967529297e-01
3.970420360565185547e-01
3.912794589996337891e-01
3.935909271240234375e-01
3.892533779144287109e-01
3.895168304443359375e-01
3.927013874053955078e-01
3.925921916961669922e-01
3.926553726196289062e-01
3.954124450683593750e-01
3.899345397949218750e-01
