1.468799999908447340e+01
2.273599999572753916e+01
2.742399999816894507e+01
2.942399999755859241e+01
3.358399999145508019e+01
3.780799999145507684e+01
4.212800000976562842e+01
4.331200000610351708e+01
4.649600000610351458e+01
4.846399999633788980e+01
5.041599999999999682e+01
5.264000000610351293e+01
5.497600000610351856e+01
5.529599999633789054e+01
5.705599997314453020e+01
5.827199999023437726e+01
5.937599999999999767e+01
6.003199999633788764e+01
6.244799997314453321e+01
6.283200000000000074e+01
6.356799999267578016e+01
6.526399999267577812e+01
6.534399999633788525e+01
6.593599997314453276e+01
6.593600001464844240e+01
6.625599997314452594e+01
6.643200001464843751e+01
6.881599999633789366e+01
6.803199997314453640e+01
6.903999997314453196e+01
6.947200000488281546e+01
7.017599997314452764e+01
7.137599997314453049e+01
7.084799999511719193e+01
7.119999998291015686e+01
7.207999999511719125e+01
7.288000000488281671e+01
7.283199998657227070e+01
7.435199998535156851e+01
7.465599998535155635e+01
7.523200000732421699e+01
7.436799997558593134e+01
7.583999998291015743e+01
7.607999997558593464e+01
7.540800001464843660e+01
7.654399998535156158e+01
7.724799998291015868e+01
7.585600000732421222e+01
7.753600000732421904e+01
7.675200000488281660e+01
7.732800001464843831e+01
7.745599998535156772e+01
7.811199998535155942e+01
7.779200000732421927e+01
7.750400001464844024e+01
7.809599999511718238e+01
7.827200000488281262e+01
7.884799997314452469e+01
7.942400001708983837e+01
7.905600000732421506e+01
7.817599999511718067e+01
7.873600001708985019e+01
8.003199999755860006e+01
7.864000001464843592e+01
7.939200000488281717e+01
7.879999999755860074e+01
7.940799998535156590e+01
7.905600001464843274e+01
8.011200001708984075e+01
7.985600001708984053e+01
7.990400000488281762e+01
7.996799998779296459e+01
7.940799999511719420e+01
7.967999999511718556e+01
8.086399999511718306e+01
8.046399998535156328e+01
8.097599997802734606e+01
8.012800001464843547e+01
8.052800000732422347e+01
8.035200001708984985e+01
8.121599999755859756e+01
8.129600000488281353e+01
8.099200001708985042e+01
8.169599999511719091e+01
8.185599997314453447e+01
8.211199997558593111e+01
8.043199998779296322e+01
8.134399998535155873e+01
8.184000000488281046e+01
8.055999997802734924e+01
8.159999998535155896e+01
8.076799997558593702e+01
8.107200000488280978e+01
8.116799998535155680e+01
8.236800001464844456e+01
8.187199998535156453e+01
8.153600000488280841e+01
8.308800000732422575e+01
8.126400001708984178e+01
8.199999999755858937e+01
9.151999998779297130e+01
9.259200001953125536e+01
9.328000001953124354e+01
9.300799997802734254e+01
9.348799997802734651e+01
9.328000001953124354e+01
9.361599999999999966e+01
9.417599998779296300e+01
9.431999997802734015e+01
9.443200000732421984e+01
9.443200000976563047e+01
9.504000001953124865e+01
9.440000000732422336e+01
9.494400000976563092e+01
9.510400000976562751e+01
9.524799998779296573e+01
9.516799998779296743e+01
9.561599997802734663e+01
9.527999997802734811e+01
9.535999999755858880e+01
9.534399997802734106e+01
9.587200001953125650e+01
9.553599997802734833e+01
9.577600000976562455e+01
9.564799997802734310e+01
9.614400000000000546e+01
9.636800001953125161e+01
9.611200001953125138e+01
9.619199999999999307e+01
9.667200000976562535e+01
9.659199997802734572e+01
9.654400000976562524e+01
9.697599997802734606e+01
9.620800001953125502e+01
9.675199997802734231e+01
9.691200001953124854e+01
9.715199997802734799e+01
9.724800001953124706e+01
9.689600000976562910e+01
9.707200001953124513e+01
9.672000001953125548e+01
9.673599998779296527e+01
9.704000000976562035e+01
9.700800000976562387e+01
9.696000000976562205e+01
9.759999999999999432e+01
9.723200000976562762e+01
9.731200001953125422e+01
9.699200001953124683e+01
9.748800000976562785e+01
9.836800000976562330e+01
9.870399999999999352e+01
9.857599999999999341e+01
9.828800000976562501e+01
9.849599999999999511e+01
9.889600000976562910e+01
9.875199999999999534e+01
9.873600000976561830e+01
9.871999999999999886e+01
9.873600000976561830e+01
9.867200000976562535e+01
