3.067447900772094727e+00
2.296340703964233398e+00
2.318094253540039062e+00
2.313606977462768555e+00
2.309732198715209961e+00
2.307633161544799805e+00
2.313227653503417969e+00
2.317466020584106445e+00
2.331186532974243164e+00
2.319709300994873047e+00
2.298646211624145508e+00
2.435146331787109375e+00
2.341607093811035156e+00
2.304480075836181641e+00
2.306473016738891602e+00
2.333777666091918945e+00
2.301713466644287109e+00
2.302809238433837891e+00
2.320713996887207031e+00
2.314580917358398438e+00
2.301513910293579102e+00
2.317979574203491211e+00
2.302878856658935547e+00
2.350368499755859375e+00
2.315366983413696289e+00
2.316443443298339844e+00
2.317275285720825195e+00
2.305636405944824219e+00
2.325754880905151367e+00
2.317621469497680664e+00
2.348449707031250000e+00
2.322816848754882812e+00
2.311631441116333008e+00
2.306117057800292969e+00
2.304798603057861328e+00
2.310006618499755859e+00
2.323745250701904297e+00
2.321143865585327148e+00
2.321966409683227539e+00
2.303615808486938477e+00
2.318326711654663086e+00
2.312574863433837891e+00
2.311513662338256836e+00
2.306913614273071289e+00
2.313076734542846680e+00
2.302328109741210938e+00
2.314773559570312500e+00
2.299712181091308594e+00
2.323307752609252930e+00
2.309485197067260742e+00
2.305184125900268555e+00
2.316179275512695312e+00
2.312169075012207031e+00
2.305715084075927734e+00
2.307962894439697266e+00
2.324797391891479492e+00
2.306300163269042969e+00
2.301616191864013672e+00
2.322554826736450195e+00
2.302343368530273438e+00
2.307973623275756836e+00
2.316980123519897461e+00
2.337321758270263672e+00
2.317527294158935547e+00
2.316353797912597656e+00
2.345534086227416992e+00
2.296974658966064453e+00
2.303504705429077148e+00
2.305919170379638672e+00
2.316084623336791992e+00
2.321756839752197266e+00
2.312535047531127930e+00
2.302330970764160156e+00
2.302580595016479492e+00
2.311192274093627930e+00
2.306540489196777344e+00
2.307715415954589844e+00
2.313630104064941406e+00
2.308706760406494141e+00
2.311225175857543945e+00
2.321135044097900391e+00
2.313823461532592773e+00
2.303429841995239258e+00
2.312360525131225586e+00
2.321254730224609375e+00
2.325891017913818359e+00
2.320109128952026367e+00
2.317012786865234375e+00
2.321243524551391602e+00
2.305972814559936523e+00
2.315195560455322266e+00
2.319319725036621094e+00
2.307064533233642578e+00
2.309827804565429688e+00
2.312324523925781250e+00
2.306902170181274414e+00
2.309086799621582031e+00
2.302278995513916016e+00
2.312955379486083984e+00
2.304598093032836914e+00
2.318768978118896484e+00
2.306414365768432617e+00
2.308042049407958984e+00
2.312195301055908203e+00
2.331180810928344727e+00
2.307221412658691406e+00
2.344149112701416016e+00
2.313821554183959961e+00
2.311780691146850586e+00
2.319256782531738281e+00
2.317426919937133789e+00
2.326335906982421875e+00
2.304936885833740234e+00
2.308450222015380859e+00
2.314595699310302734e+00
2.298658847808837891e+00
2.320797443389892578e+00
2.311402797698974609e+00
2.319826841354370117e+00
2.307635068893432617e+00
2.306332111358642578e+00
2.313890933990478516e+00
2.311291694641113281e+00
2.315723657608032227e+00
2.306959152221679688e+00
2.326287984848022461e+00
2.307250261306762695e+00
2.310307979583740234e+00
2.305611848831176758e+00
2.312761068344116211e+00
2.318558931350708008e+00
2.309795618057250977e+00
2.298525810241699219e+00
2.308234930038452148e+00
2.313977003097534180e+00
2.313175439834594727e+00
2.297364711761474609e+00
2.319671392440795898e+00
2.317641973495483398e+00
2.316248655319213867e+00
2.315196275711059570e+00
2.311140537261962891e+00
2.318073272705078125e+00
2.298298597335815430e+00
2.309896707534790039e+00
2.337217092514038086e+00
2.305923461914062500e+00
2.317342042922973633e+00
2.314459323883056641e+00
2.322890281677246094e+00
2.320542573928833008e+00
2.313389062881469727e+00
2.305815219879150391e+00
2.313834428787231445e+00
2.311789512634277344e+00
2.321664571762084961e+00
2.313730001449584961e+00
2.303535938262939453e+00
2.304065942764282227e+00
2.307904243469238281e+00
2.304674148559570312e+00
