3.982255458831787109e-01
3.894929885864257812e-01
3.963730335235595703e-01
3.900108337402343750e-01
3.934864997863769531e-01
3.906905651092529297e-01
3.912572860717773438e-01
3.907408714294433594e-01
4.002046585083007812e-01
3.945643901824951172e-01
3.841192722320556641e-01
5.450229644775390625e-01
4.361784458160400391e-01
3.861236572265625000e-01
3.875763416290283203e-01
4.029736518859863281e-01
3.921937942504882812e-01
3.925714492797851562e-01
3.967242240905761719e-01
3.926336765289306641e-01
3.952560424804687500e-01
3.939042091369628906e-01
3.893251419067382812e-01
3.909418582916259766e-01
3.902032375335693359e-01
3.929622173309326172e-01
3.941195011138916016e-01
3.897926807403564453e-01
3.988928794860839844e-01
3.924245834350585938e-01
3.926217555999755859e-01
3.911345005035400391e-01
3.907704353332519531e-01
3.944857120513916016e-01
3.921315670013427734e-01
3.920500278472900391e-01
3.902740478515625000e-01
3.970675468444824219e-01
3.977935314178466797e-01
3.878762722015380859e-01
3.941981792449951172e-01
3.936257362365722656e-01
3.905348777770996094e-01
3.873376846313476562e-01
4.017393589019775391e-01
3.888812065124511719e-01
3.894071578979492188e-01
3.870098590850830078e-01
3.973236083984375000e-01
3.878779411315917969e-01
3.894307613372802734e-01
3.996825218200683594e-01
3.890821933746337891e-01
3.869059085845947266e-01
3.898565769195556641e-01
4.002203941345214844e-01
3.884510993957519531e-01
3.934316635131835938e-01
4.019205570220947266e-01
3.867888450622558594e-01
3.921835422515869141e-01
3.935196399688720703e-01
4.009566307067871094e-01
3.885171413421630859e-01
3.930737972259521484e-01
3.977062702178955078e-01
3.904125690460205078e-01
3.964719772338867188e-01
3.927369117736816406e-01
3.952631950378417969e-01
3.960816860198974609e-01
3.916366100311279297e-01
3.923294544219970703e-01
3.909068107604980469e-01
3.952779769897460938e-01
3.910336494445800781e-01
3.926413059234619141e-01
3.965313434600830078e-01
3.942358493804931641e-01
3.894209861755371094e-01
3.978078365325927734e-01
3.911850452423095703e-01
3.829822540283203125e-01
3.983314037322998047e-01
3.954603672027587891e-01
3.892376422882080078e-01
3.910498619079589844e-01
3.936138153076171875e-01
3.937294483184814453e-01
3.917939662933349609e-01
3.924140930175781250e-01
4.013011455535888672e-01
3.866255283355712891e-01
3.934810161590576172e-01
3.925118446350097656e-01
3.938636779785156250e-01
3.903191089630126953e-01
3.902359008789062500e-01
3.977043628692626953e-01
3.911833763122558594e-01
3.950145244598388672e-01
3.905792236328125000e-01
3.891336917877197266e-01
3.946619033813476562e-01
3.943383693695068359e-01
3.911268711090087891e-01
3.905761241912841797e-01
3.945603370666503906e-01
3.898265361785888672e-01
3.940660953521728516e-01
3.979158401489257812e-01
3.970298767089843750e-01
3.898084163665771484e-01
3.923280239105224609e-01
3.963911533355712891e-01
3.877921104431152344e-01
3.937962055206298828e-01
3.988897800445556641e-01
3.946347236633300781e-01
3.876907825469970703e-01
3.894958496093750000e-01
3.971850872039794922e-01
3.912439346313476562e-01
3.885686397552490234e-01
3.968942165374755859e-01
3.882176876068115234e-01
3.843977451324462891e-01
4.006705284118652344e-01
3.979465961456298828e-01
3.886601924896240234e-01
3.932552337646484375e-01
3.971264362335205078e-01
3.881170749664306641e-01
3.902633190155029297e-01
3.968129158020019531e-01
3.931922912597656250e-01
3.869764804840087891e-01
3.945560455322265625e-01
4.005763530731201172e-01
3.959867954254150391e-01
3.901357650756835938e-01
3.941946029663085938e-01
3.925042152404785156e-01
3.856291770935058594e-01
3.905608654022216797e-01
3.967461585998535156e-01
3.880066871643066406e-01
3.920900821685791016e-01
3.989138603210449219e-01
3.937001228332519531e-01
3.937160968780517578e-01
3.971104621887207031e-01
3.915119171142578125e-01
3.936216831207275391e-01
3.892781734466552734e-01
3.895399570465087891e-01
3.928856849670410156e-01
3.925802707672119141e-01
3.926732540130615234e-01
3.956389427185058594e-01
3.898572921752929688e-01
