3.053481101989746094e+00
2.283089637756347656e+00
2.294469118118286133e+00
2.285258531570434570e+00
2.291294097900390625e+00
2.307482242584228516e+00
2.309384346008300781e+00
2.298264026641845703e+00
2.294599294662475586e+00
2.295670270919799805e+00
2.285225152969360352e+00
2.417762041091918945e+00
2.325903177261352539e+00
2.282917261123657227e+00
2.285374402999877930e+00
2.306396961212158203e+00
2.289618492126464844e+00
2.289639711380004883e+00
2.295362472534179688e+00
2.296165704727172852e+00
2.292001485824584961e+00
2.297757625579833984e+00
2.301685571670532227e+00
2.289036989212036133e+00
2.298657417297363281e+00
2.294192552566528320e+00
2.308129072189331055e+00
2.290110588073730469e+00
2.314260721206665039e+00
2.299801588058471680e+00
2.307786941528320312e+00
2.294727563858032227e+00
2.295361757278442383e+00
2.287901401519775391e+00
2.291645288467407227e+00
2.293215274810791016e+00
2.288517713546752930e+00
2.297892332077026367e+00
2.303797006607055664e+00
2.292744398117065430e+00
2.318640708923339844e+00
2.294779777526855469e+00
2.291797876358032227e+00
2.283446073532104492e+00
2.303718328475952148e+00
2.323383808135986328e+00
2.291854858398437500e+00
2.283688068389892578e+00
2.307994604110717773e+00
2.284348249435424805e+00
2.288664102554321289e+00
2.298552036285400391e+00
2.289228200912475586e+00
2.286963224411010742e+00
2.288451194763183594e+00
2.320342779159545898e+00
2.316984653472900391e+00
2.293237447738647461e+00
2.298366308212280273e+00
2.282253980636596680e+00
2.284228086471557617e+00
2.299587011337280273e+00
2.298102140426635742e+00
2.288892984390258789e+00
2.296318054199218750e+00
2.302586078643798828e+00
2.350115776062011719e+00
2.290282964706420898e+00
2.287438869476318359e+00
2.293229818344116211e+00
2.306631088256835938e+00
2.296202182769775391e+00
2.285796880722045898e+00
2.283594131469726562e+00
2.294616699218750000e+00
2.286113977432250977e+00
2.287140369415283203e+00
2.292912721633911133e+00
2.289110660552978516e+00
2.289754152297973633e+00
2.332297086715698242e+00
2.293734073638916016e+00
2.292345046997070312e+00
2.294554233551025391e+00
2.311834812164306641e+00
2.300448656082153320e+00
2.297036409378051758e+00
2.299275159835815430e+00
2.288430929183959961e+00
2.287020206451416016e+00
2.296749830245971680e+00
2.299725770950317383e+00
2.286470651626586914e+00
2.290913343429565430e+00
2.291507959365844727e+00
2.290431737899780273e+00
2.286788702011108398e+00
2.323307991027832031e+00
2.291541099548339844e+00
2.290571928024291992e+00
2.305803775787353516e+00
2.291542291641235352e+00
2.289530754089355469e+00
2.293333053588867188e+00
2.307761192321777344e+00
2.293637990951538086e+00
2.295771121978759766e+00
2.309597969055175781e+00
2.308070182800292969e+00
2.298500061035156250e+00
2.301099061965942383e+00
2.311720609664916992e+00
2.287494182586669922e+00
2.286566257476806641e+00
2.294246435165405273e+00
2.283151149749755859e+00
2.297961711883544922e+00
2.290632486343383789e+00
2.304296493530273438e+00
2.294500589370727539e+00
2.286833763122558594e+00
2.293596744537353516e+00
2.292841672897338867e+00
2.298118114471435547e+00
2.295343160629272461e+00
2.290953159332275391e+00
2.295130968093872070e+00
2.295747280120849609e+00
2.302795171737670898e+00
2.296708106994628906e+00
2.298433303833007812e+00
2.294917106628417969e+00
2.284200668334960938e+00
2.287025213241577148e+00
2.305416822433471680e+00
2.291626453399658203e+00
2.284416675567626953e+00
2.306525230407714844e+00
2.292885065078735352e+00
2.334084510803222656e+00
2.286974906921386719e+00
2.290771484375000000e+00
2.294220447540283203e+00
2.289275646209716797e+00
2.282312393188476562e+00
2.305108308792114258e+00
2.283849000930786133e+00
2.302223443984985352e+00
2.297865390777587891e+00
2.291000604629516602e+00
2.299421310424804688e+00
2.299262762069702148e+00
2.302656650543212891e+00
2.301098823547363281e+00
2.295445442199707031e+00
2.293530941009521484e+00
2.296467781066894531e+00
2.296099901199340820e+00
2.287360429763793945e+00
2.293861389160156250e+00
2.289444923400878906e+00
