3.983705043792724609e-01
3.900103569030761719e-01
3.966760635375976562e-01
3.902533054351806641e-01
3.937807083129882812e-01
3.911442756652832031e-01
3.915956020355224609e-01
3.906502723693847656e-01
4.003088474273681641e-01
3.949759006500244141e-01
3.846538066864013672e-01
5.143628120422363281e-01
4.176955223083496094e-01
3.862497806549072266e-01
3.880627155303955078e-01
4.028723239898681641e-01
3.927376270294189453e-01
3.927600383758544922e-01
3.968293666839599609e-01
3.924598693847656250e-01
3.949339389801025391e-01
3.939633369445800781e-01
3.899707794189453125e-01
3.906509876251220703e-01
3.902311325073242188e-01
3.925073146820068359e-01
3.944208621978759766e-01
3.896675109863281250e-01
3.982863426208496094e-01
3.918292522430419922e-01
3.921799659729003906e-01
3.907892704010009766e-01
3.908379077911376953e-01
3.951122760772705078e-01
3.922593593597412109e-01
3.921504020690917969e-01
3.906161785125732422e-01
3.971374034881591797e-01
3.974189758300781250e-01
3.880705833435058594e-01
3.945803642272949219e-01
3.941662311553955078e-01
3.906681537628173828e-01
3.876581192016601562e-01
4.018805027008056641e-01
3.895893096923828125e-01
3.894815444946289062e-01
3.879895210266113281e-01
3.972768783569335938e-01
3.882865905761718750e-01
3.896245956420898438e-01
4.003419876098632812e-01
3.895635604858398438e-01
3.877186775207519531e-01
3.906047344207763672e-01
4.003007411956787109e-01
3.885135650634765625e-01
3.937923908233642578e-01
4.019544124603271484e-01
3.874161243438720703e-01
3.926832675933837891e-01
3.935856819152832031e-01
4.008605480194091797e-01
3.885855674743652344e-01
3.930692672729492188e-01
3.978743553161621094e-01
3.905355930328369141e-01
3.967401981353759766e-01
3.929948806762695312e-01
3.950026035308837891e-01
3.954184055328369141e-01
3.915905952453613281e-01
3.923048973083496094e-01
3.912096023559570312e-01
3.941314220428466797e-01
3.915569782257080078e-01
3.925051689147949219e-01
3.962264060974121094e-01
3.944456577301025391e-01
3.890800476074218750e-01
3.976762294769287109e-01
3.911464214324951172e-01
3.827662467956542969e-01
3.974585533142089844e-01
3.951132297515869141e-01
3.885118961334228516e-01
3.910255432128906250e-01
3.930065631866455078e-01
3.933434486389160156e-01
3.919324874877929688e-01
3.921175003051757812e-01
4.011719226837158203e-01
3.866109848022460938e-01
3.936734199523925781e-01
3.927876949310302734e-01
3.936116695404052734e-01
3.902106285095214844e-01
3.902626037597656250e-01
3.974723815917968750e-01
3.910198211669921875e-01
3.945360183715820312e-01
3.901422023773193359e-01
3.891584873199462891e-01
3.943700790405273438e-01
3.936440944671630859e-01
3.910422325134277344e-01
3.905026912689208984e-01
3.942599296569824219e-01
3.897521495819091797e-01
3.940422534942626953e-01
3.974494934082031250e-01
3.966219425201416016e-01
3.900101184844970703e-01
3.923673629760742188e-01
3.964066505432128906e-01
3.877372741699218750e-01
3.933424949645996094e-01
3.987517356872558594e-01
3.944983482360839844e-01
3.875250816345214844e-01
3.898255825042724609e-01
3.970901966094970703e-01
3.918092250823974609e-01
3.891966342926025391e-01
3.973829746246337891e-01
3.884994983673095703e-01
3.846554756164550781e-01
4.009351730346679688e-01
3.978836536407470703e-01
3.883881568908691406e-01
3.928921222686767578e-01
3.975391387939453125e-01
3.881063461303710938e-01
3.902955055236816406e-01
3.966832160949707031e-01
3.932209014892578125e-01
3.872923851013183594e-01
3.939309120178222656e-01
4.002275466918945312e-01
3.955199718475341797e-01
3.898329734802246094e-01
3.941729068756103516e-01
3.921558856964111328e-01
3.854417800903320312e-01
3.906514644622802734e-01
3.967692852020263672e-01
3.878574371337890625e-01
3.914234638214111328e-01
3.990547657012939453e-01
3.930945396423339844e-01
3.930451869964599609e-01
3.967607021331787109e-01
3.911702632904052734e-01
3.933289051055908203e-01
3.893330097198486328e-01
3.891148567199707031e-01
3.929910659790039062e-01
3.924705982208251953e-01
3.924930095672607422e-01
3.953468799591064453e-01
3.897914886474609375e-01
