1.431745934486389160e+01
1.381201100349426270e+01
1.406861114501953125e+01
1.442696022987365723e+01
1.429539847373962402e+01
1.446703076362609863e+01
1.425447821617126465e+01
1.437315559387207031e+01
1.475208187103271484e+01
1.377876210212707520e+01
1.384636855125427246e+01
1.485195565223693848e+01
1.432126426696777344e+01
1.449300909042358398e+01
1.436045455932617188e+01
1.438322901725769043e+01
1.381666612625122070e+01
1.382211256027221680e+01
1.438912487030029297e+01
1.481008625030517578e+01
1.380331969261169434e+01
1.383334994316101074e+01
1.474115228652954102e+01
1.491634726524353027e+01
1.443106174468994141e+01
1.378383684158325195e+01
1.376231050491333008e+01
1.408814263343811035e+01
1.445706009864807129e+01
1.376423883438110352e+01
1.436486029624938965e+01
1.387530422210693359e+01
1.414734864234924316e+01
1.464879488945007324e+01
1.459428954124450684e+01
1.493225789070129395e+01
1.398917126655578613e+01
1.465179085731506348e+01
1.422991228103637695e+01
1.403332376480102539e+01
1.381406283378601074e+01
1.464921998977661133e+01
1.458967328071594238e+01
1.432138252258300781e+01
1.434316682815551758e+01
1.393462014198303223e+01
1.407781267166137695e+01
1.397952532768249512e+01
1.382784557342529297e+01
1.440671443939208984e+01
1.457266712188720703e+01
1.432042717933654785e+01
1.436356139183044434e+01
1.459630346298217773e+01
1.429881787300109863e+01
1.446216678619384766e+01
1.441482067108154297e+01
1.457504343986511230e+01
1.417612624168395996e+01
1.485682845115661621e+01
1.469392538070678711e+01
1.393539953231811523e+01
1.478749537467956543e+01
1.421110200881958008e+01
1.382483530044555664e+01
1.471158432960510254e+01
1.449795460700988770e+01
1.440784692764282227e+01
1.427067899703979492e+01
1.456395363807678223e+01
1.408373379707336426e+01
1.426544952392578125e+01
1.436705636978149414e+01
1.423134756088256836e+01
1.446251749992370605e+01
1.433437633514404297e+01
1.481075000762939453e+01
1.378841257095336914e+01
1.435892963409423828e+01
1.464461040496826172e+01
1.378808736801147461e+01
1.417329907417297363e+01
1.380394220352172852e+01
1.495576333999633789e+01
1.381410956382751465e+01
1.459067773818969727e+01
1.426431083679199219e+01
1.453978967666625977e+01
1.435981225967407227e+01
1.395031523704528809e+01
1.382935571670532227e+01
1.384339046478271484e+01
1.427425098419189453e+01
1.386303997039794922e+01
1.395385313034057617e+01
1.451447820663452148e+01
1.427945852279663086e+01
1.413030600547790527e+01
1.429923844337463379e+01
1.435711932182312012e+01
1.421557283401489258e+01
1.408889317512512207e+01
1.434820437431335449e+01
1.472547054290771484e+01
1.406095767021179199e+01
1.482247400283813477e+01
1.436094069480895996e+01
1.391130256652832031e+01
1.442846703529357910e+01
1.475673723220825195e+01
1.425531291961669922e+01
1.382472085952758789e+01
1.443385004997253418e+01
1.414706897735595703e+01
1.391939997673034668e+01
1.433696913719177246e+01
1.437038564682006836e+01
1.442286181449890137e+01
1.384162354469299316e+01
1.386928844451904297e+01
1.459423661231994629e+01
1.405773544311523438e+01
1.430035972595214844e+01
1.425584363937377930e+01
1.474774956703186035e+01
1.389764380455017090e+01
1.446065998077392578e+01
1.462332963943481445e+01
1.459708142280578613e+01
1.428826069831848145e+01
1.484177184104919434e+01
1.414696311950683594e+01
1.427440690994262695e+01
1.385214018821716309e+01
1.382708907127380371e+01
1.488762998580932617e+01
1.407230544090270996e+01
1.434574723243713379e+01
1.478920340538024902e+01
1.429591202735900879e+01
1.379627251625061035e+01
1.449603724479675293e+01
1.377852654457092285e+01
1.459227561950683594e+01
1.426709532737731934e+01
1.419095444679260254e+01
1.463364887237548828e+01
1.375801801681518555e+01
1.452462363243103027e+01
1.466071319580078125e+01
1.402870273590087891e+01
1.417426156997680664e+01
1.442026448249816895e+01
1.434341120719909668e+01
1.462907052040100098e+01
1.439780998229980469e+01
1.454479742050170898e+01
1.383440899848937988e+01
1.427390241622924805e+01
1.424144530296325684e+01
1.413749384880065918e+01
