3.080756425857543945e+00
2.300170660018920898e+00
2.312217473983764648e+00
2.322221040725708008e+00
2.314083814620971680e+00
2.305684566497802734e+00
2.313613653182983398e+00
2.324307441711425781e+00
2.315215349197387695e+00
2.311892509460449219e+00
2.302816390991210938e+00
2.434429168701171875e+00
2.339072942733764648e+00
2.302927970886230469e+00
2.304367065429687500e+00
2.324090003967285156e+00
2.313580036163330078e+00
2.311654090881347656e+00
2.315259218215942383e+00
2.311109304428100586e+00
2.313249349594116211e+00
2.318350076675415039e+00
2.306993007659912109e+00
2.305455446243286133e+00
2.318009138107299805e+00
2.315750837326049805e+00
2.321917295455932617e+00
2.317403554916381836e+00
2.332530736923217773e+00
2.320852279663085938e+00
2.317044734954833984e+00
2.312847375869750977e+00
2.313184261322021484e+00
2.310307264328002930e+00
2.309683084487915039e+00
2.306349992752075195e+00
2.304077625274658203e+00
2.317286729812622070e+00
2.321150541305541992e+00
2.302847385406494141e+00
2.322090387344360352e+00
2.315675020217895508e+00
2.303974866867065430e+00
2.306598424911499023e+00
2.313597440719604492e+00
2.301838636398315430e+00
2.306546688079833984e+00
2.306412696838378906e+00
2.321374654769897461e+00
2.302268505096435547e+00
2.302928686141967773e+00
2.316199779510498047e+00
2.311743021011352539e+00
2.345369338989257812e+00
2.307070016860961914e+00
2.324065446853637695e+00
2.322944879531860352e+00
2.307483434677124023e+00
2.326742887496948242e+00
2.301741361618041992e+00
2.303861141204833984e+00
2.318295240402221680e+00
2.313232660293579102e+00
2.330166578292846680e+00
2.313544988632202148e+00
2.320491313934326172e+00
2.302746295928955078e+00
2.309855222702026367e+00
2.306525468826293945e+00
2.310498476028442383e+00
2.325681686401367188e+00
2.309388875961303711e+00
2.302843570709228516e+00
2.306442499160766602e+00
2.309302568435668945e+00
2.311870336532592773e+00
2.305485725402832031e+00
2.312279462814331055e+00
2.308532238006591797e+00
2.309115171432495117e+00
2.320230960845947266e+00
2.315162658691406250e+00
2.305855512619018555e+00
2.310951232910156250e+00
2.320667743682861328e+00
2.325113534927368164e+00
2.315058469772338867e+00
2.323952436447143555e+00
2.309867143630981445e+00
2.303139686584472656e+00
2.316519021987915039e+00
2.315588235855102539e+00
2.310935258865356445e+00
2.334158182144165039e+00
2.315283060073852539e+00
2.313302278518676758e+00
2.314479589462280273e+00
2.306737899780273438e+00
2.310884475708007812e+00
2.306540966033935547e+00
2.322747230529785156e+00
2.307955026626586914e+00
2.306831836700439453e+00
2.308716773986816406e+00
2.359908342361450195e+00
2.309964179992675781e+00
2.308368206024169922e+00
2.313001155853271484e+00
2.315957784652709961e+00
2.317600011825561523e+00
2.320568561553955078e+00
2.321505069732666016e+00
2.302977323532104492e+00
2.311342000961303711e+00
2.311756610870361328e+00
2.309972524642944336e+00
2.316039800643920898e+00
2.314728260040283203e+00
2.325862407684326172e+00
2.316526174545288086e+00
2.319427013397216797e+00
2.310384750366210938e+00
2.310435056686401367e+00
2.316683769226074219e+00
2.310048818588256836e+00
2.310680150985717773e+00
2.315202236175537109e+00
2.310969829559326172e+00
2.304103136062622070e+00
2.314243316650390625e+00
2.322514295578002930e+00
2.309993505477905273e+00
2.296650648117065430e+00
2.308236837387084961e+00
2.320735692977905273e+00
2.309775829315185547e+00
2.296335458755493164e+00
2.325304031372070312e+00
2.310942411422729492e+00
2.322636604309082031e+00
2.302927970886230469e+00
2.309085607528686523e+00
2.311939239501953125e+00
2.304259777069091797e+00
2.304040908813476562e+00
2.342776298522949219e+00
2.308917999267578125e+00
2.314054250717163086e+00
2.311627149581909180e+00
2.317115545272827148e+00
2.321074247360229492e+00
2.315387248992919922e+00
2.307819366455078125e+00
2.321501970291137695e+00
2.308130025863647461e+00
2.312237739562988281e+00
2.317057609558105469e+00
2.306122541427612305e+00
2.311021089553833008e+00
2.308616161346435547e+00
2.308294773101806641e+00
