3.681965827941894531e+00
2.313607215881347656e+00
2.328797340393066406e+00
2.324475288391113281e+00
2.328173875808715820e+00
2.320502758026123047e+00
2.333323955535888672e+00
2.341747283935546875e+00
2.331901073455810547e+00
2.326204299926757812e+00
2.316186189651489258e+00
2.559572458267211914e+00
2.431081771850585938e+00
2.950684309005737305e+00
2.318827390670776367e+00
2.362372159957885742e+00
2.334351539611816406e+00
2.322872638702392578e+00
2.331478595733642578e+00
2.330681562423706055e+00
2.320058584213256836e+00
2.345124244689941406e+00
2.325798749923706055e+00
2.317974567413330078e+00
2.967585802078247070e+00
2.968842029571533203e+00
2.347669601440429688e+00
2.323032140731811523e+00
2.340992212295532227e+00
2.332852363586425781e+00
2.978186607360839844e+00
2.951431274414062500e+00
2.965252161026000977e+00
2.330623149871826172e+00
2.960133075714111328e+00
2.328418254852294922e+00
2.949993371963500977e+00
2.971443891525268555e+00
2.978624343872070312e+00
2.330635070800781250e+00
2.337009906768798828e+00
2.326891660690307617e+00
2.323889970779418945e+00
2.960088729858398438e+00
2.329255819320678711e+00
2.318541526794433594e+00
2.331859588623046875e+00
2.319800376892089844e+00
2.336835622787475586e+00
2.315940141677856445e+00
2.947889089584350586e+00
2.343631744384765625e+00
2.329834222793579102e+00
2.318858385086059570e+00
2.321018934249877930e+00
2.979644298553466797e+00
2.321639537811279297e+00
2.947377204895019531e+00
2.339978218078613281e+00
2.327291965484619141e+00
2.949310302734375000e+00
2.361351013183593750e+00
2.359274387359619141e+00
2.339057683944702148e+00
2.338172912597656250e+00
2.982700347900390625e+00
2.955930948257446289e+00
2.965914011001586914e+00
2.947771549224853516e+00
2.316605806350708008e+00
2.337797403335571289e+00
2.354624509811401367e+00
2.955795288085937500e+00
2.321932554244995117e+00
2.322079896926879883e+00
2.327819824218750000e+00
2.963738203048706055e+00
2.330057382583618164e+00
2.944324254989624023e+00
2.323807001113891602e+00
2.337697744369506836e+00
2.334939241409301758e+00
2.320089101791381836e+00
2.327696323394775391e+00
3.021120071411132812e+00
2.359447717666625977e+00
2.341139554977416992e+00
2.339202165603637695e+00
2.327417850494384766e+00
2.988910198211669922e+00
2.335032224655151367e+00
2.338793992996215820e+00
2.333991050720214844e+00
2.320546865463256836e+00
2.343427419662475586e+00
2.323484897613525391e+00
2.324498414993286133e+00
2.332776546478271484e+00
2.962325334548950195e+00
2.958755493164062500e+00
2.341170072555541992e+00
2.318973302841186523e+00
2.322174072265625000e+00
2.331999540328979492e+00
2.350893735885620117e+00
2.962818861007690430e+00
2.327064275741577148e+00
2.333441257476806641e+00
2.967078208923339844e+00
2.335971832275390625e+00
2.337777137756347656e+00
2.347999334335327148e+00
2.958907127380371094e+00
2.323172330856323242e+00
2.327548742294311523e+00
2.951398372650146484e+00
2.336266517639160156e+00
2.324531078338623047e+00
2.342863798141479492e+00
2.338618516921997070e+00
2.964003801345825195e+00
2.328315973281860352e+00
2.321865320205688477e+00
2.350677251815795898e+00
2.338177204132080078e+00
2.340271472930908203e+00
2.326907157897949219e+00
2.332994937896728516e+00
2.329868078231811523e+00
2.334063053131103516e+00
2.333318948745727539e+00
2.324736833572387695e+00
2.954985857009887695e+00
2.314188480377197266e+00
2.342414617538452148e+00
2.965744733810424805e+00
2.318327426910400391e+00
2.339930772781372070e+00
2.325620174407958984e+00
2.332926273345947266e+00
2.325282812118530273e+00
2.961151123046875000e+00
2.328911066055297852e+00
2.320041418075561523e+00
2.958740949630737305e+00
2.341255187988281250e+00
2.958300590515136719e+00
2.337335824966430664e+00
2.962866783142089844e+00
2.331199169158935547e+00
2.338612794876098633e+00
2.321613788604736328e+00
2.333622455596923828e+00
2.977764368057250977e+00
2.333148479461669922e+00
2.966692209243774414e+00
2.329920291900634766e+00
2.321456432342529297e+00
2.959031581878662109e+00
2.322794198989868164e+00
2.325886011123657227e+00
