2.698348999023437500e+00
1.984137058258056641e+00
2.282235860824584961e+00
1.935835599899291992e+00
2.545259237289428711e+00
2.545984983444213867e+00
2.557954788208007812e+00
2.570496320724487305e+00
1.927734375000000000e+00
1.926271438598632812e+00
2.554815769195556641e+00
2.142434120178222656e+00
1.946143627166748047e+00
1.951582431793212891e+00
2.556112766265869141e+00
1.921805858612060547e+00
2.539631128311157227e+00
1.924612760543823242e+00
2.550429821014404297e+00
1.933402776718139648e+00
1.925837278366088867e+00
1.934384346008300781e+00
2.545360565185546875e+00
1.937150239944458008e+00
1.939150094985961914e+00
1.940753698348999023e+00
1.946246623992919922e+00
2.553696155548095703e+00
1.974928617477416992e+00
1.950037717819213867e+00
1.949326515197753906e+00
1.945895910263061523e+00
1.932935714721679688e+00
2.540246009826660156e+00
1.927789211273193359e+00
1.929032325744628906e+00
1.926193952560424805e+00
1.929821014404296875e+00
1.934696912765502930e+00
1.929233074188232422e+00
2.565000057220458984e+00
2.548836708068847656e+00
1.936225891113281250e+00
1.928949832916259766e+00
1.933309793472290039e+00
1.929501056671142578e+00
1.932488441467285156e+00
1.932741641998291016e+00
2.607177257537841797e+00
1.932493925094604492e+00
1.925892353057861328e+00
2.540806531906127930e+00
2.547007322311401367e+00
1.927783250808715820e+00
2.543467998504638672e+00
1.938262224197387695e+00
1.931613683700561523e+00
1.923918962478637695e+00
1.932629346847534180e+00
2.542000770568847656e+00
1.924802303314208984e+00
2.581525087356567383e+00
1.925067901611328125e+00
2.565307378768920898e+00
1.934283256530761719e+00
1.944336652755737305e+00
1.930223703384399414e+00
1.918386220932006836e+00
1.928087711334228516e+00
1.920103549957275391e+00
1.960935831069946289e+00
2.546684741973876953e+00
1.931763887405395508e+00
1.948719739913940430e+00
1.924636363983154297e+00
2.556578159332275391e+00
1.945231914520263672e+00
2.558573961257934570e+00
1.921285152435302734e+00
2.555107116699218750e+00
1.963283538818359375e+00
1.930523633956909180e+00
1.936701059341430664e+00
1.948970317840576172e+00
1.968547344207763672e+00
1.966157197952270508e+00
1.933298110961914062e+00
1.942186832427978516e+00
1.929815053939819336e+00
1.930345296859741211e+00
1.941462516784667969e+00
1.967357158660888672e+00
1.954480171203613281e+00
1.928417682647705078e+00
2.556132555007934570e+00
1.937610149383544922e+00
2.554091215133666992e+00
2.542985916137695312e+00
1.922557115554809570e+00
1.943321943283081055e+00
1.972792863845825195e+00
1.927821159362792969e+00
2.549066305160522461e+00
1.925886869430541992e+00
1.950859308242797852e+00
1.940704822540283203e+00
2.559787034988403320e+00
1.929692506790161133e+00
1.958269596099853516e+00
2.561725854873657227e+00
1.929813385009765625e+00
1.944377422332763672e+00
1.936877012252807617e+00
2.550889968872070312e+00
1.931685209274291992e+00
1.945030450820922852e+00
1.938217163085937500e+00
1.921212196350097656e+00
1.942939043045043945e+00
1.934504508972167969e+00
1.934311151504516602e+00
1.933926820755004883e+00
2.541212320327758789e+00
2.558924198150634766e+00
2.537574529647827148e+00
2.035339593887329102e+00
1.946098089218139648e+00
1.919791221618652344e+00
1.921570301055908203e+00
1.958162546157836914e+00
1.946951866149902344e+00
1.921370029449462891e+00
1.924477577209472656e+00
1.927080154418945312e+00
1.940546035766601562e+00
1.931347608566284180e+00
2.542801141738891602e+00
1.940122842788696289e+00
1.927443742752075195e+00
1.932116508483886719e+00
1.925515413284301758e+00
1.929179191589355469e+00
1.937944889068603516e+00
2.549045801162719727e+00
1.932650327682495117e+00
2.561311960220336914e+00
1.932115316390991211e+00
2.559632301330566406e+00
1.929526805877685547e+00
1.934128999710083008e+00
1.935060977935791016e+00
1.922063589096069336e+00
1.938776016235351562e+00
1.938667535781860352e+00
2.549872636795043945e+00
1.937057256698608398e+00
1.936245441436767578e+00
2.539518117904663086e+00
1.926317214965820312e+00
1.924842119216918945e+00
1.927338361740112305e+00
