2.949835852890014820e+00
2.037390491867065556e+00
1.986237763748168961e+00
1.949358431434631278e+00
1.926073394775390524e+00
1.879624398117065498e+00
1.804011026802063045e+00
1.764448905410766599e+00
1.713977392349243178e+00
1.693907972564697273e+00
1.659576405029296930e+00
1.617350899887084914e+00
1.558249856872558681e+00
1.545116973075866706e+00
1.480607385101318396e+00
1.459877517967224092e+00
1.393179687118530241e+00
1.340718066825866694e+00
1.288172998580932704e+00
1.239585525512695297e+00
1.182391747207641508e+00
1.137010751647949292e+00
1.101451400032043448e+00
1.059896864013671891e+00
1.025258234252929723e+00
9.997424983596802095e-01
9.560226796150207429e-01
9.326748463058471827e-01
9.389219951820373389e-01
8.822372197723388210e-01
8.954463099670409987e-01
8.510499133682251083e-01
8.396165144157409221e-01
8.137864904022217294e-01
7.870281783103942885e-01
8.201246234893798670e-01
7.734829102325438965e-01
7.537188471603393225e-01
7.534847083854675498e-01
7.199109932518005239e-01
7.174008864402771080e-01
7.055099781799316627e-01
6.820447015190124196e-01
6.618853544235229203e-01
6.775110880279541226e-01
6.590678886222839372e-01
6.553299668121337351e-01
6.595701710891723746e-01
6.219034377670288327e-01
6.369167256546020006e-01
6.241896089363098143e-01
6.239543622589110994e-01
6.002160466194152999e-01
6.132863824081420390e-01
6.081692834854125485e-01
6.048107896423340346e-01
5.810560114669799381e-01
5.888640466785430849e-01
5.983765122413635673e-01
5.677883336257935065e-01
5.746500197601318582e-01
5.610589237594604262e-01
5.591558760833740260e-01
5.785663659286498506e-01
5.551448667335510123e-01
5.426598896980285858e-01
5.526507868957519776e-01
5.371263766098022252e-01
5.386720759201050202e-01
5.358001351356506126e-01
5.359065355682373077e-01
5.273676839542389416e-01
5.252435847091674326e-01
5.242691391754150665e-01
5.289244678497314611e-01
5.162049880599975937e-01
5.199730206298828206e-01
5.236128075408935656e-01
5.224999700546264503e-01
5.038408740615845094e-01
5.019882965469359970e-01
4.754244960403442577e-01
4.917441940307616943e-01
4.923483150768280248e-01
4.905939846038818164e-01
4.919329612159729082e-01
4.753874463272094730e-01
4.661152744102478040e-01
4.874284333038330086e-01
5.038814304065704075e-01
4.702992350578308334e-01
4.939760635757446394e-01
4.815094495010375786e-01
4.798899788475036732e-01
4.559984423160552969e-01
4.748520697212219033e-01
4.580970452117920089e-01
4.624498498439788552e-01
4.569862181091308706e-01
4.316123817825317510e-01
2.963983171367645109e-01
2.396330980062484628e-01
2.166181392002105577e-01
2.081376736068725475e-01
1.884334427595138473e-01
1.784690503835678066e-01
1.809222680759429991e-01
1.554092179393768425e-01
1.565654265260696398e-01
1.594788139629363943e-01
1.530273397278785752e-01
1.482243001890182488e-01
1.334271551370620756e-01
1.311874392890930163e-01
1.339611975550651646e-01
1.223788351511955197e-01
1.168307215332984872e-01
1.217865122127533006e-01
1.155804453182220498e-01
1.192070499515533455e-01
1.128730961990356413e-01
9.919712232589721068e-02
9.407705785751342697e-02
1.013216784763336237e-01
1.015648752832412766e-01
9.173670139312743721e-02
9.620866531848908110e-02
8.692714962482452068e-02
9.163797641754149736e-02
8.131727151870728199e-02
8.633273445606232110e-02
8.685852349281311668e-02
8.180602710723876292e-02
8.894055930614470917e-02
7.843677077770233597e-02
7.392255053758621519e-02
7.236618570804595474e-02
6.939151912450790272e-02
7.049827235937118630e-02
6.762265752792358253e-02
7.037552402734756352e-02
7.188247019052505793e-02
6.876777271270752279e-02
6.219355662465095302e-02
6.104309585094452179e-02
6.160877880811690965e-02
5.810718525052070704e-02
5.404545581817626898e-02
6.056051436424255557e-02
6.028926387071609216e-02
4.846517488121986073e-02
4.351899109601974763e-02
3.601863056898117060e-02
3.565958088636398543e-02
3.592377573251723938e-02
3.560792391061783080e-02
3.201137129247188379e-02
3.340547141194343678e-02
3.290483345985412839e-02
3.224267459541559078e-02
3.536027606666088119e-02
