1.960999870300292969e+01
1.963999938964843750e+01
2.211999893188476562e+01
2.561999893188476562e+01
2.506999969482421875e+01
2.245999908447265625e+01
2.782999992370605469e+01
3.057999992370605469e+01
2.865999984741210938e+01
3.347999954223632812e+01
3.261999893188476562e+01
3.390999984741210938e+01
3.568000030517578125e+01
4.059000015258789062e+01
4.095999908447265625e+01
3.816999816894531250e+01
3.672999954223632812e+01
4.009999847412109375e+01
4.162999725341796875e+01
4.752000045776367188e+01
5.578999710083007812e+01
4.812999725341796875e+01
5.559000015258789062e+01
5.673999786376953125e+01
5.377000045776367188e+01
4.157999801635742188e+01
5.951999664306640625e+01
6.043000030517578125e+01
5.750000000000000000e+01
5.709000015258789062e+01
5.934000015258789062e+01
4.852999877929687500e+01
5.562999725341796875e+01
3.618000030517578125e+01
5.941999816894531250e+01
5.213999938964843750e+01
4.843999862670898438e+01
5.082999801635742188e+01
5.148999786376953125e+01
4.355999755859375000e+01
5.668999862670898438e+01
5.232999801635742188e+01
6.598999786376953125e+01
5.572999954223632812e+01
6.243999862670898438e+01
5.281999969482421875e+01
6.690000152587890625e+01
7.108000183105468750e+01
5.910999679565429688e+01
6.109000015258789062e+01
4.484000015258789062e+01
6.929999542236328125e+01
6.743000030517578125e+01
4.641999816894531250e+01
6.188999938964843750e+01
6.975999450683593750e+01
7.169999694824218750e+01
6.268999862670898438e+01
6.675999450683593750e+01
7.026999664306640625e+01
6.830999755859375000e+01
6.486000061035156250e+01
6.479999542236328125e+01
7.008999633789062500e+01
4.966999816894531250e+01
5.622999954223632812e+01
5.393999862670898438e+01
6.325999832153320312e+01
6.269999694824218750e+01
6.654999542236328125e+01
6.443999481201171875e+01
6.698999786376953125e+01
6.691999816894531250e+01
6.096999740600585938e+01
6.818000030517578125e+01
6.146999740600585938e+01
6.384000015258789062e+01
5.795999908447265625e+01
7.190999603271484375e+01
6.080999755859375000e+01
7.168000030517578125e+01
7.043000030517578125e+01
4.718999862670898438e+01
6.958000183105468750e+01
7.068999481201171875e+01
6.171999740600585938e+01
6.116999816894531250e+01
6.064999771118164062e+01
7.044999694824218750e+01
7.354000091552734375e+01
5.875000000000000000e+01
6.961999511718750000e+01
6.290999984741210938e+01
6.613999938964843750e+01
6.841999816894531250e+01
6.551999664306640625e+01
5.078999710083007812e+01
6.119999694824218750e+01
6.958999633789062500e+01
7.230999755859375000e+01
8.418999481201171875e+01
8.498999786376953125e+01
8.504000091552734375e+01
8.530999755859375000e+01
8.511999511718750000e+01
8.547000122070312500e+01
8.518000030517578125e+01
8.518000030517578125e+01
8.540999603271484375e+01
8.525000000000000000e+01
8.547000122070312500e+01
8.531999969482421875e+01
8.534999847412109375e+01
8.537999725341796875e+01
8.511000061035156250e+01
8.494999694824218750e+01
8.484999847412109375e+01
8.487999725341796875e+01
8.523999786376953125e+01
8.455999755859375000e+01
8.459999847412109375e+01
8.438999938964843750e+01
8.466999816894531250e+01
8.490000152587890625e+01
8.440000152587890625e+01
8.470999908447265625e+01
8.463999938964843750e+01
8.440999603271484375e+01
8.300999450683593750e+01
8.461000061035156250e+01
8.362999725341796875e+01
8.373999786376953125e+01
8.462999725341796875e+01
8.448999786376953125e+01
8.500000000000000000e+01
8.493000030517578125e+01
8.413999938964843750e+01
8.443000030517578125e+01
8.506999969482421875e+01
8.434999847412109375e+01
8.354999542236328125e+01
8.479999542236328125e+01
8.429999542236328125e+01
8.469999694824218750e+01
8.418999481201171875e+01
8.515000152587890625e+01
8.419999694824218750e+01
8.455999755859375000e+01
8.361000061035156250e+01
8.415999603271484375e+01
8.522000122070312500e+01
8.518999481201171875e+01
8.526999664306640625e+01
8.543000030517578125e+01
8.529000091552734375e+01
8.540999603271484375e+01
8.529999542236328125e+01
8.536000061035156250e+01
8.523999786376953125e+01
8.532999420166015625e+01
8.529000091552734375e+01
