3.981812000274658203e-01
3.895802497863769531e-01
3.965160846710205078e-01
3.897576332092285156e-01
3.935365676879882812e-01
3.907756805419921875e-01
3.913235664367675781e-01
3.907394409179687500e-01
3.999471664428710938e-01
3.943252563476562500e-01
3.841769695281982422e-01
5.308208465576171875e-01
4.268124103546142578e-01
3.860547542572021484e-01
3.876092433929443359e-01
4.027431011199951172e-01
3.922519683837890625e-01
3.927452564239501953e-01
3.967528343200683594e-01
3.924062252044677734e-01
3.950257301330566406e-01
3.937783241271972656e-01
3.893735408782958984e-01
3.906595706939697266e-01
3.901367187500000000e-01
3.929421901702880859e-01
3.942770957946777344e-01
3.898034095764160156e-01
3.986845016479492188e-01
3.922274112701416016e-01
3.925704956054687500e-01
3.910453319549560547e-01
3.907175064086914062e-01
3.945360183715820312e-01
3.920812606811523438e-01
3.909883499145507812e-01
3.901913166046142578e-01
3.978123664855957031e-01
3.977699279785156250e-01
3.876187801361083984e-01
3.942067623138427734e-01
3.935849666595458984e-01
3.902366161346435547e-01
3.872394561767578125e-01
4.014377593994140625e-01
3.890171051025390625e-01
3.894784450531005859e-01
3.871560096740722656e-01
3.973596096038818359e-01
3.876924514770507812e-01
3.893887996673583984e-01
3.997058868408203125e-01
3.891479969024658203e-01
3.869998455047607422e-01
3.899304866790771484e-01
4.001502990722656250e-01
3.882074356079101562e-01
3.933866024017333984e-01
4.016962051391601562e-01
3.868644237518310547e-01
3.921875953674316406e-01
3.935329914093017578e-01
4.007117748260498047e-01
3.886041641235351562e-01
3.947062492370605469e-01
3.976409435272216797e-01
3.903067111968994141e-01
3.959317207336425781e-01
3.926515579223632812e-01
3.950371742248535156e-01
3.957991600036621094e-01
3.916144371032714844e-01
3.922898769378662109e-01
3.906843662261962891e-01
3.950564861297607422e-01
3.910956382751464844e-01
3.925690650939941406e-01
3.964648246765136719e-01
3.941905498504638672e-01
3.893806934356689453e-01
3.979640007019042969e-01
3.912816047668457031e-01
3.830046653747558594e-01
3.981120586395263672e-01
3.954331874847412109e-01
3.890056610107421875e-01
3.908262252807617188e-01
3.933517932891845703e-01
3.934400081634521484e-01
3.917205333709716797e-01
3.921487331390380859e-01
4.009876251220703125e-01
3.863782882690429688e-01
3.935074806213378906e-01
3.925025463104248047e-01
3.936181068420410156e-01
3.902957439422607422e-01
3.902564048767089844e-01
3.976340293884277344e-01
3.911015987396240234e-01
3.948156833648681641e-01
3.906836509704589844e-01
3.891875743865966797e-01
3.944413661956787109e-01
3.941047191619873047e-01
3.910403251647949219e-01
3.906297683715820312e-01
3.943805694580078125e-01
3.897783756256103516e-01
3.941159248352050781e-01
3.976130485534667969e-01
3.967869281768798828e-01
3.897132873535156250e-01
3.923668861389160156e-01
3.965196609497070312e-01
3.877110481262207031e-01
3.935010433197021484e-01
3.986141681671142578e-01
3.947651386260986328e-01
3.878369331359863281e-01
3.894281387329101562e-01
3.969364166259765625e-01
3.913092613220214844e-01
3.885567188262939453e-01
3.969178199768066406e-01
3.883616924285888672e-01
3.844876289367675781e-01
4.004497528076171875e-01
3.976969718933105469e-01
3.884444236755371094e-01
3.930420875549316406e-01
3.971912860870361328e-01
3.880355358123779297e-01
3.903365135192871094e-01
3.968040943145751953e-01
3.931579589843750000e-01
3.869938850402832031e-01
3.943493366241455078e-01
4.000670909881591797e-01
3.957886695861816406e-01
3.902716636657714844e-01
3.941390514373779297e-01
3.925995826721191406e-01
3.856329917907714844e-01
3.905103206634521484e-01
3.967907428741455078e-01
3.879547119140625000e-01
3.921022415161132812e-01
3.988482952117919922e-01
3.934783935546875000e-01
3.935012817382812500e-01
3.970375061035156250e-01
3.912663459777832031e-01
3.935918807983398438e-01
3.892703056335449219e-01
3.894920349121093750e-01
3.926758766174316406e-01
3.925635814666748047e-01
3.926281929016113281e-01
3.953595161437988281e-01
3.889174461364746094e-01
