2.682340860366821289e+00
1.910250663757324219e+00
1.915604591369628906e+00
1.931922674179077148e+00
1.920324325561523438e+00
1.914576053619384766e+00
1.922033786773681641e+00
1.933669567108154297e+00
1.914868354797363281e+00
1.917657613754272461e+00
1.918230772018432617e+00
1.920028686523437500e+00
1.921365022659301758e+00
1.916579723358154297e+00
1.916305065155029297e+00
1.921180963516235352e+00
1.920883655548095703e+00
1.918941736221313477e+00
1.918480873107910156e+00
1.918567657470703125e+00
1.918230295181274414e+00
1.924355745315551758e+00
1.917046308517456055e+00
1.914788246154785156e+00
1.927733421325683594e+00
1.923215866088867188e+00
1.927559375762939453e+00
1.927695751190185547e+00
1.934270620346069336e+00
1.929008960723876953e+00
1.924873590469360352e+00
1.921753644943237305e+00
1.922267436981201172e+00
1.915253162384033203e+00
1.917376279830932617e+00
1.914211034774780273e+00
1.913367271423339844e+00
1.920084714889526367e+00
1.923739194869995117e+00
1.914736986160278320e+00
1.927522182464599609e+00
1.921517133712768555e+00
1.913266658782958984e+00
1.918860197067260742e+00
1.911671876907348633e+00
1.912358045578002930e+00
1.917108535766601562e+00
1.918582677841186523e+00
1.924129009246826172e+00
1.913948297500610352e+00
1.913231611251831055e+00
1.915881633758544922e+00
1.922259569168090820e+00
1.957802057266235352e+00
1.916480541229248047e+00
1.923707723617553711e+00
1.934386968612670898e+00
1.913614273071289062e+00
1.924785852432250977e+00
1.914351701736450195e+00
1.911086082458496094e+00
1.925294637680053711e+00
1.912349462509155273e+00
1.941624879837036133e+00
1.920498371124267578e+00
1.922536611557006836e+00
1.912158250808715820e+00
1.913954257965087891e+00
1.913469314575195312e+00
1.915466308593750000e+00
1.930179119110107422e+00
1.917775630950927734e+00
1.910501003265380859e+00
1.915211677551269531e+00
1.914085388183593750e+00
1.920349597930908203e+00
1.912900209426879883e+00
1.916045904159545898e+00
1.914000749588012695e+00
1.920027494430541992e+00
1.922564983367919922e+00
1.924044132232666016e+00
1.923058271408081055e+00
1.913028717041015625e+00
1.925557613372802734e+00
1.936537742614746094e+00
1.924001693725585938e+00
1.930909633636474609e+00
1.916457176208496094e+00
1.911139011383056641e+00
1.924362659454345703e+00
1.914385557174682617e+00
1.924289941787719727e+00
1.940582990646362305e+00
1.922533512115478516e+00
1.919629096984863281e+00
1.924193859100341797e+00
1.916502714157104492e+00
1.913367509841918945e+00
1.915445804595947266e+00
1.928174734115600586e+00
1.917786598205566406e+00
1.917665243148803711e+00
1.914323091506958008e+00
1.966229915618896484e+00
1.918861865997314453e+00
1.917838096618652344e+00
1.918731927871704102e+00
1.926130294799804688e+00
1.923606634140014648e+00
1.923052072525024414e+00
1.924814462661743164e+00
1.912893056869506836e+00
1.918987989425659180e+00
1.915340662002563477e+00
1.922135829925537109e+00
1.922674417495727539e+00
1.915918827056884766e+00
1.931324481964111328e+00
1.929013013839721680e+00
1.929513454437255859e+00
1.913251638412475586e+00
1.918688058853149414e+00
1.927498340606689453e+00
1.912705183029174805e+00
1.922245502471923828e+00
1.930616617202758789e+00
1.910025119781494141e+00
1.906174659729003906e+00
1.925845384597778320e+00
1.929612636566162109e+00
1.913147687911987305e+00
1.908450603485107422e+00
1.917939901351928711e+00
1.924047708511352539e+00
1.916530132293701172e+00
1.909051895141601562e+00
1.931384086608886719e+00
1.910704612731933594e+00
1.927104473114013672e+00
1.913099765777587891e+00
1.914874792098999023e+00
1.919716835021972656e+00
1.918795585632324219e+00
1.913313627243041992e+00
1.946021556854248047e+00
1.921080827713012695e+00
1.922288179397583008e+00
1.912484884262084961e+00
1.923948049545288086e+00
1.927893161773681641e+00
1.918615102767944336e+00
1.916596174240112305e+00
1.928133726119995117e+00
1.918765544891357422e+00
1.923140764236450195e+00
1.924067020416259766e+00
1.913702726364135742e+00
1.918489456176757812e+00
1.913196563720703125e+00
1.918482303619384766e+00
