2.947212494087219081e+00
1.956692143859863231e+00
1.818529419288635207e+00
1.727841945877075291e+00
1.664831173400878939e+00
1.581382813911438090e+00
1.490375256385803260e+00
1.429847825698852493e+00
1.376417236442565972e+00
1.319135343055725107e+00
1.276183356704711835e+00
1.234498058547973676e+00
1.201617287464141759e+00
1.144417428054809616e+00
1.107876040382385296e+00
1.085498405990600546e+00
1.047388369026184041e+00
1.028554892597198567e+00
9.910982419204712457e-01
9.735211766624450869e-01
9.343077874755859602e-01
9.458758977317810457e-01
9.069743122482299968e-01
8.831932726287842206e-01
8.731475569534301595e-01
8.604949843025208045e-01
8.399971340751647420e-01
8.171294651031494327e-01
8.235886372756957563e-01
7.877594168663024643e-01
7.717122154998778960e-01
7.651890237998962840e-01
7.516961472129821686e-01
7.158789813613891662e-01
7.071289886665343971e-01
7.055927067947387332e-01
6.757483973884582662e-01
6.704770240974425866e-01
6.493828039550780806e-01
6.407432723426819132e-01
6.205464034652710126e-01
6.271523350143433095e-01
6.063104518127441223e-01
5.893643350028991978e-01
5.880828447818755578e-01
5.750678211784362448e-01
5.732463669681548968e-01
5.619550687599181860e-01
5.536860390472412297e-01
5.587467007160187293e-01
5.411875061225891459e-01
5.398013128089904633e-01
5.283299089717864438e-01
5.429896453857422367e-01
5.173183681774139453e-01
5.146760632324218765e-01
5.022774882698058940e-01
4.956592433738708503e-01
5.035174860000610764e-01
4.898958842086791887e-01
5.143513080120086789e-01
4.805858234977722354e-01
4.664250273895263477e-01
4.934827969264984349e-01
4.467051442718505960e-01
4.516152680778503514e-01
4.444881378555297635e-01
4.381267011547088641e-01
4.480841408157348882e-01
4.531320853996276821e-01
4.505515165328979332e-01
4.520625758552551110e-01
4.298818697643280173e-01
4.333996958732604932e-01
4.322799693298339796e-01
4.173101344203948848e-01
4.169618091106414570e-01
4.126603279876708830e-01
4.195230714607238731e-01
4.160909829521179382e-01
4.223900225925445451e-01
4.135224795246124074e-01
4.057310748863220407e-01
3.891405573368072468e-01
3.882402598285675244e-01
3.946023081398010168e-01
3.876806079673766892e-01
3.932857638168335002e-01
4.030979606437682938e-01
4.012375303363799883e-01
3.842224378395080464e-01
3.850607464981078976e-01
3.824452773094177416e-01
3.764816281509399398e-01
3.686527069187164329e-01
3.692806031990051308e-01
3.565056787681579742e-01
3.789148330688476562e-01
3.757648419094085646e-01
3.583521921920776454e-01
2.394962973117828464e-01
2.035755646371841532e-01
1.870633704090118310e-01
1.757733029603958108e-01
1.698210327434539757e-01
1.598380889463424659e-01
1.559657184028625521e-01
1.526612677574157584e-01
1.465166587400436315e-01
1.480589342737198000e-01
1.423759723949432343e-01
1.317242266702652043e-01
1.330992184782028298e-01
1.316731355798244352e-01
1.236140684461593670e-01
1.231054507923126234e-01
1.249566082620620772e-01
1.166913661360740595e-01
1.125286373805999690e-01
1.115894495153427063e-01
1.057721315574645937e-01
1.086074147605896045e-01
1.120876924848556583e-01
1.080112522077560366e-01
9.996033767700195083e-02
9.071615940332412864e-02
9.191836192131042083e-02
9.410709995508194370e-02
9.415874640703200682e-02
8.904996735095978277e-02
8.532761562824249524e-02
7.572947131872177773e-02
7.923225617766380124e-02
7.726458197116851945e-02
8.361498135089874550e-02
8.227418292999268135e-02
8.289693832635879056e-02
7.890123828053474675e-02
6.937137330532074098e-02
8.306141533374786223e-02
7.471488807678222654e-02
7.337663588285446570e-02
7.175953503131866917e-02
7.082175538063049947e-02
6.953467013239859884e-02
6.853554658770560915e-02
6.920864457607268927e-02
6.851580626010894681e-02
6.977943995952606837e-02
6.748856910705566814e-02
5.089342839360237042e-02
4.701847569704056123e-02
4.739846184849739325e-02
4.699793087601661368e-02
4.296735106468200366e-02
4.139180674195289816e-02
4.009279152035713500e-02
4.050598851442337167e-02
4.780004235029220588e-02
4.326171827673912229e-02
4.269483420729636852e-02
