3.983626365661621094e-01
3.899223804473876953e-01
3.965973854064941406e-01
3.902916908264160156e-01
3.937039375305175781e-01
3.910171985626220703e-01
3.915333747863769531e-01
3.905985355377197266e-01
4.003217220306396484e-01
3.942506313323974609e-01
3.845350742340087891e-01
5.143496990203857422e-01
4.176788330078125000e-01
3.862648010253906250e-01
3.880002498626708984e-01
4.028944969177246094e-01
3.926243782043457031e-01
3.927137851715087891e-01
3.967177867889404297e-01
3.919887542724609375e-01
3.949837684631347656e-01
3.939650058746337891e-01
3.898365497589111328e-01
3.906500339508056641e-01
3.902356624603271484e-01
3.925163745880126953e-01
3.943700790405273438e-01
3.896546363830566406e-01
3.982360363006591797e-01
3.918402194976806641e-01
3.921494483947753906e-01
3.910377025604248047e-01
3.908824920654296875e-01
3.949923515319824219e-01
3.922376632690429688e-01
3.921377658843994141e-01
3.906435966491699219e-01
3.971290588378906250e-01
3.973877429962158203e-01
3.880832195281982422e-01
3.945066928863525391e-01
3.940622806549072266e-01
3.906986713409423828e-01
3.876676559448242188e-01
4.019482135772705078e-01
3.894963264465332031e-01
3.894178867340087891e-01
3.878860473632812500e-01
3.971769809722900391e-01
3.883354663848876953e-01
3.896293640136718750e-01
4.002332687377929688e-01
3.894023895263671875e-01
3.875904083251953125e-01
3.904833793640136719e-01
4.003009796142578125e-01
3.885214328765869141e-01
3.938186168670654297e-01
4.019565582275390625e-01
3.873150348663330078e-01
3.927042484283447266e-01
3.929405212402343750e-01
4.008977413177490234e-01
3.885009288787841797e-01
3.930244445800781250e-01
3.978998661041259766e-01
3.905382156372070312e-01
3.958618640899658203e-01
3.929991722106933594e-01
3.949897289276123047e-01
3.954241275787353516e-01
3.915460109710693359e-01
3.923006057739257812e-01
3.912250995635986328e-01
3.951842784881591797e-01
3.914487361907958984e-01
3.925137519836425781e-01
3.961913585662841797e-01
3.944635391235351562e-01
3.890206813812255859e-01
3.976533412933349609e-01
3.911116123199462891e-01
3.827452659606933594e-01
3.978698253631591797e-01
3.950819969177246094e-01
3.885030746459960938e-01
3.910515308380126953e-01
3.930039405822753906e-01
3.933780193328857422e-01
3.919529914855957031e-01
3.921267986297607422e-01
4.011969566345214844e-01
3.866264820098876953e-01
3.935716152191162109e-01
3.926851749420166016e-01
3.936326503753662109e-01
3.901760578155517578e-01
3.902151584625244141e-01
3.974406719207763672e-01
3.910131454467773438e-01
3.945083618164062500e-01
3.901159763336181641e-01
3.891062736511230469e-01
3.943521976470947266e-01
3.936204910278320312e-01
3.910479545593261719e-01
3.904440402984619141e-01
3.942217826843261719e-01
3.897752761840820312e-01
3.939735889434814453e-01
3.974535465240478516e-01
3.966150283813476562e-01
3.900179862976074219e-01
3.922955989837646484e-01
3.964171409606933594e-01
3.877766132354736328e-01
3.933277130126953125e-01
3.987860679626464844e-01
3.945009708404541016e-01
3.874776363372802734e-01
3.898489475250244141e-01
3.971011638641357422e-01
3.916862010955810547e-01
3.891139030456542969e-01
3.972637653350830078e-01
3.884208202362060547e-01
3.846077919006347656e-01
4.009599685668945312e-01
3.979012966156005859e-01
3.883619308471679688e-01
3.928909301757812500e-01
3.968327045440673828e-01
3.881044387817382812e-01
3.902664184570312500e-01
3.966419696807861328e-01
3.932108879089355469e-01
3.872003555297851562e-01
3.938834667205810547e-01
4.002096652984619141e-01
3.954904079437255859e-01
3.897850513458251953e-01
3.941612243652343750e-01
3.921489715576171875e-01
3.853824138641357422e-01
3.906626701354980469e-01
3.967127799987792969e-01
3.874118328094482422e-01
3.917245864868164062e-01
3.990614414215087891e-01
3.930578231811523438e-01
3.930811882019042969e-01
3.967332839965820312e-01
3.911707401275634766e-01
3.933331966400146484e-01
3.892886638641357422e-01
3.891229629516601562e-01
3.929681777954101562e-01
3.923666477203369141e-01
3.924884796142578125e-01
3.953602313995361328e-01
3.897724151611328125e-01
