1.901000022888183594e+01
2.536999893188476562e+01
2.895999908447265625e+01
3.090999984741210938e+01
3.430999755859375000e+01
4.070000076293945312e+01
3.577999877929687500e+01
4.177999877929687500e+01
4.362999725341796875e+01
4.405999755859375000e+01
4.262999725341796875e+01
4.252000045776367188e+01
5.532999801635742188e+01
5.493999862670898438e+01
5.644999694824218750e+01
4.371999740600585938e+01
5.951999664306640625e+01
6.318000030517578125e+01
5.964999771118164062e+01
6.419999694824218750e+01
5.129999923706054688e+01
5.736999893188476562e+01
6.212999725341796875e+01
6.168000030517578125e+01
5.480999755859375000e+01
6.150999832153320312e+01
6.112999725341796875e+01
6.393999862670898438e+01
6.111999893188476562e+01
5.419999694824218750e+01
5.344999694824218750e+01
6.098999786376953125e+01
6.479999542236328125e+01
5.780999755859375000e+01
6.445999908447265625e+01
6.909999847412109375e+01
6.373999786376953125e+01
6.609999847412109375e+01
6.755999755859375000e+01
6.676999664306640625e+01
5.678999710083007812e+01
6.275999832153320312e+01
6.320999908447265625e+01
6.300000000000000000e+01
6.268000030517578125e+01
5.619999694824218750e+01
5.977999877929687500e+01
5.613999938964843750e+01
5.041999816894531250e+01
6.661999511718750000e+01
7.333000183105468750e+01
6.690000152587890625e+01
5.441999816894531250e+01
6.618000030517578125e+01
6.954999542236328125e+01
5.150000000000000000e+01
6.813999938964843750e+01
5.661999893188476562e+01
6.955999755859375000e+01
7.315999603271484375e+01
6.344999694824218750e+01
5.493999862670898438e+01
6.806999969482421875e+01
6.815999603271484375e+01
6.381999969482421875e+01
6.102999877929687500e+01
5.857999801635742188e+01
6.737999725341796875e+01
7.733000183105468750e+01
7.270999908447265625e+01
7.422000122070312500e+01
4.941999816894531250e+01
7.480999755859375000e+01
7.461999511718750000e+01
6.004999923706054688e+01
7.454999542236328125e+01
7.629999542236328125e+01
7.650999450683593750e+01
7.538999938964843750e+01
8.037999725341796875e+01
7.290000152587890625e+01
6.675000000000000000e+01
7.279999542236328125e+01
6.616999816894531250e+01
7.480999755859375000e+01
6.813999938964843750e+01
7.136000061035156250e+01
6.526000213623046875e+01
6.843999481201171875e+01
7.618999481201171875e+01
6.700999450683593750e+01
5.571999740600585938e+01
6.902999877929687500e+01
7.518000030517578125e+01
7.759999847412109375e+01
7.361999511718750000e+01
5.995999908447265625e+01
6.290999984741210938e+01
7.773999786376953125e+01
3.218000030517578125e+01
8.966999816894531250e+01
9.031999969482421875e+01
9.027999877929687500e+01
9.030999755859375000e+01
9.044999694824218750e+01
9.033999633789062500e+01
9.045999908447265625e+01
9.048999786376953125e+01
9.038999938964843750e+01
9.066999816894531250e+01
9.082999420166015625e+01
9.061000061035156250e+01
9.063999938964843750e+01
9.079999542236328125e+01
9.052999877929687500e+01
9.079000091552734375e+01
9.012999725341796875e+01
9.050000000000000000e+01
9.056999969482421875e+01
9.065999603271484375e+01
9.015000152587890625e+01
9.054000091552734375e+01
8.945999908447265625e+01
9.050000000000000000e+01
8.959999847412109375e+01
9.037999725341796875e+01
9.020999908447265625e+01
9.008999633789062500e+01
9.080999755859375000e+01
9.057999420166015625e+01
8.986000061035156250e+01
9.050000000000000000e+01
9.056999969482421875e+01
9.025000000000000000e+01
9.064999389648437500e+01
9.050999450683593750e+01
9.040999603271484375e+01
8.968999481201171875e+01
9.063999938964843750e+01
8.965000152587890625e+01
8.940000152587890625e+01
9.036999511718750000e+01
8.940999603271484375e+01
9.037999725341796875e+01
8.909999847412109375e+01
9.019999694824218750e+01
9.018999481201171875e+01
9.005999755859375000e+01
8.922000122070312500e+01
8.994999694824218750e+01
9.113999938964843750e+01
9.119999694824218750e+01
9.115999603271484375e+01
9.118000030517578125e+01
9.111999511718750000e+01
9.132999420166015625e+01
9.123999786376953125e+01
9.106999969482421875e+01
9.118000030517578125e+01
9.138999938964843750e+01
9.123999786376953125e+01
