2.833143740158081236e+00
2.046247624320983949e+00
1.975469249000549210e+00
1.936443393745422403e+00
1.917009200363159138e+00
1.886557853164672949e+00
1.810825217208862359e+00
1.767553963432312081e+00
1.727459133224487298e+00
1.678438321685790990e+00
1.645812427825927626e+00
1.615925080909728973e+00
1.581275974235534676e+00
1.542123167419433560e+00
1.493642070655822662e+00
1.439003000755310069e+00
1.401121049652099604e+00
1.332218314437866313e+00
1.296451714248657128e+00
1.243047205810546840e+00
1.204179660987853895e+00
1.154608931274414108e+00
1.113845527610778818e+00
1.071547817115783729e+00
1.065699493293762234e+00
1.015368528823852534e+00
1.000993924655914302e+00
9.728987090492248191e-01
9.492268817520141955e-01
9.239823756408691580e-01
8.904158845138550049e-01
8.707296692276000893e-01
8.671913575172424116e-01
8.399145975494384242e-01
8.295169348335266202e-01
7.998903258132934457e-01
7.997936709022521740e-01
7.759988937759398908e-01
7.452756141853332794e-01
7.281544060134887975e-01
7.222555231475830118e-01
7.196378296279907216e-01
7.093423423957824214e-01
6.919714949035644658e-01
6.926281227779388372e-01
6.884069342803954550e-01
6.684704167556763110e-01
6.494728517913818111e-01
6.640683496284485177e-01
6.451310103034972876e-01
6.331721772193908970e-01
6.301890245056152029e-01
6.367576948928832525e-01
6.019959663772582736e-01
6.182471138095855245e-01
6.026202940750121639e-01
6.053141837692260774e-01
5.776414081001282064e-01
6.045450395202637273e-01
5.778718600082397572e-01
5.846584351539612090e-01
5.778908008193969215e-01
5.573396973800659460e-01
5.592258826065062971e-01
5.598055076789856255e-01
5.675864819908141845e-01
5.532083266067504557e-01
5.385849549293517669e-01
5.556784105300903720e-01
5.381768439865112219e-01
5.470056797218322275e-01
5.499725293159485329e-01
5.548422124290466328e-01
5.409730244827271051e-01
5.190266127681731900e-01
5.408106550788879252e-01
5.238534414005279194e-01
5.229416049194336447e-01
4.865756425857544198e-01
5.226546819496155072e-01
5.030047343254089309e-01
5.152023370170593086e-01
5.212790885543823194e-01
5.000121216106414579e-01
4.963951966476440325e-01
5.128940186882019470e-01
4.876079418945312716e-01
4.986380715370178351e-01
4.668592171382904277e-01
4.673019428157806354e-01
5.013997072219849027e-01
4.791222305965423534e-01
4.611157502269744857e-01
4.766256886959076011e-01
4.675520508575439216e-01
4.796544030761718536e-01
4.619000012207031269e-01
4.592269000053405548e-01
4.904727695274352928e-01
4.671815001869201733e-01
2.912694998884201025e-01
2.349757108306884668e-01
2.172120417714119012e-01
1.987985384964942870e-01
1.940528220987320085e-01
1.893503933811187812e-01
1.726596755838394059e-01
1.617970707082748427e-01
1.613047115230560324e-01
1.576087983465194742e-01
1.505925074815750164e-01
1.491209392690658608e-01
1.348673479199409553e-01
1.340544114875793502e-01
1.263241802537441172e-01
1.314602392625808802e-01
1.215599975490570112e-01
1.284614138746261458e-01
1.104156550335884113e-01
1.055375893211364796e-01
1.128668084907531732e-01
1.082726538228988705e-01
1.064195800876617387e-01
1.036073099470138509e-01
9.758021608352661358e-02
8.963991781711577733e-02
9.674326796054839861e-02
9.334450445652008044e-02
8.641410340309142735e-02
8.736109908819199299e-02
8.539042879104613570e-02
8.549349475860595904e-02
7.821921465158462872e-02
7.761471283435820989e-02
7.715535167932510707e-02
7.417047312617301713e-02
6.802201646387577572e-02
7.002141863226890584e-02
7.111598293066025145e-02
6.967511415958405063e-02
6.872874957293272080e-02
6.468005229949951029e-02
6.901263720512390565e-02
6.907564029216765877e-02
6.512129825353622781e-02
5.667631181240082028e-02
6.422942098677159040e-02
6.594087030768394642e-02
6.095553670525551138e-02
5.773743716955184735e-02
4.442150455355644428e-02
4.019009638905525483e-02
4.367889295816421852e-02
3.627033014297485064e-02
3.572375497102737302e-02
3.779136793851852610e-02
3.368731692790984805e-02
3.187327329218387489e-02
3.447646249771118415e-02
3.254703601121902712e-02
3.040767728328704761e-02
