1.432026004791259766e+01
1.410945248603820801e+01
1.398572182655334473e+01
1.435211896896362305e+01
1.459985852241516113e+01
1.460611796379089355e+01
1.479872679710388184e+01
1.452870917320251465e+01
1.510040664672851562e+01
1.442693853378295898e+01
1.431939005851745605e+01
1.523079752922058105e+01
1.451499295234680176e+01
1.466557240486145020e+01
1.433425402641296387e+01
1.460294246673583984e+01
1.444342017173767090e+01
1.457932496070861816e+01
1.482851171493530273e+01
1.493639445304870605e+01
1.456507205963134766e+01
1.427339506149291992e+01
1.471162962913513184e+01
1.482099390029907227e+01
1.445946145057678223e+01
1.454241514205932617e+01
1.419420003890991211e+01
1.457991504669189453e+01
1.473711895942687988e+01
1.470507454872131348e+01
1.441485261917114258e+01
1.425468564033508301e+01
1.456715083122253418e+01
1.456345272064208984e+01
1.444082117080688477e+01
1.474343037605285645e+01
1.430708503723144531e+01
1.481081318855285645e+01
1.437259912490844727e+01
1.448247814178466797e+01
1.413905310630798340e+01
1.455624294281005859e+01
1.486293983459472656e+01
1.449614214897155762e+01
1.427743577957153320e+01
1.450000238418579102e+01
1.436642670631408691e+01
1.478558135032653809e+01
1.417349910736083984e+01
1.430679464340209961e+01
1.464512801170349121e+01
1.441298604011535645e+01
1.428495645523071289e+01
1.476376056671142578e+01
1.448943257331848145e+01
1.497373104095458984e+01
1.450890183448791504e+01
1.474021530151367188e+01
1.447544288635253906e+01
1.469309520721435547e+01
1.475836491584777832e+01
1.419041562080383301e+01
1.486141657829284668e+01
1.452722311019897461e+01
1.432680296897888184e+01
1.452937245368957520e+01
1.461385297775268555e+01
1.445989537239074707e+01
1.460411834716796875e+01
1.489076328277587891e+01
1.447906088829040527e+01
1.457377171516418457e+01
1.448715639114379883e+01
1.420128393173217773e+01
1.445795822143554688e+01
1.443298578262329102e+01
1.485462474822998047e+01
1.445405316352844238e+01
1.444800782203674316e+01
1.435189867019653320e+01
1.402857494354248047e+01
1.445304536819458008e+01
1.488125467300415039e+01
1.450804996490478516e+01
1.409917092323303223e+01
1.452738428115844727e+01
1.458759617805480957e+01
1.459314656257629395e+01
1.454837822914123535e+01
1.403809309005737305e+01
1.445146822929382324e+01
1.436614871025085449e+01
1.447063064575195312e+01
1.421811079978942871e+01
1.442074775695800781e+01
1.464497327804565430e+01
1.455606675148010254e+01
1.432264375686645508e+01
1.422796750068664551e+01
1.436247992515563965e+01
1.477780055999755859e+01
1.450366854667663574e+01
1.425053048133850098e+01
1.453678464889526367e+01
1.444283485412597656e+01
1.466623401641845703e+01
1.437125349044799805e+01
1.494856262207031250e+01
1.450338792800903320e+01
1.443089509010314941e+01
1.440881538391113281e+01
1.399448299407958984e+01
1.454441308975219727e+01
1.412213659286499023e+01
1.452727222442626953e+01
1.444633746147155762e+01
1.436122179031372070e+01
1.459726166725158691e+01
1.490488100051879883e+01
1.484500789642333984e+01
1.472106027603149414e+01
1.429559445381164551e+01
1.430199551582336426e+01
1.444037890434265137e+01
1.441749906539916992e+01
1.428862023353576660e+01
1.461248445510864258e+01
1.514650726318359375e+01
1.469129180908203125e+01
1.456408572196960449e+01
1.475513458251953125e+01
1.430685257911682129e+01
1.454665994644165039e+01
1.458442592620849609e+01
1.451808643341064453e+01
1.459782958030700684e+01
1.434150481224060059e+01
1.444275307655334473e+01
1.460788583755493164e+01
1.443394780158996582e+01
1.462448954582214355e+01
1.423940849304199219e+01
1.413421654701232910e+01
1.456704545021057129e+01
1.429762434959411621e+01
1.466730737686157227e+01
1.460558891296386719e+01
1.433469843864440918e+01
1.480764460563659668e+01
1.463164806365966797e+01
1.439784812927246094e+01
1.436965012550354004e+01
1.455840873718261719e+01
1.480532693862915039e+01
1.433933162689208984e+01
1.427231287956237793e+01
1.438561034202575684e+01
1.438011717796325684e+01
1.442277431488037109e+01
1.446382594108581543e+01
1.485284495353698730e+01
