3.283740282058715820e+00
1.924114227294921875e+00
1.932424306869506836e+00
1.934464454650878906e+00
1.934687376022338867e+00
1.929812192916870117e+00
1.942066669464111328e+00
1.951006412506103516e+00
1.931696414947509766e+00
1.931639909744262695e+00
1.932066917419433594e+00
2.014549493789672852e+00
1.994903326034545898e+00
2.564560651779174805e+00
1.931251049041748047e+00
1.959398508071899414e+00
1.942157745361328125e+00
1.930301189422607422e+00
1.934754371643066406e+00
1.938047885894775391e+00
1.924802541732788086e+00
1.951220035552978516e+00
1.936473608016967773e+00
1.927032709121704102e+00
2.577382564544677734e+00
2.575879812240600586e+00
1.953550100326538086e+00
1.933239459991455078e+00
1.942099332809448242e+00
1.940427780151367188e+00
2.585564851760864258e+00
2.560296773910522461e+00
2.574481725692749023e+00
1.936137437820434570e+00
2.568001508712768555e+00
1.936368227005004883e+00
2.559719324111938477e+00
2.574376344680786133e+00
2.580830812454223633e+00
1.942758798599243164e+00
1.942811727523803711e+00
1.933265924453735352e+00
1.933355093002319336e+00
2.572751045227050781e+00
1.927516460418701172e+00
1.929660320281982422e+00
1.942452430725097656e+00
1.932790517807006836e+00
1.939512014389038086e+00
1.928062200546264648e+00
2.558458328247070312e+00
1.943949222564697266e+00
1.940752029418945312e+00
1.931952476501464844e+00
1.931162357330322266e+00
2.579423904418945312e+00
1.933188438415527344e+00
2.553945541381835938e+00
1.938057661056518555e+00
1.940503120422363281e+00
2.557126760482788086e+00
1.967831373214721680e+00
1.958317756652832031e+00
1.950540542602539062e+00
1.945099115371704102e+00
2.584994077682495117e+00
2.565518379211425781e+00
2.569442033767700195e+00
2.555034637451171875e+00
1.921342611312866211e+00
1.941715717315673828e+00
1.962987899780273438e+00
2.563465833663940430e+00
1.931025743484497070e+00
1.926801919937133789e+00
1.936786174774169922e+00
2.571096897125244141e+00
1.933526039123535156e+00
2.550088405609130859e+00
1.934386014938354492e+00
1.939889907836914062e+00
1.943754196166992188e+00
1.937106847763061523e+00
1.929364919662475586e+00
2.625659704208374023e+00
1.970210075378417969e+00
1.950089693069458008e+00
1.945588350296020508e+00
1.933688402175903320e+00
2.597116231918334961e+00
1.942618131637573242e+00
1.937492847442626953e+00
1.947365522384643555e+00
1.927065849304199219e+00
1.950915575027465820e+00
1.929621219635009766e+00
1.934179306030273438e+00
1.942540645599365234e+00
2.564620971679687500e+00
2.567572116851806641e+00
1.946155548095703125e+00
1.928394079208374023e+00
1.933040380477905273e+00
1.937337636947631836e+00
1.956555366516113281e+00
2.571691989898681641e+00
1.936488151550292969e+00
1.938880920410156250e+00
2.577251672744750977e+00
1.941905736923217773e+00
1.939861297607421875e+00
1.950969457626342773e+00
2.569098711013793945e+00
1.930844306945800781e+00
1.931157588958740234e+00
2.563606262207031250e+00
1.942470312118530273e+00
1.925641298294067383e+00
1.948229074478149414e+00
1.950927734375000000e+00
2.574507951736450195e+00
1.931130886077880859e+00
1.930621385574340820e+00
1.962108612060546875e+00
1.941282987594604492e+00
1.952053785324096680e+00
1.942509412765502930e+00
1.932324409484863281e+00
1.931921482086181641e+00
1.945402860641479492e+00
1.940063714981079102e+00
1.927610397338867188e+00
2.566868782043457031e+00
1.923925161361694336e+00
1.945601701736450195e+00
2.572552442550659180e+00
1.931350946426391602e+00
1.945374727249145508e+00
1.925043821334838867e+00
1.936939477920532227e+00
1.935147047042846680e+00
2.566956520080566406e+00
1.936406850814819336e+00
1.934412240982055664e+00
2.568180084228515625e+00
1.944509029388427734e+00
2.570293903350830078e+00
1.945245742797851562e+00
2.563952922821044922e+00
1.937499046325683594e+00
1.944896697998046875e+00
1.924503326416015625e+00
1.942110538482666016e+00
2.584142684936523438e+00
1.943870306015014648e+00
2.577152252197265625e+00
1.937034606933593750e+00
1.928876161575317383e+00
2.566358327865600586e+00
1.927155256271362305e+00
1.936028718948364258e+00
