2.825984650497436412e+00
1.976048816108703532e+00
1.855363918113708488e+00
1.755662246704101648e+00
1.672409059143066479e+00
1.584294360122680656e+00
1.505040016670227132e+00
1.468658271179199115e+00
1.386908653793335056e+00
1.355481327743530251e+00
1.297527649116516191e+00
1.241842456359863345e+00
1.207199323883056730e+00
1.143628971138000550e+00
1.136503739433288640e+00
1.104624618072509667e+00
1.056003030014038169e+00
1.007114331474304292e+00
1.005057479705810497e+00
9.736053090095520002e-01
9.506027032852172320e-01
9.377499094009399405e-01
9.230105320739746544e-01
9.072976630783080587e-01
8.817050132751464986e-01
8.810710106086730997e-01
8.555915776443481224e-01
8.319002138710022143e-01
8.180122171020507427e-01
8.055539803123473730e-01
7.988405949020386254e-01
7.674391808128356862e-01
7.530778420066833734e-01
7.492093378829955963e-01
7.106961817169189510e-01
7.190349403572082743e-01
6.915669975662231961e-01
6.815376771545410550e-01
6.837494032478332873e-01
6.512319378471373987e-01
6.382534913063049320e-01
6.159485704612731594e-01
6.476226777267456436e-01
5.980886691284179602e-01
6.100456074905395987e-01
5.840910214424133162e-01
5.829296123981475564e-01
5.798631473541260295e-01
5.719590949249268030e-01
5.593879286956786601e-01
5.619740570449829331e-01
5.605997189807891967e-01
5.496157342147827141e-01
5.519326135826110313e-01
5.137215285491942840e-01
5.416812243366241342e-01
5.293219939613342806e-01
5.194295621013641506e-01
5.062654285907745022e-01
4.968803578948974842e-01
5.080823390865325528e-01
4.955485055541992145e-01
4.955445814323425346e-01
4.850577548122406157e-01
4.679820036125182936e-01
4.651662586784363063e-01
4.762931699466705360e-01
4.890552855205536065e-01
4.659018359184264879e-01
4.717876999282836770e-01
4.600855014610290561e-01
4.579162930488586691e-01
4.600733787345886450e-01
4.361674849319457925e-01
4.640289414310455052e-01
4.389391185951233010e-01
4.311208838081360128e-01
4.296550522804260530e-01
4.271348345279693537e-01
4.398512388992309452e-01
4.226234910488128604e-01
3.995730661773681525e-01
4.308073985481262191e-01
4.202822054958343378e-01
4.268210574436187565e-01
4.297965876674652019e-01
4.165012113094329615e-01
3.992785835886001333e-01
3.990684322166442866e-01
4.163725209903716973e-01
3.964153861045837668e-01
3.947489425373077454e-01
4.022559970092773329e-01
3.981319015121460025e-01
3.878808964157104411e-01
4.029696484565734593e-01
3.971863281917571986e-01
3.852503585815429954e-01
3.981664115142822258e-01
3.726915508270263744e-01
2.427793014907836944e-01
2.012255698156356909e-01
1.900619543075561524e-01
1.837444261360168529e-01
1.712804252672195382e-01
1.643608135795593395e-01
1.624933467531204101e-01
1.663806499719619747e-01
1.556374987077712990e-01
1.517953901815414508e-01
1.506849879550933857e-01
1.383729977989196780e-01
1.292319841861724883e-01
1.323311253261566234e-01
1.308845994663238588e-01
1.288718208408355659e-01
1.262662508773803594e-01
1.219326649069786134e-01
1.173595154643058830e-01
1.244901410841941780e-01
1.165086132264137320e-01
1.089587538695335339e-01
1.113979044866561935e-01
1.075475645875930836e-01
1.053687035590410298e-01
1.129595435953140298e-01
9.937583580970764385e-02
9.856022211790084475e-02
9.963015984535217306e-02
9.251283544778823864e-02
8.541696915388106992e-02
8.874554134011268525e-02
8.702137224376201019e-02
9.047917228698730552e-02
8.742718039989470780e-02
8.802306511878967010e-02
8.004360726833344153e-02
8.236397703647613255e-02
8.357911700665951460e-02
8.433613083362578866e-02
8.642877872467040479e-02
8.106351731419562945e-02
7.938156259298324857e-02
7.492219943583011688e-02
7.679399430394172332e-02
6.900138650655746053e-02
6.968549891471863267e-02
7.794074097633361953e-02
6.770437350392341513e-02
7.523964405536651134e-02
5.884554929912090560e-02
5.099975792646407879e-02
4.980977197766304349e-02
5.023443469047546295e-02
4.490410024762153673e-02
4.797578510135411950e-02
4.749620806336402740e-02
4.777929862976074138e-02
4.323131997346878197e-02
4.625113718986511441e-02
4.940648606538772247e-02
