3.100200277862549036e+00
1.989235726699829065e+00
1.840345698204040481e+00
1.781633071441650396e+00
1.714285623855590801e+00
1.642112179222106949e+00
1.545383669052124098e+00
1.481524636688232421e+00
1.438427734642028888e+00
1.400816470603942765e+00
1.348719151573181119e+00
1.293086711120605470e+00
1.234885766944885166e+00
1.224748588523864701e+00
1.187568731231689378e+00
1.156694572448730529e+00
1.124000948867797778e+00
1.097707208557128888e+00
1.060064941921234238e+00
1.034178904914855979e+00
1.011148808364868090e+00
9.906016624832153505e-01
9.832483341217040929e-01
9.663103824996948088e-01
9.606239172935485682e-01
9.504881450843810642e-01
9.394049058723449308e-01
8.861225667572021347e-01
9.082882582092285384e-01
8.685246875762939744e-01
8.727902378463745503e-01
8.440471568298339999e-01
8.224284827041625778e-01
8.299218887710571035e-01
8.166045384788512829e-01
8.084319408035278709e-01
7.731575076675415437e-01
7.674843217468261258e-01
7.298438541603088359e-01
7.334021556091309124e-01
7.145935268783569772e-01
7.266981936073303450e-01
6.889891566467285511e-01
6.916409266662597588e-01
7.071794734382629288e-01
6.825576188278198453e-01
6.684659885025024950e-01
6.983105791378021454e-01
6.639611285114288552e-01
6.711533126258849569e-01
6.363225271415710038e-01
6.615326021003723467e-01
6.313064194488525738e-01
6.330303824996947881e-01
6.483673841857909848e-01
6.294601406478881334e-01
6.190930345916747513e-01
6.135749944496154962e-01
6.093037327957153693e-01
6.139053565216064934e-01
6.261487602615356529e-01
6.124475218772887919e-01
5.842534812068939098e-01
6.149829960441589582e-01
5.894762001037597843e-01
6.103385180282592248e-01
5.960838853073120447e-01
6.068513377189636016e-01
5.618991626548767160e-01
5.718578585052490615e-01
5.826392692565918185e-01
5.843275858974457115e-01
5.752906329154968690e-01
5.864182437515258473e-01
5.657160814476013266e-01
5.512238114738464700e-01
5.507660980224609037e-01
5.737351994895935059e-01
5.532295193386077559e-01
5.633280276966095013e-01
5.330857722282409394e-01
5.488018716239929651e-01
5.360376193237305076e-01
5.311125434112549115e-01
5.260350280380249322e-01
5.197950072479248229e-01
5.582258737468719367e-01
5.265732795333862848e-01
5.322547500610351756e-01
5.561233773231506472e-01
5.293778663063049006e-01
5.599953191566466870e-01
5.462521231460570892e-01
5.476288852119445272e-01
5.168326505661010595e-01
5.340023948097228912e-01
5.213609728813171085e-01
4.979969564247131442e-01
5.387477057647704903e-01
5.054698762607574558e-01
2.545453495025634671e-01
2.181528425693511908e-01
2.087571706008911065e-01
1.996710438251495245e-01
1.918286063432693422e-01
1.860240798902511594e-01
1.785374527120590082e-01
1.736816769409179617e-01
1.658364366054534966e-01
1.629865856552124015e-01
1.621662300777435284e-01
1.566933640956878759e-01
1.607153030300140506e-01
1.469719315171241769e-01
1.467840038573741956e-01
1.423169057559967032e-01
1.333175542831420979e-01
1.327332492637634254e-01
1.359204830646514872e-01
1.330622775650024403e-01
1.288714410066604532e-01
1.250155126428603991e-01
1.250690728664398121e-01
1.236361154818534785e-01
1.186890865373611409e-01
1.137401855349540747e-01
1.087287535667419425e-01
1.127595941877365116e-01
1.101941130799055091e-01
1.047810632467269937e-01
1.000127440404891960e-01
9.885165439605712867e-02
9.159570840835570826e-02
1.035755953121185319e-01
9.912387097358703325e-02
9.378898971557617092e-02
8.917630732536316329e-02
8.377975211143492973e-02
9.329108440160750748e-02
8.417947713375091567e-02
9.783351033210754832e-02
9.436772475242614922e-02
8.761341968297958749e-02
8.684674531698226285e-02
9.072940443634987251e-02
7.889757227182388200e-02
7.961255764245986355e-02
8.038491718292235799e-02
8.633328354597091803e-02
7.865976730585098886e-02
5.669621531724929747e-02
4.780705485880375194e-02
4.901506708264350559e-02
5.071143707573413928e-02
5.109706895589828657e-02
4.159900722980499482e-02
4.695003282248973869e-02
4.583176319599151921e-02
4.649854398369789032e-02
4.450951730251312410e-02
4.537697129726409734e-02
