2.683185578079223532e+00
1.984377499732971284e+00
1.844720524559021024e+00
1.779025784835815527e+00
1.699690290946960447e+00
1.612929798698425232e+00
1.563421077537536563e+00
1.503488663253784274e+00
1.450563604354858427e+00
1.399013263854980371e+00
1.346029540672302183e+00
1.282605035247802672e+00
1.256073714561462440e+00
1.209639658660888628e+00
1.183257754745483448e+00
1.118873643913268934e+00
1.119358567123413195e+00
1.072288477478027247e+00
1.071436022777557451e+00
1.042807376441955647e+00
1.032993728771209652e+00
1.007653764152526943e+00
9.935806805801391528e-01
9.763435851287841638e-01
9.523434820365905829e-01
9.510863788986205769e-01
9.367397839927673608e-01
9.108206280517577857e-01
9.029327839660644672e-01
8.960590798568726090e-01
8.594833028793334995e-01
8.520726770782470760e-01
8.170711835861206307e-01
8.309841483688354957e-01
8.020720351409912352e-01
7.968803066253662415e-01
7.891676734161376938e-01
7.693910778617858437e-01
7.394732360267639582e-01
7.343463345527648789e-01
7.276591421699524220e-01
7.275273768043517553e-01
7.274481577110289976e-01
6.922524645042419378e-01
6.945273796272277700e-01
6.951122650909423717e-01
6.764010980796814065e-01
6.622894100189209432e-01
6.779332178878784143e-01
6.511273081016540898e-01
6.649125184440612957e-01
6.483286469841003097e-01
6.328552422142028622e-01
6.276132715225219982e-01
6.156479636955261014e-01
6.077065161895751633e-01
6.120234381484985775e-01
6.311061221504211671e-01
6.232849743080138838e-01
6.228489727306365520e-01
5.856650328254700000e-01
5.966302009391785122e-01
6.050958191680908538e-01
6.030616685295104862e-01
5.889912353706360237e-01
5.750456092262268282e-01
5.846172844314575512e-01
5.835340438175201649e-01
5.679298290252685621e-01
5.728266607666016030e-01
5.637271567153930851e-01
5.630480637741088756e-01
5.700408275985717754e-01
5.602332181358337104e-01
5.717264006042480640e-01
5.514030579185486003e-01
5.566049240303039269e-01
5.525526317405701215e-01
5.385774386978149364e-01
5.428060776329040049e-01
5.483321909332274924e-01
5.415800259017944374e-01
5.503910219001769688e-01
5.542872605514526096e-01
5.213341189765929862e-01
5.280747140121460070e-01
5.365210173606872468e-01
5.252201316070557180e-01
5.447981745529174580e-01
5.133259425163269052e-01
5.184855396652221504e-01
5.039104458236693951e-01
4.969318274116515943e-01
5.312830741310119453e-01
5.240251650238036962e-01
5.437246347236632804e-01
5.029705564498900827e-01
5.259177516365051153e-01
4.946037345695495357e-01
5.026091692161560598e-01
2.491264721870422305e-01
2.196337102651595985e-01
1.928766704893112305e-01
1.926133465957641511e-01
1.961992280864715554e-01
1.826553864026069507e-01
1.781847690868377798e-01
1.639103586196899442e-01
1.694497100448608407e-01
1.588283186793327251e-01
1.569224610471725567e-01
1.457238676834106406e-01
1.444943120002746551e-01
1.449108811092376659e-01
1.393752660679817290e-01
1.406572016477584952e-01
1.384885133910179200e-01
1.293204457950591912e-01
1.261635367476940106e-01
1.159008399367332520e-01
1.285086855411529672e-01
1.192394825363159161e-01
1.177400129413604668e-01
1.121971617126464871e-01
1.178819675350189222e-01
1.090204567193985008e-01
1.146861310625076347e-01
1.146183219146728466e-01
1.005018067979812635e-01
1.061008857965469315e-01
9.838433413028717378e-02
1.025077756810188340e-01
1.003068238449096733e-01
1.057163461828231760e-01
8.782393929481506489e-02
9.401100141525269016e-02
9.598727140426635551e-02
9.742191476821900065e-02
8.803491865396499694e-02
8.871849322795867521e-02
7.413715439319611133e-02
8.684037533283234245e-02
9.006164507508278294e-02
8.258097570896148765e-02
8.503584996700286336e-02
7.876931809425354036e-02
7.930383565664290979e-02
7.880586383342742807e-02
8.067346918106078901e-02
7.548966935694217950e-02
4.956452489018440405e-02
4.637507668554782803e-02
5.759333091974258578e-02
4.780692687749862890e-02
4.692883768558502033e-02
4.917041656970978086e-02
4.326775993615388644e-02
4.369341069936752420e-02
4.245380396842956400e-02
4.187898387670516837e-02
4.283448741912841695e-02
