2.669052839279174805e+00
1.906349420547485352e+00
1.921432971954345703e+00
1.923359870910644531e+00
1.915939807891845703e+00
1.916440963745117188e+00
1.921621799468994141e+00
1.926836252212524414e+00
1.930907487869262695e+00
1.924748182296752930e+00
1.913967609405517578e+00
1.920751094818115234e+00
1.923904657363891602e+00
1.918178558349609375e+00
1.918327093124389648e+00
1.930913448333740234e+00
1.908956050872802734e+00
1.910082578659057617e+00
1.923868894577026367e+00
1.922102689743041992e+00
1.906555175781250000e+00
1.924015283584594727e+00
1.912854194641113281e+00
1.959731101989746094e+00
1.925114631652832031e+00
1.923936605453491211e+00
1.922888040542602539e+00
1.915933132171630859e+00
1.927460670471191406e+00
1.925792455673217773e+00
1.956275224685668945e+00
1.932030200958251953e+00
1.920772790908813477e+00
1.910966157913208008e+00
1.912527799606323242e+00
1.917882680892944336e+00
1.933082818984985352e+00
1.923968553543090820e+00
1.924534082412719727e+00
1.915533304214477539e+00
1.923711776733398438e+00
1.918362140655517578e+00
1.920854330062866211e+00
1.919224262237548828e+00
1.911197185516357422e+00
1.912759780883789062e+00
1.925303220748901367e+00
1.911779880523681641e+00
1.926000118255615234e+00
1.921227693557739258e+00
1.915504932403564453e+00
1.915782451629638672e+00
1.922594070434570312e+00
1.918053150177001953e+00
1.917294025421142578e+00
1.924486398696899414e+00
1.917786836624145508e+00
1.907799720764160156e+00
1.920624971389770508e+00
1.914895296096801758e+00
1.915253877639770508e+00
1.923340797424316406e+00
1.936472177505493164e+00
1.928915262222290039e+00
1.923300981521606445e+00
1.947623252868652344e+00
1.906404495239257812e+00
1.906755924224853516e+00
1.912901401519775391e+00
1.921069860458374023e+00
1.926287889480590820e+00
1.920892953872680664e+00
1.910007953643798828e+00
1.911391019821166992e+00
1.916010141372680664e+00
1.914963006973266602e+00
1.915173768997192383e+00
1.917397499084472656e+00
1.914216041564941406e+00
1.922097682952880859e+00
1.923474550247192383e+00
1.922706365585327148e+00
1.920630455017089844e+00
1.914884328842163086e+00
1.926139831542968750e+00
1.937319993972778320e+00
1.929114341735839844e+00
1.924010038375854492e+00
1.927860260009765625e+00
1.914017200469970703e+00
1.923074722290039062e+00
1.918140649795532227e+00
1.920437097549438477e+00
1.916203022003173828e+00
1.919503211975097656e+00
1.913283109664916992e+00
1.918806552886962891e+00
1.912014007568359375e+00
1.915474414825439453e+00
1.913546800613403320e+00
1.924195766448974609e+00
1.916250705718994141e+00
1.918877840042114258e+00
1.917837381362915039e+00
1.937508821487426758e+00
1.916155576705932617e+00
1.953594446182250977e+00
1.919556617736816406e+00
1.921999454498291016e+00
1.925196170806884766e+00
1.919933319091796875e+00
1.929675579071044922e+00
1.914897918701171875e+00
1.916067600250244141e+00
1.918177127838134766e+00
1.910864591598510742e+00
1.927442789077758789e+00
1.912644624710083008e+00
1.925307035446166992e+00
1.920089960098266602e+00
1.916466712951660156e+00
1.916790008544921875e+00
1.919459104537963867e+00
1.926465749740600586e+00
1.909531593322753906e+00
1.937787532806396484e+00
1.922629833221435547e+00
1.909403562545776367e+00
1.907714366912841797e+00
1.924370765686035156e+00
1.925698518753051758e+00
1.912232875823974609e+00
1.910350322723388672e+00
1.917929649353027344e+00
1.917269468307495117e+00
1.919949293136596680e+00
1.910033226013183594e+00
1.925726175308227539e+00
1.917436599731445312e+00
1.920714616775512695e+00
1.925342321395874023e+00
1.916950941085815430e+00
1.925862550735473633e+00
1.912815570831298828e+00
1.919226884841918945e+00
1.940417528152465820e+00
1.918063879013061523e+00
1.925726175308227539e+00
1.915379524230957031e+00
1.929793834686279297e+00
1.927430629730224609e+00
1.916617155075073242e+00
1.914626359939575195e+00
1.920477867126464844e+00
1.922408819198608398e+00
1.932564258575439453e+00
1.920696496963500977e+00
1.911098003387451172e+00
1.911567211151123047e+00
1.912537574768066406e+00
1.914877653121948242e+00
