3.984155654907226562e-01
3.899199962615966797e-01
3.966128826141357422e-01
3.902983665466308594e-01
3.937594890594482422e-01
3.911085128784179688e-01
3.915798664093017578e-01
3.906378746032714844e-01
4.003469944000244141e-01
3.942348957061767578e-01
3.845856189727783203e-01
5.144004821777343750e-01
4.177079200744628906e-01
3.863482475280761719e-01
3.880620002746582031e-01
4.029090404510498047e-01
3.926963806152343750e-01
3.927123546600341797e-01
3.967783451080322266e-01
3.925416469573974609e-01
3.950190544128417969e-01
3.939943313598632812e-01
3.899466991424560547e-01
3.906672000885009766e-01
3.902757167816162109e-01
3.925349712371826172e-01
3.943579196929931641e-01
3.897078037261962891e-01
3.982601165771484375e-01
3.918433189392089844e-01
3.921711444854736328e-01
3.910937309265136719e-01
3.909168243408203125e-01
3.950541019439697266e-01
3.923068046569824219e-01
3.921389579772949219e-01
3.907103538513183594e-01
3.972020149230957031e-01
3.974113464355468750e-01
3.881103992462158203e-01
3.945682048797607422e-01
3.941578865051269531e-01
3.907082080841064453e-01
3.877382278442382812e-01
4.019255638122558594e-01
3.894805908203125000e-01
3.894381523132324219e-01
3.878300189971923828e-01
3.972456455230712891e-01
3.883202075958251953e-01
3.896970748901367188e-01
4.003181457519531250e-01
3.894834518432617188e-01
3.875672817230224609e-01
3.905894756317138672e-01
4.003577232360839844e-01
3.885579109191894531e-01
3.938691616058349609e-01
4.019570350646972656e-01
3.873896598815917969e-01
3.927750587463378906e-01
3.930006027221679688e-01
4.008831977844238281e-01
3.885416984558105469e-01
3.930466175079345703e-01
3.979547023773193359e-01
3.905880451202392578e-01
3.959009647369384766e-01
3.930561542510986328e-01
3.950321674346923828e-01
3.955025672912597656e-01
3.916132450103759766e-01
3.923425674438476562e-01
3.912308216094970703e-01
3.952171802520751953e-01
3.915207386016845703e-01
3.925855159759521484e-01
3.962335586547851562e-01
3.945314884185791016e-01
3.890876770019531250e-01
3.976659774780273438e-01
3.911185264587402344e-01
3.827972412109375000e-01
3.979225158691406250e-01
3.951101303100585938e-01
3.885757923126220703e-01
3.910567760467529297e-01
3.930428028106689453e-01
3.934099674224853516e-01
3.920006752014160156e-01
3.921563625335693359e-01
4.012026786804199219e-01
3.866453170776367188e-01
3.935751914978027344e-01
3.927495479583740234e-01
3.936731815338134766e-01
3.902857303619384766e-01
3.902351856231689453e-01
3.975169658660888672e-01
3.910951614379882812e-01
3.945724964141845703e-01
3.901684284210205078e-01
3.891665935516357422e-01
3.943936824798583984e-01
3.936784267425537109e-01
3.911023139953613281e-01
3.905301094055175781e-01
3.942692279815673828e-01
3.898274898529052734e-01
3.939933776855468750e-01
3.975164890289306641e-01
3.966906070709228516e-01
3.900842666625976562e-01
3.923540115356445312e-01
3.964159488677978516e-01
3.878366947174072266e-01
3.933653831481933594e-01
3.988094329833984375e-01
3.945379257202148438e-01
3.875131607055664062e-01
3.899135589599609375e-01
3.971331119537353516e-01
3.917469978332519531e-01
3.891854286193847656e-01
3.973436355590820312e-01
3.884346485137939453e-01
3.845856189727783203e-01
4.009447097778320312e-01
3.979284763336181641e-01
3.883979320526123047e-01
3.929016590118408203e-01
3.968458175659179688e-01
3.882000446319580078e-01
3.902969360351562500e-01
3.966879844665527344e-01
3.932456970214843750e-01
3.872835636138916016e-01
3.939199447631835938e-01
4.002377986907958984e-01
3.955321311950683594e-01
3.898282051086425781e-01
3.942108154296875000e-01
3.922224044799804688e-01
3.854641914367675781e-01
3.907272815704345703e-01
3.967547416687011719e-01
3.878371715545654297e-01
3.917660713195800781e-01
3.991422653198242188e-01
3.931674957275390625e-01
3.931810855865478516e-01
3.967721462249755859e-01
3.912231922149658203e-01
3.933682441711425781e-01
3.893644809722900391e-01
3.890969753265380859e-01
3.929905891418457031e-01
3.924198150634765625e-01
3.925316333770751953e-01
3.954195976257324219e-01
3.898124694824218750e-01
