1.432005381584167480e+01
1.408952808380126953e+01
1.438043045997619629e+01
1.440803456306457520e+01
1.436320185661315918e+01
1.458127951622009277e+01
1.430137372016906738e+01
1.445692443847656250e+01
1.501535415649414062e+01
1.422207379341125488e+01
1.445541787147521973e+01
1.492448568344116211e+01
1.434256196022033691e+01
1.448354649543762207e+01
1.432344436645507812e+01
1.485652279853820801e+01
1.408975577354431152e+01
1.456875395774841309e+01
1.453925085067749023e+01
1.486509728431701660e+01
1.440877532958984375e+01
1.428417205810546875e+01
1.470798134803771973e+01
1.478517937660217285e+01
1.453501343727111816e+01
1.416206955909729004e+01
1.418420934677124023e+01
1.456084489822387695e+01
1.456981420516967773e+01
1.465919733047485352e+01
1.426619410514831543e+01
1.391010880470275879e+01
1.423668861389160156e+01
1.463727951049804688e+01
1.461290001869201660e+01
1.484588336944580078e+01
1.436304402351379395e+01
1.488145637512207031e+01
1.442186117172241211e+01
1.421627831459045410e+01
1.416948461532592773e+01
1.457531666755676270e+01
1.403770780563354492e+01
1.434117722511291504e+01
1.470059370994567871e+01
1.477617669105529785e+01
1.434066820144653320e+01
1.512496972084045410e+01
1.434616160392761230e+01
1.490037059783935547e+01
1.451529002189636230e+01
1.444871473312377930e+01
1.426276874542236328e+01
1.491614603996276855e+01
1.433597636222839355e+01
1.459343314170837402e+01
1.466282153129577637e+01
1.506361818313598633e+01
1.437432765960693359e+01
1.454767704010009766e+01
1.461520385742187500e+01
1.416276502609252930e+01
1.486868071556091309e+01
1.450694942474365234e+01
1.438093423843383789e+01
1.449969196319580078e+01
1.484290814399719238e+01
1.453387188911437988e+01
1.453146076202392578e+01
1.457693767547607422e+01
1.447939467430114746e+01
1.443246698379516602e+01
1.449194478988647461e+01
1.419898486137390137e+01
1.471922707557678223e+01
1.444413495063781738e+01
1.451369071006774902e+01
1.444190645217895508e+01
1.447570991516113281e+01
1.475944995880126953e+01
1.411448264122009277e+01
1.399764704704284668e+01
1.456371092796325684e+01
1.485712218284606934e+01
1.440170550346374512e+01
1.465342831611633301e+01
1.464956593513488770e+01
1.464601349830627441e+01
1.430940127372741699e+01
1.427523994445800781e+01
1.396667027473449707e+01
1.422540736198425293e+01
1.434251880645751953e+01
1.440957927703857422e+01
1.413787031173706055e+01
1.475258302688598633e+01
1.460462236404418945e+01
1.414885544776916504e+01
1.459932112693786621e+01
1.448428821563720703e+01
1.449582624435424805e+01
1.427285575866699219e+01
1.489179205894470215e+01
1.479770350456237793e+01
1.445005178451538086e+01
1.448086380958557129e+01
1.464573979377746582e+01
1.476989388465881348e+01
1.443391656875610352e+01
1.438013410568237305e+01
1.479623937606811523e+01
1.400580167770385742e+01
1.441156840324401855e+01
1.491693043708801270e+01
1.458207821846008301e+01
1.432012987136840820e+01
1.427625155448913574e+01
1.454239535331726074e+01
1.505660295486450195e+01
1.455517935752868652e+01
1.462969565391540527e+01
1.429488730430603027e+01
1.440525579452514648e+01
1.413762974739074707e+01
1.451042604446411133e+01
1.403158426284790039e+01
1.457883453369140625e+01
1.508717799186706543e+01
1.495123839378356934e+01
1.461463499069213867e+01
1.480266189575195312e+01
1.430787944793701172e+01
1.464686894416809082e+01
1.452248454093933105e+01
1.448043584823608398e+01
1.462206029891967773e+01
1.400190401077270508e+01
1.444081616401672363e+01
1.459303498268127441e+01
1.433364200592041016e+01
1.447855377197265625e+01
1.450158548355102539e+01
1.434824395179748535e+01
1.464449477195739746e+01
1.438055467605590820e+01
1.455944538116455078e+01
1.434596443176269531e+01
1.400096607208251953e+01
1.516869521141052246e+01
1.472364830970764160e+01
1.433886289596557617e+01
1.455879926681518555e+01
1.428321862220764160e+01
1.463298082351684570e+01
1.456799697875976562e+01
1.407044053077697754e+01
1.461787152290344238e+01
1.505796813964843750e+01
1.422364020347595215e+01
1.446119189262390137e+01
1.440551161766052246e+01
