3.981888294219970703e-01
3.895056247711181641e-01
3.963885307312011719e-01
3.900334835052490234e-01
3.934874534606933594e-01
3.906669616699218750e-01
3.912250995635986328e-01
3.907713890075683594e-01
4.002070426940917969e-01
3.945620059967041016e-01
3.837957382202148438e-01
5.414009094238281250e-01
4.331860542297363281e-01
3.860971927642822266e-01
3.875246047973632812e-01
4.030003547668457031e-01
3.921568393707275391e-01
3.925974369049072266e-01
3.967137336730957031e-01
3.926262855529785156e-01
3.952317237854003906e-01
3.940083980560302734e-01
3.892729282379150391e-01
3.909401893615722656e-01
3.902194499969482422e-01
3.929848670959472656e-01
3.941550254821777344e-01
3.897855281829833984e-01
3.989050388336181641e-01
3.924160003662109375e-01
3.926169872283935547e-01
3.911166191101074219e-01
3.907604217529296875e-01
3.944451808929443359e-01
3.920958042144775391e-01
3.920464515686035156e-01
3.902420997619628906e-01
3.970296382904052734e-01
3.977720737457275391e-01
3.878509998321533203e-01
3.941502571105957031e-01
3.936486244201660156e-01
3.905313014984130859e-01
3.872883319854736328e-01
4.017539024353027344e-01
3.889067173004150391e-01
3.894183635711669922e-01
3.870882987976074219e-01
3.972835540771484375e-01
3.879132270812988281e-01
3.893918991088867188e-01
3.996438980102539062e-01
3.890626430511474609e-01
3.869612216949462891e-01
3.897988796234130859e-01
4.002053737640380859e-01
3.884556293487548828e-01
3.934273719787597656e-01
4.019396305084228516e-01
3.867552280426025391e-01
3.921735286712646484e-01
3.934855461120605469e-01
4.009745121002197266e-01
3.884856700897216797e-01
3.930766582489013672e-01
3.976895809173583984e-01
3.903596401214599609e-01
3.964657783508300781e-01
3.926949501037597656e-01
3.952798843383789062e-01
3.960392475128173828e-01
3.915922641754150391e-01
3.923153877258300781e-01
3.909513950347900391e-01
3.952717781066894531e-01
3.910095691680908203e-01
3.926064968109130859e-01
3.965075016021728516e-01
3.942394256591796875e-01
3.893561363220214844e-01
3.978352546691894531e-01
3.912012577056884766e-01
3.829755783081054688e-01
3.983037471771240234e-01
3.954925537109375000e-01
3.891725540161132812e-01
3.910720348358154297e-01
3.935718536376953125e-01
3.937098979949951172e-01
3.917779922485351562e-01
3.924114704132080078e-01
4.012920856475830078e-01
3.866095542907714844e-01
3.935201168060302734e-01
3.924946784973144531e-01
3.938596248626708984e-01
3.902637958526611328e-01
3.902485370635986328e-01
3.976972103118896484e-01
3.911519050598144531e-01
3.949873447418212891e-01
3.905670642852783203e-01
3.891193866729736328e-01
3.946545124053955078e-01
3.943207263946533203e-01
3.911075592041015625e-01
3.905460834503173828e-01
3.945469856262207031e-01
3.897929191589355469e-01
3.940553665161132812e-01
3.978624343872070312e-01
3.970370292663574219e-01
3.897435665130615234e-01
3.923223018646240234e-01
3.963990211486816406e-01
3.877644538879394531e-01
3.937499523162841797e-01
3.988878726959228516e-01
3.946168422698974609e-01
3.876647949218750000e-01
3.894727230072021484e-01
3.972058296203613281e-01
3.912055492401123047e-01
3.885099887847900391e-01
3.968324661254882812e-01
3.882381916046142578e-01
3.844387531280517578e-01
4.006860256195068359e-01
3.979401588439941406e-01
3.886435031890869141e-01
3.932843208312988281e-01
3.970968723297119141e-01
3.880681991577148438e-01
3.902728557586669922e-01
3.968207836151123047e-01
3.932452201843261719e-01
3.869302272796630859e-01
3.945589065551757812e-01
4.005770683288574219e-01
3.959803581237792969e-01
3.901140689849853516e-01
3.941421508789062500e-01
3.924694061279296875e-01
3.855779170989990234e-01
3.905472755432128906e-01
3.967306613922119141e-01
3.880162239074707031e-01
3.920891284942626953e-01
3.988716602325439453e-01
3.936891555786132812e-01
3.936581611633300781e-01
3.970777988433837891e-01
3.914813995361328125e-01
3.935852050781250000e-01
3.892734050750732422e-01
3.895447254180908203e-01
3.929076194763183594e-01
3.926038742065429688e-01
3.926615715026855469e-01
3.956108093261718750e-01
3.898582458496093750e-01
